2025-08-28 16:35:41 | INFO     | src.utils.logging:setup_logging:39 - Logging configured (verbose=False, debug=False)
2025-08-28 16:35:41 | INFO     | __main__:main:75 - Loading configuration...
2025-08-28 16:35:41 | INFO     | src.config.loader:load_config:42 - Loaded configuration from USER-FILES/01.CONFIG/config.yaml
2025-08-28 16:35:41 | INFO     | __main__:main:80 - Authenticating...
2025-08-28 16:35:41 | DEBUG    | src.auth.env:get_fal_api_key_from_env:19 - Loaded environment from /Users/ruben/08_-_DEVELOPMENT/ISOF_IMAGE_WORKFLOW/00.fal-text->image-tool/.env
2025-08-28 16:35:41 | INFO     | src.auth.env:get_fal_api_key_from_env:25 - Successfully retrieved FAL API key from environment
2025-08-28 16:35:41 | INFO     | __main__:main:84 - Discovering inputs...
2025-08-28 16:35:41 | DEBUG    | src.processing.discovery:discover_prompt_files:40 - Found prompt file: 1/1.6.0/1.6.1/1.6.1.txt
2025-08-28 16:35:41 | DEBUG    | src.processing.discovery:discover_prompt_files:40 - Found prompt file: 1/1.8.0/1.8.1/1.8.1.txt
2025-08-28 16:35:41 | DEBUG    | src.processing.discovery:discover_prompt_files:40 - Found prompt file: 1/1.2.0/1.2.1/1.2.1.txt
2025-08-28 16:35:41 | DEBUG    | src.processing.discovery:discover_prompt_files:40 - Found prompt file: 1/1.10.0/1.10.1/1.10.1.txt
2025-08-28 16:35:41 | DEBUG    | src.processing.discovery:discover_prompt_files:40 - Found prompt file: 1/1.5.0/1.5.1/1.5.1.txt
2025-08-28 16:35:41 | DEBUG    | src.processing.discovery:discover_prompt_files:40 - Found prompt file: 1/1.1.0/1.1.1/1.1.1.txt
2025-08-28 16:35:41 | DEBUG    | src.processing.discovery:discover_prompt_files:40 - Found prompt file: 1/1.13.0/1.13.1/1.13.1.txt
2025-08-28 16:35:41 | DEBUG    | src.processing.discovery:discover_prompt_files:40 - Found prompt file: 1/1.4.0/1.4.1/1.4.1.txt
2025-08-28 16:35:41 | DEBUG    | src.processing.discovery:discover_prompt_files:40 - Found prompt file: 1/1.12.0/1.12.1/1.12.1.txt
2025-08-28 16:35:41 | DEBUG    | src.processing.discovery:discover_prompt_files:40 - Found prompt file: 1/1.7.0/1.7.1/1.7.1.txt
2025-08-28 16:35:41 | DEBUG    | src.processing.discovery:discover_prompt_files:40 - Found prompt file: 1/1.3.0/1.3.1/1.3.1.txt
2025-08-28 16:35:41 | DEBUG    | src.processing.discovery:discover_prompt_files:40 - Found prompt file: 1/1.9.0/1.9.1/1.9.1.txt
2025-08-28 16:35:41 | DEBUG    | src.processing.discovery:discover_prompt_files:40 - Found prompt file: 1/1.11.0/1.11.1/1.11.1.txt
2025-08-28 16:35:41 | INFO     | src.processing.discovery:discover_prompt_files:45 - Discovered 13 prompt files
2025-08-28 16:35:41 | DEBUG    | src.processing.discovery:discover_profiles:93 - Loaded profile: USER-FILES/03.PROFILES/Playground.yaml
2025-08-28 16:35:41 | INFO     | src.processing.discovery:discover_profiles:97 - Loaded 1 profiles
2025-08-28 16:35:41 | INFO     | src.processing.discovery:get_active_models:130 - Found profile: Playground
2025-08-28 16:35:41 | INFO     | src.processing.discovery:get_active_models:135 - Total profiles to process: 1
2025-08-28 16:35:41 | INFO     | src.config.validator:validate_all:26 - All configuration validation passed
2025-08-28 16:35:41 | INFO     | __main__:main:104 - Output directory: USER-FILES/05.OUTPUT/250828_163541
2025-08-28 16:35:41 | INFO     | __main__:main:166 - Starting matrix processing...
2025-08-28 16:35:41 | INFO     | src.processing.processor:process_all:68 - Processing 13 combinations (13 files × 1 profiles)
2025-08-28 16:35:41 | INFO     | src.processing.discovery:load_prompts:63 - Loaded prompt from 1.1.1.txt
2025-08-28 16:35:41 | INFO     | src.processing.processor:process_all:103 - Processing combination 1/13: 1/1.1.0/1.1.1/1.1.1.txt + Playground
2025-08-28 16:35:41 | DEBUG    | src.processing.processor:_process_file_model_combination:183 - Processing 1/1.1.0/1.1.1/1.1.1.txt: A realistic, stock-image-style scene in a modern, ...
2025-08-28 16:35:41 | DEBUG    | src.api.client:_call_with_retry:114 - API call attempt 1/3
2025-08-28 16:36:52 | DEBUG    | src.api.client:_call_with_retry:127 - API call successful
2025-08-28 16:36:55 | INFO     | src.output.writer:save_image:119 - Saved valid image: USER-FILES/05.OUTPUT/250828_163541/Playground/1/1.1.0/1.1.1/1.1.1_163652_Playground_1024x1536xauto.webp
2025-08-28 16:36:55 | DEBUG    | src.output.writer:save_image:135 - Saved API payload: USER-FILES/05.OUTPUT/250828_163541/Playground/1/1.1.0/1.1.1/1.1.1_163652_Playground_1024x1536xauto.json
2025-08-28 16:36:55 | INFO     | src.processing.processor:_process_file_model_combination:230 - Saved image: 1.1.1_163652_Playground_1024x1536xauto.webp
2025-08-28 16:36:55 | INFO     | src.processing.discovery:load_prompts:63 - Loaded prompt from 1.2.1.txt
2025-08-28 16:36:55 | INFO     | src.processing.processor:process_all:103 - Processing combination 2/13: 1/1.2.0/1.2.1/1.2.1.txt + Playground
2025-08-28 16:36:55 | DEBUG    | src.processing.processor:_process_file_model_combination:183 - Processing 1/1.2.0/1.2.1/1.2.1.txt: A realistic business meeting room with three Asian...
2025-08-28 16:36:55 | DEBUG    | src.api.client:_call_with_retry:114 - API call attempt 1/3
