2025-08-28 17:41:35 | INFO     | src.utils.logging:setup_logging:39 - Logging configured (verbose=False, debug=False)
2025-08-28 17:41:35 | INFO     | __main__:main:75 - Loading configuration...
2025-08-28 17:41:35 | INFO     | src.config.loader:load_config:42 - Loaded configuration from USER-FILES/01.CONFIG/config.yaml
2025-08-28 17:41:35 | INFO     | __main__:main:80 - Authenticating...
2025-08-28 17:41:35 | DEBUG    | src.auth.env:get_fal_api_key_from_env:19 - Loaded environment from /Users/ruben/08_-_DEVELOPMENT/ISOF_IMAGE_WORKFLOW/00.fal-text->image-tool/.env
2025-08-28 17:41:35 | INFO     | src.auth.env:get_fal_api_key_from_env:25 - Successfully retrieved FAL API key from environment
2025-08-28 17:41:35 | INFO     | __main__:main:84 - Discovering inputs...
2025-08-28 17:41:35 | DEBUG    | src.processing.discovery:discover_prompt_files:40 - Found prompt file: 1/1.6.0/1.6.1/1.6.1.txt
2025-08-28 17:41:35 | DEBUG    | src.processing.discovery:discover_prompt_files:40 - Found prompt file: 1/1.8.0/1.8.1/1.8.1.txt
2025-08-28 17:41:35 | DEBUG    | src.processing.discovery:discover_prompt_files:40 - Found prompt file: 1/1.2.0/1.2.1/1.2.1.txt
2025-08-28 17:41:35 | DEBUG    | src.processing.discovery:discover_prompt_files:40 - Found prompt file: 1/1.10.0/1.10.1/1.10.1.txt
2025-08-28 17:41:35 | DEBUG    | src.processing.discovery:discover_prompt_files:40 - Found prompt file: 1/1.5.0/1.5.1/1.5.1.txt
2025-08-28 17:41:35 | DEBUG    | src.processing.discovery:discover_prompt_files:40 - Found prompt file: 1/1.1.0/1.1.1/1.1.1.txt
2025-08-28 17:41:35 | DEBUG    | src.processing.discovery:discover_prompt_files:40 - Found prompt file: 1/1.13.0/1.13.1/1.13.1.txt
2025-08-28 17:41:35 | DEBUG    | src.processing.discovery:discover_prompt_files:40 - Found prompt file: 1/1.4.0/1.4.1/1.4.1.txt
2025-08-28 17:41:35 | DEBUG    | src.processing.discovery:discover_prompt_files:40 - Found prompt file: 1/1.12.0/1.12.1/1.12.1.txt
2025-08-28 17:41:35 | DEBUG    | src.processing.discovery:discover_prompt_files:40 - Found prompt file: 1/1.7.0/1.7.1/1.7.1.txt
2025-08-28 17:41:35 | DEBUG    | src.processing.discovery:discover_prompt_files:40 - Found prompt file: 1/1.3.0/1.3.1/1.3.1.txt
2025-08-28 17:41:35 | DEBUG    | src.processing.discovery:discover_prompt_files:40 - Found prompt file: 1/1.9.0/1.9.1/1.9.1.txt
2025-08-28 17:41:35 | DEBUG    | src.processing.discovery:discover_prompt_files:40 - Found prompt file: 1/1.11.0/1.11.1/1.11.1.txt
2025-08-28 17:41:35 | INFO     | src.processing.discovery:discover_prompt_files:45 - Discovered 13 prompt files
2025-08-28 17:41:35 | DEBUG    | src.processing.discovery:discover_profiles:93 - Loaded profile: USER-FILES/03.PROFILES/Playground.yaml
2025-08-28 17:41:35 | INFO     | src.processing.discovery:discover_profiles:97 - Loaded 1 profiles
2025-08-28 17:41:35 | INFO     | src.processing.discovery:get_active_models:131 - Found profile: Playground
2025-08-28 17:41:35 | INFO     | src.processing.discovery:get_active_models:136 - Total profiles to process: 1
2025-08-28 17:41:35 | INFO     | src.config.validator:validate_all:26 - All configuration validation passed
2025-08-28 17:41:35 | INFO     | __main__:main:104 - Output directory: USER-FILES/05.OUTPUT/250828_174135
2025-08-28 17:41:35 | INFO     | __main__:main:166 - Starting matrix processing...
2025-08-28 17:41:35 | INFO     | src.processing.processor:process_all:69 - Processing 13 combinations (13 files × 1 profiles)
2025-08-28 17:41:35 | INFO     | src.processing.discovery:load_prompts:63 - Loaded prompt from 1.1.1.txt
2025-08-28 17:41:35 | INFO     | src.processing.processor:process_all:105 - Processing combination 1/13: 1/1.1.0/1.1.1/1.1.1.txt + Playground
2025-08-28 17:41:35 | DEBUG    | src.processing.processor:_process_file_model_combination:187 - Processing 1/1.1.0/1.1.1/1.1.1.txt: A realistic, stock-image-style scene in a modern, ...
2025-08-28 17:41:35 | INFO     | src.processing.processor:_process_file_model_combination:190 - [DRY RUN] Would generate image for 1/1.1.0/1.1.1/1.1.1.txt
2025-08-28 17:41:35 | INFO     | src.processing.discovery:load_prompts:63 - Loaded prompt from 1.2.1.txt
2025-08-28 17:41:35 | INFO     | src.processing.processor:process_all:105 - Processing combination 2/13: 1/1.2.0/1.2.1/1.2.1.txt + Playground
2025-08-28 17:41:35 | DEBUG    | src.processing.processor:_process_file_model_combination:187 - Processing 1/1.2.0/1.2.1/1.2.1.txt: A realistic business meeting room with three Asian...
2025-08-28 17:41:35 | INFO     | src.processing.processor:_process_file_model_combination:190 - [DRY RUN] Would generate image for 1/1.2.0/1.2.1/1.2.1.txt
2025-08-28 17:41:35 | INFO     | src.processing.discovery:load_prompts:63 - Loaded prompt from 1.3.1.txt
2025-08-28 17:41:35 | INFO     | src.processing.processor:process_all:105 - Processing combination 3/13: 1/1.3.0/1.3.1/1.3.1.txt + Playground
2025-08-28 17:41:35 | DEBUG    | src.processing.processor:_process_file_model_combination:187 - Processing 1/1.3.0/1.3.1/1.3.1.txt: A modern office with large windows and two Asian p...
2025-08-28 17:41:35 | INFO     | src.processing.processor:_process_file_model_combination:190 - [DRY RUN] Would generate image for 1/1.3.0/1.3.1/1.3.1.txt
2025-08-28 17:41:35 | INFO     | src.processing.discovery:load_prompts:63 - Loaded prompt from 1.4.1.txt
2025-08-28 17:41:35 | INFO     | src.processing.processor:process_all:105 - Processing combination 4/13: 1/1.4.0/1.4.1/1.4.1.txt + Playground
2025-08-28 17:41:35 | DEBUG    | src.processing.processor:_process_file_model_combination:187 - Processing 1/1.4.0/1.4.1/1.4.1.txt: A realistic minimal Japanese office scene with one...
2025-08-28 17:41:35 | INFO     | src.processing.processor:_process_file_model_combination:190 - [DRY RUN] Would generate image for 1/1.4.0/1.4.1/1.4.1.txt
2025-08-28 17:41:35 | INFO     | src.processing.discovery:load_prompts:63 - Loaded prompt from 1.5.1.txt
2025-08-28 17:41:35 | INFO     | src.processing.processor:process_all:105 - Processing combination 5/13: 1/1.5.0/1.5.1/1.5.1.txt + Playground
2025-08-28 17:41:35 | DEBUG    | src.processing.processor:_process_file_model_combination:187 - Processing 1/1.5.0/1.5.1/1.5.1.txt: Two Asian colleagues (one male, one female, ages 3...
2025-08-28 17:41:35 | INFO     | src.processing.processor:_process_file_model_combination:190 - [DRY RUN] Would generate image for 1/1.5.0/1.5.1/1.5.1.txt
2025-08-28 17:41:35 | INFO     | src.processing.discovery:load_prompts:63 - Loaded prompt from 1.6.1.txt
2025-08-28 17:41:35 | INFO     | src.processing.processor:process_all:105 - Processing combination 6/13: 1/1.6.0/1.6.1/1.6.1.txt + Playground
2025-08-28 17:41:35 | DEBUG    | src.processing.processor:_process_file_model_combination:187 - Processing 1/1.6.0/1.6.1/1.6.1.txt: A realistic meeting room with three Asian professi...
2025-08-28 17:41:35 | INFO     | src.processing.processor:_process_file_model_combination:190 - [DRY RUN] Would generate image for 1/1.6.0/1.6.1/1.6.1.txt
2025-08-28 17:41:35 | INFO     | src.processing.discovery:load_prompts:63 - Loaded prompt from 1.7.1.txt
2025-08-28 17:41:35 | INFO     | src.processing.processor:process_all:105 - Processing combination 7/13: 1/1.7.0/1.7.1/1.7.1.txt + Playground
2025-08-28 17:41:35 | DEBUG    | src.processing.processor:_process_file_model_combination:187 - Processing 1/1.7.0/1.7.1/1.7.1.txt: An Asian data analyst (female, late 20s) in a clea...
2025-08-28 17:41:35 | INFO     | src.processing.processor:_process_file_model_combination:190 - [DRY RUN] Would generate image for 1/1.7.0/1.7.1/1.7.1.txt
2025-08-28 17:41:35 | INFO     | src.processing.discovery:load_prompts:63 - Loaded prompt from 1.8.1.txt
2025-08-28 17:41:35 | INFO     | src.processing.processor:process_all:105 - Processing combination 8/13: 1/1.8.0/1.8.1/1.8.1.txt + Playground
2025-08-28 17:41:35 | DEBUG    | src.processing.processor:_process_file_model_combination:187 - Processing 1/1.8.0/1.8.1/1.8.1.txt: A close-up of one Asian professional (male, 30s) a...
2025-08-28 17:41:35 | INFO     | src.processing.processor:_process_file_model_combination:190 - [DRY RUN] Would generate image for 1/1.8.0/1.8.1/1.8.1.txt
2025-08-28 17:41:35 | INFO     | src.processing.discovery:load_prompts:63 - Loaded prompt from 1.9.1.txt
2025-08-28 17:41:35 | INFO     | src.processing.processor:process_all:105 - Processing combination 9/13: 1/1.9.0/1.9.1/1.9.1.txt + Playground
2025-08-28 17:41:35 | DEBUG    | src.processing.processor:_process_file_model_combination:187 - Processing 1/1.9.0/1.9.1/1.9.1.txt: A clean, modern office setting with two Asian coll...
2025-08-28 17:41:35 | INFO     | src.processing.processor:_process_file_model_combination:190 - [DRY RUN] Would generate image for 1/1.9.0/1.9.1/1.9.1.txt
2025-08-28 17:41:35 | INFO     | src.processing.discovery:load_prompts:63 - Loaded prompt from 1.10.1.txt
2025-08-28 17:41:35 | INFO     | src.processing.processor:process_all:105 - Processing combination 10/13: 1/1.10.0/1.10.1/1.10.1.txt + Playground
2025-08-28 17:41:35 | DEBUG    | src.processing.processor:_process_file_model_combination:187 - Processing 1/1.10.0/1.10.1/1.10.1.txt: A science-focused scene in a clean, professional R...
2025-08-28 17:41:35 | INFO     | src.processing.processor:_process_file_model_combination:190 - [DRY RUN] Would generate image for 1/1.10.0/1.10.1/1.10.1.txt
2025-08-28 17:41:35 | INFO     | src.processing.discovery:load_prompts:63 - Loaded prompt from 1.11.1.txt
2025-08-28 17:41:35 | INFO     | src.processing.processor:process_all:105 - Processing combination 11/13: 1/1.11.0/1.11.1/1.11.1.txt + Playground
2025-08-28 17:41:35 | DEBUG    | src.processing.processor:_process_file_model_combination:187 - Processing 1/1.11.0/1.11.1/1.11.1.txt: A collaborative office scene with three Asian team...
2025-08-28 17:41:35 | INFO     | src.processing.processor:_process_file_model_combination:190 - [DRY RUN] Would generate image for 1/1.11.0/1.11.1/1.11.1.txt
2025-08-28 17:41:35 | INFO     | src.processing.discovery:load_prompts:63 - Loaded prompt from 1.12.1.txt
2025-08-28 17:41:35 | INFO     | src.processing.processor:process_all:105 - Processing combination 12/13: 1/1.12.0/1.12.1/1.12.1.txt + Playground
2025-08-28 17:41:35 | DEBUG    | src.processing.processor:_process_file_model_combination:187 - Processing 1/1.12.0/1.12.1/1.12.1.txt: A close-up, overhead shot of two Asian professiona...
2025-08-28 17:41:35 | INFO     | src.processing.processor:_process_file_model_combination:190 - [DRY RUN] Would generate image for 1/1.12.0/1.12.1/1.12.1.txt
2025-08-28 17:41:35 | INFO     | src.processing.discovery:load_prompts:63 - Loaded prompt from 1.13.1.txt
2025-08-28 17:41:35 | INFO     | src.processing.processor:process_all:105 - Processing combination 13/13: 1/1.13.0/1.13.1/1.13.1.txt + Playground
2025-08-28 17:41:35 | DEBUG    | src.processing.processor:_process_file_model_combination:187 - Processing 1/1.13.0/1.13.1/1.13.1.txt: A candid, celebratory moment among three Asian pro...
2025-08-28 17:41:35 | INFO     | src.processing.processor:_process_file_model_combination:190 - [DRY RUN] Would generate image for 1/1.13.0/1.13.1/1.13.1.txt
2025-08-28 17:41:35 | INFO     | src.processing.discovery:load_prompts:63 - Loaded prompt from 1.1.1.txt
2025-08-28 17:41:35 | INFO     | src.processing.discovery:load_prompts:63 - Loaded prompt from 1.2.1.txt
2025-08-28 17:41:35 | INFO     | src.processing.discovery:load_prompts:63 - Loaded prompt from 1.3.1.txt
2025-08-28 17:41:35 | INFO     | src.processing.discovery:load_prompts:63 - Loaded prompt from 1.4.1.txt
2025-08-28 17:41:35 | INFO     | src.processing.discovery:load_prompts:63 - Loaded prompt from 1.5.1.txt
2025-08-28 17:41:35 | INFO     | src.processing.discovery:load_prompts:63 - Loaded prompt from 1.6.1.txt
2025-08-28 17:41:35 | INFO     | src.processing.discovery:load_prompts:63 - Loaded prompt from 1.7.1.txt
2025-08-28 17:41:35 | INFO     | src.processing.discovery:load_prompts:63 - Loaded prompt from 1.8.1.txt
2025-08-28 17:41:35 | INFO     | src.processing.discovery:load_prompts:63 - Loaded prompt from 1.9.1.txt
2025-08-28 17:41:35 | INFO     | src.processing.discovery:load_prompts:63 - Loaded prompt from 1.10.1.txt
2025-08-28 17:41:35 | INFO     | src.processing.discovery:load_prompts:63 - Loaded prompt from 1.11.1.txt
2025-08-28 17:41:35 | INFO     | src.processing.discovery:load_prompts:63 - Loaded prompt from 1.12.1.txt
2025-08-28 17:41:35 | INFO     | src.processing.discovery:load_prompts:63 - Loaded prompt from 1.13.1.txt
2025-08-28 17:41:35 | INFO     | src.output.writer:write_report:152 - Wrote report: USER-FILES/05.OUTPUT/250828_174135/SUCCESS.md
2025-08-28 17:41:35 | INFO     | src.output.reporter:save_reports:236 - Reports generated successfully
2025-08-28 17:41:35 | SUCCESS  | __main__:main:201 - ✅ Completed successfully! Generated 0 images
