2025-08-28 18:51:44 | INFO     | src.utils.logging:setup_logging:39 - Logging configured (verbose=False, debug=False)
2025-08-28 18:51:44 | INFO     | __main__:main:75 - Loading configuration...
2025-08-28 18:51:44 | INFO     | src.config.loader:load_config:42 - Loaded configuration from USER-FILES/01.CONFIG/config.yaml
2025-08-28 18:51:44 | INFO     | __main__:main:80 - Authenticating...
2025-08-28 18:51:44 | DEBUG    | src.auth.env:get_fal_api_key_from_env:19 - Loaded environment from /Users/ruben/08_-_DEVELOPMENT/ISOF_IMAGE_WORKFLOW/00.fal-text->image-tool/.env
2025-08-28 18:51:44 | INFO     | src.auth.env:get_fal_api_key_from_env:25 - Successfully retrieved FAL API key from environment
2025-08-28 18:51:44 | INFO     | __main__:main:84 - Discovering inputs...
2025-08-28 18:51:44 | DEBUG    | src.processing.discovery:discover_prompt_files:40 - Found prompt file: 250824_opus-4-1_censored_light/prompt166.txt
2025-08-28 18:51:44 | DEBUG    | src.processing.discovery:discover_prompt_files:40 - Found prompt file: 250824_opus-4-1_censored_light/prompt172.txt
2025-08-28 18:51:44 | DEBUG    | src.processing.discovery:discover_prompt_files:40 - Found prompt file: 250824_opus-4-1_censored_light/prompt173.txt
2025-08-28 18:51:44 | DEBUG    | src.processing.discovery:discover_prompt_files:40 - Found prompt file: 250824_opus-4-1_censored_light/prompt167.txt
2025-08-28 18:51:44 | DEBUG    | src.processing.discovery:discover_prompt_files:40 - Found prompt file: 250824_opus-4-1_censored_light/prompt159.txt
2025-08-28 18:51:44 | DEBUG    | src.processing.discovery:discover_prompt_files:40 - Found prompt file: 250824_opus-4-1_censored_light/prompt171.txt
2025-08-28 18:51:44 | DEBUG    | src.processing.discovery:discover_prompt_files:40 - Found prompt file: 250824_opus-4-1_censored_light/prompt165.txt
2025-08-28 18:51:44 | DEBUG    | src.processing.discovery:discover_prompt_files:40 - Found prompt file: 250824_opus-4-1_censored_light/prompt164.txt
2025-08-28 18:51:44 | DEBUG    | src.processing.discovery:discover_prompt_files:40 - Found prompt file: 250824_opus-4-1_censored_light/prompt170.txt
2025-08-28 18:51:44 | DEBUG    | src.processing.discovery:discover_prompt_files:40 - Found prompt file: 250824_opus-4-1_censored_light/prompt158.txt
2025-08-28 18:51:44 | DEBUG    | src.processing.discovery:discover_prompt_files:40 - Found prompt file: 250824_opus-4-1_censored_light/prompt174.txt
2025-08-28 18:51:44 | DEBUG    | src.processing.discovery:discover_prompt_files:40 - Found prompt file: 250824_opus-4-1_censored_light/prompt160.txt
2025-08-28 18:51:44 | DEBUG    | src.processing.discovery:discover_prompt_files:40 - Found prompt file: 250824_opus-4-1_censored_light/prompt148.txt
2025-08-28 18:51:44 | DEBUG    | src.processing.discovery:discover_prompt_files:40 - Found prompt file: 250824_opus-4-1_censored_light/prompt149.txt
2025-08-28 18:51:44 | DEBUG    | src.processing.discovery:discover_prompt_files:40 - Found prompt file: 250824_opus-4-1_censored_light/prompt161.txt
2025-08-28 18:51:44 | DEBUG    | src.processing.discovery:discover_prompt_files:40 - Found prompt file: 250824_opus-4-1_censored_light/prompt175.txt
2025-08-28 18:51:44 | DEBUG    | src.processing.discovery:discover_prompt_files:40 - Found prompt file: 250824_opus-4-1_censored_light/prompt163.txt
2025-08-28 18:51:44 | DEBUG    | src.processing.discovery:discover_prompt_files:40 - Found prompt file: 250824_opus-4-1_censored_light/prompt177.txt
2025-08-28 18:51:44 | DEBUG    | src.processing.discovery:discover_prompt_files:40 - Found prompt file: 250824_opus-4-1_censored_light/prompt188.txt
2025-08-28 18:51:44 | DEBUG    | src.processing.discovery:discover_prompt_files:40 - Found prompt file: 250824_opus-4-1_censored_light/prompt189.txt
2025-08-28 18:51:44 | DEBUG    | src.processing.discovery:discover_prompt_files:40 - Found prompt file: 250824_opus-4-1_censored_light/prompt176.txt
2025-08-28 18:51:44 | DEBUG    | src.processing.discovery:discover_prompt_files:40 - Found prompt file: 250824_opus-4-1_censored_light/prompt162.txt
2025-08-28 18:51:44 | DEBUG    | src.processing.discovery:discover_prompt_files:40 - Found prompt file: 250824_opus-4-1_censored_light/prompt139.txt
2025-08-28 18:51:44 | DEBUG    | src.processing.discovery:discover_prompt_files:40 - Found prompt file: 250824_opus-4-1_censored_light/prompt138.txt
2025-08-28 18:51:44 | DEBUG    | src.processing.discovery:discover_prompt_files:40 - Found prompt file: 250824_opus-4-1_censored_light/prompt117.txt
2025-08-28 18:51:44 | DEBUG    | src.processing.discovery:discover_prompt_files:40 - Found prompt file: 250824_opus-4-1_censored_light/prompt128.txt
2025-08-28 18:51:44 | DEBUG    | src.processing.discovery:discover_prompt_files:40 - Found prompt file: 250824_opus-4-1_censored_light/prompt129.txt
2025-08-28 18:51:44 | DEBUG    | src.processing.discovery:discover_prompt_files:40 - Found prompt file: 250824_opus-4-1_censored_light/prompt118.txt
2025-08-28 18:51:44 | DEBUG    | src.processing.discovery:discover_prompt_files:40 - Found prompt file: 250824_opus-4-1_censored_light/prompt124.txt
2025-08-28 18:51:44 | DEBUG    | src.processing.discovery:discover_prompt_files:40 - Found prompt file: 250824_opus-4-1_censored_light/prompt130.txt
2025-08-28 18:51:44 | DEBUG    | src.processing.discovery:discover_prompt_files:40 - Found prompt file: 250824_opus-4-1_censored_light/prompt131.txt
2025-08-28 18:51:44 | DEBUG    | src.processing.discovery:discover_prompt_files:40 - Found prompt file: 250824_opus-4-1_censored_light/prompt125.txt
2025-08-28 18:51:44 | DEBUG    | src.processing.discovery:discover_prompt_files:40 - Found prompt file: 250824_opus-4-1_censored_light/prompt119.txt
2025-08-28 18:51:44 | DEBUG    | src.processing.discovery:discover_prompt_files:40 - Found prompt file: 250824_opus-4-1_censored_light/prompt133.txt
2025-08-28 18:51:44 | DEBUG    | src.processing.discovery:discover_prompt_files:40 - Found prompt file: 250824_opus-4-1_censored_light/prompt127.txt
2025-08-28 18:51:44 | DEBUG    | src.processing.discovery:discover_prompt_files:40 - Found prompt file: 250824_opus-4-1_censored_light/prompt126.txt
2025-08-28 18:51:44 | DEBUG    | src.processing.discovery:discover_prompt_files:40 - Found prompt file: 250824_opus-4-1_censored_light/prompt132.txt
2025-08-28 18:51:44 | DEBUG    | src.processing.discovery:discover_prompt_files:40 - Found prompt file: 250824_opus-4-1_censored_light/prompt136.txt
2025-08-28 18:51:44 | DEBUG    | src.processing.discovery:discover_prompt_files:40 - Found prompt file: 250824_opus-4-1_censored_light/prompt122.txt
2025-08-28 18:51:44 | DEBUG    | src.processing.discovery:discover_prompt_files:40 - Found prompt file: 250824_opus-4-1_censored_light/prompt123.txt
2025-08-28 18:51:44 | DEBUG    | src.processing.discovery:discover_prompt_files:40 - Found prompt file: 250824_opus-4-1_censored_light/prompt137.txt
2025-08-28 18:51:44 | DEBUG    | src.processing.discovery:discover_prompt_files:40 - Found prompt file: 250824_opus-4-1_censored_light/prompt121.txt
2025-08-28 18:51:44 | DEBUG    | src.processing.discovery:discover_prompt_files:40 - Found prompt file: 250824_opus-4-1_censored_light/prompt135.txt
2025-08-28 18:51:44 | DEBUG    | src.processing.discovery:discover_prompt_files:40 - Found prompt file: 250824_opus-4-1_censored_light/prompt134.txt
2025-08-28 18:51:44 | DEBUG    | src.processing.discovery:discover_prompt_files:40 - Found prompt file: 250824_opus-4-1_censored_light/prompt120.txt
2025-08-28 18:51:44 | DEBUG    | src.processing.discovery:discover_prompt_files:40 - Found prompt file: 250824_opus-4-1_censored_light/prompt147.txt
2025-08-28 18:51:44 | DEBUG    | src.processing.discovery:discover_prompt_files:40 - Found prompt file: 250824_opus-4-1_censored_light/prompt153.txt
2025-08-28 18:51:44 | DEBUG    | src.processing.discovery:discover_prompt_files:40 - Found prompt file: 250824_opus-4-1_censored_light/prompt184.txt
2025-08-28 18:51:44 | DEBUG    | src.processing.discovery:discover_prompt_files:40 - Found prompt file: 250824_opus-4-1_censored_light/prompt190.txt
2025-08-28 18:51:44 | DEBUG    | src.processing.discovery:discover_prompt_files:40 - Found prompt file: 250824_opus-4-1_censored_light/prompt191.txt
2025-08-28 18:51:44 | DEBUG    | src.processing.discovery:discover_prompt_files:40 - Found prompt file: 250824_opus-4-1_censored_light/prompt185.txt
2025-08-28 18:51:44 | DEBUG    | src.processing.discovery:discover_prompt_files:40 - Found prompt file: 250824_opus-4-1_censored_light/prompt152.txt
2025-08-28 18:51:44 | DEBUG    | src.processing.discovery:discover_prompt_files:40 - Found prompt file: 250824_opus-4-1_censored_light/prompt146.txt
2025-08-28 18:51:44 | DEBUG    | src.processing.discovery:discover_prompt_files:40 - Found prompt file: 250824_opus-4-1_censored_light/prompt178.txt
2025-08-28 18:51:44 | DEBUG    | src.processing.discovery:discover_prompt_files:40 - Found prompt file: 250824_opus-4-1_censored_light/prompt150.txt
2025-08-28 18:51:44 | DEBUG    | src.processing.discovery:discover_prompt_files:40 - Found prompt file: 250824_opus-4-1_censored_light/prompt144.txt
2025-08-28 18:51:44 | DEBUG    | src.processing.discovery:discover_prompt_files:40 - Found prompt file: 250824_opus-4-1_censored_light/prompt187.txt
2025-08-28 18:51:44 | DEBUG    | src.processing.discovery:discover_prompt_files:40 - Found prompt file: 250824_opus-4-1_censored_light/prompt186.txt
2025-08-28 18:51:44 | DEBUG    | src.processing.discovery:discover_prompt_files:40 - Found prompt file: 250824_opus-4-1_censored_light/prompt192.txt
2025-08-28 18:51:44 | DEBUG    | src.processing.discovery:discover_prompt_files:40 - Found prompt file: 250824_opus-4-1_censored_light/prompt145.txt
2025-08-28 18:51:44 | DEBUG    | src.processing.discovery:discover_prompt_files:40 - Found prompt file: 250824_opus-4-1_censored_light/prompt151.txt
2025-08-28 18:51:44 | DEBUG    | src.processing.discovery:discover_prompt_files:40 - Found prompt file: 250824_opus-4-1_censored_light/prompt179.txt
2025-08-28 18:51:44 | DEBUG    | src.processing.discovery:discover_prompt_files:40 - Found prompt file: 250824_opus-4-1_censored_light/prompt155.txt
2025-08-28 18:51:44 | DEBUG    | src.processing.discovery:discover_prompt_files:40 - Found prompt file: 250824_opus-4-1_censored_light/prompt141.txt
2025-08-28 18:51:44 | DEBUG    | src.processing.discovery:discover_prompt_files:40 - Found prompt file: 250824_opus-4-1_censored_light/prompt169.txt
2025-08-28 18:51:44 | DEBUG    | src.processing.discovery:discover_prompt_files:40 - Found prompt file: 250824_opus-4-1_censored_light/prompt182.txt
2025-08-28 18:51:44 | DEBUG    | src.processing.discovery:discover_prompt_files:40 - Found prompt file: 250824_opus-4-1_censored_light/prompt183.txt
2025-08-28 18:51:44 | DEBUG    | src.processing.discovery:discover_prompt_files:40 - Found prompt file: 250824_opus-4-1_censored_light/prompt168.txt
2025-08-28 18:51:44 | DEBUG    | src.processing.discovery:discover_prompt_files:40 - Found prompt file: 250824_opus-4-1_censored_light/prompt140.txt
2025-08-28 18:51:44 | DEBUG    | src.processing.discovery:discover_prompt_files:40 - Found prompt file: 250824_opus-4-1_censored_light/prompt154.txt
2025-08-28 18:51:44 | DEBUG    | src.processing.discovery:discover_prompt_files:40 - Found prompt file: 250824_opus-4-1_censored_light/prompt142.txt
2025-08-28 18:51:44 | DEBUG    | src.processing.discovery:discover_prompt_files:40 - Found prompt file: 250824_opus-4-1_censored_light/prompt156.txt
2025-08-28 18:51:44 | DEBUG    | src.processing.discovery:discover_prompt_files:40 - Found prompt file: 250824_opus-4-1_censored_light/prompt181.txt
2025-08-28 18:51:44 | DEBUG    | src.processing.discovery:discover_prompt_files:40 - Found prompt file: 250824_opus-4-1_censored_light/prompt180.txt
2025-08-28 18:51:44 | DEBUG    | src.processing.discovery:discover_prompt_files:40 - Found prompt file: 250824_opus-4-1_censored_light/prompt157.txt
2025-08-28 18:51:44 | DEBUG    | src.processing.discovery:discover_prompt_files:40 - Found prompt file: 250824_opus-4-1_censored_light/prompt143.txt
2025-08-28 18:51:44 | INFO     | src.processing.discovery:discover_prompt_files:45 - Discovered 76 prompt files
2025-08-28 18:51:44 | DEBUG    | src.processing.discovery:discover_profiles:93 - Loaded profile: USER-FILES/03.PROFILES/nano-banano.yaml
2025-08-28 18:51:44 | INFO     | src.processing.discovery:discover_profiles:97 - Loaded 1 profiles
2025-08-28 18:51:44 | INFO     | src.processing.discovery:get_active_models:131 - Found profile: nano-banano
2025-08-28 18:51:44 | INFO     | src.processing.discovery:get_active_models:136 - Total profiles to process: 1
2025-08-28 18:51:44 | INFO     | src.config.validator:validate_all:26 - All configuration validation passed
2025-08-28 18:51:44 | INFO     | __main__:main:104 - Output directory: USER-FILES/05.OUTPUT/250828_185144
2025-08-28 18:51:44 | INFO     | __main__:main:166 - Starting matrix processing...
2025-08-28 18:51:44 | INFO     | src.processing.processor:process_all:69 - Processing 76 combinations (76 files × 1 profiles)
2025-08-28 18:51:44 | INFO     | src.processing.discovery:load_prompts:63 - Loaded prompt from prompt117.txt
2025-08-28 18:51:44 | INFO     | src.processing.processor:process_all:105 - Processing combination 1/76: 250824_opus-4-1_censored_light/prompt117.txt + nano-banano
2025-08-28 18:51:44 | DEBUG    | src.processing.processor:_process_file_model_combination:187 - Processing 250824_opus-4-1_censored_light/prompt117.txt: 1930s Stockholm exterior, Norrmalmstorg square on ...
2025-08-28 18:51:44 | DEBUG    | src.api.client:_call_with_retry:114 - API call attempt 1/3
2025-08-28 18:51:51 | ERROR    | src.api.client:_call_with_retry:140 - Error on attempt 1: [{'loc': ['body', 'prompt'], 'msg': 'The content could not be processed because it contained material flagged by a content checker.', 'type': 'content_policy_violation', 'url': 'https://docs.fal.ai/errors#content_policy_violation', 'input': {'prompt': '1930s Stockholm exterior, Norrmalmstorg square on overcast fall day. Wide shot of small fascist rally, twenty people gathered, two men holding red fascist flags. Speaker on wooden box addressing crowd. Diffused daylight through light rain, wet cobblestones, autumn trees with yellow leaves, period clothing and architecture.', 'num_images': 1, 'output_format': 'jpeg', 'sync_mode': False}}]
2025-08-28 18:51:51 | INFO     | src.api.client:_call_with_retry:144 - Retrying in 2s...
2025-08-28 18:51:53 | DEBUG    | src.api.client:_call_with_retry:114 - API call attempt 2/3
2025-08-28 18:52:02 | ERROR    | src.api.client:_call_with_retry:140 - Error on attempt 2: [{'loc': ['body', 'prompt'], 'msg': 'The content could not be processed because it contained material flagged by a content checker.', 'type': 'content_policy_violation', 'url': 'https://docs.fal.ai/errors#content_policy_violation', 'input': {'prompt': '1930s Stockholm exterior, Norrmalmstorg square on overcast fall day. Wide shot of small fascist rally, twenty people gathered, two men holding red fascist flags. Speaker on wooden box addressing crowd. Diffused daylight through light rain, wet cobblestones, autumn trees with yellow leaves, period clothing and architecture.', 'num_images': 1, 'output_format': 'jpeg', 'sync_mode': False}}]
2025-08-28 18:52:02 | INFO     | src.api.client:_call_with_retry:144 - Retrying in 4s...
2025-08-28 18:52:06 | DEBUG    | src.api.client:_call_with_retry:114 - API call attempt 3/3
2025-08-28 18:52:13 | ERROR    | src.api.client:_call_with_retry:140 - Error on attempt 3: [{'loc': ['body', 'prompt'], 'msg': 'The content could not be processed because it contained material flagged by a content checker.', 'type': 'content_policy_violation', 'url': 'https://docs.fal.ai/errors#content_policy_violation', 'input': {'prompt': '1930s Stockholm exterior, Norrmalmstorg square on overcast fall day. Wide shot of small fascist rally, twenty people gathered, two men holding red fascist flags. Speaker on wooden box addressing crowd. Diffused daylight through light rain, wet cobblestones, autumn trees with yellow leaves, period clothing and architecture.', 'num_images': 1, 'output_format': 'jpeg', 'sync_mode': False}}]
2025-08-28 18:52:13 | ERROR    | src.processing.processor:_process_file_model_combination:242 - Failed to generate image for 250824_opus-4-1_censored_light/prompt117.txt: [{'loc': ['body', 'prompt'], 'msg': 'The content could not be processed because it contained material flagged by a content checker.', 'type': 'content_policy_violation', 'url': 'https://docs.fal.ai/errors#content_policy_violation', 'input': {'prompt': '1930s Stockholm exterior, Norrmalmstorg square on overcast fall day. Wide shot of small fascist rally, twenty people gathered, two men holding red fascist flags. Speaker on wooden box addressing crowd. Diffused daylight through light rain, wet cobblestones, autumn trees with yellow leaves, period clothing and architecture.', 'num_images': 1, 'output_format': 'jpeg', 'sync_mode': False}}]
2025-08-28 18:52:13 | ERROR    | src.processing.processor:process_all:131 - Failed processing 250824_opus-4-1_censored_light/prompt117.txt + nano-banano: [{'loc': ['body', 'prompt'], 'msg': 'The content could not be processed because it contained material flagged by a content checker.', 'type': 'content_policy_violation', 'url': 'https://docs.fal.ai/errors#content_policy_violation', 'input': {'prompt': '1930s Stockholm exterior, Norrmalmstorg square on overcast fall day. Wide shot of small fascist rally, twenty people gathered, two men holding red fascist flags. Speaker on wooden box addressing crowd. Diffused daylight through light rain, wet cobblestones, autumn trees with yellow leaves, period clothing and architecture.', 'num_images': 1, 'output_format': 'jpeg', 'sync_mode': False}}]
2025-08-28 18:52:13 | ERROR    | __main__:main:211 - Fatal error: [{'loc': ['body', 'prompt'], 'msg': 'The content could not be processed because it contained material flagged by a content checker.', 'type': 'content_policy_violation', 'url': 'https://docs.fal.ai/errors#content_policy_violation', 'input': {'prompt': '1930s Stockholm exterior, Norrmalmstorg square on overcast fall day. Wide shot of small fascist rally, twenty people gathered, two men holding red fascist flags. Speaker on wooden box addressing crowd. Diffused daylight through light rain, wet cobblestones, autumn trees with yellow leaves, period clothing and architecture.', 'num_images': 1, 'output_format': 'jpeg', 'sync_mode': False}}]
2025-08-28 18:52:13 | INFO     | src.output.writer:write_report:152 - Wrote report: USER-FILES/05.OUTPUT/250828_185144/FAILURE.md
2025-08-28 18:52:13 | INFO     | src.output.reporter:save_reports:236 - Reports generated successfully
