2025-08-28 10:48:39 | INFO     | src.utils.logging:setup_logging:39 - Logging configured (verbose=False, debug=False)
2025-08-28 10:48:39 | INFO     | __main__:main:75 - Loading configuration...
2025-08-28 10:48:39 | INFO     | src.config.loader:load_config:42 - Loaded configuration from USER-FILES/01.CONFIG/config.yaml
2025-08-28 10:48:39 | INFO     | __main__:main:80 - Authenticating...
2025-08-28 10:48:39 | DEBUG    | src.auth.env:get_fal_api_key_from_env:19 - Loaded environment from /Users/ruben/08_-_DEVELOPMENT/ISOF_IMAGE_WORKFLOW/00.fal-text->image-tool/.env
2025-08-28 10:48:39 | INFO     | src.auth.env:get_fal_api_key_from_env:25 - Successfully retrieved FAL API key from environment
2025-08-28 10:48:39 | INFO     | __main__:main:84 - Discovering inputs...
2025-08-28 10:48:39 | DEBUG    | src.processing.discovery:discover_prompt_files:40 - Found prompt file: 250824_opus-4-1_censored_light/prompt166.txt
2025-08-28 10:48:39 | DEBUG    | src.processing.discovery:discover_prompt_files:40 - Found prompt file: 250824_opus-4-1_censored_light/prompt172.txt
2025-08-28 10:48:39 | DEBUG    | src.processing.discovery:discover_prompt_files:40 - Found prompt file: 250824_opus-4-1_censored_light/prompt173.txt
2025-08-28 10:48:39 | DEBUG    | src.processing.discovery:discover_prompt_files:40 - Found prompt file: 250824_opus-4-1_censored_light/prompt167.txt
2025-08-28 10:48:39 | DEBUG    | src.processing.discovery:discover_prompt_files:40 - Found prompt file: 250824_opus-4-1_censored_light/prompt159.txt
2025-08-28 10:48:39 | DEBUG    | src.processing.discovery:discover_prompt_files:40 - Found prompt file: 250824_opus-4-1_censored_light/prompt171.txt
2025-08-28 10:48:39 | DEBUG    | src.processing.discovery:discover_prompt_files:40 - Found prompt file: 250824_opus-4-1_censored_light/prompt165.txt
2025-08-28 10:48:39 | DEBUG    | src.processing.discovery:discover_prompt_files:40 - Found prompt file: 250824_opus-4-1_censored_light/prompt164.txt
2025-08-28 10:48:39 | DEBUG    | src.processing.discovery:discover_prompt_files:40 - Found prompt file: 250824_opus-4-1_censored_light/prompt170.txt
2025-08-28 10:48:39 | DEBUG    | src.processing.discovery:discover_prompt_files:40 - Found prompt file: 250824_opus-4-1_censored_light/prompt158.txt
2025-08-28 10:48:39 | DEBUG    | src.processing.discovery:discover_prompt_files:40 - Found prompt file: 250824_opus-4-1_censored_light/prompt174.txt
2025-08-28 10:48:39 | DEBUG    | src.processing.discovery:discover_prompt_files:40 - Found prompt file: 250824_opus-4-1_censored_light/prompt160.txt
2025-08-28 10:48:39 | DEBUG    | src.processing.discovery:discover_prompt_files:40 - Found prompt file: 250824_opus-4-1_censored_light/prompt148.txt
2025-08-28 10:48:39 | DEBUG    | src.processing.discovery:discover_prompt_files:40 - Found prompt file: 250824_opus-4-1_censored_light/prompt149.txt
2025-08-28 10:48:39 | DEBUG    | src.processing.discovery:discover_prompt_files:40 - Found prompt file: 250824_opus-4-1_censored_light/prompt161.txt
2025-08-28 10:48:39 | DEBUG    | src.processing.discovery:discover_prompt_files:40 - Found prompt file: 250824_opus-4-1_censored_light/prompt175.txt
2025-08-28 10:48:39 | DEBUG    | src.processing.discovery:discover_prompt_files:40 - Found prompt file: 250824_opus-4-1_censored_light/prompt163.txt
2025-08-28 10:48:39 | DEBUG    | src.processing.discovery:discover_prompt_files:40 - Found prompt file: 250824_opus-4-1_censored_light/prompt177.txt
2025-08-28 10:48:39 | DEBUG    | src.processing.discovery:discover_prompt_files:40 - Found prompt file: 250824_opus-4-1_censored_light/prompt188.txt
2025-08-28 10:48:39 | DEBUG    | src.processing.discovery:discover_prompt_files:40 - Found prompt file: 250824_opus-4-1_censored_light/prompt189.txt
2025-08-28 10:48:39 | DEBUG    | src.processing.discovery:discover_prompt_files:40 - Found prompt file: 250824_opus-4-1_censored_light/prompt176.txt
2025-08-28 10:48:39 | DEBUG    | src.processing.discovery:discover_prompt_files:40 - Found prompt file: 250824_opus-4-1_censored_light/prompt162.txt
2025-08-28 10:48:39 | DEBUG    | src.processing.discovery:discover_prompt_files:40 - Found prompt file: 250824_opus-4-1_censored_light/prompt139.txt
2025-08-28 10:48:39 | DEBUG    | src.processing.discovery:discover_prompt_files:40 - Found prompt file: 250824_opus-4-1_censored_light/prompt105.txt
2025-08-28 10:48:39 | DEBUG    | src.processing.discovery:discover_prompt_files:40 - Found prompt file: 250824_opus-4-1_censored_light/prompt111.txt
2025-08-28 10:48:39 | DEBUG    | src.processing.discovery:discover_prompt_files:40 - Found prompt file: 250824_opus-4-1_censored_light/prompt81.txt
2025-08-28 10:48:39 | DEBUG    | src.processing.discovery:discover_prompt_files:40 - Found prompt file: 250824_opus-4-1_censored_light/prompt95.txt
2025-08-28 10:48:39 | DEBUG    | src.processing.discovery:discover_prompt_files:40 - Found prompt file: 250824_opus-4-1_censored_light/prompt94.txt
2025-08-28 10:48:39 | DEBUG    | src.processing.discovery:discover_prompt_files:40 - Found prompt file: 250824_opus-4-1_censored_light/prompt80.txt
2025-08-28 10:48:39 | DEBUG    | src.processing.discovery:discover_prompt_files:40 - Found prompt file: 250824_opus-4-1_censored_light/prompt110.txt
2025-08-28 10:48:39 | DEBUG    | src.processing.discovery:discover_prompt_files:40 - Found prompt file: 250824_opus-4-1_censored_light/prompt104.txt
2025-08-28 10:48:39 | DEBUG    | src.processing.discovery:discover_prompt_files:40 - Found prompt file: 250824_opus-4-1_censored_light/prompt138.txt
2025-08-28 10:48:39 | DEBUG    | src.processing.discovery:discover_prompt_files:40 - Found prompt file: 250824_opus-4-1_censored_light/prompt112.txt
2025-08-28 10:48:39 | DEBUG    | src.processing.discovery:discover_prompt_files:40 - Found prompt file: 250824_opus-4-1_censored_light/prompt106.txt
2025-08-28 10:48:39 | DEBUG    | src.processing.discovery:discover_prompt_files:40 - Found prompt file: 250824_opus-4-1_censored_light/prompt96.txt
2025-08-28 10:48:39 | DEBUG    | src.processing.discovery:discover_prompt_files:40 - Found prompt file: 250824_opus-4-1_censored_light/prompt82.txt
2025-08-28 10:48:39 | DEBUG    | src.processing.discovery:discover_prompt_files:40 - Found prompt file: 250824_opus-4-1_censored_light/prompt83.txt
2025-08-28 10:48:39 | DEBUG    | src.processing.discovery:discover_prompt_files:40 - Found prompt file: 250824_opus-4-1_censored_light/prompt97.txt
2025-08-28 10:48:39 | DEBUG    | src.processing.discovery:discover_prompt_files:40 - Found prompt file: 250824_opus-4-1_censored_light/prompt107.txt
2025-08-28 10:48:39 | DEBUG    | src.processing.discovery:discover_prompt_files:40 - Found prompt file: 250824_opus-4-1_censored_light/prompt113.txt
2025-08-28 10:48:39 | DEBUG    | src.processing.discovery:discover_prompt_files:40 - Found prompt file: 250824_opus-4-1_censored_light/prompt117.txt
2025-08-28 10:48:39 | DEBUG    | src.processing.discovery:discover_prompt_files:40 - Found prompt file: 250824_opus-4-1_censored_light/prompt103.txt
2025-08-28 10:48:39 | DEBUG    | src.processing.discovery:discover_prompt_files:40 - Found prompt file: 250824_opus-4-1_censored_light/prompt78.txt
2025-08-28 10:48:39 | DEBUG    | src.processing.discovery:discover_prompt_files:40 - Found prompt file: 250824_opus-4-1_censored_light/prompt93.txt
2025-08-28 10:48:39 | DEBUG    | src.processing.discovery:discover_prompt_files:40 - Found prompt file: 250824_opus-4-1_censored_light/prompt87.txt
2025-08-28 10:48:39 | DEBUG    | src.processing.discovery:discover_prompt_files:40 - Found prompt file: 250824_opus-4-1_censored_light/prompt86.txt
2025-08-28 10:48:39 | DEBUG    | src.processing.discovery:discover_prompt_files:40 - Found prompt file: 250824_opus-4-1_censored_light/prompt92.txt
2025-08-28 10:48:39 | DEBUG    | src.processing.discovery:discover_prompt_files:40 - Found prompt file: 250824_opus-4-1_censored_light/prompt79.txt
2025-08-28 10:48:39 | DEBUG    | src.processing.discovery:discover_prompt_files:40 - Found prompt file: 250824_opus-4-1_censored_light/prompt102.txt
2025-08-28 10:48:39 | DEBUG    | src.processing.discovery:discover_prompt_files:40 - Found prompt file: 250824_opus-4-1_censored_light/prompt116.txt
2025-08-28 10:48:39 | DEBUG    | src.processing.discovery:discover_prompt_files:40 - Found prompt file: 250824_opus-4-1_censored_light/prompt100.txt
2025-08-28 10:48:39 | DEBUG    | src.processing.discovery:discover_prompt_files:40 - Found prompt file: 250824_opus-4-1_censored_light/prompt114.txt
2025-08-28 10:48:39 | DEBUG    | src.processing.discovery:discover_prompt_files:40 - Found prompt file: 250824_opus-4-1_censored_light/prompt128.txt
2025-08-28 10:48:39 | DEBUG    | src.processing.discovery:discover_prompt_files:40 - Found prompt file: 250824_opus-4-1_censored_light/prompt84.txt
2025-08-28 10:48:39 | DEBUG    | src.processing.discovery:discover_prompt_files:40 - Found prompt file: 250824_opus-4-1_censored_light/prompt90.txt
2025-08-28 10:48:39 | DEBUG    | src.processing.discovery:discover_prompt_files:40 - Found prompt file: 250824_opus-4-1_censored_light/prompt91.txt
2025-08-28 10:48:39 | DEBUG    | src.processing.discovery:discover_prompt_files:40 - Found prompt file: 250824_opus-4-1_censored_light/prompt85.txt
2025-08-28 10:48:39 | DEBUG    | src.processing.discovery:discover_prompt_files:40 - Found prompt file: 250824_opus-4-1_censored_light/prompt129.txt
2025-08-28 10:48:39 | DEBUG    | src.processing.discovery:discover_prompt_files:40 - Found prompt file: 250824_opus-4-1_censored_light/prompt115.txt
2025-08-28 10:48:39 | DEBUG    | src.processing.discovery:discover_prompt_files:40 - Found prompt file: 250824_opus-4-1_censored_light/prompt101.txt
2025-08-28 10:48:39 | DEBUG    | src.processing.discovery:discover_prompt_files:40 - Found prompt file: 250824_opus-4-1_censored_light/prompt118.txt
2025-08-28 10:48:39 | DEBUG    | src.processing.discovery:discover_prompt_files:40 - Found prompt file: 250824_opus-4-1_censored_light/prompt124.txt
2025-08-28 10:48:39 | DEBUG    | src.processing.discovery:discover_prompt_files:40 - Found prompt file: 250824_opus-4-1_censored_light/prompt130.txt
2025-08-28 10:48:39 | DEBUG    | src.processing.discovery:discover_prompt_files:40 - Found prompt file: 250824_opus-4-1_censored_light/prompt77.txt
2025-08-28 10:48:39 | DEBUG    | src.processing.discovery:discover_prompt_files:40 - Found prompt file: 250824_opus-4-1_censored_light/prompt88.txt
2025-08-28 10:48:39 | DEBUG    | src.processing.discovery:discover_prompt_files:40 - Found prompt file: 250824_opus-4-1_censored_light/prompt89.txt
2025-08-28 10:48:39 | DEBUG    | src.processing.discovery:discover_prompt_files:40 - Found prompt file: 250824_opus-4-1_censored_light/prompt76.txt
2025-08-28 10:48:39 | DEBUG    | src.processing.discovery:discover_prompt_files:40 - Found prompt file: 250824_opus-4-1_censored_light/prompt131.txt
2025-08-28 10:48:39 | DEBUG    | src.processing.discovery:discover_prompt_files:40 - Found prompt file: 250824_opus-4-1_censored_light/prompt125.txt
2025-08-28 10:48:39 | DEBUG    | src.processing.discovery:discover_prompt_files:40 - Found prompt file: 250824_opus-4-1_censored_light/prompt119.txt
2025-08-28 10:48:39 | DEBUG    | src.processing.discovery:discover_prompt_files:40 - Found prompt file: 250824_opus-4-1_censored_light/prompt133.txt
2025-08-28 10:48:39 | DEBUG    | src.processing.discovery:discover_prompt_files:40 - Found prompt file: 250824_opus-4-1_censored_light/prompt127.txt
2025-08-28 10:48:39 | DEBUG    | src.processing.discovery:discover_prompt_files:40 - Found prompt file: 250824_opus-4-1_censored_light/prompt74.txt
2025-08-28 10:48:39 | DEBUG    | src.processing.discovery:discover_prompt_files:40 - Found prompt file: 250824_opus-4-1_censored_light/prompt75.txt
2025-08-28 10:48:39 | DEBUG    | src.processing.discovery:discover_prompt_files:40 - Found prompt file: 250824_opus-4-1_censored_light/prompt126.txt
2025-08-28 10:48:39 | DEBUG    | src.processing.discovery:discover_prompt_files:40 - Found prompt file: 250824_opus-4-1_censored_light/prompt132.txt
2025-08-28 10:48:39 | DEBUG    | src.processing.discovery:discover_prompt_files:40 - Found prompt file: 250824_opus-4-1_censored_light/prompt136.txt
2025-08-28 10:48:39 | DEBUG    | src.processing.discovery:discover_prompt_files:40 - Found prompt file: 250824_opus-4-1_censored_light/prompt122.txt
2025-08-28 10:48:39 | DEBUG    | src.processing.discovery:discover_prompt_files:40 - Found prompt file: 250824_opus-4-1_censored_light/prompt71.txt
2025-08-28 10:48:39 | DEBUG    | src.processing.discovery:discover_prompt_files:40 - Found prompt file: 250824_opus-4-1_censored_light/prompt123.txt
2025-08-28 10:48:39 | DEBUG    | src.processing.discovery:discover_prompt_files:40 - Found prompt file: 250824_opus-4-1_censored_light/prompt137.txt
2025-08-28 10:48:39 | DEBUG    | src.processing.discovery:discover_prompt_files:40 - Found prompt file: 250824_opus-4-1_censored_light/prompt121.txt
2025-08-28 10:48:39 | DEBUG    | src.processing.discovery:discover_prompt_files:40 - Found prompt file: 250824_opus-4-1_censored_light/prompt135.txt
2025-08-28 10:48:39 | DEBUG    | src.processing.discovery:discover_prompt_files:40 - Found prompt file: 250824_opus-4-1_censored_light/prompt109.txt
2025-08-28 10:48:39 | DEBUG    | src.processing.discovery:discover_prompt_files:40 - Found prompt file: 250824_opus-4-1_censored_light/prompt72.txt
2025-08-28 10:48:39 | DEBUG    | src.processing.discovery:discover_prompt_files:40 - Found prompt file: 250824_opus-4-1_censored_light/prompt99.txt
2025-08-28 10:48:39 | DEBUG    | src.processing.discovery:discover_prompt_files:40 - Found prompt file: 250824_opus-4-1_censored_light/prompt98.txt
2025-08-28 10:48:39 | DEBUG    | src.processing.discovery:discover_prompt_files:40 - Found prompt file: 250824_opus-4-1_censored_light/prompt73.txt
2025-08-28 10:48:39 | DEBUG    | src.processing.discovery:discover_prompt_files:40 - Found prompt file: 250824_opus-4-1_censored_light/prompt108.txt
2025-08-28 10:48:39 | DEBUG    | src.processing.discovery:discover_prompt_files:40 - Found prompt file: 250824_opus-4-1_censored_light/prompt134.txt
2025-08-28 10:48:39 | DEBUG    | src.processing.discovery:discover_prompt_files:40 - Found prompt file: 250824_opus-4-1_censored_light/prompt120.txt
2025-08-28 10:48:39 | DEBUG    | src.processing.discovery:discover_prompt_files:40 - Found prompt file: 250824_opus-4-1_censored_light/prompt147.txt
2025-08-28 10:48:39 | DEBUG    | src.processing.discovery:discover_prompt_files:40 - Found prompt file: 250824_opus-4-1_censored_light/prompt153.txt
2025-08-28 10:48:39 | DEBUG    | src.processing.discovery:discover_prompt_files:40 - Found prompt file: 250824_opus-4-1_censored_light/prompt184.txt
2025-08-28 10:48:39 | DEBUG    | src.processing.discovery:discover_prompt_files:40 - Found prompt file: 250824_opus-4-1_censored_light/prompt190.txt
2025-08-28 10:48:39 | DEBUG    | src.processing.discovery:discover_prompt_files:40 - Found prompt file: 250824_opus-4-1_censored_light/prompt191.txt
2025-08-28 10:48:39 | DEBUG    | src.processing.discovery:discover_prompt_files:40 - Found prompt file: 250824_opus-4-1_censored_light/prompt185.txt
2025-08-28 10:48:39 | DEBUG    | src.processing.discovery:discover_prompt_files:40 - Found prompt file: 250824_opus-4-1_censored_light/prompt152.txt
2025-08-28 10:48:39 | DEBUG    | src.processing.discovery:discover_prompt_files:40 - Found prompt file: 250824_opus-4-1_censored_light/prompt146.txt
2025-08-28 10:48:39 | DEBUG    | src.processing.discovery:discover_prompt_files:40 - Found prompt file: 250824_opus-4-1_censored_light/prompt178.txt
2025-08-28 10:48:39 | DEBUG    | src.processing.discovery:discover_prompt_files:40 - Found prompt file: 250824_opus-4-1_censored_light/prompt150.txt
2025-08-28 10:48:39 | DEBUG    | src.processing.discovery:discover_prompt_files:40 - Found prompt file: 250824_opus-4-1_censored_light/prompt144.txt
2025-08-28 10:48:39 | DEBUG    | src.processing.discovery:discover_prompt_files:40 - Found prompt file: 250824_opus-4-1_censored_light/prompt187.txt
2025-08-28 10:48:39 | DEBUG    | src.processing.discovery:discover_prompt_files:40 - Found prompt file: 250824_opus-4-1_censored_light/prompt186.txt
2025-08-28 10:48:39 | DEBUG    | src.processing.discovery:discover_prompt_files:40 - Found prompt file: 250824_opus-4-1_censored_light/prompt192.txt
2025-08-28 10:48:39 | DEBUG    | src.processing.discovery:discover_prompt_files:40 - Found prompt file: 250824_opus-4-1_censored_light/prompt145.txt
2025-08-28 10:48:39 | DEBUG    | src.processing.discovery:discover_prompt_files:40 - Found prompt file: 250824_opus-4-1_censored_light/prompt151.txt
2025-08-28 10:48:39 | DEBUG    | src.processing.discovery:discover_prompt_files:40 - Found prompt file: 250824_opus-4-1_censored_light/prompt179.txt
2025-08-28 10:48:39 | DEBUG    | src.processing.discovery:discover_prompt_files:40 - Found prompt file: 250824_opus-4-1_censored_light/prompt155.txt
2025-08-28 10:48:39 | DEBUG    | src.processing.discovery:discover_prompt_files:40 - Found prompt file: 250824_opus-4-1_censored_light/prompt141.txt
2025-08-28 10:48:39 | DEBUG    | src.processing.discovery:discover_prompt_files:40 - Found prompt file: 250824_opus-4-1_censored_light/prompt169.txt
2025-08-28 10:48:39 | DEBUG    | src.processing.discovery:discover_prompt_files:40 - Found prompt file: 250824_opus-4-1_censored_light/prompt182.txt
2025-08-28 10:48:39 | DEBUG    | src.processing.discovery:discover_prompt_files:40 - Found prompt file: 250824_opus-4-1_censored_light/prompt183.txt
2025-08-28 10:48:39 | DEBUG    | src.processing.discovery:discover_prompt_files:40 - Found prompt file: 250824_opus-4-1_censored_light/prompt168.txt
2025-08-28 10:48:39 | DEBUG    | src.processing.discovery:discover_prompt_files:40 - Found prompt file: 250824_opus-4-1_censored_light/prompt140.txt
2025-08-28 10:48:39 | DEBUG    | src.processing.discovery:discover_prompt_files:40 - Found prompt file: 250824_opus-4-1_censored_light/prompt154.txt
2025-08-28 10:48:39 | DEBUG    | src.processing.discovery:discover_prompt_files:40 - Found prompt file: 250824_opus-4-1_censored_light/prompt142.txt
2025-08-28 10:48:39 | DEBUG    | src.processing.discovery:discover_prompt_files:40 - Found prompt file: 250824_opus-4-1_censored_light/prompt156.txt
2025-08-28 10:48:39 | DEBUG    | src.processing.discovery:discover_prompt_files:40 - Found prompt file: 250824_opus-4-1_censored_light/prompt181.txt
2025-08-28 10:48:39 | DEBUG    | src.processing.discovery:discover_prompt_files:40 - Found prompt file: 250824_opus-4-1_censored_light/prompt180.txt
2025-08-28 10:48:39 | DEBUG    | src.processing.discovery:discover_prompt_files:40 - Found prompt file: 250824_opus-4-1_censored_light/prompt157.txt
2025-08-28 10:48:39 | DEBUG    | src.processing.discovery:discover_prompt_files:40 - Found prompt file: 250824_opus-4-1_censored_light/prompt143.txt
2025-08-28 10:48:39 | INFO     | src.processing.discovery:discover_prompt_files:45 - Discovered 122 prompt files
2025-08-28 10:48:39 | DEBUG    | src.processing.discovery:discover_profiles:93 - Loaded profile: USER-FILES/03.PROFILES/nano-banana.yaml
2025-08-28 10:48:39 | INFO     | src.processing.discovery:discover_profiles:97 - Loaded 1 profiles
2025-08-28 10:48:39 | INFO     | src.processing.discovery:get_active_models:130 - Found profile: nano-banana
2025-08-28 10:48:39 | INFO     | src.processing.discovery:get_active_models:135 - Total profiles to process: 1
2025-08-28 10:48:39 | INFO     | src.config.validator:validate_all:26 - All configuration validation passed
2025-08-28 10:48:39 | INFO     | __main__:main:104 - Output directory: USER-FILES/05.OUTPUT/250828_104839
2025-08-28 10:48:39 | INFO     | __main__:main:166 - Starting matrix processing...
2025-08-28 10:48:39 | INFO     | src.processing.processor:process_all:68 - Processing 122 combinations (122 files × 1 profiles)
2025-08-28 10:48:39 | INFO     | src.processing.discovery:load_prompts:63 - Loaded prompt from prompt71.txt
2025-08-28 10:48:39 | INFO     | src.processing.processor:process_all:103 - Processing combination 1/122: 250824_opus-4-1_censored_light/prompt71.txt + nano-banana
2025-08-28 10:48:39 | DEBUG    | src.processing.processor:_process_file_model_combination:183 - Processing 250824_opus-4-1_censored_light/prompt71.txt: White text saying "Intermission" in Arial Black fo...
2025-08-28 10:48:39 | DEBUG    | src.api.client:_call_with_retry:114 - API call attempt 1/3
2025-08-28 10:48:45 | DEBUG    | src.api.client:_call_with_retry:127 - API call successful
2025-08-28 10:48:47 | INFO     | src.output.writer:save_image:119 - Saved valid image: USER-FILES/05.OUTPUT/250828_104839/nano-banana/250824_opus-4-1_censored_light/prompt71_104845_nano-banana_unknownxunknown.jpeg
2025-08-28 10:48:47 | DEBUG    | src.output.writer:save_image:135 - Saved API payload: USER-FILES/05.OUTPUT/250828_104839/nano-banana/250824_opus-4-1_censored_light/prompt71_104845_nano-banana_unknownxunknown.json
2025-08-28 10:48:47 | INFO     | src.processing.processor:_process_file_model_combination:230 - Saved image: prompt71_104845_nano-banana_unknownxunknown.jpeg
2025-08-28 10:48:47 | INFO     | src.processing.discovery:load_prompts:63 - Loaded prompt from prompt72.txt
2025-08-28 10:48:47 | INFO     | src.processing.processor:process_all:103 - Processing combination 2/122: 250824_opus-4-1_censored_light/prompt72.txt + nano-banana
2025-08-28 10:48:47 | DEBUG    | src.processing.processor:_process_file_model_combination:183 - Processing 250824_opus-4-1_censored_light/prompt72.txt: Mid 1800s bookstore interior, close-up of wooden t...
2025-08-28 10:48:47 | DEBUG    | src.api.client:_call_with_retry:114 - API call attempt 1/3
2025-08-28 10:48:55 | DEBUG    | src.api.client:_call_with_retry:127 - API call successful
2025-08-28 10:48:58 | INFO     | src.output.writer:save_image:119 - Saved valid image: USER-FILES/05.OUTPUT/250828_104839/nano-banana/250824_opus-4-1_censored_light/prompt72_104855_nano-banana_unknownxunknown.jpeg
2025-08-28 10:48:58 | DEBUG    | src.output.writer:save_image:135 - Saved API payload: USER-FILES/05.OUTPUT/250828_104839/nano-banana/250824_opus-4-1_censored_light/prompt72_104855_nano-banana_unknownxunknown.json
2025-08-28 10:48:58 | INFO     | src.processing.processor:_process_file_model_combination:230 - Saved image: prompt72_104855_nano-banana_unknownxunknown.jpeg
2025-08-28 10:48:58 | INFO     | src.processing.discovery:load_prompts:63 - Loaded prompt from prompt73.txt
2025-08-28 10:48:58 | INFO     | src.processing.processor:process_all:103 - Processing combination 3/122: 250824_opus-4-1_censored_light/prompt73.txt + nano-banana
2025-08-28 10:48:58 | DEBUG    | src.processing.processor:_process_file_model_combination:183 - Processing 250824_opus-4-1_censored_light/prompt73.txt: Mid 1800s ransacked bookstore interior, close-up o...
2025-08-28 10:48:58 | DEBUG    | src.api.client:_call_with_retry:114 - API call attempt 1/3
2025-08-28 10:49:06 | DEBUG    | src.api.client:_call_with_retry:127 - API call successful
2025-08-28 10:49:09 | INFO     | src.output.writer:save_image:119 - Saved valid image: USER-FILES/05.OUTPUT/250828_104839/nano-banana/250824_opus-4-1_censored_light/prompt73_104906_nano-banana_unknownxunknown.jpeg
2025-08-28 10:49:09 | DEBUG    | src.output.writer:save_image:135 - Saved API payload: USER-FILES/05.OUTPUT/250828_104839/nano-banana/250824_opus-4-1_censored_light/prompt73_104906_nano-banana_unknownxunknown.json
2025-08-28 10:49:09 | INFO     | src.processing.processor:_process_file_model_combination:230 - Saved image: prompt73_104906_nano-banana_unknownxunknown.jpeg
2025-08-28 10:49:09 | INFO     | src.processing.discovery:load_prompts:63 - Loaded prompt from prompt74.txt
2025-08-28 10:49:09 | INFO     | src.processing.processor:process_all:103 - Processing combination 4/122: 250824_opus-4-1_censored_light/prompt74.txt + nano-banana
2025-08-28 10:49:09 | DEBUG    | src.processing.processor:_process_file_model_combination:183 - Processing 250824_opus-4-1_censored_light/prompt74.txt: Mid 1800s bookstore interior, close-up of elderly ...
2025-08-28 10:49:09 | DEBUG    | src.api.client:_call_with_retry:114 - API call attempt 1/3
2025-08-28 10:49:17 | DEBUG    | src.api.client:_call_with_retry:127 - API call successful
2025-08-28 10:49:19 | INFO     | src.output.writer:save_image:119 - Saved valid image: USER-FILES/05.OUTPUT/250828_104839/nano-banana/250824_opus-4-1_censored_light/prompt74_104917_nano-banana_unknownxunknown.jpeg
2025-08-28 10:49:19 | DEBUG    | src.output.writer:save_image:135 - Saved API payload: USER-FILES/05.OUTPUT/250828_104839/nano-banana/250824_opus-4-1_censored_light/prompt74_104917_nano-banana_unknownxunknown.json
2025-08-28 10:49:19 | INFO     | src.processing.processor:_process_file_model_combination:230 - Saved image: prompt74_104917_nano-banana_unknownxunknown.jpeg
2025-08-28 10:49:19 | INFO     | src.processing.discovery:load_prompts:63 - Loaded prompt from prompt75.txt
2025-08-28 10:49:19 | INFO     | src.processing.processor:process_all:103 - Processing combination 5/122: 250824_opus-4-1_censored_light/prompt75.txt + nano-banana
2025-08-28 10:49:19 | DEBUG    | src.processing.processor:_process_file_model_combination:183 - Processing 250824_opus-4-1_censored_light/prompt75.txt: Mid 1800s Swedish residential building backyard, s...
2025-08-28 10:49:19 | DEBUG    | src.api.client:_call_with_retry:114 - API call attempt 1/3
2025-08-28 10:49:27 | DEBUG    | src.api.client:_call_with_retry:127 - API call successful
2025-08-28 10:49:29 | INFO     | src.output.writer:save_image:119 - Saved valid image: USER-FILES/05.OUTPUT/250828_104839/nano-banana/250824_opus-4-1_censored_light/prompt75_104927_nano-banana_unknownxunknown.jpeg
2025-08-28 10:49:29 | DEBUG    | src.output.writer:save_image:135 - Saved API payload: USER-FILES/05.OUTPUT/250828_104839/nano-banana/250824_opus-4-1_censored_light/prompt75_104927_nano-banana_unknownxunknown.json
2025-08-28 10:49:29 | INFO     | src.processing.processor:_process_file_model_combination:230 - Saved image: prompt75_104927_nano-banana_unknownxunknown.jpeg
2025-08-28 10:49:29 | INFO     | src.processing.discovery:load_prompts:63 - Loaded prompt from prompt76.txt
2025-08-28 10:49:29 | INFO     | src.processing.processor:process_all:103 - Processing combination 6/122: 250824_opus-4-1_censored_light/prompt76.txt + nano-banana
2025-08-28 10:49:29 | DEBUG    | src.processing.processor:_process_file_model_combination:183 - Processing 250824_opus-4-1_censored_light/prompt76.txt: Mid 1800s Swedish apple orchard behind Djursholm v...
2025-08-28 10:49:29 | DEBUG    | src.api.client:_call_with_retry:114 - API call attempt 1/3
2025-08-28 10:49:37 | DEBUG    | src.api.client:_call_with_retry:127 - API call successful
2025-08-28 10:49:39 | INFO     | src.output.writer:save_image:119 - Saved valid image: USER-FILES/05.OUTPUT/250828_104839/nano-banana/250824_opus-4-1_censored_light/prompt76_104937_nano-banana_unknownxunknown.jpeg
2025-08-28 10:49:39 | DEBUG    | src.output.writer:save_image:135 - Saved API payload: USER-FILES/05.OUTPUT/250828_104839/nano-banana/250824_opus-4-1_censored_light/prompt76_104937_nano-banana_unknownxunknown.json
2025-08-28 10:49:39 | INFO     | src.processing.processor:_process_file_model_combination:230 - Saved image: prompt76_104937_nano-banana_unknownxunknown.jpeg
2025-08-28 10:49:39 | INFO     | src.processing.discovery:load_prompts:63 - Loaded prompt from prompt77.txt
2025-08-28 10:49:39 | INFO     | src.processing.processor:process_all:103 - Processing combination 7/122: 250824_opus-4-1_censored_light/prompt77.txt + nano-banana
2025-08-28 10:49:39 | DEBUG    | src.processing.processor:_process_file_model_combination:183 - Processing 250824_opus-4-1_censored_light/prompt77.txt: Mid 1800s bohemian cafe interior, medium wide shot...
2025-08-28 10:49:39 | DEBUG    | src.api.client:_call_with_retry:114 - API call attempt 1/3
2025-08-28 10:49:47 | DEBUG    | src.api.client:_call_with_retry:127 - API call successful
2025-08-28 10:49:49 | INFO     | src.output.writer:save_image:119 - Saved valid image: USER-FILES/05.OUTPUT/250828_104839/nano-banana/250824_opus-4-1_censored_light/prompt77_104947_nano-banana_unknownxunknown.jpeg
2025-08-28 10:49:49 | DEBUG    | src.output.writer:save_image:135 - Saved API payload: USER-FILES/05.OUTPUT/250828_104839/nano-banana/250824_opus-4-1_censored_light/prompt77_104947_nano-banana_unknownxunknown.json
2025-08-28 10:49:49 | INFO     | src.processing.processor:_process_file_model_combination:230 - Saved image: prompt77_104947_nano-banana_unknownxunknown.jpeg
2025-08-28 10:49:49 | INFO     | src.processing.discovery:load_prompts:63 - Loaded prompt from prompt78.txt
2025-08-28 10:49:49 | INFO     | src.processing.processor:process_all:103 - Processing combination 8/122: 250824_opus-4-1_censored_light/prompt78.txt + nano-banana
2025-08-28 10:49:49 | DEBUG    | src.processing.processor:_process_file_model_combination:183 - Processing 250824_opus-4-1_censored_light/prompt78.txt: Mid 1800s Swedish parliament interior, wide shot o...
2025-08-28 10:49:49 | DEBUG    | src.api.client:_call_with_retry:114 - API call attempt 1/3
2025-08-28 10:49:58 | DEBUG    | src.api.client:_call_with_retry:127 - API call successful
2025-08-28 10:50:01 | INFO     | src.output.writer:save_image:119 - Saved valid image: USER-FILES/05.OUTPUT/250828_104839/nano-banana/250824_opus-4-1_censored_light/prompt78_104958_nano-banana_unknownxunknown.jpeg
2025-08-28 10:50:01 | DEBUG    | src.output.writer:save_image:135 - Saved API payload: USER-FILES/05.OUTPUT/250828_104839/nano-banana/250824_opus-4-1_censored_light/prompt78_104958_nano-banana_unknownxunknown.json
2025-08-28 10:50:01 | INFO     | src.processing.processor:_process_file_model_combination:230 - Saved image: prompt78_104958_nano-banana_unknownxunknown.jpeg
2025-08-28 10:50:01 | INFO     | src.processing.discovery:load_prompts:63 - Loaded prompt from prompt79.txt
2025-08-28 10:50:01 | INFO     | src.processing.processor:process_all:103 - Processing combination 9/122: 250824_opus-4-1_censored_light/prompt79.txt + nano-banana
2025-08-28 10:50:01 | DEBUG    | src.processing.processor:_process_file_model_combination:183 - Processing 250824_opus-4-1_censored_light/prompt79.txt: Mid 1800s Swedish parliament interior, medium shot...
2025-08-28 10:50:01 | DEBUG    | src.api.client:_call_with_retry:114 - API call attempt 1/3
2025-08-28 10:50:08 | DEBUG    | src.api.client:_call_with_retry:127 - API call successful
2025-08-28 10:50:11 | INFO     | src.output.writer:save_image:119 - Saved valid image: USER-FILES/05.OUTPUT/250828_104839/nano-banana/250824_opus-4-1_censored_light/prompt79_105008_nano-banana_unknownxunknown.jpeg
2025-08-28 10:50:11 | DEBUG    | src.output.writer:save_image:135 - Saved API payload: USER-FILES/05.OUTPUT/250828_104839/nano-banana/250824_opus-4-1_censored_light/prompt79_105008_nano-banana_unknownxunknown.json
2025-08-28 10:50:11 | INFO     | src.processing.processor:_process_file_model_combination:230 - Saved image: prompt79_105008_nano-banana_unknownxunknown.jpeg
2025-08-28 10:50:11 | INFO     | src.processing.discovery:load_prompts:63 - Loaded prompt from prompt80.txt
2025-08-28 10:50:11 | INFO     | src.processing.processor:process_all:103 - Processing combination 10/122: 250824_opus-4-1_censored_light/prompt80.txt + nano-banana
2025-08-28 10:50:11 | DEBUG    | src.processing.processor:_process_file_model_combination:183 - Processing 250824_opus-4-1_censored_light/prompt80.txt: Mid 1800s Swedish parliament interior, medium clos...
2025-08-28 10:50:11 | DEBUG    | src.api.client:_call_with_retry:114 - API call attempt 1/3
2025-08-28 10:50:18 | DEBUG    | src.api.client:_call_with_retry:127 - API call successful
2025-08-28 10:50:20 | INFO     | src.output.writer:save_image:119 - Saved valid image: USER-FILES/05.OUTPUT/250828_104839/nano-banana/250824_opus-4-1_censored_light/prompt80_105018_nano-banana_unknownxunknown.jpeg
2025-08-28 10:50:20 | DEBUG    | src.output.writer:save_image:135 - Saved API payload: USER-FILES/05.OUTPUT/250828_104839/nano-banana/250824_opus-4-1_censored_light/prompt80_105018_nano-banana_unknownxunknown.json
2025-08-28 10:50:20 | INFO     | src.processing.processor:_process_file_model_combination:230 - Saved image: prompt80_105018_nano-banana_unknownxunknown.jpeg
2025-08-28 10:50:20 | INFO     | src.processing.discovery:load_prompts:63 - Loaded prompt from prompt81.txt
2025-08-28 10:50:20 | INFO     | src.processing.processor:process_all:103 - Processing combination 11/122: 250824_opus-4-1_censored_light/prompt81.txt + nano-banana
2025-08-28 10:50:20 | DEBUG    | src.processing.processor:_process_file_model_combination:183 - Processing 250824_opus-4-1_censored_light/prompt81.txt: Mid 1800s Stockholm construction site exterior, el...
2025-08-28 10:50:20 | DEBUG    | src.api.client:_call_with_retry:114 - API call attempt 1/3
2025-08-28 10:50:28 | DEBUG    | src.api.client:_call_with_retry:127 - API call successful
2025-08-28 10:50:30 | INFO     | src.output.writer:save_image:119 - Saved valid image: USER-FILES/05.OUTPUT/250828_104839/nano-banana/250824_opus-4-1_censored_light/prompt81_105028_nano-banana_unknownxunknown.jpeg
2025-08-28 10:50:30 | DEBUG    | src.output.writer:save_image:135 - Saved API payload: USER-FILES/05.OUTPUT/250828_104839/nano-banana/250824_opus-4-1_censored_light/prompt81_105028_nano-banana_unknownxunknown.json
2025-08-28 10:50:30 | INFO     | src.processing.processor:_process_file_model_combination:230 - Saved image: prompt81_105028_nano-banana_unknownxunknown.jpeg
2025-08-28 10:50:30 | INFO     | src.processing.discovery:load_prompts:63 - Loaded prompt from prompt82.txt
2025-08-28 10:50:30 | INFO     | src.processing.processor:process_all:103 - Processing combination 12/122: 250824_opus-4-1_censored_light/prompt82.txt + nano-banana
2025-08-28 10:50:30 | DEBUG    | src.processing.processor:_process_file_model_combination:183 - Processing 250824_opus-4-1_censored_light/prompt82.txt: Mid 1800s Stockholm construction site exterior, fu...
2025-08-28 10:50:30 | DEBUG    | src.api.client:_call_with_retry:114 - API call attempt 1/3
2025-08-28 10:50:39 | DEBUG    | src.api.client:_call_with_retry:127 - API call successful
2025-08-28 10:50:42 | INFO     | src.output.writer:save_image:119 - Saved valid image: USER-FILES/05.OUTPUT/250828_104839/nano-banana/250824_opus-4-1_censored_light/prompt82_105039_nano-banana_unknownxunknown.jpeg
2025-08-28 10:50:42 | DEBUG    | src.output.writer:save_image:135 - Saved API payload: USER-FILES/05.OUTPUT/250828_104839/nano-banana/250824_opus-4-1_censored_light/prompt82_105039_nano-banana_unknownxunknown.json
2025-08-28 10:50:42 | INFO     | src.processing.processor:_process_file_model_combination:230 - Saved image: prompt82_105039_nano-banana_unknownxunknown.jpeg
2025-08-28 10:50:42 | INFO     | src.processing.discovery:load_prompts:63 - Loaded prompt from prompt83.txt
2025-08-28 10:50:42 | INFO     | src.processing.processor:process_all:103 - Processing combination 13/122: 250824_opus-4-1_censored_light/prompt83.txt + nano-banana
2025-08-28 10:50:42 | DEBUG    | src.processing.processor:_process_file_model_combination:183 - Processing 250824_opus-4-1_censored_light/prompt83.txt: Mid 1800s Stockholm summer evening, elevated view ...
2025-08-28 10:50:42 | DEBUG    | src.api.client:_call_with_retry:114 - API call attempt 1/3
2025-08-28 10:50:49 | DEBUG    | src.api.client:_call_with_retry:127 - API call successful
2025-08-28 10:50:52 | INFO     | src.output.writer:save_image:119 - Saved valid image: USER-FILES/05.OUTPUT/250828_104839/nano-banana/250824_opus-4-1_censored_light/prompt83_105049_nano-banana_unknownxunknown.jpeg
2025-08-28 10:50:52 | DEBUG    | src.output.writer:save_image:135 - Saved API payload: USER-FILES/05.OUTPUT/250828_104839/nano-banana/250824_opus-4-1_censored_light/prompt83_105049_nano-banana_unknownxunknown.json
2025-08-28 10:50:52 | INFO     | src.processing.processor:_process_file_model_combination:230 - Saved image: prompt83_105049_nano-banana_unknownxunknown.jpeg
2025-08-28 10:50:52 | INFO     | src.processing.discovery:load_prompts:63 - Loaded prompt from prompt84.txt
2025-08-28 10:50:52 | INFO     | src.processing.processor:process_all:103 - Processing combination 14/122: 250824_opus-4-1_censored_light/prompt84.txt + nano-banana
2025-08-28 10:50:52 | DEBUG    | src.processing.processor:_process_file_model_combination:183 - Processing 250824_opus-4-1_censored_light/prompt84.txt: Mid 1800s grand synagogue of Stockholm interior at...
2025-08-28 10:50:52 | DEBUG    | src.api.client:_call_with_retry:114 - API call attempt 1/3
2025-08-28 10:50:59 | DEBUG    | src.api.client:_call_with_retry:127 - API call successful
2025-08-28 10:51:01 | INFO     | src.output.writer:save_image:119 - Saved valid image: USER-FILES/05.OUTPUT/250828_104839/nano-banana/250824_opus-4-1_censored_light/prompt84_105059_nano-banana_unknownxunknown.jpeg
2025-08-28 10:51:01 | DEBUG    | src.output.writer:save_image:135 - Saved API payload: USER-FILES/05.OUTPUT/250828_104839/nano-banana/250824_opus-4-1_censored_light/prompt84_105059_nano-banana_unknownxunknown.json
2025-08-28 10:51:01 | INFO     | src.processing.processor:_process_file_model_combination:230 - Saved image: prompt84_105059_nano-banana_unknownxunknown.jpeg
2025-08-28 10:51:01 | INFO     | src.processing.discovery:load_prompts:63 - Loaded prompt from prompt85.txt
2025-08-28 10:51:01 | INFO     | src.processing.processor:process_all:103 - Processing combination 15/122: 250824_opus-4-1_censored_light/prompt85.txt + nano-banana
2025-08-28 10:51:01 | DEBUG    | src.processing.processor:_process_file_model_combination:183 - Processing 250824_opus-4-1_censored_light/prompt85.txt: Mid 1800s grand synagogue of Stockholm interior at...
2025-08-28 10:51:01 | DEBUG    | src.api.client:_call_with_retry:114 - API call attempt 1/3
2025-08-28 10:51:09 | DEBUG    | src.api.client:_call_with_retry:127 - API call successful
2025-08-28 10:51:12 | INFO     | src.output.writer:save_image:119 - Saved valid image: USER-FILES/05.OUTPUT/250828_104839/nano-banana/250824_opus-4-1_censored_light/prompt85_105109_nano-banana_unknownxunknown.jpeg
2025-08-28 10:51:12 | DEBUG    | src.output.writer:save_image:135 - Saved API payload: USER-FILES/05.OUTPUT/250828_104839/nano-banana/250824_opus-4-1_censored_light/prompt85_105109_nano-banana_unknownxunknown.json
2025-08-28 10:51:12 | INFO     | src.processing.processor:_process_file_model_combination:230 - Saved image: prompt85_105109_nano-banana_unknownxunknown.jpeg
2025-08-28 10:51:12 | INFO     | src.processing.discovery:load_prompts:63 - Loaded prompt from prompt86.txt
2025-08-28 10:51:12 | INFO     | src.processing.processor:process_all:103 - Processing combination 16/122: 250824_opus-4-1_censored_light/prompt86.txt + nano-banana
2025-08-28 10:51:12 | DEBUG    | src.processing.processor:_process_file_model_combination:183 - Processing 250824_opus-4-1_censored_light/prompt86.txt: Mid 1800s grand synagogue of Stockholm interior at...
2025-08-28 10:51:12 | DEBUG    | src.api.client:_call_with_retry:114 - API call attempt 1/3
2025-08-28 10:51:30 | DEBUG    | src.api.client:_call_with_retry:127 - API call successful
2025-08-28 10:51:33 | INFO     | src.output.writer:save_image:119 - Saved valid image: USER-FILES/05.OUTPUT/250828_104839/nano-banana/250824_opus-4-1_censored_light/prompt86_105130_nano-banana_unknownxunknown.jpeg
2025-08-28 10:51:33 | DEBUG    | src.output.writer:save_image:135 - Saved API payload: USER-FILES/05.OUTPUT/250828_104839/nano-banana/250824_opus-4-1_censored_light/prompt86_105130_nano-banana_unknownxunknown.json
2025-08-28 10:51:33 | INFO     | src.processing.processor:_process_file_model_combination:230 - Saved image: prompt86_105130_nano-banana_unknownxunknown.jpeg
2025-08-28 10:51:33 | INFO     | src.processing.discovery:load_prompts:63 - Loaded prompt from prompt87.txt
2025-08-28 10:51:33 | INFO     | src.processing.processor:process_all:103 - Processing combination 17/122: 250824_opus-4-1_censored_light/prompt87.txt + nano-banana
2025-08-28 10:51:33 | DEBUG    | src.processing.processor:_process_file_model_combination:183 - Processing 250824_opus-4-1_censored_light/prompt87.txt: Mid 1800s grand synagogue of Stockholm interior at...
2025-08-28 10:51:33 | DEBUG    | src.api.client:_call_with_retry:114 - API call attempt 1/3
2025-08-28 10:51:41 | DEBUG    | src.api.client:_call_with_retry:127 - API call successful
2025-08-28 10:51:43 | INFO     | src.output.writer:save_image:119 - Saved valid image: USER-FILES/05.OUTPUT/250828_104839/nano-banana/250824_opus-4-1_censored_light/prompt87_105141_nano-banana_unknownxunknown.jpeg
2025-08-28 10:51:43 | DEBUG    | src.output.writer:save_image:135 - Saved API payload: USER-FILES/05.OUTPUT/250828_104839/nano-banana/250824_opus-4-1_censored_light/prompt87_105141_nano-banana_unknownxunknown.json
2025-08-28 10:51:43 | INFO     | src.processing.processor:_process_file_model_combination:230 - Saved image: prompt87_105141_nano-banana_unknownxunknown.jpeg
2025-08-28 10:51:43 | INFO     | src.processing.discovery:load_prompts:63 - Loaded prompt from prompt88.txt
2025-08-28 10:51:43 | INFO     | src.processing.processor:process_all:103 - Processing combination 18/122: 250824_opus-4-1_censored_light/prompt88.txt + nano-banana
2025-08-28 10:51:43 | DEBUG    | src.processing.processor:_process_file_model_combination:183 - Processing 250824_opus-4-1_censored_light/prompt88.txt: Early 1900s affluent merchant home interior, mediu...
2025-08-28 10:51:43 | DEBUG    | src.api.client:_call_with_retry:114 - API call attempt 1/3
2025-08-28 10:51:51 | DEBUG    | src.api.client:_call_with_retry:127 - API call successful
2025-08-28 10:51:54 | INFO     | src.output.writer:save_image:119 - Saved valid image: USER-FILES/05.OUTPUT/250828_104839/nano-banana/250824_opus-4-1_censored_light/prompt88_105151_nano-banana_unknownxunknown.jpeg
2025-08-28 10:51:54 | DEBUG    | src.output.writer:save_image:135 - Saved API payload: USER-FILES/05.OUTPUT/250828_104839/nano-banana/250824_opus-4-1_censored_light/prompt88_105151_nano-banana_unknownxunknown.json
2025-08-28 10:51:54 | INFO     | src.processing.processor:_process_file_model_combination:230 - Saved image: prompt88_105151_nano-banana_unknownxunknown.jpeg
2025-08-28 10:51:54 | INFO     | src.processing.discovery:load_prompts:63 - Loaded prompt from prompt89.txt
2025-08-28 10:51:54 | INFO     | src.processing.processor:process_all:103 - Processing combination 19/122: 250824_opus-4-1_censored_light/prompt89.txt + nano-banana
2025-08-28 10:51:54 | DEBUG    | src.processing.processor:_process_file_model_combination:183 - Processing 250824_opus-4-1_censored_light/prompt89.txt: Early 1900s affluent merchant home interior, mediu...
2025-08-28 10:51:54 | DEBUG    | src.api.client:_call_with_retry:114 - API call attempt 1/3
2025-08-28 10:52:03 | DEBUG    | src.api.client:_call_with_retry:127 - API call successful
2025-08-28 10:52:05 | INFO     | src.output.writer:save_image:119 - Saved valid image: USER-FILES/05.OUTPUT/250828_104839/nano-banana/250824_opus-4-1_censored_light/prompt89_105203_nano-banana_unknownxunknown.jpeg
2025-08-28 10:52:05 | DEBUG    | src.output.writer:save_image:135 - Saved API payload: USER-FILES/05.OUTPUT/250828_104839/nano-banana/250824_opus-4-1_censored_light/prompt89_105203_nano-banana_unknownxunknown.json
2025-08-28 10:52:05 | INFO     | src.processing.processor:_process_file_model_combination:230 - Saved image: prompt89_105203_nano-banana_unknownxunknown.jpeg
2025-08-28 10:52:05 | INFO     | src.processing.discovery:load_prompts:63 - Loaded prompt from prompt90.txt
2025-08-28 10:52:05 | INFO     | src.processing.processor:process_all:103 - Processing combination 20/122: 250824_opus-4-1_censored_light/prompt90.txt + nano-banana
2025-08-28 10:52:05 | DEBUG    | src.processing.processor:_process_file_model_combination:183 - Processing 250824_opus-4-1_censored_light/prompt90.txt: Early 1900s snowy winter in Gamla stan Stockholm, ...
2025-08-28 10:52:05 | DEBUG    | src.api.client:_call_with_retry:114 - API call attempt 1/3
2025-08-28 10:52:12 | DEBUG    | src.api.client:_call_with_retry:127 - API call successful
2025-08-28 10:52:14 | INFO     | src.output.writer:save_image:119 - Saved valid image: USER-FILES/05.OUTPUT/250828_104839/nano-banana/250824_opus-4-1_censored_light/prompt90_105212_nano-banana_unknownxunknown.jpeg
2025-08-28 10:52:14 | DEBUG    | src.output.writer:save_image:135 - Saved API payload: USER-FILES/05.OUTPUT/250828_104839/nano-banana/250824_opus-4-1_censored_light/prompt90_105212_nano-banana_unknownxunknown.json
2025-08-28 10:52:14 | INFO     | src.processing.processor:_process_file_model_combination:230 - Saved image: prompt90_105212_nano-banana_unknownxunknown.jpeg
2025-08-28 10:52:14 | INFO     | src.processing.discovery:load_prompts:63 - Loaded prompt from prompt91.txt
2025-08-28 10:52:14 | INFO     | src.processing.processor:process_all:103 - Processing combination 21/122: 250824_opus-4-1_censored_light/prompt91.txt + nano-banana
2025-08-28 10:52:14 | DEBUG    | src.processing.processor:_process_file_model_combination:183 - Processing 250824_opus-4-1_censored_light/prompt91.txt: Early 1900s Gamla stan docks in winter, close-up o...
2025-08-28 10:52:14 | DEBUG    | src.api.client:_call_with_retry:114 - API call attempt 1/3
2025-08-28 10:52:22 | DEBUG    | src.api.client:_call_with_retry:127 - API call successful
2025-08-28 10:52:25 | INFO     | src.output.writer:save_image:119 - Saved valid image: USER-FILES/05.OUTPUT/250828_104839/nano-banana/250824_opus-4-1_censored_light/prompt91_105222_nano-banana_unknownxunknown.jpeg
2025-08-28 10:52:25 | DEBUG    | src.output.writer:save_image:135 - Saved API payload: USER-FILES/05.OUTPUT/250828_104839/nano-banana/250824_opus-4-1_censored_light/prompt91_105222_nano-banana_unknownxunknown.json
2025-08-28 10:52:25 | INFO     | src.processing.processor:_process_file_model_combination:230 - Saved image: prompt91_105222_nano-banana_unknownxunknown.jpeg
2025-08-28 10:52:25 | INFO     | src.processing.discovery:load_prompts:63 - Loaded prompt from prompt92.txt
2025-08-28 10:52:25 | INFO     | src.processing.processor:process_all:103 - Processing combination 22/122: 250824_opus-4-1_censored_light/prompt92.txt + nano-banana
2025-08-28 10:52:25 | DEBUG    | src.processing.processor:_process_file_model_combination:183 - Processing 250824_opus-4-1_censored_light/prompt92.txt: Early 1900s Gamla stan docks in snowy winter, medi...
2025-08-28 10:52:25 | DEBUG    | src.api.client:_call_with_retry:114 - API call attempt 1/3
2025-08-28 10:52:33 | DEBUG    | src.api.client:_call_with_retry:127 - API call successful
2025-08-28 10:52:36 | INFO     | src.output.writer:save_image:119 - Saved valid image: USER-FILES/05.OUTPUT/250828_104839/nano-banana/250824_opus-4-1_censored_light/prompt92_105233_nano-banana_unknownxunknown.jpeg
2025-08-28 10:52:36 | DEBUG    | src.output.writer:save_image:135 - Saved API payload: USER-FILES/05.OUTPUT/250828_104839/nano-banana/250824_opus-4-1_censored_light/prompt92_105233_nano-banana_unknownxunknown.json
2025-08-28 10:52:36 | INFO     | src.processing.processor:_process_file_model_combination:230 - Saved image: prompt92_105233_nano-banana_unknownxunknown.jpeg
2025-08-28 10:52:36 | INFO     | src.processing.discovery:load_prompts:63 - Loaded prompt from prompt93.txt
2025-08-28 10:52:36 | INFO     | src.processing.processor:process_all:103 - Processing combination 23/122: 250824_opus-4-1_censored_light/prompt93.txt + nano-banana
2025-08-28 10:52:36 | DEBUG    | src.processing.processor:_process_file_model_combination:183 - Processing 250824_opus-4-1_censored_light/prompt93.txt: Early 1900s Stockholm Södermalm street exterior, s...
2025-08-28 10:52:36 | DEBUG    | src.api.client:_call_with_retry:114 - API call attempt 1/3
2025-08-28 10:52:44 | DEBUG    | src.api.client:_call_with_retry:127 - API call successful
2025-08-28 10:52:47 | INFO     | src.output.writer:save_image:119 - Saved valid image: USER-FILES/05.OUTPUT/250828_104839/nano-banana/250824_opus-4-1_censored_light/prompt93_105244_nano-banana_unknownxunknown.jpeg
2025-08-28 10:52:47 | DEBUG    | src.output.writer:save_image:135 - Saved API payload: USER-FILES/05.OUTPUT/250828_104839/nano-banana/250824_opus-4-1_censored_light/prompt93_105244_nano-banana_unknownxunknown.json
2025-08-28 10:52:47 | INFO     | src.processing.processor:_process_file_model_combination:230 - Saved image: prompt93_105244_nano-banana_unknownxunknown.jpeg
2025-08-28 10:52:47 | INFO     | src.processing.discovery:load_prompts:63 - Loaded prompt from prompt94.txt
2025-08-28 10:52:47 | INFO     | src.processing.processor:process_all:103 - Processing combination 24/122: 250824_opus-4-1_censored_light/prompt94.txt + nano-banana
2025-08-28 10:52:47 | DEBUG    | src.processing.processor:_process_file_model_combination:183 - Processing 250824_opus-4-1_censored_light/prompt94.txt: Early 1900s grand synagogue interior Stockholm, me...
2025-08-28 10:52:47 | DEBUG    | src.api.client:_call_with_retry:114 - API call attempt 1/3
2025-08-28 10:52:55 | DEBUG    | src.api.client:_call_with_retry:127 - API call successful
2025-08-28 10:52:57 | INFO     | src.output.writer:save_image:119 - Saved valid image: USER-FILES/05.OUTPUT/250828_104839/nano-banana/250824_opus-4-1_censored_light/prompt94_105255_nano-banana_unknownxunknown.jpeg
2025-08-28 10:52:57 | DEBUG    | src.output.writer:save_image:135 - Saved API payload: USER-FILES/05.OUTPUT/250828_104839/nano-banana/250824_opus-4-1_censored_light/prompt94_105255_nano-banana_unknownxunknown.json
2025-08-28 10:52:57 | INFO     | src.processing.processor:_process_file_model_combination:230 - Saved image: prompt94_105255_nano-banana_unknownxunknown.jpeg
2025-08-28 10:52:57 | INFO     | src.processing.discovery:load_prompts:63 - Loaded prompt from prompt95.txt
2025-08-28 10:52:57 | INFO     | src.processing.processor:process_all:103 - Processing combination 25/122: 250824_opus-4-1_censored_light/prompt95.txt + nano-banana
2025-08-28 10:52:57 | DEBUG    | src.processing.processor:_process_file_model_combination:183 - Processing 250824_opus-4-1_censored_light/prompt95.txt: Early 1900s grand synagogue interior Stockholm, cl...
2025-08-28 10:52:57 | DEBUG    | src.api.client:_call_with_retry:114 - API call attempt 1/3
2025-08-28 10:53:18 | DEBUG    | src.api.client:_call_with_retry:127 - API call successful
2025-08-28 10:53:20 | INFO     | src.output.writer:save_image:119 - Saved valid image: USER-FILES/05.OUTPUT/250828_104839/nano-banana/250824_opus-4-1_censored_light/prompt95_105318_nano-banana_unknownxunknown.jpeg
2025-08-28 10:53:20 | DEBUG    | src.output.writer:save_image:135 - Saved API payload: USER-FILES/05.OUTPUT/250828_104839/nano-banana/250824_opus-4-1_censored_light/prompt95_105318_nano-banana_unknownxunknown.json
2025-08-28 10:53:20 | INFO     | src.processing.processor:_process_file_model_combination:230 - Saved image: prompt95_105318_nano-banana_unknownxunknown.jpeg
2025-08-28 10:53:20 | INFO     | src.processing.discovery:load_prompts:63 - Loaded prompt from prompt96.txt
2025-08-28 10:53:20 | INFO     | src.processing.processor:process_all:103 - Processing combination 26/122: 250824_opus-4-1_censored_light/prompt96.txt + nano-banana
2025-08-28 10:53:20 | DEBUG    | src.processing.processor:_process_file_model_combination:183 - Processing 250824_opus-4-1_censored_light/prompt96.txt: Early 1900s Stockholm Södermalm exterior, elevated...
2025-08-28 10:53:20 | DEBUG    | src.api.client:_call_with_retry:114 - API call attempt 1/3
2025-08-28 10:53:28 | DEBUG    | src.api.client:_call_with_retry:127 - API call successful
2025-08-28 10:53:31 | INFO     | src.output.writer:save_image:119 - Saved valid image: USER-FILES/05.OUTPUT/250828_104839/nano-banana/250824_opus-4-1_censored_light/prompt96_105328_nano-banana_unknownxunknown.jpeg
2025-08-28 10:53:31 | DEBUG    | src.output.writer:save_image:135 - Saved API payload: USER-FILES/05.OUTPUT/250828_104839/nano-banana/250824_opus-4-1_censored_light/prompt96_105328_nano-banana_unknownxunknown.json
2025-08-28 10:53:31 | INFO     | src.processing.processor:_process_file_model_combination:230 - Saved image: prompt96_105328_nano-banana_unknownxunknown.jpeg
2025-08-28 10:53:31 | INFO     | src.processing.discovery:load_prompts:63 - Loaded prompt from prompt97.txt
2025-08-28 10:53:31 | INFO     | src.processing.processor:process_all:103 - Processing combination 27/122: 250824_opus-4-1_censored_light/prompt97.txt + nano-banana
2025-08-28 10:53:31 | DEBUG    | src.processing.processor:_process_file_model_combination:183 - Processing 250824_opus-4-1_censored_light/prompt97.txt: Early 1900s Stockholm Södermalm market exterior, w...
2025-08-28 10:53:31 | DEBUG    | src.api.client:_call_with_retry:114 - API call attempt 1/3
2025-08-28 10:53:38 | DEBUG    | src.api.client:_call_with_retry:127 - API call successful
2025-08-28 10:53:41 | INFO     | src.output.writer:save_image:119 - Saved valid image: USER-FILES/05.OUTPUT/250828_104839/nano-banana/250824_opus-4-1_censored_light/prompt97_105338_nano-banana_unknownxunknown.jpeg
2025-08-28 10:53:41 | DEBUG    | src.output.writer:save_image:135 - Saved API payload: USER-FILES/05.OUTPUT/250828_104839/nano-banana/250824_opus-4-1_censored_light/prompt97_105338_nano-banana_unknownxunknown.json
2025-08-28 10:53:41 | INFO     | src.processing.processor:_process_file_model_combination:230 - Saved image: prompt97_105338_nano-banana_unknownxunknown.jpeg
2025-08-28 10:53:41 | INFO     | src.processing.discovery:load_prompts:63 - Loaded prompt from prompt98.txt
2025-08-28 10:53:41 | INFO     | src.processing.processor:process_all:103 - Processing combination 28/122: 250824_opus-4-1_censored_light/prompt98.txt + nano-banana
2025-08-28 10:53:41 | DEBUG    | src.processing.processor:_process_file_model_combination:183 - Processing 250824_opus-4-1_censored_light/prompt98.txt: Early 1900s Stockholm Södermalm exterior, full-fig...
2025-08-28 10:53:41 | DEBUG    | src.api.client:_call_with_retry:114 - API call attempt 1/3
2025-08-28 10:53:49 | DEBUG    | src.api.client:_call_with_retry:127 - API call successful
2025-08-28 10:53:52 | INFO     | src.output.writer:save_image:119 - Saved valid image: USER-FILES/05.OUTPUT/250828_104839/nano-banana/250824_opus-4-1_censored_light/prompt98_105349_nano-banana_unknownxunknown.jpeg
2025-08-28 10:53:52 | DEBUG    | src.output.writer:save_image:135 - Saved API payload: USER-FILES/05.OUTPUT/250828_104839/nano-banana/250824_opus-4-1_censored_light/prompt98_105349_nano-banana_unknownxunknown.json
2025-08-28 10:53:52 | INFO     | src.processing.processor:_process_file_model_combination:230 - Saved image: prompt98_105349_nano-banana_unknownxunknown.jpeg
2025-08-28 10:53:52 | INFO     | src.processing.discovery:load_prompts:63 - Loaded prompt from prompt99.txt
2025-08-28 10:53:52 | INFO     | src.processing.processor:process_all:103 - Processing combination 29/122: 250824_opus-4-1_censored_light/prompt99.txt + nano-banana
2025-08-28 10:53:52 | DEBUG    | src.processing.processor:_process_file_model_combination:183 - Processing 250824_opus-4-1_censored_light/prompt99.txt: Early 1900s Stockholm Södermalm exterior, wide sho...
2025-08-28 10:53:52 | DEBUG    | src.api.client:_call_with_retry:114 - API call attempt 1/3
2025-08-28 10:54:00 | DEBUG    | src.api.client:_call_with_retry:127 - API call successful
2025-08-28 10:54:02 | INFO     | src.output.writer:save_image:119 - Saved valid image: USER-FILES/05.OUTPUT/250828_104839/nano-banana/250824_opus-4-1_censored_light/prompt99_105400_nano-banana_unknownxunknown.jpeg
2025-08-28 10:54:02 | DEBUG    | src.output.writer:save_image:135 - Saved API payload: USER-FILES/05.OUTPUT/250828_104839/nano-banana/250824_opus-4-1_censored_light/prompt99_105400_nano-banana_unknownxunknown.json
2025-08-28 10:54:02 | INFO     | src.processing.processor:_process_file_model_combination:230 - Saved image: prompt99_105400_nano-banana_unknownxunknown.jpeg
2025-08-28 10:54:02 | INFO     | src.processing.discovery:load_prompts:63 - Loaded prompt from prompt100.txt
2025-08-28 10:54:02 | INFO     | src.processing.processor:process_all:103 - Processing combination 30/122: 250824_opus-4-1_censored_light/prompt100.txt + nano-banana
2025-08-28 10:54:02 | DEBUG    | src.processing.processor:_process_file_model_combination:183 - Processing 250824_opus-4-1_censored_light/prompt100.txt: Early 1900s small synagogue interior in Stockholm,...
2025-08-28 10:54:02 | DEBUG    | src.api.client:_call_with_retry:114 - API call attempt 1/3
2025-08-28 10:54:10 | DEBUG    | src.api.client:_call_with_retry:127 - API call successful
2025-08-28 10:54:12 | INFO     | src.output.writer:save_image:119 - Saved valid image: USER-FILES/05.OUTPUT/250828_104839/nano-banana/250824_opus-4-1_censored_light/prompt100_105410_nano-banana_unknownxunknown.jpeg
2025-08-28 10:54:12 | DEBUG    | src.output.writer:save_image:135 - Saved API payload: USER-FILES/05.OUTPUT/250828_104839/nano-banana/250824_opus-4-1_censored_light/prompt100_105410_nano-banana_unknownxunknown.json
2025-08-28 10:54:12 | INFO     | src.processing.processor:_process_file_model_combination:230 - Saved image: prompt100_105410_nano-banana_unknownxunknown.jpeg
2025-08-28 10:54:12 | INFO     | src.processing.discovery:load_prompts:63 - Loaded prompt from prompt101.txt
2025-08-28 10:54:12 | INFO     | src.processing.processor:process_all:103 - Processing combination 31/122: 250824_opus-4-1_censored_light/prompt101.txt + nano-banana
2025-08-28 10:54:12 | DEBUG    | src.processing.processor:_process_file_model_combination:183 - Processing 250824_opus-4-1_censored_light/prompt101.txt: Early 1900s small synagogue interior in Stockholm,...
2025-08-28 10:54:12 | DEBUG    | src.api.client:_call_with_retry:114 - API call attempt 1/3
2025-08-28 10:54:21 | DEBUG    | src.api.client:_call_with_retry:127 - API call successful
2025-08-28 10:54:23 | INFO     | src.output.writer:save_image:119 - Saved valid image: USER-FILES/05.OUTPUT/250828_104839/nano-banana/250824_opus-4-1_censored_light/prompt101_105421_nano-banana_unknownxunknown.jpeg
2025-08-28 10:54:23 | DEBUG    | src.output.writer:save_image:135 - Saved API payload: USER-FILES/05.OUTPUT/250828_104839/nano-banana/250824_opus-4-1_censored_light/prompt101_105421_nano-banana_unknownxunknown.json
2025-08-28 10:54:23 | INFO     | src.processing.processor:_process_file_model_combination:230 - Saved image: prompt101_105421_nano-banana_unknownxunknown.jpeg
2025-08-28 10:54:23 | INFO     | src.processing.discovery:load_prompts:63 - Loaded prompt from prompt102.txt
2025-08-28 10:54:23 | INFO     | src.processing.processor:process_all:103 - Processing combination 32/122: 250824_opus-4-1_censored_light/prompt102.txt + nano-banana
2025-08-28 10:54:23 | DEBUG    | src.processing.processor:_process_file_model_combination:183 - Processing 250824_opus-4-1_censored_light/prompt102.txt: Early 1900s small synagogue interior in Stockholm,...
2025-08-28 10:54:23 | DEBUG    | src.api.client:_call_with_retry:114 - API call attempt 1/3
2025-08-28 10:54:48 | DEBUG    | src.api.client:_call_with_retry:127 - API call successful
2025-08-28 10:54:50 | INFO     | src.output.writer:save_image:119 - Saved valid image: USER-FILES/05.OUTPUT/250828_104839/nano-banana/250824_opus-4-1_censored_light/prompt102_105448_nano-banana_unknownxunknown.jpeg
2025-08-28 10:54:50 | DEBUG    | src.output.writer:save_image:135 - Saved API payload: USER-FILES/05.OUTPUT/250828_104839/nano-banana/250824_opus-4-1_censored_light/prompt102_105448_nano-banana_unknownxunknown.json
2025-08-28 10:54:50 | INFO     | src.processing.processor:_process_file_model_combination:230 - Saved image: prompt102_105448_nano-banana_unknownxunknown.jpeg
2025-08-28 10:54:50 | INFO     | src.processing.discovery:load_prompts:63 - Loaded prompt from prompt103.txt
2025-08-28 10:54:50 | INFO     | src.processing.processor:process_all:103 - Processing combination 33/122: 250824_opus-4-1_censored_light/prompt103.txt + nano-banana
2025-08-28 10:54:50 | DEBUG    | src.processing.processor:_process_file_model_combination:183 - Processing 250824_opus-4-1_censored_light/prompt103.txt: Early 1900s small synagogue interior in Stockholm,...
2025-08-28 10:54:50 | DEBUG    | src.api.client:_call_with_retry:114 - API call attempt 1/3
2025-08-28 10:54:58 | DEBUG    | src.api.client:_call_with_retry:127 - API call successful
2025-08-28 10:55:00 | INFO     | src.output.writer:save_image:119 - Saved valid image: USER-FILES/05.OUTPUT/250828_104839/nano-banana/250824_opus-4-1_censored_light/prompt103_105458_nano-banana_unknownxunknown.jpeg
2025-08-28 10:55:00 | DEBUG    | src.output.writer:save_image:135 - Saved API payload: USER-FILES/05.OUTPUT/250828_104839/nano-banana/250824_opus-4-1_censored_light/prompt103_105458_nano-banana_unknownxunknown.json
2025-08-28 10:55:00 | INFO     | src.processing.processor:_process_file_model_combination:230 - Saved image: prompt103_105458_nano-banana_unknownxunknown.jpeg
2025-08-28 10:55:00 | INFO     | src.processing.discovery:load_prompts:63 - Loaded prompt from prompt104.txt
2025-08-28 10:55:00 | INFO     | src.processing.processor:process_all:103 - Processing combination 34/122: 250824_opus-4-1_censored_light/prompt104.txt + nano-banana
2025-08-28 10:55:00 | DEBUG    | src.processing.processor:_process_file_model_combination:183 - Processing 250824_opus-4-1_censored_light/prompt104.txt: Early 1900s Jewish family home interior, full shot...
2025-08-28 10:55:00 | DEBUG    | src.api.client:_call_with_retry:114 - API call attempt 1/3
2025-08-28 10:55:10 | DEBUG    | src.api.client:_call_with_retry:127 - API call successful
2025-08-28 10:55:12 | INFO     | src.output.writer:save_image:119 - Saved valid image: USER-FILES/05.OUTPUT/250828_104839/nano-banana/250824_opus-4-1_censored_light/prompt104_105510_nano-banana_unknownxunknown.jpeg
2025-08-28 10:55:12 | DEBUG    | src.output.writer:save_image:135 - Saved API payload: USER-FILES/05.OUTPUT/250828_104839/nano-banana/250824_opus-4-1_censored_light/prompt104_105510_nano-banana_unknownxunknown.json
2025-08-28 10:55:12 | INFO     | src.processing.processor:_process_file_model_combination:230 - Saved image: prompt104_105510_nano-banana_unknownxunknown.jpeg
2025-08-28 10:55:12 | INFO     | src.processing.discovery:load_prompts:63 - Loaded prompt from prompt105.txt
2025-08-28 10:55:12 | INFO     | src.processing.processor:process_all:103 - Processing combination 35/122: 250824_opus-4-1_censored_light/prompt105.txt + nano-banana
2025-08-28 10:55:12 | DEBUG    | src.processing.processor:_process_file_model_combination:183 - Processing 250824_opus-4-1_censored_light/prompt105.txt: Early 1900s Jewish family home interior, medium cl...
2025-08-28 10:55:12 | DEBUG    | src.api.client:_call_with_retry:114 - API call attempt 1/3
2025-08-28 10:55:20 | DEBUG    | src.api.client:_call_with_retry:127 - API call successful
2025-08-28 10:55:22 | INFO     | src.output.writer:save_image:119 - Saved valid image: USER-FILES/05.OUTPUT/250828_104839/nano-banana/250824_opus-4-1_censored_light/prompt105_105520_nano-banana_unknownxunknown.jpeg
2025-08-28 10:55:22 | DEBUG    | src.output.writer:save_image:135 - Saved API payload: USER-FILES/05.OUTPUT/250828_104839/nano-banana/250824_opus-4-1_censored_light/prompt105_105520_nano-banana_unknownxunknown.json
2025-08-28 10:55:22 | INFO     | src.processing.processor:_process_file_model_combination:230 - Saved image: prompt105_105520_nano-banana_unknownxunknown.jpeg
2025-08-28 10:55:22 | INFO     | src.processing.discovery:load_prompts:63 - Loaded prompt from prompt106.txt
2025-08-28 10:55:22 | INFO     | src.processing.processor:process_all:103 - Processing combination 36/122: 250824_opus-4-1_censored_light/prompt106.txt + nano-banana
2025-08-28 10:55:22 | DEBUG    | src.processing.processor:_process_file_model_combination:183 - Processing 250824_opus-4-1_censored_light/prompt106.txt: Early 1900s Jewish family home interior, medium wi...
2025-08-28 10:55:22 | DEBUG    | src.api.client:_call_with_retry:114 - API call attempt 1/3
2025-08-28 10:55:30 | DEBUG    | src.api.client:_call_with_retry:127 - API call successful
2025-08-28 10:55:32 | INFO     | src.output.writer:save_image:119 - Saved valid image: USER-FILES/05.OUTPUT/250828_104839/nano-banana/250824_opus-4-1_censored_light/prompt106_105530_nano-banana_unknownxunknown.jpeg
2025-08-28 10:55:32 | DEBUG    | src.output.writer:save_image:135 - Saved API payload: USER-FILES/05.OUTPUT/250828_104839/nano-banana/250824_opus-4-1_censored_light/prompt106_105530_nano-banana_unknownxunknown.json
2025-08-28 10:55:32 | INFO     | src.processing.processor:_process_file_model_combination:230 - Saved image: prompt106_105530_nano-banana_unknownxunknown.jpeg
2025-08-28 10:55:32 | INFO     | src.processing.discovery:load_prompts:63 - Loaded prompt from prompt107.txt
2025-08-28 10:55:32 | INFO     | src.processing.processor:process_all:103 - Processing combination 37/122: 250824_opus-4-1_censored_light/prompt107.txt + nano-banana
2025-08-28 10:55:32 | DEBUG    | src.processing.processor:_process_file_model_combination:183 - Processing 250824_opus-4-1_censored_light/prompt107.txt: Early 1900s Jewish family home interior, close-up ...
2025-08-28 10:55:32 | DEBUG    | src.api.client:_call_with_retry:114 - API call attempt 1/3
2025-08-28 10:55:42 | DEBUG    | src.api.client:_call_with_retry:127 - API call successful
2025-08-28 10:55:44 | INFO     | src.output.writer:save_image:119 - Saved valid image: USER-FILES/05.OUTPUT/250828_104839/nano-banana/250824_opus-4-1_censored_light/prompt107_105542_nano-banana_unknownxunknown.jpeg
2025-08-28 10:55:44 | DEBUG    | src.output.writer:save_image:135 - Saved API payload: USER-FILES/05.OUTPUT/250828_104839/nano-banana/250824_opus-4-1_censored_light/prompt107_105542_nano-banana_unknownxunknown.json
2025-08-28 10:55:44 | INFO     | src.processing.processor:_process_file_model_combination:230 - Saved image: prompt107_105542_nano-banana_unknownxunknown.jpeg
2025-08-28 10:55:44 | INFO     | src.processing.discovery:load_prompts:63 - Loaded prompt from prompt108.txt
2025-08-28 10:55:44 | INFO     | src.processing.processor:process_all:103 - Processing combination 38/122: 250824_opus-4-1_censored_light/prompt108.txt + nano-banana
2025-08-28 10:55:44 | DEBUG    | src.processing.processor:_process_file_model_combination:183 - Processing 250824_opus-4-1_censored_light/prompt108.txt: Early 1900s working class residence backyard exter...
2025-08-28 10:55:44 | DEBUG    | src.api.client:_call_with_retry:114 - API call attempt 1/3
2025-08-28 10:55:52 | DEBUG    | src.api.client:_call_with_retry:127 - API call successful
2025-08-28 10:55:54 | INFO     | src.output.writer:save_image:119 - Saved valid image: USER-FILES/05.OUTPUT/250828_104839/nano-banana/250824_opus-4-1_censored_light/prompt108_105552_nano-banana_unknownxunknown.jpeg
2025-08-28 10:55:54 | DEBUG    | src.output.writer:save_image:135 - Saved API payload: USER-FILES/05.OUTPUT/250828_104839/nano-banana/250824_opus-4-1_censored_light/prompt108_105552_nano-banana_unknownxunknown.json
2025-08-28 10:55:54 | INFO     | src.processing.processor:_process_file_model_combination:230 - Saved image: prompt108_105552_nano-banana_unknownxunknown.jpeg
2025-08-28 10:55:54 | INFO     | src.processing.discovery:load_prompts:63 - Loaded prompt from prompt109.txt
2025-08-28 10:55:54 | INFO     | src.processing.processor:process_all:103 - Processing combination 39/122: 250824_opus-4-1_censored_light/prompt109.txt + nano-banana
2025-08-28 10:55:54 | DEBUG    | src.processing.processor:_process_file_model_combination:183 - Processing 250824_opus-4-1_censored_light/prompt109.txt: Early 1900s working class residence backyard exter...
2025-08-28 10:55:54 | DEBUG    | src.api.client:_call_with_retry:114 - API call attempt 1/3
2025-08-28 10:56:03 | DEBUG    | src.api.client:_call_with_retry:127 - API call successful
2025-08-28 10:56:05 | INFO     | src.output.writer:save_image:119 - Saved valid image: USER-FILES/05.OUTPUT/250828_104839/nano-banana/250824_opus-4-1_censored_light/prompt109_105603_nano-banana_unknownxunknown.jpeg
2025-08-28 10:56:05 | DEBUG    | src.output.writer:save_image:135 - Saved API payload: USER-FILES/05.OUTPUT/250828_104839/nano-banana/250824_opus-4-1_censored_light/prompt109_105603_nano-banana_unknownxunknown.json
2025-08-28 10:56:05 | INFO     | src.processing.processor:_process_file_model_combination:230 - Saved image: prompt109_105603_nano-banana_unknownxunknown.jpeg
2025-08-28 10:56:05 | INFO     | src.processing.discovery:load_prompts:63 - Loaded prompt from prompt110.txt
2025-08-28 10:56:05 | INFO     | src.processing.processor:process_all:103 - Processing combination 40/122: 250824_opus-4-1_censored_light/prompt110.txt + nano-banana
2025-08-28 10:56:05 | DEBUG    | src.processing.processor:_process_file_model_combination:183 - Processing 250824_opus-4-1_censored_light/prompt110.txt: Early 1900s working class residence backyard exter...
2025-08-28 10:56:05 | DEBUG    | src.api.client:_call_with_retry:114 - API call attempt 1/3
2025-08-28 10:56:13 | DEBUG    | src.api.client:_call_with_retry:127 - API call successful
2025-08-28 10:56:16 | INFO     | src.output.writer:save_image:119 - Saved valid image: USER-FILES/05.OUTPUT/250828_104839/nano-banana/250824_opus-4-1_censored_light/prompt110_105613_nano-banana_unknownxunknown.jpeg
2025-08-28 10:56:16 | DEBUG    | src.output.writer:save_image:135 - Saved API payload: USER-FILES/05.OUTPUT/250828_104839/nano-banana/250824_opus-4-1_censored_light/prompt110_105613_nano-banana_unknownxunknown.json
2025-08-28 10:56:16 | INFO     | src.processing.processor:_process_file_model_combination:230 - Saved image: prompt110_105613_nano-banana_unknownxunknown.jpeg
2025-08-28 10:56:16 | INFO     | src.processing.discovery:load_prompts:63 - Loaded prompt from prompt111.txt
2025-08-28 10:56:16 | INFO     | src.processing.processor:process_all:103 - Processing combination 41/122: 250824_opus-4-1_censored_light/prompt111.txt + nano-banana
2025-08-28 10:56:16 | DEBUG    | src.processing.processor:_process_file_model_combination:183 - Processing 250824_opus-4-1_censored_light/prompt111.txt: Early 1900s working class residence backyard exter...
2025-08-28 10:56:16 | DEBUG    | src.api.client:_call_with_retry:114 - API call attempt 1/3
2025-08-28 10:56:25 | DEBUG    | src.api.client:_call_with_retry:127 - API call successful
2025-08-28 10:56:27 | INFO     | src.output.writer:save_image:119 - Saved valid image: USER-FILES/05.OUTPUT/250828_104839/nano-banana/250824_opus-4-1_censored_light/prompt111_105625_nano-banana_unknownxunknown.jpeg
2025-08-28 10:56:27 | DEBUG    | src.output.writer:save_image:135 - Saved API payload: USER-FILES/05.OUTPUT/250828_104839/nano-banana/250824_opus-4-1_censored_light/prompt111_105625_nano-banana_unknownxunknown.json
2025-08-28 10:56:27 | INFO     | src.processing.processor:_process_file_model_combination:230 - Saved image: prompt111_105625_nano-banana_unknownxunknown.jpeg
2025-08-28 10:56:27 | INFO     | src.processing.discovery:load_prompts:63 - Loaded prompt from prompt112.txt
2025-08-28 10:56:27 | INFO     | src.processing.processor:process_all:103 - Processing combination 42/122: 250824_opus-4-1_censored_light/prompt112.txt + nano-banana
2025-08-28 10:56:27 | DEBUG    | src.processing.processor:_process_file_model_combination:183 - Processing 250824_opus-4-1_censored_light/prompt112.txt: Early 1900s train station platform exterior, summe...
2025-08-28 10:56:27 | DEBUG    | src.api.client:_call_with_retry:114 - API call attempt 1/3
2025-08-28 10:56:35 | DEBUG    | src.api.client:_call_with_retry:127 - API call successful
2025-08-28 10:56:38 | INFO     | src.output.writer:save_image:119 - Saved valid image: USER-FILES/05.OUTPUT/250828_104839/nano-banana/250824_opus-4-1_censored_light/prompt112_105635_nano-banana_unknownxunknown.jpeg
2025-08-28 10:56:38 | DEBUG    | src.output.writer:save_image:135 - Saved API payload: USER-FILES/05.OUTPUT/250828_104839/nano-banana/250824_opus-4-1_censored_light/prompt112_105635_nano-banana_unknownxunknown.json
2025-08-28 10:56:38 | INFO     | src.processing.processor:_process_file_model_combination:230 - Saved image: prompt112_105635_nano-banana_unknownxunknown.jpeg
2025-08-28 10:56:38 | INFO     | src.processing.discovery:load_prompts:63 - Loaded prompt from prompt113.txt
2025-08-28 10:56:38 | INFO     | src.processing.processor:process_all:103 - Processing combination 43/122: 250824_opus-4-1_censored_light/prompt113.txt + nano-banana
2025-08-28 10:56:38 | DEBUG    | src.processing.processor:_process_file_model_combination:183 - Processing 250824_opus-4-1_censored_light/prompt113.txt: Early 1900s train station platform exterior, summe...
2025-08-28 10:56:38 | DEBUG    | src.api.client:_call_with_retry:114 - API call attempt 1/3
2025-08-28 10:56:46 | DEBUG    | src.api.client:_call_with_retry:127 - API call successful
2025-08-28 10:56:47 | INFO     | src.output.writer:save_image:119 - Saved valid image: USER-FILES/05.OUTPUT/250828_104839/nano-banana/250824_opus-4-1_censored_light/prompt113_105646_nano-banana_unknownxunknown.jpeg
2025-08-28 10:56:47 | DEBUG    | src.output.writer:save_image:135 - Saved API payload: USER-FILES/05.OUTPUT/250828_104839/nano-banana/250824_opus-4-1_censored_light/prompt113_105646_nano-banana_unknownxunknown.json
2025-08-28 10:56:47 | INFO     | src.processing.processor:_process_file_model_combination:230 - Saved image: prompt113_105646_nano-banana_unknownxunknown.jpeg
2025-08-28 10:56:47 | INFO     | src.processing.discovery:load_prompts:63 - Loaded prompt from prompt114.txt
2025-08-28 10:56:47 | INFO     | src.processing.processor:process_all:103 - Processing combination 44/122: 250824_opus-4-1_censored_light/prompt114.txt + nano-banana
2025-08-28 10:56:47 | DEBUG    | src.processing.processor:_process_file_model_combination:183 - Processing 250824_opus-4-1_censored_light/prompt114.txt: Early 1900s train station exterior, wide shot of p...
2025-08-28 10:56:47 | DEBUG    | src.api.client:_call_with_retry:114 - API call attempt 1/3
2025-08-28 10:56:56 | DEBUG    | src.api.client:_call_with_retry:127 - API call successful
2025-08-28 10:56:59 | INFO     | src.output.writer:save_image:119 - Saved valid image: USER-FILES/05.OUTPUT/250828_104839/nano-banana/250824_opus-4-1_censored_light/prompt114_105656_nano-banana_unknownxunknown.jpeg
2025-08-28 10:56:59 | DEBUG    | src.output.writer:save_image:135 - Saved API payload: USER-FILES/05.OUTPUT/250828_104839/nano-banana/250824_opus-4-1_censored_light/prompt114_105656_nano-banana_unknownxunknown.json
2025-08-28 10:56:59 | INFO     | src.processing.processor:_process_file_model_combination:230 - Saved image: prompt114_105656_nano-banana_unknownxunknown.jpeg
2025-08-28 10:56:59 | INFO     | src.processing.discovery:load_prompts:63 - Loaded prompt from prompt115.txt
2025-08-28 10:56:59 | INFO     | src.processing.processor:process_all:103 - Processing combination 45/122: 250824_opus-4-1_censored_light/prompt115.txt + nano-banana
2025-08-28 10:56:59 | DEBUG    | src.processing.processor:_process_file_model_combination:183 - Processing 250824_opus-4-1_censored_light/prompt115.txt: Early 1900s train station platform exterior, summe...
2025-08-28 10:56:59 | DEBUG    | src.api.client:_call_with_retry:114 - API call attempt 1/3
2025-08-28 10:57:07 | DEBUG    | src.api.client:_call_with_retry:127 - API call successful
2025-08-28 10:57:09 | INFO     | src.output.writer:save_image:119 - Saved valid image: USER-FILES/05.OUTPUT/250828_104839/nano-banana/250824_opus-4-1_censored_light/prompt115_105707_nano-banana_unknownxunknown.jpeg
2025-08-28 10:57:09 | DEBUG    | src.output.writer:save_image:135 - Saved API payload: USER-FILES/05.OUTPUT/250828_104839/nano-banana/250824_opus-4-1_censored_light/prompt115_105707_nano-banana_unknownxunknown.json
2025-08-28 10:57:09 | INFO     | src.processing.processor:_process_file_model_combination:230 - Saved image: prompt115_105707_nano-banana_unknownxunknown.jpeg
2025-08-28 10:57:09 | INFO     | src.processing.discovery:load_prompts:63 - Loaded prompt from prompt116.txt
2025-08-28 10:57:09 | INFO     | src.processing.processor:process_all:103 - Processing combination 46/122: 250824_opus-4-1_censored_light/prompt116.txt + nano-banana
2025-08-28 10:57:09 | DEBUG    | src.processing.processor:_process_file_model_combination:183 - Processing 250824_opus-4-1_censored_light/prompt116.txt: 1930s Nuremberg exterior at blue hour, medium wide...
2025-08-28 10:57:09 | DEBUG    | src.api.client:_call_with_retry:114 - API call attempt 1/3
2025-08-28 10:57:16 | ERROR    | src.api.client:_call_with_retry:140 - Error on attempt 1: [{'loc': ['body', 'prompt'], 'msg': 'The content could not be processed because it contained material flagged by a content checker.', 'type': 'content_policy_violation', 'url': 'https://docs.fal.ai/errors#content_policy_violation', 'input': {'prompt': '1930s Nuremberg exterior at blue hour, medium wide shot tracking fascist leader from behind walking through massive crowd. Excited supporters pushing against barriers, arms raised in salutes. Cold atmospheric twilight mixing with warm torch flames and sweeping searchlight beams cutting through dusk sky, summer evening atmosphere.', 'num_images': 1, 'output_format': 'jpeg', 'sync_mode': False}}]
2025-08-28 10:57:16 | INFO     | src.api.client:_call_with_retry:144 - Retrying in 2s...
2025-08-28 10:57:18 | DEBUG    | src.api.client:_call_with_retry:114 - API call attempt 2/3
2025-08-28 10:57:27 | ERROR    | src.api.client:_call_with_retry:140 - Error on attempt 2: [{'loc': ['body', 'prompt'], 'msg': 'The content could not be processed because it contained material flagged by a content checker.', 'type': 'content_policy_violation', 'url': 'https://docs.fal.ai/errors#content_policy_violation', 'input': {'prompt': '1930s Nuremberg exterior at blue hour, medium wide shot tracking fascist leader from behind walking through massive crowd. Excited supporters pushing against barriers, arms raised in salutes. Cold atmospheric twilight mixing with warm torch flames and sweeping searchlight beams cutting through dusk sky, summer evening atmosphere.', 'num_images': 1, 'output_format': 'jpeg', 'sync_mode': False}}]
2025-08-28 10:57:27 | INFO     | src.api.client:_call_with_retry:144 - Retrying in 4s...
2025-08-28 10:57:31 | DEBUG    | src.api.client:_call_with_retry:114 - API call attempt 3/3
2025-08-28 10:57:37 | ERROR    | src.api.client:_call_with_retry:140 - Error on attempt 3: [{'loc': ['body', 'prompt'], 'msg': 'The content could not be processed because it contained material flagged by a content checker.', 'type': 'content_policy_violation', 'url': 'https://docs.fal.ai/errors#content_policy_violation', 'input': {'prompt': '1930s Nuremberg exterior at blue hour, medium wide shot tracking fascist leader from behind walking through massive crowd. Excited supporters pushing against barriers, arms raised in salutes. Cold atmospheric twilight mixing with warm torch flames and sweeping searchlight beams cutting through dusk sky, summer evening atmosphere.', 'num_images': 1, 'output_format': 'jpeg', 'sync_mode': False}}]
2025-08-28 10:57:37 | ERROR    | src.processing.processor:_process_file_model_combination:233 - Failed to generate image for 250824_opus-4-1_censored_light/prompt116.txt: [{'loc': ['body', 'prompt'], 'msg': 'The content could not be processed because it contained material flagged by a content checker.', 'type': 'content_policy_violation', 'url': 'https://docs.fal.ai/errors#content_policy_violation', 'input': {'prompt': '1930s Nuremberg exterior at blue hour, medium wide shot tracking fascist leader from behind walking through massive crowd. Excited supporters pushing against barriers, arms raised in salutes. Cold atmospheric twilight mixing with warm torch flames and sweeping searchlight beams cutting through dusk sky, summer evening atmosphere.', 'num_images': 1, 'output_format': 'jpeg', 'sync_mode': False}}]
2025-08-28 10:57:37 | ERROR    | src.processing.processor:process_all:128 - Failed processing 250824_opus-4-1_censored_light/prompt116.txt + nano-banana: [{'loc': ['body', 'prompt'], 'msg': 'The content could not be processed because it contained material flagged by a content checker.', 'type': 'content_policy_violation', 'url': 'https://docs.fal.ai/errors#content_policy_violation', 'input': {'prompt': '1930s Nuremberg exterior at blue hour, medium wide shot tracking fascist leader from behind walking through massive crowd. Excited supporters pushing against barriers, arms raised in salutes. Cold atmospheric twilight mixing with warm torch flames and sweeping searchlight beams cutting through dusk sky, summer evening atmosphere.', 'num_images': 1, 'output_format': 'jpeg', 'sync_mode': False}}]
2025-08-28 10:57:37 | ERROR    | __main__:main:211 - Fatal error: [{'loc': ['body', 'prompt'], 'msg': 'The content could not be processed because it contained material flagged by a content checker.', 'type': 'content_policy_violation', 'url': 'https://docs.fal.ai/errors#content_policy_violation', 'input': {'prompt': '1930s Nuremberg exterior at blue hour, medium wide shot tracking fascist leader from behind walking through massive crowd. Excited supporters pushing against barriers, arms raised in salutes. Cold atmospheric twilight mixing with warm torch flames and sweeping searchlight beams cutting through dusk sky, summer evening atmosphere.', 'num_images': 1, 'output_format': 'jpeg', 'sync_mode': False}}]
2025-08-28 10:57:37 | INFO     | src.output.writer:write_report:152 - Wrote report: USER-FILES/05.OUTPUT/250828_104839/COST.md
2025-08-28 10:57:37 | INFO     | src.output.writer:write_report:152 - Wrote report: USER-FILES/05.OUTPUT/250828_104839/FAILURE.md
2025-08-28 10:57:37 | INFO     | src.output.reporter:save_reports:236 - Reports generated successfully
