2025-09-08 18:05:36 | INFO     | src.utils.logging:setup_logging:39 - Logging configured (verbose=False, debug=False)
2025-09-08 18:05:36 | INFO     | __main__:main:75 - Loading configuration...
2025-09-08 18:05:36 | INFO     | src.config.loader:load_config:42 - Loaded configuration from USER-FILES/01.CONFIG/config.yaml
2025-09-08 18:05:36 | INFO     | __main__:main:80 - Authenticating...
2025-09-08 18:05:36 | DEBUG    | src.auth.env:get_fal_api_key_from_env:19 - Loaded environment from /Users/ruben/08_-_DEVELOPMENT/ISOF_IMAGE_WORKFLOW/00.fal_text-to-image_tool/.env
2025-09-08 18:05:36 | INFO     | src.auth.env:get_fal_api_key_from_env:25 - Successfully retrieved FAL API key from environment
2025-09-08 18:05:36 | INFO     | __main__:main:84 - Discovering inputs...
2025-09-08 18:05:36 | DEBUG    | src.processing.discovery:discover_prompt_files:40 - Found prompt file: 1/line_0026.txt
2025-09-08 18:05:36 | DEBUG    | src.processing.discovery:discover_prompt_files:40 - Found prompt file: 1/line_0027.txt
2025-09-08 18:05:36 | DEBUG    | src.processing.discovery:discover_prompt_files:40 - Found prompt file: 1/line_0019.txt
2025-09-08 18:05:36 | DEBUG    | src.processing.discovery:discover_prompt_files:40 - Found prompt file: 1/line_0025.txt
2025-09-08 18:05:36 | DEBUG    | src.processing.discovery:discover_prompt_files:40 - Found prompt file: 1/line_0024.txt
2025-09-08 18:05:36 | DEBUG    | src.processing.discovery:discover_prompt_files:40 - Found prompt file: 1/line_0018.txt
2025-09-08 18:05:36 | DEBUG    | src.processing.discovery:discover_prompt_files:40 - Found prompt file: 1/line_0020.txt
2025-09-08 18:05:36 | DEBUG    | src.processing.discovery:discover_prompt_files:40 - Found prompt file: 1/line_0008.txt
2025-09-08 18:05:36 | DEBUG    | src.processing.discovery:discover_prompt_files:40 - Found prompt file: 1/line_0009.txt
2025-09-08 18:05:36 | DEBUG    | src.processing.discovery:discover_prompt_files:40 - Found prompt file: 1/line_0021.txt
2025-09-08 18:05:36 | DEBUG    | src.processing.discovery:discover_prompt_files:40 - Found prompt file: 1/line_0023.txt
2025-09-08 18:05:36 | DEBUG    | src.processing.discovery:discover_prompt_files:40 - Found prompt file: 1/line_0022.txt
2025-09-08 18:05:36 | DEBUG    | src.processing.discovery:discover_prompt_files:40 - Found prompt file: 1/line_0013.txt
2025-09-08 18:05:36 | DEBUG    | src.processing.discovery:discover_prompt_files:40 - Found prompt file: 1/line_0007.txt
2025-09-08 18:05:36 | DEBUG    | src.processing.discovery:discover_prompt_files:40 - Found prompt file: 1/line_0006.txt
2025-09-08 18:05:36 | DEBUG    | src.processing.discovery:discover_prompt_files:40 - Found prompt file: 1/line_0012.txt
2025-09-08 18:05:36 | DEBUG    | src.processing.discovery:discover_prompt_files:40 - Found prompt file: 1/line_0004.txt
2025-09-08 18:05:36 | DEBUG    | src.processing.discovery:discover_prompt_files:40 - Found prompt file: 1/line_0010.txt
2025-09-08 18:05:36 | DEBUG    | src.processing.discovery:discover_prompt_files:40 - Found prompt file: 1/line_0011.txt
2025-09-08 18:05:36 | DEBUG    | src.processing.discovery:discover_prompt_files:40 - Found prompt file: 1/line_0005.txt
2025-09-08 18:05:36 | DEBUG    | src.processing.discovery:discover_prompt_files:40 - Found prompt file: 1/line_0001.txt
2025-09-08 18:05:36 | DEBUG    | src.processing.discovery:discover_prompt_files:40 - Found prompt file: 1/line_0015.txt
2025-09-08 18:05:36 | DEBUG    | src.processing.discovery:discover_prompt_files:40 - Found prompt file: 1/line_0014.txt
2025-09-08 18:05:36 | DEBUG    | src.processing.discovery:discover_prompt_files:40 - Found prompt file: 1/line_0016.txt
2025-09-08 18:05:36 | DEBUG    | src.processing.discovery:discover_prompt_files:40 - Found prompt file: 1/line_0002.txt
2025-09-08 18:05:36 | DEBUG    | src.processing.discovery:discover_prompt_files:40 - Found prompt file: 1/line_0003.txt
2025-09-08 18:05:36 | DEBUG    | src.processing.discovery:discover_prompt_files:40 - Found prompt file: 1/line_0017.txt
2025-09-08 18:05:36 | INFO     | src.processing.discovery:discover_prompt_files:45 - Discovered 27 prompt files
2025-09-08 18:05:36 | DEBUG    | src.processing.discovery:discover_profiles:93 - Loaded profile: USER-FILES/03.PROFILES/seedream_v3_1080p.yaml
2025-09-08 18:05:36 | INFO     | src.processing.discovery:discover_profiles:97 - Loaded 1 profiles
2025-09-08 18:05:36 | INFO     | src.processing.discovery:get_active_models:131 - Found profile: seedream_v3_1080p
2025-09-08 18:05:36 | INFO     | src.processing.discovery:get_active_models:136 - Total profiles to process: 1
2025-09-08 18:05:36 | INFO     | src.config.validator:validate_all:26 - All configuration validation passed
2025-09-08 18:05:36 | INFO     | __main__:main:104 - Output directory: USER-FILES/05.OUTPUT/250908_180536
2025-09-08 18:05:36 | INFO     | __main__:main:166 - Starting matrix processing...
2025-09-08 18:05:36 | INFO     | src.processing.processor:process_all:69 - Processing 27 combinations (27 files × 1 profiles)
2025-09-08 18:05:36 | INFO     | src.processing.discovery:load_prompts:63 - Loaded prompt from line_0001.txt
2025-09-08 18:05:36 | INFO     | src.processing.processor:process_all:105 - Processing combination 1/27: 1/line_0001.txt + seedream_v3_1080p
2025-09-08 18:05:36 | DEBUG    | src.processing.processor:_process_file_model_combination:181 - Added prefix to prompt: cinematic style shot of 
2025-09-08 18:05:36 | DEBUG    | src.processing.processor:_process_file_model_combination:185 - Added suffix to prompt: Shot on 35mm film.
2025-09-08 18:05:36 | DEBUG    | src.processing.processor:_process_file_model_combination:187 - Processing 1/line_0001.txt: cinematic style shot of  "Clipart-style illustrati...
2025-09-08 18:05:36 | DEBUG    | src.api.client:_call_with_retry:114 - API call attempt 1/3
2025-09-08 18:05:51 | DEBUG    | src.api.client:_call_with_retry:127 - API call successful
2025-09-08 18:05:54 | INFO     | src.output.writer:save_image:119 - Saved valid image: USER-FILES/05.OUTPUT/250908_180536/seedream_v3_1080p/1/line_0001_180551_seedream_v3_1080p_1920x1080.jpeg
2025-09-08 18:05:54 | DEBUG    | src.output.writer:save_image:135 - Saved API payload: USER-FILES/05.OUTPUT/250908_180536/seedream_v3_1080p/1/line_0001_180551_seedream_v3_1080p_1920x1080.json
2025-09-08 18:05:54 | INFO     | src.processing.processor:_process_file_model_combination:234 - Saved image: line_0001_180551_seedream_v3_1080p_1920x1080.jpeg
2025-09-08 18:05:54 | INFO     | src.processing.discovery:load_prompts:63 - Loaded prompt from line_0002.txt
2025-09-08 18:05:54 | INFO     | src.processing.processor:process_all:105 - Processing combination 2/27: 1/line_0002.txt + seedream_v3_1080p
2025-09-08 18:05:54 | DEBUG    | src.processing.processor:_process_file_model_combination:181 - Added prefix to prompt: cinematic style shot of 
2025-09-08 18:05:54 | DEBUG    | src.processing.processor:_process_file_model_combination:185 - Added suffix to prompt: Shot on 35mm film.
2025-09-08 18:05:54 | DEBUG    | src.processing.processor:_process_file_model_combination:187 - Processing 1/line_0002.txt: cinematic style shot of  Group of 3 AWS employees ...
2025-09-08 18:05:54 | DEBUG    | src.api.client:_call_with_retry:114 - API call attempt 1/3
2025-09-08 18:06:05 | DEBUG    | src.api.client:_call_with_retry:127 - API call successful
2025-09-08 18:06:07 | INFO     | src.output.writer:save_image:119 - Saved valid image: USER-FILES/05.OUTPUT/250908_180536/seedream_v3_1080p/1/line_0002_180605_seedream_v3_1080p_1920x1080.jpeg
2025-09-08 18:06:07 | DEBUG    | src.output.writer:save_image:135 - Saved API payload: USER-FILES/05.OUTPUT/250908_180536/seedream_v3_1080p/1/line_0002_180605_seedream_v3_1080p_1920x1080.json
2025-09-08 18:06:07 | INFO     | src.processing.processor:_process_file_model_combination:234 - Saved image: line_0002_180605_seedream_v3_1080p_1920x1080.jpeg
2025-09-08 18:06:07 | INFO     | src.processing.discovery:load_prompts:63 - Loaded prompt from line_0003.txt
2025-09-08 18:06:07 | INFO     | src.processing.processor:process_all:105 - Processing combination 3/27: 1/line_0003.txt + seedream_v3_1080p
2025-09-08 18:06:07 | DEBUG    | src.processing.processor:_process_file_model_combination:181 - Added prefix to prompt: cinematic style shot of 
2025-09-08 18:06:07 | DEBUG    | src.processing.processor:_process_file_model_combination:185 - Added suffix to prompt: Shot on 35mm film.
2025-09-08 18:06:07 | DEBUG    | src.processing.processor:_process_file_model_combination:187 - Processing 1/line_0003.txt: cinematic style shot of  Clipart-style illustratio...
2025-09-08 18:06:07 | DEBUG    | src.api.client:_call_with_retry:114 - API call attempt 1/3
2025-09-08 18:06:17 | DEBUG    | src.api.client:_call_with_retry:127 - API call successful
2025-09-08 18:06:19 | INFO     | src.output.writer:save_image:119 - Saved valid image: USER-FILES/05.OUTPUT/250908_180536/seedream_v3_1080p/1/line_0003_180617_seedream_v3_1080p_1920x1080.jpeg
2025-09-08 18:06:19 | DEBUG    | src.output.writer:save_image:135 - Saved API payload: USER-FILES/05.OUTPUT/250908_180536/seedream_v3_1080p/1/line_0003_180617_seedream_v3_1080p_1920x1080.json
2025-09-08 18:06:19 | INFO     | src.processing.processor:_process_file_model_combination:234 - Saved image: line_0003_180617_seedream_v3_1080p_1920x1080.jpeg
2025-09-08 18:06:19 | INFO     | src.processing.discovery:load_prompts:63 - Loaded prompt from line_0004.txt
2025-09-08 18:06:19 | INFO     | src.processing.processor:process_all:105 - Processing combination 4/27: 1/line_0004.txt + seedream_v3_1080p
2025-09-08 18:06:19 | DEBUG    | src.processing.processor:_process_file_model_combination:181 - Added prefix to prompt: cinematic style shot of 
2025-09-08 18:06:19 | DEBUG    | src.processing.processor:_process_file_model_combination:185 - Added suffix to prompt: Shot on 35mm film.
2025-09-08 18:06:19 | DEBUG    | src.processing.processor:_process_file_model_combination:187 - Processing 1/line_0004.txt: cinematic style shot of  Group of 3 AWS technician...
2025-09-08 18:06:19 | DEBUG    | src.api.client:_call_with_retry:114 - API call attempt 1/3
2025-09-08 18:06:30 | DEBUG    | src.api.client:_call_with_retry:127 - API call successful
2025-09-08 18:06:33 | INFO     | src.output.writer:save_image:119 - Saved valid image: USER-FILES/05.OUTPUT/250908_180536/seedream_v3_1080p/1/line_0004_180630_seedream_v3_1080p_1920x1080.jpeg
2025-09-08 18:06:33 | DEBUG    | src.output.writer:save_image:135 - Saved API payload: USER-FILES/05.OUTPUT/250908_180536/seedream_v3_1080p/1/line_0004_180630_seedream_v3_1080p_1920x1080.json
2025-09-08 18:06:33 | INFO     | src.processing.processor:_process_file_model_combination:234 - Saved image: line_0004_180630_seedream_v3_1080p_1920x1080.jpeg
2025-09-08 18:06:33 | INFO     | src.processing.discovery:load_prompts:63 - Loaded prompt from line_0005.txt
2025-09-08 18:06:33 | INFO     | src.processing.processor:process_all:105 - Processing combination 5/27: 1/line_0005.txt + seedream_v3_1080p
2025-09-08 18:06:33 | DEBUG    | src.processing.processor:_process_file_model_combination:181 - Added prefix to prompt: cinematic style shot of 
2025-09-08 18:06:33 | DEBUG    | src.processing.processor:_process_file_model_combination:185 - Added suffix to prompt: Shot on 35mm film.
2025-09-08 18:06:33 | DEBUG    | src.processing.processor:_process_file_model_combination:187 - Processing 1/line_0005.txt: cinematic style shot of  "Clipart-style illustrati...
2025-09-08 18:06:33 | DEBUG    | src.api.client:_call_with_retry:114 - API call attempt 1/3
2025-09-08 18:06:44 | DEBUG    | src.api.client:_call_with_retry:127 - API call successful
2025-09-08 18:06:46 | INFO     | src.output.writer:save_image:119 - Saved valid image: USER-FILES/05.OUTPUT/250908_180536/seedream_v3_1080p/1/line_0005_180644_seedream_v3_1080p_1920x1080.jpeg
2025-09-08 18:06:46 | DEBUG    | src.output.writer:save_image:135 - Saved API payload: USER-FILES/05.OUTPUT/250908_180536/seedream_v3_1080p/1/line_0005_180644_seedream_v3_1080p_1920x1080.json
2025-09-08 18:06:46 | INFO     | src.processing.processor:_process_file_model_combination:234 - Saved image: line_0005_180644_seedream_v3_1080p_1920x1080.jpeg
2025-09-08 18:06:46 | INFO     | src.processing.discovery:load_prompts:63 - Loaded prompt from line_0006.txt
2025-09-08 18:06:46 | INFO     | src.processing.processor:process_all:105 - Processing combination 6/27: 1/line_0006.txt + seedream_v3_1080p
2025-09-08 18:06:46 | DEBUG    | src.processing.processor:_process_file_model_combination:181 - Added prefix to prompt: cinematic style shot of 
2025-09-08 18:06:46 | DEBUG    | src.processing.processor:_process_file_model_combination:185 - Added suffix to prompt: Shot on 35mm film.
2025-09-08 18:06:46 | DEBUG    | src.processing.processor:_process_file_model_combination:187 - Processing 1/line_0006.txt: cinematic style shot of  Dutch angle, off-centered...
2025-09-08 18:06:46 | DEBUG    | src.api.client:_call_with_retry:114 - API call attempt 1/3
2025-09-08 18:06:58 | DEBUG    | src.api.client:_call_with_retry:127 - API call successful
2025-09-08 18:07:00 | INFO     | src.output.writer:save_image:119 - Saved valid image: USER-FILES/05.OUTPUT/250908_180536/seedream_v3_1080p/1/line_0006_180658_seedream_v3_1080p_1920x1080.jpeg
2025-09-08 18:07:00 | DEBUG    | src.output.writer:save_image:135 - Saved API payload: USER-FILES/05.OUTPUT/250908_180536/seedream_v3_1080p/1/line_0006_180658_seedream_v3_1080p_1920x1080.json
2025-09-08 18:07:00 | INFO     | src.processing.processor:_process_file_model_combination:234 - Saved image: line_0006_180658_seedream_v3_1080p_1920x1080.jpeg
2025-09-08 18:07:00 | INFO     | src.processing.discovery:load_prompts:63 - Loaded prompt from line_0007.txt
2025-09-08 18:07:00 | INFO     | src.processing.processor:process_all:105 - Processing combination 7/27: 1/line_0007.txt + seedream_v3_1080p
2025-09-08 18:07:00 | DEBUG    | src.processing.processor:_process_file_model_combination:181 - Added prefix to prompt: cinematic style shot of 
2025-09-08 18:07:00 | DEBUG    | src.processing.processor:_process_file_model_combination:185 - Added suffix to prompt: Shot on 35mm film.
2025-09-08 18:07:00 | DEBUG    | src.processing.processor:_process_file_model_combination:187 - Processing 1/line_0007.txt: cinematic style shot of  Group of 1 site manager (...
2025-09-08 18:07:00 | DEBUG    | src.api.client:_call_with_retry:114 - API call attempt 1/3
2025-09-08 18:07:12 | DEBUG    | src.api.client:_call_with_retry:127 - API call successful
2025-09-08 18:07:14 | INFO     | src.output.writer:save_image:119 - Saved valid image: USER-FILES/05.OUTPUT/250908_180536/seedream_v3_1080p/1/line_0007_180712_seedream_v3_1080p_1920x1080.jpeg
2025-09-08 18:07:14 | DEBUG    | src.output.writer:save_image:135 - Saved API payload: USER-FILES/05.OUTPUT/250908_180536/seedream_v3_1080p/1/line_0007_180712_seedream_v3_1080p_1920x1080.json
2025-09-08 18:07:14 | INFO     | src.processing.processor:_process_file_model_combination:234 - Saved image: line_0007_180712_seedream_v3_1080p_1920x1080.jpeg
2025-09-08 18:07:14 | INFO     | src.processing.discovery:load_prompts:63 - Loaded prompt from line_0008.txt
2025-09-08 18:07:14 | INFO     | src.processing.processor:process_all:105 - Processing combination 8/27: 1/line_0008.txt + seedream_v3_1080p
2025-09-08 18:07:14 | DEBUG    | src.processing.processor:_process_file_model_combination:181 - Added prefix to prompt: cinematic style shot of 
2025-09-08 18:07:14 | DEBUG    | src.processing.processor:_process_file_model_combination:185 - Added suffix to prompt: Shot on 35mm film.
2025-09-08 18:07:14 | DEBUG    | src.processing.processor:_process_file_model_combination:187 - Processing 1/line_0008.txt: cinematic style shot of  Group of 2 site managers ...
2025-09-08 18:07:14 | DEBUG    | src.api.client:_call_with_retry:114 - API call attempt 1/3
2025-09-08 18:07:26 | DEBUG    | src.api.client:_call_with_retry:127 - API call successful
2025-09-08 18:07:28 | INFO     | src.output.writer:save_image:119 - Saved valid image: USER-FILES/05.OUTPUT/250908_180536/seedream_v3_1080p/1/line_0008_180726_seedream_v3_1080p_1920x1080.jpeg
2025-09-08 18:07:28 | DEBUG    | src.output.writer:save_image:135 - Saved API payload: USER-FILES/05.OUTPUT/250908_180536/seedream_v3_1080p/1/line_0008_180726_seedream_v3_1080p_1920x1080.json
2025-09-08 18:07:28 | INFO     | src.processing.processor:_process_file_model_combination:234 - Saved image: line_0008_180726_seedream_v3_1080p_1920x1080.jpeg
2025-09-08 18:07:28 | INFO     | src.processing.discovery:load_prompts:63 - Loaded prompt from line_0009.txt
2025-09-08 18:07:28 | INFO     | src.processing.processor:process_all:105 - Processing combination 9/27: 1/line_0009.txt + seedream_v3_1080p
2025-09-08 18:07:28 | DEBUG    | src.processing.processor:_process_file_model_combination:181 - Added prefix to prompt: cinematic style shot of 
2025-09-08 18:07:28 | DEBUG    | src.processing.processor:_process_file_model_combination:185 - Added suffix to prompt: Shot on 35mm film.
2025-09-08 18:07:28 | DEBUG    | src.processing.processor:_process_file_model_combination:187 - Processing 1/line_0009.txt: cinematic style shot of  Group of 4 operations tea...
2025-09-08 18:07:28 | DEBUG    | src.api.client:_call_with_retry:114 - API call attempt 1/3
2025-09-08 18:07:43 | DEBUG    | src.api.client:_call_with_retry:127 - API call successful
2025-09-08 18:07:46 | INFO     | src.output.writer:save_image:119 - Saved valid image: USER-FILES/05.OUTPUT/250908_180536/seedream_v3_1080p/1/line_0009_180743_seedream_v3_1080p_1920x1080.jpeg
2025-09-08 18:07:46 | DEBUG    | src.output.writer:save_image:135 - Saved API payload: USER-FILES/05.OUTPUT/250908_180536/seedream_v3_1080p/1/line_0009_180743_seedream_v3_1080p_1920x1080.json
2025-09-08 18:07:46 | INFO     | src.processing.processor:_process_file_model_combination:234 - Saved image: line_0009_180743_seedream_v3_1080p_1920x1080.jpeg
2025-09-08 18:07:46 | INFO     | src.processing.discovery:load_prompts:63 - Loaded prompt from line_0010.txt
2025-09-08 18:07:46 | INFO     | src.processing.processor:process_all:105 - Processing combination 10/27: 1/line_0010.txt + seedream_v3_1080p
2025-09-08 18:07:46 | DEBUG    | src.processing.processor:_process_file_model_combination:181 - Added prefix to prompt: cinematic style shot of 
2025-09-08 18:07:46 | DEBUG    | src.processing.processor:_process_file_model_combination:185 - Added suffix to prompt: Shot on 35mm film.
2025-09-08 18:07:46 | DEBUG    | src.processing.processor:_process_file_model_combination:187 - Processing 1/line_0010.txt: cinematic style shot of  Clipart-style illustratio...
2025-09-08 18:07:46 | DEBUG    | src.api.client:_call_with_retry:114 - API call attempt 1/3
2025-09-08 18:07:55 | DEBUG    | src.api.client:_call_with_retry:127 - API call successful
2025-09-08 18:07:57 | INFO     | src.output.writer:save_image:119 - Saved valid image: USER-FILES/05.OUTPUT/250908_180536/seedream_v3_1080p/1/line_0010_180755_seedream_v3_1080p_1920x1080.jpeg
2025-09-08 18:07:57 | DEBUG    | src.output.writer:save_image:135 - Saved API payload: USER-FILES/05.OUTPUT/250908_180536/seedream_v3_1080p/1/line_0010_180755_seedream_v3_1080p_1920x1080.json
2025-09-08 18:07:57 | INFO     | src.processing.processor:_process_file_model_combination:234 - Saved image: line_0010_180755_seedream_v3_1080p_1920x1080.jpeg
2025-09-08 18:07:57 | INFO     | src.processing.discovery:load_prompts:63 - Loaded prompt from line_0011.txt
2025-09-08 18:07:57 | INFO     | src.processing.processor:process_all:105 - Processing combination 11/27: 1/line_0011.txt + seedream_v3_1080p
2025-09-08 18:07:57 | DEBUG    | src.processing.processor:_process_file_model_combination:181 - Added prefix to prompt: cinematic style shot of 
2025-09-08 18:07:57 | DEBUG    | src.processing.processor:_process_file_model_combination:185 - Added suffix to prompt: Shot on 35mm film.
2025-09-08 18:07:57 | DEBUG    | src.processing.processor:_process_file_model_combination:187 - Processing 1/line_0011.txt: cinematic style shot of  Group of 2 incident comma...
2025-09-08 18:07:57 | DEBUG    | src.api.client:_call_with_retry:114 - API call attempt 1/3
2025-09-08 18:08:12 | DEBUG    | src.api.client:_call_with_retry:127 - API call successful
2025-09-08 18:08:15 | INFO     | src.output.writer:save_image:119 - Saved valid image: USER-FILES/05.OUTPUT/250908_180536/seedream_v3_1080p/1/line_0011_180812_seedream_v3_1080p_1920x1080.jpeg
2025-09-08 18:08:15 | DEBUG    | src.output.writer:save_image:135 - Saved API payload: USER-FILES/05.OUTPUT/250908_180536/seedream_v3_1080p/1/line_0011_180812_seedream_v3_1080p_1920x1080.json
2025-09-08 18:08:15 | INFO     | src.processing.processor:_process_file_model_combination:234 - Saved image: line_0011_180812_seedream_v3_1080p_1920x1080.jpeg
2025-09-08 18:08:15 | INFO     | src.processing.discovery:load_prompts:63 - Loaded prompt from line_0012.txt
2025-09-08 18:08:15 | INFO     | src.processing.processor:process_all:105 - Processing combination 12/27: 1/line_0012.txt + seedream_v3_1080p
2025-09-08 18:08:15 | DEBUG    | src.processing.processor:_process_file_model_combination:181 - Added prefix to prompt: cinematic style shot of 
2025-09-08 18:08:15 | DEBUG    | src.processing.processor:_process_file_model_combination:185 - Added suffix to prompt: Shot on 35mm film.
2025-09-08 18:08:15 | DEBUG    | src.processing.processor:_process_file_model_combination:187 - Processing 1/line_0012.txt: cinematic style shot of  Group of 2 people: incide...
2025-09-08 18:08:15 | DEBUG    | src.api.client:_call_with_retry:114 - API call attempt 1/3
2025-09-08 18:08:26 | DEBUG    | src.api.client:_call_with_retry:127 - API call successful
2025-09-08 18:08:29 | INFO     | src.output.writer:save_image:119 - Saved valid image: USER-FILES/05.OUTPUT/250908_180536/seedream_v3_1080p/1/line_0012_180826_seedream_v3_1080p_1920x1080.jpeg
2025-09-08 18:08:29 | DEBUG    | src.output.writer:save_image:135 - Saved API payload: USER-FILES/05.OUTPUT/250908_180536/seedream_v3_1080p/1/line_0012_180826_seedream_v3_1080p_1920x1080.json
2025-09-08 18:08:29 | INFO     | src.processing.processor:_process_file_model_combination:234 - Saved image: line_0012_180826_seedream_v3_1080p_1920x1080.jpeg
2025-09-08 18:08:29 | INFO     | src.processing.discovery:load_prompts:63 - Loaded prompt from line_0013.txt
2025-09-08 18:08:29 | INFO     | src.processing.processor:process_all:105 - Processing combination 13/27: 1/line_0013.txt + seedream_v3_1080p
2025-09-08 18:08:29 | DEBUG    | src.processing.processor:_process_file_model_combination:181 - Added prefix to prompt: cinematic style shot of 
2025-09-08 18:08:29 | DEBUG    | src.processing.processor:_process_file_model_combination:185 - Added suffix to prompt: Shot on 35mm film.
2025-09-08 18:08:29 | DEBUG    | src.processing.processor:_process_file_model_combination:187 - Processing 1/line_0013.txt: cinematic style shot of  Group of 2 incident comma...
2025-09-08 18:08:29 | DEBUG    | src.api.client:_call_with_retry:114 - API call attempt 1/3
2025-09-08 18:08:41 | DEBUG    | src.api.client:_call_with_retry:127 - API call successful
2025-09-08 18:08:43 | INFO     | src.output.writer:save_image:119 - Saved valid image: USER-FILES/05.OUTPUT/250908_180536/seedream_v3_1080p/1/line_0013_180841_seedream_v3_1080p_1920x1080.jpeg
2025-09-08 18:08:43 | DEBUG    | src.output.writer:save_image:135 - Saved API payload: USER-FILES/05.OUTPUT/250908_180536/seedream_v3_1080p/1/line_0013_180841_seedream_v3_1080p_1920x1080.json
2025-09-08 18:08:43 | INFO     | src.processing.processor:_process_file_model_combination:234 - Saved image: line_0013_180841_seedream_v3_1080p_1920x1080.jpeg
2025-09-08 18:08:43 | INFO     | src.processing.discovery:load_prompts:63 - Loaded prompt from line_0014.txt
2025-09-08 18:08:43 | INFO     | src.processing.processor:process_all:105 - Processing combination 14/27: 1/line_0014.txt + seedream_v3_1080p
2025-09-08 18:08:43 | DEBUG    | src.processing.processor:_process_file_model_combination:181 - Added prefix to prompt: cinematic style shot of 
2025-09-08 18:08:43 | DEBUG    | src.processing.processor:_process_file_model_combination:185 - Added suffix to prompt: Shot on 35mm film.
2025-09-08 18:08:43 | DEBUG    | src.processing.processor:_process_file_model_combination:187 - Processing 1/line_0014.txt: cinematic style shot of  Group of 1 incident comma...
2025-09-08 18:08:43 | DEBUG    | src.api.client:_call_with_retry:114 - API call attempt 1/3
2025-09-08 18:08:56 | DEBUG    | src.api.client:_call_with_retry:127 - API call successful
2025-09-08 18:08:57 | INFO     | src.output.writer:save_image:119 - Saved valid image: USER-FILES/05.OUTPUT/250908_180536/seedream_v3_1080p/1/line_0014_180856_seedream_v3_1080p_1920x1080.jpeg
2025-09-08 18:08:57 | DEBUG    | src.output.writer:save_image:135 - Saved API payload: USER-FILES/05.OUTPUT/250908_180536/seedream_v3_1080p/1/line_0014_180856_seedream_v3_1080p_1920x1080.json
2025-09-08 18:08:57 | INFO     | src.processing.processor:_process_file_model_combination:234 - Saved image: line_0014_180856_seedream_v3_1080p_1920x1080.jpeg
2025-09-08 18:08:57 | INFO     | src.processing.discovery:load_prompts:63 - Loaded prompt from line_0015.txt
2025-09-08 18:08:57 | INFO     | src.processing.processor:process_all:105 - Processing combination 15/27: 1/line_0015.txt + seedream_v3_1080p
2025-09-08 18:08:57 | DEBUG    | src.processing.processor:_process_file_model_combination:181 - Added prefix to prompt: cinematic style shot of 
2025-09-08 18:08:57 | DEBUG    | src.processing.processor:_process_file_model_combination:185 - Added suffix to prompt: Shot on 35mm film.
2025-09-08 18:08:57 | DEBUG    | src.processing.processor:_process_file_model_combination:187 - Processing 1/line_0015.txt: cinematic style shot of  Group of 2 diverse AWS te...
2025-09-08 18:08:57 | DEBUG    | src.api.client:_call_with_retry:114 - API call attempt 1/3
2025-09-08 18:09:11 | DEBUG    | src.api.client:_call_with_retry:127 - API call successful
2025-09-08 18:09:13 | INFO     | src.output.writer:save_image:119 - Saved valid image: USER-FILES/05.OUTPUT/250908_180536/seedream_v3_1080p/1/line_0015_180911_seedream_v3_1080p_1920x1080.jpeg
2025-09-08 18:09:13 | DEBUG    | src.output.writer:save_image:135 - Saved API payload: USER-FILES/05.OUTPUT/250908_180536/seedream_v3_1080p/1/line_0015_180911_seedream_v3_1080p_1920x1080.json
2025-09-08 18:09:13 | INFO     | src.processing.processor:_process_file_model_combination:234 - Saved image: line_0015_180911_seedream_v3_1080p_1920x1080.jpeg
2025-09-08 18:09:13 | INFO     | src.processing.discovery:load_prompts:63 - Loaded prompt from line_0016.txt
2025-09-08 18:09:13 | INFO     | src.processing.processor:process_all:105 - Processing combination 16/27: 1/line_0016.txt + seedream_v3_1080p
2025-09-08 18:09:13 | DEBUG    | src.processing.processor:_process_file_model_combination:181 - Added prefix to prompt: cinematic style shot of 
2025-09-08 18:09:13 | DEBUG    | src.processing.processor:_process_file_model_combination:185 - Added suffix to prompt: Shot on 35mm film.
2025-09-08 18:09:13 | DEBUG    | src.processing.processor:_process_file_model_combination:187 - Processing 1/line_0016.txt: cinematic style shot of  Group of 2 people: incide...
2025-09-08 18:09:13 | DEBUG    | src.api.client:_call_with_retry:114 - API call attempt 1/3
2025-09-08 18:09:25 | DEBUG    | src.api.client:_call_with_retry:127 - API call successful
2025-09-08 18:09:28 | INFO     | src.output.writer:save_image:119 - Saved valid image: USER-FILES/05.OUTPUT/250908_180536/seedream_v3_1080p/1/line_0016_180925_seedream_v3_1080p_1920x1080.jpeg
2025-09-08 18:09:28 | DEBUG    | src.output.writer:save_image:135 - Saved API payload: USER-FILES/05.OUTPUT/250908_180536/seedream_v3_1080p/1/line_0016_180925_seedream_v3_1080p_1920x1080.json
2025-09-08 18:09:28 | INFO     | src.processing.processor:_process_file_model_combination:234 - Saved image: line_0016_180925_seedream_v3_1080p_1920x1080.jpeg
2025-09-08 18:09:28 | INFO     | src.processing.discovery:load_prompts:63 - Loaded prompt from line_0017.txt
2025-09-08 18:09:28 | INFO     | src.processing.processor:process_all:105 - Processing combination 17/27: 1/line_0017.txt + seedream_v3_1080p
2025-09-08 18:09:28 | DEBUG    | src.processing.processor:_process_file_model_combination:181 - Added prefix to prompt: cinematic style shot of 
2025-09-08 18:09:28 | DEBUG    | src.processing.processor:_process_file_model_combination:185 - Added suffix to prompt: Shot on 35mm film.
2025-09-08 18:09:28 | DEBUG    | src.processing.processor:_process_file_model_combination:187 - Processing 1/line_0017.txt: cinematic style shot of  Group of 3 people: securi...
2025-09-08 18:09:28 | DEBUG    | src.api.client:_call_with_retry:114 - API call attempt 1/3
2025-09-08 18:09:41 | DEBUG    | src.api.client:_call_with_retry:127 - API call successful
2025-09-08 18:09:43 | INFO     | src.output.writer:save_image:119 - Saved valid image: USER-FILES/05.OUTPUT/250908_180536/seedream_v3_1080p/1/line_0017_180941_seedream_v3_1080p_1920x1080.jpeg
2025-09-08 18:09:43 | DEBUG    | src.output.writer:save_image:135 - Saved API payload: USER-FILES/05.OUTPUT/250908_180536/seedream_v3_1080p/1/line_0017_180941_seedream_v3_1080p_1920x1080.json
2025-09-08 18:09:43 | INFO     | src.processing.processor:_process_file_model_combination:234 - Saved image: line_0017_180941_seedream_v3_1080p_1920x1080.jpeg
2025-09-08 18:09:43 | INFO     | src.processing.discovery:load_prompts:63 - Loaded prompt from line_0018.txt
2025-09-08 18:09:43 | INFO     | src.processing.processor:process_all:105 - Processing combination 18/27: 1/line_0018.txt + seedream_v3_1080p
2025-09-08 18:09:43 | DEBUG    | src.processing.processor:_process_file_model_combination:181 - Added prefix to prompt: cinematic style shot of 
2025-09-08 18:09:43 | DEBUG    | src.processing.processor:_process_file_model_combination:185 - Added suffix to prompt: Shot on 35mm film.
2025-09-08 18:09:43 | DEBUG    | src.processing.processor:_process_file_model_combination:187 - Processing 1/line_0018.txt: cinematic style shot of  Clipart-style illustratio...
2025-09-08 18:09:43 | DEBUG    | src.api.client:_call_with_retry:114 - API call attempt 1/3
2025-09-08 18:09:55 | DEBUG    | src.api.client:_call_with_retry:127 - API call successful
2025-09-08 18:09:57 | INFO     | src.output.writer:save_image:119 - Saved valid image: USER-FILES/05.OUTPUT/250908_180536/seedream_v3_1080p/1/line_0018_180955_seedream_v3_1080p_1920x1080.jpeg
2025-09-08 18:09:57 | DEBUG    | src.output.writer:save_image:135 - Saved API payload: USER-FILES/05.OUTPUT/250908_180536/seedream_v3_1080p/1/line_0018_180955_seedream_v3_1080p_1920x1080.json
2025-09-08 18:09:57 | INFO     | src.processing.processor:_process_file_model_combination:234 - Saved image: line_0018_180955_seedream_v3_1080p_1920x1080.jpeg
2025-09-08 18:09:57 | INFO     | src.processing.discovery:load_prompts:63 - Loaded prompt from line_0019.txt
2025-09-08 18:09:57 | INFO     | src.processing.processor:process_all:105 - Processing combination 19/27: 1/line_0019.txt + seedream_v3_1080p
2025-09-08 18:09:57 | DEBUG    | src.processing.processor:_process_file_model_combination:181 - Added prefix to prompt: cinematic style shot of 
2025-09-08 18:09:57 | DEBUG    | src.processing.processor:_process_file_model_combination:185 - Added suffix to prompt: Shot on 35mm film.
2025-09-08 18:09:57 | DEBUG    | src.processing.processor:_process_file_model_combination:187 - Processing 1/line_0019.txt: cinematic style shot of  Group of 3 people being l...
2025-09-08 18:09:57 | DEBUG    | src.api.client:_call_with_retry:114 - API call attempt 1/3
2025-09-08 18:10:08 | DEBUG    | src.api.client:_call_with_retry:127 - API call successful
2025-09-08 18:10:10 | INFO     | src.output.writer:save_image:119 - Saved valid image: USER-FILES/05.OUTPUT/250908_180536/seedream_v3_1080p/1/line_0019_181008_seedream_v3_1080p_1920x1080.jpeg
2025-09-08 18:10:10 | DEBUG    | src.output.writer:save_image:135 - Saved API payload: USER-FILES/05.OUTPUT/250908_180536/seedream_v3_1080p/1/line_0019_181008_seedream_v3_1080p_1920x1080.json
2025-09-08 18:10:10 | INFO     | src.processing.processor:_process_file_model_combination:234 - Saved image: line_0019_181008_seedream_v3_1080p_1920x1080.jpeg
2025-09-08 18:10:10 | INFO     | src.processing.discovery:load_prompts:63 - Loaded prompt from line_0020.txt
2025-09-08 18:10:10 | INFO     | src.processing.processor:process_all:105 - Processing combination 20/27: 1/line_0020.txt + seedream_v3_1080p
2025-09-08 18:10:10 | DEBUG    | src.processing.processor:_process_file_model_combination:181 - Added prefix to prompt: cinematic style shot of 
2025-09-08 18:10:10 | DEBUG    | src.processing.processor:_process_file_model_combination:185 - Added suffix to prompt: Shot on 35mm film.
2025-09-08 18:10:10 | DEBUG    | src.processing.processor:_process_file_model_combination:187 - Processing 1/line_0020.txt: cinematic style shot of  "Clipart-style illustrati...
2025-09-08 18:10:10 | DEBUG    | src.api.client:_call_with_retry:114 - API call attempt 1/3
2025-09-08 18:10:23 | DEBUG    | src.api.client:_call_with_retry:127 - API call successful
2025-09-08 18:10:26 | INFO     | src.output.writer:save_image:119 - Saved valid image: USER-FILES/05.OUTPUT/250908_180536/seedream_v3_1080p/1/line_0020_181023_seedream_v3_1080p_1920x1080.jpeg
2025-09-08 18:10:26 | DEBUG    | src.output.writer:save_image:135 - Saved API payload: USER-FILES/05.OUTPUT/250908_180536/seedream_v3_1080p/1/line_0020_181023_seedream_v3_1080p_1920x1080.json
2025-09-08 18:10:26 | INFO     | src.processing.processor:_process_file_model_combination:234 - Saved image: line_0020_181023_seedream_v3_1080p_1920x1080.jpeg
2025-09-08 18:10:26 | INFO     | src.processing.discovery:load_prompts:63 - Loaded prompt from line_0021.txt
2025-09-08 18:10:26 | INFO     | src.processing.processor:process_all:105 - Processing combination 21/27: 1/line_0021.txt + seedream_v3_1080p
2025-09-08 18:10:26 | DEBUG    | src.processing.processor:_process_file_model_combination:181 - Added prefix to prompt: cinematic style shot of 
2025-09-08 18:10:26 | DEBUG    | src.processing.processor:_process_file_model_combination:185 - Added suffix to prompt: Shot on 35mm film.
2025-09-08 18:10:26 | DEBUG    | src.processing.processor:_process_file_model_combination:187 - Processing 1/line_0021.txt: cinematic style shot of  Group of 1 incident comma...
2025-09-08 18:10:26 | DEBUG    | src.api.client:_call_with_retry:114 - API call attempt 1/3
2025-09-08 18:10:35 | DEBUG    | src.api.client:_call_with_retry:127 - API call successful
2025-09-08 18:10:37 | INFO     | src.output.writer:save_image:119 - Saved valid image: USER-FILES/05.OUTPUT/250908_180536/seedream_v3_1080p/1/line_0021_181035_seedream_v3_1080p_1920x1080.jpeg
2025-09-08 18:10:37 | DEBUG    | src.output.writer:save_image:135 - Saved API payload: USER-FILES/05.OUTPUT/250908_180536/seedream_v3_1080p/1/line_0021_181035_seedream_v3_1080p_1920x1080.json
2025-09-08 18:10:37 | INFO     | src.processing.processor:_process_file_model_combination:234 - Saved image: line_0021_181035_seedream_v3_1080p_1920x1080.jpeg
2025-09-08 18:10:37 | INFO     | src.processing.discovery:load_prompts:63 - Loaded prompt from line_0022.txt
2025-09-08 18:10:37 | INFO     | src.processing.processor:process_all:105 - Processing combination 22/27: 1/line_0022.txt + seedream_v3_1080p
2025-09-08 18:10:37 | DEBUG    | src.processing.processor:_process_file_model_combination:181 - Added prefix to prompt: cinematic style shot of 
2025-09-08 18:10:37 | DEBUG    | src.processing.processor:_process_file_model_combination:185 - Added suffix to prompt: Shot on 35mm film.
2025-09-08 18:10:37 | DEBUG    | src.processing.processor:_process_file_model_combination:187 - Processing 1/line_0022.txt: cinematic style shot of  Group of 2 incident comma...
2025-09-08 18:10:37 | DEBUG    | src.api.client:_call_with_retry:114 - API call attempt 1/3
2025-09-08 18:10:50 | DEBUG    | src.api.client:_call_with_retry:127 - API call successful
2025-09-08 18:10:52 | INFO     | src.output.writer:save_image:119 - Saved valid image: USER-FILES/05.OUTPUT/250908_180536/seedream_v3_1080p/1/line_0022_181050_seedream_v3_1080p_1920x1080.jpeg
2025-09-08 18:10:52 | DEBUG    | src.output.writer:save_image:135 - Saved API payload: USER-FILES/05.OUTPUT/250908_180536/seedream_v3_1080p/1/line_0022_181050_seedream_v3_1080p_1920x1080.json
2025-09-08 18:10:52 | INFO     | src.processing.processor:_process_file_model_combination:234 - Saved image: line_0022_181050_seedream_v3_1080p_1920x1080.jpeg
2025-09-08 18:10:52 | INFO     | src.processing.discovery:load_prompts:63 - Loaded prompt from line_0023.txt
2025-09-08 18:10:52 | INFO     | src.processing.processor:process_all:105 - Processing combination 23/27: 1/line_0023.txt + seedream_v3_1080p
2025-09-08 18:10:52 | DEBUG    | src.processing.processor:_process_file_model_combination:181 - Added prefix to prompt: cinematic style shot of 
2025-09-08 18:10:52 | DEBUG    | src.processing.processor:_process_file_model_combination:185 - Added suffix to prompt: Shot on 35mm film.
2025-09-08 18:10:52 | DEBUG    | src.processing.processor:_process_file_model_combination:187 - Processing 1/line_0023.txt: cinematic style shot of  Group of 3 diverse person...
2025-09-08 18:10:52 | DEBUG    | src.api.client:_call_with_retry:114 - API call attempt 1/3
2025-09-08 18:11:03 | DEBUG    | src.api.client:_call_with_retry:127 - API call successful
2025-09-08 18:11:06 | INFO     | src.output.writer:save_image:119 - Saved valid image: USER-FILES/05.OUTPUT/250908_180536/seedream_v3_1080p/1/line_0023_181103_seedream_v3_1080p_1920x1080.jpeg
2025-09-08 18:11:06 | DEBUG    | src.output.writer:save_image:135 - Saved API payload: USER-FILES/05.OUTPUT/250908_180536/seedream_v3_1080p/1/line_0023_181103_seedream_v3_1080p_1920x1080.json
2025-09-08 18:11:06 | INFO     | src.processing.processor:_process_file_model_combination:234 - Saved image: line_0023_181103_seedream_v3_1080p_1920x1080.jpeg
2025-09-08 18:11:06 | INFO     | src.processing.discovery:load_prompts:63 - Loaded prompt from line_0024.txt
2025-09-08 18:11:06 | INFO     | src.processing.processor:process_all:105 - Processing combination 24/27: 1/line_0024.txt + seedream_v3_1080p
2025-09-08 18:11:06 | DEBUG    | src.processing.processor:_process_file_model_combination:181 - Added prefix to prompt: cinematic style shot of 
2025-09-08 18:11:06 | DEBUG    | src.processing.processor:_process_file_model_combination:185 - Added suffix to prompt: Shot on 35mm film.
2025-09-08 18:11:06 | DEBUG    | src.processing.processor:_process_file_model_combination:187 - Processing 1/line_0024.txt: cinematic style shot of  Clipart-style illustratio...
2025-09-08 18:11:06 | DEBUG    | src.api.client:_call_with_retry:114 - API call attempt 1/3
2025-09-08 18:11:16 | DEBUG    | src.api.client:_call_with_retry:127 - API call successful
2025-09-08 18:11:17 | INFO     | src.output.writer:save_image:119 - Saved valid image: USER-FILES/05.OUTPUT/250908_180536/seedream_v3_1080p/1/line_0024_181116_seedream_v3_1080p_1920x1080.jpeg
2025-09-08 18:11:17 | DEBUG    | src.output.writer:save_image:135 - Saved API payload: USER-FILES/05.OUTPUT/250908_180536/seedream_v3_1080p/1/line_0024_181116_seedream_v3_1080p_1920x1080.json
2025-09-08 18:11:17 | INFO     | src.processing.processor:_process_file_model_combination:234 - Saved image: line_0024_181116_seedream_v3_1080p_1920x1080.jpeg
2025-09-08 18:11:17 | INFO     | src.processing.discovery:load_prompts:63 - Loaded prompt from line_0025.txt
2025-09-08 18:11:17 | INFO     | src.processing.processor:process_all:105 - Processing combination 25/27: 1/line_0025.txt + seedream_v3_1080p
2025-09-08 18:11:17 | DEBUG    | src.processing.processor:_process_file_model_combination:181 - Added prefix to prompt: cinematic style shot of 
2025-09-08 18:11:17 | DEBUG    | src.processing.processor:_process_file_model_combination:185 - Added suffix to prompt: Shot on 35mm film.
2025-09-08 18:11:17 | DEBUG    | src.processing.processor:_process_file_model_combination:187 - Processing 1/line_0025.txt: cinematic style shot of  Group of 2 confident inci...
2025-09-08 18:11:17 | DEBUG    | src.api.client:_call_with_retry:114 - API call attempt 1/3
2025-09-08 18:11:19 | WARNING  | __main__:main:208 - Interrupted by user
