2025-08-27 07:01:06 | INFO     | src.utils.logging:setup_logging:39 - Logging configured (verbose=False, debug=False)
2025-08-27 07:01:06 | INFO     | __main__:main:67 - Loading configuration...
2025-08-27 07:01:06 | INFO     | src.config.loader:load_config:42 - Loaded configuration from USER-FILES/01.CONFIG/config.yaml
2025-08-27 07:01:06 | INFO     | __main__:main:72 - Authenticating...
2025-08-27 07:01:06 | DEBUG    | src.auth.env:get_fal_api_key_from_env:19 - Loaded environment from /Users/ruben/08_-_DEVELOPMENT/ISOF_IMAGE_WORKFLOW/00.fal-text->image-tool/.env
2025-08-27 07:01:06 | INFO     | src.auth.env:get_fal_api_key_from_env:25 - Successfully retrieved FAL API key from environment
2025-08-27 07:01:06 | INFO     | __main__:main:76 - Discovering inputs...
2025-08-27 07:01:06 | DEBUG    | src.processing.discovery:discover_prompt_files:40 - Found prompt file: test_suffix/test_prompt.txt
2025-08-27 07:01:06 | INFO     | src.processing.discovery:discover_prompt_files:45 - Discovered 1 prompt files
2025-08-27 07:01:06 | DEBUG    | src.processing.discovery:discover_profiles:93 - Loaded profile: USER-FILES/03.PROFILES/seedream_v3_480p.yaml
2025-08-27 07:01:06 | INFO     | src.processing.discovery:discover_profiles:97 - Loaded 1 profiles
2025-08-27 07:01:06 | INFO     | src.processing.discovery:get_active_models:130 - Found profile: seedream_v3_480p
2025-08-27 07:01:06 | INFO     | src.processing.discovery:get_active_models:135 - Total profiles to process: 1
2025-08-27 07:01:06 | INFO     | src.config.validator:validate_all:26 - All configuration validation passed
2025-08-27 07:01:06 | INFO     | __main__:main:96 - Output directory: USER-FILES/05.OUTPUT/250827_070106
2025-08-27 07:01:06 | INFO     | __main__:main:157 - Starting matrix processing...
2025-08-27 07:01:06 | INFO     | src.processing.processor:process_all:65 - Processing 1 combinations (1 files × 1 profiles)
2025-08-27 07:01:06 | INFO     | src.processing.discovery:load_prompts:63 - Loaded prompt from test_prompt.txt
2025-08-27 07:01:06 | INFO     | src.processing.processor:process_all:100 - Processing combination 1/1: test_suffix/test_prompt.txt + seedream_v3_480p
2025-08-27 07:01:06 | DEBUG    | src.processing.processor:_process_file_model_combination:180 - Processing test_suffix/test_prompt.txt: A majestic mountain landscape with snow-capped pea...
2025-08-27 07:01:06 | INFO     | src.processing.processor:_process_file_model_combination:183 - [DRY RUN] Would generate image for test_suffix/test_prompt.txt
2025-08-27 07:01:06 | INFO     | src.processing.discovery:load_prompts:63 - Loaded prompt from test_prompt.txt
2025-08-27 07:01:06 | INFO     | src.output.writer:write_report:134 - Wrote report: USER-FILES/05.OUTPUT/250827_070106/SUCCESS.md
2025-08-27 07:01:06 | INFO     | src.output.reporter:save_reports:241 - Reports generated successfully
2025-08-27 07:01:06 | SUCCESS  | __main__:main:192 - ✅ Completed successfully! Generated 0 images
