2025-09-09 07:52:03 | INFO     | src.utils.logging:setup_logging:39 - Logging configured (verbose=False, debug=False)
2025-09-09 07:52:03 | INFO     | __main__:main:75 - Loading configuration...
2025-09-09 07:52:03 | INFO     | src.config.loader:load_config:42 - Loaded configuration from USER-FILES/01.CONFIG/config.yaml
2025-09-09 07:52:03 | INFO     | __main__:main:80 - Authenticating...
2025-09-09 07:52:03 | DEBUG    | src.auth.env:get_fal_api_key_from_env:19 - Loaded environment from /Users/ruben/08_-_DEVELOPMENT/ISOF_IMAGE_WORKFLOW/00.fal_text-to-image_tool/.env
2025-09-09 07:52:03 | INFO     | src.auth.env:get_fal_api_key_from_env:25 - Successfully retrieved FAL API key from environment
2025-09-09 07:52:03 | INFO     | __main__:main:84 - Discovering inputs...
2025-09-09 07:52:03 | DEBUG    | src.processing.discovery:discover_prompt_files:40 - Found prompt file: incident commander_straight/1/line_0026.txt
2025-09-09 07:52:03 | DEBUG    | src.processing.discovery:discover_prompt_files:40 - Found prompt file: incident commander_straight/1/line_0027.txt
2025-09-09 07:52:03 | DEBUG    | src.processing.discovery:discover_prompt_files:40 - Found prompt file: incident commander_straight/1/line_0019.txt
2025-09-09 07:52:03 | DEBUG    | src.processing.discovery:discover_prompt_files:40 - Found prompt file: incident commander_straight/1/line_0025.txt
2025-09-09 07:52:03 | DEBUG    | src.processing.discovery:discover_prompt_files:40 - Found prompt file: incident commander_straight/1/line_0024.txt
2025-09-09 07:52:03 | DEBUG    | src.processing.discovery:discover_prompt_files:40 - Found prompt file: incident commander_straight/1/line_0018.txt
2025-09-09 07:52:03 | DEBUG    | src.processing.discovery:discover_prompt_files:40 - Found prompt file: incident commander_straight/1/line_0020.txt
2025-09-09 07:52:03 | DEBUG    | src.processing.discovery:discover_prompt_files:40 - Found prompt file: incident commander_straight/1/line_0008.txt
2025-09-09 07:52:03 | DEBUG    | src.processing.discovery:discover_prompt_files:40 - Found prompt file: incident commander_straight/1/line_0009.txt
2025-09-09 07:52:03 | DEBUG    | src.processing.discovery:discover_prompt_files:40 - Found prompt file: incident commander_straight/1/line_0021.txt
2025-09-09 07:52:03 | DEBUG    | src.processing.discovery:discover_prompt_files:40 - Found prompt file: incident commander_straight/1/line_0023.txt
2025-09-09 07:52:03 | DEBUG    | src.processing.discovery:discover_prompt_files:40 - Found prompt file: incident commander_straight/1/line_0022.txt
2025-09-09 07:52:03 | DEBUG    | src.processing.discovery:discover_prompt_files:40 - Found prompt file: incident commander_straight/1/line_0013.txt
2025-09-09 07:52:03 | DEBUG    | src.processing.discovery:discover_prompt_files:40 - Found prompt file: incident commander_straight/1/line_0007.txt
2025-09-09 07:52:03 | DEBUG    | src.processing.discovery:discover_prompt_files:40 - Found prompt file: incident commander_straight/1/line_0006.txt
2025-09-09 07:52:03 | DEBUG    | src.processing.discovery:discover_prompt_files:40 - Found prompt file: incident commander_straight/1/line_0012.txt
2025-09-09 07:52:03 | DEBUG    | src.processing.discovery:discover_prompt_files:40 - Found prompt file: incident commander_straight/1/line_0004.txt
2025-09-09 07:52:03 | DEBUG    | src.processing.discovery:discover_prompt_files:40 - Found prompt file: incident commander_straight/1/line_0010.txt
2025-09-09 07:52:03 | DEBUG    | src.processing.discovery:discover_prompt_files:40 - Found prompt file: incident commander_straight/1/line_0011.txt
2025-09-09 07:52:03 | DEBUG    | src.processing.discovery:discover_prompt_files:40 - Found prompt file: incident commander_straight/1/line_0005.txt
2025-09-09 07:52:03 | DEBUG    | src.processing.discovery:discover_prompt_files:40 - Found prompt file: incident commander_straight/1/line_0001.txt
2025-09-09 07:52:03 | DEBUG    | src.processing.discovery:discover_prompt_files:40 - Found prompt file: incident commander_straight/1/line_0015.txt
2025-09-09 07:52:03 | DEBUG    | src.processing.discovery:discover_prompt_files:40 - Found prompt file: incident commander_straight/1/line_0014.txt
2025-09-09 07:52:03 | DEBUG    | src.processing.discovery:discover_prompt_files:40 - Found prompt file: incident commander_straight/1/line_0016.txt
2025-09-09 07:52:03 | DEBUG    | src.processing.discovery:discover_prompt_files:40 - Found prompt file: incident commander_straight/1/line_0002.txt
2025-09-09 07:52:03 | DEBUG    | src.processing.discovery:discover_prompt_files:40 - Found prompt file: incident commander_straight/1/line_0003.txt
2025-09-09 07:52:03 | DEBUG    | src.processing.discovery:discover_prompt_files:40 - Found prompt file: incident commander_straight/1/line_0017.txt
2025-09-09 07:52:03 | DEBUG    | src.processing.discovery:discover_prompt_files:40 - Found prompt file: incident commander_straight/4/line_0026.txt
2025-09-09 07:52:03 | DEBUG    | src.processing.discovery:discover_prompt_files:40 - Found prompt file: incident commander_straight/4/line_0027.txt
2025-09-09 07:52:03 | DEBUG    | src.processing.discovery:discover_prompt_files:40 - Found prompt file: incident commander_straight/4/line_0019.txt
2025-09-09 07:52:03 | DEBUG    | src.processing.discovery:discover_prompt_files:40 - Found prompt file: incident commander_straight/4/line_0025.txt
2025-09-09 07:52:03 | DEBUG    | src.processing.discovery:discover_prompt_files:40 - Found prompt file: incident commander_straight/4/line_0024.txt
2025-09-09 07:52:03 | DEBUG    | src.processing.discovery:discover_prompt_files:40 - Found prompt file: incident commander_straight/4/line_0018.txt
2025-09-09 07:52:03 | DEBUG    | src.processing.discovery:discover_prompt_files:40 - Found prompt file: incident commander_straight/4/line_0020.txt
2025-09-09 07:52:03 | DEBUG    | src.processing.discovery:discover_prompt_files:40 - Found prompt file: incident commander_straight/4/line_0008.txt
2025-09-09 07:52:03 | DEBUG    | src.processing.discovery:discover_prompt_files:40 - Found prompt file: incident commander_straight/4/line_0009.txt
2025-09-09 07:52:03 | DEBUG    | src.processing.discovery:discover_prompt_files:40 - Found prompt file: incident commander_straight/4/line_0021.txt
2025-09-09 07:52:03 | DEBUG    | src.processing.discovery:discover_prompt_files:40 - Found prompt file: incident commander_straight/4/line_0023.txt
2025-09-09 07:52:03 | DEBUG    | src.processing.discovery:discover_prompt_files:40 - Found prompt file: incident commander_straight/4/line_0022.txt
2025-09-09 07:52:03 | DEBUG    | src.processing.discovery:discover_prompt_files:40 - Found prompt file: incident commander_straight/4/line_0013.txt
2025-09-09 07:52:03 | DEBUG    | src.processing.discovery:discover_prompt_files:40 - Found prompt file: incident commander_straight/4/line_0007.txt
2025-09-09 07:52:03 | DEBUG    | src.processing.discovery:discover_prompt_files:40 - Found prompt file: incident commander_straight/4/line_0006.txt
2025-09-09 07:52:03 | DEBUG    | src.processing.discovery:discover_prompt_files:40 - Found prompt file: incident commander_straight/4/line_0012.txt
2025-09-09 07:52:03 | DEBUG    | src.processing.discovery:discover_prompt_files:40 - Found prompt file: incident commander_straight/4/line_0004.txt
2025-09-09 07:52:03 | DEBUG    | src.processing.discovery:discover_prompt_files:40 - Found prompt file: incident commander_straight/4/line_0010.txt
2025-09-09 07:52:03 | DEBUG    | src.processing.discovery:discover_prompt_files:40 - Found prompt file: incident commander_straight/4/line_0011.txt
2025-09-09 07:52:03 | DEBUG    | src.processing.discovery:discover_prompt_files:40 - Found prompt file: incident commander_straight/4/line_0005.txt
2025-09-09 07:52:03 | DEBUG    | src.processing.discovery:discover_prompt_files:40 - Found prompt file: incident commander_straight/4/line_0001.txt
2025-09-09 07:52:03 | DEBUG    | src.processing.discovery:discover_prompt_files:40 - Found prompt file: incident commander_straight/4/line_0015.txt
2025-09-09 07:52:03 | DEBUG    | src.processing.discovery:discover_prompt_files:40 - Found prompt file: incident commander_straight/4/line_0014.txt
2025-09-09 07:52:03 | DEBUG    | src.processing.discovery:discover_prompt_files:40 - Found prompt file: incident commander_straight/4/line_0016.txt
2025-09-09 07:52:03 | DEBUG    | src.processing.discovery:discover_prompt_files:40 - Found prompt file: incident commander_straight/4/line_0002.txt
2025-09-09 07:52:03 | DEBUG    | src.processing.discovery:discover_prompt_files:40 - Found prompt file: incident commander_straight/4/line_0003.txt
2025-09-09 07:52:03 | DEBUG    | src.processing.discovery:discover_prompt_files:40 - Found prompt file: incident commander_straight/4/line_0017.txt
2025-09-09 07:52:03 | DEBUG    | src.processing.discovery:discover_prompt_files:40 - Found prompt file: incident commander_straight/3/line_0026.txt
2025-09-09 07:52:03 | DEBUG    | src.processing.discovery:discover_prompt_files:40 - Found prompt file: incident commander_straight/3/line_0027.txt
2025-09-09 07:52:03 | DEBUG    | src.processing.discovery:discover_prompt_files:40 - Found prompt file: incident commander_straight/3/line_0019.txt
2025-09-09 07:52:03 | DEBUG    | src.processing.discovery:discover_prompt_files:40 - Found prompt file: incident commander_straight/3/line_0025.txt
2025-09-09 07:52:03 | DEBUG    | src.processing.discovery:discover_prompt_files:40 - Found prompt file: incident commander_straight/3/line_0024.txt
2025-09-09 07:52:03 | DEBUG    | src.processing.discovery:discover_prompt_files:40 - Found prompt file: incident commander_straight/3/line_0018.txt
2025-09-09 07:52:03 | DEBUG    | src.processing.discovery:discover_prompt_files:40 - Found prompt file: incident commander_straight/3/line_0020.txt
2025-09-09 07:52:03 | DEBUG    | src.processing.discovery:discover_prompt_files:40 - Found prompt file: incident commander_straight/3/line_0008.txt
2025-09-09 07:52:03 | DEBUG    | src.processing.discovery:discover_prompt_files:40 - Found prompt file: incident commander_straight/3/line_0009.txt
2025-09-09 07:52:03 | DEBUG    | src.processing.discovery:discover_prompt_files:40 - Found prompt file: incident commander_straight/3/line_0021.txt
2025-09-09 07:52:03 | DEBUG    | src.processing.discovery:discover_prompt_files:40 - Found prompt file: incident commander_straight/3/line_0023.txt
2025-09-09 07:52:03 | DEBUG    | src.processing.discovery:discover_prompt_files:40 - Found prompt file: incident commander_straight/3/line_0022.txt
2025-09-09 07:52:03 | DEBUG    | src.processing.discovery:discover_prompt_files:40 - Found prompt file: incident commander_straight/3/line_0013.txt
2025-09-09 07:52:03 | DEBUG    | src.processing.discovery:discover_prompt_files:40 - Found prompt file: incident commander_straight/3/line_0007.txt
2025-09-09 07:52:03 | DEBUG    | src.processing.discovery:discover_prompt_files:40 - Found prompt file: incident commander_straight/3/line_0006.txt
2025-09-09 07:52:03 | DEBUG    | src.processing.discovery:discover_prompt_files:40 - Found prompt file: incident commander_straight/3/line_0012.txt
2025-09-09 07:52:03 | DEBUG    | src.processing.discovery:discover_prompt_files:40 - Found prompt file: incident commander_straight/3/line_0004.txt
2025-09-09 07:52:03 | DEBUG    | src.processing.discovery:discover_prompt_files:40 - Found prompt file: incident commander_straight/3/line_0010.txt
2025-09-09 07:52:03 | DEBUG    | src.processing.discovery:discover_prompt_files:40 - Found prompt file: incident commander_straight/3/line_0011.txt
2025-09-09 07:52:03 | DEBUG    | src.processing.discovery:discover_prompt_files:40 - Found prompt file: incident commander_straight/3/line_0005.txt
2025-09-09 07:52:03 | DEBUG    | src.processing.discovery:discover_prompt_files:40 - Found prompt file: incident commander_straight/3/line_0001.txt
2025-09-09 07:52:03 | DEBUG    | src.processing.discovery:discover_prompt_files:40 - Found prompt file: incident commander_straight/3/line_0015.txt
2025-09-09 07:52:03 | DEBUG    | src.processing.discovery:discover_prompt_files:40 - Found prompt file: incident commander_straight/3/line_0029.txt
2025-09-09 07:52:03 | DEBUG    | src.processing.discovery:discover_prompt_files:40 - Found prompt file: incident commander_straight/3/line_0028.txt
2025-09-09 07:52:03 | DEBUG    | src.processing.discovery:discover_prompt_files:40 - Found prompt file: incident commander_straight/3/line_0014.txt
2025-09-09 07:52:03 | DEBUG    | src.processing.discovery:discover_prompt_files:40 - Found prompt file: incident commander_straight/3/line_0016.txt
2025-09-09 07:52:03 | DEBUG    | src.processing.discovery:discover_prompt_files:40 - Found prompt file: incident commander_straight/3/line_0002.txt
2025-09-09 07:52:03 | DEBUG    | src.processing.discovery:discover_prompt_files:40 - Found prompt file: incident commander_straight/3/line_0003.txt
2025-09-09 07:52:03 | DEBUG    | src.processing.discovery:discover_prompt_files:40 - Found prompt file: incident commander_straight/3/line_0017.txt
2025-09-09 07:52:03 | DEBUG    | src.processing.discovery:discover_prompt_files:40 - Found prompt file: incident commander_straight/2/line_0026.txt
2025-09-09 07:52:03 | DEBUG    | src.processing.discovery:discover_prompt_files:40 - Found prompt file: incident commander_straight/2/line_0027.txt
2025-09-09 07:52:03 | DEBUG    | src.processing.discovery:discover_prompt_files:40 - Found prompt file: incident commander_straight/2/line_0019.txt
2025-09-09 07:52:03 | DEBUG    | src.processing.discovery:discover_prompt_files:40 - Found prompt file: incident commander_straight/2/line_0025.txt
2025-09-09 07:52:03 | DEBUG    | src.processing.discovery:discover_prompt_files:40 - Found prompt file: incident commander_straight/2/line_0024.txt
2025-09-09 07:52:03 | DEBUG    | src.processing.discovery:discover_prompt_files:40 - Found prompt file: incident commander_straight/2/line_0018.txt
2025-09-09 07:52:03 | DEBUG    | src.processing.discovery:discover_prompt_files:40 - Found prompt file: incident commander_straight/2/line_0020.txt
2025-09-09 07:52:03 | DEBUG    | src.processing.discovery:discover_prompt_files:40 - Found prompt file: incident commander_straight/2/line_0008.txt
2025-09-09 07:52:03 | DEBUG    | src.processing.discovery:discover_prompt_files:40 - Found prompt file: incident commander_straight/2/line_0009.txt
2025-09-09 07:52:03 | DEBUG    | src.processing.discovery:discover_prompt_files:40 - Found prompt file: incident commander_straight/2/line_0021.txt
2025-09-09 07:52:03 | DEBUG    | src.processing.discovery:discover_prompt_files:40 - Found prompt file: incident commander_straight/2/line_0023.txt
2025-09-09 07:52:03 | DEBUG    | src.processing.discovery:discover_prompt_files:40 - Found prompt file: incident commander_straight/2/line_0022.txt
2025-09-09 07:52:03 | DEBUG    | src.processing.discovery:discover_prompt_files:40 - Found prompt file: incident commander_straight/2/line_0013.txt
2025-09-09 07:52:03 | DEBUG    | src.processing.discovery:discover_prompt_files:40 - Found prompt file: incident commander_straight/2/line_0007.txt
2025-09-09 07:52:03 | DEBUG    | src.processing.discovery:discover_prompt_files:40 - Found prompt file: incident commander_straight/2/line_0006.txt
2025-09-09 07:52:03 | DEBUG    | src.processing.discovery:discover_prompt_files:40 - Found prompt file: incident commander_straight/2/line_0012.txt
2025-09-09 07:52:03 | DEBUG    | src.processing.discovery:discover_prompt_files:40 - Found prompt file: incident commander_straight/2/line_0004.txt
2025-09-09 07:52:03 | DEBUG    | src.processing.discovery:discover_prompt_files:40 - Found prompt file: incident commander_straight/2/line_0010.txt
2025-09-09 07:52:03 | DEBUG    | src.processing.discovery:discover_prompt_files:40 - Found prompt file: incident commander_straight/2/line_0011.txt
2025-09-09 07:52:03 | DEBUG    | src.processing.discovery:discover_prompt_files:40 - Found prompt file: incident commander_straight/2/line_0005.txt
2025-09-09 07:52:03 | DEBUG    | src.processing.discovery:discover_prompt_files:40 - Found prompt file: incident commander_straight/2/line_0001.txt
2025-09-09 07:52:03 | DEBUG    | src.processing.discovery:discover_prompt_files:40 - Found prompt file: incident commander_straight/2/line_0015.txt
2025-09-09 07:52:03 | DEBUG    | src.processing.discovery:discover_prompt_files:40 - Found prompt file: incident commander_straight/2/line_0028.txt
2025-09-09 07:52:03 | DEBUG    | src.processing.discovery:discover_prompt_files:40 - Found prompt file: incident commander_straight/2/line_0014.txt
2025-09-09 07:52:03 | DEBUG    | src.processing.discovery:discover_prompt_files:40 - Found prompt file: incident commander_straight/2/line_0016.txt
2025-09-09 07:52:03 | DEBUG    | src.processing.discovery:discover_prompt_files:40 - Found prompt file: incident commander_straight/2/line_0002.txt
2025-09-09 07:52:03 | DEBUG    | src.processing.discovery:discover_prompt_files:40 - Found prompt file: incident commander_straight/2/line_0003.txt
2025-09-09 07:52:03 | DEBUG    | src.processing.discovery:discover_prompt_files:40 - Found prompt file: incident commander_straight/2/line_0017.txt
2025-09-09 07:52:03 | INFO     | src.processing.discovery:discover_prompt_files:45 - Discovered 111 prompt files
2025-09-09 07:52:03 | DEBUG    | src.processing.discovery:discover_profiles:93 - Loaded profile: USER-FILES/03.PROFILES/nano-banano_16x9.yaml
2025-09-09 07:52:03 | INFO     | src.processing.discovery:discover_profiles:97 - Loaded 1 profiles
2025-09-09 07:52:03 | INFO     | src.processing.discovery:get_active_models:131 - Found profile: nano-banano_16x9
2025-09-09 07:52:03 | INFO     | src.processing.discovery:get_active_models:136 - Total profiles to process: 1
2025-09-09 07:52:03 | INFO     | src.config.validator:validate_all:26 - All configuration validation passed
2025-09-09 07:52:03 | INFO     | __main__:main:104 - Output directory: USER-FILES/05.OUTPUT/250909_075203
2025-09-09 07:52:03 | INFO     | __main__:main:166 - Starting matrix processing...
2025-09-09 07:52:03 | INFO     | src.processing.processor:process_all:69 - Processing 111 combinations (111 files × 1 profiles)
2025-09-09 07:52:03 | INFO     | src.processing.discovery:load_prompts:63 - Loaded prompt from line_0001.txt
2025-09-09 07:52:03 | INFO     | src.processing.processor:process_all:105 - Processing combination 1/111: incident commander_straight/1/line_0001.txt + nano-banano_16x9
2025-09-09 07:52:03 | DEBUG    | src.processing.processor:_process_file_model_combination:181 - Added prefix to prompt: Aspect_ratio="16:9"
2025-09-09 07:52:03 | DEBUG    | src.processing.processor:_process_file_model_combination:187 - Processing incident commander_straight/1/line_0001.txt: Aspect_ratio="16:9" "Clipart-style illustration of...
2025-09-09 07:52:03 | DEBUG    | src.api.client:generate_image:70 - Actual prompt string being sent: Aspect_ratio="16:9" "Clipart-style illustration of a locked padlock icon with ""CONFIDENTIAL TRAINING"" text and AWS logo. The style is clean, minimal, and vector-based, with flat colors and simple outlines. Transparent background."
2025-09-09 07:52:03 | DEBUG    | src.api.client:generate_image:71 - Prompt repr: 'Aspect_ratio="16:9" "Clipart-style illustration of a locked padlock icon with ""CONFIDENTIAL TRAINING"" text and AWS logo. The style is clean, minimal, and vector-based, with flat colors and simple outlines. Transparent background."'
2025-09-09 07:52:03 | DEBUG    | src.api.client:_call_with_retry:118 - API call attempt 1/3
2025-09-09 07:52:11 | DEBUG    | src.api.client:_call_with_retry:131 - API call successful
2025-09-09 07:52:14 | INFO     | src.output.writer:save_image:119 - Saved valid image: USER-FILES/05.OUTPUT/250909_075203/nano-banano_16x9/incident commander_straight/1/line_0001_075211_nano-banano_16x9_unknownxunknown.jpeg
2025-09-09 07:52:14 | DEBUG    | src.output.writer:save_image:149 - Saved API payload as Markdown: USER-FILES/05.OUTPUT/250909_075203/nano-banano_16x9/incident commander_straight/1/line_0001_075211_nano-banano_16x9_unknownxunknown.md
2025-09-09 07:52:14 | INFO     | src.processing.processor:_process_file_model_combination:234 - Saved image: line_0001_075211_nano-banano_16x9_unknownxunknown.jpeg
2025-09-09 07:52:14 | INFO     | src.processing.discovery:load_prompts:63 - Loaded prompt from line_0002.txt
2025-09-09 07:52:14 | INFO     | src.processing.processor:process_all:105 - Processing combination 2/111: incident commander_straight/1/line_0002.txt + nano-banano_16x9
2025-09-09 07:52:14 | DEBUG    | src.processing.processor:_process_file_model_combination:181 - Added prefix to prompt: Aspect_ratio="16:9"
2025-09-09 07:52:14 | DEBUG    | src.processing.processor:_process_file_model_combination:187 - Processing incident commander_straight/1/line_0002.txt: Aspect_ratio="16:9" Group of 3 AWS employees (Hisp...
2025-09-09 07:52:14 | DEBUG    | src.api.client:generate_image:70 - Actual prompt string being sent: Aspect_ratio="16:9" Group of 3 AWS employees (Hispanic woman 30s, White man 40s, Asian man 20s) all smiling, checking ID badges together, wearing complete PPE: long-sleeved shirts, utilitarian pants, gray safety gloves, ear protection muffs, and safety goggles, industrial facility entrance.
2025-09-09 07:52:14 | DEBUG    | src.api.client:generate_image:71 - Prompt repr: 'Aspect_ratio="16:9" Group of 3 AWS employees (Hispanic woman 30s, White man 40s, Asian man 20s) all smiling, checking ID badges together, wearing complete PPE: long-sleeved shirts, utilitarian pants, gray safety gloves, ear protection muffs, and safety goggles, industrial facility entrance.'
2025-09-09 07:52:14 | DEBUG    | src.api.client:_call_with_retry:118 - API call attempt 1/3
2025-09-09 07:52:22 | DEBUG    | src.api.client:_call_with_retry:131 - API call successful
2025-09-09 07:52:24 | INFO     | src.output.writer:save_image:119 - Saved valid image: USER-FILES/05.OUTPUT/250909_075203/nano-banano_16x9/incident commander_straight/1/line_0002_075222_nano-banano_16x9_unknownxunknown.jpeg
2025-09-09 07:52:24 | DEBUG    | src.output.writer:save_image:149 - Saved API payload as Markdown: USER-FILES/05.OUTPUT/250909_075203/nano-banano_16x9/incident commander_straight/1/line_0002_075222_nano-banano_16x9_unknownxunknown.md
2025-09-09 07:52:24 | INFO     | src.processing.processor:_process_file_model_combination:234 - Saved image: line_0002_075222_nano-banano_16x9_unknownxunknown.jpeg
2025-09-09 07:52:24 | INFO     | src.processing.discovery:load_prompts:63 - Loaded prompt from line_0003.txt
2025-09-09 07:52:24 | INFO     | src.processing.processor:process_all:105 - Processing combination 3/111: incident commander_straight/1/line_0003.txt + nano-banano_16x9
2025-09-09 07:52:24 | DEBUG    | src.processing.processor:_process_file_model_combination:181 - Added prefix to prompt: Aspect_ratio="16:9"
2025-09-09 07:52:24 | DEBUG    | src.processing.processor:_process_file_model_combination:187 - Processing incident commander_straight/1/line_0003.txt: Aspect_ratio="16:9" Clipart-style illustration of ...
2025-09-09 07:52:24 | DEBUG    | src.api.client:generate_image:70 - Actual prompt string being sent: Aspect_ratio="16:9" Clipart-style illustration of a warning triangle containing PPE symbols (hard hat, safety goggles, ear muffs, gloves). The style is clean, minimal, and vector-based, with flat colors and simple outlines. Transparent background.
2025-09-09 07:52:24 | DEBUG    | src.api.client:generate_image:71 - Prompt repr: 'Aspect_ratio="16:9" Clipart-style illustration of a warning triangle containing PPE symbols (hard hat, safety goggles, ear muffs, gloves). The style is clean, minimal, and vector-based, with flat colors and simple outlines. Transparent background.'
2025-09-09 07:52:24 | DEBUG    | src.api.client:_call_with_retry:118 - API call attempt 1/3
2025-09-09 07:52:31 | DEBUG    | src.api.client:_call_with_retry:131 - API call successful
2025-09-09 07:52:34 | INFO     | src.output.writer:save_image:119 - Saved valid image: USER-FILES/05.OUTPUT/250909_075203/nano-banano_16x9/incident commander_straight/1/line_0003_075231_nano-banano_16x9_unknownxunknown.jpeg
2025-09-09 07:52:34 | DEBUG    | src.output.writer:save_image:149 - Saved API payload as Markdown: USER-FILES/05.OUTPUT/250909_075203/nano-banano_16x9/incident commander_straight/1/line_0003_075231_nano-banano_16x9_unknownxunknown.md
2025-09-09 07:52:34 | INFO     | src.processing.processor:_process_file_model_combination:234 - Saved image: line_0003_075231_nano-banano_16x9_unknownxunknown.jpeg
2025-09-09 07:52:34 | INFO     | src.processing.discovery:load_prompts:63 - Loaded prompt from line_0004.txt
2025-09-09 07:52:34 | INFO     | src.processing.processor:process_all:105 - Processing combination 4/111: incident commander_straight/1/line_0004.txt + nano-banano_16x9
2025-09-09 07:52:34 | DEBUG    | src.processing.processor:_process_file_model_combination:181 - Added prefix to prompt: Aspect_ratio="16:9"
2025-09-09 07:52:34 | DEBUG    | src.processing.processor:_process_file_model_combination:187 - Processing incident commander_straight/1/line_0004.txt: Aspect_ratio="16:9" Group of 3 AWS technicians (Mi...
2025-09-09 07:52:34 | DEBUG    | src.api.client:generate_image:70 - Actual prompt string being sent: Aspect_ratio="16:9" Group of 3 AWS technicians (Middle Eastern man 30s, White woman 20s, Hispanic man 40s) all smiling, wearing complete PPE: long-sleeved shirts, utilitarian pants, gray safety gloves, ear protection muffs, and safety goggles, major data center server room with orange metal cable trays packed with yellow, green, and black fiber optic lines overhead.
2025-09-09 07:52:34 | DEBUG    | src.api.client:generate_image:71 - Prompt repr: 'Aspect_ratio="16:9" Group of 3 AWS technicians (Middle Eastern man 30s, White woman 20s, Hispanic man 40s) all smiling, wearing complete PPE: long-sleeved shirts, utilitarian pants, gray safety gloves, ear protection muffs, and safety goggles, major data center server room with orange metal cable trays packed with yellow, green, and black fiber optic lines overhead.'
2025-09-09 07:52:34 | DEBUG    | src.api.client:_call_with_retry:118 - API call attempt 1/3
2025-09-09 07:52:41 | DEBUG    | src.api.client:_call_with_retry:131 - API call successful
2025-09-09 07:52:44 | INFO     | src.output.writer:save_image:119 - Saved valid image: USER-FILES/05.OUTPUT/250909_075203/nano-banano_16x9/incident commander_straight/1/line_0004_075241_nano-banano_16x9_unknownxunknown.jpeg
2025-09-09 07:52:44 | DEBUG    | src.output.writer:save_image:149 - Saved API payload as Markdown: USER-FILES/05.OUTPUT/250909_075203/nano-banano_16x9/incident commander_straight/1/line_0004_075241_nano-banano_16x9_unknownxunknown.md
2025-09-09 07:52:44 | INFO     | src.processing.processor:_process_file_model_combination:234 - Saved image: line_0004_075241_nano-banano_16x9_unknownxunknown.jpeg
2025-09-09 07:52:44 | INFO     | src.processing.discovery:load_prompts:63 - Loaded prompt from line_0005.txt
2025-09-09 07:52:44 | INFO     | src.processing.processor:process_all:105 - Processing combination 5/111: incident commander_straight/1/line_0005.txt + nano-banano_16x9
2025-09-09 07:52:44 | DEBUG    | src.processing.processor:_process_file_model_combination:181 - Added prefix to prompt: Aspect_ratio="16:9"
2025-09-09 07:52:44 | DEBUG    | src.processing.processor:_process_file_model_combination:187 - Processing incident commander_straight/1/line_0005.txt: Aspect_ratio="16:9" "Clipart-style illustration of...
2025-09-09 07:52:44 | DEBUG    | src.api.client:generate_image:70 - Actual prompt string being sent: Aspect_ratio="16:9" "Clipart-style illustration of an open safety manual book showing ""AWS Safety Management Program"" on cover with checklist pages visible. The style is clean, minimal, and vector-based, with flat colors and simple outlines. Transparent background."
2025-09-09 07:52:44 | DEBUG    | src.api.client:generate_image:71 - Prompt repr: 'Aspect_ratio="16:9" "Clipart-style illustration of an open safety manual book showing ""AWS Safety Management Program"" on cover with checklist pages visible. The style is clean, minimal, and vector-based, with flat colors and simple outlines. Transparent background."'
2025-09-09 07:52:44 | DEBUG    | src.api.client:_call_with_retry:118 - API call attempt 1/3
2025-09-09 07:52:51 | DEBUG    | src.api.client:_call_with_retry:131 - API call successful
2025-09-09 07:52:55 | INFO     | src.output.writer:save_image:119 - Saved valid image: USER-FILES/05.OUTPUT/250909_075203/nano-banano_16x9/incident commander_straight/1/line_0005_075251_nano-banano_16x9_unknownxunknown.jpeg
2025-09-09 07:52:55 | DEBUG    | src.output.writer:save_image:149 - Saved API payload as Markdown: USER-FILES/05.OUTPUT/250909_075203/nano-banano_16x9/incident commander_straight/1/line_0005_075251_nano-banano_16x9_unknownxunknown.md
2025-09-09 07:52:55 | INFO     | src.processing.processor:_process_file_model_combination:234 - Saved image: line_0005_075251_nano-banano_16x9_unknownxunknown.jpeg
2025-09-09 07:52:55 | INFO     | src.processing.discovery:load_prompts:63 - Loaded prompt from line_0006.txt
2025-09-09 07:52:55 | INFO     | src.processing.processor:process_all:105 - Processing combination 6/111: incident commander_straight/1/line_0006.txt + nano-banano_16x9
2025-09-09 07:52:55 | DEBUG    | src.processing.processor:_process_file_model_combination:181 - Added prefix to prompt: Aspect_ratio="16:9"
2025-09-09 07:52:55 | DEBUG    | src.processing.processor:_process_file_model_combination:187 - Processing incident commander_straight/1/line_0006.txt: Aspect_ratio="16:9" Dutch angle, off-centered fram...
2025-09-09 07:52:55 | DEBUG    | src.api.client:generate_image:70 - Actual prompt string being sent: Aspect_ratio="16:9" Dutch angle, off-centered framing, Close-Up on arranged PPE equipment: gray safety gloves, ear protection muffs, safety goggles, steel-toe shoes, industrial fluorescent lighting above. Wide angle lens, hard flash, crushed whites, disposable camera, EXTREME shallow depth of field, a lot of bokeh, f/1.2.
2025-09-09 07:52:55 | DEBUG    | src.api.client:generate_image:71 - Prompt repr: 'Aspect_ratio="16:9" Dutch angle, off-centered framing, Close-Up on arranged PPE equipment: gray safety gloves, ear protection muffs, safety goggles, steel-toe shoes, industrial fluorescent lighting above. Wide angle lens, hard flash, crushed whites, disposable camera, EXTREME shallow depth of field, a lot of bokeh, f/1.2.'
2025-09-09 07:52:55 | DEBUG    | src.api.client:_call_with_retry:118 - API call attempt 1/3
2025-09-09 07:52:55 | WARNING  | __main__:main:208 - Interrupted by user
