2025-08-28 19:16:38 | INFO     | src.utils.logging:setup_logging:39 - Logging configured (verbose=False, debug=False)
2025-08-28 19:16:38 | INFO     | __main__:main:75 - Loading configuration...
2025-08-28 19:16:38 | INFO     | src.config.loader:load_config:42 - Loaded configuration from USER-FILES/01.CONFIG/config.yaml
2025-08-28 19:16:38 | INFO     | __main__:main:80 - Authenticating...
2025-08-28 19:16:38 | DEBUG    | src.auth.env:get_fal_api_key_from_env:19 - Loaded environment from /Users/ruben/08_-_DEVELOPMENT/ISOF_IMAGE_WORKFLOW/00.fal-text->image-tool/.env
2025-08-28 19:16:38 | INFO     | src.auth.env:get_fal_api_key_from_env:25 - Successfully retrieved FAL API key from environment
2025-08-28 19:16:38 | INFO     | __main__:main:84 - Discovering inputs...
2025-08-28 19:16:38 | DEBUG    | src.processing.discovery:discover_prompt_files:40 - Found prompt file: 250824_opus-4-1_censored_light/prompt166.txt
2025-08-28 19:16:38 | DEBUG    | src.processing.discovery:discover_prompt_files:40 - Found prompt file: 250824_opus-4-1_censored_light/prompt172.txt
2025-08-28 19:16:38 | DEBUG    | src.processing.discovery:discover_prompt_files:40 - Found prompt file: 250824_opus-4-1_censored_light/prompt173.txt
2025-08-28 19:16:38 | DEBUG    | src.processing.discovery:discover_prompt_files:40 - Found prompt file: 250824_opus-4-1_censored_light/prompt167.txt
2025-08-28 19:16:38 | DEBUG    | src.processing.discovery:discover_prompt_files:40 - Found prompt file: 250824_opus-4-1_censored_light/prompt159.txt
2025-08-28 19:16:38 | DEBUG    | src.processing.discovery:discover_prompt_files:40 - Found prompt file: 250824_opus-4-1_censored_light/prompt171.txt
2025-08-28 19:16:38 | DEBUG    | src.processing.discovery:discover_prompt_files:40 - Found prompt file: 250824_opus-4-1_censored_light/prompt165.txt
2025-08-28 19:16:38 | DEBUG    | src.processing.discovery:discover_prompt_files:40 - Found prompt file: 250824_opus-4-1_censored_light/prompt164.txt
2025-08-28 19:16:38 | DEBUG    | src.processing.discovery:discover_prompt_files:40 - Found prompt file: 250824_opus-4-1_censored_light/prompt170.txt
2025-08-28 19:16:38 | DEBUG    | src.processing.discovery:discover_prompt_files:40 - Found prompt file: 250824_opus-4-1_censored_light/prompt158.txt
2025-08-28 19:16:38 | DEBUG    | src.processing.discovery:discover_prompt_files:40 - Found prompt file: 250824_opus-4-1_censored_light/prompt174.txt
2025-08-28 19:16:38 | DEBUG    | src.processing.discovery:discover_prompt_files:40 - Found prompt file: 250824_opus-4-1_censored_light/prompt160.txt
2025-08-28 19:16:38 | DEBUG    | src.processing.discovery:discover_prompt_files:40 - Found prompt file: 250824_opus-4-1_censored_light/prompt148.txt
2025-08-28 19:16:38 | DEBUG    | src.processing.discovery:discover_prompt_files:40 - Found prompt file: 250824_opus-4-1_censored_light/prompt149.txt
2025-08-28 19:16:38 | DEBUG    | src.processing.discovery:discover_prompt_files:40 - Found prompt file: 250824_opus-4-1_censored_light/prompt161.txt
2025-08-28 19:16:38 | DEBUG    | src.processing.discovery:discover_prompt_files:40 - Found prompt file: 250824_opus-4-1_censored_light/prompt175.txt
2025-08-28 19:16:38 | DEBUG    | src.processing.discovery:discover_prompt_files:40 - Found prompt file: 250824_opus-4-1_censored_light/prompt163.txt
2025-08-28 19:16:38 | DEBUG    | src.processing.discovery:discover_prompt_files:40 - Found prompt file: 250824_opus-4-1_censored_light/prompt177.txt
2025-08-28 19:16:38 | DEBUG    | src.processing.discovery:discover_prompt_files:40 - Found prompt file: 250824_opus-4-1_censored_light/prompt188.txt
2025-08-28 19:16:38 | DEBUG    | src.processing.discovery:discover_prompt_files:40 - Found prompt file: 250824_opus-4-1_censored_light/prompt189.txt
2025-08-28 19:16:38 | DEBUG    | src.processing.discovery:discover_prompt_files:40 - Found prompt file: 250824_opus-4-1_censored_light/prompt176.txt
2025-08-28 19:16:38 | DEBUG    | src.processing.discovery:discover_prompt_files:40 - Found prompt file: 250824_opus-4-1_censored_light/prompt162.txt
2025-08-28 19:16:38 | DEBUG    | src.processing.discovery:discover_prompt_files:40 - Found prompt file: 250824_opus-4-1_censored_light/prompt139.txt
2025-08-28 19:16:38 | DEBUG    | src.processing.discovery:discover_prompt_files:40 - Found prompt file: 250824_opus-4-1_censored_light/prompt138.txt
2025-08-28 19:16:38 | DEBUG    | src.processing.discovery:discover_prompt_files:40 - Found prompt file: 250824_opus-4-1_censored_light/prompt133.txt
2025-08-28 19:16:38 | DEBUG    | src.processing.discovery:discover_prompt_files:40 - Found prompt file: 250824_opus-4-1_censored_light/prompt136.txt
2025-08-28 19:16:38 | DEBUG    | src.processing.discovery:discover_prompt_files:40 - Found prompt file: 250824_opus-4-1_censored_light/prompt137.txt
2025-08-28 19:16:38 | DEBUG    | src.processing.discovery:discover_prompt_files:40 - Found prompt file: 250824_opus-4-1_censored_light/prompt135.txt
2025-08-28 19:16:38 | DEBUG    | src.processing.discovery:discover_prompt_files:40 - Found prompt file: 250824_opus-4-1_censored_light/prompt134.txt
2025-08-28 19:16:38 | DEBUG    | src.processing.discovery:discover_prompt_files:40 - Found prompt file: 250824_opus-4-1_censored_light/prompt147.txt
2025-08-28 19:16:38 | DEBUG    | src.processing.discovery:discover_prompt_files:40 - Found prompt file: 250824_opus-4-1_censored_light/prompt153.txt
2025-08-28 19:16:38 | DEBUG    | src.processing.discovery:discover_prompt_files:40 - Found prompt file: 250824_opus-4-1_censored_light/prompt184.txt
2025-08-28 19:16:38 | DEBUG    | src.processing.discovery:discover_prompt_files:40 - Found prompt file: 250824_opus-4-1_censored_light/prompt190.txt
2025-08-28 19:16:38 | DEBUG    | src.processing.discovery:discover_prompt_files:40 - Found prompt file: 250824_opus-4-1_censored_light/prompt191.txt
2025-08-28 19:16:38 | DEBUG    | src.processing.discovery:discover_prompt_files:40 - Found prompt file: 250824_opus-4-1_censored_light/prompt185.txt
2025-08-28 19:16:38 | DEBUG    | src.processing.discovery:discover_prompt_files:40 - Found prompt file: 250824_opus-4-1_censored_light/prompt152.txt
2025-08-28 19:16:38 | DEBUG    | src.processing.discovery:discover_prompt_files:40 - Found prompt file: 250824_opus-4-1_censored_light/prompt146.txt
2025-08-28 19:16:38 | DEBUG    | src.processing.discovery:discover_prompt_files:40 - Found prompt file: 250824_opus-4-1_censored_light/prompt178.txt
2025-08-28 19:16:38 | DEBUG    | src.processing.discovery:discover_prompt_files:40 - Found prompt file: 250824_opus-4-1_censored_light/prompt150.txt
2025-08-28 19:16:38 | DEBUG    | src.processing.discovery:discover_prompt_files:40 - Found prompt file: 250824_opus-4-1_censored_light/prompt144.txt
2025-08-28 19:16:38 | DEBUG    | src.processing.discovery:discover_prompt_files:40 - Found prompt file: 250824_opus-4-1_censored_light/prompt187.txt
2025-08-28 19:16:38 | DEBUG    | src.processing.discovery:discover_prompt_files:40 - Found prompt file: 250824_opus-4-1_censored_light/prompt186.txt
2025-08-28 19:16:38 | DEBUG    | src.processing.discovery:discover_prompt_files:40 - Found prompt file: 250824_opus-4-1_censored_light/prompt192.txt
2025-08-28 19:16:38 | DEBUG    | src.processing.discovery:discover_prompt_files:40 - Found prompt file: 250824_opus-4-1_censored_light/prompt145.txt
2025-08-28 19:16:38 | DEBUG    | src.processing.discovery:discover_prompt_files:40 - Found prompt file: 250824_opus-4-1_censored_light/prompt151.txt
2025-08-28 19:16:38 | DEBUG    | src.processing.discovery:discover_prompt_files:40 - Found prompt file: 250824_opus-4-1_censored_light/prompt179.txt
2025-08-28 19:16:38 | DEBUG    | src.processing.discovery:discover_prompt_files:40 - Found prompt file: 250824_opus-4-1_censored_light/prompt155.txt
2025-08-28 19:16:38 | DEBUG    | src.processing.discovery:discover_prompt_files:40 - Found prompt file: 250824_opus-4-1_censored_light/prompt141.txt
2025-08-28 19:16:38 | DEBUG    | src.processing.discovery:discover_prompt_files:40 - Found prompt file: 250824_opus-4-1_censored_light/prompt169.txt
2025-08-28 19:16:38 | DEBUG    | src.processing.discovery:discover_prompt_files:40 - Found prompt file: 250824_opus-4-1_censored_light/prompt182.txt
2025-08-28 19:16:38 | DEBUG    | src.processing.discovery:discover_prompt_files:40 - Found prompt file: 250824_opus-4-1_censored_light/prompt183.txt
2025-08-28 19:16:38 | DEBUG    | src.processing.discovery:discover_prompt_files:40 - Found prompt file: 250824_opus-4-1_censored_light/prompt168.txt
2025-08-28 19:16:38 | DEBUG    | src.processing.discovery:discover_prompt_files:40 - Found prompt file: 250824_opus-4-1_censored_light/prompt140.txt
2025-08-28 19:16:38 | DEBUG    | src.processing.discovery:discover_prompt_files:40 - Found prompt file: 250824_opus-4-1_censored_light/prompt154.txt
2025-08-28 19:16:38 | DEBUG    | src.processing.discovery:discover_prompt_files:40 - Found prompt file: 250824_opus-4-1_censored_light/prompt142.txt
2025-08-28 19:16:38 | DEBUG    | src.processing.discovery:discover_prompt_files:40 - Found prompt file: 250824_opus-4-1_censored_light/prompt156.txt
2025-08-28 19:16:38 | DEBUG    | src.processing.discovery:discover_prompt_files:40 - Found prompt file: 250824_opus-4-1_censored_light/prompt181.txt
2025-08-28 19:16:38 | DEBUG    | src.processing.discovery:discover_prompt_files:40 - Found prompt file: 250824_opus-4-1_censored_light/prompt180.txt
2025-08-28 19:16:38 | DEBUG    | src.processing.discovery:discover_prompt_files:40 - Found prompt file: 250824_opus-4-1_censored_light/prompt157.txt
2025-08-28 19:16:38 | DEBUG    | src.processing.discovery:discover_prompt_files:40 - Found prompt file: 250824_opus-4-1_censored_light/prompt143.txt
2025-08-28 19:16:38 | INFO     | src.processing.discovery:discover_prompt_files:45 - Discovered 60 prompt files
2025-08-28 19:16:38 | DEBUG    | src.processing.discovery:discover_profiles:93 - Loaded profile: USER-FILES/03.PROFILES/nano-banano.yaml
2025-08-28 19:16:38 | INFO     | src.processing.discovery:discover_profiles:97 - Loaded 1 profiles
2025-08-28 19:16:38 | INFO     | src.processing.discovery:get_active_models:131 - Found profile: nano-banano
2025-08-28 19:16:38 | INFO     | src.processing.discovery:get_active_models:136 - Total profiles to process: 1
2025-08-28 19:16:38 | INFO     | src.config.validator:validate_all:26 - All configuration validation passed
2025-08-28 19:16:38 | INFO     | __main__:main:104 - Output directory: USER-FILES/05.OUTPUT/250828_191638
2025-08-28 19:16:38 | INFO     | __main__:main:166 - Starting matrix processing...
2025-08-28 19:16:38 | INFO     | src.processing.processor:process_all:69 - Processing 60 combinations (60 files × 1 profiles)
2025-08-28 19:16:38 | INFO     | src.processing.discovery:load_prompts:63 - Loaded prompt from prompt133.txt
2025-08-28 19:16:38 | INFO     | src.processing.processor:process_all:105 - Processing combination 1/60: 250824_opus-4-1_censored_light/prompt133.txt + nano-banano
2025-08-28 19:16:38 | DEBUG    | src.processing.processor:_process_file_model_combination:187 - Processing 250824_opus-4-1_censored_light/prompt133.txt: 1940s office building interior during magic hour, ...
2025-08-28 19:16:38 | DEBUG    | src.api.client:_call_with_retry:114 - API call attempt 1/3
2025-08-28 19:16:47 | DEBUG    | src.api.client:_call_with_retry:127 - API call successful
2025-08-28 19:16:50 | INFO     | src.output.writer:save_image:119 - Saved valid image: USER-FILES/05.OUTPUT/250828_191638/nano-banano/250824_opus-4-1_censored_light/prompt133_191647_nano-banano_unknownxunknown.jpeg
2025-08-28 19:16:50 | DEBUG    | src.output.writer:save_image:135 - Saved API payload: USER-FILES/05.OUTPUT/250828_191638/nano-banano/250824_opus-4-1_censored_light/prompt133_191647_nano-banano_unknownxunknown.json
2025-08-28 19:16:50 | INFO     | src.processing.processor:_process_file_model_combination:234 - Saved image: prompt133_191647_nano-banano_unknownxunknown.jpeg
2025-08-28 19:16:50 | INFO     | src.processing.discovery:load_prompts:63 - Loaded prompt from prompt134.txt
2025-08-28 19:16:50 | INFO     | src.processing.processor:process_all:105 - Processing combination 2/60: 250824_opus-4-1_censored_light/prompt134.txt + nano-banano
2025-08-28 19:16:50 | DEBUG    | src.processing.processor:_process_file_model_combination:187 - Processing 250824_opus-4-1_censored_light/prompt134.txt: 1940s office interior during magic hour, medium cl...
2025-08-28 19:16:50 | DEBUG    | src.api.client:_call_with_retry:114 - API call attempt 1/3
2025-08-28 19:16:59 | DEBUG    | src.api.client:_call_with_retry:127 - API call successful
2025-08-28 19:17:01 | INFO     | src.output.writer:save_image:119 - Saved valid image: USER-FILES/05.OUTPUT/250828_191638/nano-banano/250824_opus-4-1_censored_light/prompt134_191659_nano-banano_unknownxunknown.jpeg
2025-08-28 19:17:01 | DEBUG    | src.output.writer:save_image:135 - Saved API payload: USER-FILES/05.OUTPUT/250828_191638/nano-banano/250824_opus-4-1_censored_light/prompt134_191659_nano-banano_unknownxunknown.json
2025-08-28 19:17:01 | INFO     | src.processing.processor:_process_file_model_combination:234 - Saved image: prompt134_191659_nano-banano_unknownxunknown.jpeg
2025-08-28 19:17:01 | INFO     | src.processing.discovery:load_prompts:63 - Loaded prompt from prompt135.txt
2025-08-28 19:17:01 | INFO     | src.processing.processor:process_all:105 - Processing combination 3/60: 250824_opus-4-1_censored_light/prompt135.txt + nano-banano
2025-08-28 19:17:01 | DEBUG    | src.processing.processor:_process_file_model_combination:187 - Processing 250824_opus-4-1_censored_light/prompt135.txt: 1940s office interior during magic hour, close-up ...
2025-08-28 19:17:01 | DEBUG    | src.api.client:_call_with_retry:114 - API call attempt 1/3
2025-08-28 19:17:11 | DEBUG    | src.api.client:_call_with_retry:127 - API call successful
2025-08-28 19:17:14 | INFO     | src.output.writer:save_image:119 - Saved valid image: USER-FILES/05.OUTPUT/250828_191638/nano-banano/250824_opus-4-1_censored_light/prompt135_191711_nano-banano_unknownxunknown.jpeg
2025-08-28 19:17:14 | DEBUG    | src.output.writer:save_image:135 - Saved API payload: USER-FILES/05.OUTPUT/250828_191638/nano-banano/250824_opus-4-1_censored_light/prompt135_191711_nano-banano_unknownxunknown.json
2025-08-28 19:17:14 | INFO     | src.processing.processor:_process_file_model_combination:234 - Saved image: prompt135_191711_nano-banano_unknownxunknown.jpeg
2025-08-28 19:17:14 | INFO     | src.processing.discovery:load_prompts:63 - Loaded prompt from prompt136.txt
2025-08-28 19:17:14 | INFO     | src.processing.processor:process_all:105 - Processing combination 4/60: 250824_opus-4-1_censored_light/prompt136.txt + nano-banano
2025-08-28 19:17:14 | DEBUG    | src.processing.processor:_process_file_model_combination:187 - Processing 250824_opus-4-1_censored_light/prompt136.txt: 1940s office interior during magic hour, close-up ...
2025-08-28 19:17:14 | DEBUG    | src.api.client:_call_with_retry:114 - API call attempt 1/3
2025-08-28 19:17:22 | DEBUG    | src.api.client:_call_with_retry:127 - API call successful
2025-08-28 19:17:25 | INFO     | src.output.writer:save_image:119 - Saved valid image: USER-FILES/05.OUTPUT/250828_191638/nano-banano/250824_opus-4-1_censored_light/prompt136_191722_nano-banano_unknownxunknown.jpeg
2025-08-28 19:17:25 | DEBUG    | src.output.writer:save_image:135 - Saved API payload: USER-FILES/05.OUTPUT/250828_191638/nano-banano/250824_opus-4-1_censored_light/prompt136_191722_nano-banano_unknownxunknown.json
2025-08-28 19:17:25 | INFO     | src.processing.processor:_process_file_model_combination:234 - Saved image: prompt136_191722_nano-banano_unknownxunknown.jpeg
2025-08-28 19:17:25 | INFO     | src.processing.discovery:load_prompts:63 - Loaded prompt from prompt137.txt
2025-08-28 19:17:25 | INFO     | src.processing.processor:process_all:105 - Processing combination 5/60: 250824_opus-4-1_censored_light/prompt137.txt + nano-banano
2025-08-28 19:17:25 | DEBUG    | src.processing.processor:_process_file_model_combination:187 - Processing 250824_opus-4-1_censored_light/prompt137.txt: 1940s office interior during magic hour, medium wi...
2025-08-28 19:17:25 | DEBUG    | src.api.client:_call_with_retry:114 - API call attempt 1/3
2025-08-28 19:17:35 | DEBUG    | src.api.client:_call_with_retry:127 - API call successful
2025-08-28 19:17:37 | INFO     | src.output.writer:save_image:119 - Saved valid image: USER-FILES/05.OUTPUT/250828_191638/nano-banano/250824_opus-4-1_censored_light/prompt137_191735_nano-banano_unknownxunknown.jpeg
2025-08-28 19:17:37 | DEBUG    | src.output.writer:save_image:135 - Saved API payload: USER-FILES/05.OUTPUT/250828_191638/nano-banano/250824_opus-4-1_censored_light/prompt137_191735_nano-banano_unknownxunknown.json
2025-08-28 19:17:37 | INFO     | src.processing.processor:_process_file_model_combination:234 - Saved image: prompt137_191735_nano-banano_unknownxunknown.jpeg
2025-08-28 19:17:37 | INFO     | src.processing.discovery:load_prompts:63 - Loaded prompt from prompt138.txt
2025-08-28 19:17:37 | INFO     | src.processing.processor:process_all:105 - Processing combination 6/60: 250824_opus-4-1_censored_light/prompt138.txt + nano-banano
2025-08-28 19:17:37 | DEBUG    | src.processing.processor:_process_file_model_combination:187 - Processing 250824_opus-4-1_censored_light/prompt138.txt: 1940s Danish royal palace interior, King's office ...
2025-08-28 19:17:37 | DEBUG    | src.api.client:_call_with_retry:114 - API call attempt 1/3
2025-08-28 19:17:45 | DEBUG    | src.api.client:_call_with_retry:127 - API call successful
2025-08-28 19:17:47 | INFO     | src.output.writer:save_image:119 - Saved valid image: USER-FILES/05.OUTPUT/250828_191638/nano-banano/250824_opus-4-1_censored_light/prompt138_191745_nano-banano_unknownxunknown.jpeg
2025-08-28 19:17:47 | DEBUG    | src.output.writer:save_image:135 - Saved API payload: USER-FILES/05.OUTPUT/250828_191638/nano-banano/250824_opus-4-1_censored_light/prompt138_191745_nano-banano_unknownxunknown.json
2025-08-28 19:17:47 | INFO     | src.processing.processor:_process_file_model_combination:234 - Saved image: prompt138_191745_nano-banano_unknownxunknown.jpeg
2025-08-28 19:17:47 | INFO     | src.processing.discovery:load_prompts:63 - Loaded prompt from prompt139.txt
2025-08-28 19:17:47 | INFO     | src.processing.processor:process_all:105 - Processing combination 7/60: 250824_opus-4-1_censored_light/prompt139.txt + nano-banano
2025-08-28 19:17:47 | DEBUG    | src.processing.processor:_process_file_model_combination:187 - Processing 250824_opus-4-1_censored_light/prompt139.txt: 1940s Danish fishing boat exterior on Baltic Sea, ...
2025-08-28 19:17:47 | DEBUG    | src.api.client:_call_with_retry:114 - API call attempt 1/3
2025-08-28 19:17:56 | DEBUG    | src.api.client:_call_with_retry:127 - API call successful
2025-08-28 19:18:00 | INFO     | src.output.writer:save_image:119 - Saved valid image: USER-FILES/05.OUTPUT/250828_191638/nano-banano/250824_opus-4-1_censored_light/prompt139_191756_nano-banano_unknownxunknown.jpeg
2025-08-28 19:18:00 | DEBUG    | src.output.writer:save_image:135 - Saved API payload: USER-FILES/05.OUTPUT/250828_191638/nano-banano/250824_opus-4-1_censored_light/prompt139_191756_nano-banano_unknownxunknown.json
2025-08-28 19:18:00 | INFO     | src.processing.processor:_process_file_model_combination:234 - Saved image: prompt139_191756_nano-banano_unknownxunknown.jpeg
2025-08-28 19:18:00 | INFO     | src.processing.discovery:load_prompts:63 - Loaded prompt from prompt140.txt
2025-08-28 19:18:00 | INFO     | src.processing.processor:process_all:105 - Processing combination 8/60: 250824_opus-4-1_censored_light/prompt140.txt + nano-banano
2025-08-28 19:18:00 | DEBUG    | src.processing.processor:_process_file_model_combination:187 - Processing 250824_opus-4-1_censored_light/prompt140.txt: 1940s Danish fishing boat exterior, medium close-u...
2025-08-28 19:18:00 | DEBUG    | src.api.client:_call_with_retry:114 - API call attempt 1/3
2025-08-28 19:18:10 | DEBUG    | src.api.client:_call_with_retry:127 - API call successful
2025-08-28 19:18:12 | INFO     | src.output.writer:save_image:119 - Saved valid image: USER-FILES/05.OUTPUT/250828_191638/nano-banano/250824_opus-4-1_censored_light/prompt140_191810_nano-banano_unknownxunknown.jpeg
2025-08-28 19:18:12 | DEBUG    | src.output.writer:save_image:135 - Saved API payload: USER-FILES/05.OUTPUT/250828_191638/nano-banano/250824_opus-4-1_censored_light/prompt140_191810_nano-banano_unknownxunknown.json
2025-08-28 19:18:12 | INFO     | src.processing.processor:_process_file_model_combination:234 - Saved image: prompt140_191810_nano-banano_unknownxunknown.jpeg
2025-08-28 19:18:12 | INFO     | src.processing.discovery:load_prompts:63 - Loaded prompt from prompt141.txt
2025-08-28 19:18:12 | INFO     | src.processing.processor:process_all:105 - Processing combination 9/60: 250824_opus-4-1_censored_light/prompt141.txt + nano-banano
2025-08-28 19:18:12 | DEBUG    | src.processing.processor:_process_file_model_combination:187 - Processing 250824_opus-4-1_censored_light/prompt141.txt: 1940s fishing boat interior fish hold, wide shot o...
2025-08-28 19:18:12 | DEBUG    | src.api.client:_call_with_retry:114 - API call attempt 1/3
2025-08-28 19:18:22 | DEBUG    | src.api.client:_call_with_retry:127 - API call successful
2025-08-28 19:18:26 | INFO     | src.output.writer:save_image:119 - Saved valid image: USER-FILES/05.OUTPUT/250828_191638/nano-banano/250824_opus-4-1_censored_light/prompt141_191822_nano-banano_unknownxunknown.jpeg
2025-08-28 19:18:26 | DEBUG    | src.output.writer:save_image:135 - Saved API payload: USER-FILES/05.OUTPUT/250828_191638/nano-banano/250824_opus-4-1_censored_light/prompt141_191822_nano-banano_unknownxunknown.json
2025-08-28 19:18:26 | INFO     | src.processing.processor:_process_file_model_combination:234 - Saved image: prompt141_191822_nano-banano_unknownxunknown.jpeg
2025-08-28 19:18:26 | INFO     | src.processing.discovery:load_prompts:63 - Loaded prompt from prompt142.txt
2025-08-28 19:18:26 | INFO     | src.processing.processor:process_all:105 - Processing combination 10/60: 250824_opus-4-1_censored_light/prompt142.txt + nano-banano
2025-08-28 19:18:26 | DEBUG    | src.processing.processor:_process_file_model_combination:187 - Processing 250824_opus-4-1_censored_light/prompt142.txt: 1940s aerial view of Danish fishing boat flotilla ...
2025-08-28 19:18:26 | DEBUG    | src.api.client:_call_with_retry:114 - API call attempt 1/3
2025-08-28 19:18:35 | DEBUG    | src.api.client:_call_with_retry:127 - API call successful
2025-08-28 19:18:37 | INFO     | src.output.writer:save_image:119 - Saved valid image: USER-FILES/05.OUTPUT/250828_191638/nano-banano/250824_opus-4-1_censored_light/prompt142_191835_nano-banano_unknownxunknown.jpeg
2025-08-28 19:18:37 | DEBUG    | src.output.writer:save_image:135 - Saved API payload: USER-FILES/05.OUTPUT/250828_191638/nano-banano/250824_opus-4-1_censored_light/prompt142_191835_nano-banano_unknownxunknown.json
2025-08-28 19:18:37 | INFO     | src.processing.processor:_process_file_model_combination:234 - Saved image: prompt142_191835_nano-banano_unknownxunknown.jpeg
2025-08-28 19:18:37 | INFO     | src.processing.discovery:load_prompts:63 - Loaded prompt from prompt143.txt
2025-08-28 19:18:37 | INFO     | src.processing.processor:process_all:105 - Processing combination 11/60: 250824_opus-4-1_censored_light/prompt143.txt + nano-banano
2025-08-28 19:18:37 | DEBUG    | src.processing.processor:_process_file_model_combination:187 - Processing 250824_opus-4-1_censored_light/prompt143.txt: 1940s summer evening at Råå vallar beach, Helsingb...
2025-08-28 19:18:37 | DEBUG    | src.api.client:_call_with_retry:114 - API call attempt 1/3
2025-08-28 19:18:44 | DEBUG    | src.api.client:_call_with_retry:127 - API call successful
2025-08-28 19:18:47 | INFO     | src.output.writer:save_image:119 - Saved valid image: USER-FILES/05.OUTPUT/250828_191638/nano-banano/250824_opus-4-1_censored_light/prompt143_191844_nano-banano_unknownxunknown.jpeg
2025-08-28 19:18:47 | DEBUG    | src.output.writer:save_image:135 - Saved API payload: USER-FILES/05.OUTPUT/250828_191638/nano-banano/250824_opus-4-1_censored_light/prompt143_191844_nano-banano_unknownxunknown.json
2025-08-28 19:18:47 | INFO     | src.processing.processor:_process_file_model_combination:234 - Saved image: prompt143_191844_nano-banano_unknownxunknown.jpeg
2025-08-28 19:18:47 | INFO     | src.processing.discovery:load_prompts:63 - Loaded prompt from prompt144.txt
2025-08-28 19:18:47 | INFO     | src.processing.processor:process_all:105 - Processing combination 12/60: 250824_opus-4-1_censored_light/prompt144.txt + nano-banano
2025-08-28 19:18:47 | DEBUG    | src.processing.processor:_process_file_model_combination:187 - Processing 250824_opus-4-1_censored_light/prompt144.txt: 1940s snowy winter forest exterior, medium wide sh...
2025-08-28 19:18:47 | DEBUG    | src.api.client:_call_with_retry:114 - API call attempt 1/3
2025-08-28 19:18:56 | DEBUG    | src.api.client:_call_with_retry:127 - API call successful
2025-08-28 19:19:00 | INFO     | src.output.writer:save_image:119 - Saved valid image: USER-FILES/05.OUTPUT/250828_191638/nano-banano/250824_opus-4-1_censored_light/prompt144_191856_nano-banano_unknownxunknown.jpeg
2025-08-28 19:19:00 | DEBUG    | src.output.writer:save_image:135 - Saved API payload: USER-FILES/05.OUTPUT/250828_191638/nano-banano/250824_opus-4-1_censored_light/prompt144_191856_nano-banano_unknownxunknown.json
2025-08-28 19:19:00 | INFO     | src.processing.processor:_process_file_model_combination:234 - Saved image: prompt144_191856_nano-banano_unknownxunknown.jpeg
2025-08-28 19:19:00 | INFO     | src.processing.discovery:load_prompts:63 - Loaded prompt from prompt145.txt
2025-08-28 19:19:00 | INFO     | src.processing.processor:process_all:105 - Processing combination 13/60: 250824_opus-4-1_censored_light/prompt145.txt + nano-banano
2025-08-28 19:19:00 | DEBUG    | src.processing.processor:_process_file_model_combination:187 - Processing 250824_opus-4-1_censored_light/prompt145.txt: 1940s snowy winter forest exterior, close-up of yo...
2025-08-28 19:19:00 | DEBUG    | src.api.client:_call_with_retry:114 - API call attempt 1/3
2025-08-28 19:19:08 | DEBUG    | src.api.client:_call_with_retry:127 - API call successful
2025-08-28 19:19:11 | INFO     | src.output.writer:save_image:119 - Saved valid image: USER-FILES/05.OUTPUT/250828_191638/nano-banano/250824_opus-4-1_censored_light/prompt145_191908_nano-banano_unknownxunknown.jpeg
2025-08-28 19:19:11 | DEBUG    | src.output.writer:save_image:135 - Saved API payload: USER-FILES/05.OUTPUT/250828_191638/nano-banano/250824_opus-4-1_censored_light/prompt145_191908_nano-banano_unknownxunknown.json
2025-08-28 19:19:11 | INFO     | src.processing.processor:_process_file_model_combination:234 - Saved image: prompt145_191908_nano-banano_unknownxunknown.jpeg
2025-08-28 19:19:11 | INFO     | src.processing.discovery:load_prompts:63 - Loaded prompt from prompt146.txt
2025-08-28 19:19:11 | INFO     | src.processing.processor:process_all:105 - Processing combination 14/60: 250824_opus-4-1_censored_light/prompt146.txt + nano-banano
2025-08-28 19:19:11 | DEBUG    | src.processing.processor:_process_file_model_combination:187 - Processing 250824_opus-4-1_censored_light/prompt146.txt: 1940s snowy winter forest exterior, elevated aeria...
2025-08-28 19:19:11 | DEBUG    | src.api.client:_call_with_retry:114 - API call attempt 1/3
2025-08-28 19:19:19 | DEBUG    | src.api.client:_call_with_retry:127 - API call successful
2025-08-28 19:19:21 | INFO     | src.output.writer:save_image:119 - Saved valid image: USER-FILES/05.OUTPUT/250828_191638/nano-banano/250824_opus-4-1_censored_light/prompt146_191919_nano-banano_unknownxunknown.jpeg
2025-08-28 19:19:21 | DEBUG    | src.output.writer:save_image:135 - Saved API payload: USER-FILES/05.OUTPUT/250828_191638/nano-banano/250824_opus-4-1_censored_light/prompt146_191919_nano-banano_unknownxunknown.json
2025-08-28 19:19:21 | INFO     | src.processing.processor:_process_file_model_combination:234 - Saved image: prompt146_191919_nano-banano_unknownxunknown.jpeg
2025-08-28 19:19:21 | INFO     | src.processing.discovery:load_prompts:63 - Loaded prompt from prompt147.txt
2025-08-28 19:19:21 | INFO     | src.processing.processor:process_all:105 - Processing combination 15/60: 250824_opus-4-1_censored_light/prompt147.txt + nano-banano
2025-08-28 19:19:21 | DEBUG    | src.processing.processor:_process_file_model_combination:187 - Processing 250824_opus-4-1_censored_light/prompt147.txt: 1940s Budapest exterior skyline, aerial drone pers...
2025-08-28 19:19:21 | DEBUG    | src.api.client:_call_with_retry:114 - API call attempt 1/3
2025-08-28 19:19:28 | DEBUG    | src.api.client:_call_with_retry:127 - API call successful
2025-08-28 19:19:31 | INFO     | src.output.writer:save_image:119 - Saved valid image: USER-FILES/05.OUTPUT/250828_191638/nano-banano/250824_opus-4-1_censored_light/prompt147_191928_nano-banano_unknownxunknown.jpeg
2025-08-28 19:19:31 | DEBUG    | src.output.writer:save_image:135 - Saved API payload: USER-FILES/05.OUTPUT/250828_191638/nano-banano/250824_opus-4-1_censored_light/prompt147_191928_nano-banano_unknownxunknown.json
2025-08-28 19:19:31 | INFO     | src.processing.processor:_process_file_model_combination:234 - Saved image: prompt147_191928_nano-banano_unknownxunknown.jpeg
2025-08-28 19:19:31 | INFO     | src.processing.discovery:load_prompts:63 - Loaded prompt from prompt148.txt
2025-08-28 19:19:31 | INFO     | src.processing.processor:process_all:105 - Processing combination 16/60: 250824_opus-4-1_censored_light/prompt148.txt + nano-banano
2025-08-28 19:19:31 | DEBUG    | src.processing.processor:_process_file_model_combination:187 - Processing 250824_opus-4-1_censored_light/prompt148.txt: 1940s Budapest exterior, foggy winter evening at m...
2025-08-28 19:19:31 | DEBUG    | src.api.client:_call_with_retry:114 - API call attempt 1/3
2025-08-28 19:19:58 | DEBUG    | src.api.client:_call_with_retry:127 - API call successful
2025-08-28 19:20:00 | INFO     | src.output.writer:save_image:119 - Saved valid image: USER-FILES/05.OUTPUT/250828_191638/nano-banano/250824_opus-4-1_censored_light/prompt148_191958_nano-banano_unknownxunknown.jpeg
2025-08-28 19:20:00 | DEBUG    | src.output.writer:save_image:135 - Saved API payload: USER-FILES/05.OUTPUT/250828_191638/nano-banano/250824_opus-4-1_censored_light/prompt148_191958_nano-banano_unknownxunknown.json
2025-08-28 19:20:00 | INFO     | src.processing.processor:_process_file_model_combination:234 - Saved image: prompt148_191958_nano-banano_unknownxunknown.jpeg
2025-08-28 19:20:00 | INFO     | src.processing.discovery:load_prompts:63 - Loaded prompt from prompt149.txt
2025-08-28 19:20:00 | INFO     | src.processing.processor:process_all:105 - Processing combination 17/60: 250824_opus-4-1_censored_light/prompt149.txt + nano-banano
2025-08-28 19:20:00 | DEBUG    | src.processing.processor:_process_file_model_combination:187 - Processing 250824_opus-4-1_censored_light/prompt149.txt: 1940s Budapest consulate interior, extreme close-u...
2025-08-28 19:20:00 | DEBUG    | src.api.client:_call_with_retry:114 - API call attempt 1/3
2025-08-28 19:20:09 | DEBUG    | src.api.client:_call_with_retry:127 - API call successful
2025-08-28 19:20:12 | INFO     | src.output.writer:save_image:119 - Saved valid image: USER-FILES/05.OUTPUT/250828_191638/nano-banano/250824_opus-4-1_censored_light/prompt149_192009_nano-banano_unknownxunknown.jpeg
2025-08-28 19:20:12 | DEBUG    | src.output.writer:save_image:135 - Saved API payload: USER-FILES/05.OUTPUT/250828_191638/nano-banano/250824_opus-4-1_censored_light/prompt149_192009_nano-banano_unknownxunknown.json
2025-08-28 19:20:12 | INFO     | src.processing.processor:_process_file_model_combination:234 - Saved image: prompt149_192009_nano-banano_unknownxunknown.jpeg
2025-08-28 19:20:12 | INFO     | src.processing.discovery:load_prompts:63 - Loaded prompt from prompt150.txt
2025-08-28 19:20:12 | INFO     | src.processing.processor:process_all:105 - Processing combination 18/60: 250824_opus-4-1_censored_light/prompt150.txt + nano-banano
2025-08-28 19:20:12 | DEBUG    | src.processing.processor:_process_file_model_combination:187 - Processing 250824_opus-4-1_censored_light/prompt150.txt: 1940s Budapest consulate interior, extreme close-u...
2025-08-28 19:20:12 | DEBUG    | src.api.client:_call_with_retry:114 - API call attempt 1/3
2025-08-28 19:20:20 | DEBUG    | src.api.client:_call_with_retry:127 - API call successful
2025-08-28 19:20:22 | INFO     | src.output.writer:save_image:119 - Saved valid image: USER-FILES/05.OUTPUT/250828_191638/nano-banano/250824_opus-4-1_censored_light/prompt150_192020_nano-banano_unknownxunknown.jpeg
2025-08-28 19:20:22 | DEBUG    | src.output.writer:save_image:135 - Saved API payload: USER-FILES/05.OUTPUT/250828_191638/nano-banano/250824_opus-4-1_censored_light/prompt150_192020_nano-banano_unknownxunknown.json
2025-08-28 19:20:22 | INFO     | src.processing.processor:_process_file_model_combination:234 - Saved image: prompt150_192020_nano-banano_unknownxunknown.jpeg
2025-08-28 19:20:22 | INFO     | src.processing.discovery:load_prompts:63 - Loaded prompt from prompt151.txt
2025-08-28 19:20:22 | INFO     | src.processing.processor:process_all:105 - Processing combination 19/60: 250824_opus-4-1_censored_light/prompt151.txt + nano-banano
2025-08-28 19:20:22 | DEBUG    | src.processing.processor:_process_file_model_combination:187 - Processing 250824_opus-4-1_censored_light/prompt151.txt: 1940s Budapest consulate interior, extreme close-u...
2025-08-28 19:20:22 | DEBUG    | src.api.client:_call_with_retry:114 - API call attempt 1/3
2025-08-28 19:20:30 | DEBUG    | src.api.client:_call_with_retry:127 - API call successful
2025-08-28 19:20:32 | INFO     | src.output.writer:save_image:119 - Saved valid image: USER-FILES/05.OUTPUT/250828_191638/nano-banano/250824_opus-4-1_censored_light/prompt151_192030_nano-banano_unknownxunknown.jpeg
2025-08-28 19:20:32 | DEBUG    | src.output.writer:save_image:135 - Saved API payload: USER-FILES/05.OUTPUT/250828_191638/nano-banano/250824_opus-4-1_censored_light/prompt151_192030_nano-banano_unknownxunknown.json
2025-08-28 19:20:32 | INFO     | src.processing.processor:_process_file_model_combination:234 - Saved image: prompt151_192030_nano-banano_unknownxunknown.jpeg
2025-08-28 19:20:32 | INFO     | src.processing.discovery:load_prompts:63 - Loaded prompt from prompt152.txt
2025-08-28 19:20:32 | INFO     | src.processing.processor:process_all:105 - Processing combination 20/60: 250824_opus-4-1_censored_light/prompt152.txt + nano-banano
2025-08-28 19:20:32 | DEBUG    | src.processing.processor:_process_file_model_combination:187 - Processing 250824_opus-4-1_censored_light/prompt152.txt: 1940s Budapest consulate interior, extreme close-u...
2025-08-28 19:20:32 | DEBUG    | src.api.client:_call_with_retry:114 - API call attempt 1/3
2025-08-28 19:20:40 | DEBUG    | src.api.client:_call_with_retry:127 - API call successful
2025-08-28 19:20:43 | INFO     | src.output.writer:save_image:119 - Saved valid image: USER-FILES/05.OUTPUT/250828_191638/nano-banano/250824_opus-4-1_censored_light/prompt152_192040_nano-banano_unknownxunknown.jpeg
2025-08-28 19:20:43 | DEBUG    | src.output.writer:save_image:135 - Saved API payload: USER-FILES/05.OUTPUT/250828_191638/nano-banano/250824_opus-4-1_censored_light/prompt152_192040_nano-banano_unknownxunknown.json
2025-08-28 19:20:43 | INFO     | src.processing.processor:_process_file_model_combination:234 - Saved image: prompt152_192040_nano-banano_unknownxunknown.jpeg
2025-08-28 19:20:43 | INFO     | src.processing.discovery:load_prompts:63 - Loaded prompt from prompt153.txt
2025-08-28 19:20:43 | INFO     | src.processing.processor:process_all:105 - Processing combination 21/60: 250824_opus-4-1_censored_light/prompt153.txt + nano-banano
2025-08-28 19:20:43 | DEBUG    | src.processing.processor:_process_file_model_combination:187 - Processing 250824_opus-4-1_censored_light/prompt153.txt: 1940s Swedish consulate interior in Budapest, medi...
2025-08-28 19:20:43 | DEBUG    | src.api.client:_call_with_retry:114 - API call attempt 1/3
2025-08-28 19:21:09 | DEBUG    | src.api.client:_call_with_retry:127 - API call successful
2025-08-28 19:21:12 | INFO     | src.output.writer:save_image:119 - Saved valid image: USER-FILES/05.OUTPUT/250828_191638/nano-banano/250824_opus-4-1_censored_light/prompt153_192109_nano-banano_unknownxunknown.jpeg
2025-08-28 19:21:12 | DEBUG    | src.output.writer:save_image:135 - Saved API payload: USER-FILES/05.OUTPUT/250828_191638/nano-banano/250824_opus-4-1_censored_light/prompt153_192109_nano-banano_unknownxunknown.json
2025-08-28 19:21:12 | INFO     | src.processing.processor:_process_file_model_combination:234 - Saved image: prompt153_192109_nano-banano_unknownxunknown.jpeg
2025-08-28 19:21:12 | INFO     | src.processing.discovery:load_prompts:63 - Loaded prompt from prompt154.txt
2025-08-28 19:21:12 | INFO     | src.processing.processor:process_all:105 - Processing combination 22/60: 250824_opus-4-1_censored_light/prompt154.txt + nano-banano
2025-08-28 19:21:12 | DEBUG    | src.processing.processor:_process_file_model_combination:187 - Processing 250824_opus-4-1_censored_light/prompt154.txt: 1940s Swedish consulate interior in Budapest, medi...
2025-08-28 19:21:12 | DEBUG    | src.api.client:_call_with_retry:114 - API call attempt 1/3
2025-08-28 19:21:22 | DEBUG    | src.api.client:_call_with_retry:127 - API call successful
2025-08-28 19:21:24 | INFO     | src.output.writer:save_image:119 - Saved valid image: USER-FILES/05.OUTPUT/250828_191638/nano-banano/250824_opus-4-1_censored_light/prompt154_192122_nano-banano_unknownxunknown.jpeg
2025-08-28 19:21:24 | DEBUG    | src.output.writer:save_image:135 - Saved API payload: USER-FILES/05.OUTPUT/250828_191638/nano-banano/250824_opus-4-1_censored_light/prompt154_192122_nano-banano_unknownxunknown.json
2025-08-28 19:21:24 | INFO     | src.processing.processor:_process_file_model_combination:234 - Saved image: prompt154_192122_nano-banano_unknownxunknown.jpeg
2025-08-28 19:21:24 | INFO     | src.processing.discovery:load_prompts:63 - Loaded prompt from prompt155.txt
2025-08-28 19:21:24 | INFO     | src.processing.processor:process_all:105 - Processing combination 23/60: 250824_opus-4-1_censored_light/prompt155.txt + nano-banano
2025-08-28 19:21:24 | DEBUG    | src.processing.processor:_process_file_model_combination:187 - Processing 250824_opus-4-1_censored_light/prompt155.txt: 1940s Stockholm exterior, wide shot from balcony o...
2025-08-28 19:21:24 | DEBUG    | src.api.client:_call_with_retry:114 - API call attempt 1/3
2025-08-28 19:21:33 | DEBUG    | src.api.client:_call_with_retry:127 - API call successful
2025-08-28 19:21:37 | INFO     | src.output.writer:save_image:119 - Saved valid image: USER-FILES/05.OUTPUT/250828_191638/nano-banano/250824_opus-4-1_censored_light/prompt155_192133_nano-banano_unknownxunknown.jpeg
2025-08-28 19:21:37 | DEBUG    | src.output.writer:save_image:135 - Saved API payload: USER-FILES/05.OUTPUT/250828_191638/nano-banano/250824_opus-4-1_censored_light/prompt155_192133_nano-banano_unknownxunknown.json
2025-08-28 19:21:37 | INFO     | src.processing.processor:_process_file_model_combination:234 - Saved image: prompt155_192133_nano-banano_unknownxunknown.jpeg
2025-08-28 19:21:37 | INFO     | src.processing.discovery:load_prompts:63 - Loaded prompt from prompt156.txt
2025-08-28 19:21:37 | INFO     | src.processing.processor:process_all:105 - Processing combination 24/60: 250824_opus-4-1_censored_light/prompt156.txt + nano-banano
2025-08-28 19:21:37 | DEBUG    | src.processing.processor:_process_file_model_combination:187 - Processing 250824_opus-4-1_censored_light/prompt156.txt: 1940s kiosk interior, medium wide shot of main roo...
2025-08-28 19:21:37 | DEBUG    | src.api.client:_call_with_retry:114 - API call attempt 1/3
2025-08-28 19:21:46 | DEBUG    | src.api.client:_call_with_retry:127 - API call successful
2025-08-28 19:21:49 | INFO     | src.output.writer:save_image:119 - Saved valid image: USER-FILES/05.OUTPUT/250828_191638/nano-banano/250824_opus-4-1_censored_light/prompt156_192146_nano-banano_unknownxunknown.jpeg
2025-08-28 19:21:49 | DEBUG    | src.output.writer:save_image:135 - Saved API payload: USER-FILES/05.OUTPUT/250828_191638/nano-banano/250824_opus-4-1_censored_light/prompt156_192146_nano-banano_unknownxunknown.json
2025-08-28 19:21:49 | INFO     | src.processing.processor:_process_file_model_combination:234 - Saved image: prompt156_192146_nano-banano_unknownxunknown.jpeg
2025-08-28 19:21:49 | INFO     | src.processing.discovery:load_prompts:63 - Loaded prompt from prompt157.txt
2025-08-28 19:21:49 | INFO     | src.processing.processor:process_all:105 - Processing combination 25/60: 250824_opus-4-1_censored_light/prompt157.txt + nano-banano
2025-08-28 19:21:49 | DEBUG    | src.processing.processor:_process_file_model_combination:187 - Processing 250824_opus-4-1_censored_light/prompt157.txt: 1940s Swedish countryside road, elevated aerial vi...
2025-08-28 19:21:49 | DEBUG    | src.api.client:_call_with_retry:114 - API call attempt 1/3
2025-08-28 19:21:57 | DEBUG    | src.api.client:_call_with_retry:127 - API call successful
2025-08-28 19:21:59 | INFO     | src.output.writer:save_image:119 - Saved valid image: USER-FILES/05.OUTPUT/250828_191638/nano-banano/250824_opus-4-1_censored_light/prompt157_192157_nano-banano_unknownxunknown.jpeg
2025-08-28 19:21:59 | DEBUG    | src.output.writer:save_image:135 - Saved API payload: USER-FILES/05.OUTPUT/250828_191638/nano-banano/250824_opus-4-1_censored_light/prompt157_192157_nano-banano_unknownxunknown.json
2025-08-28 19:21:59 | INFO     | src.processing.processor:_process_file_model_combination:234 - Saved image: prompt157_192157_nano-banano_unknownxunknown.jpeg
2025-08-28 19:21:59 | INFO     | src.processing.discovery:load_prompts:63 - Loaded prompt from prompt158.txt
2025-08-28 19:21:59 | INFO     | src.processing.processor:process_all:105 - Processing combination 26/60: 250824_opus-4-1_censored_light/prompt158.txt + nano-banano
2025-08-28 19:21:59 | DEBUG    | src.processing.processor:_process_file_model_combination:187 - Processing 250824_opus-4-1_censored_light/prompt158.txt: 1950s bus interior, medium close-up of young Holoc...
2025-08-28 19:21:59 | DEBUG    | src.api.client:_call_with_retry:114 - API call attempt 1/3
2025-08-28 19:22:07 | DEBUG    | src.api.client:_call_with_retry:127 - API call successful
2025-08-28 19:22:11 | INFO     | src.output.writer:save_image:119 - Saved valid image: USER-FILES/05.OUTPUT/250828_191638/nano-banano/250824_opus-4-1_censored_light/prompt158_192207_nano-banano_unknownxunknown.jpeg
2025-08-28 19:22:11 | DEBUG    | src.output.writer:save_image:135 - Saved API payload: USER-FILES/05.OUTPUT/250828_191638/nano-banano/250824_opus-4-1_censored_light/prompt158_192207_nano-banano_unknownxunknown.json
2025-08-28 19:22:11 | INFO     | src.processing.processor:_process_file_model_combination:234 - Saved image: prompt158_192207_nano-banano_unknownxunknown.jpeg
2025-08-28 19:22:11 | INFO     | src.processing.discovery:load_prompts:63 - Loaded prompt from prompt159.txt
2025-08-28 19:22:11 | INFO     | src.processing.processor:process_all:105 - Processing combination 27/60: 250824_opus-4-1_censored_light/prompt159.txt + nano-banano
2025-08-28 19:22:11 | DEBUG    | src.processing.processor:_process_file_model_combination:187 - Processing 250824_opus-4-1_censored_light/prompt159.txt: 1950s Malmö central bus station exterior, golden h...
2025-08-28 19:22:11 | DEBUG    | src.api.client:_call_with_retry:114 - API call attempt 1/3
2025-08-28 19:22:22 | DEBUG    | src.api.client:_call_with_retry:127 - API call successful
2025-08-28 19:22:24 | INFO     | src.output.writer:save_image:119 - Saved valid image: USER-FILES/05.OUTPUT/250828_191638/nano-banano/250824_opus-4-1_censored_light/prompt159_192222_nano-banano_unknownxunknown.jpeg
2025-08-28 19:22:24 | DEBUG    | src.output.writer:save_image:135 - Saved API payload: USER-FILES/05.OUTPUT/250828_191638/nano-banano/250824_opus-4-1_censored_light/prompt159_192222_nano-banano_unknownxunknown.json
2025-08-28 19:22:24 | INFO     | src.processing.processor:_process_file_model_combination:234 - Saved image: prompt159_192222_nano-banano_unknownxunknown.jpeg
2025-08-28 19:22:24 | INFO     | src.processing.discovery:load_prompts:63 - Loaded prompt from prompt160.txt
2025-08-28 19:22:24 | INFO     | src.processing.processor:process_all:105 - Processing combination 28/60: 250824_opus-4-1_censored_light/prompt160.txt + nano-banano
2025-08-28 19:22:24 | DEBUG    | src.processing.processor:_process_file_model_combination:187 - Processing 250824_opus-4-1_censored_light/prompt160.txt: 1950s Malmö bus station exterior, golden hour summ...
2025-08-28 19:22:24 | DEBUG    | src.api.client:_call_with_retry:114 - API call attempt 1/3
2025-08-28 19:22:34 | DEBUG    | src.api.client:_call_with_retry:127 - API call successful
2025-08-28 19:22:36 | INFO     | src.output.writer:save_image:119 - Saved valid image: USER-FILES/05.OUTPUT/250828_191638/nano-banano/250824_opus-4-1_censored_light/prompt160_192234_nano-banano_unknownxunknown.jpeg
2025-08-28 19:22:36 | DEBUG    | src.output.writer:save_image:135 - Saved API payload: USER-FILES/05.OUTPUT/250828_191638/nano-banano/250824_opus-4-1_censored_light/prompt160_192234_nano-banano_unknownxunknown.json
2025-08-28 19:22:36 | INFO     | src.processing.processor:_process_file_model_combination:234 - Saved image: prompt160_192234_nano-banano_unknownxunknown.jpeg
2025-08-28 19:22:36 | INFO     | src.processing.discovery:load_prompts:63 - Loaded prompt from prompt161.txt
2025-08-28 19:22:36 | INFO     | src.processing.processor:process_all:105 - Processing combination 29/60: 250824_opus-4-1_censored_light/prompt161.txt + nano-banano
2025-08-28 19:22:36 | DEBUG    | src.processing.processor:_process_file_model_combination:187 - Processing 250824_opus-4-1_censored_light/prompt161.txt: 1950s Swedish hospital cantina interior, medium sh...
2025-08-28 19:22:36 | DEBUG    | src.api.client:_call_with_retry:114 - API call attempt 1/3
2025-08-28 19:22:44 | DEBUG    | src.api.client:_call_with_retry:127 - API call successful
2025-08-28 19:22:48 | INFO     | src.output.writer:save_image:119 - Saved valid image: USER-FILES/05.OUTPUT/250828_191638/nano-banano/250824_opus-4-1_censored_light/prompt161_192244_nano-banano_unknownxunknown.jpeg
2025-08-28 19:22:48 | DEBUG    | src.output.writer:save_image:135 - Saved API payload: USER-FILES/05.OUTPUT/250828_191638/nano-banano/250824_opus-4-1_censored_light/prompt161_192244_nano-banano_unknownxunknown.json
2025-08-28 19:22:48 | INFO     | src.processing.processor:_process_file_model_combination:234 - Saved image: prompt161_192244_nano-banano_unknownxunknown.jpeg
2025-08-28 19:22:48 | INFO     | src.processing.discovery:load_prompts:63 - Loaded prompt from prompt162.txt
2025-08-28 19:22:48 | INFO     | src.processing.processor:process_all:105 - Processing combination 30/60: 250824_opus-4-1_censored_light/prompt162.txt + nano-banano
2025-08-28 19:22:48 | DEBUG    | src.processing.processor:_process_file_model_combination:187 - Processing 250824_opus-4-1_censored_light/prompt162.txt: 1960s Malmö harbor exterior, summer day with golde...
2025-08-28 19:22:48 | DEBUG    | src.api.client:_call_with_retry:114 - API call attempt 1/3
2025-08-28 19:22:56 | DEBUG    | src.api.client:_call_with_retry:127 - API call successful
2025-08-28 19:22:58 | INFO     | src.output.writer:save_image:119 - Saved valid image: USER-FILES/05.OUTPUT/250828_191638/nano-banano/250824_opus-4-1_censored_light/prompt162_192256_nano-banano_unknownxunknown.jpeg
2025-08-28 19:22:58 | DEBUG    | src.output.writer:save_image:135 - Saved API payload: USER-FILES/05.OUTPUT/250828_191638/nano-banano/250824_opus-4-1_censored_light/prompt162_192256_nano-banano_unknownxunknown.json
2025-08-28 19:22:58 | INFO     | src.processing.processor:_process_file_model_combination:234 - Saved image: prompt162_192256_nano-banano_unknownxunknown.jpeg
2025-08-28 19:22:58 | INFO     | src.processing.discovery:load_prompts:63 - Loaded prompt from prompt163.txt
2025-08-28 19:22:58 | INFO     | src.processing.processor:process_all:105 - Processing combination 31/60: 250824_opus-4-1_censored_light/prompt163.txt + nano-banano
2025-08-28 19:22:58 | DEBUG    | src.processing.processor:_process_file_model_combination:187 - Processing 250824_opus-4-1_censored_light/prompt163.txt: 1960s Malmö harbor exterior, summer day with golde...
2025-08-28 19:22:58 | DEBUG    | src.api.client:_call_with_retry:114 - API call attempt 1/3
2025-08-28 19:23:24 | DEBUG    | src.api.client:_call_with_retry:127 - API call successful
2025-08-28 19:23:26 | INFO     | src.output.writer:save_image:119 - Saved valid image: USER-FILES/05.OUTPUT/250828_191638/nano-banano/250824_opus-4-1_censored_light/prompt163_192324_nano-banano_unknownxunknown.jpeg
2025-08-28 19:23:26 | DEBUG    | src.output.writer:save_image:135 - Saved API payload: USER-FILES/05.OUTPUT/250828_191638/nano-banano/250824_opus-4-1_censored_light/prompt163_192324_nano-banano_unknownxunknown.json
2025-08-28 19:23:26 | INFO     | src.processing.processor:_process_file_model_combination:234 - Saved image: prompt163_192324_nano-banano_unknownxunknown.jpeg
2025-08-28 19:23:26 | INFO     | src.processing.discovery:load_prompts:63 - Loaded prompt from prompt164.txt
2025-08-28 19:23:26 | INFO     | src.processing.processor:process_all:105 - Processing combination 32/60: 250824_opus-4-1_censored_light/prompt164.txt + nano-banano
2025-08-28 19:23:26 | DEBUG    | src.processing.processor:_process_file_model_combination:187 - Processing 250824_opus-4-1_censored_light/prompt164.txt: 1960s Malmö harbor exterior, summer day with golde...
2025-08-28 19:23:26 | DEBUG    | src.api.client:_call_with_retry:114 - API call attempt 1/3
2025-08-28 19:23:39 | DEBUG    | src.api.client:_call_with_retry:127 - API call successful
2025-08-28 19:23:41 | INFO     | src.output.writer:save_image:119 - Saved valid image: USER-FILES/05.OUTPUT/250828_191638/nano-banano/250824_opus-4-1_censored_light/prompt164_192339_nano-banano_unknownxunknown.jpeg
2025-08-28 19:23:41 | DEBUG    | src.output.writer:save_image:135 - Saved API payload: USER-FILES/05.OUTPUT/250828_191638/nano-banano/250824_opus-4-1_censored_light/prompt164_192339_nano-banano_unknownxunknown.json
2025-08-28 19:23:41 | INFO     | src.processing.processor:_process_file_model_combination:234 - Saved image: prompt164_192339_nano-banano_unknownxunknown.jpeg
2025-08-28 19:23:41 | INFO     | src.processing.discovery:load_prompts:63 - Loaded prompt from prompt165.txt
2025-08-28 19:23:41 | INFO     | src.processing.processor:process_all:105 - Processing combination 33/60: 250824_opus-4-1_censored_light/prompt165.txt + nano-banano
2025-08-28 19:23:41 | DEBUG    | src.processing.processor:_process_file_model_combination:187 - Processing 250824_opus-4-1_censored_light/prompt165.txt: 1960s Budapest exterior, Széna square during Hunga...
2025-08-28 19:23:41 | DEBUG    | src.api.client:_call_with_retry:114 - API call attempt 1/3
2025-08-28 19:23:50 | DEBUG    | src.api.client:_call_with_retry:127 - API call successful
2025-08-28 19:23:53 | INFO     | src.output.writer:save_image:119 - Saved valid image: USER-FILES/05.OUTPUT/250828_191638/nano-banano/250824_opus-4-1_censored_light/prompt165_192350_nano-banano_unknownxunknown.jpeg
2025-08-28 19:23:53 | DEBUG    | src.output.writer:save_image:135 - Saved API payload: USER-FILES/05.OUTPUT/250828_191638/nano-banano/250824_opus-4-1_censored_light/prompt165_192350_nano-banano_unknownxunknown.json
2025-08-28 19:23:53 | INFO     | src.processing.processor:_process_file_model_combination:234 - Saved image: prompt165_192350_nano-banano_unknownxunknown.jpeg
2025-08-28 19:23:53 | INFO     | src.processing.discovery:load_prompts:63 - Loaded prompt from prompt166.txt
2025-08-28 19:23:53 | INFO     | src.processing.processor:process_all:105 - Processing combination 34/60: 250824_opus-4-1_censored_light/prompt166.txt + nano-banano
2025-08-28 19:23:53 | DEBUG    | src.processing.processor:_process_file_model_combination:187 - Processing 250824_opus-4-1_censored_light/prompt166.txt: 1960s Budapest train station exterior, snowless wi...
2025-08-28 19:23:53 | DEBUG    | src.api.client:_call_with_retry:114 - API call attempt 1/3
2025-08-28 19:24:01 | DEBUG    | src.api.client:_call_with_retry:127 - API call successful
2025-08-28 19:24:03 | INFO     | src.output.writer:save_image:119 - Saved valid image: USER-FILES/05.OUTPUT/250828_191638/nano-banano/250824_opus-4-1_censored_light/prompt166_192401_nano-banano_unknownxunknown.jpeg
2025-08-28 19:24:03 | DEBUG    | src.output.writer:save_image:135 - Saved API payload: USER-FILES/05.OUTPUT/250828_191638/nano-banano/250824_opus-4-1_censored_light/prompt166_192401_nano-banano_unknownxunknown.json
2025-08-28 19:24:04 | INFO     | src.processing.processor:_process_file_model_combination:234 - Saved image: prompt166_192401_nano-banano_unknownxunknown.jpeg
2025-08-28 19:24:04 | INFO     | src.processing.discovery:load_prompts:63 - Loaded prompt from prompt167.txt
2025-08-28 19:24:04 | INFO     | src.processing.processor:process_all:105 - Processing combination 35/60: 250824_opus-4-1_censored_light/prompt167.txt + nano-banano
2025-08-28 19:24:04 | DEBUG    | src.processing.processor:_process_file_model_combination:187 - Processing 250824_opus-4-1_censored_light/prompt167.txt: 1960s Warsaw congress center interior, wide shot o...
2025-08-28 19:24:04 | DEBUG    | src.api.client:_call_with_retry:114 - API call attempt 1/3
2025-08-28 19:24:15 | DEBUG    | src.api.client:_call_with_retry:127 - API call successful
2025-08-28 19:24:17 | INFO     | src.output.writer:save_image:119 - Saved valid image: USER-FILES/05.OUTPUT/250828_191638/nano-banano/250824_opus-4-1_censored_light/prompt167_192415_nano-banano_unknownxunknown.jpeg
2025-08-28 19:24:17 | DEBUG    | src.output.writer:save_image:135 - Saved API payload: USER-FILES/05.OUTPUT/250828_191638/nano-banano/250824_opus-4-1_censored_light/prompt167_192415_nano-banano_unknownxunknown.json
2025-08-28 19:24:17 | INFO     | src.processing.processor:_process_file_model_combination:234 - Saved image: prompt167_192415_nano-banano_unknownxunknown.jpeg
2025-08-28 19:24:17 | INFO     | src.processing.discovery:load_prompts:63 - Loaded prompt from prompt168.txt
2025-08-28 19:24:17 | INFO     | src.processing.processor:process_all:105 - Processing combination 36/60: 250824_opus-4-1_censored_light/prompt168.txt + nano-banano
2025-08-28 19:24:17 | DEBUG    | src.processing.processor:_process_file_model_combination:187 - Processing 250824_opus-4-1_censored_light/prompt168.txt: 1960s Warsaw congress center interior, close-up of...
2025-08-28 19:24:17 | DEBUG    | src.api.client:_call_with_retry:114 - API call attempt 1/3
2025-08-28 19:24:25 | DEBUG    | src.api.client:_call_with_retry:127 - API call successful
2025-08-28 19:24:27 | INFO     | src.output.writer:save_image:119 - Saved valid image: USER-FILES/05.OUTPUT/250828_191638/nano-banano/250824_opus-4-1_censored_light/prompt168_192425_nano-banano_unknownxunknown.jpeg
2025-08-28 19:24:27 | DEBUG    | src.output.writer:save_image:135 - Saved API payload: USER-FILES/05.OUTPUT/250828_191638/nano-banano/250824_opus-4-1_censored_light/prompt168_192425_nano-banano_unknownxunknown.json
2025-08-28 19:24:27 | INFO     | src.processing.processor:_process_file_model_combination:234 - Saved image: prompt168_192425_nano-banano_unknownxunknown.jpeg
2025-08-28 19:24:27 | INFO     | src.processing.discovery:load_prompts:63 - Loaded prompt from prompt169.txt
2025-08-28 19:24:27 | INFO     | src.processing.processor:process_all:105 - Processing combination 37/60: 250824_opus-4-1_censored_light/prompt169.txt + nano-banano
2025-08-28 19:24:27 | DEBUG    | src.processing.processor:_process_file_model_combination:187 - Processing 250824_opus-4-1_censored_light/prompt169.txt: 1960s Warsaw street exterior, elevated crane persp...
2025-08-28 19:24:27 | DEBUG    | src.api.client:_call_with_retry:114 - API call attempt 1/3
2025-08-28 19:24:33 | ERROR    | src.api.client:_call_with_retry:140 - Error on attempt 1: [{'loc': ['body', 'prompt'], 'msg': 'The content could not be processed because it contained material flagged by a content checker.', 'type': 'content_policy_violation', 'url': 'https://docs.fal.ai/errors#content_policy_violation', 'input': {'prompt': '1960s Warsaw street exterior, elevated crane perspective of demonstration march. Polish protesters carrying anti-Zionist banners with Polish text, crowd moving through urban streets. Overcast sky creating flat lighting, period clothing and hairstyles, communist-era buildings lining streets, tense political atmosphere.', 'num_images': 1, 'output_format': 'jpeg', 'sync_mode': False}}]
2025-08-28 19:24:33 | INFO     | src.api.client:_call_with_retry:144 - Retrying in 2s...
2025-08-28 19:24:35 | DEBUG    | src.api.client:_call_with_retry:114 - API call attempt 2/3
2025-08-28 19:24:41 | ERROR    | src.api.client:_call_with_retry:140 - Error on attempt 2: [{'loc': ['body', 'prompt'], 'msg': 'The content could not be processed because it contained material flagged by a content checker.', 'type': 'content_policy_violation', 'url': 'https://docs.fal.ai/errors#content_policy_violation', 'input': {'prompt': '1960s Warsaw street exterior, elevated crane perspective of demonstration march. Polish protesters carrying anti-Zionist banners with Polish text, crowd moving through urban streets. Overcast sky creating flat lighting, period clothing and hairstyles, communist-era buildings lining streets, tense political atmosphere.', 'num_images': 1, 'output_format': 'jpeg', 'sync_mode': False}}]
2025-08-28 19:24:41 | INFO     | src.api.client:_call_with_retry:144 - Retrying in 4s...
2025-08-28 19:24:45 | DEBUG    | src.api.client:_call_with_retry:114 - API call attempt 3/3
2025-08-28 19:24:51 | ERROR    | src.api.client:_call_with_retry:140 - Error on attempt 3: [{'loc': ['body', 'prompt'], 'msg': 'The content could not be processed because it contained material flagged by a content checker.', 'type': 'content_policy_violation', 'url': 'https://docs.fal.ai/errors#content_policy_violation', 'input': {'prompt': '1960s Warsaw street exterior, elevated crane perspective of demonstration march. Polish protesters carrying anti-Zionist banners with Polish text, crowd moving through urban streets. Overcast sky creating flat lighting, period clothing and hairstyles, communist-era buildings lining streets, tense political atmosphere.', 'num_images': 1, 'output_format': 'jpeg', 'sync_mode': False}}]
2025-08-28 19:24:51 | ERROR    | src.processing.processor:_process_file_model_combination:242 - Failed to generate image for 250824_opus-4-1_censored_light/prompt169.txt: [{'loc': ['body', 'prompt'], 'msg': 'The content could not be processed because it contained material flagged by a content checker.', 'type': 'content_policy_violation', 'url': 'https://docs.fal.ai/errors#content_policy_violation', 'input': {'prompt': '1960s Warsaw street exterior, elevated crane perspective of demonstration march. Polish protesters carrying anti-Zionist banners with Polish text, crowd moving through urban streets. Overcast sky creating flat lighting, period clothing and hairstyles, communist-era buildings lining streets, tense political atmosphere.', 'num_images': 1, 'output_format': 'jpeg', 'sync_mode': False}}]
2025-08-28 19:24:51 | ERROR    | src.processing.processor:process_all:131 - Failed processing 250824_opus-4-1_censored_light/prompt169.txt + nano-banano: [{'loc': ['body', 'prompt'], 'msg': 'The content could not be processed because it contained material flagged by a content checker.', 'type': 'content_policy_violation', 'url': 'https://docs.fal.ai/errors#content_policy_violation', 'input': {'prompt': '1960s Warsaw street exterior, elevated crane perspective of demonstration march. Polish protesters carrying anti-Zionist banners with Polish text, crowd moving through urban streets. Overcast sky creating flat lighting, period clothing and hairstyles, communist-era buildings lining streets, tense political atmosphere.', 'num_images': 1, 'output_format': 'jpeg', 'sync_mode': False}}]
2025-08-28 19:24:51 | ERROR    | __main__:main:211 - Fatal error: [{'loc': ['body', 'prompt'], 'msg': 'The content could not be processed because it contained material flagged by a content checker.', 'type': 'content_policy_violation', 'url': 'https://docs.fal.ai/errors#content_policy_violation', 'input': {'prompt': '1960s Warsaw street exterior, elevated crane perspective of demonstration march. Polish protesters carrying anti-Zionist banners with Polish text, crowd moving through urban streets. Overcast sky creating flat lighting, period clothing and hairstyles, communist-era buildings lining streets, tense political atmosphere.', 'num_images': 1, 'output_format': 'jpeg', 'sync_mode': False}}]
2025-08-28 19:24:51 | INFO     | src.output.writer:write_report:152 - Wrote report: USER-FILES/05.OUTPUT/250828_191638/COST.md
2025-08-28 19:24:51 | INFO     | src.output.writer:write_report:152 - Wrote report: USER-FILES/05.OUTPUT/250828_191638/FAILURE.md
2025-08-28 19:24:51 | INFO     | src.output.reporter:save_reports:236 - Reports generated successfully
