2025-08-28 19:02:31 | INFO     | src.utils.logging:setup_logging:39 - Logging configured (verbose=False, debug=False)
2025-08-28 19:02:31 | INFO     | __main__:main:75 - Loading configuration...
2025-08-28 19:02:31 | INFO     | src.config.loader:load_config:42 - Loaded configuration from USER-FILES/01.CONFIG/config.yaml
2025-08-28 19:02:31 | INFO     | __main__:main:80 - Authenticating...
2025-08-28 19:02:31 | DEBUG    | src.auth.env:get_fal_api_key_from_env:19 - Loaded environment from /Users/ruben/08_-_DEVELOPMENT/ISOF_IMAGE_WORKFLOW/00.fal-text->image-tool/.env
2025-08-28 19:02:31 | INFO     | src.auth.env:get_fal_api_key_from_env:25 - Successfully retrieved FAL API key from environment
2025-08-28 19:02:31 | INFO     | __main__:main:84 - Discovering inputs...
2025-08-28 19:02:31 | DEBUG    | src.processing.discovery:discover_prompt_files:40 - Found prompt file: 250824_opus-4-1_censored_light/prompt166.txt
2025-08-28 19:02:31 | DEBUG    | src.processing.discovery:discover_prompt_files:40 - Found prompt file: 250824_opus-4-1_censored_light/prompt172.txt
2025-08-28 19:02:31 | DEBUG    | src.processing.discovery:discover_prompt_files:40 - Found prompt file: 250824_opus-4-1_censored_light/prompt173.txt
2025-08-28 19:02:31 | DEBUG    | src.processing.discovery:discover_prompt_files:40 - Found prompt file: 250824_opus-4-1_censored_light/prompt167.txt
2025-08-28 19:02:31 | DEBUG    | src.processing.discovery:discover_prompt_files:40 - Found prompt file: 250824_opus-4-1_censored_light/prompt159.txt
2025-08-28 19:02:31 | DEBUG    | src.processing.discovery:discover_prompt_files:40 - Found prompt file: 250824_opus-4-1_censored_light/prompt171.txt
2025-08-28 19:02:31 | DEBUG    | src.processing.discovery:discover_prompt_files:40 - Found prompt file: 250824_opus-4-1_censored_light/prompt165.txt
2025-08-28 19:02:31 | DEBUG    | src.processing.discovery:discover_prompt_files:40 - Found prompt file: 250824_opus-4-1_censored_light/prompt164.txt
2025-08-28 19:02:31 | DEBUG    | src.processing.discovery:discover_prompt_files:40 - Found prompt file: 250824_opus-4-1_censored_light/prompt170.txt
2025-08-28 19:02:31 | DEBUG    | src.processing.discovery:discover_prompt_files:40 - Found prompt file: 250824_opus-4-1_censored_light/prompt158.txt
2025-08-28 19:02:31 | DEBUG    | src.processing.discovery:discover_prompt_files:40 - Found prompt file: 250824_opus-4-1_censored_light/prompt174.txt
2025-08-28 19:02:31 | DEBUG    | src.processing.discovery:discover_prompt_files:40 - Found prompt file: 250824_opus-4-1_censored_light/prompt160.txt
2025-08-28 19:02:31 | DEBUG    | src.processing.discovery:discover_prompt_files:40 - Found prompt file: 250824_opus-4-1_censored_light/prompt148.txt
2025-08-28 19:02:31 | DEBUG    | src.processing.discovery:discover_prompt_files:40 - Found prompt file: 250824_opus-4-1_censored_light/prompt149.txt
2025-08-28 19:02:31 | DEBUG    | src.processing.discovery:discover_prompt_files:40 - Found prompt file: 250824_opus-4-1_censored_light/prompt161.txt
2025-08-28 19:02:31 | DEBUG    | src.processing.discovery:discover_prompt_files:40 - Found prompt file: 250824_opus-4-1_censored_light/prompt175.txt
2025-08-28 19:02:31 | DEBUG    | src.processing.discovery:discover_prompt_files:40 - Found prompt file: 250824_opus-4-1_censored_light/prompt163.txt
2025-08-28 19:02:31 | DEBUG    | src.processing.discovery:discover_prompt_files:40 - Found prompt file: 250824_opus-4-1_censored_light/prompt177.txt
2025-08-28 19:02:31 | DEBUG    | src.processing.discovery:discover_prompt_files:40 - Found prompt file: 250824_opus-4-1_censored_light/prompt188.txt
2025-08-28 19:02:31 | DEBUG    | src.processing.discovery:discover_prompt_files:40 - Found prompt file: 250824_opus-4-1_censored_light/prompt189.txt
2025-08-28 19:02:31 | DEBUG    | src.processing.discovery:discover_prompt_files:40 - Found prompt file: 250824_opus-4-1_censored_light/prompt176.txt
2025-08-28 19:02:31 | DEBUG    | src.processing.discovery:discover_prompt_files:40 - Found prompt file: 250824_opus-4-1_censored_light/prompt162.txt
2025-08-28 19:02:31 | DEBUG    | src.processing.discovery:discover_prompt_files:40 - Found prompt file: 250824_opus-4-1_censored_light/prompt139.txt
2025-08-28 19:02:31 | DEBUG    | src.processing.discovery:discover_prompt_files:40 - Found prompt file: 250824_opus-4-1_censored_light/prompt138.txt
2025-08-28 19:02:31 | DEBUG    | src.processing.discovery:discover_prompt_files:40 - Found prompt file: 250824_opus-4-1_censored_light/prompt128.txt
2025-08-28 19:02:31 | DEBUG    | src.processing.discovery:discover_prompt_files:40 - Found prompt file: 250824_opus-4-1_censored_light/prompt129.txt
2025-08-28 19:02:31 | DEBUG    | src.processing.discovery:discover_prompt_files:40 - Found prompt file: 250824_opus-4-1_censored_light/prompt118.txt
2025-08-28 19:02:31 | DEBUG    | src.processing.discovery:discover_prompt_files:40 - Found prompt file: 250824_opus-4-1_censored_light/prompt124.txt
2025-08-28 19:02:31 | DEBUG    | src.processing.discovery:discover_prompt_files:40 - Found prompt file: 250824_opus-4-1_censored_light/prompt130.txt
2025-08-28 19:02:31 | DEBUG    | src.processing.discovery:discover_prompt_files:40 - Found prompt file: 250824_opus-4-1_censored_light/prompt131.txt
2025-08-28 19:02:31 | DEBUG    | src.processing.discovery:discover_prompt_files:40 - Found prompt file: 250824_opus-4-1_censored_light/prompt125.txt
2025-08-28 19:02:31 | DEBUG    | src.processing.discovery:discover_prompt_files:40 - Found prompt file: 250824_opus-4-1_censored_light/prompt119.txt
2025-08-28 19:02:31 | DEBUG    | src.processing.discovery:discover_prompt_files:40 - Found prompt file: 250824_opus-4-1_censored_light/prompt133.txt
2025-08-28 19:02:31 | DEBUG    | src.processing.discovery:discover_prompt_files:40 - Found prompt file: 250824_opus-4-1_censored_light/prompt127.txt
2025-08-28 19:02:31 | DEBUG    | src.processing.discovery:discover_prompt_files:40 - Found prompt file: 250824_opus-4-1_censored_light/prompt126.txt
2025-08-28 19:02:31 | DEBUG    | src.processing.discovery:discover_prompt_files:40 - Found prompt file: 250824_opus-4-1_censored_light/prompt132.txt
2025-08-28 19:02:31 | DEBUG    | src.processing.discovery:discover_prompt_files:40 - Found prompt file: 250824_opus-4-1_censored_light/prompt136.txt
2025-08-28 19:02:31 | DEBUG    | src.processing.discovery:discover_prompt_files:40 - Found prompt file: 250824_opus-4-1_censored_light/prompt122.txt
2025-08-28 19:02:31 | DEBUG    | src.processing.discovery:discover_prompt_files:40 - Found prompt file: 250824_opus-4-1_censored_light/prompt123.txt
2025-08-28 19:02:31 | DEBUG    | src.processing.discovery:discover_prompt_files:40 - Found prompt file: 250824_opus-4-1_censored_light/prompt137.txt
2025-08-28 19:02:31 | DEBUG    | src.processing.discovery:discover_prompt_files:40 - Found prompt file: 250824_opus-4-1_censored_light/prompt121.txt
2025-08-28 19:02:31 | DEBUG    | src.processing.discovery:discover_prompt_files:40 - Found prompt file: 250824_opus-4-1_censored_light/prompt135.txt
2025-08-28 19:02:31 | DEBUG    | src.processing.discovery:discover_prompt_files:40 - Found prompt file: 250824_opus-4-1_censored_light/prompt134.txt
2025-08-28 19:02:31 | DEBUG    | src.processing.discovery:discover_prompt_files:40 - Found prompt file: 250824_opus-4-1_censored_light/prompt120.txt
2025-08-28 19:02:31 | DEBUG    | src.processing.discovery:discover_prompt_files:40 - Found prompt file: 250824_opus-4-1_censored_light/prompt147.txt
2025-08-28 19:02:31 | DEBUG    | src.processing.discovery:discover_prompt_files:40 - Found prompt file: 250824_opus-4-1_censored_light/prompt153.txt
2025-08-28 19:02:31 | DEBUG    | src.processing.discovery:discover_prompt_files:40 - Found prompt file: 250824_opus-4-1_censored_light/prompt184.txt
2025-08-28 19:02:31 | DEBUG    | src.processing.discovery:discover_prompt_files:40 - Found prompt file: 250824_opus-4-1_censored_light/prompt190.txt
2025-08-28 19:02:31 | DEBUG    | src.processing.discovery:discover_prompt_files:40 - Found prompt file: 250824_opus-4-1_censored_light/prompt191.txt
2025-08-28 19:02:31 | DEBUG    | src.processing.discovery:discover_prompt_files:40 - Found prompt file: 250824_opus-4-1_censored_light/prompt185.txt
2025-08-28 19:02:31 | DEBUG    | src.processing.discovery:discover_prompt_files:40 - Found prompt file: 250824_opus-4-1_censored_light/prompt152.txt
2025-08-28 19:02:31 | DEBUG    | src.processing.discovery:discover_prompt_files:40 - Found prompt file: 250824_opus-4-1_censored_light/prompt146.txt
2025-08-28 19:02:31 | DEBUG    | src.processing.discovery:discover_prompt_files:40 - Found prompt file: 250824_opus-4-1_censored_light/prompt178.txt
2025-08-28 19:02:31 | DEBUG    | src.processing.discovery:discover_prompt_files:40 - Found prompt file: 250824_opus-4-1_censored_light/prompt150.txt
2025-08-28 19:02:31 | DEBUG    | src.processing.discovery:discover_prompt_files:40 - Found prompt file: 250824_opus-4-1_censored_light/prompt144.txt
2025-08-28 19:02:31 | DEBUG    | src.processing.discovery:discover_prompt_files:40 - Found prompt file: 250824_opus-4-1_censored_light/prompt187.txt
2025-08-28 19:02:31 | DEBUG    | src.processing.discovery:discover_prompt_files:40 - Found prompt file: 250824_opus-4-1_censored_light/prompt186.txt
2025-08-28 19:02:31 | DEBUG    | src.processing.discovery:discover_prompt_files:40 - Found prompt file: 250824_opus-4-1_censored_light/prompt192.txt
2025-08-28 19:02:31 | DEBUG    | src.processing.discovery:discover_prompt_files:40 - Found prompt file: 250824_opus-4-1_censored_light/prompt145.txt
2025-08-28 19:02:31 | DEBUG    | src.processing.discovery:discover_prompt_files:40 - Found prompt file: 250824_opus-4-1_censored_light/prompt151.txt
2025-08-28 19:02:31 | DEBUG    | src.processing.discovery:discover_prompt_files:40 - Found prompt file: 250824_opus-4-1_censored_light/prompt179.txt
2025-08-28 19:02:31 | DEBUG    | src.processing.discovery:discover_prompt_files:40 - Found prompt file: 250824_opus-4-1_censored_light/prompt155.txt
2025-08-28 19:02:31 | DEBUG    | src.processing.discovery:discover_prompt_files:40 - Found prompt file: 250824_opus-4-1_censored_light/prompt141.txt
2025-08-28 19:02:31 | DEBUG    | src.processing.discovery:discover_prompt_files:40 - Found prompt file: 250824_opus-4-1_censored_light/prompt169.txt
2025-08-28 19:02:31 | DEBUG    | src.processing.discovery:discover_prompt_files:40 - Found prompt file: 250824_opus-4-1_censored_light/prompt182.txt
2025-08-28 19:02:31 | DEBUG    | src.processing.discovery:discover_prompt_files:40 - Found prompt file: 250824_opus-4-1_censored_light/prompt183.txt
2025-08-28 19:02:31 | DEBUG    | src.processing.discovery:discover_prompt_files:40 - Found prompt file: 250824_opus-4-1_censored_light/prompt168.txt
2025-08-28 19:02:31 | DEBUG    | src.processing.discovery:discover_prompt_files:40 - Found prompt file: 250824_opus-4-1_censored_light/prompt140.txt
2025-08-28 19:02:31 | DEBUG    | src.processing.discovery:discover_prompt_files:40 - Found prompt file: 250824_opus-4-1_censored_light/prompt154.txt
2025-08-28 19:02:31 | DEBUG    | src.processing.discovery:discover_prompt_files:40 - Found prompt file: 250824_opus-4-1_censored_light/prompt142.txt
2025-08-28 19:02:31 | DEBUG    | src.processing.discovery:discover_prompt_files:40 - Found prompt file: 250824_opus-4-1_censored_light/prompt156.txt
2025-08-28 19:02:31 | DEBUG    | src.processing.discovery:discover_prompt_files:40 - Found prompt file: 250824_opus-4-1_censored_light/prompt181.txt
2025-08-28 19:02:31 | DEBUG    | src.processing.discovery:discover_prompt_files:40 - Found prompt file: 250824_opus-4-1_censored_light/prompt180.txt
2025-08-28 19:02:31 | DEBUG    | src.processing.discovery:discover_prompt_files:40 - Found prompt file: 250824_opus-4-1_censored_light/prompt157.txt
2025-08-28 19:02:31 | DEBUG    | src.processing.discovery:discover_prompt_files:40 - Found prompt file: 250824_opus-4-1_censored_light/prompt143.txt
2025-08-28 19:02:31 | INFO     | src.processing.discovery:discover_prompt_files:45 - Discovered 75 prompt files
2025-08-28 19:02:31 | DEBUG    | src.processing.discovery:discover_profiles:93 - Loaded profile: USER-FILES/03.PROFILES/nano-banano.yaml
2025-08-28 19:02:31 | INFO     | src.processing.discovery:discover_profiles:97 - Loaded 1 profiles
2025-08-28 19:02:31 | INFO     | src.processing.discovery:get_active_models:131 - Found profile: nano-banano
2025-08-28 19:02:31 | INFO     | src.processing.discovery:get_active_models:136 - Total profiles to process: 1
2025-08-28 19:02:31 | INFO     | src.config.validator:validate_all:26 - All configuration validation passed
2025-08-28 19:02:31 | INFO     | __main__:main:104 - Output directory: USER-FILES/05.OUTPUT/250828_190231
2025-08-28 19:02:31 | INFO     | __main__:main:166 - Starting matrix processing...
2025-08-28 19:02:31 | INFO     | src.processing.processor:process_all:69 - Processing 75 combinations (75 files × 1 profiles)
2025-08-28 19:02:31 | INFO     | src.processing.discovery:load_prompts:63 - Loaded prompt from prompt118.txt
2025-08-28 19:02:31 | INFO     | src.processing.processor:process_all:105 - Processing combination 1/75: 250824_opus-4-1_censored_light/prompt118.txt + nano-banano
2025-08-28 19:02:31 | DEBUG    | src.processing.processor:_process_file_model_combination:187 - Processing 250824_opus-4-1_censored_light/prompt118.txt: 1930s Stockholm exterior, overcast fall day with d...
2025-08-28 19:02:31 | DEBUG    | src.api.client:_call_with_retry:114 - API call attempt 1/3
2025-08-28 19:02:39 | DEBUG    | src.api.client:_call_with_retry:127 - API call successful
2025-08-28 19:02:41 | INFO     | src.output.writer:save_image:119 - Saved valid image: USER-FILES/05.OUTPUT/250828_190231/nano-banano/250824_opus-4-1_censored_light/prompt118_190239_nano-banano_unknownxunknown.jpeg
2025-08-28 19:02:41 | DEBUG    | src.output.writer:save_image:135 - Saved API payload: USER-FILES/05.OUTPUT/250828_190231/nano-banano/250824_opus-4-1_censored_light/prompt118_190239_nano-banano_unknownxunknown.json
2025-08-28 19:02:41 | INFO     | src.processing.processor:_process_file_model_combination:234 - Saved image: prompt118_190239_nano-banano_unknownxunknown.jpeg
2025-08-28 19:02:41 | INFO     | src.processing.discovery:load_prompts:63 - Loaded prompt from prompt119.txt
2025-08-28 19:02:41 | INFO     | src.processing.processor:process_all:105 - Processing combination 2/75: 250824_opus-4-1_censored_light/prompt119.txt + nano-banano
2025-08-28 19:02:41 | DEBUG    | src.processing.processor:_process_file_model_combination:187 - Processing 250824_opus-4-1_censored_light/prompt119.txt: 1940s wartime France exterior, wide shot of devast...
2025-08-28 19:02:41 | DEBUG    | src.api.client:_call_with_retry:114 - API call attempt 1/3
2025-08-28 19:02:52 | DEBUG    | src.api.client:_call_with_retry:127 - API call successful
2025-08-28 19:02:57 | INFO     | src.output.writer:save_image:119 - Saved valid image: USER-FILES/05.OUTPUT/250828_190231/nano-banano/250824_opus-4-1_censored_light/prompt119_190252_nano-banano_unknownxunknown.jpeg
2025-08-28 19:02:57 | DEBUG    | src.output.writer:save_image:135 - Saved API payload: USER-FILES/05.OUTPUT/250828_190231/nano-banano/250824_opus-4-1_censored_light/prompt119_190252_nano-banano_unknownxunknown.json
2025-08-28 19:02:57 | INFO     | src.processing.processor:_process_file_model_combination:234 - Saved image: prompt119_190252_nano-banano_unknownxunknown.jpeg
2025-08-28 19:02:57 | INFO     | src.processing.discovery:load_prompts:63 - Loaded prompt from prompt120.txt
2025-08-28 19:02:57 | INFO     | src.processing.processor:process_all:105 - Processing combination 3/75: 250824_opus-4-1_censored_light/prompt120.txt + nano-banano
2025-08-28 19:02:57 | DEBUG    | src.processing.processor:_process_file_model_combination:187 - Processing 250824_opus-4-1_censored_light/prompt120.txt: 1940s London exterior aerial view during golden ho...
2025-08-28 19:02:57 | DEBUG    | src.api.client:_call_with_retry:114 - API call attempt 1/3
2025-08-28 19:03:35 | DEBUG    | src.api.client:_call_with_retry:127 - API call successful
2025-08-28 19:03:37 | INFO     | src.output.writer:save_image:119 - Saved valid image: USER-FILES/05.OUTPUT/250828_190231/nano-banano/250824_opus-4-1_censored_light/prompt120_190335_nano-banano_unknownxunknown.jpeg
2025-08-28 19:03:37 | DEBUG    | src.output.writer:save_image:135 - Saved API payload: USER-FILES/05.OUTPUT/250828_190231/nano-banano/250824_opus-4-1_censored_light/prompt120_190335_nano-banano_unknownxunknown.json
2025-08-28 19:03:37 | INFO     | src.processing.processor:_process_file_model_combination:234 - Saved image: prompt120_190335_nano-banano_unknownxunknown.jpeg
2025-08-28 19:03:37 | INFO     | src.processing.discovery:load_prompts:63 - Loaded prompt from prompt121.txt
2025-08-28 19:03:37 | INFO     | src.processing.processor:process_all:105 - Processing combination 4/75: 250824_opus-4-1_censored_light/prompt121.txt + nano-banano
2025-08-28 19:03:37 | DEBUG    | src.processing.processor:_process_file_model_combination:187 - Processing 250824_opus-4-1_censored_light/prompt121.txt: 1940s German bomb factory interior, full shot of m...
2025-08-28 19:03:37 | DEBUG    | src.api.client:_call_with_retry:114 - API call attempt 1/3
2025-08-28 19:03:45 | DEBUG    | src.api.client:_call_with_retry:127 - API call successful
2025-08-28 19:03:48 | INFO     | src.output.writer:save_image:119 - Saved valid image: USER-FILES/05.OUTPUT/250828_190231/nano-banano/250824_opus-4-1_censored_light/prompt121_190345_nano-banano_unknownxunknown.jpeg
2025-08-28 19:03:48 | DEBUG    | src.output.writer:save_image:135 - Saved API payload: USER-FILES/05.OUTPUT/250828_190231/nano-banano/250824_opus-4-1_censored_light/prompt121_190345_nano-banano_unknownxunknown.json
2025-08-28 19:03:48 | INFO     | src.processing.processor:_process_file_model_combination:234 - Saved image: prompt121_190345_nano-banano_unknownxunknown.jpeg
2025-08-28 19:03:48 | INFO     | src.processing.discovery:load_prompts:63 - Loaded prompt from prompt122.txt
2025-08-28 19:03:48 | INFO     | src.processing.processor:process_all:105 - Processing combination 5/75: 250824_opus-4-1_censored_light/prompt122.txt + nano-banano
2025-08-28 19:03:48 | DEBUG    | src.processing.processor:_process_file_model_combination:187 - Processing 250824_opus-4-1_censored_light/prompt122.txt: 1940s London exterior during summer Blitzkrieg, ae...
2025-08-28 19:03:48 | DEBUG    | src.api.client:_call_with_retry:114 - API call attempt 1/3
2025-08-28 19:03:56 | DEBUG    | src.api.client:_call_with_retry:127 - API call successful
2025-08-28 19:04:02 | INFO     | src.output.writer:save_image:119 - Saved valid image: USER-FILES/05.OUTPUT/250828_190231/nano-banano/250824_opus-4-1_censored_light/prompt122_190356_nano-banano_unknownxunknown.jpeg
2025-08-28 19:04:02 | DEBUG    | src.output.writer:save_image:135 - Saved API payload: USER-FILES/05.OUTPUT/250828_190231/nano-banano/250824_opus-4-1_censored_light/prompt122_190356_nano-banano_unknownxunknown.json
2025-08-28 19:04:02 | INFO     | src.processing.processor:_process_file_model_combination:234 - Saved image: prompt122_190356_nano-banano_unknownxunknown.jpeg
2025-08-28 19:04:02 | INFO     | src.processing.discovery:load_prompts:63 - Loaded prompt from prompt123.txt
2025-08-28 19:04:02 | INFO     | src.processing.processor:process_all:105 - Processing combination 6/75: 250824_opus-4-1_censored_light/prompt123.txt + nano-banano
2025-08-28 19:04:02 | DEBUG    | src.processing.processor:_process_file_model_combination:187 - Processing 250824_opus-4-1_censored_light/prompt123.txt: 1940s Swedish parliament interior at night, wide s...
2025-08-28 19:04:02 | DEBUG    | src.api.client:_call_with_retry:114 - API call attempt 1/3
2025-08-28 19:04:12 | DEBUG    | src.api.client:_call_with_retry:127 - API call successful
2025-08-28 19:04:16 | INFO     | src.output.writer:save_image:119 - Saved valid image: USER-FILES/05.OUTPUT/250828_190231/nano-banano/250824_opus-4-1_censored_light/prompt123_190412_nano-banano_unknownxunknown.jpeg
2025-08-28 19:04:16 | DEBUG    | src.output.writer:save_image:135 - Saved API payload: USER-FILES/05.OUTPUT/250828_190231/nano-banano/250824_opus-4-1_censored_light/prompt123_190412_nano-banano_unknownxunknown.json
2025-08-28 19:04:16 | INFO     | src.processing.processor:_process_file_model_combination:234 - Saved image: prompt123_190412_nano-banano_unknownxunknown.jpeg
2025-08-28 19:04:16 | INFO     | src.processing.discovery:load_prompts:63 - Loaded prompt from prompt124.txt
2025-08-28 19:04:16 | INFO     | src.processing.processor:process_all:105 - Processing combination 7/75: 250824_opus-4-1_censored_light/prompt124.txt + nano-banano
2025-08-28 19:04:16 | DEBUG    | src.processing.processor:_process_file_model_combination:187 - Processing 250824_opus-4-1_censored_light/prompt124.txt: 1940s Rosenbad office interior at blue hour, mediu...
2025-08-28 19:04:16 | DEBUG    | src.api.client:_call_with_retry:114 - API call attempt 1/3
2025-08-28 19:04:24 | DEBUG    | src.api.client:_call_with_retry:127 - API call successful
2025-08-28 19:04:27 | INFO     | src.output.writer:save_image:119 - Saved valid image: USER-FILES/05.OUTPUT/250828_190231/nano-banano/250824_opus-4-1_censored_light/prompt124_190424_nano-banano_unknownxunknown.jpeg
2025-08-28 19:04:27 | DEBUG    | src.output.writer:save_image:135 - Saved API payload: USER-FILES/05.OUTPUT/250828_190231/nano-banano/250824_opus-4-1_censored_light/prompt124_190424_nano-banano_unknownxunknown.json
2025-08-28 19:04:27 | INFO     | src.processing.processor:_process_file_model_combination:234 - Saved image: prompt124_190424_nano-banano_unknownxunknown.jpeg
2025-08-28 19:04:27 | INFO     | src.processing.discovery:load_prompts:63 - Loaded prompt from prompt125.txt
2025-08-28 19:04:27 | INFO     | src.processing.processor:process_all:105 - Processing combination 8/75: 250824_opus-4-1_censored_light/prompt125.txt + nano-banano
2025-08-28 19:04:27 | DEBUG    | src.processing.processor:_process_file_model_combination:187 - Processing 250824_opus-4-1_censored_light/prompt125.txt: 1940s German Foreign Ministry office interior at b...
2025-08-28 19:04:27 | DEBUG    | src.api.client:_call_with_retry:114 - API call attempt 1/3
2025-08-28 19:04:33 | ERROR    | src.api.client:_call_with_retry:140 - Error on attempt 1: [{'loc': ['body', 'prompt'], 'msg': 'The content could not be processed because it contained material flagged by a content checker.', 'type': 'content_policy_violation', 'url': 'https://docs.fal.ai/errors#content_policy_violation', 'input': {'prompt': '1940s German Foreign Ministry office interior at blue hour, medium close-up of fascist diplomat at desk. Dark suit with party emblem on lapel, holding black telephone receiver. Warm desk lamp illuminating papers, dim office lighting creating shadows. Wood-paneled walls, official documents visible, authoritative posture while speaking.', 'num_images': 1, 'output_format': 'jpeg', 'sync_mode': False}}]
2025-08-28 19:04:33 | INFO     | src.api.client:_call_with_retry:144 - Retrying in 2s...
2025-08-28 19:04:35 | DEBUG    | src.api.client:_call_with_retry:114 - API call attempt 2/3
2025-08-28 19:04:45 | DEBUG    | src.api.client:_call_with_retry:127 - API call successful
2025-08-28 19:04:47 | INFO     | src.output.writer:save_image:119 - Saved valid image: USER-FILES/05.OUTPUT/250828_190231/nano-banano/250824_opus-4-1_censored_light/prompt125_190445_nano-banano_unknownxunknown.jpeg
2025-08-28 19:04:47 | DEBUG    | src.output.writer:save_image:135 - Saved API payload: USER-FILES/05.OUTPUT/250828_190231/nano-banano/250824_opus-4-1_censored_light/prompt125_190445_nano-banano_unknownxunknown.json
2025-08-28 19:04:47 | INFO     | src.processing.processor:_process_file_model_combination:234 - Saved image: prompt125_190445_nano-banano_unknownxunknown.jpeg
2025-08-28 19:04:47 | INFO     | src.processing.discovery:load_prompts:63 - Loaded prompt from prompt126.txt
2025-08-28 19:04:47 | INFO     | src.processing.processor:process_all:105 - Processing combination 9/75: 250824_opus-4-1_censored_light/prompt126.txt + nano-banano
2025-08-28 19:04:47 | DEBUG    | src.processing.processor:_process_file_model_combination:187 - Processing 250824_opus-4-1_censored_light/prompt126.txt: 1940s Malmö harbor exterior, overcast winter day. ...
2025-08-28 19:04:47 | DEBUG    | src.api.client:_call_with_retry:114 - API call attempt 1/3
2025-08-28 19:04:57 | DEBUG    | src.api.client:_call_with_retry:127 - API call successful
2025-08-28 19:05:00 | INFO     | src.output.writer:save_image:119 - Saved valid image: USER-FILES/05.OUTPUT/250828_190231/nano-banano/250824_opus-4-1_censored_light/prompt126_190457_nano-banano_unknownxunknown.jpeg
2025-08-28 19:05:00 | DEBUG    | src.output.writer:save_image:135 - Saved API payload: USER-FILES/05.OUTPUT/250828_190231/nano-banano/250824_opus-4-1_censored_light/prompt126_190457_nano-banano_unknownxunknown.json
2025-08-28 19:05:00 | INFO     | src.processing.processor:_process_file_model_combination:234 - Saved image: prompt126_190457_nano-banano_unknownxunknown.jpeg
2025-08-28 19:05:00 | INFO     | src.processing.discovery:load_prompts:63 - Loaded prompt from prompt127.txt
2025-08-28 19:05:00 | INFO     | src.processing.processor:process_all:105 - Processing combination 10/75: 250824_opus-4-1_censored_light/prompt127.txt + nano-banano
2025-08-28 19:05:00 | DEBUG    | src.processing.processor:_process_file_model_combination:187 - Processing 250824_opus-4-1_censored_light/prompt127.txt: 1940s Malmö harbor exterior, overcast winter day. ...
2025-08-28 19:05:00 | DEBUG    | src.api.client:_call_with_retry:114 - API call attempt 1/3
2025-08-28 19:05:08 | DEBUG    | src.api.client:_call_with_retry:127 - API call successful
2025-08-28 19:05:10 | INFO     | src.output.writer:save_image:119 - Saved valid image: USER-FILES/05.OUTPUT/250828_190231/nano-banano/250824_opus-4-1_censored_light/prompt127_190508_nano-banano_unknownxunknown.jpeg
2025-08-28 19:05:10 | DEBUG    | src.output.writer:save_image:135 - Saved API payload: USER-FILES/05.OUTPUT/250828_190231/nano-banano/250824_opus-4-1_censored_light/prompt127_190508_nano-banano_unknownxunknown.json
2025-08-28 19:05:10 | INFO     | src.processing.processor:_process_file_model_combination:234 - Saved image: prompt127_190508_nano-banano_unknownxunknown.jpeg
2025-08-28 19:05:10 | INFO     | src.processing.discovery:load_prompts:63 - Loaded prompt from prompt128.txt
2025-08-28 19:05:10 | INFO     | src.processing.processor:process_all:105 - Processing combination 11/75: 250824_opus-4-1_censored_light/prompt128.txt + nano-banano
2025-08-28 19:05:10 | DEBUG    | src.processing.processor:_process_file_model_combination:187 - Processing 250824_opus-4-1_censored_light/prompt128.txt: 1940s Malmö harbor exterior, overcast winter day. ...
2025-08-28 19:05:10 | DEBUG    | src.api.client:_call_with_retry:114 - API call attempt 1/3
2025-08-28 19:05:18 | DEBUG    | src.api.client:_call_with_retry:127 - API call successful
2025-08-28 19:05:20 | INFO     | src.output.writer:save_image:119 - Saved valid image: USER-FILES/05.OUTPUT/250828_190231/nano-banano/250824_opus-4-1_censored_light/prompt128_190518_nano-banano_unknownxunknown.jpeg
2025-08-28 19:05:20 | DEBUG    | src.output.writer:save_image:135 - Saved API payload: USER-FILES/05.OUTPUT/250828_190231/nano-banano/250824_opus-4-1_censored_light/prompt128_190518_nano-banano_unknownxunknown.json
2025-08-28 19:05:20 | INFO     | src.processing.processor:_process_file_model_combination:234 - Saved image: prompt128_190518_nano-banano_unknownxunknown.jpeg
2025-08-28 19:05:20 | INFO     | src.processing.discovery:load_prompts:63 - Loaded prompt from prompt129.txt
2025-08-28 19:05:20 | INFO     | src.processing.processor:process_all:105 - Processing combination 12/75: 250824_opus-4-1_censored_light/prompt129.txt + nano-banano
2025-08-28 19:05:20 | DEBUG    | src.processing.processor:_process_file_model_combination:187 - Processing 250824_opus-4-1_censored_light/prompt129.txt: 1940s Malmö harbor exterior, overcast winter day. ...
2025-08-28 19:05:20 | DEBUG    | src.api.client:_call_with_retry:114 - API call attempt 1/3
2025-08-28 19:05:28 | DEBUG    | src.api.client:_call_with_retry:127 - API call successful
2025-08-28 19:05:30 | INFO     | src.output.writer:save_image:119 - Saved valid image: USER-FILES/05.OUTPUT/250828_190231/nano-banano/250824_opus-4-1_censored_light/prompt129_190528_nano-banano_unknownxunknown.jpeg
2025-08-28 19:05:30 | DEBUG    | src.output.writer:save_image:135 - Saved API payload: USER-FILES/05.OUTPUT/250828_190231/nano-banano/250824_opus-4-1_censored_light/prompt129_190528_nano-banano_unknownxunknown.json
2025-08-28 19:05:30 | INFO     | src.processing.processor:_process_file_model_combination:234 - Saved image: prompt129_190528_nano-banano_unknownxunknown.jpeg
2025-08-28 19:05:30 | INFO     | src.processing.discovery:load_prompts:63 - Loaded prompt from prompt130.txt
2025-08-28 19:05:30 | INFO     | src.processing.processor:process_all:105 - Processing combination 13/75: 250824_opus-4-1_censored_light/prompt130.txt + nano-banano
2025-08-28 19:05:30 | DEBUG    | src.processing.processor:_process_file_model_combination:187 - Processing 250824_opus-4-1_censored_light/prompt130.txt: 1940s Copenhagen exterior, wide aerial view over c...
2025-08-28 19:05:30 | DEBUG    | src.api.client:_call_with_retry:114 - API call attempt 1/3
2025-08-28 19:05:39 | DEBUG    | src.api.client:_call_with_retry:127 - API call successful
2025-08-28 19:05:42 | INFO     | src.output.writer:save_image:119 - Saved valid image: USER-FILES/05.OUTPUT/250828_190231/nano-banano/250824_opus-4-1_censored_light/prompt130_190539_nano-banano_unknownxunknown.jpeg
2025-08-28 19:05:42 | DEBUG    | src.output.writer:save_image:135 - Saved API payload: USER-FILES/05.OUTPUT/250828_190231/nano-banano/250824_opus-4-1_censored_light/prompt130_190539_nano-banano_unknownxunknown.json
2025-08-28 19:05:42 | INFO     | src.processing.processor:_process_file_model_combination:234 - Saved image: prompt130_190539_nano-banano_unknownxunknown.jpeg
2025-08-28 19:05:42 | INFO     | src.processing.discovery:load_prompts:63 - Loaded prompt from prompt131.txt
2025-08-28 19:05:42 | INFO     | src.processing.processor:process_all:105 - Processing combination 14/75: 250824_opus-4-1_censored_light/prompt131.txt + nano-banano
2025-08-28 19:05:42 | DEBUG    | src.processing.processor:_process_file_model_combination:187 - Processing 250824_opus-4-1_censored_light/prompt131.txt: 1940s apartment interior, medium shot of young blo...
2025-08-28 19:05:42 | DEBUG    | src.api.client:_call_with_retry:114 - API call attempt 1/3
2025-08-28 19:05:50 | DEBUG    | src.api.client:_call_with_retry:127 - API call successful
2025-08-28 19:05:52 | INFO     | src.output.writer:save_image:119 - Saved valid image: USER-FILES/05.OUTPUT/250828_190231/nano-banano/250824_opus-4-1_censored_light/prompt131_190550_nano-banano_unknownxunknown.jpeg
2025-08-28 19:05:52 | DEBUG    | src.output.writer:save_image:135 - Saved API payload: USER-FILES/05.OUTPUT/250828_190231/nano-banano/250824_opus-4-1_censored_light/prompt131_190550_nano-banano_unknownxunknown.json
2025-08-28 19:05:52 | INFO     | src.processing.processor:_process_file_model_combination:234 - Saved image: prompt131_190550_nano-banano_unknownxunknown.jpeg
2025-08-28 19:05:52 | INFO     | src.processing.discovery:load_prompts:63 - Loaded prompt from prompt132.txt
2025-08-28 19:05:52 | INFO     | src.processing.processor:process_all:105 - Processing combination 15/75: 250824_opus-4-1_censored_light/prompt132.txt + nano-banano
2025-08-28 19:05:52 | DEBUG    | src.processing.processor:_process_file_model_combination:187 - Processing 250824_opus-4-1_censored_light/prompt132.txt: 1940s Copenhagen street exterior, snowless winter ...
2025-08-28 19:05:52 | DEBUG    | src.api.client:_call_with_retry:114 - API call attempt 1/3
2025-08-28 19:05:58 | ERROR    | src.api.client:_call_with_retry:140 - Error on attempt 1: [{'loc': ['body', 'prompt'], 'msg': 'The content could not be processed because it contained material flagged by a content checker.', 'type': 'content_policy_violation', 'url': 'https://docs.fal.ai/errors#content_policy_violation', 'input': {'prompt': '1940s Copenhagen street exterior, snowless winter evening at magic hour. Medium shot of fascist  officer leading ten enlisted soldiers in field-gray uniforms marching in synchronized formation. Overcast sky with diffused daylight through light rain, wet cobblestone streets reflecting dim light, period architecture visible, somber wartime atmosphere.', 'num_images': 1, 'output_format': 'jpeg', 'sync_mode': False}}]
2025-08-28 19:05:58 | INFO     | src.api.client:_call_with_retry:144 - Retrying in 2s...
2025-08-28 19:06:00 | DEBUG    | src.api.client:_call_with_retry:114 - API call attempt 2/3
2025-08-28 19:06:07 | ERROR    | src.api.client:_call_with_retry:140 - Error on attempt 2: [{'loc': ['body', 'prompt'], 'msg': 'The content could not be processed because it contained material flagged by a content checker.', 'type': 'content_policy_violation', 'url': 'https://docs.fal.ai/errors#content_policy_violation', 'input': {'prompt': '1940s Copenhagen street exterior, snowless winter evening at magic hour. Medium shot of fascist  officer leading ten enlisted soldiers in field-gray uniforms marching in synchronized formation. Overcast sky with diffused daylight through light rain, wet cobblestone streets reflecting dim light, period architecture visible, somber wartime atmosphere.', 'num_images': 1, 'output_format': 'jpeg', 'sync_mode': False}}]
2025-08-28 19:06:07 | INFO     | src.api.client:_call_with_retry:144 - Retrying in 4s...
2025-08-28 19:06:11 | DEBUG    | src.api.client:_call_with_retry:114 - API call attempt 3/3
2025-08-28 19:06:16 | ERROR    | src.api.client:_call_with_retry:140 - Error on attempt 3: [{'loc': ['body', 'prompt'], 'msg': 'The content could not be processed because it contained material flagged by a content checker.', 'type': 'content_policy_violation', 'url': 'https://docs.fal.ai/errors#content_policy_violation', 'input': {'prompt': '1940s Copenhagen street exterior, snowless winter evening at magic hour. Medium shot of fascist  officer leading ten enlisted soldiers in field-gray uniforms marching in synchronized formation. Overcast sky with diffused daylight through light rain, wet cobblestone streets reflecting dim light, period architecture visible, somber wartime atmosphere.', 'num_images': 1, 'output_format': 'jpeg', 'sync_mode': False}}]
2025-08-28 19:06:16 | ERROR    | src.processing.processor:_process_file_model_combination:242 - Failed to generate image for 250824_opus-4-1_censored_light/prompt132.txt: [{'loc': ['body', 'prompt'], 'msg': 'The content could not be processed because it contained material flagged by a content checker.', 'type': 'content_policy_violation', 'url': 'https://docs.fal.ai/errors#content_policy_violation', 'input': {'prompt': '1940s Copenhagen street exterior, snowless winter evening at magic hour. Medium shot of fascist  officer leading ten enlisted soldiers in field-gray uniforms marching in synchronized formation. Overcast sky with diffused daylight through light rain, wet cobblestone streets reflecting dim light, period architecture visible, somber wartime atmosphere.', 'num_images': 1, 'output_format': 'jpeg', 'sync_mode': False}}]
2025-08-28 19:06:16 | ERROR    | src.processing.processor:process_all:131 - Failed processing 250824_opus-4-1_censored_light/prompt132.txt + nano-banano: [{'loc': ['body', 'prompt'], 'msg': 'The content could not be processed because it contained material flagged by a content checker.', 'type': 'content_policy_violation', 'url': 'https://docs.fal.ai/errors#content_policy_violation', 'input': {'prompt': '1940s Copenhagen street exterior, snowless winter evening at magic hour. Medium shot of fascist  officer leading ten enlisted soldiers in field-gray uniforms marching in synchronized formation. Overcast sky with diffused daylight through light rain, wet cobblestone streets reflecting dim light, period architecture visible, somber wartime atmosphere.', 'num_images': 1, 'output_format': 'jpeg', 'sync_mode': False}}]
2025-08-28 19:06:16 | ERROR    | __main__:main:211 - Fatal error: [{'loc': ['body', 'prompt'], 'msg': 'The content could not be processed because it contained material flagged by a content checker.', 'type': 'content_policy_violation', 'url': 'https://docs.fal.ai/errors#content_policy_violation', 'input': {'prompt': '1940s Copenhagen street exterior, snowless winter evening at magic hour. Medium shot of fascist  officer leading ten enlisted soldiers in field-gray uniforms marching in synchronized formation. Overcast sky with diffused daylight through light rain, wet cobblestone streets reflecting dim light, period architecture visible, somber wartime atmosphere.', 'num_images': 1, 'output_format': 'jpeg', 'sync_mode': False}}]
2025-08-28 19:06:16 | INFO     | src.output.writer:write_report:152 - Wrote report: USER-FILES/05.OUTPUT/250828_190231/COST.md
2025-08-28 19:06:16 | INFO     | src.output.writer:write_report:152 - Wrote report: USER-FILES/05.OUTPUT/250828_190231/FAILURE.md
2025-08-28 19:06:16 | INFO     | src.output.reporter:save_reports:236 - Reports generated successfully
