2025-08-26 16:16:34 | INFO     | src.utils.logging:setup_logging:39 - Logging configured (verbose=False, debug=False)
2025-08-26 16:16:34 | INFO     | __main__:main:67 - Loading configuration...
2025-08-26 16:16:34 | INFO     | src.config.loader:load_config:42 - Loaded configuration from USER-FILES/01.CONFIG/config.yaml
2025-08-26 16:16:34 | INFO     | __main__:main:72 - Authenticating...
2025-08-26 16:16:34 | DEBUG    | src.auth.env:get_fal_api_key_from_env:19 - Loaded environment from /Users/ruben/08_-_DEVELOPMENT/ISOF_IMAGE_WORKFLOW/00.fal-text->image-tool/.env
2025-08-26 16:16:34 | INFO     | src.auth.env:get_fal_api_key_from_env:25 - Successfully retrieved FAL API key from environment
2025-08-26 16:16:34 | INFO     | __main__:main:76 - Discovering inputs...
2025-08-26 16:16:34 | DEBUG    | src.processing.discovery:discover_prompt_files:40 - Found prompt file: 03.layer1_extracted/5/5.2.0/5.2.1/5.2.1.txt
2025-08-26 16:16:34 | DEBUG    | src.processing.discovery:discover_prompt_files:40 - Found prompt file: 03.layer1_extracted/5/5.8.0/5.8.1/5.8.1.txt
2025-08-26 16:16:34 | DEBUG    | src.processing.discovery:discover_prompt_files:40 - Found prompt file: 03.layer1_extracted/5/5.6.0/5.6.1/5.6.1.txt
2025-08-26 16:16:34 | DEBUG    | src.processing.discovery:discover_prompt_files:40 - Found prompt file: 03.layer1_extracted/5/5.1.0/5.1.1/5.1.1.txt
2025-08-26 16:16:34 | DEBUG    | src.processing.discovery:discover_prompt_files:40 - Found prompt file: 03.layer1_extracted/5/5.5.0/5.5.1/5.5.1.txt
2025-08-26 16:16:34 | DEBUG    | src.processing.discovery:discover_prompt_files:40 - Found prompt file: 03.layer1_extracted/5/5.10.0/5.10.1/5.10.1.txt
2025-08-26 16:16:34 | DEBUG    | src.processing.discovery:discover_prompt_files:40 - Found prompt file: 03.layer1_extracted/5/5.4.0/5.4.1/5.4.1.txt
2025-08-26 16:16:34 | DEBUG    | src.processing.discovery:discover_prompt_files:40 - Found prompt file: 03.layer1_extracted/5/5.9.0/5.9.1/5.9.1.txt
2025-08-26 16:16:34 | DEBUG    | src.processing.discovery:discover_prompt_files:40 - Found prompt file: 03.layer1_extracted/5/5.3.0/5.3.1/5.3.1.txt
2025-08-26 16:16:34 | DEBUG    | src.processing.discovery:discover_prompt_files:40 - Found prompt file: 03.layer1_extracted/5/5.7.0/5.7.1/5.7.1.txt
2025-08-26 16:16:34 | DEBUG    | src.processing.discovery:discover_prompt_files:40 - Found prompt file: 03.layer1_extracted/2/2.2.0/2.2.1/2.2.1.txt
2025-08-26 16:16:34 | DEBUG    | src.processing.discovery:discover_prompt_files:40 - Found prompt file: 03.layer1_extracted/2/2.6.0/2.6.1/2.6.1.txt
2025-08-26 16:16:34 | DEBUG    | src.processing.discovery:discover_prompt_files:40 - Found prompt file: 03.layer1_extracted/2/2.1.0/2.1.1/2.1.1.txt
2025-08-26 16:16:34 | DEBUG    | src.processing.discovery:discover_prompt_files:40 - Found prompt file: 03.layer1_extracted/2/2.5.0/2.5.1/2.5.1.txt
2025-08-26 16:16:34 | DEBUG    | src.processing.discovery:discover_prompt_files:40 - Found prompt file: 03.layer1_extracted/2/2.4.0/2.4.1/2.4.1.txt
2025-08-26 16:16:34 | DEBUG    | src.processing.discovery:discover_prompt_files:40 - Found prompt file: 03.layer1_extracted/2/2.3.0/2.3.1/2.3.1.txt
2025-08-26 16:16:34 | DEBUG    | src.processing.discovery:discover_prompt_files:40 - Found prompt file: 03.layer1_extracted/3/3.2.0/3.2.1/3.2.1.txt
2025-08-26 16:16:34 | DEBUG    | src.processing.discovery:discover_prompt_files:40 - Found prompt file: 03.layer1_extracted/3/3.8.0/3.8.1/3.8.1.txt
2025-08-26 16:16:34 | DEBUG    | src.processing.discovery:discover_prompt_files:40 - Found prompt file: 03.layer1_extracted/3/3.6.0/3.6.1/3.6.1.txt
2025-08-26 16:16:34 | DEBUG    | src.processing.discovery:discover_prompt_files:40 - Found prompt file: 03.layer1_extracted/3/3.11.0/3.11.1/3.11.1.txt
2025-08-26 16:16:34 | DEBUG    | src.processing.discovery:discover_prompt_files:40 - Found prompt file: 03.layer1_extracted/3/3.1.0/3.1.1/3.1.1.txt
2025-08-26 16:16:34 | DEBUG    | src.processing.discovery:discover_prompt_files:40 - Found prompt file: 03.layer1_extracted/3/3.5.0/3.5.1/3.5.1.txt
2025-08-26 16:16:34 | DEBUG    | src.processing.discovery:discover_prompt_files:40 - Found prompt file: 03.layer1_extracted/3/3.4.0/3.4.1/3.4.1.txt
2025-08-26 16:16:34 | DEBUG    | src.processing.discovery:discover_prompt_files:40 - Found prompt file: 03.layer1_extracted/3/3.9.0/3.9.1/3.9.1.txt
2025-08-26 16:16:34 | DEBUG    | src.processing.discovery:discover_prompt_files:40 - Found prompt file: 03.layer1_extracted/3/3.3.0/3.3.1/3.3.1.txt
2025-08-26 16:16:34 | DEBUG    | src.processing.discovery:discover_prompt_files:40 - Found prompt file: 03.layer1_extracted/3/3.7.0/3.7.1/3.7.1.txt
2025-08-26 16:16:34 | DEBUG    | src.processing.discovery:discover_prompt_files:40 - Found prompt file: 03.layer1_extracted/3/3.10.0/3.10.1/3.10.1.txt
2025-08-26 16:16:34 | DEBUG    | src.processing.discovery:discover_prompt_files:40 - Found prompt file: 03.layer1_extracted/4/4.8.0/4.8.1/4.8.1.txt
2025-08-26 16:16:34 | DEBUG    | src.processing.discovery:discover_prompt_files:40 - Found prompt file: 03.layer1_extracted/4/4.2.0/4.2.1/4.2.1.txt
2025-08-26 16:16:34 | DEBUG    | src.processing.discovery:discover_prompt_files:40 - Found prompt file: 03.layer1_extracted/4/4.6.0/4.6.1/4.6.1.txt
2025-08-26 16:16:34 | DEBUG    | src.processing.discovery:discover_prompt_files:40 - Found prompt file: 03.layer1_extracted/4/4.11.0/4.11.1/4.11.1.txt
2025-08-26 16:16:34 | DEBUG    | src.processing.discovery:discover_prompt_files:40 - Found prompt file: 03.layer1_extracted/4/4.1.0/4.1.1/4.1.1.txt
2025-08-26 16:16:34 | DEBUG    | src.processing.discovery:discover_prompt_files:40 - Found prompt file: 03.layer1_extracted/4/4.5.0/4.5.1/4.5.1.txt
2025-08-26 16:16:34 | DEBUG    | src.processing.discovery:discover_prompt_files:40 - Found prompt file: 03.layer1_extracted/4/4.10.0/4.10.1/4.10.1.txt
2025-08-26 16:16:34 | DEBUG    | src.processing.discovery:discover_prompt_files:40 - Found prompt file: 03.layer1_extracted/4/4.4.0/4.4.1/4.4.1.txt
2025-08-26 16:16:34 | DEBUG    | src.processing.discovery:discover_prompt_files:40 - Found prompt file: 03.layer1_extracted/4/4.3.0/4.3.1/4.3.1.txt
2025-08-26 16:16:34 | DEBUG    | src.processing.discovery:discover_prompt_files:40 - Found prompt file: 03.layer1_extracted/4/4.9.0/4.9.1/4.9.1.txt
2025-08-26 16:16:34 | DEBUG    | src.processing.discovery:discover_prompt_files:40 - Found prompt file: 03.layer1_extracted/4/4.7.0/4.7.1/4.7.1.txt
2025-08-26 16:16:34 | DEBUG    | src.processing.discovery:discover_prompt_files:40 - Found prompt file: 03.layer1_extracted/1/1.6.0/1.6.1/1.6.1.txt
2025-08-26 16:16:34 | DEBUG    | src.processing.discovery:discover_prompt_files:40 - Found prompt file: 03.layer1_extracted/1/1.2.0/1.2.1/1.2.1.txt
2025-08-26 16:16:34 | DEBUG    | src.processing.discovery:discover_prompt_files:40 - Found prompt file: 03.layer1_extracted/1/1.5.0/1.5.1/1.5.1.txt
2025-08-26 16:16:34 | DEBUG    | src.processing.discovery:discover_prompt_files:40 - Found prompt file: 03.layer1_extracted/1/1.1.0/1.1.1/1.1.1.txt
2025-08-26 16:16:34 | DEBUG    | src.processing.discovery:discover_prompt_files:40 - Found prompt file: 03.layer1_extracted/1/1.4.0/1.4.1/1.4.1.txt
2025-08-26 16:16:34 | DEBUG    | src.processing.discovery:discover_prompt_files:40 - Found prompt file: 03.layer1_extracted/1/1.7.0/1.7.1/1.7.1.txt
2025-08-26 16:16:34 | DEBUG    | src.processing.discovery:discover_prompt_files:40 - Found prompt file: 03.layer1_extracted/1/1.3.0/1.3.1/1.3.1.txt
2025-08-26 16:16:34 | DEBUG    | src.processing.discovery:discover_prompt_files:40 - Found prompt file: 03.layer1_extracted/6/6.6.0/6.6.1/6.6.1.txt
2025-08-26 16:16:34 | DEBUG    | src.processing.discovery:discover_prompt_files:40 - Found prompt file: 03.layer1_extracted/6/6.2.0/6.2.1/6.2.1.txt
2025-08-26 16:16:34 | DEBUG    | src.processing.discovery:discover_prompt_files:40 - Found prompt file: 03.layer1_extracted/6/6.8.0/6.8.1/6.8.1.txt
2025-08-26 16:16:34 | DEBUG    | src.processing.discovery:discover_prompt_files:40 - Found prompt file: 03.layer1_extracted/6/6.10.0/6.10.1/6.10.1.txt
2025-08-26 16:16:34 | DEBUG    | src.processing.discovery:discover_prompt_files:40 - Found prompt file: 03.layer1_extracted/6/6.5.0/6.5.1/6.5.1.txt
2025-08-26 16:16:34 | DEBUG    | src.processing.discovery:discover_prompt_files:40 - Found prompt file: 03.layer1_extracted/6/6.1.0/6.1.1/6.1.1.txt
2025-08-26 16:16:34 | DEBUG    | src.processing.discovery:discover_prompt_files:40 - Found prompt file: 03.layer1_extracted/6/6.11.0/6.11.1/6.11.1.txt
2025-08-26 16:16:34 | DEBUG    | src.processing.discovery:discover_prompt_files:40 - Found prompt file: 03.layer1_extracted/6/6.4.0/6.4.1/6.4.1.txt
2025-08-26 16:16:34 | DEBUG    | src.processing.discovery:discover_prompt_files:40 - Found prompt file: 03.layer1_extracted/6/6.7.0/6.7.1/6.7.1.txt
2025-08-26 16:16:34 | DEBUG    | src.processing.discovery:discover_prompt_files:40 - Found prompt file: 03.layer1_extracted/6/6.9.0/6.9.1/6.9.1.txt
2025-08-26 16:16:34 | DEBUG    | src.processing.discovery:discover_prompt_files:40 - Found prompt file: 03.layer1_extracted/6/6.3.0/6.3.1/6.3.1.txt
2025-08-26 16:16:34 | INFO     | src.processing.discovery:discover_prompt_files:45 - Discovered 56 prompt files
2025-08-26 16:16:34 | DEBUG    | src.processing.discovery:discover_profiles:93 - Loaded profile: USER-FILES/03.PROFILES/seedream_v3_1080p_vertical.yaml
2025-08-26 16:16:34 | INFO     | src.processing.discovery:discover_profiles:97 - Loaded 1 profiles
2025-08-26 16:16:34 | INFO     | src.processing.discovery:get_active_models:128 - Found profile: seedream_v3_1080p_vertical
2025-08-26 16:16:34 | INFO     | src.processing.discovery:get_active_models:133 - Total profiles to process: 1
2025-08-26 16:16:34 | INFO     | src.config.validator:validate_all:26 - All configuration validation passed
2025-08-26 16:16:34 | INFO     | __main__:main:96 - Output directory: USER-FILES/05.OUTPUT/250826_161634
2025-08-26 16:16:34 | INFO     | __main__:main:157 - Starting matrix processing...
2025-08-26 16:16:34 | INFO     | src.processing.processor:process_all:65 - Processing 56 combinations (56 files × 1 profiles)
2025-08-26 16:16:34 | INFO     | src.processing.discovery:load_prompts:63 - Loaded prompt from 1.1.1.txt
2025-08-26 16:16:34 | INFO     | src.processing.processor:process_all:98 - Processing combination 1/56: 03.layer1_extracted/1/1.1.0/1.1.1/1.1.1.txt + seedream_v3_1080p_vertical
2025-08-26 16:16:34 | DEBUG    | src.processing.processor:_process_file_model_combination:162 - Processing 03.layer1_extracted/1/1.1.0/1.1.1/1.1.1.txt: A realistic stock-style photo showing a well-lit, ...
2025-08-26 16:16:34 | DEBUG    | src.api.client:_call_with_retry:100 - API call attempt 1/3
2025-08-26 16:16:57 | DEBUG    | src.api.client:_call_with_retry:113 - API call successful
2025-08-26 16:16:59 | INFO     | src.output.writer:save_image:117 - Saved valid image: USER-FILES/05.OUTPUT/250826_161634/seedream_v3_1080p_vertical/03.layer1_extracted/1/1.1.0/1.1.1/1.1.1_161657_seedream_v3_1080p_vertical_1080x1920.jpeg
2025-08-26 16:16:59 | INFO     | src.processing.processor:_process_file_model_combination:204 - Saved image: 1.1.1_161657_seedream_v3_1080p_vertical_1080x1920.jpeg
2025-08-26 16:16:59 | INFO     | src.processing.discovery:load_prompts:63 - Loaded prompt from 1.2.1.txt
2025-08-26 16:16:59 | INFO     | src.processing.processor:process_all:98 - Processing combination 2/56: 03.layer1_extracted/1/1.2.0/1.2.1/1.2.1.txt + seedream_v3_1080p_vertical
2025-08-26 16:16:59 | DEBUG    | src.processing.processor:_process_file_model_combination:162 - Processing 03.layer1_extracted/1/1.2.0/1.2.1/1.2.1.txt: Realistic stock imagery of three Asian employees i...
2025-08-26 16:16:59 | DEBUG    | src.api.client:_call_with_retry:100 - API call attempt 1/3
2025-08-26 16:17:29 | DEBUG    | src.api.client:_call_with_retry:113 - API call successful
2025-08-26 16:17:31 | INFO     | src.output.writer:save_image:117 - Saved valid image: USER-FILES/05.OUTPUT/250826_161634/seedream_v3_1080p_vertical/03.layer1_extracted/1/1.2.0/1.2.1/1.2.1_161729_seedream_v3_1080p_vertical_1080x1920.jpeg
2025-08-26 16:17:31 | INFO     | src.processing.processor:_process_file_model_combination:204 - Saved image: 1.2.1_161729_seedream_v3_1080p_vertical_1080x1920.jpeg
2025-08-26 16:17:31 | INFO     | src.processing.discovery:load_prompts:63 - Loaded prompt from 1.3.1.txt
2025-08-26 16:17:31 | INFO     | src.processing.processor:process_all:98 - Processing combination 3/56: 03.layer1_extracted/1/1.3.0/1.3.1/1.3.1.txt + seedream_v3_1080p_vertical
2025-08-26 16:17:31 | DEBUG    | src.processing.processor:_process_file_model_combination:162 - Processing 03.layer1_extracted/1/1.3.0/1.3.1/1.3.1.txt: A realistic scene in a glass-walled Japanese meeti...
2025-08-26 16:17:31 | DEBUG    | src.api.client:_call_with_retry:100 - API call attempt 1/3
2025-08-26 16:17:53 | DEBUG    | src.api.client:_call_with_retry:113 - API call successful
2025-08-26 16:17:55 | INFO     | src.output.writer:save_image:117 - Saved valid image: USER-FILES/05.OUTPUT/250826_161634/seedream_v3_1080p_vertical/03.layer1_extracted/1/1.3.0/1.3.1/1.3.1_161753_seedream_v3_1080p_vertical_1080x1920.jpeg
2025-08-26 16:17:55 | INFO     | src.processing.processor:_process_file_model_combination:204 - Saved image: 1.3.1_161753_seedream_v3_1080p_vertical_1080x1920.jpeg
2025-08-26 16:17:55 | INFO     | src.processing.discovery:load_prompts:63 - Loaded prompt from 1.4.1.txt
2025-08-26 16:17:55 | INFO     | src.processing.processor:process_all:98 - Processing combination 4/56: 03.layer1_extracted/1/1.4.0/1.4.1/1.4.1.txt + seedream_v3_1080p_vertical
2025-08-26 16:17:55 | DEBUG    | src.processing.processor:_process_file_model_combination:162 - Processing 03.layer1_extracted/1/1.4.0/1.4.1/1.4.1.txt: A neat, realistic office setting with two Asian te...
2025-08-26 16:17:55 | DEBUG    | src.api.client:_call_with_retry:100 - API call attempt 1/3
2025-08-26 16:18:28 | DEBUG    | src.api.client:_call_with_retry:113 - API call successful
2025-08-26 16:18:30 | INFO     | src.output.writer:save_image:117 - Saved valid image: USER-FILES/05.OUTPUT/250826_161634/seedream_v3_1080p_vertical/03.layer1_extracted/1/1.4.0/1.4.1/1.4.1_161828_seedream_v3_1080p_vertical_1080x1920.jpeg
2025-08-26 16:18:30 | INFO     | src.processing.processor:_process_file_model_combination:204 - Saved image: 1.4.1_161828_seedream_v3_1080p_vertical_1080x1920.jpeg
2025-08-26 16:18:30 | INFO     | src.processing.discovery:load_prompts:63 - Loaded prompt from 1.5.1.txt
2025-08-26 16:18:30 | INFO     | src.processing.processor:process_all:98 - Processing combination 5/56: 03.layer1_extracted/1/1.5.0/1.5.1/1.5.1.txt + seedream_v3_1080p_vertical
2025-08-26 16:18:30 | DEBUG    | src.processing.processor:_process_file_model_combination:162 - Processing 03.layer1_extracted/1/1.5.0/1.5.1/1.5.1.txt: A realistic image of an Asian woman in business ca...
2025-08-26 16:18:30 | DEBUG    | src.api.client:_call_with_retry:100 - API call attempt 1/3
2025-08-26 16:19:03 | DEBUG    | src.api.client:_call_with_retry:113 - API call successful
2025-08-26 16:19:05 | INFO     | src.output.writer:save_image:117 - Saved valid image: USER-FILES/05.OUTPUT/250826_161634/seedream_v3_1080p_vertical/03.layer1_extracted/1/1.5.0/1.5.1/1.5.1_161903_seedream_v3_1080p_vertical_1080x1920.jpeg
2025-08-26 16:19:05 | INFO     | src.processing.processor:_process_file_model_combination:204 - Saved image: 1.5.1_161903_seedream_v3_1080p_vertical_1080x1920.jpeg
2025-08-26 16:19:05 | INFO     | src.processing.discovery:load_prompts:63 - Loaded prompt from 1.6.1.txt
2025-08-26 16:19:05 | INFO     | src.processing.processor:process_all:98 - Processing combination 6/56: 03.layer1_extracted/1/1.6.0/1.6.1/1.6.1.txt + seedream_v3_1080p_vertical
2025-08-26 16:19:05 | DEBUG    | src.processing.processor:_process_file_model_combination:162 - Processing 03.layer1_extracted/1/1.6.0/1.6.1/1.6.1.txt: An over-the-shoulder, realistic view of an Asian p...
2025-08-26 16:19:05 | DEBUG    | src.api.client:_call_with_retry:100 - API call attempt 1/3
2025-08-26 16:19:41 | DEBUG    | src.api.client:_call_with_retry:113 - API call successful
2025-08-26 16:19:44 | INFO     | src.output.writer:save_image:117 - Saved valid image: USER-FILES/05.OUTPUT/250826_161634/seedream_v3_1080p_vertical/03.layer1_extracted/1/1.6.0/1.6.1/1.6.1_161941_seedream_v3_1080p_vertical_1080x1920.jpeg
2025-08-26 16:19:44 | INFO     | src.processing.processor:_process_file_model_combination:204 - Saved image: 1.6.1_161941_seedream_v3_1080p_vertical_1080x1920.jpeg
2025-08-26 16:19:44 | INFO     | src.processing.discovery:load_prompts:63 - Loaded prompt from 1.7.1.txt
2025-08-26 16:19:44 | INFO     | src.processing.processor:process_all:98 - Processing combination 7/56: 03.layer1_extracted/1/1.7.0/1.7.1/1.7.1.txt + seedream_v3_1080p_vertical
2025-08-26 16:19:44 | DEBUG    | src.processing.processor:_process_file_model_combination:162 - Processing 03.layer1_extracted/1/1.7.0/1.7.1/1.7.1.txt: A realistic office scene with three Asian coworker...
2025-08-26 16:19:44 | DEBUG    | src.api.client:_call_with_retry:100 - API call attempt 1/3
2025-08-26 16:20:14 | DEBUG    | src.api.client:_call_with_retry:113 - API call successful
2025-08-26 16:20:16 | INFO     | src.output.writer:save_image:117 - Saved valid image: USER-FILES/05.OUTPUT/250826_161634/seedream_v3_1080p_vertical/03.layer1_extracted/1/1.7.0/1.7.1/1.7.1_162014_seedream_v3_1080p_vertical_1080x1920.jpeg
2025-08-26 16:20:16 | INFO     | src.processing.processor:_process_file_model_combination:204 - Saved image: 1.7.1_162014_seedream_v3_1080p_vertical_1080x1920.jpeg
2025-08-26 16:20:16 | INFO     | src.processing.discovery:load_prompts:63 - Loaded prompt from 2.1.1.txt
2025-08-26 16:20:16 | INFO     | src.processing.processor:process_all:98 - Processing combination 8/56: 03.layer1_extracted/2/2.1.0/2.1.1/2.1.1.txt + seedream_v3_1080p_vertical
2025-08-26 16:20:16 | DEBUG    | src.processing.processor:_process_file_model_combination:162 - Processing 03.layer1_extracted/2/2.1.0/2.1.1/2.1.1.txt: A realistic stock-style photo of a modern Japanese...
2025-08-26 16:20:16 | DEBUG    | src.api.client:_call_with_retry:100 - API call attempt 1/3
2025-08-26 16:20:56 | DEBUG    | src.api.client:_call_with_retry:113 - API call successful
2025-08-26 16:20:58 | INFO     | src.output.writer:save_image:117 - Saved valid image: USER-FILES/05.OUTPUT/250826_161634/seedream_v3_1080p_vertical/03.layer1_extracted/2/2.1.0/2.1.1/2.1.1_162056_seedream_v3_1080p_vertical_1080x1920.jpeg
2025-08-26 16:20:58 | INFO     | src.processing.processor:_process_file_model_combination:204 - Saved image: 2.1.1_162056_seedream_v3_1080p_vertical_1080x1920.jpeg
2025-08-26 16:20:58 | INFO     | src.processing.discovery:load_prompts:63 - Loaded prompt from 2.2.1.txt
2025-08-26 16:20:58 | INFO     | src.processing.processor:process_all:98 - Processing combination 9/56: 03.layer1_extracted/2/2.2.0/2.2.1/2.2.1.txt + seedream_v3_1080p_vertical
2025-08-26 16:20:58 | DEBUG    | src.processing.processor:_process_file_model_combination:162 - Processing 03.layer1_extracted/2/2.2.0/2.2.1/2.2.1.txt: A realistic, well-lit office with two Asian team m...
2025-08-26 16:20:58 | DEBUG    | src.api.client:_call_with_retry:100 - API call attempt 1/3
2025-08-26 16:21:54 | DEBUG    | src.api.client:_call_with_retry:113 - API call successful
2025-08-26 16:21:56 | INFO     | src.output.writer:save_image:117 - Saved valid image: USER-FILES/05.OUTPUT/250826_161634/seedream_v3_1080p_vertical/03.layer1_extracted/2/2.2.0/2.2.1/2.2.1_162154_seedream_v3_1080p_vertical_1080x1920.jpeg
2025-08-26 16:21:56 | INFO     | src.processing.processor:_process_file_model_combination:204 - Saved image: 2.2.1_162154_seedream_v3_1080p_vertical_1080x1920.jpeg
2025-08-26 16:21:56 | INFO     | src.processing.discovery:load_prompts:63 - Loaded prompt from 2.3.1.txt
2025-08-26 16:21:56 | INFO     | src.processing.processor:process_all:98 - Processing combination 10/56: 03.layer1_extracted/2/2.3.0/2.3.1/2.3.1.txt + seedream_v3_1080p_vertical
2025-08-26 16:21:56 | DEBUG    | src.processing.processor:_process_file_model_combination:162 - Processing 03.layer1_extracted/2/2.3.0/2.3.1/2.3.1.txt: A friendly, modern Japanese office setting with tw...
2025-08-26 16:21:56 | DEBUG    | src.api.client:_call_with_retry:100 - API call attempt 1/3
2025-08-26 16:22:50 | DEBUG    | src.api.client:_call_with_retry:113 - API call successful
2025-08-26 16:22:52 | INFO     | src.output.writer:save_image:117 - Saved valid image: USER-FILES/05.OUTPUT/250826_161634/seedream_v3_1080p_vertical/03.layer1_extracted/2/2.3.0/2.3.1/2.3.1_162250_seedream_v3_1080p_vertical_1080x1920.jpeg
2025-08-26 16:22:52 | INFO     | src.processing.processor:_process_file_model_combination:204 - Saved image: 2.3.1_162250_seedream_v3_1080p_vertical_1080x1920.jpeg
2025-08-26 16:22:52 | INFO     | src.processing.discovery:load_prompts:63 - Loaded prompt from 2.4.1.txt
2025-08-26 16:22:52 | INFO     | src.processing.processor:process_all:98 - Processing combination 11/56: 03.layer1_extracted/2/2.4.0/2.4.1/2.4.1.txt + seedream_v3_1080p_vertical
2025-08-26 16:22:52 | DEBUG    | src.processing.processor:_process_file_model_combination:162 - Processing 03.layer1_extracted/2/2.4.0/2.4.1/2.4.1.txt: A close-up shot of two Asian professionals’ hands ...
2025-08-26 16:22:52 | DEBUG    | src.api.client:_call_with_retry:100 - API call attempt 1/3
2025-08-26 16:23:44 | DEBUG    | src.api.client:_call_with_retry:113 - API call successful
2025-08-26 16:23:46 | INFO     | src.output.writer:save_image:117 - Saved valid image: USER-FILES/05.OUTPUT/250826_161634/seedream_v3_1080p_vertical/03.layer1_extracted/2/2.4.0/2.4.1/2.4.1_162344_seedream_v3_1080p_vertical_1080x1920.jpeg
2025-08-26 16:23:46 | INFO     | src.processing.processor:_process_file_model_combination:204 - Saved image: 2.4.1_162344_seedream_v3_1080p_vertical_1080x1920.jpeg
2025-08-26 16:23:46 | INFO     | src.processing.discovery:load_prompts:63 - Loaded prompt from 2.5.1.txt
2025-08-26 16:23:46 | INFO     | src.processing.processor:process_all:98 - Processing combination 12/56: 03.layer1_extracted/2/2.5.0/2.5.1/2.5.1.txt + seedream_v3_1080p_vertical
2025-08-26 16:23:46 | DEBUG    | src.processing.processor:_process_file_model_combination:162 - Processing 03.layer1_extracted/2/2.5.0/2.5.1/2.5.1.txt: A modern, organized Japanese workspace featuring t...
2025-08-26 16:23:46 | DEBUG    | src.api.client:_call_with_retry:100 - API call attempt 1/3
2025-08-26 16:24:40 | DEBUG    | src.api.client:_call_with_retry:113 - API call successful
2025-08-26 16:24:42 | INFO     | src.output.writer:save_image:117 - Saved valid image: USER-FILES/05.OUTPUT/250826_161634/seedream_v3_1080p_vertical/03.layer1_extracted/2/2.5.0/2.5.1/2.5.1_162440_seedream_v3_1080p_vertical_1080x1920.jpeg
2025-08-26 16:24:42 | INFO     | src.processing.processor:_process_file_model_combination:204 - Saved image: 2.5.1_162440_seedream_v3_1080p_vertical_1080x1920.jpeg
2025-08-26 16:24:42 | INFO     | src.processing.discovery:load_prompts:63 - Loaded prompt from 2.6.1.txt
2025-08-26 16:24:42 | INFO     | src.processing.processor:process_all:98 - Processing combination 13/56: 03.layer1_extracted/2/2.6.0/2.6.1/2.6.1.txt + seedream_v3_1080p_vertical
2025-08-26 16:24:42 | DEBUG    | src.processing.processor:_process_file_model_combination:162 - Processing 03.layer1_extracted/2/2.6.0/2.6.1/2.6.1.txt: A bright, minimalist office scene with three Asian...
2025-08-26 16:24:42 | DEBUG    | src.api.client:_call_with_retry:100 - API call attempt 1/3
2025-08-26 16:25:30 | DEBUG    | src.api.client:_call_with_retry:113 - API call successful
2025-08-26 16:25:32 | INFO     | src.output.writer:save_image:117 - Saved valid image: USER-FILES/05.OUTPUT/250826_161634/seedream_v3_1080p_vertical/03.layer1_extracted/2/2.6.0/2.6.1/2.6.1_162530_seedream_v3_1080p_vertical_1080x1920.jpeg
2025-08-26 16:25:32 | INFO     | src.processing.processor:_process_file_model_combination:204 - Saved image: 2.6.1_162530_seedream_v3_1080p_vertical_1080x1920.jpeg
2025-08-26 16:25:32 | INFO     | src.processing.discovery:load_prompts:63 - Loaded prompt from 3.1.1.txt
2025-08-26 16:25:32 | INFO     | src.processing.processor:process_all:98 - Processing combination 14/56: 03.layer1_extracted/3/3.1.0/3.1.1/3.1.1.txt + seedream_v3_1080p_vertical
2025-08-26 16:25:32 | DEBUG    | src.processing.processor:_process_file_model_combination:162 - Processing 03.layer1_extracted/3/3.1.0/3.1.1/3.1.1.txt: A warm, modern Japanese office environment with th...
2025-08-26 16:25:32 | DEBUG    | src.api.client:_call_with_retry:100 - API call attempt 1/3
2025-08-26 16:26:21 | DEBUG    | src.api.client:_call_with_retry:113 - API call successful
2025-08-26 16:26:23 | INFO     | src.output.writer:save_image:117 - Saved valid image: USER-FILES/05.OUTPUT/250826_161634/seedream_v3_1080p_vertical/03.layer1_extracted/3/3.1.0/3.1.1/3.1.1_162621_seedream_v3_1080p_vertical_1080x1920.jpeg
2025-08-26 16:26:23 | INFO     | src.processing.processor:_process_file_model_combination:204 - Saved image: 3.1.1_162621_seedream_v3_1080p_vertical_1080x1920.jpeg
2025-08-26 16:26:23 | INFO     | src.processing.discovery:load_prompts:63 - Loaded prompt from 3.2.1.txt
2025-08-26 16:26:23 | INFO     | src.processing.processor:process_all:98 - Processing combination 15/56: 03.layer1_extracted/3/3.2.0/3.2.1/3.2.1.txt + seedream_v3_1080p_vertical
2025-08-26 16:26:23 | DEBUG    | src.processing.processor:_process_file_model_combination:162 - Processing 03.layer1_extracted/3/3.2.0/3.2.1/3.2.1.txt: A realistic close-up of two Asian team leads in bu...
2025-08-26 16:26:23 | DEBUG    | src.api.client:_call_with_retry:100 - API call attempt 1/3
2025-08-26 16:27:11 | DEBUG    | src.api.client:_call_with_retry:113 - API call successful
2025-08-26 16:27:12 | INFO     | src.output.writer:save_image:117 - Saved valid image: USER-FILES/05.OUTPUT/250826_161634/seedream_v3_1080p_vertical/03.layer1_extracted/3/3.2.0/3.2.1/3.2.1_162711_seedream_v3_1080p_vertical_1080x1920.jpeg
2025-08-26 16:27:12 | INFO     | src.processing.processor:_process_file_model_combination:204 - Saved image: 3.2.1_162711_seedream_v3_1080p_vertical_1080x1920.jpeg
2025-08-26 16:27:12 | INFO     | src.processing.discovery:load_prompts:63 - Loaded prompt from 3.3.1.txt
2025-08-26 16:27:12 | INFO     | src.processing.processor:process_all:98 - Processing combination 16/56: 03.layer1_extracted/3/3.3.0/3.3.1/3.3.1.txt + seedream_v3_1080p_vertical
2025-08-26 16:27:12 | DEBUG    | src.processing.processor:_process_file_model_combination:162 - Processing 03.layer1_extracted/3/3.3.0/3.3.1/3.3.1.txt: A well-lit, contemporary office featuring two Asia...
2025-08-26 16:27:12 | DEBUG    | src.api.client:_call_with_retry:100 - API call attempt 1/3
2025-08-26 16:28:05 | DEBUG    | src.api.client:_call_with_retry:113 - API call successful
2025-08-26 16:28:07 | INFO     | src.output.writer:save_image:117 - Saved valid image: USER-FILES/05.OUTPUT/250826_161634/seedream_v3_1080p_vertical/03.layer1_extracted/3/3.3.0/3.3.1/3.3.1_162805_seedream_v3_1080p_vertical_1080x1920.jpeg
2025-08-26 16:28:07 | INFO     | src.processing.processor:_process_file_model_combination:204 - Saved image: 3.3.1_162805_seedream_v3_1080p_vertical_1080x1920.jpeg
2025-08-26 16:28:07 | INFO     | src.processing.discovery:load_prompts:63 - Loaded prompt from 3.4.1.txt
2025-08-26 16:28:07 | INFO     | src.processing.processor:process_all:98 - Processing combination 17/56: 03.layer1_extracted/3/3.4.0/3.4.1/3.4.1.txt + seedream_v3_1080p_vertical
2025-08-26 16:28:07 | DEBUG    | src.processing.processor:_process_file_model_combination:162 - Processing 03.layer1_extracted/3/3.4.0/3.4.1/3.4.1.txt: A realistic shot of two Asian coworkers in busines...
2025-08-26 16:28:07 | DEBUG    | src.api.client:_call_with_retry:100 - API call attempt 1/3
2025-08-26 16:28:58 | DEBUG    | src.api.client:_call_with_retry:113 - API call successful
2025-08-26 16:29:01 | INFO     | src.output.writer:save_image:117 - Saved valid image: USER-FILES/05.OUTPUT/250826_161634/seedream_v3_1080p_vertical/03.layer1_extracted/3/3.4.0/3.4.1/3.4.1_162858_seedream_v3_1080p_vertical_1080x1920.jpeg
2025-08-26 16:29:01 | INFO     | src.processing.processor:_process_file_model_combination:204 - Saved image: 3.4.1_162858_seedream_v3_1080p_vertical_1080x1920.jpeg
2025-08-26 16:29:01 | INFO     | src.processing.discovery:load_prompts:63 - Loaded prompt from 3.5.1.txt
2025-08-26 16:29:01 | INFO     | src.processing.processor:process_all:98 - Processing combination 18/56: 03.layer1_extracted/3/3.5.0/3.5.1/3.5.1.txt + seedream_v3_1080p_vertical
2025-08-26 16:29:01 | DEBUG    | src.processing.processor:_process_file_model_combination:162 - Processing 03.layer1_extracted/3/3.5.0/3.5.1/3.5.1.txt: A modern Japanese office close-up with two mid-car...
2025-08-26 16:29:01 | DEBUG    | src.api.client:_call_with_retry:100 - API call attempt 1/3
2025-08-26 16:29:56 | DEBUG    | src.api.client:_call_with_retry:113 - API call successful
2025-08-26 16:29:58 | INFO     | src.output.writer:save_image:117 - Saved valid image: USER-FILES/05.OUTPUT/250826_161634/seedream_v3_1080p_vertical/03.layer1_extracted/3/3.5.0/3.5.1/3.5.1_162956_seedream_v3_1080p_vertical_1080x1920.jpeg
2025-08-26 16:29:58 | INFO     | src.processing.processor:_process_file_model_combination:204 - Saved image: 3.5.1_162956_seedream_v3_1080p_vertical_1080x1920.jpeg
2025-08-26 16:29:58 | INFO     | src.processing.discovery:load_prompts:63 - Loaded prompt from 3.6.1.txt
2025-08-26 16:29:58 | INFO     | src.processing.processor:process_all:98 - Processing combination 19/56: 03.layer1_extracted/3/3.6.0/3.6.1/3.6.1.txt + seedream_v3_1080p_vertical
2025-08-26 16:29:58 | DEBUG    | src.processing.processor:_process_file_model_combination:162 - Processing 03.layer1_extracted/3/3.6.0/3.6.1/3.6.1.txt: A bright, orderly workspace with three Asian cowor...
2025-08-26 16:29:58 | DEBUG    | src.api.client:_call_with_retry:100 - API call attempt 1/3
2025-08-26 16:32:09 | DEBUG    | src.api.client:_call_with_retry:113 - API call successful
2025-08-26 16:32:11 | INFO     | src.output.writer:save_image:117 - Saved valid image: USER-FILES/05.OUTPUT/250826_161634/seedream_v3_1080p_vertical/03.layer1_extracted/3/3.6.0/3.6.1/3.6.1_163209_seedream_v3_1080p_vertical_1080x1920.jpeg
2025-08-26 16:32:11 | INFO     | src.processing.processor:_process_file_model_combination:204 - Saved image: 3.6.1_163209_seedream_v3_1080p_vertical_1080x1920.jpeg
2025-08-26 16:32:11 | INFO     | src.processing.discovery:load_prompts:63 - Loaded prompt from 3.7.1.txt
2025-08-26 16:32:11 | INFO     | src.processing.processor:process_all:98 - Processing combination 20/56: 03.layer1_extracted/3/3.7.0/3.7.1/3.7.1.txt + seedream_v3_1080p_vertical
2025-08-26 16:32:11 | DEBUG    | src.processing.processor:_process_file_model_combination:162 - Processing 03.layer1_extracted/3/3.7.0/3.7.1/3.7.1.txt: A neutral, clutter-free office area showing two As...
2025-08-26 16:32:11 | DEBUG    | src.api.client:_call_with_retry:100 - API call attempt 1/3
2025-08-26 16:33:12 | DEBUG    | src.api.client:_call_with_retry:113 - API call successful
2025-08-26 16:33:14 | INFO     | src.output.writer:save_image:117 - Saved valid image: USER-FILES/05.OUTPUT/250826_161634/seedream_v3_1080p_vertical/03.layer1_extracted/3/3.7.0/3.7.1/3.7.1_163312_seedream_v3_1080p_vertical_1080x1920.jpeg
2025-08-26 16:33:14 | INFO     | src.processing.processor:_process_file_model_combination:204 - Saved image: 3.7.1_163312_seedream_v3_1080p_vertical_1080x1920.jpeg
2025-08-26 16:33:14 | INFO     | src.processing.discovery:load_prompts:63 - Loaded prompt from 3.8.1.txt
2025-08-26 16:33:14 | INFO     | src.processing.processor:process_all:98 - Processing combination 21/56: 03.layer1_extracted/3/3.8.0/3.8.1/3.8.1.txt + seedream_v3_1080p_vertical
2025-08-26 16:33:14 | DEBUG    | src.processing.processor:_process_file_model_combination:162 - Processing 03.layer1_extracted/3/3.8.0/3.8.1/3.8.1.txt: A clear, hopeful Japanese office scene: three Asia...
2025-08-26 16:33:14 | DEBUG    | src.api.client:_call_with_retry:100 - API call attempt 1/3
2025-08-26 16:34:21 | DEBUG    | src.api.client:_call_with_retry:113 - API call successful
2025-08-26 16:34:24 | INFO     | src.output.writer:save_image:117 - Saved valid image: USER-FILES/05.OUTPUT/250826_161634/seedream_v3_1080p_vertical/03.layer1_extracted/3/3.8.0/3.8.1/3.8.1_163421_seedream_v3_1080p_vertical_1080x1920.jpeg
2025-08-26 16:34:24 | INFO     | src.processing.processor:_process_file_model_combination:204 - Saved image: 3.8.1_163421_seedream_v3_1080p_vertical_1080x1920.jpeg
2025-08-26 16:34:24 | INFO     | src.processing.discovery:load_prompts:63 - Loaded prompt from 3.9.1.txt
2025-08-26 16:34:24 | INFO     | src.processing.processor:process_all:98 - Processing combination 22/56: 03.layer1_extracted/3/3.9.0/3.9.1/3.9.1.txt + seedream_v3_1080p_vertical
2025-08-26 16:34:24 | DEBUG    | src.processing.processor:_process_file_model_combination:162 - Processing 03.layer1_extracted/3/3.9.0/3.9.1/3.9.1.txt: A collaborative, clean tabletop meeting shot with ...
2025-08-26 16:34:24 | DEBUG    | src.api.client:_call_with_retry:100 - API call attempt 1/3
2025-08-26 16:35:23 | DEBUG    | src.api.client:_call_with_retry:113 - API call successful
2025-08-26 16:35:26 | INFO     | src.output.writer:save_image:117 - Saved valid image: USER-FILES/05.OUTPUT/250826_161634/seedream_v3_1080p_vertical/03.layer1_extracted/3/3.9.0/3.9.1/3.9.1_163523_seedream_v3_1080p_vertical_1080x1920.jpeg
2025-08-26 16:35:26 | INFO     | src.processing.processor:_process_file_model_combination:204 - Saved image: 3.9.1_163523_seedream_v3_1080p_vertical_1080x1920.jpeg
2025-08-26 16:35:26 | INFO     | src.processing.discovery:load_prompts:63 - Loaded prompt from 3.10.1.txt
2025-08-26 16:35:26 | INFO     | src.processing.processor:process_all:98 - Processing combination 23/56: 03.layer1_extracted/3/3.10.0/3.10.1/3.10.1.txt + seedream_v3_1080p_vertical
2025-08-26 16:35:26 | DEBUG    | src.processing.processor:_process_file_model_combination:162 - Processing 03.layer1_extracted/3/3.10.0/3.10.1/3.10.1.txt: A welcoming, sunlight-filled conference room with ...
2025-08-26 16:35:26 | DEBUG    | src.api.client:_call_with_retry:100 - API call attempt 1/3
2025-08-26 16:36:26 | DEBUG    | src.api.client:_call_with_retry:113 - API call successful
2025-08-26 16:36:29 | INFO     | src.output.writer:save_image:117 - Saved valid image: USER-FILES/05.OUTPUT/250826_161634/seedream_v3_1080p_vertical/03.layer1_extracted/3/3.10.0/3.10.1/3.10.1_163626_seedream_v3_1080p_vertical_1080x1920.jpeg
2025-08-26 16:36:29 | INFO     | src.processing.processor:_process_file_model_combination:204 - Saved image: 3.10.1_163626_seedream_v3_1080p_vertical_1080x1920.jpeg
2025-08-26 16:36:29 | INFO     | src.processing.discovery:load_prompts:63 - Loaded prompt from 3.11.1.txt
2025-08-26 16:36:29 | INFO     | src.processing.processor:process_all:98 - Processing combination 24/56: 03.layer1_extracted/3/3.11.0/3.11.1/3.11.1.txt + seedream_v3_1080p_vertical
2025-08-26 16:36:29 | DEBUG    | src.processing.processor:_process_file_model_combination:162 - Processing 03.layer1_extracted/3/3.11.0/3.11.1/3.11.1.txt: A modern Japanese office setting with two Asian pr...
2025-08-26 16:36:29 | DEBUG    | src.api.client:_call_with_retry:100 - API call attempt 1/3
2025-08-26 16:37:21 | DEBUG    | src.api.client:_call_with_retry:113 - API call successful
2025-08-26 16:37:23 | INFO     | src.output.writer:save_image:117 - Saved valid image: USER-FILES/05.OUTPUT/250826_161634/seedream_v3_1080p_vertical/03.layer1_extracted/3/3.11.0/3.11.1/3.11.1_163721_seedream_v3_1080p_vertical_1080x1920.jpeg
2025-08-26 16:37:23 | INFO     | src.processing.processor:_process_file_model_combination:204 - Saved image: 3.11.1_163721_seedream_v3_1080p_vertical_1080x1920.jpeg
2025-08-26 16:37:23 | INFO     | src.processing.discovery:load_prompts:63 - Loaded prompt from 4.1.1.txt
2025-08-26 16:37:23 | INFO     | src.processing.processor:process_all:98 - Processing combination 25/56: 03.layer1_extracted/4/4.1.0/4.1.1/4.1.1.txt + seedream_v3_1080p_vertical
2025-08-26 16:37:23 | DEBUG    | src.processing.processor:_process_file_model_combination:162 - Processing 03.layer1_extracted/4/4.1.0/4.1.1/4.1.1.txt: A realistic, well-lit Japanese office scene with t...
2025-08-26 16:37:23 | DEBUG    | src.api.client:_call_with_retry:100 - API call attempt 1/3
2025-08-26 16:38:11 | DEBUG    | src.api.client:_call_with_retry:113 - API call successful
2025-08-26 16:38:13 | INFO     | src.output.writer:save_image:117 - Saved valid image: USER-FILES/05.OUTPUT/250826_161634/seedream_v3_1080p_vertical/03.layer1_extracted/4/4.1.0/4.1.1/4.1.1_163811_seedream_v3_1080p_vertical_1080x1920.jpeg
2025-08-26 16:38:13 | INFO     | src.processing.processor:_process_file_model_combination:204 - Saved image: 4.1.1_163811_seedream_v3_1080p_vertical_1080x1920.jpeg
2025-08-26 16:38:13 | INFO     | src.processing.discovery:load_prompts:63 - Loaded prompt from 4.2.1.txt
2025-08-26 16:38:13 | INFO     | src.processing.processor:process_all:98 - Processing combination 26/56: 03.layer1_extracted/4/4.2.0/4.2.1/4.2.1.txt + seedream_v3_1080p_vertical
2025-08-26 16:38:13 | DEBUG    | src.processing.processor:_process_file_model_combination:162 - Processing 03.layer1_extracted/4/4.2.0/4.2.1/4.2.1.txt: A modern conference room with two Asian team leads...
2025-08-26 16:38:13 | DEBUG    | src.api.client:_call_with_retry:100 - API call attempt 1/3
2025-08-26 16:39:22 | DEBUG    | src.api.client:_call_with_retry:113 - API call successful
2025-08-26 16:39:25 | INFO     | src.output.writer:save_image:117 - Saved valid image: USER-FILES/05.OUTPUT/250826_161634/seedream_v3_1080p_vertical/03.layer1_extracted/4/4.2.0/4.2.1/4.2.1_163922_seedream_v3_1080p_vertical_1080x1920.jpeg
2025-08-26 16:39:25 | INFO     | src.processing.processor:_process_file_model_combination:204 - Saved image: 4.2.1_163922_seedream_v3_1080p_vertical_1080x1920.jpeg
2025-08-26 16:39:25 | INFO     | src.processing.discovery:load_prompts:63 - Loaded prompt from 4.3.1.txt
2025-08-26 16:39:25 | INFO     | src.processing.processor:process_all:98 - Processing combination 27/56: 03.layer1_extracted/4/4.3.0/4.3.1/4.3.1.txt + seedream_v3_1080p_vertical
2025-08-26 16:39:25 | DEBUG    | src.processing.processor:_process_file_model_combination:162 - Processing 03.layer1_extracted/4/4.3.0/4.3.1/4.3.1.txt: A bright, modern meeting area with three Asian pro...
2025-08-26 16:39:25 | DEBUG    | src.api.client:_call_with_retry:100 - API call attempt 1/3
2025-08-26 16:40:30 | DEBUG    | src.api.client:_call_with_retry:113 - API call successful
2025-08-26 16:40:33 | INFO     | src.output.writer:save_image:117 - Saved valid image: USER-FILES/05.OUTPUT/250826_161634/seedream_v3_1080p_vertical/03.layer1_extracted/4/4.3.0/4.3.1/4.3.1_164030_seedream_v3_1080p_vertical_1080x1920.jpeg
2025-08-26 16:40:33 | INFO     | src.processing.processor:_process_file_model_combination:204 - Saved image: 4.3.1_164030_seedream_v3_1080p_vertical_1080x1920.jpeg
2025-08-26 16:40:33 | INFO     | src.processing.discovery:load_prompts:63 - Loaded prompt from 4.4.1.txt
2025-08-26 16:40:33 | INFO     | src.processing.processor:process_all:98 - Processing combination 28/56: 03.layer1_extracted/4/4.4.0/4.4.1/4.4.1.txt + seedream_v3_1080p_vertical
2025-08-26 16:40:33 | DEBUG    | src.processing.processor:_process_file_model_combination:162 - Processing 03.layer1_extracted/4/4.4.0/4.4.1/4.4.1.txt: A boardroom environment with two mid-career Asian ...
2025-08-26 16:40:33 | DEBUG    | src.api.client:_call_with_retry:100 - API call attempt 1/3
2025-08-26 16:41:29 | DEBUG    | src.api.client:_call_with_retry:113 - API call successful
2025-08-26 16:41:31 | INFO     | src.output.writer:save_image:117 - Saved valid image: USER-FILES/05.OUTPUT/250826_161634/seedream_v3_1080p_vertical/03.layer1_extracted/4/4.4.0/4.4.1/4.4.1_164129_seedream_v3_1080p_vertical_1080x1920.jpeg
2025-08-26 16:41:31 | INFO     | src.processing.processor:_process_file_model_combination:204 - Saved image: 4.4.1_164129_seedream_v3_1080p_vertical_1080x1920.jpeg
2025-08-26 16:41:31 | INFO     | src.processing.discovery:load_prompts:63 - Loaded prompt from 4.5.1.txt
2025-08-26 16:41:31 | INFO     | src.processing.processor:process_all:98 - Processing combination 29/56: 03.layer1_extracted/4/4.5.0/4.5.1/4.5.1.txt + seedream_v3_1080p_vertical
2025-08-26 16:41:31 | DEBUG    | src.processing.processor:_process_file_model_combination:162 - Processing 03.layer1_extracted/4/4.5.0/4.5.1/4.5.1.txt: A simple modern Japanese office scene: two Asian p...
2025-08-26 16:41:31 | DEBUG    | src.api.client:_call_with_retry:100 - API call attempt 1/3
2025-08-26 16:42:24 | DEBUG    | src.api.client:_call_with_retry:113 - API call successful
2025-08-26 16:42:26 | INFO     | src.output.writer:save_image:117 - Saved valid image: USER-FILES/05.OUTPUT/250826_161634/seedream_v3_1080p_vertical/03.layer1_extracted/4/4.5.0/4.5.1/4.5.1_164224_seedream_v3_1080p_vertical_1080x1920.jpeg
2025-08-26 16:42:26 | INFO     | src.processing.processor:_process_file_model_combination:204 - Saved image: 4.5.1_164224_seedream_v3_1080p_vertical_1080x1920.jpeg
2025-08-26 16:42:26 | INFO     | src.processing.discovery:load_prompts:63 - Loaded prompt from 4.6.1.txt
2025-08-26 16:42:26 | INFO     | src.processing.processor:process_all:98 - Processing combination 30/56: 03.layer1_extracted/4/4.6.0/4.6.1/4.6.1.txt + seedream_v3_1080p_vertical
2025-08-26 16:42:26 | DEBUG    | src.processing.processor:_process_file_model_combination:162 - Processing 03.layer1_extracted/4/4.6.0/4.6.1/4.6.1.txt: A softly lit Japanese workspace with two Asian tea...
2025-08-26 16:42:26 | DEBUG    | src.api.client:_call_with_retry:100 - API call attempt 1/3
2025-08-26 16:43:13 | DEBUG    | src.api.client:_call_with_retry:113 - API call successful
2025-08-26 16:43:16 | INFO     | src.output.writer:save_image:117 - Saved valid image: USER-FILES/05.OUTPUT/250826_161634/seedream_v3_1080p_vertical/03.layer1_extracted/4/4.6.0/4.6.1/4.6.1_164313_seedream_v3_1080p_vertical_1080x1920.jpeg
2025-08-26 16:43:16 | INFO     | src.processing.processor:_process_file_model_combination:204 - Saved image: 4.6.1_164313_seedream_v3_1080p_vertical_1080x1920.jpeg
2025-08-26 16:43:16 | INFO     | src.processing.discovery:load_prompts:63 - Loaded prompt from 4.7.1.txt
2025-08-26 16:43:16 | INFO     | src.processing.processor:process_all:98 - Processing combination 31/56: 03.layer1_extracted/4/4.7.0/4.7.1/4.7.1.txt + seedream_v3_1080p_vertical
2025-08-26 16:43:16 | DEBUG    | src.processing.processor:_process_file_model_combination:162 - Processing 03.layer1_extracted/4/4.7.0/4.7.1/4.7.1.txt: A modern open office with two Asian professionals,...
2025-08-26 16:43:16 | DEBUG    | src.api.client:_call_with_retry:100 - API call attempt 1/3
2025-08-26 16:43:55 | DEBUG    | src.api.client:_call_with_retry:113 - API call successful
2025-08-26 16:43:58 | INFO     | src.output.writer:save_image:117 - Saved valid image: USER-FILES/05.OUTPUT/250826_161634/seedream_v3_1080p_vertical/03.layer1_extracted/4/4.7.0/4.7.1/4.7.1_164355_seedream_v3_1080p_vertical_1080x1920.jpeg
2025-08-26 16:43:58 | INFO     | src.processing.processor:_process_file_model_combination:204 - Saved image: 4.7.1_164355_seedream_v3_1080p_vertical_1080x1920.jpeg
2025-08-26 16:43:58 | INFO     | src.processing.discovery:load_prompts:63 - Loaded prompt from 4.8.1.txt
2025-08-26 16:43:58 | INFO     | src.processing.processor:process_all:98 - Processing combination 32/56: 03.layer1_extracted/4/4.8.0/4.8.1/4.8.1.txt + seedream_v3_1080p_vertical
2025-08-26 16:43:58 | DEBUG    | src.processing.processor:_process_file_model_combination:162 - Processing 03.layer1_extracted/4/4.8.0/4.8.1/4.8.1.txt: A contemporary Japanese office with three Asian te...
2025-08-26 16:43:58 | DEBUG    | src.api.client:_call_with_retry:100 - API call attempt 1/3
2025-08-26 16:44:40 | DEBUG    | src.api.client:_call_with_retry:113 - API call successful
2025-08-26 16:44:43 | INFO     | src.output.writer:save_image:117 - Saved valid image: USER-FILES/05.OUTPUT/250826_161634/seedream_v3_1080p_vertical/03.layer1_extracted/4/4.8.0/4.8.1/4.8.1_164440_seedream_v3_1080p_vertical_1080x1920.jpeg
2025-08-26 16:44:43 | INFO     | src.processing.processor:_process_file_model_combination:204 - Saved image: 4.8.1_164440_seedream_v3_1080p_vertical_1080x1920.jpeg
2025-08-26 16:44:43 | INFO     | src.processing.discovery:load_prompts:63 - Loaded prompt from 4.9.1.txt
2025-08-26 16:44:43 | INFO     | src.processing.processor:process_all:98 - Processing combination 33/56: 03.layer1_extracted/4/4.9.0/4.9.1/4.9.1.txt + seedream_v3_1080p_vertical
2025-08-26 16:44:43 | DEBUG    | src.processing.processor:_process_file_model_combination:162 - Processing 03.layer1_extracted/4/4.9.0/4.9.1/4.9.1.txt: A supportive Japanese office scene with one senior...
2025-08-26 16:44:43 | DEBUG    | src.api.client:_call_with_retry:100 - API call attempt 1/3
2025-08-26 16:45:45 | DEBUG    | src.api.client:_call_with_retry:113 - API call successful
2025-08-26 16:45:48 | INFO     | src.output.writer:save_image:117 - Saved valid image: USER-FILES/05.OUTPUT/250826_161634/seedream_v3_1080p_vertical/03.layer1_extracted/4/4.9.0/4.9.1/4.9.1_164545_seedream_v3_1080p_vertical_1080x1920.jpeg
2025-08-26 16:45:48 | INFO     | src.processing.processor:_process_file_model_combination:204 - Saved image: 4.9.1_164545_seedream_v3_1080p_vertical_1080x1920.jpeg
2025-08-26 16:45:48 | INFO     | src.processing.discovery:load_prompts:63 - Loaded prompt from 4.10.1.txt
2025-08-26 16:45:48 | INFO     | src.processing.processor:process_all:98 - Processing combination 34/56: 03.layer1_extracted/4/4.10.0/4.10.1/4.10.1.txt + seedream_v3_1080p_vertical
2025-08-26 16:45:48 | DEBUG    | src.processing.processor:_process_file_model_combination:162 - Processing 03.layer1_extracted/4/4.10.0/4.10.1/4.10.1.txt: A modern boardroom, with an Asian project leader c...
2025-08-26 16:45:48 | DEBUG    | src.api.client:_call_with_retry:100 - API call attempt 1/3
2025-08-26 16:46:57 | DEBUG    | src.api.client:_call_with_retry:113 - API call successful
2025-08-26 16:46:59 | INFO     | src.output.writer:save_image:117 - Saved valid image: USER-FILES/05.OUTPUT/250826_161634/seedream_v3_1080p_vertical/03.layer1_extracted/4/4.10.0/4.10.1/4.10.1_164657_seedream_v3_1080p_vertical_1080x1920.jpeg
2025-08-26 16:46:59 | INFO     | src.processing.processor:_process_file_model_combination:204 - Saved image: 4.10.1_164657_seedream_v3_1080p_vertical_1080x1920.jpeg
2025-08-26 16:46:59 | INFO     | src.processing.discovery:load_prompts:63 - Loaded prompt from 4.11.1.txt
2025-08-26 16:46:59 | INFO     | src.processing.processor:process_all:98 - Processing combination 35/56: 03.layer1_extracted/4/4.11.0/4.11.1/4.11.1.txt + seedream_v3_1080p_vertical
2025-08-26 16:46:59 | DEBUG    | src.processing.processor:_process_file_model_combination:162 - Processing 03.layer1_extracted/4/4.11.0/4.11.1/4.11.1.txt: A bright, inviting Japanese business environment s...
2025-08-26 16:46:59 | DEBUG    | src.api.client:_call_with_retry:100 - API call attempt 1/3
2025-08-26 16:48:09 | DEBUG    | src.api.client:_call_with_retry:113 - API call successful
2025-08-26 16:48:11 | INFO     | src.output.writer:save_image:117 - Saved valid image: USER-FILES/05.OUTPUT/250826_161634/seedream_v3_1080p_vertical/03.layer1_extracted/4/4.11.0/4.11.1/4.11.1_164809_seedream_v3_1080p_vertical_1080x1920.jpeg
2025-08-26 16:48:11 | INFO     | src.processing.processor:_process_file_model_combination:204 - Saved image: 4.11.1_164809_seedream_v3_1080p_vertical_1080x1920.jpeg
2025-08-26 16:48:11 | INFO     | src.processing.discovery:load_prompts:63 - Loaded prompt from 5.1.1.txt
2025-08-26 16:48:11 | INFO     | src.processing.processor:process_all:98 - Processing combination 36/56: 03.layer1_extracted/5/5.1.0/5.1.1/5.1.1.txt + seedream_v3_1080p_vertical
2025-08-26 16:48:11 | DEBUG    | src.processing.processor:_process_file_model_combination:162 - Processing 03.layer1_extracted/5/5.1.0/5.1.1/5.1.1.txt: A realistic, well-lit Japanese office scene with t...
2025-08-26 16:48:11 | DEBUG    | src.api.client:_call_with_retry:100 - API call attempt 1/3
2025-08-26 16:49:19 | DEBUG    | src.api.client:_call_with_retry:113 - API call successful
2025-08-26 16:49:21 | INFO     | src.output.writer:save_image:117 - Saved valid image: USER-FILES/05.OUTPUT/250826_161634/seedream_v3_1080p_vertical/03.layer1_extracted/5/5.1.0/5.1.1/5.1.1_164919_seedream_v3_1080p_vertical_1080x1920.jpeg
2025-08-26 16:49:21 | INFO     | src.processing.processor:_process_file_model_combination:204 - Saved image: 5.1.1_164919_seedream_v3_1080p_vertical_1080x1920.jpeg
2025-08-26 16:49:21 | INFO     | src.processing.discovery:load_prompts:63 - Loaded prompt from 5.2.1.txt
2025-08-26 16:49:21 | INFO     | src.processing.processor:process_all:98 - Processing combination 37/56: 03.layer1_extracted/5/5.2.0/5.2.1/5.2.1.txt + seedream_v3_1080p_vertical
2025-08-26 16:49:21 | DEBUG    | src.processing.processor:_process_file_model_combination:162 - Processing 03.layer1_extracted/5/5.2.0/5.2.1/5.2.1.txt: A modern, bright office meeting space featuring tw...
2025-08-26 16:49:21 | DEBUG    | src.api.client:_call_with_retry:100 - API call attempt 1/3
2025-08-26 16:51:30 | DEBUG    | src.api.client:_call_with_retry:113 - API call successful
2025-08-26 16:51:33 | INFO     | src.output.writer:save_image:117 - Saved valid image: USER-FILES/05.OUTPUT/250826_161634/seedream_v3_1080p_vertical/03.layer1_extracted/5/5.2.0/5.2.1/5.2.1_165130_seedream_v3_1080p_vertical_1080x1920.jpeg
2025-08-26 16:51:33 | INFO     | src.processing.processor:_process_file_model_combination:204 - Saved image: 5.2.1_165130_seedream_v3_1080p_vertical_1080x1920.jpeg
2025-08-26 16:51:33 | INFO     | src.processing.discovery:load_prompts:63 - Loaded prompt from 5.3.1.txt
2025-08-26 16:51:33 | INFO     | src.processing.processor:process_all:98 - Processing combination 38/56: 03.layer1_extracted/5/5.3.0/5.3.1/5.3.1.txt + seedream_v3_1080p_vertical
2025-08-26 16:51:33 | DEBUG    | src.processing.processor:_process_file_model_combination:162 - Processing 03.layer1_extracted/5/5.3.0/5.3.1/5.3.1.txt: A close-up of two Asian professionals standing in ...
2025-08-26 16:51:33 | DEBUG    | src.api.client:_call_with_retry:100 - API call attempt 1/3
2025-08-26 16:52:39 | DEBUG    | src.api.client:_call_with_retry:113 - API call successful
2025-08-26 16:52:41 | INFO     | src.output.writer:save_image:117 - Saved valid image: USER-FILES/05.OUTPUT/250826_161634/seedream_v3_1080p_vertical/03.layer1_extracted/5/5.3.0/5.3.1/5.3.1_165239_seedream_v3_1080p_vertical_1080x1920.jpeg
2025-08-26 16:52:41 | INFO     | src.processing.processor:_process_file_model_combination:204 - Saved image: 5.3.1_165239_seedream_v3_1080p_vertical_1080x1920.jpeg
2025-08-26 16:52:41 | INFO     | src.processing.discovery:load_prompts:63 - Loaded prompt from 5.4.1.txt
2025-08-26 16:52:41 | INFO     | src.processing.processor:process_all:98 - Processing combination 39/56: 03.layer1_extracted/5/5.4.0/5.4.1/5.4.1.txt + seedream_v3_1080p_vertical
2025-08-26 16:52:41 | DEBUG    | src.processing.processor:_process_file_model_combination:162 - Processing 03.layer1_extracted/5/5.4.0/5.4.1/5.4.1.txt: An organized, realistic office with two Asian empl...
2025-08-26 16:52:41 | DEBUG    | src.api.client:_call_with_retry:100 - API call attempt 1/3
2025-08-26 16:53:50 | DEBUG    | src.api.client:_call_with_retry:113 - API call successful
2025-08-26 16:53:53 | INFO     | src.output.writer:save_image:117 - Saved valid image: USER-FILES/05.OUTPUT/250826_161634/seedream_v3_1080p_vertical/03.layer1_extracted/5/5.4.0/5.4.1/5.4.1_165350_seedream_v3_1080p_vertical_1080x1920.jpeg
2025-08-26 16:53:53 | INFO     | src.processing.processor:_process_file_model_combination:204 - Saved image: 5.4.1_165350_seedream_v3_1080p_vertical_1080x1920.jpeg
2025-08-26 16:53:53 | INFO     | src.processing.discovery:load_prompts:63 - Loaded prompt from 5.5.1.txt
2025-08-26 16:53:53 | INFO     | src.processing.processor:process_all:98 - Processing combination 40/56: 03.layer1_extracted/5/5.5.0/5.5.1/5.5.1.txt + seedream_v3_1080p_vertical
2025-08-26 16:53:53 | DEBUG    | src.processing.processor:_process_file_model_combination:162 - Processing 03.layer1_extracted/5/5.5.0/5.5.1/5.5.1.txt: A bright, modern boardroom where three Asian profe...
2025-08-26 16:53:53 | DEBUG    | src.api.client:_call_with_retry:100 - API call attempt 1/3
2025-08-26 16:54:59 | DEBUG    | src.api.client:_call_with_retry:113 - API call successful
2025-08-26 16:55:02 | INFO     | src.output.writer:save_image:117 - Saved valid image: USER-FILES/05.OUTPUT/250826_161634/seedream_v3_1080p_vertical/03.layer1_extracted/5/5.5.0/5.5.1/5.5.1_165459_seedream_v3_1080p_vertical_1080x1920.jpeg
2025-08-26 16:55:02 | INFO     | src.processing.processor:_process_file_model_combination:204 - Saved image: 5.5.1_165459_seedream_v3_1080p_vertical_1080x1920.jpeg
2025-08-26 16:55:02 | INFO     | src.processing.discovery:load_prompts:63 - Loaded prompt from 5.6.1.txt
2025-08-26 16:55:02 | INFO     | src.processing.processor:process_all:98 - Processing combination 41/56: 03.layer1_extracted/5/5.6.0/5.6.1/5.6.1.txt + seedream_v3_1080p_vertical
2025-08-26 16:55:02 | DEBUG    | src.processing.processor:_process_file_model_combination:162 - Processing 03.layer1_extracted/5/5.6.0/5.6.1/5.6.1.txt: A minimalist Japanese office scene showing two Asi...
2025-08-26 16:55:02 | DEBUG    | src.api.client:_call_with_retry:100 - API call attempt 1/3
2025-08-26 16:57:10 | DEBUG    | src.api.client:_call_with_retry:113 - API call successful
2025-08-26 16:57:12 | INFO     | src.output.writer:save_image:117 - Saved valid image: USER-FILES/05.OUTPUT/250826_161634/seedream_v3_1080p_vertical/03.layer1_extracted/5/5.6.0/5.6.1/5.6.1_165710_seedream_v3_1080p_vertical_1080x1920.jpeg
2025-08-26 16:57:12 | INFO     | src.processing.processor:_process_file_model_combination:204 - Saved image: 5.6.1_165710_seedream_v3_1080p_vertical_1080x1920.jpeg
2025-08-26 16:57:12 | INFO     | src.processing.discovery:load_prompts:63 - Loaded prompt from 5.7.1.txt
2025-08-26 16:57:12 | INFO     | src.processing.processor:process_all:98 - Processing combination 42/56: 03.layer1_extracted/5/5.7.0/5.7.1/5.7.1.txt + seedream_v3_1080p_vertical
2025-08-26 16:57:12 | DEBUG    | src.processing.processor:_process_file_model_combination:162 - Processing 03.layer1_extracted/5/5.7.0/5.7.1/5.7.1.txt: A clean conference space, with two Asian professio...
2025-08-26 16:57:12 | DEBUG    | src.api.client:_call_with_retry:100 - API call attempt 1/3
2025-08-26 16:58:22 | DEBUG    | src.api.client:_call_with_retry:113 - API call successful
2025-08-26 16:58:25 | INFO     | src.output.writer:save_image:117 - Saved valid image: USER-FILES/05.OUTPUT/250826_161634/seedream_v3_1080p_vertical/03.layer1_extracted/5/5.7.0/5.7.1/5.7.1_165822_seedream_v3_1080p_vertical_1080x1920.jpeg
2025-08-26 16:58:25 | INFO     | src.processing.processor:_process_file_model_combination:204 - Saved image: 5.7.1_165822_seedream_v3_1080p_vertical_1080x1920.jpeg
2025-08-26 16:58:25 | INFO     | src.processing.discovery:load_prompts:63 - Loaded prompt from 5.8.1.txt
2025-08-26 16:58:25 | INFO     | src.processing.processor:process_all:98 - Processing combination 43/56: 03.layer1_extracted/5/5.8.0/5.8.1/5.8.1.txt + seedream_v3_1080p_vertical
2025-08-26 16:58:25 | DEBUG    | src.processing.processor:_process_file_model_combination:162 - Processing 03.layer1_extracted/5/5.8.0/5.8.1/5.8.1.txt: A bright, family-friendly Japanese office with two...
2025-08-26 16:58:25 | DEBUG    | src.api.client:_call_with_retry:100 - API call attempt 1/3
2025-08-26 16:59:34 | DEBUG    | src.api.client:_call_with_retry:113 - API call successful
2025-08-26 16:59:37 | INFO     | src.output.writer:save_image:117 - Saved valid image: USER-FILES/05.OUTPUT/250826_161634/seedream_v3_1080p_vertical/03.layer1_extracted/5/5.8.0/5.8.1/5.8.1_165934_seedream_v3_1080p_vertical_1080x1920.jpeg
2025-08-26 16:59:37 | INFO     | src.processing.processor:_process_file_model_combination:204 - Saved image: 5.8.1_165934_seedream_v3_1080p_vertical_1080x1920.jpeg
2025-08-26 16:59:37 | INFO     | src.processing.discovery:load_prompts:63 - Loaded prompt from 5.9.1.txt
2025-08-26 16:59:37 | INFO     | src.processing.processor:process_all:98 - Processing combination 44/56: 03.layer1_extracted/5/5.9.0/5.9.1/5.9.1.txt + seedream_v3_1080p_vertical
2025-08-26 16:59:37 | DEBUG    | src.processing.processor:_process_file_model_combination:162 - Processing 03.layer1_extracted/5/5.9.0/5.9.1/5.9.1.txt: A modern office, two Asian professionals moving co...
2025-08-26 16:59:37 | DEBUG    | src.api.client:_call_with_retry:100 - API call attempt 1/3
2025-08-26 17:00:48 | DEBUG    | src.api.client:_call_with_retry:113 - API call successful
2025-08-26 17:00:50 | INFO     | src.output.writer:save_image:117 - Saved valid image: USER-FILES/05.OUTPUT/250826_161634/seedream_v3_1080p_vertical/03.layer1_extracted/5/5.9.0/5.9.1/5.9.1_170048_seedream_v3_1080p_vertical_1080x1920.jpeg
2025-08-26 17:00:50 | INFO     | src.processing.processor:_process_file_model_combination:204 - Saved image: 5.9.1_170048_seedream_v3_1080p_vertical_1080x1920.jpeg
2025-08-26 17:00:50 | INFO     | src.processing.discovery:load_prompts:63 - Loaded prompt from 5.10.1.txt
2025-08-26 17:00:50 | INFO     | src.processing.processor:process_all:98 - Processing combination 45/56: 03.layer1_extracted/5/5.10.0/5.10.1/5.10.1.txt + seedream_v3_1080p_vertical
2025-08-26 17:00:50 | DEBUG    | src.processing.processor:_process_file_model_combination:162 - Processing 03.layer1_extracted/5/5.10.0/5.10.1/5.10.1.txt: A collaborative workspace, three Asian professiona...
2025-08-26 17:00:50 | DEBUG    | src.api.client:_call_with_retry:100 - API call attempt 1/3
2025-08-26 17:02:01 | DEBUG    | src.api.client:_call_with_retry:113 - API call successful
2025-08-26 17:02:03 | INFO     | src.output.writer:save_image:117 - Saved valid image: USER-FILES/05.OUTPUT/250826_161634/seedream_v3_1080p_vertical/03.layer1_extracted/5/5.10.0/5.10.1/5.10.1_170201_seedream_v3_1080p_vertical_1080x1920.jpeg
2025-08-26 17:02:03 | INFO     | src.processing.processor:_process_file_model_combination:204 - Saved image: 5.10.1_170201_seedream_v3_1080p_vertical_1080x1920.jpeg
2025-08-26 17:02:03 | INFO     | src.processing.discovery:load_prompts:63 - Loaded prompt from 6.1.1.txt
2025-08-26 17:02:03 | INFO     | src.processing.processor:process_all:98 - Processing combination 46/56: 03.layer1_extracted/6/6.1.0/6.1.1/6.1.1.txt + seedream_v3_1080p_vertical
2025-08-26 17:02:03 | DEBUG    | src.processing.processor:_process_file_model_combination:162 - Processing 03.layer1_extracted/6/6.1.0/6.1.1/6.1.1.txt: A realistic, brightly-lit Japanese office scene wi...
2025-08-26 17:02:03 | DEBUG    | src.api.client:_call_with_retry:100 - API call attempt 1/3
2025-08-26 17:03:12 | DEBUG    | src.api.client:_call_with_retry:113 - API call successful
2025-08-26 17:03:14 | INFO     | src.output.writer:save_image:117 - Saved valid image: USER-FILES/05.OUTPUT/250826_161634/seedream_v3_1080p_vertical/03.layer1_extracted/6/6.1.0/6.1.1/6.1.1_170312_seedream_v3_1080p_vertical_1080x1920.jpeg
2025-08-26 17:03:14 | INFO     | src.processing.processor:_process_file_model_combination:204 - Saved image: 6.1.1_170312_seedream_v3_1080p_vertical_1080x1920.jpeg
2025-08-26 17:03:14 | INFO     | src.processing.discovery:load_prompts:63 - Loaded prompt from 6.2.1.txt
2025-08-26 17:03:14 | INFO     | src.processing.processor:process_all:98 - Processing combination 47/56: 03.layer1_extracted/6/6.2.0/6.2.1/6.2.1.txt + seedream_v3_1080p_vertical
2025-08-26 17:03:14 | DEBUG    | src.processing.processor:_process_file_model_combination:162 - Processing 03.layer1_extracted/6/6.2.0/6.2.1/6.2.1.txt: An educational, clean office with two Asian team m...
2025-08-26 17:03:14 | DEBUG    | src.api.client:_call_with_retry:100 - API call attempt 1/3
2025-08-26 17:04:23 | DEBUG    | src.api.client:_call_with_retry:113 - API call successful
2025-08-26 17:04:25 | INFO     | src.output.writer:save_image:117 - Saved valid image: USER-FILES/05.OUTPUT/250826_161634/seedream_v3_1080p_vertical/03.layer1_extracted/6/6.2.0/6.2.1/6.2.1_170423_seedream_v3_1080p_vertical_1080x1920.jpeg
2025-08-26 17:04:25 | INFO     | src.processing.processor:_process_file_model_combination:204 - Saved image: 6.2.1_170423_seedream_v3_1080p_vertical_1080x1920.jpeg
2025-08-26 17:04:25 | INFO     | src.processing.discovery:load_prompts:63 - Loaded prompt from 6.3.1.txt
2025-08-26 17:04:25 | INFO     | src.processing.processor:process_all:98 - Processing combination 48/56: 03.layer1_extracted/6/6.3.0/6.3.1/6.3.1.txt + seedream_v3_1080p_vertical
2025-08-26 17:04:25 | DEBUG    | src.processing.processor:_process_file_model_combination:162 - Processing 03.layer1_extracted/6/6.3.0/6.3.1/6.3.1.txt: A realistic, focused meeting room close-up with tw...
2025-08-26 17:04:25 | DEBUG    | src.api.client:_call_with_retry:100 - API call attempt 1/3
2025-08-26 17:05:33 | DEBUG    | src.api.client:_call_with_retry:113 - API call successful
2025-08-26 17:05:36 | INFO     | src.output.writer:save_image:117 - Saved valid image: USER-FILES/05.OUTPUT/250826_161634/seedream_v3_1080p_vertical/03.layer1_extracted/6/6.3.0/6.3.1/6.3.1_170533_seedream_v3_1080p_vertical_1080x1920.jpeg
2025-08-26 17:05:36 | INFO     | src.processing.processor:_process_file_model_combination:204 - Saved image: 6.3.1_170533_seedream_v3_1080p_vertical_1080x1920.jpeg
2025-08-26 17:05:36 | INFO     | src.processing.discovery:load_prompts:63 - Loaded prompt from 6.4.1.txt
2025-08-26 17:05:36 | INFO     | src.processing.processor:process_all:98 - Processing combination 49/56: 03.layer1_extracted/6/6.4.0/6.4.1/6.4.1.txt + seedream_v3_1080p_vertical
2025-08-26 17:05:36 | DEBUG    | src.processing.processor:_process_file_model_combination:162 - Processing 03.layer1_extracted/6/6.4.0/6.4.1/6.4.1.txt: A single, clean Japanese office scene with two Asi...
2025-08-26 17:05:36 | DEBUG    | src.api.client:_call_with_retry:100 - API call attempt 1/3
2025-08-26 17:06:46 | DEBUG    | src.api.client:_call_with_retry:113 - API call successful
2025-08-26 17:06:49 | INFO     | src.output.writer:save_image:117 - Saved valid image: USER-FILES/05.OUTPUT/250826_161634/seedream_v3_1080p_vertical/03.layer1_extracted/6/6.4.0/6.4.1/6.4.1_170646_seedream_v3_1080p_vertical_1080x1920.jpeg
2025-08-26 17:06:49 | INFO     | src.processing.processor:_process_file_model_combination:204 - Saved image: 6.4.1_170646_seedream_v3_1080p_vertical_1080x1920.jpeg
2025-08-26 17:06:49 | INFO     | src.processing.discovery:load_prompts:63 - Loaded prompt from 6.5.1.txt
2025-08-26 17:06:49 | INFO     | src.processing.processor:process_all:98 - Processing combination 50/56: 03.layer1_extracted/6/6.5.0/6.5.1/6.5.1.txt + seedream_v3_1080p_vertical
2025-08-26 17:06:49 | DEBUG    | src.processing.processor:_process_file_model_combination:162 - Processing 03.layer1_extracted/6/6.5.0/6.5.1/6.5.1.txt: A well-lit, simple office with three Asian colleag...
2025-08-26 17:06:49 | DEBUG    | src.api.client:_call_with_retry:100 - API call attempt 1/3
2025-08-26 17:07:57 | DEBUG    | src.api.client:_call_with_retry:113 - API call successful
2025-08-26 17:07:59 | INFO     | src.output.writer:save_image:117 - Saved valid image: USER-FILES/05.OUTPUT/250826_161634/seedream_v3_1080p_vertical/03.layer1_extracted/6/6.5.0/6.5.1/6.5.1_170757_seedream_v3_1080p_vertical_1080x1920.jpeg
2025-08-26 17:07:59 | INFO     | src.processing.processor:_process_file_model_combination:204 - Saved image: 6.5.1_170757_seedream_v3_1080p_vertical_1080x1920.jpeg
2025-08-26 17:07:59 | INFO     | src.processing.discovery:load_prompts:63 - Loaded prompt from 6.6.1.txt
2025-08-26 17:07:59 | INFO     | src.processing.processor:process_all:98 - Processing combination 51/56: 03.layer1_extracted/6/6.6.0/6.6.1/6.6.1.txt + seedream_v3_1080p_vertical
2025-08-26 17:07:59 | DEBUG    | src.processing.processor:_process_file_model_combination:162 - Processing 03.layer1_extracted/6/6.6.0/6.6.1/6.6.1.txt: A realistic, neat workspace with two Asian team me...
2025-08-26 17:07:59 | DEBUG    | src.api.client:_call_with_retry:100 - API call attempt 1/3
2025-08-26 17:09:08 | DEBUG    | src.api.client:_call_with_retry:113 - API call successful
2025-08-26 17:09:09 | INFO     | src.output.writer:save_image:117 - Saved valid image: USER-FILES/05.OUTPUT/250826_161634/seedream_v3_1080p_vertical/03.layer1_extracted/6/6.6.0/6.6.1/6.6.1_170908_seedream_v3_1080p_vertical_1080x1920.jpeg
2025-08-26 17:09:09 | INFO     | src.processing.processor:_process_file_model_combination:204 - Saved image: 6.6.1_170908_seedream_v3_1080p_vertical_1080x1920.jpeg
2025-08-26 17:09:09 | INFO     | src.processing.discovery:load_prompts:63 - Loaded prompt from 6.7.1.txt
2025-08-26 17:09:09 | INFO     | src.processing.processor:process_all:98 - Processing combination 52/56: 03.layer1_extracted/6/6.7.0/6.7.1/6.7.1.txt + seedream_v3_1080p_vertical
2025-08-26 17:09:09 | DEBUG    | src.processing.processor:_process_file_model_combination:162 - Processing 03.layer1_extracted/6/6.7.0/6.7.1/6.7.1.txt: A modern, bright office with two Asian professiona...
2025-08-26 17:09:09 | DEBUG    | src.api.client:_call_with_retry:100 - API call attempt 1/3
2025-08-26 17:10:17 | DEBUG    | src.api.client:_call_with_retry:113 - API call successful
2025-08-26 17:10:19 | INFO     | src.output.writer:save_image:117 - Saved valid image: USER-FILES/05.OUTPUT/250826_161634/seedream_v3_1080p_vertical/03.layer1_extracted/6/6.7.0/6.7.1/6.7.1_171017_seedream_v3_1080p_vertical_1080x1920.jpeg
2025-08-26 17:10:19 | INFO     | src.processing.processor:_process_file_model_combination:204 - Saved image: 6.7.1_171017_seedream_v3_1080p_vertical_1080x1920.jpeg
2025-08-26 17:10:19 | INFO     | src.processing.discovery:load_prompts:63 - Loaded prompt from 6.8.1.txt
2025-08-26 17:10:19 | INFO     | src.processing.processor:process_all:98 - Processing combination 53/56: 03.layer1_extracted/6/6.8.0/6.8.1/6.8.1.txt + seedream_v3_1080p_vertical
2025-08-26 17:10:19 | DEBUG    | src.processing.processor:_process_file_model_combination:162 - Processing 03.layer1_extracted/6/6.8.0/6.8.1/6.8.1.txt: A realistic work setting where two Asian team memb...
2025-08-26 17:10:19 | DEBUG    | src.api.client:_call_with_retry:100 - API call attempt 1/3
2025-08-26 17:11:30 | DEBUG    | src.api.client:_call_with_retry:113 - API call successful
2025-08-26 17:11:33 | INFO     | src.output.writer:save_image:117 - Saved valid image: USER-FILES/05.OUTPUT/250826_161634/seedream_v3_1080p_vertical/03.layer1_extracted/6/6.8.0/6.8.1/6.8.1_171130_seedream_v3_1080p_vertical_1080x1920.jpeg
2025-08-26 17:11:33 | INFO     | src.processing.processor:_process_file_model_combination:204 - Saved image: 6.8.1_171130_seedream_v3_1080p_vertical_1080x1920.jpeg
2025-08-26 17:11:33 | INFO     | src.processing.discovery:load_prompts:63 - Loaded prompt from 6.9.1.txt
2025-08-26 17:11:33 | INFO     | src.processing.processor:process_all:98 - Processing combination 54/56: 03.layer1_extracted/6/6.9.0/6.9.1/6.9.1.txt + seedream_v3_1080p_vertical
2025-08-26 17:11:33 | DEBUG    | src.processing.processor:_process_file_model_combination:162 - Processing 03.layer1_extracted/6/6.9.0/6.9.1/6.9.1.txt: A friendly, minimal Japanese office showing three ...
2025-08-26 17:11:33 | DEBUG    | src.api.client:_call_with_retry:100 - API call attempt 1/3
2025-08-26 17:12:44 | DEBUG    | src.api.client:_call_with_retry:113 - API call successful
2025-08-26 17:12:45 | INFO     | src.output.writer:save_image:117 - Saved valid image: USER-FILES/05.OUTPUT/250826_161634/seedream_v3_1080p_vertical/03.layer1_extracted/6/6.9.0/6.9.1/6.9.1_171244_seedream_v3_1080p_vertical_1080x1920.jpeg
2025-08-26 17:12:45 | INFO     | src.processing.processor:_process_file_model_combination:204 - Saved image: 6.9.1_171244_seedream_v3_1080p_vertical_1080x1920.jpeg
2025-08-26 17:12:45 | INFO     | src.processing.discovery:load_prompts:63 - Loaded prompt from 6.10.1.txt
2025-08-26 17:12:45 | INFO     | src.processing.processor:process_all:98 - Processing combination 55/56: 03.layer1_extracted/6/6.10.0/6.10.1/6.10.1.txt + seedream_v3_1080p_vertical
2025-08-26 17:12:45 | DEBUG    | src.processing.processor:_process_file_model_combination:162 - Processing 03.layer1_extracted/6/6.10.0/6.10.1/6.10.1.txt: A simple, modern desk view where two Asian profess...
2025-08-26 17:12:45 | DEBUG    | src.api.client:_call_with_retry:100 - API call attempt 1/3
2025-08-26 17:13:51 | DEBUG    | src.api.client:_call_with_retry:113 - API call successful
2025-08-26 17:13:53 | INFO     | src.output.writer:save_image:117 - Saved valid image: USER-FILES/05.OUTPUT/250826_161634/seedream_v3_1080p_vertical/03.layer1_extracted/6/6.10.0/6.10.1/6.10.1_171351_seedream_v3_1080p_vertical_1080x1920.jpeg
2025-08-26 17:13:53 | INFO     | src.processing.processor:_process_file_model_combination:204 - Saved image: 6.10.1_171351_seedream_v3_1080p_vertical_1080x1920.jpeg
2025-08-26 17:13:53 | INFO     | src.processing.discovery:load_prompts:63 - Loaded prompt from 6.11.1.txt
2025-08-26 17:13:53 | INFO     | src.processing.processor:process_all:98 - Processing combination 56/56: 03.layer1_extracted/6/6.11.0/6.11.1/6.11.1.txt + seedream_v3_1080p_vertical
2025-08-26 17:13:53 | DEBUG    | src.processing.processor:_process_file_model_combination:162 - Processing 03.layer1_extracted/6/6.11.0/6.11.1/6.11.1.txt: A well-lit and open Japanese office space showing ...
2025-08-26 17:13:53 | DEBUG    | src.api.client:_call_with_retry:100 - API call attempt 1/3
2025-08-26 17:15:02 | DEBUG    | src.api.client:_call_with_retry:113 - API call successful
2025-08-26 17:15:04 | INFO     | src.output.writer:save_image:117 - Saved valid image: USER-FILES/05.OUTPUT/250826_161634/seedream_v3_1080p_vertical/03.layer1_extracted/6/6.11.0/6.11.1/6.11.1_171502_seedream_v3_1080p_vertical_1080x1920.jpeg
2025-08-26 17:15:04 | INFO     | src.processing.processor:_process_file_model_combination:204 - Saved image: 6.11.1_171502_seedream_v3_1080p_vertical_1080x1920.jpeg
2025-08-26 17:15:04 | INFO     | src.processing.discovery:load_prompts:63 - Loaded prompt from 1.1.1.txt
2025-08-26 17:15:04 | INFO     | src.processing.discovery:load_prompts:63 - Loaded prompt from 1.2.1.txt
2025-08-26 17:15:04 | INFO     | src.processing.discovery:load_prompts:63 - Loaded prompt from 1.3.1.txt
2025-08-26 17:15:04 | INFO     | src.processing.discovery:load_prompts:63 - Loaded prompt from 1.4.1.txt
2025-08-26 17:15:04 | INFO     | src.processing.discovery:load_prompts:63 - Loaded prompt from 1.5.1.txt
2025-08-26 17:15:04 | INFO     | src.processing.discovery:load_prompts:63 - Loaded prompt from 1.6.1.txt
2025-08-26 17:15:04 | INFO     | src.processing.discovery:load_prompts:63 - Loaded prompt from 1.7.1.txt
2025-08-26 17:15:04 | INFO     | src.processing.discovery:load_prompts:63 - Loaded prompt from 2.1.1.txt
2025-08-26 17:15:04 | INFO     | src.processing.discovery:load_prompts:63 - Loaded prompt from 2.2.1.txt
2025-08-26 17:15:04 | INFO     | src.processing.discovery:load_prompts:63 - Loaded prompt from 2.3.1.txt
2025-08-26 17:15:04 | INFO     | src.processing.discovery:load_prompts:63 - Loaded prompt from 2.4.1.txt
2025-08-26 17:15:04 | INFO     | src.processing.discovery:load_prompts:63 - Loaded prompt from 2.5.1.txt
2025-08-26 17:15:04 | INFO     | src.processing.discovery:load_prompts:63 - Loaded prompt from 2.6.1.txt
2025-08-26 17:15:04 | INFO     | src.processing.discovery:load_prompts:63 - Loaded prompt from 3.1.1.txt
2025-08-26 17:15:04 | INFO     | src.processing.discovery:load_prompts:63 - Loaded prompt from 3.2.1.txt
2025-08-26 17:15:04 | INFO     | src.processing.discovery:load_prompts:63 - Loaded prompt from 3.3.1.txt
2025-08-26 17:15:04 | INFO     | src.processing.discovery:load_prompts:63 - Loaded prompt from 3.4.1.txt
2025-08-26 17:15:04 | INFO     | src.processing.discovery:load_prompts:63 - Loaded prompt from 3.5.1.txt
2025-08-26 17:15:04 | INFO     | src.processing.discovery:load_prompts:63 - Loaded prompt from 3.6.1.txt
2025-08-26 17:15:04 | INFO     | src.processing.discovery:load_prompts:63 - Loaded prompt from 3.7.1.txt
2025-08-26 17:15:04 | INFO     | src.processing.discovery:load_prompts:63 - Loaded prompt from 3.8.1.txt
2025-08-26 17:15:04 | INFO     | src.processing.discovery:load_prompts:63 - Loaded prompt from 3.9.1.txt
2025-08-26 17:15:04 | INFO     | src.processing.discovery:load_prompts:63 - Loaded prompt from 3.10.1.txt
2025-08-26 17:15:04 | INFO     | src.processing.discovery:load_prompts:63 - Loaded prompt from 3.11.1.txt
2025-08-26 17:15:04 | INFO     | src.processing.discovery:load_prompts:63 - Loaded prompt from 4.1.1.txt
2025-08-26 17:15:04 | INFO     | src.processing.discovery:load_prompts:63 - Loaded prompt from 4.2.1.txt
2025-08-26 17:15:04 | INFO     | src.processing.discovery:load_prompts:63 - Loaded prompt from 4.3.1.txt
2025-08-26 17:15:04 | INFO     | src.processing.discovery:load_prompts:63 - Loaded prompt from 4.4.1.txt
2025-08-26 17:15:04 | INFO     | src.processing.discovery:load_prompts:63 - Loaded prompt from 4.5.1.txt
2025-08-26 17:15:04 | INFO     | src.processing.discovery:load_prompts:63 - Loaded prompt from 4.6.1.txt
2025-08-26 17:15:04 | INFO     | src.processing.discovery:load_prompts:63 - Loaded prompt from 4.7.1.txt
2025-08-26 17:15:04 | INFO     | src.processing.discovery:load_prompts:63 - Loaded prompt from 4.8.1.txt
2025-08-26 17:15:04 | INFO     | src.processing.discovery:load_prompts:63 - Loaded prompt from 4.9.1.txt
2025-08-26 17:15:04 | INFO     | src.processing.discovery:load_prompts:63 - Loaded prompt from 4.10.1.txt
2025-08-26 17:15:04 | INFO     | src.processing.discovery:load_prompts:63 - Loaded prompt from 4.11.1.txt
2025-08-26 17:15:04 | INFO     | src.processing.discovery:load_prompts:63 - Loaded prompt from 5.1.1.txt
2025-08-26 17:15:04 | INFO     | src.processing.discovery:load_prompts:63 - Loaded prompt from 5.2.1.txt
2025-08-26 17:15:04 | INFO     | src.processing.discovery:load_prompts:63 - Loaded prompt from 5.3.1.txt
2025-08-26 17:15:04 | INFO     | src.processing.discovery:load_prompts:63 - Loaded prompt from 5.4.1.txt
2025-08-26 17:15:04 | INFO     | src.processing.discovery:load_prompts:63 - Loaded prompt from 5.5.1.txt
2025-08-26 17:15:04 | INFO     | src.processing.discovery:load_prompts:63 - Loaded prompt from 5.6.1.txt
2025-08-26 17:15:04 | INFO     | src.processing.discovery:load_prompts:63 - Loaded prompt from 5.7.1.txt
2025-08-26 17:15:04 | INFO     | src.processing.discovery:load_prompts:63 - Loaded prompt from 5.8.1.txt
2025-08-26 17:15:04 | INFO     | src.processing.discovery:load_prompts:63 - Loaded prompt from 5.9.1.txt
2025-08-26 17:15:04 | INFO     | src.processing.discovery:load_prompts:63 - Loaded prompt from 5.10.1.txt
2025-08-26 17:15:04 | INFO     | src.processing.discovery:load_prompts:63 - Loaded prompt from 6.1.1.txt
2025-08-26 17:15:04 | INFO     | src.processing.discovery:load_prompts:63 - Loaded prompt from 6.2.1.txt
2025-08-26 17:15:04 | INFO     | src.processing.discovery:load_prompts:63 - Loaded prompt from 6.3.1.txt
2025-08-26 17:15:04 | INFO     | src.processing.discovery:load_prompts:63 - Loaded prompt from 6.4.1.txt
2025-08-26 17:15:04 | INFO     | src.processing.discovery:load_prompts:63 - Loaded prompt from 6.5.1.txt
2025-08-26 17:15:04 | INFO     | src.processing.discovery:load_prompts:63 - Loaded prompt from 6.6.1.txt
2025-08-26 17:15:04 | INFO     | src.processing.discovery:load_prompts:63 - Loaded prompt from 6.7.1.txt
2025-08-26 17:15:04 | INFO     | src.processing.discovery:load_prompts:63 - Loaded prompt from 6.8.1.txt
2025-08-26 17:15:04 | INFO     | src.processing.discovery:load_prompts:63 - Loaded prompt from 6.9.1.txt
2025-08-26 17:15:04 | INFO     | src.processing.discovery:load_prompts:63 - Loaded prompt from 6.10.1.txt
2025-08-26 17:15:04 | INFO     | src.processing.discovery:load_prompts:63 - Loaded prompt from 6.11.1.txt
2025-08-26 17:15:04 | INFO     | src.output.writer:write_report:134 - Wrote report: USER-FILES/05.OUTPUT/250826_161634/COST.md
2025-08-26 17:15:04 | INFO     | src.output.writer:write_report:134 - Wrote report: USER-FILES/05.OUTPUT/250826_161634/SUCCESS.md
2025-08-26 17:15:04 | INFO     | src.output.reporter:save_reports:197 - Reports generated successfully
2025-08-26 17:15:04 | SUCCESS  | __main__:main:182 - ✅ Completed successfully! Generated 56 images
