2025-08-25 17:09:16 | INFO     | src.utils.logging:setup_logging:39 - Logging configured (verbose=False, debug=False)
2025-08-25 17:09:16 | INFO     | __main__:main:67 - Loading configuration...
2025-08-25 17:09:16 | INFO     | src.config.loader:load_config:42 - Loaded configuration from USER-FILES/01.CONFIG/config.yaml
2025-08-25 17:09:16 | INFO     | __main__:main:72 - Authenticating...
2025-08-25 17:09:16 | DEBUG    | src.auth.env:get_fal_api_key_from_env:19 - Loaded environment from /Users/ruben/08_-_DEVELOPMENT/ISOF_IMAGE_WORKFLOW/00.fal-text->image-tool/.env
2025-08-25 17:09:16 | INFO     | src.auth.env:get_fal_api_key_from_env:25 - Successfully retrieved FAL API key from environment
2025-08-25 17:09:16 | INFO     | __main__:main:76 - Discovering inputs...
2025-08-25 17:09:16 | DEBUG    | src.processing.discovery:discover_prompt_files:38 - Found prompt file: USER-FILES/04.INPUT/prompt01.txt
2025-08-25 17:09:16 | DEBUG    | src.processing.discovery:discover_prompt_files:38 - Found prompt file: USER-FILES/04.INPUT/prompt03.txt
2025-08-25 17:09:16 | DEBUG    | src.processing.discovery:discover_prompt_files:38 - Found prompt file: USER-FILES/04.INPUT/prompt02.txt
2025-08-25 17:09:16 | INFO     | src.processing.discovery:discover_prompt_files:43 - Discovered 3 prompt files
2025-08-25 17:09:16 | DEBUG    | src.processing.discovery:discover_profiles:92 - Loaded profile: USER-FILES/03.PROFILES/flux_tiny_landscape.yaml
2025-08-25 17:09:16 | INFO     | src.processing.discovery:discover_profiles:96 - Loaded 1 profiles
2025-08-25 17:09:16 | INFO     | src.processing.discovery:get_active_models:129 - Found active profile: flux_tiny_landscape
2025-08-25 17:09:16 | INFO     | src.processing.discovery:get_active_models:134 - Total active profiles: 1
2025-08-25 17:09:16 | INFO     | src.config.validator:validate_all:26 - All configuration validation passed
2025-08-25 17:09:16 | INFO     | __main__:main:96 - Output directory: USER-FILES/05.OUTPUT/250825_170916
2025-08-25 17:09:16 | INFO     | __main__:main:157 - Starting matrix processing...
2025-08-25 17:09:16 | INFO     | src.processing.processor:process_all:65 - Processing 3 combinations (3 files × 1 profiles)
2025-08-25 17:09:16 | DEBUG    | src.processing.discovery:load_prompts:63 - Loaded prompt from line 1: Late 1700s Swedish countryside exterior at golden ...
2025-08-25 17:09:16 | INFO     | src.processing.discovery:load_prompts:65 - Loaded 1 prompts from prompt01.txt
2025-08-25 17:09:16 | INFO     | src.processing.processor:process_all:97 - Processing combination 1/3: prompt01.txt + flux_tiny_landscape
2025-08-25 17:09:16 | DEBUG    | src.processing.processor:_process_file_model_combination:154 - Processing line 1: Late 1700s Swedish countryside exterior at golden ...
2025-08-25 17:09:16 | DEBUG    | src.api.client:_call_with_retry:100 - API call attempt 1/3
2025-08-25 17:09:19 | DEBUG    | src.api.client:_call_with_retry:113 - API call successful
2025-08-25 17:09:22 | INFO     | src.output.writer:save_image:84 - Saved valid image: USER-FILES/05.OUTPUT/250825_170916/prompt01_X_flux_tiny_landscape/001_170919__Line1_flux_tiny_landscape_360x240.jpeg
2025-08-25 17:09:22 | INFO     | src.processing.processor:_process_file_model_combination:185 - Saved image: 001_170919__Line1_flux_tiny_landscape_360x240.jpeg
2025-08-25 17:09:22 | DEBUG    | src.processing.discovery:load_prompts:63 - Loaded prompt from line 1: Late 1700s medieval stone church interior, long vi...
2025-08-25 17:09:22 | INFO     | src.processing.discovery:load_prompts:65 - Loaded 1 prompts from prompt02.txt
2025-08-25 17:09:22 | INFO     | src.processing.processor:process_all:97 - Processing combination 2/3: prompt02.txt + flux_tiny_landscape
2025-08-25 17:09:22 | DEBUG    | src.processing.processor:_process_file_model_combination:154 - Processing line 1: Late 1700s medieval stone church interior, long vi...
2025-08-25 17:09:22 | DEBUG    | src.api.client:_call_with_retry:100 - API call attempt 1/3
2025-08-25 17:09:23 | DEBUG    | src.api.client:_call_with_retry:113 - API call successful
2025-08-25 17:09:27 | INFO     | src.output.writer:save_image:84 - Saved valid image: USER-FILES/05.OUTPUT/250825_170916/prompt02_X_flux_tiny_landscape/002_170923__Line1_flux_tiny_landscape_360x240.jpeg
2025-08-25 17:09:27 | INFO     | src.processing.processor:_process_file_model_combination:185 - Saved image: 002_170923__Line1_flux_tiny_landscape_360x240.jpeg
2025-08-25 17:09:27 | DEBUG    | src.processing.discovery:load_prompts:63 - Loaded prompt from line 1: Late 1700s medieval church interior, extreme close...
2025-08-25 17:09:27 | INFO     | src.processing.discovery:load_prompts:65 - Loaded 1 prompts from prompt03.txt
2025-08-25 17:09:27 | INFO     | src.processing.processor:process_all:97 - Processing combination 3/3: prompt03.txt + flux_tiny_landscape
2025-08-25 17:09:27 | DEBUG    | src.processing.processor:_process_file_model_combination:154 - Processing line 1: Late 1700s medieval church interior, extreme close...
2025-08-25 17:09:27 | DEBUG    | src.api.client:_call_with_retry:100 - API call attempt 1/3
2025-08-25 17:09:30 | DEBUG    | src.api.client:_call_with_retry:113 - API call successful
2025-08-25 17:09:33 | INFO     | src.output.writer:save_image:84 - Saved valid image: USER-FILES/05.OUTPUT/250825_170916/prompt03_X_flux_tiny_landscape/003_170930__Line1_flux_tiny_landscape_360x240.jpeg
2025-08-25 17:09:33 | INFO     | src.processing.processor:_process_file_model_combination:185 - Saved image: 003_170930__Line1_flux_tiny_landscape_360x240.jpeg
2025-08-25 17:09:33 | DEBUG    | src.processing.discovery:load_prompts:63 - Loaded prompt from line 1: Late 1700s Swedish countryside exterior at golden ...
2025-08-25 17:09:33 | INFO     | src.processing.discovery:load_prompts:65 - Loaded 1 prompts from prompt01.txt
2025-08-25 17:09:33 | DEBUG    | src.processing.discovery:load_prompts:63 - Loaded prompt from line 1: Late 1700s medieval stone church interior, long vi...
2025-08-25 17:09:33 | INFO     | src.processing.discovery:load_prompts:65 - Loaded 1 prompts from prompt02.txt
2025-08-25 17:09:33 | DEBUG    | src.processing.discovery:load_prompts:63 - Loaded prompt from line 1: Late 1700s medieval church interior, extreme close...
2025-08-25 17:09:33 | INFO     | src.processing.discovery:load_prompts:65 - Loaded 1 prompts from prompt03.txt
2025-08-25 17:09:33 | INFO     | src.output.writer:write_report:101 - Wrote report: USER-FILES/05.OUTPUT/250825_170916/COST.md
2025-08-25 17:09:33 | INFO     | src.output.writer:write_report:101 - Wrote report: USER-FILES/05.OUTPUT/250825_170916/SUCCESS.md
2025-08-25 17:09:33 | INFO     | src.output.reporter:save_reports:197 - Reports generated successfully
2025-08-25 17:09:33 | SUCCESS  | __main__:main:182 - ✅ Completed successfully! Generated 3 images
