2025-08-26 17:51:45 | INFO     | src.utils.logging:setup_logging:39 - Logging configured (verbose=False, debug=False)
2025-08-26 17:51:45 | INFO     | __main__:main:67 - Loading configuration...
2025-08-26 17:51:45 | INFO     | src.config.loader:load_config:42 - Loaded configuration from USER-FILES/01.CONFIG/config.yaml
2025-08-26 17:51:45 | INFO     | __main__:main:72 - Authenticating...
2025-08-26 17:51:45 | DEBUG    | src.auth.env:get_fal_api_key_from_env:19 - Loaded environment from /Users/ruben/08_-_DEVELOPMENT/ISOF_IMAGE_WORKFLOW/00.fal-text->image-tool/.env
2025-08-26 17:51:45 | INFO     | src.auth.env:get_fal_api_key_from_env:25 - Successfully retrieved FAL API key from environment
2025-08-26 17:51:45 | INFO     | __main__:main:76 - Discovering inputs...
2025-08-26 17:51:45 | DEBUG    | src.processing.discovery:discover_prompt_files:40 - Found prompt file: 250824_opus-4-1_Censored/prompt166.txt
2025-08-26 17:51:45 | DEBUG    | src.processing.discovery:discover_prompt_files:40 - Found prompt file: 250824_opus-4-1_Censored/prompt172.txt
2025-08-26 17:51:45 | DEBUG    | src.processing.discovery:discover_prompt_files:40 - Found prompt file: 250824_opus-4-1_Censored/prompt09.txt
2025-08-26 17:51:45 | DEBUG    | src.processing.discovery:discover_prompt_files:40 - Found prompt file: 250824_opus-4-1_Censored/prompt21.txt
2025-08-26 17:51:45 | DEBUG    | src.processing.discovery:discover_prompt_files:40 - Found prompt file: 250824_opus-4-1_Censored/prompt35.txt
2025-08-26 17:51:45 | DEBUG    | src.processing.discovery:discover_prompt_files:40 - Found prompt file: 250824_opus-4-1_Censored/prompt34.txt
2025-08-26 17:51:45 | DEBUG    | src.processing.discovery:discover_prompt_files:40 - Found prompt file: 250824_opus-4-1_Censored/prompt20.txt
2025-08-26 17:51:45 | DEBUG    | src.processing.discovery:discover_prompt_files:40 - Found prompt file: 250824_opus-4-1_Censored/prompt08.txt
2025-08-26 17:51:45 | DEBUG    | src.processing.discovery:discover_prompt_files:40 - Found prompt file: 250824_opus-4-1_Censored/prompt173.txt
2025-08-26 17:51:45 | DEBUG    | src.processing.discovery:discover_prompt_files:40 - Found prompt file: 250824_opus-4-1_Censored/prompt167.txt
2025-08-26 17:51:45 | DEBUG    | src.processing.discovery:discover_prompt_files:40 - Found prompt file: 250824_opus-4-1_Censored/prompt159.txt
2025-08-26 17:51:45 | DEBUG    | src.processing.discovery:discover_prompt_files:40 - Found prompt file: 250824_opus-4-1_Censored/prompt171.txt
2025-08-26 17:51:45 | DEBUG    | src.processing.discovery:discover_prompt_files:40 - Found prompt file: 250824_opus-4-1_Censored/prompt165.txt
2025-08-26 17:51:45 | DEBUG    | src.processing.discovery:discover_prompt_files:40 - Found prompt file: 250824_opus-4-1_Censored/prompt36.txt
2025-08-26 17:51:45 | DEBUG    | src.processing.discovery:discover_prompt_files:40 - Found prompt file: 250824_opus-4-1_Censored/prompt22.txt
2025-08-26 17:51:45 | DEBUG    | src.processing.discovery:discover_prompt_files:40 - Found prompt file: 250824_opus-4-1_Censored/prompt23.txt
2025-08-26 17:51:45 | DEBUG    | src.processing.discovery:discover_prompt_files:40 - Found prompt file: 250824_opus-4-1_Censored/prompt37.txt
2025-08-26 17:51:45 | DEBUG    | src.processing.discovery:discover_prompt_files:40 - Found prompt file: 250824_opus-4-1_Censored/prompt164.txt
2025-08-26 17:51:45 | DEBUG    | src.processing.discovery:discover_prompt_files:40 - Found prompt file: 250824_opus-4-1_Censored/prompt170.txt
2025-08-26 17:51:45 | DEBUG    | src.processing.discovery:discover_prompt_files:40 - Found prompt file: 250824_opus-4-1_Censored/prompt158.txt
2025-08-26 17:51:45 | DEBUG    | src.processing.discovery:discover_prompt_files:40 - Found prompt file: 250824_opus-4-1_Censored/prompt174.txt
2025-08-26 17:51:45 | DEBUG    | src.processing.discovery:discover_prompt_files:40 - Found prompt file: 250824_opus-4-1_Censored/prompt160.txt
2025-08-26 17:51:45 | DEBUG    | src.processing.discovery:discover_prompt_files:40 - Found prompt file: 250824_opus-4-1_Censored/prompt148.txt
2025-08-26 17:51:45 | DEBUG    | src.processing.discovery:discover_prompt_files:40 - Found prompt file: 250824_opus-4-1_Censored/prompt33.txt
2025-08-26 17:51:45 | DEBUG    | src.processing.discovery:discover_prompt_files:40 - Found prompt file: 250824_opus-4-1_Censored/prompt27.txt
2025-08-26 17:51:45 | DEBUG    | src.processing.discovery:discover_prompt_files:40 - Found prompt file: 250824_opus-4-1_Censored/prompt26.txt
2025-08-26 17:51:45 | DEBUG    | src.processing.discovery:discover_prompt_files:40 - Found prompt file: 250824_opus-4-1_Censored/prompt32.txt
2025-08-26 17:51:45 | DEBUG    | src.processing.discovery:discover_prompt_files:40 - Found prompt file: 250824_opus-4-1_Censored/prompt149.txt
2025-08-26 17:51:45 | DEBUG    | src.processing.discovery:discover_prompt_files:40 - Found prompt file: 250824_opus-4-1_Censored/prompt161.txt
2025-08-26 17:51:45 | DEBUG    | src.processing.discovery:discover_prompt_files:40 - Found prompt file: 250824_opus-4-1_Censored/prompt175.txt
2025-08-26 17:51:45 | DEBUG    | src.processing.discovery:discover_prompt_files:40 - Found prompt file: 250824_opus-4-1_Censored/prompt163.txt
2025-08-26 17:51:45 | DEBUG    | src.processing.discovery:discover_prompt_files:40 - Found prompt file: 250824_opus-4-1_Censored/prompt177.txt
2025-08-26 17:51:45 | DEBUG    | src.processing.discovery:discover_prompt_files:40 - Found prompt file: 250824_opus-4-1_Censored/prompt188.txt
2025-08-26 17:51:45 | DEBUG    | src.processing.discovery:discover_prompt_files:40 - Found prompt file: 250824_opus-4-1_Censored/prompt24.txt
2025-08-26 17:51:45 | DEBUG    | src.processing.discovery:discover_prompt_files:40 - Found prompt file: 250824_opus-4-1_Censored/prompt30.txt
2025-08-26 17:51:45 | DEBUG    | src.processing.discovery:discover_prompt_files:40 - Found prompt file: 250824_opus-4-1_Censored/prompt18.txt
2025-08-26 17:51:45 | DEBUG    | src.processing.discovery:discover_prompt_files:40 - Found prompt file: 250824_opus-4-1_Censored/prompt19.txt
2025-08-26 17:51:45 | DEBUG    | src.processing.discovery:discover_prompt_files:40 - Found prompt file: 250824_opus-4-1_Censored/prompt31.txt
2025-08-26 17:51:45 | DEBUG    | src.processing.discovery:discover_prompt_files:40 - Found prompt file: 250824_opus-4-1_Censored/prompt25.txt
2025-08-26 17:51:45 | DEBUG    | src.processing.discovery:discover_prompt_files:40 - Found prompt file: 250824_opus-4-1_Censored/prompt189.txt
2025-08-26 17:51:45 | DEBUG    | src.processing.discovery:discover_prompt_files:40 - Found prompt file: 250824_opus-4-1_Censored/prompt176.txt
2025-08-26 17:51:45 | DEBUG    | src.processing.discovery:discover_prompt_files:40 - Found prompt file: 250824_opus-4-1_Censored/prompt162.txt
2025-08-26 17:51:45 | DEBUG    | src.processing.discovery:discover_prompt_files:40 - Found prompt file: 250824_opus-4-1_Censored/prompt139.txt
2025-08-26 17:51:45 | DEBUG    | src.processing.discovery:discover_prompt_files:40 - Found prompt file: 250824_opus-4-1_Censored/prompt105.txt
2025-08-26 17:51:45 | DEBUG    | src.processing.discovery:discover_prompt_files:40 - Found prompt file: 250824_opus-4-1_Censored/prompt111.txt
2025-08-26 17:51:45 | DEBUG    | src.processing.discovery:discover_prompt_files:40 - Found prompt file: 250824_opus-4-1_Censored/prompt42.txt
2025-08-26 17:51:45 | DEBUG    | src.processing.discovery:discover_prompt_files:40 - Found prompt file: 250824_opus-4-1_Censored/prompt56.txt
2025-08-26 17:51:45 | DEBUG    | src.processing.discovery:discover_prompt_files:40 - Found prompt file: 250824_opus-4-1_Censored/prompt81.txt
2025-08-26 17:51:45 | DEBUG    | src.processing.discovery:discover_prompt_files:40 - Found prompt file: 250824_opus-4-1_Censored/prompt95.txt
2025-08-26 17:51:45 | DEBUG    | src.processing.discovery:discover_prompt_files:40 - Found prompt file: 250824_opus-4-1_Censored/prompt94.txt
2025-08-26 17:51:45 | DEBUG    | src.processing.discovery:discover_prompt_files:40 - Found prompt file: 250824_opus-4-1_Censored/prompt80.txt
2025-08-26 17:51:45 | DEBUG    | src.processing.discovery:discover_prompt_files:40 - Found prompt file: 250824_opus-4-1_Censored/prompt57.txt
2025-08-26 17:51:45 | DEBUG    | src.processing.discovery:discover_prompt_files:40 - Found prompt file: 250824_opus-4-1_Censored/prompt43.txt
2025-08-26 17:51:45 | DEBUG    | src.processing.discovery:discover_prompt_files:40 - Found prompt file: 250824_opus-4-1_Censored/prompt110.txt
2025-08-26 17:51:45 | DEBUG    | src.processing.discovery:discover_prompt_files:40 - Found prompt file: 250824_opus-4-1_Censored/prompt104.txt
2025-08-26 17:51:45 | DEBUG    | src.processing.discovery:discover_prompt_files:40 - Found prompt file: 250824_opus-4-1_Censored/prompt138.txt
2025-08-26 17:51:45 | DEBUG    | src.processing.discovery:discover_prompt_files:40 - Found prompt file: 250824_opus-4-1_Censored/prompt112.txt
2025-08-26 17:51:45 | DEBUG    | src.processing.discovery:discover_prompt_files:40 - Found prompt file: 250824_opus-4-1_Censored/prompt106.txt
2025-08-26 17:51:45 | DEBUG    | src.processing.discovery:discover_prompt_files:40 - Found prompt file: 250824_opus-4-1_Censored/prompt69.txt
2025-08-26 17:51:45 | DEBUG    | src.processing.discovery:discover_prompt_files:40 - Found prompt file: 250824_opus-4-1_Censored/prompt55.txt
2025-08-26 17:51:45 | DEBUG    | src.processing.discovery:discover_prompt_files:40 - Found prompt file: 250824_opus-4-1_Censored/prompt41.txt
2025-08-26 17:51:45 | DEBUG    | src.processing.discovery:discover_prompt_files:40 - Found prompt file: 250824_opus-4-1_Censored/prompt96.txt
2025-08-26 17:51:45 | DEBUG    | src.processing.discovery:discover_prompt_files:40 - Found prompt file: 250824_opus-4-1_Censored/prompt82.txt
2025-08-26 17:51:45 | DEBUG    | src.processing.discovery:discover_prompt_files:40 - Found prompt file: 250824_opus-4-1_Censored/prompt83.txt
2025-08-26 17:51:45 | DEBUG    | src.processing.discovery:discover_prompt_files:40 - Found prompt file: 250824_opus-4-1_Censored/prompt97.txt
2025-08-26 17:51:45 | DEBUG    | src.processing.discovery:discover_prompt_files:40 - Found prompt file: 250824_opus-4-1_Censored/prompt40.txt
2025-08-26 17:51:45 | DEBUG    | src.processing.discovery:discover_prompt_files:40 - Found prompt file: 250824_opus-4-1_Censored/prompt54.txt
2025-08-26 17:51:45 | DEBUG    | src.processing.discovery:discover_prompt_files:40 - Found prompt file: 250824_opus-4-1_Censored/prompt68.txt
2025-08-26 17:51:45 | DEBUG    | src.processing.discovery:discover_prompt_files:40 - Found prompt file: 250824_opus-4-1_Censored/prompt107.txt
2025-08-26 17:51:45 | DEBUG    | src.processing.discovery:discover_prompt_files:40 - Found prompt file: 250824_opus-4-1_Censored/prompt113.txt
2025-08-26 17:51:45 | DEBUG    | src.processing.discovery:discover_prompt_files:40 - Found prompt file: 250824_opus-4-1_Censored/prompt117.txt
2025-08-26 17:51:45 | DEBUG    | src.processing.discovery:discover_prompt_files:40 - Found prompt file: 250824_opus-4-1_Censored/prompt103.txt
2025-08-26 17:51:45 | DEBUG    | src.processing.discovery:discover_prompt_files:40 - Found prompt file: 250824_opus-4-1_Censored/prompt50.txt
2025-08-26 17:51:45 | DEBUG    | src.processing.discovery:discover_prompt_files:40 - Found prompt file: 250824_opus-4-1_Censored/prompt44.txt
2025-08-26 17:51:45 | DEBUG    | src.processing.discovery:discover_prompt_files:40 - Found prompt file: 250824_opus-4-1_Censored/prompt78.txt
2025-08-26 17:51:45 | DEBUG    | src.processing.discovery:discover_prompt_files:40 - Found prompt file: 250824_opus-4-1_Censored/prompt93.txt
2025-08-26 17:51:45 | DEBUG    | src.processing.discovery:discover_prompt_files:40 - Found prompt file: 250824_opus-4-1_Censored/prompt87.txt
2025-08-26 17:51:45 | DEBUG    | src.processing.discovery:discover_prompt_files:40 - Found prompt file: 250824_opus-4-1_Censored/prompt86.txt
2025-08-26 17:51:45 | DEBUG    | src.processing.discovery:discover_prompt_files:40 - Found prompt file: 250824_opus-4-1_Censored/prompt92.txt
2025-08-26 17:51:45 | DEBUG    | src.processing.discovery:discover_prompt_files:40 - Found prompt file: 250824_opus-4-1_Censored/prompt79.txt
2025-08-26 17:51:45 | DEBUG    | src.processing.discovery:discover_prompt_files:40 - Found prompt file: 250824_opus-4-1_Censored/prompt45.txt
2025-08-26 17:51:45 | DEBUG    | src.processing.discovery:discover_prompt_files:40 - Found prompt file: 250824_opus-4-1_Censored/prompt51.txt
2025-08-26 17:51:45 | DEBUG    | src.processing.discovery:discover_prompt_files:40 - Found prompt file: 250824_opus-4-1_Censored/prompt102.txt
2025-08-26 17:51:45 | DEBUG    | src.processing.discovery:discover_prompt_files:40 - Found prompt file: 250824_opus-4-1_Censored/prompt116.txt
2025-08-26 17:51:45 | DEBUG    | src.processing.discovery:discover_prompt_files:40 - Found prompt file: 250824_opus-4-1_Censored/prompt100.txt
2025-08-26 17:51:45 | DEBUG    | src.processing.discovery:discover_prompt_files:40 - Found prompt file: 250824_opus-4-1_Censored/prompt114.txt
2025-08-26 17:51:45 | DEBUG    | src.processing.discovery:discover_prompt_files:40 - Found prompt file: 250824_opus-4-1_Censored/prompt128.txt
2025-08-26 17:51:45 | DEBUG    | src.processing.discovery:discover_prompt_files:40 - Found prompt file: 250824_opus-4-1_Censored/prompt47.txt
2025-08-26 17:51:45 | DEBUG    | src.processing.discovery:discover_prompt_files:40 - Found prompt file: 250824_opus-4-1_Censored/prompt53.txt
2025-08-26 17:51:45 | DEBUG    | src.processing.discovery:discover_prompt_files:40 - Found prompt file: 250824_opus-4-1_Censored/prompt84.txt
2025-08-26 17:51:45 | DEBUG    | src.processing.discovery:discover_prompt_files:40 - Found prompt file: 250824_opus-4-1_Censored/prompt90.txt
2025-08-26 17:51:45 | DEBUG    | src.processing.discovery:discover_prompt_files:40 - Found prompt file: 250824_opus-4-1_Censored/prompt91.txt
2025-08-26 17:51:45 | DEBUG    | src.processing.discovery:discover_prompt_files:40 - Found prompt file: 250824_opus-4-1_Censored/prompt85.txt
2025-08-26 17:51:45 | DEBUG    | src.processing.discovery:discover_prompt_files:40 - Found prompt file: 250824_opus-4-1_Censored/prompt52.txt
2025-08-26 17:51:45 | DEBUG    | src.processing.discovery:discover_prompt_files:40 - Found prompt file: 250824_opus-4-1_Censored/prompt46.txt
2025-08-26 17:51:45 | DEBUG    | src.processing.discovery:discover_prompt_files:40 - Found prompt file: 250824_opus-4-1_Censored/prompt129.txt
2025-08-26 17:51:45 | DEBUG    | src.processing.discovery:discover_prompt_files:40 - Found prompt file: 250824_opus-4-1_Censored/prompt115.txt
2025-08-26 17:51:45 | DEBUG    | src.processing.discovery:discover_prompt_files:40 - Found prompt file: 250824_opus-4-1_Censored/prompt101.txt
2025-08-26 17:51:45 | DEBUG    | src.processing.discovery:discover_prompt_files:40 - Found prompt file: 250824_opus-4-1_Censored/prompt118.txt
2025-08-26 17:51:45 | DEBUG    | src.processing.discovery:discover_prompt_files:40 - Found prompt file: 250824_opus-4-1_Censored/prompt124.txt
2025-08-26 17:51:45 | DEBUG    | src.processing.discovery:discover_prompt_files:40 - Found prompt file: 250824_opus-4-1_Censored/prompt130.txt
2025-08-26 17:51:45 | DEBUG    | src.processing.discovery:discover_prompt_files:40 - Found prompt file: 250824_opus-4-1_Censored/prompt63.txt
2025-08-26 17:51:45 | DEBUG    | src.processing.discovery:discover_prompt_files:40 - Found prompt file: 250824_opus-4-1_Censored/prompt77.txt
2025-08-26 17:51:45 | DEBUG    | src.processing.discovery:discover_prompt_files:40 - Found prompt file: 250824_opus-4-1_Censored/prompt88.txt
2025-08-26 17:51:45 | DEBUG    | src.processing.discovery:discover_prompt_files:40 - Found prompt file: 250824_opus-4-1_Censored/prompt89.txt
2025-08-26 17:51:45 | DEBUG    | src.processing.discovery:discover_prompt_files:40 - Found prompt file: 250824_opus-4-1_Censored/prompt76.txt
2025-08-26 17:51:45 | DEBUG    | src.processing.discovery:discover_prompt_files:40 - Found prompt file: 250824_opus-4-1_Censored/prompt62.txt
2025-08-26 17:51:45 | DEBUG    | src.processing.discovery:discover_prompt_files:40 - Found prompt file: 250824_opus-4-1_Censored/prompt131.txt
2025-08-26 17:51:45 | DEBUG    | src.processing.discovery:discover_prompt_files:40 - Found prompt file: 250824_opus-4-1_Censored/prompt125.txt
2025-08-26 17:51:45 | DEBUG    | src.processing.discovery:discover_prompt_files:40 - Found prompt file: 250824_opus-4-1_Censored/prompt119.txt
2025-08-26 17:51:45 | DEBUG    | src.processing.discovery:discover_prompt_files:40 - Found prompt file: 250824_opus-4-1_Censored/prompt133.txt
2025-08-26 17:51:45 | DEBUG    | src.processing.discovery:discover_prompt_files:40 - Found prompt file: 250824_opus-4-1_Censored/prompt127.txt
2025-08-26 17:51:45 | DEBUG    | src.processing.discovery:discover_prompt_files:40 - Found prompt file: 250824_opus-4-1_Censored/prompt48.txt
2025-08-26 17:51:45 | DEBUG    | src.processing.discovery:discover_prompt_files:40 - Found prompt file: 250824_opus-4-1_Censored/prompt74.txt
2025-08-26 17:51:45 | DEBUG    | src.processing.discovery:discover_prompt_files:40 - Found prompt file: 250824_opus-4-1_Censored/prompt60.txt
2025-08-26 17:51:45 | DEBUG    | src.processing.discovery:discover_prompt_files:40 - Found prompt file: 250824_opus-4-1_Censored/prompt61.txt
2025-08-26 17:51:45 | DEBUG    | src.processing.discovery:discover_prompt_files:40 - Found prompt file: 250824_opus-4-1_Censored/prompt75.txt
2025-08-26 17:51:45 | DEBUG    | src.processing.discovery:discover_prompt_files:40 - Found prompt file: 250824_opus-4-1_Censored/prompt49.txt
2025-08-26 17:51:45 | DEBUG    | src.processing.discovery:discover_prompt_files:40 - Found prompt file: 250824_opus-4-1_Censored/prompt126.txt
2025-08-26 17:51:45 | DEBUG    | src.processing.discovery:discover_prompt_files:40 - Found prompt file: 250824_opus-4-1_Censored/prompt132.txt
2025-08-26 17:51:45 | DEBUG    | src.processing.discovery:discover_prompt_files:40 - Found prompt file: 250824_opus-4-1_Censored/prompt136.txt
2025-08-26 17:51:45 | DEBUG    | src.processing.discovery:discover_prompt_files:40 - Found prompt file: 250824_opus-4-1_Censored/prompt122.txt
2025-08-26 17:51:45 | DEBUG    | src.processing.discovery:discover_prompt_files:40 - Found prompt file: 250824_opus-4-1_Censored/prompt71.txt
2025-08-26 17:51:45 | DEBUG    | src.processing.discovery:discover_prompt_files:40 - Found prompt file: 250824_opus-4-1_Censored/prompt65.txt
2025-08-26 17:51:45 | DEBUG    | src.processing.discovery:discover_prompt_files:40 - Found prompt file: 250824_opus-4-1_Censored/prompt59.txt
2025-08-26 17:51:45 | DEBUG    | src.processing.discovery:discover_prompt_files:40 - Found prompt file: 250824_opus-4-1_Censored/prompt58.txt
2025-08-26 17:51:45 | DEBUG    | src.processing.discovery:discover_prompt_files:40 - Found prompt file: 250824_opus-4-1_Censored/prompt64.txt
2025-08-26 17:51:45 | DEBUG    | src.processing.discovery:discover_prompt_files:40 - Found prompt file: 250824_opus-4-1_Censored/prompt70.txt
2025-08-26 17:51:45 | DEBUG    | src.processing.discovery:discover_prompt_files:40 - Found prompt file: 250824_opus-4-1_Censored/prompt123.txt
2025-08-26 17:51:45 | DEBUG    | src.processing.discovery:discover_prompt_files:40 - Found prompt file: 250824_opus-4-1_Censored/prompt137.txt
2025-08-26 17:51:45 | DEBUG    | src.processing.discovery:discover_prompt_files:40 - Found prompt file: 250824_opus-4-1_Censored/prompt121.txt
2025-08-26 17:51:45 | DEBUG    | src.processing.discovery:discover_prompt_files:40 - Found prompt file: 250824_opus-4-1_Censored/prompt135.txt
2025-08-26 17:51:45 | DEBUG    | src.processing.discovery:discover_prompt_files:40 - Found prompt file: 250824_opus-4-1_Censored/prompt109.txt
2025-08-26 17:51:45 | DEBUG    | src.processing.discovery:discover_prompt_files:40 - Found prompt file: 250824_opus-4-1_Censored/prompt66.txt
2025-08-26 17:51:45 | DEBUG    | src.processing.discovery:discover_prompt_files:40 - Found prompt file: 250824_opus-4-1_Censored/prompt72.txt
2025-08-26 17:51:45 | DEBUG    | src.processing.discovery:discover_prompt_files:40 - Found prompt file: 250824_opus-4-1_Censored/prompt99.txt
2025-08-26 17:51:45 | DEBUG    | src.processing.discovery:discover_prompt_files:40 - Found prompt file: 250824_opus-4-1_Censored/prompt98.txt
2025-08-26 17:51:45 | DEBUG    | src.processing.discovery:discover_prompt_files:40 - Found prompt file: 250824_opus-4-1_Censored/prompt73.txt
2025-08-26 17:51:45 | DEBUG    | src.processing.discovery:discover_prompt_files:40 - Found prompt file: 250824_opus-4-1_Censored/prompt67.txt
2025-08-26 17:51:45 | DEBUG    | src.processing.discovery:discover_prompt_files:40 - Found prompt file: 250824_opus-4-1_Censored/prompt108.txt
2025-08-26 17:51:45 | DEBUG    | src.processing.discovery:discover_prompt_files:40 - Found prompt file: 250824_opus-4-1_Censored/prompt134.txt
2025-08-26 17:51:45 | DEBUG    | src.processing.discovery:discover_prompt_files:40 - Found prompt file: 250824_opus-4-1_Censored/prompt120.txt
2025-08-26 17:51:45 | DEBUG    | src.processing.discovery:discover_prompt_files:40 - Found prompt file: 250824_opus-4-1_Censored/prompt147.txt
2025-08-26 17:51:45 | DEBUG    | src.processing.discovery:discover_prompt_files:40 - Found prompt file: 250824_opus-4-1_Censored/prompt153.txt
2025-08-26 17:51:45 | DEBUG    | src.processing.discovery:discover_prompt_files:40 - Found prompt file: 250824_opus-4-1_Censored/prompt184.txt
2025-08-26 17:51:45 | DEBUG    | src.processing.discovery:discover_prompt_files:40 - Found prompt file: 250824_opus-4-1_Censored/prompt190.txt
2025-08-26 17:51:45 | DEBUG    | src.processing.discovery:discover_prompt_files:40 - Found prompt file: 250824_opus-4-1_Censored/prompt28.txt
2025-08-26 17:51:45 | DEBUG    | src.processing.discovery:discover_prompt_files:40 - Found prompt file: 250824_opus-4-1_Censored/prompt14.txt
2025-08-26 17:51:45 | DEBUG    | src.processing.discovery:discover_prompt_files:40 - Found prompt file: 250824_opus-4-1_Censored/prompt15.txt
2025-08-26 17:51:45 | DEBUG    | src.processing.discovery:discover_prompt_files:40 - Found prompt file: 250824_opus-4-1_Censored/prompt01.txt
2025-08-26 17:51:45 | DEBUG    | src.processing.discovery:discover_prompt_files:40 - Found prompt file: 250824_opus-4-1_Censored/prompt29.txt
2025-08-26 17:51:45 | DEBUG    | src.processing.discovery:discover_prompt_files:40 - Found prompt file: 250824_opus-4-1_Censored/prompt191.txt
2025-08-26 17:51:45 | DEBUG    | src.processing.discovery:discover_prompt_files:40 - Found prompt file: 250824_opus-4-1_Censored/prompt185.txt
2025-08-26 17:51:45 | DEBUG    | src.processing.discovery:discover_prompt_files:40 - Found prompt file: 250824_opus-4-1_Censored/prompt152.txt
2025-08-26 17:51:45 | DEBUG    | src.processing.discovery:discover_prompt_files:40 - Found prompt file: 250824_opus-4-1_Censored/prompt146.txt
2025-08-26 17:51:45 | DEBUG    | src.processing.discovery:discover_prompt_files:40 - Found prompt file: 250824_opus-4-1_Censored/prompt178.txt
2025-08-26 17:51:45 | DEBUG    | src.processing.discovery:discover_prompt_files:40 - Found prompt file: 250824_opus-4-1_Censored/prompt150.txt
2025-08-26 17:51:45 | DEBUG    | src.processing.discovery:discover_prompt_files:40 - Found prompt file: 250824_opus-4-1_Censored/prompt144.txt
2025-08-26 17:51:45 | DEBUG    | src.processing.discovery:discover_prompt_files:40 - Found prompt file: 250824_opus-4-1_Censored/prompt187.txt
2025-08-26 17:51:45 | DEBUG    | src.processing.discovery:discover_prompt_files:40 - Found prompt file: 250824_opus-4-1_Censored/prompt17.txt
2025-08-26 17:51:45 | DEBUG    | src.processing.discovery:discover_prompt_files:40 - Found prompt file: 250824_opus-4-1_Censored/prompt03.txt
2025-08-26 17:51:45 | DEBUG    | src.processing.discovery:discover_prompt_files:40 - Found prompt file: 250824_opus-4-1_Censored/prompt02.txt
2025-08-26 17:51:45 | DEBUG    | src.processing.discovery:discover_prompt_files:40 - Found prompt file: 250824_opus-4-1_Censored/prompt16.txt
2025-08-26 17:51:45 | DEBUG    | src.processing.discovery:discover_prompt_files:40 - Found prompt file: 250824_opus-4-1_Censored/prompt186.txt
2025-08-26 17:51:45 | DEBUG    | src.processing.discovery:discover_prompt_files:40 - Found prompt file: 250824_opus-4-1_Censored/prompt192.txt
2025-08-26 17:51:45 | DEBUG    | src.processing.discovery:discover_prompt_files:40 - Found prompt file: 250824_opus-4-1_Censored/prompt145.txt
2025-08-26 17:51:45 | DEBUG    | src.processing.discovery:discover_prompt_files:40 - Found prompt file: 250824_opus-4-1_Censored/prompt151.txt
2025-08-26 17:51:45 | DEBUG    | src.processing.discovery:discover_prompt_files:40 - Found prompt file: 250824_opus-4-1_Censored/prompt179.txt
2025-08-26 17:51:45 | DEBUG    | src.processing.discovery:discover_prompt_files:40 - Found prompt file: 250824_opus-4-1_Censored/prompt155.txt
2025-08-26 17:51:45 | DEBUG    | src.processing.discovery:discover_prompt_files:40 - Found prompt file: 250824_opus-4-1_Censored/prompt141.txt
2025-08-26 17:51:45 | DEBUG    | src.processing.discovery:discover_prompt_files:40 - Found prompt file: 250824_opus-4-1_Censored/prompt169.txt
2025-08-26 17:51:45 | DEBUG    | src.processing.discovery:discover_prompt_files:40 - Found prompt file: 250824_opus-4-1_Censored/prompt182.txt
2025-08-26 17:51:45 | DEBUG    | src.processing.discovery:discover_prompt_files:40 - Found prompt file: 250824_opus-4-1_Censored/prompt12.txt
2025-08-26 17:51:45 | DEBUG    | src.processing.discovery:discover_prompt_files:40 - Found prompt file: 250824_opus-4-1_Censored/prompt06.txt
2025-08-26 17:51:45 | DEBUG    | src.processing.discovery:discover_prompt_files:40 - Found prompt file: 250824_opus-4-1_Censored/prompt07.txt
2025-08-26 17:51:45 | DEBUG    | src.processing.discovery:discover_prompt_files:40 - Found prompt file: 250824_opus-4-1_Censored/prompt13.txt
2025-08-26 17:51:45 | DEBUG    | src.processing.discovery:discover_prompt_files:40 - Found prompt file: 250824_opus-4-1_Censored/prompt183.txt
2025-08-26 17:51:45 | DEBUG    | src.processing.discovery:discover_prompt_files:40 - Found prompt file: 250824_opus-4-1_Censored/prompt168.txt
2025-08-26 17:51:45 | DEBUG    | src.processing.discovery:discover_prompt_files:40 - Found prompt file: 250824_opus-4-1_Censored/prompt140.txt
2025-08-26 17:51:45 | DEBUG    | src.processing.discovery:discover_prompt_files:40 - Found prompt file: 250824_opus-4-1_Censored/prompt154.txt
2025-08-26 17:51:45 | DEBUG    | src.processing.discovery:discover_prompt_files:40 - Found prompt file: 250824_opus-4-1_Censored/prompt142.txt
2025-08-26 17:51:45 | DEBUG    | src.processing.discovery:discover_prompt_files:40 - Found prompt file: 250824_opus-4-1_Censored/prompt156.txt
2025-08-26 17:51:45 | DEBUG    | src.processing.discovery:discover_prompt_files:40 - Found prompt file: 250824_opus-4-1_Censored/prompt181.txt
2025-08-26 17:51:45 | DEBUG    | src.processing.discovery:discover_prompt_files:40 - Found prompt file: 250824_opus-4-1_Censored/prompt05.txt
2025-08-26 17:51:45 | DEBUG    | src.processing.discovery:discover_prompt_files:40 - Found prompt file: 250824_opus-4-1_Censored/prompt11.txt
2025-08-26 17:51:45 | DEBUG    | src.processing.discovery:discover_prompt_files:40 - Found prompt file: 250824_opus-4-1_Censored/prompt39.txt
2025-08-26 17:51:45 | DEBUG    | src.processing.discovery:discover_prompt_files:40 - Found prompt file: 250824_opus-4-1_Censored/prompt38.txt
2025-08-26 17:51:45 | DEBUG    | src.processing.discovery:discover_prompt_files:40 - Found prompt file: 250824_opus-4-1_Censored/prompt10.txt
2025-08-26 17:51:45 | DEBUG    | src.processing.discovery:discover_prompt_files:40 - Found prompt file: 250824_opus-4-1_Censored/prompt04.txt
2025-08-26 17:51:45 | DEBUG    | src.processing.discovery:discover_prompt_files:40 - Found prompt file: 250824_opus-4-1_Censored/prompt180.txt
2025-08-26 17:51:45 | DEBUG    | src.processing.discovery:discover_prompt_files:40 - Found prompt file: 250824_opus-4-1_Censored/prompt157.txt
2025-08-26 17:51:45 | DEBUG    | src.processing.discovery:discover_prompt_files:40 - Found prompt file: 250824_opus-4-1_Censored/prompt143.txt
2025-08-26 17:51:45 | INFO     | src.processing.discovery:discover_prompt_files:45 - Discovered 192 prompt files
2025-08-26 17:51:45 | DEBUG    | src.processing.discovery:discover_profiles:93 - Loaded profile: USER-FILES/03.PROFILES/gpt_image_3x2.yaml
2025-08-26 17:51:45 | INFO     | src.processing.discovery:discover_profiles:97 - Loaded 1 profiles
2025-08-26 17:51:45 | INFO     | src.processing.discovery:get_active_models:128 - Found profile: gpt_image_3x2
2025-08-26 17:51:45 | INFO     | src.processing.discovery:get_active_models:133 - Total profiles to process: 1
2025-08-26 17:51:45 | INFO     | src.config.validator:validate_all:26 - All configuration validation passed
2025-08-26 17:51:45 | INFO     | __main__:main:96 - Output directory: USER-FILES/05.OUTPUT/250826_175145
2025-08-26 17:51:45 | INFO     | __main__:main:157 - Starting matrix processing...
2025-08-26 17:51:45 | INFO     | src.processing.processor:process_all:65 - Processing 192 combinations (192 files × 1 profiles)
2025-08-26 17:51:45 | INFO     | src.processing.discovery:load_prompts:63 - Loaded prompt from prompt01.txt
2025-08-26 17:51:45 | INFO     | src.processing.processor:process_all:98 - Processing combination 1/192: 250824_opus-4-1_Censored/prompt01.txt + gpt_image_3x2
2025-08-26 17:51:45 | DEBUG    | src.processing.processor:_process_file_model_combination:162 - Processing 250824_opus-4-1_Censored/prompt01.txt: Late 1700s Swedish countryside exterior at golden ...
2025-08-26 17:51:45 | DEBUG    | src.api.client:_call_with_retry:100 - API call attempt 1/3
2025-08-26 17:53:14 | DEBUG    | src.api.client:_call_with_retry:113 - API call successful
2025-08-26 17:53:18 | INFO     | src.output.writer:save_image:117 - Saved valid image: USER-FILES/05.OUTPUT/250826_175145/gpt_image_3x2/250824_opus-4-1_Censored/prompt01_175314_gpt_image_3x2_1536x1024xauto.webp
2025-08-26 17:53:18 | INFO     | src.processing.processor:_process_file_model_combination:204 - Saved image: prompt01_175314_gpt_image_3x2_1536x1024xauto.webp
2025-08-26 17:53:18 | INFO     | src.processing.discovery:load_prompts:63 - Loaded prompt from prompt02.txt
2025-08-26 17:53:18 | INFO     | src.processing.processor:process_all:98 - Processing combination 2/192: 250824_opus-4-1_Censored/prompt02.txt + gpt_image_3x2
2025-08-26 17:53:18 | DEBUG    | src.processing.processor:_process_file_model_combination:162 - Processing 250824_opus-4-1_Censored/prompt02.txt: Late 1700s medieval stone church interior, long vi...
2025-08-26 17:53:18 | DEBUG    | src.api.client:_call_with_retry:100 - API call attempt 1/3
2025-08-26 17:54:58 | DEBUG    | src.api.client:_call_with_retry:113 - API call successful
2025-08-26 17:55:02 | INFO     | src.output.writer:save_image:117 - Saved valid image: USER-FILES/05.OUTPUT/250826_175145/gpt_image_3x2/250824_opus-4-1_Censored/prompt02_175458_gpt_image_3x2_1536x1024xauto.webp
2025-08-26 17:55:02 | INFO     | src.processing.processor:_process_file_model_combination:204 - Saved image: prompt02_175458_gpt_image_3x2_1536x1024xauto.webp
2025-08-26 17:55:02 | INFO     | src.processing.discovery:load_prompts:63 - Loaded prompt from prompt03.txt
2025-08-26 17:55:02 | INFO     | src.processing.processor:process_all:98 - Processing combination 3/192: 250824_opus-4-1_Censored/prompt03.txt + gpt_image_3x2
2025-08-26 17:55:02 | DEBUG    | src.processing.processor:_process_file_model_combination:162 - Processing 250824_opus-4-1_Censored/prompt03.txt: Late 1700s medieval church interior, extreme close...
2025-08-26 17:55:02 | DEBUG    | src.api.client:_call_with_retry:100 - API call attempt 1/3
2025-08-26 17:56:42 | DEBUG    | src.api.client:_call_with_retry:113 - API call successful
2025-08-26 17:56:46 | INFO     | src.output.writer:save_image:117 - Saved valid image: USER-FILES/05.OUTPUT/250826_175145/gpt_image_3x2/250824_opus-4-1_Censored/prompt03_175642_gpt_image_3x2_1536x1024xauto.webp
2025-08-26 17:56:46 | INFO     | src.processing.processor:_process_file_model_combination:204 - Saved image: prompt03_175642_gpt_image_3x2_1536x1024xauto.webp
2025-08-26 17:56:46 | INFO     | src.processing.discovery:load_prompts:63 - Loaded prompt from prompt04.txt
2025-08-26 17:56:46 | INFO     | src.processing.processor:process_all:98 - Processing combination 4/192: 250824_opus-4-1_Censored/prompt04.txt + gpt_image_3x2
2025-08-26 17:56:46 | DEBUG    | src.processing.processor:_process_file_model_combination:162 - Processing 250824_opus-4-1_Censored/prompt04.txt: Late 1700s medieval church interior, low angle med...
2025-08-26 17:56:46 | DEBUG    | src.api.client:_call_with_retry:100 - API call attempt 1/3
2025-08-26 17:58:02 | DEBUG    | src.api.client:_call_with_retry:113 - API call successful
2025-08-26 17:58:04 | INFO     | src.output.writer:save_image:117 - Saved valid image: USER-FILES/05.OUTPUT/250826_175145/gpt_image_3x2/250824_opus-4-1_Censored/prompt04_175802_gpt_image_3x2_1536x1024xauto.webp
2025-08-26 17:58:04 | INFO     | src.processing.processor:_process_file_model_combination:204 - Saved image: prompt04_175802_gpt_image_3x2_1536x1024xauto.webp
2025-08-26 17:58:04 | INFO     | src.processing.discovery:load_prompts:63 - Loaded prompt from prompt05.txt
2025-08-26 17:58:04 | INFO     | src.processing.processor:process_all:98 - Processing combination 5/192: 250824_opus-4-1_Censored/prompt05.txt + gpt_image_3x2
2025-08-26 17:58:04 | DEBUG    | src.processing.processor:_process_file_model_combination:162 - Processing 250824_opus-4-1_Censored/prompt05.txt: Late 1700s medieval church interior, medium shot o...
2025-08-26 17:58:04 | DEBUG    | src.api.client:_call_with_retry:100 - API call attempt 1/3
2025-08-26 17:59:27 | DEBUG    | src.api.client:_call_with_retry:113 - API call successful
2025-08-26 17:59:30 | INFO     | src.output.writer:save_image:117 - Saved valid image: USER-FILES/05.OUTPUT/250826_175145/gpt_image_3x2/250824_opus-4-1_Censored/prompt05_175927_gpt_image_3x2_1536x1024xauto.webp
2025-08-26 17:59:30 | INFO     | src.processing.processor:_process_file_model_combination:204 - Saved image: prompt05_175927_gpt_image_3x2_1536x1024xauto.webp
2025-08-26 17:59:30 | INFO     | src.processing.discovery:load_prompts:63 - Loaded prompt from prompt06.txt
2025-08-26 17:59:30 | INFO     | src.processing.processor:process_all:98 - Processing combination 6/192: 250824_opus-4-1_Censored/prompt06.txt + gpt_image_3x2
2025-08-26 17:59:30 | DEBUG    | src.processing.processor:_process_file_model_combination:162 - Processing 250824_opus-4-1_Censored/prompt06.txt: Late 1700s medieval church interior, medium shot i...
2025-08-26 17:59:30 | DEBUG    | src.api.client:_call_with_retry:100 - API call attempt 1/3
2025-08-26 18:00:38 | DEBUG    | src.api.client:_call_with_retry:113 - API call successful
2025-08-26 18:00:40 | INFO     | src.output.writer:save_image:117 - Saved valid image: USER-FILES/05.OUTPUT/250826_175145/gpt_image_3x2/250824_opus-4-1_Censored/prompt06_180038_gpt_image_3x2_1536x1024xauto.webp
2025-08-26 18:00:40 | INFO     | src.processing.processor:_process_file_model_combination:204 - Saved image: prompt06_180038_gpt_image_3x2_1536x1024xauto.webp
2025-08-26 18:00:40 | INFO     | src.processing.discovery:load_prompts:63 - Loaded prompt from prompt07.txt
2025-08-26 18:00:40 | INFO     | src.processing.processor:process_all:98 - Processing combination 7/192: 250824_opus-4-1_Censored/prompt07.txt + gpt_image_3x2
2025-08-26 18:00:40 | DEBUG    | src.processing.processor:_process_file_model_combination:162 - Processing 250824_opus-4-1_Censored/prompt07.txt: Late 1700s medieval church interior, medium wide s...
2025-08-26 18:00:40 | DEBUG    | src.api.client:_call_with_retry:100 - API call attempt 1/3
