2025-08-28 21:34:29 | INFO     | src.utils.logging:setup_logging:39 - Logging configured (verbose=False, debug=False)
2025-08-28 21:34:29 | INFO     | __main__:main:75 - Loading configuration...
2025-08-28 21:34:29 | INFO     | src.config.loader:load_config:42 - Loaded configuration from USER-FILES/01.CONFIG/config.yaml
2025-08-28 21:34:29 | INFO     | __main__:main:80 - Authenticating...
2025-08-28 21:34:29 | DEBUG    | src.auth.env:get_fal_api_key_from_env:19 - Loaded environment from /Users/ruben/08_-_DEVELOPMENT/ISOF_IMAGE_WORKFLOW/00.fal-text->image-tool/.env
2025-08-28 21:34:29 | INFO     | src.auth.env:get_fal_api_key_from_env:25 - Successfully retrieved FAL API key from environment
2025-08-28 21:34:29 | INFO     | __main__:main:84 - Discovering inputs...
2025-08-28 21:34:29 | DEBUG    | src.processing.discovery:discover_prompt_files:40 - Found prompt file: 250824_censored_brunette/prompt166.txt
2025-08-28 21:34:29 | DEBUG    | src.processing.discovery:discover_prompt_files:40 - Found prompt file: 250824_censored_brunette/prompt172.txt
2025-08-28 21:34:29 | DEBUG    | src.processing.discovery:discover_prompt_files:40 - Found prompt file: 250824_censored_brunette/prompt09.txt
2025-08-28 21:34:29 | DEBUG    | src.processing.discovery:discover_prompt_files:40 - Found prompt file: 250824_censored_brunette/prompt21.txt
2025-08-28 21:34:29 | DEBUG    | src.processing.discovery:discover_prompt_files:40 - Found prompt file: 250824_censored_brunette/prompt35.txt
2025-08-28 21:34:29 | DEBUG    | src.processing.discovery:discover_prompt_files:40 - Found prompt file: 250824_censored_brunette/prompt34.txt
2025-08-28 21:34:29 | DEBUG    | src.processing.discovery:discover_prompt_files:40 - Found prompt file: 250824_censored_brunette/prompt20.txt
2025-08-28 21:34:29 | DEBUG    | src.processing.discovery:discover_prompt_files:40 - Found prompt file: 250824_censored_brunette/prompt08.txt
2025-08-28 21:34:29 | DEBUG    | src.processing.discovery:discover_prompt_files:40 - Found prompt file: 250824_censored_brunette/prompt173.txt
2025-08-28 21:34:29 | DEBUG    | src.processing.discovery:discover_prompt_files:40 - Found prompt file: 250824_censored_brunette/prompt167.txt
2025-08-28 21:34:29 | DEBUG    | src.processing.discovery:discover_prompt_files:40 - Found prompt file: 250824_censored_brunette/prompt159.txt
2025-08-28 21:34:29 | DEBUG    | src.processing.discovery:discover_prompt_files:40 - Found prompt file: 250824_censored_brunette/prompt171.txt
2025-08-28 21:34:29 | DEBUG    | src.processing.discovery:discover_prompt_files:40 - Found prompt file: 250824_censored_brunette/prompt165.txt
2025-08-28 21:34:29 | DEBUG    | src.processing.discovery:discover_prompt_files:40 - Found prompt file: 250824_censored_brunette/prompt36.txt
2025-08-28 21:34:29 | DEBUG    | src.processing.discovery:discover_prompt_files:40 - Found prompt file: 250824_censored_brunette/prompt22.txt
2025-08-28 21:34:29 | DEBUG    | src.processing.discovery:discover_prompt_files:40 - Found prompt file: 250824_censored_brunette/prompt23.txt
2025-08-28 21:34:29 | DEBUG    | src.processing.discovery:discover_prompt_files:40 - Found prompt file: 250824_censored_brunette/prompt37.txt
2025-08-28 21:34:29 | DEBUG    | src.processing.discovery:discover_prompt_files:40 - Found prompt file: 250824_censored_brunette/prompt164.txt
2025-08-28 21:34:29 | DEBUG    | src.processing.discovery:discover_prompt_files:40 - Found prompt file: 250824_censored_brunette/prompt170.txt
2025-08-28 21:34:29 | DEBUG    | src.processing.discovery:discover_prompt_files:40 - Found prompt file: 250824_censored_brunette/prompt158.txt
2025-08-28 21:34:29 | DEBUG    | src.processing.discovery:discover_prompt_files:40 - Found prompt file: 250824_censored_brunette/prompt174.txt
2025-08-28 21:34:29 | DEBUG    | src.processing.discovery:discover_prompt_files:40 - Found prompt file: 250824_censored_brunette/prompt160.txt
2025-08-28 21:34:29 | DEBUG    | src.processing.discovery:discover_prompt_files:40 - Found prompt file: 250824_censored_brunette/prompt148.txt
2025-08-28 21:34:29 | DEBUG    | src.processing.discovery:discover_prompt_files:40 - Found prompt file: 250824_censored_brunette/prompt33.txt
2025-08-28 21:34:29 | DEBUG    | src.processing.discovery:discover_prompt_files:40 - Found prompt file: 250824_censored_brunette/prompt27.txt
2025-08-28 21:34:29 | DEBUG    | src.processing.discovery:discover_prompt_files:40 - Found prompt file: 250824_censored_brunette/prompt26.txt
2025-08-28 21:34:29 | DEBUG    | src.processing.discovery:discover_prompt_files:40 - Found prompt file: 250824_censored_brunette/prompt32.txt
2025-08-28 21:34:29 | DEBUG    | src.processing.discovery:discover_prompt_files:40 - Found prompt file: 250824_censored_brunette/prompt149.txt
2025-08-28 21:34:29 | DEBUG    | src.processing.discovery:discover_prompt_files:40 - Found prompt file: 250824_censored_brunette/prompt161.txt
2025-08-28 21:34:29 | DEBUG    | src.processing.discovery:discover_prompt_files:40 - Found prompt file: 250824_censored_brunette/prompt175.txt
2025-08-28 21:34:29 | DEBUG    | src.processing.discovery:discover_prompt_files:40 - Found prompt file: 250824_censored_brunette/prompt163.txt
2025-08-28 21:34:29 | DEBUG    | src.processing.discovery:discover_prompt_files:40 - Found prompt file: 250824_censored_brunette/prompt177.txt
2025-08-28 21:34:29 | DEBUG    | src.processing.discovery:discover_prompt_files:40 - Found prompt file: 250824_censored_brunette/prompt188.txt
2025-08-28 21:34:29 | DEBUG    | src.processing.discovery:discover_prompt_files:40 - Found prompt file: 250824_censored_brunette/prompt24.txt
2025-08-28 21:34:29 | DEBUG    | src.processing.discovery:discover_prompt_files:40 - Found prompt file: 250824_censored_brunette/prompt30.txt
2025-08-28 21:34:29 | DEBUG    | src.processing.discovery:discover_prompt_files:40 - Found prompt file: 250824_censored_brunette/prompt18.txt
2025-08-28 21:34:29 | DEBUG    | src.processing.discovery:discover_prompt_files:40 - Found prompt file: 250824_censored_brunette/prompt19.txt
2025-08-28 21:34:29 | DEBUG    | src.processing.discovery:discover_prompt_files:40 - Found prompt file: 250824_censored_brunette/prompt31.txt
2025-08-28 21:34:29 | DEBUG    | src.processing.discovery:discover_prompt_files:40 - Found prompt file: 250824_censored_brunette/prompt25.txt
2025-08-28 21:34:29 | DEBUG    | src.processing.discovery:discover_prompt_files:40 - Found prompt file: 250824_censored_brunette/prompt189.txt
2025-08-28 21:34:29 | DEBUG    | src.processing.discovery:discover_prompt_files:40 - Found prompt file: 250824_censored_brunette/prompt176.txt
2025-08-28 21:34:29 | DEBUG    | src.processing.discovery:discover_prompt_files:40 - Found prompt file: 250824_censored_brunette/prompt162.txt
2025-08-28 21:34:29 | DEBUG    | src.processing.discovery:discover_prompt_files:40 - Found prompt file: 250824_censored_brunette/prompt139.txt
2025-08-28 21:34:29 | DEBUG    | src.processing.discovery:discover_prompt_files:40 - Found prompt file: 250824_censored_brunette/prompt105.txt
2025-08-28 21:34:29 | DEBUG    | src.processing.discovery:discover_prompt_files:40 - Found prompt file: 250824_censored_brunette/prompt111.txt
2025-08-28 21:34:29 | DEBUG    | src.processing.discovery:discover_prompt_files:40 - Found prompt file: 250824_censored_brunette/prompt42.txt
2025-08-28 21:34:29 | DEBUG    | src.processing.discovery:discover_prompt_files:40 - Found prompt file: 250824_censored_brunette/prompt56.txt
2025-08-28 21:34:29 | DEBUG    | src.processing.discovery:discover_prompt_files:40 - Found prompt file: 250824_censored_brunette/prompt81.txt
2025-08-28 21:34:29 | DEBUG    | src.processing.discovery:discover_prompt_files:40 - Found prompt file: 250824_censored_brunette/prompt95.txt
2025-08-28 21:34:29 | DEBUG    | src.processing.discovery:discover_prompt_files:40 - Found prompt file: 250824_censored_brunette/prompt94.txt
2025-08-28 21:34:29 | DEBUG    | src.processing.discovery:discover_prompt_files:40 - Found prompt file: 250824_censored_brunette/prompt80.txt
2025-08-28 21:34:29 | DEBUG    | src.processing.discovery:discover_prompt_files:40 - Found prompt file: 250824_censored_brunette/prompt57.txt
2025-08-28 21:34:29 | DEBUG    | src.processing.discovery:discover_prompt_files:40 - Found prompt file: 250824_censored_brunette/prompt43.txt
2025-08-28 21:34:29 | DEBUG    | src.processing.discovery:discover_prompt_files:40 - Found prompt file: 250824_censored_brunette/prompt110.txt
2025-08-28 21:34:29 | DEBUG    | src.processing.discovery:discover_prompt_files:40 - Found prompt file: 250824_censored_brunette/prompt104.txt
2025-08-28 21:34:29 | DEBUG    | src.processing.discovery:discover_prompt_files:40 - Found prompt file: 250824_censored_brunette/prompt138.txt
2025-08-28 21:34:29 | DEBUG    | src.processing.discovery:discover_prompt_files:40 - Found prompt file: 250824_censored_brunette/prompt112.txt
2025-08-28 21:34:29 | DEBUG    | src.processing.discovery:discover_prompt_files:40 - Found prompt file: 250824_censored_brunette/prompt106.txt
2025-08-28 21:34:29 | DEBUG    | src.processing.discovery:discover_prompt_files:40 - Found prompt file: 250824_censored_brunette/prompt69.txt
2025-08-28 21:34:29 | DEBUG    | src.processing.discovery:discover_prompt_files:40 - Found prompt file: 250824_censored_brunette/prompt55.txt
2025-08-28 21:34:29 | DEBUG    | src.processing.discovery:discover_prompt_files:40 - Found prompt file: 250824_censored_brunette/prompt41.txt
2025-08-28 21:34:29 | DEBUG    | src.processing.discovery:discover_prompt_files:40 - Found prompt file: 250824_censored_brunette/prompt96.txt
2025-08-28 21:34:29 | DEBUG    | src.processing.discovery:discover_prompt_files:40 - Found prompt file: 250824_censored_brunette/prompt82.txt
2025-08-28 21:34:29 | DEBUG    | src.processing.discovery:discover_prompt_files:40 - Found prompt file: 250824_censored_brunette/prompt83.txt
2025-08-28 21:34:29 | DEBUG    | src.processing.discovery:discover_prompt_files:40 - Found prompt file: 250824_censored_brunette/prompt97.txt
2025-08-28 21:34:29 | DEBUG    | src.processing.discovery:discover_prompt_files:40 - Found prompt file: 250824_censored_brunette/prompt40.txt
2025-08-28 21:34:29 | DEBUG    | src.processing.discovery:discover_prompt_files:40 - Found prompt file: 250824_censored_brunette/prompt54.txt
2025-08-28 21:34:29 | DEBUG    | src.processing.discovery:discover_prompt_files:40 - Found prompt file: 250824_censored_brunette/prompt68.txt
2025-08-28 21:34:29 | DEBUG    | src.processing.discovery:discover_prompt_files:40 - Found prompt file: 250824_censored_brunette/prompt107.txt
2025-08-28 21:34:29 | DEBUG    | src.processing.discovery:discover_prompt_files:40 - Found prompt file: 250824_censored_brunette/prompt113.txt
2025-08-28 21:34:29 | DEBUG    | src.processing.discovery:discover_prompt_files:40 - Found prompt file: 250824_censored_brunette/prompt117.txt
2025-08-28 21:34:29 | DEBUG    | src.processing.discovery:discover_prompt_files:40 - Found prompt file: 250824_censored_brunette/prompt103.txt
2025-08-28 21:34:29 | DEBUG    | src.processing.discovery:discover_prompt_files:40 - Found prompt file: 250824_censored_brunette/prompt50.txt
2025-08-28 21:34:29 | DEBUG    | src.processing.discovery:discover_prompt_files:40 - Found prompt file: 250824_censored_brunette/prompt44.txt
2025-08-28 21:34:29 | DEBUG    | src.processing.discovery:discover_prompt_files:40 - Found prompt file: 250824_censored_brunette/prompt78.txt
2025-08-28 21:34:29 | DEBUG    | src.processing.discovery:discover_prompt_files:40 - Found prompt file: 250824_censored_brunette/prompt93.txt
2025-08-28 21:34:29 | DEBUG    | src.processing.discovery:discover_prompt_files:40 - Found prompt file: 250824_censored_brunette/prompt87.txt
2025-08-28 21:34:29 | DEBUG    | src.processing.discovery:discover_prompt_files:40 - Found prompt file: 250824_censored_brunette/prompt86.txt
2025-08-28 21:34:29 | DEBUG    | src.processing.discovery:discover_prompt_files:40 - Found prompt file: 250824_censored_brunette/prompt92.txt
2025-08-28 21:34:29 | DEBUG    | src.processing.discovery:discover_prompt_files:40 - Found prompt file: 250824_censored_brunette/prompt79.txt
2025-08-28 21:34:29 | DEBUG    | src.processing.discovery:discover_prompt_files:40 - Found prompt file: 250824_censored_brunette/prompt45.txt
2025-08-28 21:34:29 | DEBUG    | src.processing.discovery:discover_prompt_files:40 - Found prompt file: 250824_censored_brunette/prompt51.txt
2025-08-28 21:34:29 | DEBUG    | src.processing.discovery:discover_prompt_files:40 - Found prompt file: 250824_censored_brunette/prompt102.txt
2025-08-28 21:34:29 | DEBUG    | src.processing.discovery:discover_prompt_files:40 - Found prompt file: 250824_censored_brunette/prompt116.txt
2025-08-28 21:34:29 | DEBUG    | src.processing.discovery:discover_prompt_files:40 - Found prompt file: 250824_censored_brunette/prompt100.txt
2025-08-28 21:34:29 | DEBUG    | src.processing.discovery:discover_prompt_files:40 - Found prompt file: 250824_censored_brunette/prompt114.txt
2025-08-28 21:34:29 | DEBUG    | src.processing.discovery:discover_prompt_files:40 - Found prompt file: 250824_censored_brunette/prompt128.txt
2025-08-28 21:34:29 | DEBUG    | src.processing.discovery:discover_prompt_files:40 - Found prompt file: 250824_censored_brunette/prompt47.txt
2025-08-28 21:34:29 | DEBUG    | src.processing.discovery:discover_prompt_files:40 - Found prompt file: 250824_censored_brunette/prompt53.txt
2025-08-28 21:34:29 | DEBUG    | src.processing.discovery:discover_prompt_files:40 - Found prompt file: 250824_censored_brunette/prompt84.txt
2025-08-28 21:34:29 | DEBUG    | src.processing.discovery:discover_prompt_files:40 - Found prompt file: 250824_censored_brunette/prompt90.txt
2025-08-28 21:34:29 | DEBUG    | src.processing.discovery:discover_prompt_files:40 - Found prompt file: 250824_censored_brunette/prompt91.txt
2025-08-28 21:34:29 | DEBUG    | src.processing.discovery:discover_prompt_files:40 - Found prompt file: 250824_censored_brunette/prompt85.txt
2025-08-28 21:34:29 | DEBUG    | src.processing.discovery:discover_prompt_files:40 - Found prompt file: 250824_censored_brunette/prompt52.txt
2025-08-28 21:34:29 | DEBUG    | src.processing.discovery:discover_prompt_files:40 - Found prompt file: 250824_censored_brunette/prompt46.txt
2025-08-28 21:34:29 | DEBUG    | src.processing.discovery:discover_prompt_files:40 - Found prompt file: 250824_censored_brunette/prompt129.txt
2025-08-28 21:34:29 | DEBUG    | src.processing.discovery:discover_prompt_files:40 - Found prompt file: 250824_censored_brunette/prompt115.txt
2025-08-28 21:34:29 | DEBUG    | src.processing.discovery:discover_prompt_files:40 - Found prompt file: 250824_censored_brunette/prompt101.txt
2025-08-28 21:34:29 | DEBUG    | src.processing.discovery:discover_prompt_files:40 - Found prompt file: 250824_censored_brunette/prompt118.txt
2025-08-28 21:34:29 | DEBUG    | src.processing.discovery:discover_prompt_files:40 - Found prompt file: 250824_censored_brunette/prompt124.txt
2025-08-28 21:34:29 | DEBUG    | src.processing.discovery:discover_prompt_files:40 - Found prompt file: 250824_censored_brunette/prompt130.txt
2025-08-28 21:34:29 | DEBUG    | src.processing.discovery:discover_prompt_files:40 - Found prompt file: 250824_censored_brunette/prompt63.txt
2025-08-28 21:34:29 | DEBUG    | src.processing.discovery:discover_prompt_files:40 - Found prompt file: 250824_censored_brunette/prompt77.txt
2025-08-28 21:34:29 | DEBUG    | src.processing.discovery:discover_prompt_files:40 - Found prompt file: 250824_censored_brunette/prompt88.txt
2025-08-28 21:34:29 | DEBUG    | src.processing.discovery:discover_prompt_files:40 - Found prompt file: 250824_censored_brunette/prompt89.txt
2025-08-28 21:34:29 | DEBUG    | src.processing.discovery:discover_prompt_files:40 - Found prompt file: 250824_censored_brunette/prompt76.txt
2025-08-28 21:34:29 | DEBUG    | src.processing.discovery:discover_prompt_files:40 - Found prompt file: 250824_censored_brunette/prompt62.txt
2025-08-28 21:34:29 | DEBUG    | src.processing.discovery:discover_prompt_files:40 - Found prompt file: 250824_censored_brunette/prompt131.txt
2025-08-28 21:34:29 | DEBUG    | src.processing.discovery:discover_prompt_files:40 - Found prompt file: 250824_censored_brunette/prompt125.txt
2025-08-28 21:34:29 | DEBUG    | src.processing.discovery:discover_prompt_files:40 - Found prompt file: 250824_censored_brunette/prompt119.txt
2025-08-28 21:34:29 | DEBUG    | src.processing.discovery:discover_prompt_files:40 - Found prompt file: 250824_censored_brunette/prompt133.txt
2025-08-28 21:34:29 | DEBUG    | src.processing.discovery:discover_prompt_files:40 - Found prompt file: 250824_censored_brunette/prompt127.txt
2025-08-28 21:34:29 | DEBUG    | src.processing.discovery:discover_prompt_files:40 - Found prompt file: 250824_censored_brunette/prompt48.txt
2025-08-28 21:34:29 | DEBUG    | src.processing.discovery:discover_prompt_files:40 - Found prompt file: 250824_censored_brunette/prompt74.txt
2025-08-28 21:34:29 | DEBUG    | src.processing.discovery:discover_prompt_files:40 - Found prompt file: 250824_censored_brunette/prompt60.txt
2025-08-28 21:34:29 | DEBUG    | src.processing.discovery:discover_prompt_files:40 - Found prompt file: 250824_censored_brunette/prompt61.txt
2025-08-28 21:34:29 | DEBUG    | src.processing.discovery:discover_prompt_files:40 - Found prompt file: 250824_censored_brunette/prompt75.txt
2025-08-28 21:34:29 | DEBUG    | src.processing.discovery:discover_prompt_files:40 - Found prompt file: 250824_censored_brunette/prompt49.txt
2025-08-28 21:34:29 | DEBUG    | src.processing.discovery:discover_prompt_files:40 - Found prompt file: 250824_censored_brunette/prompt126.txt
2025-08-28 21:34:29 | DEBUG    | src.processing.discovery:discover_prompt_files:40 - Found prompt file: 250824_censored_brunette/prompt132.txt
2025-08-28 21:34:29 | DEBUG    | src.processing.discovery:discover_prompt_files:40 - Found prompt file: 250824_censored_brunette/prompt136.txt
2025-08-28 21:34:29 | DEBUG    | src.processing.discovery:discover_prompt_files:40 - Found prompt file: 250824_censored_brunette/prompt122.txt
2025-08-28 21:34:29 | DEBUG    | src.processing.discovery:discover_prompt_files:40 - Found prompt file: 250824_censored_brunette/prompt71.txt
2025-08-28 21:34:29 | DEBUG    | src.processing.discovery:discover_prompt_files:40 - Found prompt file: 250824_censored_brunette/prompt65.txt
2025-08-28 21:34:29 | DEBUG    | src.processing.discovery:discover_prompt_files:40 - Found prompt file: 250824_censored_brunette/prompt59.txt
2025-08-28 21:34:29 | DEBUG    | src.processing.discovery:discover_prompt_files:40 - Found prompt file: 250824_censored_brunette/prompt58.txt
2025-08-28 21:34:29 | DEBUG    | src.processing.discovery:discover_prompt_files:40 - Found prompt file: 250824_censored_brunette/prompt64.txt
2025-08-28 21:34:29 | DEBUG    | src.processing.discovery:discover_prompt_files:40 - Found prompt file: 250824_censored_brunette/prompt70.txt
2025-08-28 21:34:29 | DEBUG    | src.processing.discovery:discover_prompt_files:40 - Found prompt file: 250824_censored_brunette/prompt123.txt
2025-08-28 21:34:29 | DEBUG    | src.processing.discovery:discover_prompt_files:40 - Found prompt file: 250824_censored_brunette/prompt137.txt
2025-08-28 21:34:29 | DEBUG    | src.processing.discovery:discover_prompt_files:40 - Found prompt file: 250824_censored_brunette/prompt121.txt
2025-08-28 21:34:29 | DEBUG    | src.processing.discovery:discover_prompt_files:40 - Found prompt file: 250824_censored_brunette/prompt135.txt
2025-08-28 21:34:29 | DEBUG    | src.processing.discovery:discover_prompt_files:40 - Found prompt file: 250824_censored_brunette/prompt109.txt
2025-08-28 21:34:29 | DEBUG    | src.processing.discovery:discover_prompt_files:40 - Found prompt file: 250824_censored_brunette/prompt66.txt
2025-08-28 21:34:29 | DEBUG    | src.processing.discovery:discover_prompt_files:40 - Found prompt file: 250824_censored_brunette/prompt72.txt
2025-08-28 21:34:29 | DEBUG    | src.processing.discovery:discover_prompt_files:40 - Found prompt file: 250824_censored_brunette/prompt99.txt
2025-08-28 21:34:29 | DEBUG    | src.processing.discovery:discover_prompt_files:40 - Found prompt file: 250824_censored_brunette/prompt98.txt
2025-08-28 21:34:29 | DEBUG    | src.processing.discovery:discover_prompt_files:40 - Found prompt file: 250824_censored_brunette/prompt73.txt
2025-08-28 21:34:29 | DEBUG    | src.processing.discovery:discover_prompt_files:40 - Found prompt file: 250824_censored_brunette/prompt67.txt
2025-08-28 21:34:29 | DEBUG    | src.processing.discovery:discover_prompt_files:40 - Found prompt file: 250824_censored_brunette/prompt108.txt
2025-08-28 21:34:29 | DEBUG    | src.processing.discovery:discover_prompt_files:40 - Found prompt file: 250824_censored_brunette/prompt134.txt
2025-08-28 21:34:29 | DEBUG    | src.processing.discovery:discover_prompt_files:40 - Found prompt file: 250824_censored_brunette/prompt120.txt
2025-08-28 21:34:29 | DEBUG    | src.processing.discovery:discover_prompt_files:40 - Found prompt file: 250824_censored_brunette/prompt147.txt
2025-08-28 21:34:29 | DEBUG    | src.processing.discovery:discover_prompt_files:40 - Found prompt file: 250824_censored_brunette/prompt153.txt
2025-08-28 21:34:29 | DEBUG    | src.processing.discovery:discover_prompt_files:40 - Found prompt file: 250824_censored_brunette/prompt184.txt
2025-08-28 21:34:29 | DEBUG    | src.processing.discovery:discover_prompt_files:40 - Found prompt file: 250824_censored_brunette/prompt190.txt
2025-08-28 21:34:29 | DEBUG    | src.processing.discovery:discover_prompt_files:40 - Found prompt file: 250824_censored_brunette/prompt28.txt
2025-08-28 21:34:29 | DEBUG    | src.processing.discovery:discover_prompt_files:40 - Found prompt file: 250824_censored_brunette/prompt14.txt
2025-08-28 21:34:29 | DEBUG    | src.processing.discovery:discover_prompt_files:40 - Found prompt file: 250824_censored_brunette/prompt15.txt
2025-08-28 21:34:29 | DEBUG    | src.processing.discovery:discover_prompt_files:40 - Found prompt file: 250824_censored_brunette/prompt01.txt
2025-08-28 21:34:29 | DEBUG    | src.processing.discovery:discover_prompt_files:40 - Found prompt file: 250824_censored_brunette/prompt29.txt
2025-08-28 21:34:29 | DEBUG    | src.processing.discovery:discover_prompt_files:40 - Found prompt file: 250824_censored_brunette/prompt191.txt
2025-08-28 21:34:29 | DEBUG    | src.processing.discovery:discover_prompt_files:40 - Found prompt file: 250824_censored_brunette/prompt185.txt
2025-08-28 21:34:29 | DEBUG    | src.processing.discovery:discover_prompt_files:40 - Found prompt file: 250824_censored_brunette/prompt152.txt
2025-08-28 21:34:29 | DEBUG    | src.processing.discovery:discover_prompt_files:40 - Found prompt file: 250824_censored_brunette/prompt146.txt
2025-08-28 21:34:29 | DEBUG    | src.processing.discovery:discover_prompt_files:40 - Found prompt file: 250824_censored_brunette/prompt178.txt
2025-08-28 21:34:29 | DEBUG    | src.processing.discovery:discover_prompt_files:40 - Found prompt file: 250824_censored_brunette/prompt150.txt
2025-08-28 21:34:29 | DEBUG    | src.processing.discovery:discover_prompt_files:40 - Found prompt file: 250824_censored_brunette/prompt144.txt
2025-08-28 21:34:29 | DEBUG    | src.processing.discovery:discover_prompt_files:40 - Found prompt file: 250824_censored_brunette/prompt187.txt
2025-08-28 21:34:29 | DEBUG    | src.processing.discovery:discover_prompt_files:40 - Found prompt file: 250824_censored_brunette/prompt17.txt
2025-08-28 21:34:29 | DEBUG    | src.processing.discovery:discover_prompt_files:40 - Found prompt file: 250824_censored_brunette/prompt03.txt
2025-08-28 21:34:29 | DEBUG    | src.processing.discovery:discover_prompt_files:40 - Found prompt file: 250824_censored_brunette/prompt02.txt
2025-08-28 21:34:29 | DEBUG    | src.processing.discovery:discover_prompt_files:40 - Found prompt file: 250824_censored_brunette/prompt16.txt
2025-08-28 21:34:29 | DEBUG    | src.processing.discovery:discover_prompt_files:40 - Found prompt file: 250824_censored_brunette/prompt186.txt
2025-08-28 21:34:29 | DEBUG    | src.processing.discovery:discover_prompt_files:40 - Found prompt file: 250824_censored_brunette/prompt192.txt
2025-08-28 21:34:29 | DEBUG    | src.processing.discovery:discover_prompt_files:40 - Found prompt file: 250824_censored_brunette/prompt145.txt
2025-08-28 21:34:29 | DEBUG    | src.processing.discovery:discover_prompt_files:40 - Found prompt file: 250824_censored_brunette/prompt151.txt
2025-08-28 21:34:29 | DEBUG    | src.processing.discovery:discover_prompt_files:40 - Found prompt file: 250824_censored_brunette/prompt179.txt
2025-08-28 21:34:29 | DEBUG    | src.processing.discovery:discover_prompt_files:40 - Found prompt file: 250824_censored_brunette/prompt155.txt
2025-08-28 21:34:29 | DEBUG    | src.processing.discovery:discover_prompt_files:40 - Found prompt file: 250824_censored_brunette/prompt141.txt
2025-08-28 21:34:29 | DEBUG    | src.processing.discovery:discover_prompt_files:40 - Found prompt file: 250824_censored_brunette/prompt169.txt
2025-08-28 21:34:29 | DEBUG    | src.processing.discovery:discover_prompt_files:40 - Found prompt file: 250824_censored_brunette/prompt182.txt
2025-08-28 21:34:29 | DEBUG    | src.processing.discovery:discover_prompt_files:40 - Found prompt file: 250824_censored_brunette/prompt12.txt
2025-08-28 21:34:29 | DEBUG    | src.processing.discovery:discover_prompt_files:40 - Found prompt file: 250824_censored_brunette/prompt06.txt
2025-08-28 21:34:29 | DEBUG    | src.processing.discovery:discover_prompt_files:40 - Found prompt file: 250824_censored_brunette/prompt07.txt
2025-08-28 21:34:29 | DEBUG    | src.processing.discovery:discover_prompt_files:40 - Found prompt file: 250824_censored_brunette/prompt13.txt
2025-08-28 21:34:29 | DEBUG    | src.processing.discovery:discover_prompt_files:40 - Found prompt file: 250824_censored_brunette/prompt183.txt
2025-08-28 21:34:29 | DEBUG    | src.processing.discovery:discover_prompt_files:40 - Found prompt file: 250824_censored_brunette/prompt168.txt
2025-08-28 21:34:29 | DEBUG    | src.processing.discovery:discover_prompt_files:40 - Found prompt file: 250824_censored_brunette/prompt140.txt
2025-08-28 21:34:29 | DEBUG    | src.processing.discovery:discover_prompt_files:40 - Found prompt file: 250824_censored_brunette/prompt154.txt
2025-08-28 21:34:29 | DEBUG    | src.processing.discovery:discover_prompt_files:40 - Found prompt file: 250824_censored_brunette/prompt142.txt
2025-08-28 21:34:29 | DEBUG    | src.processing.discovery:discover_prompt_files:40 - Found prompt file: 250824_censored_brunette/prompt156.txt
2025-08-28 21:34:29 | DEBUG    | src.processing.discovery:discover_prompt_files:40 - Found prompt file: 250824_censored_brunette/prompt181.txt
2025-08-28 21:34:29 | DEBUG    | src.processing.discovery:discover_prompt_files:40 - Found prompt file: 250824_censored_brunette/prompt05.txt
2025-08-28 21:34:29 | DEBUG    | src.processing.discovery:discover_prompt_files:40 - Found prompt file: 250824_censored_brunette/prompt11.txt
2025-08-28 21:34:29 | DEBUG    | src.processing.discovery:discover_prompt_files:40 - Found prompt file: 250824_censored_brunette/prompt39.txt
2025-08-28 21:34:29 | DEBUG    | src.processing.discovery:discover_prompt_files:40 - Found prompt file: 250824_censored_brunette/prompt38.txt
2025-08-28 21:34:29 | DEBUG    | src.processing.discovery:discover_prompt_files:40 - Found prompt file: 250824_censored_brunette/prompt10.txt
2025-08-28 21:34:29 | DEBUG    | src.processing.discovery:discover_prompt_files:40 - Found prompt file: 250824_censored_brunette/prompt04.txt
2025-08-28 21:34:29 | DEBUG    | src.processing.discovery:discover_prompt_files:40 - Found prompt file: 250824_censored_brunette/prompt180.txt
2025-08-28 21:34:29 | DEBUG    | src.processing.discovery:discover_prompt_files:40 - Found prompt file: 250824_censored_brunette/prompt157.txt
2025-08-28 21:34:29 | DEBUG    | src.processing.discovery:discover_prompt_files:40 - Found prompt file: 250824_censored_brunette/prompt143.txt
2025-08-28 21:34:29 | INFO     | src.processing.discovery:discover_prompt_files:45 - Discovered 192 prompt files
2025-08-28 21:34:29 | DEBUG    | src.processing.discovery:discover_profiles:93 - Loaded profile: USER-FILES/03.PROFILES/nano-banano.yaml
2025-08-28 21:34:29 | INFO     | src.processing.discovery:discover_profiles:97 - Loaded 1 profiles
2025-08-28 21:34:29 | INFO     | src.processing.discovery:get_active_models:131 - Found profile: nano-banano
2025-08-28 21:34:29 | INFO     | src.processing.discovery:get_active_models:136 - Total profiles to process: 1
2025-08-28 21:34:29 | INFO     | src.config.validator:validate_all:26 - All configuration validation passed
2025-08-28 21:34:29 | INFO     | __main__:main:104 - Output directory: USER-FILES/05.OUTPUT/250828_213429
2025-08-28 21:34:29 | INFO     | src.processing.discovery:load_prompts:63 - Loaded prompt from prompt01.txt
2025-08-28 21:34:29 | INFO     | src.processing.discovery:load_prompts:63 - Loaded prompt from prompt02.txt
2025-08-28 21:34:29 | INFO     | src.processing.discovery:load_prompts:63 - Loaded prompt from prompt03.txt
2025-08-28 21:34:29 | INFO     | src.processing.discovery:load_prompts:63 - Loaded prompt from prompt04.txt
2025-08-28 21:34:29 | INFO     | src.processing.discovery:load_prompts:63 - Loaded prompt from prompt05.txt
2025-08-28 21:34:29 | INFO     | src.processing.discovery:load_prompts:63 - Loaded prompt from prompt06.txt
2025-08-28 21:34:29 | INFO     | src.processing.discovery:load_prompts:63 - Loaded prompt from prompt07.txt
2025-08-28 21:34:29 | INFO     | src.processing.discovery:load_prompts:63 - Loaded prompt from prompt08.txt
2025-08-28 21:34:29 | INFO     | src.processing.discovery:load_prompts:63 - Loaded prompt from prompt09.txt
2025-08-28 21:34:29 | INFO     | src.processing.discovery:load_prompts:63 - Loaded prompt from prompt10.txt
2025-08-28 21:34:29 | INFO     | src.processing.discovery:load_prompts:63 - Loaded prompt from prompt11.txt
2025-08-28 21:34:29 | INFO     | src.processing.discovery:load_prompts:63 - Loaded prompt from prompt12.txt
2025-08-28 21:34:29 | INFO     | src.processing.discovery:load_prompts:63 - Loaded prompt from prompt13.txt
2025-08-28 21:34:29 | INFO     | src.processing.discovery:load_prompts:63 - Loaded prompt from prompt14.txt
2025-08-28 21:34:29 | INFO     | src.processing.discovery:load_prompts:63 - Loaded prompt from prompt15.txt
2025-08-28 21:34:29 | INFO     | src.processing.discovery:load_prompts:63 - Loaded prompt from prompt16.txt
2025-08-28 21:34:29 | INFO     | src.processing.discovery:load_prompts:63 - Loaded prompt from prompt17.txt
2025-08-28 21:34:29 | INFO     | src.processing.discovery:load_prompts:63 - Loaded prompt from prompt18.txt
2025-08-28 21:34:29 | INFO     | src.processing.discovery:load_prompts:63 - Loaded prompt from prompt19.txt
2025-08-28 21:34:29 | INFO     | src.processing.discovery:load_prompts:63 - Loaded prompt from prompt20.txt
2025-08-28 21:34:29 | INFO     | src.processing.discovery:load_prompts:63 - Loaded prompt from prompt21.txt
2025-08-28 21:34:29 | INFO     | src.processing.discovery:load_prompts:63 - Loaded prompt from prompt22.txt
2025-08-28 21:34:29 | INFO     | src.processing.discovery:load_prompts:63 - Loaded prompt from prompt23.txt
2025-08-28 21:34:29 | INFO     | src.processing.discovery:load_prompts:63 - Loaded prompt from prompt24.txt
2025-08-28 21:34:29 | INFO     | src.processing.discovery:load_prompts:63 - Loaded prompt from prompt25.txt
2025-08-28 21:34:29 | INFO     | src.processing.discovery:load_prompts:63 - Loaded prompt from prompt26.txt
2025-08-28 21:34:29 | INFO     | src.processing.discovery:load_prompts:63 - Loaded prompt from prompt27.txt
2025-08-28 21:34:29 | INFO     | src.processing.discovery:load_prompts:63 - Loaded prompt from prompt28.txt
2025-08-28 21:34:29 | INFO     | src.processing.discovery:load_prompts:63 - Loaded prompt from prompt29.txt
2025-08-28 21:34:29 | INFO     | src.processing.discovery:load_prompts:63 - Loaded prompt from prompt30.txt
2025-08-28 21:34:29 | INFO     | src.processing.discovery:load_prompts:63 - Loaded prompt from prompt31.txt
2025-08-28 21:34:29 | INFO     | src.processing.discovery:load_prompts:63 - Loaded prompt from prompt32.txt
2025-08-28 21:34:29 | INFO     | src.processing.discovery:load_prompts:63 - Loaded prompt from prompt33.txt
2025-08-28 21:34:29 | INFO     | src.processing.discovery:load_prompts:63 - Loaded prompt from prompt34.txt
2025-08-28 21:34:29 | INFO     | src.processing.discovery:load_prompts:63 - Loaded prompt from prompt35.txt
2025-08-28 21:34:29 | INFO     | src.processing.discovery:load_prompts:63 - Loaded prompt from prompt36.txt
2025-08-28 21:34:29 | INFO     | src.processing.discovery:load_prompts:63 - Loaded prompt from prompt37.txt
2025-08-28 21:34:29 | INFO     | src.processing.discovery:load_prompts:63 - Loaded prompt from prompt38.txt
2025-08-28 21:34:29 | INFO     | src.processing.discovery:load_prompts:63 - Loaded prompt from prompt39.txt
2025-08-28 21:34:29 | INFO     | src.processing.discovery:load_prompts:63 - Loaded prompt from prompt40.txt
2025-08-28 21:34:29 | INFO     | src.processing.discovery:load_prompts:63 - Loaded prompt from prompt41.txt
2025-08-28 21:34:29 | INFO     | src.processing.discovery:load_prompts:63 - Loaded prompt from prompt42.txt
2025-08-28 21:34:29 | INFO     | src.processing.discovery:load_prompts:63 - Loaded prompt from prompt43.txt
2025-08-28 21:34:29 | INFO     | src.processing.discovery:load_prompts:63 - Loaded prompt from prompt44.txt
2025-08-28 21:34:29 | INFO     | src.processing.discovery:load_prompts:63 - Loaded prompt from prompt45.txt
2025-08-28 21:34:29 | INFO     | src.processing.discovery:load_prompts:63 - Loaded prompt from prompt46.txt
2025-08-28 21:34:29 | INFO     | src.processing.discovery:load_prompts:63 - Loaded prompt from prompt47.txt
2025-08-28 21:34:29 | INFO     | src.processing.discovery:load_prompts:63 - Loaded prompt from prompt48.txt
2025-08-28 21:34:29 | INFO     | src.processing.discovery:load_prompts:63 - Loaded prompt from prompt49.txt
2025-08-28 21:34:29 | INFO     | src.processing.discovery:load_prompts:63 - Loaded prompt from prompt50.txt
2025-08-28 21:34:29 | INFO     | src.processing.discovery:load_prompts:63 - Loaded prompt from prompt51.txt
2025-08-28 21:34:29 | INFO     | src.processing.discovery:load_prompts:63 - Loaded prompt from prompt52.txt
2025-08-28 21:34:29 | INFO     | src.processing.discovery:load_prompts:63 - Loaded prompt from prompt53.txt
2025-08-28 21:34:29 | INFO     | src.processing.discovery:load_prompts:63 - Loaded prompt from prompt54.txt
2025-08-28 21:34:29 | INFO     | src.processing.discovery:load_prompts:63 - Loaded prompt from prompt55.txt
2025-08-28 21:34:29 | INFO     | src.processing.discovery:load_prompts:63 - Loaded prompt from prompt56.txt
2025-08-28 21:34:29 | INFO     | src.processing.discovery:load_prompts:63 - Loaded prompt from prompt57.txt
2025-08-28 21:34:29 | INFO     | src.processing.discovery:load_prompts:63 - Loaded prompt from prompt58.txt
2025-08-28 21:34:29 | INFO     | src.processing.discovery:load_prompts:63 - Loaded prompt from prompt59.txt
2025-08-28 21:34:29 | INFO     | src.processing.discovery:load_prompts:63 - Loaded prompt from prompt60.txt
2025-08-28 21:34:29 | INFO     | src.processing.discovery:load_prompts:63 - Loaded prompt from prompt61.txt
2025-08-28 21:34:29 | INFO     | src.processing.discovery:load_prompts:63 - Loaded prompt from prompt62.txt
2025-08-28 21:34:29 | INFO     | src.processing.discovery:load_prompts:63 - Loaded prompt from prompt63.txt
2025-08-28 21:34:29 | INFO     | src.processing.discovery:load_prompts:63 - Loaded prompt from prompt64.txt
2025-08-28 21:34:29 | INFO     | src.processing.discovery:load_prompts:63 - Loaded prompt from prompt65.txt
2025-08-28 21:34:29 | INFO     | src.processing.discovery:load_prompts:63 - Loaded prompt from prompt66.txt
2025-08-28 21:34:29 | INFO     | src.processing.discovery:load_prompts:63 - Loaded prompt from prompt67.txt
2025-08-28 21:34:29 | INFO     | src.processing.discovery:load_prompts:63 - Loaded prompt from prompt68.txt
2025-08-28 21:34:29 | INFO     | src.processing.discovery:load_prompts:63 - Loaded prompt from prompt69.txt
2025-08-28 21:34:29 | INFO     | src.processing.discovery:load_prompts:63 - Loaded prompt from prompt70.txt
2025-08-28 21:34:29 | INFO     | src.processing.discovery:load_prompts:63 - Loaded prompt from prompt71.txt
2025-08-28 21:34:29 | INFO     | src.processing.discovery:load_prompts:63 - Loaded prompt from prompt72.txt
2025-08-28 21:34:29 | INFO     | src.processing.discovery:load_prompts:63 - Loaded prompt from prompt73.txt
2025-08-28 21:34:29 | INFO     | src.processing.discovery:load_prompts:63 - Loaded prompt from prompt74.txt
2025-08-28 21:34:29 | INFO     | src.processing.discovery:load_prompts:63 - Loaded prompt from prompt75.txt
2025-08-28 21:34:29 | INFO     | src.processing.discovery:load_prompts:63 - Loaded prompt from prompt76.txt
2025-08-28 21:34:29 | INFO     | src.processing.discovery:load_prompts:63 - Loaded prompt from prompt77.txt
2025-08-28 21:34:29 | INFO     | src.processing.discovery:load_prompts:63 - Loaded prompt from prompt78.txt
2025-08-28 21:34:29 | INFO     | src.processing.discovery:load_prompts:63 - Loaded prompt from prompt79.txt
2025-08-28 21:34:29 | INFO     | src.processing.discovery:load_prompts:63 - Loaded prompt from prompt80.txt
2025-08-28 21:34:29 | INFO     | src.processing.discovery:load_prompts:63 - Loaded prompt from prompt81.txt
2025-08-28 21:34:29 | INFO     | src.processing.discovery:load_prompts:63 - Loaded prompt from prompt82.txt
2025-08-28 21:34:29 | INFO     | src.processing.discovery:load_prompts:63 - Loaded prompt from prompt83.txt
2025-08-28 21:34:29 | INFO     | src.processing.discovery:load_prompts:63 - Loaded prompt from prompt84.txt
2025-08-28 21:34:29 | INFO     | src.processing.discovery:load_prompts:63 - Loaded prompt from prompt85.txt
2025-08-28 21:34:29 | INFO     | src.processing.discovery:load_prompts:63 - Loaded prompt from prompt86.txt
2025-08-28 21:34:29 | INFO     | src.processing.discovery:load_prompts:63 - Loaded prompt from prompt87.txt
2025-08-28 21:34:29 | INFO     | src.processing.discovery:load_prompts:63 - Loaded prompt from prompt88.txt
2025-08-28 21:34:29 | INFO     | src.processing.discovery:load_prompts:63 - Loaded prompt from prompt89.txt
2025-08-28 21:34:29 | INFO     | src.processing.discovery:load_prompts:63 - Loaded prompt from prompt90.txt
2025-08-28 21:34:29 | INFO     | src.processing.discovery:load_prompts:63 - Loaded prompt from prompt91.txt
2025-08-28 21:34:29 | INFO     | src.processing.discovery:load_prompts:63 - Loaded prompt from prompt92.txt
2025-08-28 21:34:29 | INFO     | src.processing.discovery:load_prompts:63 - Loaded prompt from prompt93.txt
2025-08-28 21:34:29 | INFO     | src.processing.discovery:load_prompts:63 - Loaded prompt from prompt94.txt
2025-08-28 21:34:29 | INFO     | src.processing.discovery:load_prompts:63 - Loaded prompt from prompt95.txt
2025-08-28 21:34:29 | INFO     | src.processing.discovery:load_prompts:63 - Loaded prompt from prompt96.txt
2025-08-28 21:34:29 | INFO     | src.processing.discovery:load_prompts:63 - Loaded prompt from prompt97.txt
2025-08-28 21:34:29 | INFO     | src.processing.discovery:load_prompts:63 - Loaded prompt from prompt98.txt
2025-08-28 21:34:29 | INFO     | src.processing.discovery:load_prompts:63 - Loaded prompt from prompt99.txt
2025-08-28 21:34:29 | INFO     | src.processing.discovery:load_prompts:63 - Loaded prompt from prompt100.txt
2025-08-28 21:34:29 | INFO     | src.processing.discovery:load_prompts:63 - Loaded prompt from prompt101.txt
2025-08-28 21:34:29 | INFO     | src.processing.discovery:load_prompts:63 - Loaded prompt from prompt102.txt
2025-08-28 21:34:29 | INFO     | src.processing.discovery:load_prompts:63 - Loaded prompt from prompt103.txt
2025-08-28 21:34:29 | INFO     | src.processing.discovery:load_prompts:63 - Loaded prompt from prompt104.txt
2025-08-28 21:34:29 | INFO     | src.processing.discovery:load_prompts:63 - Loaded prompt from prompt105.txt
2025-08-28 21:34:29 | INFO     | src.processing.discovery:load_prompts:63 - Loaded prompt from prompt106.txt
2025-08-28 21:34:29 | INFO     | src.processing.discovery:load_prompts:63 - Loaded prompt from prompt107.txt
2025-08-28 21:34:29 | INFO     | src.processing.discovery:load_prompts:63 - Loaded prompt from prompt108.txt
2025-08-28 21:34:29 | INFO     | src.processing.discovery:load_prompts:63 - Loaded prompt from prompt109.txt
2025-08-28 21:34:29 | INFO     | src.processing.discovery:load_prompts:63 - Loaded prompt from prompt110.txt
2025-08-28 21:34:29 | INFO     | src.processing.discovery:load_prompts:63 - Loaded prompt from prompt111.txt
2025-08-28 21:34:29 | INFO     | src.processing.discovery:load_prompts:63 - Loaded prompt from prompt112.txt
2025-08-28 21:34:29 | INFO     | src.processing.discovery:load_prompts:63 - Loaded prompt from prompt113.txt
2025-08-28 21:34:29 | INFO     | src.processing.discovery:load_prompts:63 - Loaded prompt from prompt114.txt
2025-08-28 21:34:29 | INFO     | src.processing.discovery:load_prompts:63 - Loaded prompt from prompt115.txt
2025-08-28 21:34:29 | INFO     | src.processing.discovery:load_prompts:63 - Loaded prompt from prompt116.txt
2025-08-28 21:34:29 | INFO     | src.processing.discovery:load_prompts:63 - Loaded prompt from prompt117.txt
2025-08-28 21:34:29 | INFO     | src.processing.discovery:load_prompts:63 - Loaded prompt from prompt118.txt
2025-08-28 21:34:29 | INFO     | src.processing.discovery:load_prompts:63 - Loaded prompt from prompt119.txt
2025-08-28 21:34:29 | INFO     | src.processing.discovery:load_prompts:63 - Loaded prompt from prompt120.txt
2025-08-28 21:34:29 | INFO     | src.processing.discovery:load_prompts:63 - Loaded prompt from prompt121.txt
2025-08-28 21:34:29 | INFO     | src.processing.discovery:load_prompts:63 - Loaded prompt from prompt122.txt
2025-08-28 21:34:29 | INFO     | src.processing.discovery:load_prompts:63 - Loaded prompt from prompt123.txt
2025-08-28 21:34:29 | INFO     | src.processing.discovery:load_prompts:63 - Loaded prompt from prompt124.txt
2025-08-28 21:34:29 | INFO     | src.processing.discovery:load_prompts:63 - Loaded prompt from prompt125.txt
2025-08-28 21:34:29 | INFO     | src.processing.discovery:load_prompts:63 - Loaded prompt from prompt126.txt
2025-08-28 21:34:29 | INFO     | src.processing.discovery:load_prompts:63 - Loaded prompt from prompt127.txt
2025-08-28 21:34:29 | INFO     | src.processing.discovery:load_prompts:63 - Loaded prompt from prompt128.txt
2025-08-28 21:34:29 | INFO     | src.processing.discovery:load_prompts:63 - Loaded prompt from prompt129.txt
2025-08-28 21:34:29 | INFO     | src.processing.discovery:load_prompts:63 - Loaded prompt from prompt130.txt
2025-08-28 21:34:29 | INFO     | src.processing.discovery:load_prompts:63 - Loaded prompt from prompt131.txt
2025-08-28 21:34:29 | INFO     | src.processing.discovery:load_prompts:63 - Loaded prompt from prompt132.txt
2025-08-28 21:34:29 | INFO     | src.processing.discovery:load_prompts:63 - Loaded prompt from prompt133.txt
2025-08-28 21:34:29 | INFO     | src.processing.discovery:load_prompts:63 - Loaded prompt from prompt134.txt
2025-08-28 21:34:29 | INFO     | src.processing.discovery:load_prompts:63 - Loaded prompt from prompt135.txt
2025-08-28 21:34:29 | INFO     | src.processing.discovery:load_prompts:63 - Loaded prompt from prompt136.txt
2025-08-28 21:34:29 | INFO     | src.processing.discovery:load_prompts:63 - Loaded prompt from prompt137.txt
2025-08-28 21:34:29 | INFO     | src.processing.discovery:load_prompts:63 - Loaded prompt from prompt138.txt
2025-08-28 21:34:29 | INFO     | src.processing.discovery:load_prompts:63 - Loaded prompt from prompt139.txt
2025-08-28 21:34:29 | INFO     | src.processing.discovery:load_prompts:63 - Loaded prompt from prompt140.txt
2025-08-28 21:34:29 | INFO     | src.processing.discovery:load_prompts:63 - Loaded prompt from prompt141.txt
2025-08-28 21:34:29 | INFO     | src.processing.discovery:load_prompts:63 - Loaded prompt from prompt142.txt
2025-08-28 21:34:29 | INFO     | src.processing.discovery:load_prompts:63 - Loaded prompt from prompt143.txt
2025-08-28 21:34:29 | INFO     | src.processing.discovery:load_prompts:63 - Loaded prompt from prompt144.txt
2025-08-28 21:34:29 | INFO     | src.processing.discovery:load_prompts:63 - Loaded prompt from prompt145.txt
2025-08-28 21:34:29 | INFO     | src.processing.discovery:load_prompts:63 - Loaded prompt from prompt146.txt
2025-08-28 21:34:29 | INFO     | src.processing.discovery:load_prompts:63 - Loaded prompt from prompt147.txt
2025-08-28 21:34:29 | INFO     | src.processing.discovery:load_prompts:63 - Loaded prompt from prompt148.txt
2025-08-28 21:34:29 | INFO     | src.processing.discovery:load_prompts:63 - Loaded prompt from prompt149.txt
2025-08-28 21:34:29 | INFO     | src.processing.discovery:load_prompts:63 - Loaded prompt from prompt150.txt
2025-08-28 21:34:29 | INFO     | src.processing.discovery:load_prompts:63 - Loaded prompt from prompt151.txt
2025-08-28 21:34:29 | INFO     | src.processing.discovery:load_prompts:63 - Loaded prompt from prompt152.txt
2025-08-28 21:34:29 | INFO     | src.processing.discovery:load_prompts:63 - Loaded prompt from prompt153.txt
2025-08-28 21:34:29 | INFO     | src.processing.discovery:load_prompts:63 - Loaded prompt from prompt154.txt
2025-08-28 21:34:29 | INFO     | src.processing.discovery:load_prompts:63 - Loaded prompt from prompt155.txt
2025-08-28 21:34:29 | INFO     | src.processing.discovery:load_prompts:63 - Loaded prompt from prompt156.txt
2025-08-28 21:34:29 | INFO     | src.processing.discovery:load_prompts:63 - Loaded prompt from prompt157.txt
2025-08-28 21:34:29 | INFO     | src.processing.discovery:load_prompts:63 - Loaded prompt from prompt158.txt
2025-08-28 21:34:29 | INFO     | src.processing.discovery:load_prompts:63 - Loaded prompt from prompt159.txt
2025-08-28 21:34:29 | INFO     | src.processing.discovery:load_prompts:63 - Loaded prompt from prompt160.txt
2025-08-28 21:34:29 | INFO     | src.processing.discovery:load_prompts:63 - Loaded prompt from prompt161.txt
2025-08-28 21:34:29 | INFO     | src.processing.discovery:load_prompts:63 - Loaded prompt from prompt162.txt
2025-08-28 21:34:29 | INFO     | src.processing.discovery:load_prompts:63 - Loaded prompt from prompt163.txt
2025-08-28 21:34:29 | INFO     | src.processing.discovery:load_prompts:63 - Loaded prompt from prompt164.txt
2025-08-28 21:34:29 | INFO     | src.processing.discovery:load_prompts:63 - Loaded prompt from prompt165.txt
2025-08-28 21:34:29 | INFO     | src.processing.discovery:load_prompts:63 - Loaded prompt from prompt166.txt
2025-08-28 21:34:29 | INFO     | src.processing.discovery:load_prompts:63 - Loaded prompt from prompt167.txt
2025-08-28 21:34:29 | INFO     | src.processing.discovery:load_prompts:63 - Loaded prompt from prompt168.txt
2025-08-28 21:34:29 | INFO     | src.processing.discovery:load_prompts:63 - Loaded prompt from prompt169.txt
2025-08-28 21:34:29 | INFO     | src.processing.discovery:load_prompts:63 - Loaded prompt from prompt170.txt
2025-08-28 21:34:29 | INFO     | src.processing.discovery:load_prompts:63 - Loaded prompt from prompt171.txt
2025-08-28 21:34:29 | INFO     | src.processing.discovery:load_prompts:63 - Loaded prompt from prompt172.txt
2025-08-28 21:34:29 | INFO     | src.processing.discovery:load_prompts:63 - Loaded prompt from prompt173.txt
2025-08-28 21:34:29 | INFO     | src.processing.discovery:load_prompts:63 - Loaded prompt from prompt174.txt
2025-08-28 21:34:29 | INFO     | src.processing.discovery:load_prompts:63 - Loaded prompt from prompt175.txt
2025-08-28 21:34:29 | INFO     | src.processing.discovery:load_prompts:63 - Loaded prompt from prompt176.txt
2025-08-28 21:34:29 | INFO     | src.processing.discovery:load_prompts:63 - Loaded prompt from prompt177.txt
2025-08-28 21:34:29 | INFO     | src.processing.discovery:load_prompts:63 - Loaded prompt from prompt178.txt
2025-08-28 21:34:29 | INFO     | src.processing.discovery:load_prompts:63 - Loaded prompt from prompt179.txt
2025-08-28 21:34:29 | INFO     | src.processing.discovery:load_prompts:63 - Loaded prompt from prompt180.txt
2025-08-28 21:34:29 | INFO     | src.processing.discovery:load_prompts:63 - Loaded prompt from prompt181.txt
2025-08-28 21:34:29 | INFO     | src.processing.discovery:load_prompts:63 - Loaded prompt from prompt182.txt
2025-08-28 21:34:29 | INFO     | src.processing.discovery:load_prompts:63 - Loaded prompt from prompt183.txt
2025-08-28 21:34:29 | INFO     | src.processing.discovery:load_prompts:63 - Loaded prompt from prompt184.txt
2025-08-28 21:34:29 | INFO     | src.processing.discovery:load_prompts:63 - Loaded prompt from prompt185.txt
2025-08-28 21:34:29 | INFO     | src.processing.discovery:load_prompts:63 - Loaded prompt from prompt186.txt
2025-08-28 21:34:29 | INFO     | src.processing.discovery:load_prompts:63 - Loaded prompt from prompt187.txt
2025-08-28 21:34:29 | INFO     | src.processing.discovery:load_prompts:63 - Loaded prompt from prompt188.txt
2025-08-28 21:34:29 | INFO     | src.processing.discovery:load_prompts:63 - Loaded prompt from prompt189.txt
2025-08-28 21:34:29 | INFO     | src.processing.discovery:load_prompts:63 - Loaded prompt from prompt190.txt
2025-08-28 21:34:29 | INFO     | src.processing.discovery:load_prompts:63 - Loaded prompt from prompt191.txt
2025-08-28 21:34:29 | INFO     | src.processing.discovery:load_prompts:63 - Loaded prompt from prompt192.txt
2025-08-28 21:34:29 | INFO     | src.output.writer:write_report:152 - Wrote report: USER-FILES/05.OUTPUT/250828_213429/COST-ESTIMATION.md
2025-08-28 21:34:29 | INFO     | __main__:main:139 - Cost estimation saved. Total: $7.4880
