2025-08-25 18:29:00 | INFO     | src.utils.logging:setup_logging:39 - Logging configured (verbose=False, debug=False)
2025-08-25 18:29:00 | INFO     | __main__:main:67 - Loading configuration...
2025-08-25 18:29:00 | INFO     | src.config.loader:load_config:42 - Loaded configuration from USER-FILES/01.CONFIG/config.yaml
2025-08-25 18:29:00 | INFO     | __main__:main:72 - Authenticating...
2025-08-25 18:29:00 | DEBUG    | src.auth.env:get_fal_api_key_from_env:19 - Loaded environment from /Users/ruben/08_-_DEVELOPMENT/ISOF_IMAGE_WORKFLOW/00.fal-text->image-tool/.env
2025-08-25 18:29:00 | INFO     | src.auth.env:get_fal_api_key_from_env:25 - Successfully retrieved FAL API key from environment
2025-08-25 18:29:00 | INFO     | __main__:main:76 - Discovering inputs...
2025-08-25 18:29:00 | DEBUG    | src.processing.discovery:discover_prompt_files:38 - Found prompt file: USER-FILES/04.INPUT/prompt166.txt
2025-08-25 18:29:00 | DEBUG    | src.processing.discovery:discover_prompt_files:38 - Found prompt file: USER-FILES/04.INPUT/prompt172.txt
2025-08-25 18:29:00 | DEBUG    | src.processing.discovery:discover_prompt_files:38 - Found prompt file: USER-FILES/04.INPUT/prompt09.txt
2025-08-25 18:29:00 | DEBUG    | src.processing.discovery:discover_prompt_files:38 - Found prompt file: USER-FILES/04.INPUT/prompt21.txt
2025-08-25 18:29:00 | DEBUG    | src.processing.discovery:discover_prompt_files:38 - Found prompt file: USER-FILES/04.INPUT/prompt35.txt
2025-08-25 18:29:00 | DEBUG    | src.processing.discovery:discover_prompt_files:38 - Found prompt file: USER-FILES/04.INPUT/prompt34.txt
2025-08-25 18:29:00 | DEBUG    | src.processing.discovery:discover_prompt_files:38 - Found prompt file: USER-FILES/04.INPUT/prompt20.txt
2025-08-25 18:29:00 | DEBUG    | src.processing.discovery:discover_prompt_files:38 - Found prompt file: USER-FILES/04.INPUT/prompt08.txt
2025-08-25 18:29:00 | DEBUG    | src.processing.discovery:discover_prompt_files:38 - Found prompt file: USER-FILES/04.INPUT/prompt173.txt
2025-08-25 18:29:00 | DEBUG    | src.processing.discovery:discover_prompt_files:38 - Found prompt file: USER-FILES/04.INPUT/prompt167.txt
2025-08-25 18:29:00 | DEBUG    | src.processing.discovery:discover_prompt_files:38 - Found prompt file: USER-FILES/04.INPUT/prompt159.txt
2025-08-25 18:29:00 | DEBUG    | src.processing.discovery:discover_prompt_files:38 - Found prompt file: USER-FILES/04.INPUT/prompt171.txt
2025-08-25 18:29:00 | DEBUG    | src.processing.discovery:discover_prompt_files:38 - Found prompt file: USER-FILES/04.INPUT/prompt165.txt
2025-08-25 18:29:00 | DEBUG    | src.processing.discovery:discover_prompt_files:38 - Found prompt file: USER-FILES/04.INPUT/prompt36.txt
2025-08-25 18:29:00 | DEBUG    | src.processing.discovery:discover_prompt_files:38 - Found prompt file: USER-FILES/04.INPUT/prompt22.txt
2025-08-25 18:29:00 | DEBUG    | src.processing.discovery:discover_prompt_files:38 - Found prompt file: USER-FILES/04.INPUT/prompt23.txt
2025-08-25 18:29:00 | DEBUG    | src.processing.discovery:discover_prompt_files:38 - Found prompt file: USER-FILES/04.INPUT/prompt37.txt
2025-08-25 18:29:00 | DEBUG    | src.processing.discovery:discover_prompt_files:38 - Found prompt file: USER-FILES/04.INPUT/prompt164.txt
2025-08-25 18:29:00 | DEBUG    | src.processing.discovery:discover_prompt_files:38 - Found prompt file: USER-FILES/04.INPUT/prompt170.txt
2025-08-25 18:29:00 | DEBUG    | src.processing.discovery:discover_prompt_files:38 - Found prompt file: USER-FILES/04.INPUT/prompt158.txt
2025-08-25 18:29:00 | DEBUG    | src.processing.discovery:discover_prompt_files:38 - Found prompt file: USER-FILES/04.INPUT/prompt174.txt
2025-08-25 18:29:00 | DEBUG    | src.processing.discovery:discover_prompt_files:38 - Found prompt file: USER-FILES/04.INPUT/prompt160.txt
2025-08-25 18:29:00 | DEBUG    | src.processing.discovery:discover_prompt_files:38 - Found prompt file: USER-FILES/04.INPUT/prompt148.txt
2025-08-25 18:29:00 | DEBUG    | src.processing.discovery:discover_prompt_files:38 - Found prompt file: USER-FILES/04.INPUT/prompt33.txt
2025-08-25 18:29:00 | DEBUG    | src.processing.discovery:discover_prompt_files:38 - Found prompt file: USER-FILES/04.INPUT/prompt27.txt
2025-08-25 18:29:00 | DEBUG    | src.processing.discovery:discover_prompt_files:38 - Found prompt file: USER-FILES/04.INPUT/prompt26.txt
2025-08-25 18:29:00 | DEBUG    | src.processing.discovery:discover_prompt_files:38 - Found prompt file: USER-FILES/04.INPUT/prompt32.txt
2025-08-25 18:29:00 | DEBUG    | src.processing.discovery:discover_prompt_files:38 - Found prompt file: USER-FILES/04.INPUT/prompt149.txt
2025-08-25 18:29:00 | DEBUG    | src.processing.discovery:discover_prompt_files:38 - Found prompt file: USER-FILES/04.INPUT/prompt161.txt
2025-08-25 18:29:00 | DEBUG    | src.processing.discovery:discover_prompt_files:38 - Found prompt file: USER-FILES/04.INPUT/prompt175.txt
2025-08-25 18:29:00 | DEBUG    | src.processing.discovery:discover_prompt_files:38 - Found prompt file: USER-FILES/04.INPUT/prompt163.txt
2025-08-25 18:29:00 | DEBUG    | src.processing.discovery:discover_prompt_files:38 - Found prompt file: USER-FILES/04.INPUT/prompt177.txt
2025-08-25 18:29:00 | DEBUG    | src.processing.discovery:discover_prompt_files:38 - Found prompt file: USER-FILES/04.INPUT/prompt188.txt
2025-08-25 18:29:00 | DEBUG    | src.processing.discovery:discover_prompt_files:38 - Found prompt file: USER-FILES/04.INPUT/prompt24.txt
2025-08-25 18:29:00 | DEBUG    | src.processing.discovery:discover_prompt_files:38 - Found prompt file: USER-FILES/04.INPUT/prompt30.txt
2025-08-25 18:29:00 | DEBUG    | src.processing.discovery:discover_prompt_files:38 - Found prompt file: USER-FILES/04.INPUT/prompt18.txt
2025-08-25 18:29:00 | DEBUG    | src.processing.discovery:discover_prompt_files:38 - Found prompt file: USER-FILES/04.INPUT/prompt19.txt
2025-08-25 18:29:00 | DEBUG    | src.processing.discovery:discover_prompt_files:38 - Found prompt file: USER-FILES/04.INPUT/prompt31.txt
2025-08-25 18:29:00 | DEBUG    | src.processing.discovery:discover_prompt_files:38 - Found prompt file: USER-FILES/04.INPUT/prompt25.txt
2025-08-25 18:29:00 | DEBUG    | src.processing.discovery:discover_prompt_files:38 - Found prompt file: USER-FILES/04.INPUT/prompt189.txt
2025-08-25 18:29:00 | DEBUG    | src.processing.discovery:discover_prompt_files:38 - Found prompt file: USER-FILES/04.INPUT/prompt176.txt
2025-08-25 18:29:00 | DEBUG    | src.processing.discovery:discover_prompt_files:38 - Found prompt file: USER-FILES/04.INPUT/prompt162.txt
2025-08-25 18:29:00 | DEBUG    | src.processing.discovery:discover_prompt_files:38 - Found prompt file: USER-FILES/04.INPUT/prompt139.txt
2025-08-25 18:29:00 | DEBUG    | src.processing.discovery:discover_prompt_files:38 - Found prompt file: USER-FILES/04.INPUT/prompt105.txt
2025-08-25 18:29:00 | DEBUG    | src.processing.discovery:discover_prompt_files:38 - Found prompt file: USER-FILES/04.INPUT/prompt111.txt
2025-08-25 18:29:00 | DEBUG    | src.processing.discovery:discover_prompt_files:38 - Found prompt file: USER-FILES/04.INPUT/prompt42.txt
2025-08-25 18:29:00 | DEBUG    | src.processing.discovery:discover_prompt_files:38 - Found prompt file: USER-FILES/04.INPUT/prompt56.txt
2025-08-25 18:29:00 | DEBUG    | src.processing.discovery:discover_prompt_files:38 - Found prompt file: USER-FILES/04.INPUT/prompt81.txt
2025-08-25 18:29:00 | DEBUG    | src.processing.discovery:discover_prompt_files:38 - Found prompt file: USER-FILES/04.INPUT/prompt95.txt
2025-08-25 18:29:00 | DEBUG    | src.processing.discovery:discover_prompt_files:38 - Found prompt file: USER-FILES/04.INPUT/prompt94.txt
2025-08-25 18:29:00 | DEBUG    | src.processing.discovery:discover_prompt_files:38 - Found prompt file: USER-FILES/04.INPUT/prompt80.txt
2025-08-25 18:29:00 | DEBUG    | src.processing.discovery:discover_prompt_files:38 - Found prompt file: USER-FILES/04.INPUT/prompt57.txt
2025-08-25 18:29:00 | DEBUG    | src.processing.discovery:discover_prompt_files:38 - Found prompt file: USER-FILES/04.INPUT/prompt43.txt
2025-08-25 18:29:00 | DEBUG    | src.processing.discovery:discover_prompt_files:38 - Found prompt file: USER-FILES/04.INPUT/prompt110.txt
2025-08-25 18:29:00 | DEBUG    | src.processing.discovery:discover_prompt_files:38 - Found prompt file: USER-FILES/04.INPUT/prompt104.txt
2025-08-25 18:29:00 | DEBUG    | src.processing.discovery:discover_prompt_files:38 - Found prompt file: USER-FILES/04.INPUT/prompt138.txt
2025-08-25 18:29:00 | DEBUG    | src.processing.discovery:discover_prompt_files:38 - Found prompt file: USER-FILES/04.INPUT/prompt112.txt
2025-08-25 18:29:00 | DEBUG    | src.processing.discovery:discover_prompt_files:38 - Found prompt file: USER-FILES/04.INPUT/prompt106.txt
2025-08-25 18:29:00 | DEBUG    | src.processing.discovery:discover_prompt_files:38 - Found prompt file: USER-FILES/04.INPUT/prompt69.txt
2025-08-25 18:29:00 | DEBUG    | src.processing.discovery:discover_prompt_files:38 - Found prompt file: USER-FILES/04.INPUT/prompt55.txt
2025-08-25 18:29:00 | DEBUG    | src.processing.discovery:discover_prompt_files:38 - Found prompt file: USER-FILES/04.INPUT/prompt41.txt
2025-08-25 18:29:00 | DEBUG    | src.processing.discovery:discover_prompt_files:38 - Found prompt file: USER-FILES/04.INPUT/prompt96.txt
2025-08-25 18:29:00 | DEBUG    | src.processing.discovery:discover_prompt_files:38 - Found prompt file: USER-FILES/04.INPUT/prompt82.txt
2025-08-25 18:29:00 | DEBUG    | src.processing.discovery:discover_prompt_files:38 - Found prompt file: USER-FILES/04.INPUT/prompt83.txt
2025-08-25 18:29:00 | DEBUG    | src.processing.discovery:discover_prompt_files:38 - Found prompt file: USER-FILES/04.INPUT/prompt97.txt
2025-08-25 18:29:00 | DEBUG    | src.processing.discovery:discover_prompt_files:38 - Found prompt file: USER-FILES/04.INPUT/prompt40.txt
2025-08-25 18:29:00 | DEBUG    | src.processing.discovery:discover_prompt_files:38 - Found prompt file: USER-FILES/04.INPUT/prompt54.txt
2025-08-25 18:29:00 | DEBUG    | src.processing.discovery:discover_prompt_files:38 - Found prompt file: USER-FILES/04.INPUT/prompt68.txt
2025-08-25 18:29:00 | DEBUG    | src.processing.discovery:discover_prompt_files:38 - Found prompt file: USER-FILES/04.INPUT/prompt107.txt
2025-08-25 18:29:00 | DEBUG    | src.processing.discovery:discover_prompt_files:38 - Found prompt file: USER-FILES/04.INPUT/prompt113.txt
2025-08-25 18:29:00 | DEBUG    | src.processing.discovery:discover_prompt_files:38 - Found prompt file: USER-FILES/04.INPUT/prompt117.txt
2025-08-25 18:29:00 | DEBUG    | src.processing.discovery:discover_prompt_files:38 - Found prompt file: USER-FILES/04.INPUT/prompt103.txt
2025-08-25 18:29:00 | DEBUG    | src.processing.discovery:discover_prompt_files:38 - Found prompt file: USER-FILES/04.INPUT/prompt50.txt
2025-08-25 18:29:00 | DEBUG    | src.processing.discovery:discover_prompt_files:38 - Found prompt file: USER-FILES/04.INPUT/prompt44.txt
2025-08-25 18:29:00 | DEBUG    | src.processing.discovery:discover_prompt_files:38 - Found prompt file: USER-FILES/04.INPUT/prompt78.txt
2025-08-25 18:29:00 | DEBUG    | src.processing.discovery:discover_prompt_files:38 - Found prompt file: USER-FILES/04.INPUT/prompt93.txt
2025-08-25 18:29:00 | DEBUG    | src.processing.discovery:discover_prompt_files:38 - Found prompt file: USER-FILES/04.INPUT/prompt87.txt
2025-08-25 18:29:00 | DEBUG    | src.processing.discovery:discover_prompt_files:38 - Found prompt file: USER-FILES/04.INPUT/prompt86.txt
2025-08-25 18:29:00 | DEBUG    | src.processing.discovery:discover_prompt_files:38 - Found prompt file: USER-FILES/04.INPUT/prompt92.txt
2025-08-25 18:29:00 | DEBUG    | src.processing.discovery:discover_prompt_files:38 - Found prompt file: USER-FILES/04.INPUT/prompt79.txt
2025-08-25 18:29:00 | DEBUG    | src.processing.discovery:discover_prompt_files:38 - Found prompt file: USER-FILES/04.INPUT/prompt45.txt
2025-08-25 18:29:00 | DEBUG    | src.processing.discovery:discover_prompt_files:38 - Found prompt file: USER-FILES/04.INPUT/prompt51.txt
2025-08-25 18:29:00 | DEBUG    | src.processing.discovery:discover_prompt_files:38 - Found prompt file: USER-FILES/04.INPUT/prompt102.txt
2025-08-25 18:29:00 | DEBUG    | src.processing.discovery:discover_prompt_files:38 - Found prompt file: USER-FILES/04.INPUT/prompt116.txt
2025-08-25 18:29:00 | DEBUG    | src.processing.discovery:discover_prompt_files:38 - Found prompt file: USER-FILES/04.INPUT/prompt100.txt
2025-08-25 18:29:00 | DEBUG    | src.processing.discovery:discover_prompt_files:38 - Found prompt file: USER-FILES/04.INPUT/prompt114.txt
2025-08-25 18:29:00 | DEBUG    | src.processing.discovery:discover_prompt_files:38 - Found prompt file: USER-FILES/04.INPUT/prompt128.txt
2025-08-25 18:29:00 | DEBUG    | src.processing.discovery:discover_prompt_files:38 - Found prompt file: USER-FILES/04.INPUT/prompt47.txt
2025-08-25 18:29:00 | DEBUG    | src.processing.discovery:discover_prompt_files:38 - Found prompt file: USER-FILES/04.INPUT/prompt53.txt
2025-08-25 18:29:00 | DEBUG    | src.processing.discovery:discover_prompt_files:38 - Found prompt file: USER-FILES/04.INPUT/prompt84.txt
2025-08-25 18:29:00 | DEBUG    | src.processing.discovery:discover_prompt_files:38 - Found prompt file: USER-FILES/04.INPUT/prompt90.txt
2025-08-25 18:29:00 | DEBUG    | src.processing.discovery:discover_prompt_files:38 - Found prompt file: USER-FILES/04.INPUT/prompt91.txt
2025-08-25 18:29:00 | DEBUG    | src.processing.discovery:discover_prompt_files:38 - Found prompt file: USER-FILES/04.INPUT/prompt85.txt
2025-08-25 18:29:00 | DEBUG    | src.processing.discovery:discover_prompt_files:38 - Found prompt file: USER-FILES/04.INPUT/prompt52.txt
2025-08-25 18:29:00 | DEBUG    | src.processing.discovery:discover_prompt_files:38 - Found prompt file: USER-FILES/04.INPUT/prompt46.txt
2025-08-25 18:29:00 | DEBUG    | src.processing.discovery:discover_prompt_files:38 - Found prompt file: USER-FILES/04.INPUT/prompt129.txt
2025-08-25 18:29:00 | DEBUG    | src.processing.discovery:discover_prompt_files:38 - Found prompt file: USER-FILES/04.INPUT/prompt115.txt
2025-08-25 18:29:00 | DEBUG    | src.processing.discovery:discover_prompt_files:38 - Found prompt file: USER-FILES/04.INPUT/prompt101.txt
2025-08-25 18:29:00 | DEBUG    | src.processing.discovery:discover_prompt_files:38 - Found prompt file: USER-FILES/04.INPUT/prompt118.txt
2025-08-25 18:29:00 | DEBUG    | src.processing.discovery:discover_prompt_files:38 - Found prompt file: USER-FILES/04.INPUT/prompt124.txt
2025-08-25 18:29:00 | DEBUG    | src.processing.discovery:discover_prompt_files:38 - Found prompt file: USER-FILES/04.INPUT/prompt130.txt
2025-08-25 18:29:00 | DEBUG    | src.processing.discovery:discover_prompt_files:38 - Found prompt file: USER-FILES/04.INPUT/prompt63.txt
2025-08-25 18:29:00 | DEBUG    | src.processing.discovery:discover_prompt_files:38 - Found prompt file: USER-FILES/04.INPUT/prompt77.txt
2025-08-25 18:29:00 | DEBUG    | src.processing.discovery:discover_prompt_files:38 - Found prompt file: USER-FILES/04.INPUT/prompt88.txt
2025-08-25 18:29:00 | DEBUG    | src.processing.discovery:discover_prompt_files:38 - Found prompt file: USER-FILES/04.INPUT/prompt89.txt
2025-08-25 18:29:00 | DEBUG    | src.processing.discovery:discover_prompt_files:38 - Found prompt file: USER-FILES/04.INPUT/prompt76.txt
2025-08-25 18:29:00 | DEBUG    | src.processing.discovery:discover_prompt_files:38 - Found prompt file: USER-FILES/04.INPUT/prompt62.txt
2025-08-25 18:29:00 | DEBUG    | src.processing.discovery:discover_prompt_files:38 - Found prompt file: USER-FILES/04.INPUT/prompt131.txt
2025-08-25 18:29:00 | DEBUG    | src.processing.discovery:discover_prompt_files:38 - Found prompt file: USER-FILES/04.INPUT/prompt125.txt
2025-08-25 18:29:00 | DEBUG    | src.processing.discovery:discover_prompt_files:38 - Found prompt file: USER-FILES/04.INPUT/prompt119.txt
2025-08-25 18:29:00 | DEBUG    | src.processing.discovery:discover_prompt_files:38 - Found prompt file: USER-FILES/04.INPUT/prompt133.txt
2025-08-25 18:29:00 | DEBUG    | src.processing.discovery:discover_prompt_files:38 - Found prompt file: USER-FILES/04.INPUT/prompt127.txt
2025-08-25 18:29:00 | DEBUG    | src.processing.discovery:discover_prompt_files:38 - Found prompt file: USER-FILES/04.INPUT/prompt48.txt
2025-08-25 18:29:00 | DEBUG    | src.processing.discovery:discover_prompt_files:38 - Found prompt file: USER-FILES/04.INPUT/prompt74.txt
2025-08-25 18:29:00 | DEBUG    | src.processing.discovery:discover_prompt_files:38 - Found prompt file: USER-FILES/04.INPUT/prompt60.txt
2025-08-25 18:29:00 | DEBUG    | src.processing.discovery:discover_prompt_files:38 - Found prompt file: USER-FILES/04.INPUT/prompt61.txt
2025-08-25 18:29:00 | DEBUG    | src.processing.discovery:discover_prompt_files:38 - Found prompt file: USER-FILES/04.INPUT/prompt75.txt
2025-08-25 18:29:00 | DEBUG    | src.processing.discovery:discover_prompt_files:38 - Found prompt file: USER-FILES/04.INPUT/prompt49.txt
2025-08-25 18:29:00 | DEBUG    | src.processing.discovery:discover_prompt_files:38 - Found prompt file: USER-FILES/04.INPUT/prompt126.txt
2025-08-25 18:29:00 | DEBUG    | src.processing.discovery:discover_prompt_files:38 - Found prompt file: USER-FILES/04.INPUT/prompt132.txt
2025-08-25 18:29:00 | DEBUG    | src.processing.discovery:discover_prompt_files:38 - Found prompt file: USER-FILES/04.INPUT/prompt136.txt
2025-08-25 18:29:00 | DEBUG    | src.processing.discovery:discover_prompt_files:38 - Found prompt file: USER-FILES/04.INPUT/prompt122.txt
2025-08-25 18:29:00 | DEBUG    | src.processing.discovery:discover_prompt_files:38 - Found prompt file: USER-FILES/04.INPUT/prompt71.txt
2025-08-25 18:29:00 | DEBUG    | src.processing.discovery:discover_prompt_files:38 - Found prompt file: USER-FILES/04.INPUT/prompt65.txt
2025-08-25 18:29:00 | DEBUG    | src.processing.discovery:discover_prompt_files:38 - Found prompt file: USER-FILES/04.INPUT/prompt59.txt
2025-08-25 18:29:00 | DEBUG    | src.processing.discovery:discover_prompt_files:38 - Found prompt file: USER-FILES/04.INPUT/prompt58.txt
2025-08-25 18:29:00 | DEBUG    | src.processing.discovery:discover_prompt_files:38 - Found prompt file: USER-FILES/04.INPUT/prompt64.txt
2025-08-25 18:29:00 | DEBUG    | src.processing.discovery:discover_prompt_files:38 - Found prompt file: USER-FILES/04.INPUT/prompt70.txt
2025-08-25 18:29:00 | DEBUG    | src.processing.discovery:discover_prompt_files:38 - Found prompt file: USER-FILES/04.INPUT/prompt123.txt
2025-08-25 18:29:00 | DEBUG    | src.processing.discovery:discover_prompt_files:38 - Found prompt file: USER-FILES/04.INPUT/prompt137.txt
2025-08-25 18:29:00 | DEBUG    | src.processing.discovery:discover_prompt_files:38 - Found prompt file: USER-FILES/04.INPUT/prompt121.txt
2025-08-25 18:29:00 | DEBUG    | src.processing.discovery:discover_prompt_files:38 - Found prompt file: USER-FILES/04.INPUT/prompt135.txt
2025-08-25 18:29:00 | DEBUG    | src.processing.discovery:discover_prompt_files:38 - Found prompt file: USER-FILES/04.INPUT/prompt109.txt
2025-08-25 18:29:00 | DEBUG    | src.processing.discovery:discover_prompt_files:38 - Found prompt file: USER-FILES/04.INPUT/prompt66.txt
2025-08-25 18:29:00 | DEBUG    | src.processing.discovery:discover_prompt_files:38 - Found prompt file: USER-FILES/04.INPUT/prompt72.txt
2025-08-25 18:29:00 | DEBUG    | src.processing.discovery:discover_prompt_files:38 - Found prompt file: USER-FILES/04.INPUT/prompt99.txt
2025-08-25 18:29:00 | DEBUG    | src.processing.discovery:discover_prompt_files:38 - Found prompt file: USER-FILES/04.INPUT/prompt98.txt
2025-08-25 18:29:00 | DEBUG    | src.processing.discovery:discover_prompt_files:38 - Found prompt file: USER-FILES/04.INPUT/prompt73.txt
2025-08-25 18:29:00 | DEBUG    | src.processing.discovery:discover_prompt_files:38 - Found prompt file: USER-FILES/04.INPUT/prompt67.txt
2025-08-25 18:29:00 | DEBUG    | src.processing.discovery:discover_prompt_files:38 - Found prompt file: USER-FILES/04.INPUT/prompt108.txt
2025-08-25 18:29:00 | DEBUG    | src.processing.discovery:discover_prompt_files:38 - Found prompt file: USER-FILES/04.INPUT/prompt134.txt
2025-08-25 18:29:00 | DEBUG    | src.processing.discovery:discover_prompt_files:38 - Found prompt file: USER-FILES/04.INPUT/prompt120.txt
2025-08-25 18:29:00 | DEBUG    | src.processing.discovery:discover_prompt_files:38 - Found prompt file: USER-FILES/04.INPUT/prompt147.txt
2025-08-25 18:29:00 | DEBUG    | src.processing.discovery:discover_prompt_files:38 - Found prompt file: USER-FILES/04.INPUT/prompt153.txt
2025-08-25 18:29:00 | DEBUG    | src.processing.discovery:discover_prompt_files:38 - Found prompt file: USER-FILES/04.INPUT/prompt184.txt
2025-08-25 18:29:00 | DEBUG    | src.processing.discovery:discover_prompt_files:38 - Found prompt file: USER-FILES/04.INPUT/prompt190.txt
2025-08-25 18:29:00 | DEBUG    | src.processing.discovery:discover_prompt_files:38 - Found prompt file: USER-FILES/04.INPUT/prompt28.txt
2025-08-25 18:29:00 | DEBUG    | src.processing.discovery:discover_prompt_files:38 - Found prompt file: USER-FILES/04.INPUT/prompt14.txt
2025-08-25 18:29:00 | DEBUG    | src.processing.discovery:discover_prompt_files:38 - Found prompt file: USER-FILES/04.INPUT/prompt15.txt
2025-08-25 18:29:00 | DEBUG    | src.processing.discovery:discover_prompt_files:38 - Found prompt file: USER-FILES/04.INPUT/prompt01.txt
2025-08-25 18:29:00 | DEBUG    | src.processing.discovery:discover_prompt_files:38 - Found prompt file: USER-FILES/04.INPUT/prompt29.txt
2025-08-25 18:29:00 | DEBUG    | src.processing.discovery:discover_prompt_files:38 - Found prompt file: USER-FILES/04.INPUT/prompt191.txt
2025-08-25 18:29:00 | DEBUG    | src.processing.discovery:discover_prompt_files:38 - Found prompt file: USER-FILES/04.INPUT/prompt185.txt
2025-08-25 18:29:00 | DEBUG    | src.processing.discovery:discover_prompt_files:38 - Found prompt file: USER-FILES/04.INPUT/prompt152.txt
2025-08-25 18:29:00 | DEBUG    | src.processing.discovery:discover_prompt_files:38 - Found prompt file: USER-FILES/04.INPUT/prompt146.txt
2025-08-25 18:29:00 | DEBUG    | src.processing.discovery:discover_prompt_files:38 - Found prompt file: USER-FILES/04.INPUT/prompt178.txt
2025-08-25 18:29:00 | DEBUG    | src.processing.discovery:discover_prompt_files:38 - Found prompt file: USER-FILES/04.INPUT/prompt150.txt
2025-08-25 18:29:00 | DEBUG    | src.processing.discovery:discover_prompt_files:38 - Found prompt file: USER-FILES/04.INPUT/prompt144.txt
2025-08-25 18:29:00 | DEBUG    | src.processing.discovery:discover_prompt_files:38 - Found prompt file: USER-FILES/04.INPUT/prompt187.txt
2025-08-25 18:29:00 | DEBUG    | src.processing.discovery:discover_prompt_files:38 - Found prompt file: USER-FILES/04.INPUT/prompt17.txt
2025-08-25 18:29:00 | DEBUG    | src.processing.discovery:discover_prompt_files:38 - Found prompt file: USER-FILES/04.INPUT/prompt03.txt
2025-08-25 18:29:00 | DEBUG    | src.processing.discovery:discover_prompt_files:38 - Found prompt file: USER-FILES/04.INPUT/prompt02.txt
2025-08-25 18:29:00 | DEBUG    | src.processing.discovery:discover_prompt_files:38 - Found prompt file: USER-FILES/04.INPUT/prompt16.txt
2025-08-25 18:29:00 | DEBUG    | src.processing.discovery:discover_prompt_files:38 - Found prompt file: USER-FILES/04.INPUT/prompt186.txt
2025-08-25 18:29:00 | DEBUG    | src.processing.discovery:discover_prompt_files:38 - Found prompt file: USER-FILES/04.INPUT/prompt192.txt
2025-08-25 18:29:00 | DEBUG    | src.processing.discovery:discover_prompt_files:38 - Found prompt file: USER-FILES/04.INPUT/prompt145.txt
2025-08-25 18:29:00 | DEBUG    | src.processing.discovery:discover_prompt_files:38 - Found prompt file: USER-FILES/04.INPUT/prompt151.txt
2025-08-25 18:29:00 | DEBUG    | src.processing.discovery:discover_prompt_files:38 - Found prompt file: USER-FILES/04.INPUT/prompt179.txt
2025-08-25 18:29:00 | DEBUG    | src.processing.discovery:discover_prompt_files:38 - Found prompt file: USER-FILES/04.INPUT/prompt155.txt
2025-08-25 18:29:00 | DEBUG    | src.processing.discovery:discover_prompt_files:38 - Found prompt file: USER-FILES/04.INPUT/prompt141.txt
2025-08-25 18:29:00 | DEBUG    | src.processing.discovery:discover_prompt_files:38 - Found prompt file: USER-FILES/04.INPUT/prompt169.txt
2025-08-25 18:29:00 | DEBUG    | src.processing.discovery:discover_prompt_files:38 - Found prompt file: USER-FILES/04.INPUT/prompt182.txt
2025-08-25 18:29:00 | DEBUG    | src.processing.discovery:discover_prompt_files:38 - Found prompt file: USER-FILES/04.INPUT/prompt12.txt
2025-08-25 18:29:00 | DEBUG    | src.processing.discovery:discover_prompt_files:38 - Found prompt file: USER-FILES/04.INPUT/prompt06.txt
2025-08-25 18:29:00 | DEBUG    | src.processing.discovery:discover_prompt_files:38 - Found prompt file: USER-FILES/04.INPUT/prompt07.txt
2025-08-25 18:29:00 | DEBUG    | src.processing.discovery:discover_prompt_files:38 - Found prompt file: USER-FILES/04.INPUT/prompt13.txt
2025-08-25 18:29:00 | DEBUG    | src.processing.discovery:discover_prompt_files:38 - Found prompt file: USER-FILES/04.INPUT/prompt183.txt
2025-08-25 18:29:00 | DEBUG    | src.processing.discovery:discover_prompt_files:38 - Found prompt file: USER-FILES/04.INPUT/prompt168.txt
2025-08-25 18:29:00 | DEBUG    | src.processing.discovery:discover_prompt_files:38 - Found prompt file: USER-FILES/04.INPUT/prompt140.txt
2025-08-25 18:29:00 | DEBUG    | src.processing.discovery:discover_prompt_files:38 - Found prompt file: USER-FILES/04.INPUT/prompt154.txt
2025-08-25 18:29:00 | DEBUG    | src.processing.discovery:discover_prompt_files:38 - Found prompt file: USER-FILES/04.INPUT/prompt142.txt
2025-08-25 18:29:00 | DEBUG    | src.processing.discovery:discover_prompt_files:38 - Found prompt file: USER-FILES/04.INPUT/prompt156.txt
2025-08-25 18:29:00 | DEBUG    | src.processing.discovery:discover_prompt_files:38 - Found prompt file: USER-FILES/04.INPUT/prompt181.txt
2025-08-25 18:29:00 | DEBUG    | src.processing.discovery:discover_prompt_files:38 - Found prompt file: USER-FILES/04.INPUT/prompt05.txt
2025-08-25 18:29:00 | DEBUG    | src.processing.discovery:discover_prompt_files:38 - Found prompt file: USER-FILES/04.INPUT/prompt11.txt
2025-08-25 18:29:00 | DEBUG    | src.processing.discovery:discover_prompt_files:38 - Found prompt file: USER-FILES/04.INPUT/prompt39.txt
2025-08-25 18:29:00 | DEBUG    | src.processing.discovery:discover_prompt_files:38 - Found prompt file: USER-FILES/04.INPUT/prompt38.txt
2025-08-25 18:29:00 | DEBUG    | src.processing.discovery:discover_prompt_files:38 - Found prompt file: USER-FILES/04.INPUT/prompt10.txt
2025-08-25 18:29:00 | DEBUG    | src.processing.discovery:discover_prompt_files:38 - Found prompt file: USER-FILES/04.INPUT/prompt04.txt
2025-08-25 18:29:00 | DEBUG    | src.processing.discovery:discover_prompt_files:38 - Found prompt file: USER-FILES/04.INPUT/prompt180.txt
2025-08-25 18:29:00 | DEBUG    | src.processing.discovery:discover_prompt_files:38 - Found prompt file: USER-FILES/04.INPUT/prompt157.txt
2025-08-25 18:29:00 | DEBUG    | src.processing.discovery:discover_prompt_files:38 - Found prompt file: USER-FILES/04.INPUT/prompt143.txt
2025-08-25 18:29:00 | INFO     | src.processing.discovery:discover_prompt_files:43 - Discovered 192 prompt files
2025-08-25 18:29:00 | DEBUG    | src.processing.discovery:discover_profiles:92 - Loaded profile: USER-FILES/03.PROFILES/seedream_v3_480p.yaml
2025-08-25 18:29:00 | INFO     | src.processing.discovery:discover_profiles:96 - Loaded 1 profiles
2025-08-25 18:29:00 | INFO     | src.processing.discovery:get_active_models:127 - Found profile: seedream_v3_480p
2025-08-25 18:29:00 | INFO     | src.processing.discovery:get_active_models:132 - Total profiles to process: 1
2025-08-25 18:29:00 | INFO     | src.config.validator:validate_all:26 - All configuration validation passed
2025-08-25 18:29:00 | INFO     | __main__:main:96 - Output directory: USER-FILES/05.OUTPUT/250825_182900
2025-08-25 18:29:00 | INFO     | __main__:main:157 - Starting matrix processing...
2025-08-25 18:29:00 | INFO     | src.processing.processor:process_all:65 - Processing 192 combinations (192 files × 1 profiles)
2025-08-25 18:29:00 | DEBUG    | src.processing.discovery:load_prompts:63 - Loaded prompt from line 1: Late 1700s Swedish countryside exterior at golden ...
2025-08-25 18:29:00 | INFO     | src.processing.discovery:load_prompts:65 - Loaded 1 prompts from prompt01.txt
2025-08-25 18:29:00 | INFO     | src.processing.processor:process_all:97 - Processing combination 1/192: prompt01.txt + seedream_v3_480p
2025-08-25 18:29:00 | DEBUG    | src.processing.processor:_process_file_model_combination:154 - Processing line 1: Late 1700s Swedish countryside exterior at golden ...
2025-08-25 18:29:00 | DEBUG    | src.api.client:_call_with_retry:100 - API call attempt 1/3
2025-08-25 18:29:05 | DEBUG    | src.api.client:_call_with_retry:113 - API call successful
2025-08-25 18:29:07 | INFO     | src.output.writer:save_image:84 - Saved valid image: USER-FILES/05.OUTPUT/250825_182900/prompt01_X_seedream_v3_480p/001_182905__Line1_seedream_v3_480p_854x480.jpeg
2025-08-25 18:29:07 | INFO     | src.processing.processor:_process_file_model_combination:185 - Saved image: 001_182905__Line1_seedream_v3_480p_854x480.jpeg
2025-08-25 18:29:07 | DEBUG    | src.processing.discovery:load_prompts:63 - Loaded prompt from line 1: Late 1700s medieval stone church interior, long vi...
2025-08-25 18:29:07 | INFO     | src.processing.discovery:load_prompts:65 - Loaded 1 prompts from prompt02.txt
2025-08-25 18:29:07 | INFO     | src.processing.processor:process_all:97 - Processing combination 2/192: prompt02.txt + seedream_v3_480p
2025-08-25 18:29:07 | DEBUG    | src.processing.processor:_process_file_model_combination:154 - Processing line 1: Late 1700s medieval stone church interior, long vi...
2025-08-25 18:29:07 | DEBUG    | src.api.client:_call_with_retry:100 - API call attempt 1/3
2025-08-25 18:29:15 | DEBUG    | src.api.client:_call_with_retry:113 - API call successful
2025-08-25 18:29:17 | INFO     | src.output.writer:save_image:84 - Saved valid image: USER-FILES/05.OUTPUT/250825_182900/prompt02_X_seedream_v3_480p/002_182915__Line1_seedream_v3_480p_854x480.jpeg
2025-08-25 18:29:17 | INFO     | src.processing.processor:_process_file_model_combination:185 - Saved image: 002_182915__Line1_seedream_v3_480p_854x480.jpeg
2025-08-25 18:29:17 | DEBUG    | src.processing.discovery:load_prompts:63 - Loaded prompt from line 1: Late 1700s medieval church interior, extreme close...
2025-08-25 18:29:17 | INFO     | src.processing.discovery:load_prompts:65 - Loaded 1 prompts from prompt03.txt
2025-08-25 18:29:17 | INFO     | src.processing.processor:process_all:97 - Processing combination 3/192: prompt03.txt + seedream_v3_480p
2025-08-25 18:29:17 | DEBUG    | src.processing.processor:_process_file_model_combination:154 - Processing line 1: Late 1700s medieval church interior, extreme close...
2025-08-25 18:29:17 | DEBUG    | src.api.client:_call_with_retry:100 - API call attempt 1/3
2025-08-25 18:29:22 | DEBUG    | src.api.client:_call_with_retry:113 - API call successful
2025-08-25 18:29:24 | INFO     | src.output.writer:save_image:84 - Saved valid image: USER-FILES/05.OUTPUT/250825_182900/prompt03_X_seedream_v3_480p/003_182922__Line1_seedream_v3_480p_854x480.jpeg
2025-08-25 18:29:24 | INFO     | src.processing.processor:_process_file_model_combination:185 - Saved image: 003_182922__Line1_seedream_v3_480p_854x480.jpeg
2025-08-25 18:29:24 | DEBUG    | src.processing.discovery:load_prompts:63 - Loaded prompt from line 1: Late 1700s medieval church interior, low angle med...
2025-08-25 18:29:24 | INFO     | src.processing.discovery:load_prompts:65 - Loaded 1 prompts from prompt04.txt
2025-08-25 18:29:24 | INFO     | src.processing.processor:process_all:97 - Processing combination 4/192: prompt04.txt + seedream_v3_480p
2025-08-25 18:29:24 | DEBUG    | src.processing.processor:_process_file_model_combination:154 - Processing line 1: Late 1700s medieval church interior, low angle med...
2025-08-25 18:29:24 | DEBUG    | src.api.client:_call_with_retry:100 - API call attempt 1/3
2025-08-25 18:29:30 | DEBUG    | src.api.client:_call_with_retry:113 - API call successful
2025-08-25 18:29:32 | INFO     | src.output.writer:save_image:84 - Saved valid image: USER-FILES/05.OUTPUT/250825_182900/prompt04_X_seedream_v3_480p/004_182930__Line1_seedream_v3_480p_854x480.jpeg
2025-08-25 18:29:32 | INFO     | src.processing.processor:_process_file_model_combination:185 - Saved image: 004_182930__Line1_seedream_v3_480p_854x480.jpeg
2025-08-25 18:29:32 | DEBUG    | src.processing.discovery:load_prompts:63 - Loaded prompt from line 1: Late 1700s medieval church interior, medium shot o...
2025-08-25 18:29:32 | INFO     | src.processing.discovery:load_prompts:65 - Loaded 1 prompts from prompt05.txt
2025-08-25 18:29:32 | INFO     | src.processing.processor:process_all:97 - Processing combination 5/192: prompt05.txt + seedream_v3_480p
2025-08-25 18:29:32 | DEBUG    | src.processing.processor:_process_file_model_combination:154 - Processing line 1: Late 1700s medieval church interior, medium shot o...
2025-08-25 18:29:32 | DEBUG    | src.api.client:_call_with_retry:100 - API call attempt 1/3
2025-08-25 18:29:39 | DEBUG    | src.api.client:_call_with_retry:113 - API call successful
2025-08-25 18:29:41 | INFO     | src.output.writer:save_image:84 - Saved valid image: USER-FILES/05.OUTPUT/250825_182900/prompt05_X_seedream_v3_480p/005_182939__Line1_seedream_v3_480p_854x480.jpeg
2025-08-25 18:29:41 | INFO     | src.processing.processor:_process_file_model_combination:185 - Saved image: 005_182939__Line1_seedream_v3_480p_854x480.jpeg
2025-08-25 18:29:41 | DEBUG    | src.processing.discovery:load_prompts:63 - Loaded prompt from line 1: Late 1700s medieval church interior, medium shot i...
2025-08-25 18:29:41 | INFO     | src.processing.discovery:load_prompts:65 - Loaded 1 prompts from prompt06.txt
2025-08-25 18:29:41 | INFO     | src.processing.processor:process_all:97 - Processing combination 6/192: prompt06.txt + seedream_v3_480p
2025-08-25 18:29:41 | DEBUG    | src.processing.processor:_process_file_model_combination:154 - Processing line 1: Late 1700s medieval church interior, medium shot i...
2025-08-25 18:29:41 | DEBUG    | src.api.client:_call_with_retry:100 - API call attempt 1/3
2025-08-25 18:29:46 | DEBUG    | src.api.client:_call_with_retry:113 - API call successful
2025-08-25 18:29:48 | INFO     | src.output.writer:save_image:84 - Saved valid image: USER-FILES/05.OUTPUT/250825_182900/prompt06_X_seedream_v3_480p/006_182946__Line1_seedream_v3_480p_854x480.jpeg
2025-08-25 18:29:48 | INFO     | src.processing.processor:_process_file_model_combination:185 - Saved image: 006_182946__Line1_seedream_v3_480p_854x480.jpeg
2025-08-25 18:29:48 | DEBUG    | src.processing.discovery:load_prompts:63 - Loaded prompt from line 1: Late 1700s medieval church interior, medium wide s...
2025-08-25 18:29:48 | INFO     | src.processing.discovery:load_prompts:65 - Loaded 1 prompts from prompt07.txt
2025-08-25 18:29:48 | INFO     | src.processing.processor:process_all:97 - Processing combination 7/192: prompt07.txt + seedream_v3_480p
2025-08-25 18:29:48 | DEBUG    | src.processing.processor:_process_file_model_combination:154 - Processing line 1: Late 1700s medieval church interior, medium wide s...
2025-08-25 18:29:48 | DEBUG    | src.api.client:_call_with_retry:100 - API call attempt 1/3
2025-08-25 18:29:53 | DEBUG    | src.api.client:_call_with_retry:113 - API call successful
2025-08-25 18:29:55 | INFO     | src.output.writer:save_image:84 - Saved valid image: USER-FILES/05.OUTPUT/250825_182900/prompt07_X_seedream_v3_480p/007_182953__Line1_seedream_v3_480p_854x480.jpeg
2025-08-25 18:29:55 | INFO     | src.processing.processor:_process_file_model_combination:185 - Saved image: 007_182953__Line1_seedream_v3_480p_854x480.jpeg
2025-08-25 18:29:55 | DEBUG    | src.processing.discovery:load_prompts:63 - Loaded prompt from line 1: Late 1700s medieval church interior, medium close-...
2025-08-25 18:29:55 | INFO     | src.processing.discovery:load_prompts:65 - Loaded 1 prompts from prompt08.txt
2025-08-25 18:29:55 | INFO     | src.processing.processor:process_all:97 - Processing combination 8/192: prompt08.txt + seedream_v3_480p
2025-08-25 18:29:55 | DEBUG    | src.processing.processor:_process_file_model_combination:154 - Processing line 1: Late 1700s medieval church interior, medium close-...
2025-08-25 18:29:55 | DEBUG    | src.api.client:_call_with_retry:100 - API call attempt 1/3
2025-08-25 18:30:00 | DEBUG    | src.api.client:_call_with_retry:113 - API call successful
2025-08-25 18:30:02 | INFO     | src.output.writer:save_image:84 - Saved valid image: USER-FILES/05.OUTPUT/250825_182900/prompt08_X_seedream_v3_480p/008_183000__Line1_seedream_v3_480p_854x480.jpeg
2025-08-25 18:30:02 | INFO     | src.processing.processor:_process_file_model_combination:185 - Saved image: 008_183000__Line1_seedream_v3_480p_854x480.jpeg
2025-08-25 18:30:02 | DEBUG    | src.processing.discovery:load_prompts:63 - Loaded prompt from line 1: Late 1700s Swedish palace interior, wide shot of o...
2025-08-25 18:30:02 | INFO     | src.processing.discovery:load_prompts:65 - Loaded 1 prompts from prompt09.txt
2025-08-25 18:30:02 | INFO     | src.processing.processor:process_all:97 - Processing combination 9/192: prompt09.txt + seedream_v3_480p
2025-08-25 18:30:02 | DEBUG    | src.processing.processor:_process_file_model_combination:154 - Processing line 1: Late 1700s Swedish palace interior, wide shot of o...
2025-08-25 18:30:02 | DEBUG    | src.api.client:_call_with_retry:100 - API call attempt 1/3
2025-08-25 18:30:09 | DEBUG    | src.api.client:_call_with_retry:113 - API call successful
2025-08-25 18:30:10 | INFO     | src.output.writer:save_image:84 - Saved valid image: USER-FILES/05.OUTPUT/250825_182900/prompt09_X_seedream_v3_480p/009_183009__Line1_seedream_v3_480p_854x480.jpeg
2025-08-25 18:30:10 | INFO     | src.processing.processor:_process_file_model_combination:185 - Saved image: 009_183009__Line1_seedream_v3_480p_854x480.jpeg
2025-08-25 18:30:10 | DEBUG    | src.processing.discovery:load_prompts:63 - Loaded prompt from line 1: Late 1700s Swedish palace interior, close-up of tw...
2025-08-25 18:30:10 | INFO     | src.processing.discovery:load_prompts:65 - Loaded 1 prompts from prompt10.txt
2025-08-25 18:30:10 | INFO     | src.processing.processor:process_all:97 - Processing combination 10/192: prompt10.txt + seedream_v3_480p
2025-08-25 18:30:10 | DEBUG    | src.processing.processor:_process_file_model_combination:154 - Processing line 1: Late 1700s Swedish palace interior, close-up of tw...
2025-08-25 18:30:10 | DEBUG    | src.api.client:_call_with_retry:100 - API call attempt 1/3
2025-08-25 18:30:17 | DEBUG    | src.api.client:_call_with_retry:113 - API call successful
2025-08-25 18:30:18 | INFO     | src.output.writer:save_image:84 - Saved valid image: USER-FILES/05.OUTPUT/250825_182900/prompt10_X_seedream_v3_480p/010_183017__Line1_seedream_v3_480p_854x480.jpeg
2025-08-25 18:30:18 | INFO     | src.processing.processor:_process_file_model_combination:185 - Saved image: 010_183017__Line1_seedream_v3_480p_854x480.jpeg
2025-08-25 18:30:18 | DEBUG    | src.processing.discovery:load_prompts:63 - Loaded prompt from line 1: Late 1700s Swedish palace interior, wide shot of K...
2025-08-25 18:30:18 | INFO     | src.processing.discovery:load_prompts:65 - Loaded 1 prompts from prompt11.txt
2025-08-25 18:30:18 | INFO     | src.processing.processor:process_all:97 - Processing combination 11/192: prompt11.txt + seedream_v3_480p
2025-08-25 18:30:18 | DEBUG    | src.processing.processor:_process_file_model_combination:154 - Processing line 1: Late 1700s Swedish palace interior, wide shot of K...
2025-08-25 18:30:18 | DEBUG    | src.api.client:_call_with_retry:100 - API call attempt 1/3
2025-08-25 18:30:24 | DEBUG    | src.api.client:_call_with_retry:113 - API call successful
2025-08-25 18:30:26 | INFO     | src.output.writer:save_image:84 - Saved valid image: USER-FILES/05.OUTPUT/250825_182900/prompt11_X_seedream_v3_480p/011_183024__Line1_seedream_v3_480p_854x480.jpeg
2025-08-25 18:30:26 | INFO     | src.processing.processor:_process_file_model_combination:185 - Saved image: 011_183024__Line1_seedream_v3_480p_854x480.jpeg
2025-08-25 18:30:26 | DEBUG    | src.processing.discovery:load_prompts:63 - Loaded prompt from line 1: Late 1700s Stockholm harbor exterior, foggy winter...
2025-08-25 18:30:26 | INFO     | src.processing.discovery:load_prompts:65 - Loaded 1 prompts from prompt12.txt
2025-08-25 18:30:26 | INFO     | src.processing.processor:process_all:97 - Processing combination 12/192: prompt12.txt + seedream_v3_480p
2025-08-25 18:30:26 | DEBUG    | src.processing.processor:_process_file_model_combination:154 - Processing line 1: Late 1700s Stockholm harbor exterior, foggy winter...
2025-08-25 18:30:26 | DEBUG    | src.api.client:_call_with_retry:100 - API call attempt 1/3
2025-08-25 18:30:31 | DEBUG    | src.api.client:_call_with_retry:113 - API call successful
2025-08-25 18:30:33 | INFO     | src.output.writer:save_image:84 - Saved valid image: USER-FILES/05.OUTPUT/250825_182900/prompt12_X_seedream_v3_480p/012_183031__Line1_seedream_v3_480p_854x480.jpeg
2025-08-25 18:30:33 | INFO     | src.processing.processor:_process_file_model_combination:185 - Saved image: 012_183031__Line1_seedream_v3_480p_854x480.jpeg
2025-08-25 18:30:33 | DEBUG    | src.processing.discovery:load_prompts:63 - Loaded prompt from line 1: Late 1700s craftsman's attic workshop interior, cl...
2025-08-25 18:30:33 | INFO     | src.processing.discovery:load_prompts:65 - Loaded 1 prompts from prompt13.txt
2025-08-25 18:30:33 | INFO     | src.processing.processor:process_all:97 - Processing combination 13/192: prompt13.txt + seedream_v3_480p
2025-08-25 18:30:33 | DEBUG    | src.processing.processor:_process_file_model_combination:154 - Processing line 1: Late 1700s craftsman's attic workshop interior, cl...
2025-08-25 18:30:33 | DEBUG    | src.api.client:_call_with_retry:100 - API call attempt 1/3
2025-08-25 18:30:39 | DEBUG    | src.api.client:_call_with_retry:113 - API call successful
2025-08-25 18:30:41 | INFO     | src.output.writer:save_image:84 - Saved valid image: USER-FILES/05.OUTPUT/250825_182900/prompt13_X_seedream_v3_480p/013_183039__Line1_seedream_v3_480p_854x480.jpeg
2025-08-25 18:30:41 | INFO     | src.processing.processor:_process_file_model_combination:185 - Saved image: 013_183039__Line1_seedream_v3_480p_854x480.jpeg
2025-08-25 18:30:41 | DEBUG    | src.processing.discovery:load_prompts:63 - Loaded prompt from line 1: Late 1700s craftsman's attic workshop interior, ex...
2025-08-25 18:30:41 | INFO     | src.processing.discovery:load_prompts:65 - Loaded 1 prompts from prompt14.txt
2025-08-25 18:30:41 | INFO     | src.processing.processor:process_all:97 - Processing combination 14/192: prompt14.txt + seedream_v3_480p
2025-08-25 18:30:41 | DEBUG    | src.processing.processor:_process_file_model_combination:154 - Processing line 1: Late 1700s craftsman's attic workshop interior, ex...
2025-08-25 18:30:41 | DEBUG    | src.api.client:_call_with_retry:100 - API call attempt 1/3
2025-08-25 18:30:47 | DEBUG    | src.api.client:_call_with_retry:113 - API call successful
2025-08-25 18:30:49 | INFO     | src.output.writer:save_image:84 - Saved valid image: USER-FILES/05.OUTPUT/250825_182900/prompt14_X_seedream_v3_480p/014_183047__Line1_seedream_v3_480p_854x480.jpeg
2025-08-25 18:30:49 | INFO     | src.processing.processor:_process_file_model_combination:185 - Saved image: 014_183047__Line1_seedream_v3_480p_854x480.jpeg
2025-08-25 18:30:49 | DEBUG    | src.processing.discovery:load_prompts:63 - Loaded prompt from line 1: Late 1700s Swedish palace throne room interior, me...
2025-08-25 18:30:49 | INFO     | src.processing.discovery:load_prompts:65 - Loaded 1 prompts from prompt15.txt
2025-08-25 18:30:49 | INFO     | src.processing.processor:process_all:97 - Processing combination 15/192: prompt15.txt + seedream_v3_480p
2025-08-25 18:30:49 | DEBUG    | src.processing.processor:_process_file_model_combination:154 - Processing line 1: Late 1700s Swedish palace throne room interior, me...
2025-08-25 18:30:49 | DEBUG    | src.api.client:_call_with_retry:100 - API call attempt 1/3
2025-08-25 18:30:54 | DEBUG    | src.api.client:_call_with_retry:113 - API call successful
2025-08-25 18:30:56 | INFO     | src.output.writer:save_image:84 - Saved valid image: USER-FILES/05.OUTPUT/250825_182900/prompt15_X_seedream_v3_480p/015_183054__Line1_seedream_v3_480p_854x480.jpeg
2025-08-25 18:30:56 | INFO     | src.processing.processor:_process_file_model_combination:185 - Saved image: 015_183054__Line1_seedream_v3_480p_854x480.jpeg
2025-08-25 18:30:56 | DEBUG    | src.processing.discovery:load_prompts:63 - Loaded prompt from line 1: Late 1700s Swedish palace throne room interior, me...
2025-08-25 18:30:56 | INFO     | src.processing.discovery:load_prompts:65 - Loaded 1 prompts from prompt16.txt
2025-08-25 18:30:56 | INFO     | src.processing.processor:process_all:97 - Processing combination 16/192: prompt16.txt + seedream_v3_480p
2025-08-25 18:30:56 | DEBUG    | src.processing.processor:_process_file_model_combination:154 - Processing line 1: Late 1700s Swedish palace throne room interior, me...
2025-08-25 18:30:56 | DEBUG    | src.api.client:_call_with_retry:100 - API call attempt 1/3
2025-08-25 18:31:01 | DEBUG    | src.api.client:_call_with_retry:113 - API call successful
2025-08-25 18:31:03 | INFO     | src.output.writer:save_image:84 - Saved valid image: USER-FILES/05.OUTPUT/250825_182900/prompt16_X_seedream_v3_480p/016_183101__Line1_seedream_v3_480p_854x480.jpeg
2025-08-25 18:31:03 | INFO     | src.processing.processor:_process_file_model_combination:185 - Saved image: 016_183101__Line1_seedream_v3_480p_854x480.jpeg
2025-08-25 18:31:03 | DEBUG    | src.processing.discovery:load_prompts:63 - Loaded prompt from line 1: Late 1700s Swedish palace throne room interior, me...
2025-08-25 18:31:03 | INFO     | src.processing.discovery:load_prompts:65 - Loaded 1 prompts from prompt17.txt
2025-08-25 18:31:03 | INFO     | src.processing.processor:process_all:97 - Processing combination 17/192: prompt17.txt + seedream_v3_480p
2025-08-25 18:31:03 | DEBUG    | src.processing.processor:_process_file_model_combination:154 - Processing line 1: Late 1700s Swedish palace throne room interior, me...
2025-08-25 18:31:03 | DEBUG    | src.api.client:_call_with_retry:100 - API call attempt 1/3
2025-08-25 18:31:09 | DEBUG    | src.api.client:_call_with_retry:113 - API call successful
2025-08-25 18:31:11 | INFO     | src.output.writer:save_image:84 - Saved valid image: USER-FILES/05.OUTPUT/250825_182900/prompt17_X_seedream_v3_480p/017_183109__Line1_seedream_v3_480p_854x480.jpeg
2025-08-25 18:31:11 | INFO     | src.processing.processor:_process_file_model_combination:185 - Saved image: 017_183109__Line1_seedream_v3_480p_854x480.jpeg
2025-08-25 18:31:11 | DEBUG    | src.processing.discovery:load_prompts:63 - Loaded prompt from line 1: Late 1700s Swedish palace throne room interior, me...
2025-08-25 18:31:11 | INFO     | src.processing.discovery:load_prompts:65 - Loaded 1 prompts from prompt18.txt
2025-08-25 18:31:11 | INFO     | src.processing.processor:process_all:97 - Processing combination 18/192: prompt18.txt + seedream_v3_480p
2025-08-25 18:31:11 | DEBUG    | src.processing.processor:_process_file_model_combination:154 - Processing line 1: Late 1700s Swedish palace throne room interior, me...
2025-08-25 18:31:11 | DEBUG    | src.api.client:_call_with_retry:100 - API call attempt 1/3
2025-08-25 18:31:18 | DEBUG    | src.api.client:_call_with_retry:113 - API call successful
2025-08-25 18:31:21 | INFO     | src.output.writer:save_image:84 - Saved valid image: USER-FILES/05.OUTPUT/250825_182900/prompt18_X_seedream_v3_480p/018_183118__Line1_seedream_v3_480p_854x480.jpeg
2025-08-25 18:31:21 | INFO     | src.processing.processor:_process_file_model_combination:185 - Saved image: 018_183118__Line1_seedream_v3_480p_854x480.jpeg
2025-08-25 18:31:21 | DEBUG    | src.processing.discovery:load_prompts:63 - Loaded prompt from line 1: Late 1700s Swedish palace throne room interior, cl...
2025-08-25 18:31:21 | INFO     | src.processing.discovery:load_prompts:65 - Loaded 1 prompts from prompt19.txt
2025-08-25 18:31:21 | INFO     | src.processing.processor:process_all:97 - Processing combination 19/192: prompt19.txt + seedream_v3_480p
2025-08-25 18:31:21 | DEBUG    | src.processing.processor:_process_file_model_combination:154 - Processing line 1: Late 1700s Swedish palace throne room interior, cl...
2025-08-25 18:31:21 | DEBUG    | src.api.client:_call_with_retry:100 - API call attempt 1/3
2025-08-25 18:31:27 | DEBUG    | src.api.client:_call_with_retry:113 - API call successful
2025-08-25 18:31:29 | INFO     | src.output.writer:save_image:84 - Saved valid image: USER-FILES/05.OUTPUT/250825_182900/prompt19_X_seedream_v3_480p/019_183127__Line1_seedream_v3_480p_854x480.jpeg
2025-08-25 18:31:29 | INFO     | src.processing.processor:_process_file_model_combination:185 - Saved image: 019_183127__Line1_seedream_v3_480p_854x480.jpeg
2025-08-25 18:31:29 | DEBUG    | src.processing.discovery:load_prompts:63 - Loaded prompt from line 1: Late 1700s Swedish palace throne room interior, cl...
2025-08-25 18:31:29 | INFO     | src.processing.discovery:load_prompts:65 - Loaded 1 prompts from prompt20.txt
2025-08-25 18:31:29 | INFO     | src.processing.processor:process_all:97 - Processing combination 20/192: prompt20.txt + seedream_v3_480p
2025-08-25 18:31:29 | DEBUG    | src.processing.processor:_process_file_model_combination:154 - Processing line 1: Late 1700s Swedish palace throne room interior, cl...
2025-08-25 18:31:29 | DEBUG    | src.api.client:_call_with_retry:100 - API call attempt 1/3
2025-08-25 18:31:35 | DEBUG    | src.api.client:_call_with_retry:113 - API call successful
2025-08-25 18:31:37 | INFO     | src.output.writer:save_image:84 - Saved valid image: USER-FILES/05.OUTPUT/250825_182900/prompt20_X_seedream_v3_480p/020_183135__Line1_seedream_v3_480p_854x480.jpeg
2025-08-25 18:31:37 | INFO     | src.processing.processor:_process_file_model_combination:185 - Saved image: 020_183135__Line1_seedream_v3_480p_854x480.jpeg
2025-08-25 18:31:37 | DEBUG    | src.processing.discovery:load_prompts:63 - Loaded prompt from line 1: Late 1700s Swedish palace throne room interior, me...
2025-08-25 18:31:37 | INFO     | src.processing.discovery:load_prompts:65 - Loaded 1 prompts from prompt21.txt
2025-08-25 18:31:37 | INFO     | src.processing.processor:process_all:97 - Processing combination 21/192: prompt21.txt + seedream_v3_480p
2025-08-25 18:31:37 | DEBUG    | src.processing.processor:_process_file_model_combination:154 - Processing line 1: Late 1700s Swedish palace throne room interior, me...
2025-08-25 18:31:37 | DEBUG    | src.api.client:_call_with_retry:100 - API call attempt 1/3
2025-08-25 18:31:44 | DEBUG    | src.api.client:_call_with_retry:113 - API call successful
2025-08-25 18:31:46 | INFO     | src.output.writer:save_image:84 - Saved valid image: USER-FILES/05.OUTPUT/250825_182900/prompt21_X_seedream_v3_480p/021_183144__Line1_seedream_v3_480p_854x480.jpeg
2025-08-25 18:31:46 | INFO     | src.processing.processor:_process_file_model_combination:185 - Saved image: 021_183144__Line1_seedream_v3_480p_854x480.jpeg
2025-08-25 18:31:46 | DEBUG    | src.processing.discovery:load_prompts:63 - Loaded prompt from line 1: Late 1700s Swedish palace throne room interior, me...
2025-08-25 18:31:46 | INFO     | src.processing.discovery:load_prompts:65 - Loaded 1 prompts from prompt22.txt
2025-08-25 18:31:46 | INFO     | src.processing.processor:process_all:97 - Processing combination 22/192: prompt22.txt + seedream_v3_480p
2025-08-25 18:31:46 | DEBUG    | src.processing.processor:_process_file_model_combination:154 - Processing line 1: Late 1700s Swedish palace throne room interior, me...
2025-08-25 18:31:46 | DEBUG    | src.api.client:_call_with_retry:100 - API call attempt 1/3
2025-08-25 18:31:52 | DEBUG    | src.api.client:_call_with_retry:113 - API call successful
2025-08-25 18:31:54 | INFO     | src.output.writer:save_image:84 - Saved valid image: USER-FILES/05.OUTPUT/250825_182900/prompt22_X_seedream_v3_480p/022_183152__Line1_seedream_v3_480p_854x480.jpeg
2025-08-25 18:31:54 | INFO     | src.processing.processor:_process_file_model_combination:185 - Saved image: 022_183152__Line1_seedream_v3_480p_854x480.jpeg
2025-08-25 18:31:54 | DEBUG    | src.processing.discovery:load_prompts:63 - Loaded prompt from line 1: Late 1700s Swedish royal palace interior, wide sho...
2025-08-25 18:31:54 | INFO     | src.processing.discovery:load_prompts:65 - Loaded 1 prompts from prompt23.txt
2025-08-25 18:31:54 | INFO     | src.processing.processor:process_all:97 - Processing combination 23/192: prompt23.txt + seedream_v3_480p
2025-08-25 18:31:54 | DEBUG    | src.processing.processor:_process_file_model_combination:154 - Processing line 1: Late 1700s Swedish royal palace interior, wide sho...
2025-08-25 18:31:54 | DEBUG    | src.api.client:_call_with_retry:100 - API call attempt 1/3
2025-08-25 18:32:00 | DEBUG    | src.api.client:_call_with_retry:113 - API call successful
2025-08-25 18:32:02 | INFO     | src.output.writer:save_image:84 - Saved valid image: USER-FILES/05.OUTPUT/250825_182900/prompt23_X_seedream_v3_480p/023_183200__Line1_seedream_v3_480p_854x480.jpeg
2025-08-25 18:32:02 | INFO     | src.processing.processor:_process_file_model_combination:185 - Saved image: 023_183200__Line1_seedream_v3_480p_854x480.jpeg
2025-08-25 18:32:02 | DEBUG    | src.processing.discovery:load_prompts:63 - Loaded prompt from line 1: Late 1700s Swedish royal palace interior, medium s...
2025-08-25 18:32:02 | INFO     | src.processing.discovery:load_prompts:65 - Loaded 1 prompts from prompt24.txt
2025-08-25 18:32:02 | INFO     | src.processing.processor:process_all:97 - Processing combination 24/192: prompt24.txt + seedream_v3_480p
2025-08-25 18:32:02 | DEBUG    | src.processing.processor:_process_file_model_combination:154 - Processing line 1: Late 1700s Swedish royal palace interior, medium s...
2025-08-25 18:32:02 | DEBUG    | src.api.client:_call_with_retry:100 - API call attempt 1/3
2025-08-25 18:32:07 | DEBUG    | src.api.client:_call_with_retry:113 - API call successful
2025-08-25 18:32:09 | INFO     | src.output.writer:save_image:84 - Saved valid image: USER-FILES/05.OUTPUT/250825_182900/prompt24_X_seedream_v3_480p/024_183207__Line1_seedream_v3_480p_854x480.jpeg
2025-08-25 18:32:09 | INFO     | src.processing.processor:_process_file_model_combination:185 - Saved image: 024_183207__Line1_seedream_v3_480p_854x480.jpeg
2025-08-25 18:32:09 | DEBUG    | src.processing.discovery:load_prompts:63 - Loaded prompt from line 1: Late 1700s Swedish palace interior, extreme close-...
2025-08-25 18:32:09 | INFO     | src.processing.discovery:load_prompts:65 - Loaded 1 prompts from prompt25.txt
2025-08-25 18:32:09 | INFO     | src.processing.processor:process_all:97 - Processing combination 25/192: prompt25.txt + seedream_v3_480p
2025-08-25 18:32:09 | DEBUG    | src.processing.processor:_process_file_model_combination:154 - Processing line 1: Late 1700s Swedish palace interior, extreme close-...
2025-08-25 18:32:09 | DEBUG    | src.api.client:_call_with_retry:100 - API call attempt 1/3
2025-08-25 18:32:15 | DEBUG    | src.api.client:_call_with_retry:113 - API call successful
2025-08-25 18:32:16 | INFO     | src.output.writer:save_image:84 - Saved valid image: USER-FILES/05.OUTPUT/250825_182900/prompt25_X_seedream_v3_480p/025_183215__Line1_seedream_v3_480p_854x480.jpeg
2025-08-25 18:32:16 | INFO     | src.processing.processor:_process_file_model_combination:185 - Saved image: 025_183215__Line1_seedream_v3_480p_854x480.jpeg
2025-08-25 18:32:16 | DEBUG    | src.processing.discovery:load_prompts:63 - Loaded prompt from line 1: Late 1700s Swedish palace interior, extreme close-...
2025-08-25 18:32:16 | INFO     | src.processing.discovery:load_prompts:65 - Loaded 1 prompts from prompt26.txt
2025-08-25 18:32:16 | INFO     | src.processing.processor:process_all:97 - Processing combination 26/192: prompt26.txt + seedream_v3_480p
2025-08-25 18:32:16 | DEBUG    | src.processing.processor:_process_file_model_combination:154 - Processing line 1: Late 1700s Swedish palace interior, extreme close-...
2025-08-25 18:32:16 | DEBUG    | src.api.client:_call_with_retry:100 - API call attempt 1/3
2025-08-25 18:32:21 | DEBUG    | src.api.client:_call_with_retry:113 - API call successful
2025-08-25 18:32:24 | INFO     | src.output.writer:save_image:84 - Saved valid image: USER-FILES/05.OUTPUT/250825_182900/prompt26_X_seedream_v3_480p/026_183221__Line1_seedream_v3_480p_854x480.jpeg
2025-08-25 18:32:24 | INFO     | src.processing.processor:_process_file_model_combination:185 - Saved image: 026_183221__Line1_seedream_v3_480p_854x480.jpeg
2025-08-25 18:32:24 | DEBUG    | src.processing.discovery:load_prompts:63 - Loaded prompt from line 1: Late 1700s Swedish palace interior, extreme close-...
2025-08-25 18:32:24 | INFO     | src.processing.discovery:load_prompts:65 - Loaded 1 prompts from prompt27.txt
2025-08-25 18:32:24 | INFO     | src.processing.processor:process_all:97 - Processing combination 27/192: prompt27.txt + seedream_v3_480p
2025-08-25 18:32:24 | DEBUG    | src.processing.processor:_process_file_model_combination:154 - Processing line 1: Late 1700s Swedish palace interior, extreme close-...
2025-08-25 18:32:24 | DEBUG    | src.api.client:_call_with_retry:100 - API call attempt 1/3
2025-08-25 18:32:26 | ERROR    | src.api.client:_call_with_retry:126 - Error on attempt 1: [{'loc': ['body', 'prompt'], 'msg': 'The content could not be processed because it contained material flagged by a content checker.', 'type': 'content_policy_violation', 'url': 'https://docs.fal.ai/errors#content_policy_violation', 'input': {'prompt': 'Late 1700s Swedish palace interior, extreme close-up of melted red sealing wax being applied to parchment. Glossy wax pooling at bottom of document with cursive writing visible. Soft natural light from palace windows, parchment texture, liquid wax creating circular seal base.', 'image_size': {'width': 854, 'height': 480}, 'guidance_scale': 2.5, 'num_images': 1, 'seed': None, 'enable_safety_checker': True}}]
2025-08-25 18:32:26 | INFO     | src.api.client:_call_with_retry:130 - Retrying in 2s...
2025-08-25 18:32:28 | DEBUG    | src.api.client:_call_with_retry:100 - API call attempt 2/3
2025-08-25 18:32:31 | ERROR    | src.api.client:_call_with_retry:126 - Error on attempt 2: [{'loc': ['body', 'prompt'], 'msg': 'The content could not be processed because it contained material flagged by a content checker.', 'type': 'content_policy_violation', 'url': 'https://docs.fal.ai/errors#content_policy_violation', 'input': {'prompt': 'Late 1700s Swedish palace interior, extreme close-up of melted red sealing wax being applied to parchment. Glossy wax pooling at bottom of document with cursive writing visible. Soft natural light from palace windows, parchment texture, liquid wax creating circular seal base.', 'image_size': {'width': 854, 'height': 480}, 'guidance_scale': 2.5, 'num_images': 1, 'seed': None, 'enable_safety_checker': True}}]
2025-08-25 18:32:31 | INFO     | src.api.client:_call_with_retry:130 - Retrying in 4s...
2025-08-25 18:32:35 | DEBUG    | src.api.client:_call_with_retry:100 - API call attempt 3/3
2025-08-25 18:32:38 | ERROR    | src.api.client:_call_with_retry:126 - Error on attempt 3: [{'loc': ['body', 'prompt'], 'msg': 'The content could not be processed because it contained material flagged by a content checker.', 'type': 'content_policy_violation', 'url': 'https://docs.fal.ai/errors#content_policy_violation', 'input': {'prompt': 'Late 1700s Swedish palace interior, extreme close-up of melted red sealing wax being applied to parchment. Glossy wax pooling at bottom of document with cursive writing visible. Soft natural light from palace windows, parchment texture, liquid wax creating circular seal base.', 'image_size': {'width': 854, 'height': 480}, 'guidance_scale': 2.5, 'num_images': 1, 'seed': None, 'enable_safety_checker': True}}]
2025-08-25 18:32:38 | ERROR    | src.processing.processor:_process_file_model_combination:188 - Failed to generate image for line 1: [{'loc': ['body', 'prompt'], 'msg': 'The content could not be processed because it contained material flagged by a content checker.', 'type': 'content_policy_violation', 'url': 'https://docs.fal.ai/errors#content_policy_violation', 'input': {'prompt': 'Late 1700s Swedish palace interior, extreme close-up of melted red sealing wax being applied to parchment. Glossy wax pooling at bottom of document with cursive writing visible. Soft natural light from palace windows, parchment texture, liquid wax creating circular seal base.', 'image_size': {'width': 854, 'height': 480}, 'guidance_scale': 2.5, 'num_images': 1, 'seed': None, 'enable_safety_checker': True}}]
2025-08-25 18:32:38 | ERROR    | src.processing.processor:process_all:119 - Failed processing prompt27.txt + seedream_v3_480p: [{'loc': ['body', 'prompt'], 'msg': 'The content could not be processed because it contained material flagged by a content checker.', 'type': 'content_policy_violation', 'url': 'https://docs.fal.ai/errors#content_policy_violation', 'input': {'prompt': 'Late 1700s Swedish palace interior, extreme close-up of melted red sealing wax being applied to parchment. Glossy wax pooling at bottom of document with cursive writing visible. Soft natural light from palace windows, parchment texture, liquid wax creating circular seal base.', 'image_size': {'width': 854, 'height': 480}, 'guidance_scale': 2.5, 'num_images': 1, 'seed': None, 'enable_safety_checker': True}}]
2025-08-25 18:32:38 | ERROR    | __main__:main:192 - Fatal error: [{'loc': ['body', 'prompt'], 'msg': 'The content could not be processed because it contained material flagged by a content checker.', 'type': 'content_policy_violation', 'url': 'https://docs.fal.ai/errors#content_policy_violation', 'input': {'prompt': 'Late 1700s Swedish palace interior, extreme close-up of melted red sealing wax being applied to parchment. Glossy wax pooling at bottom of document with cursive writing visible. Soft natural light from palace windows, parchment texture, liquid wax creating circular seal base.', 'image_size': {'width': 854, 'height': 480}, 'guidance_scale': 2.5, 'num_images': 1, 'seed': None, 'enable_safety_checker': True}}]
2025-08-25 18:32:38 | INFO     | src.output.writer:write_report:101 - Wrote report: USER-FILES/05.OUTPUT/250825_182900/COST.md
2025-08-25 18:32:38 | INFO     | src.output.writer:write_report:101 - Wrote report: USER-FILES/05.OUTPUT/250825_182900/FAILURE.md
2025-08-25 18:32:38 | INFO     | src.output.reporter:save_reports:197 - Reports generated successfully
