2025-08-28 22:21:36 | INFO     | src.utils.logging:setup_logging:39 - Logging configured (verbose=False, debug=False)
2025-08-28 22:21:36 | INFO     | __main__:main:75 - Loading configuration...
2025-08-28 22:21:36 | INFO     | src.config.loader:load_config:42 - Loaded configuration from USER-FILES/01.CONFIG/config.yaml
2025-08-28 22:21:36 | INFO     | __main__:main:80 - Authenticating...
2025-08-28 22:21:36 | DEBUG    | src.auth.env:get_fal_api_key_from_env:19 - Loaded environment from /Users/ruben/08_-_DEVELOPMENT/ISOF_IMAGE_WORKFLOW/00.fal-text->image-tool/.env
2025-08-28 22:21:36 | INFO     | src.auth.env:get_fal_api_key_from_env:25 - Successfully retrieved FAL API key from environment
2025-08-28 22:21:36 | INFO     | __main__:main:84 - Discovering inputs...
2025-08-28 22:21:36 | DEBUG    | src.processing.discovery:discover_prompt_files:40 - Found prompt file: 250828_221504_censored_brunette/prompt166.txt
2025-08-28 22:21:36 | DEBUG    | src.processing.discovery:discover_prompt_files:40 - Found prompt file: 250828_221504_censored_brunette/prompt172.txt
2025-08-28 22:21:36 | DEBUG    | src.processing.discovery:discover_prompt_files:40 - Found prompt file: 250828_221504_censored_brunette/prompt173.txt
2025-08-28 22:21:36 | DEBUG    | src.processing.discovery:discover_prompt_files:40 - Found prompt file: 250828_221504_censored_brunette/prompt167.txt
2025-08-28 22:21:36 | DEBUG    | src.processing.discovery:discover_prompt_files:40 - Found prompt file: 250828_221504_censored_brunette/prompt159.txt
2025-08-28 22:21:36 | DEBUG    | src.processing.discovery:discover_prompt_files:40 - Found prompt file: 250828_221504_censored_brunette/prompt171.txt
2025-08-28 22:21:36 | DEBUG    | src.processing.discovery:discover_prompt_files:40 - Found prompt file: 250828_221504_censored_brunette/prompt165.txt
2025-08-28 22:21:36 | DEBUG    | src.processing.discovery:discover_prompt_files:40 - Found prompt file: 250828_221504_censored_brunette/prompt164.txt
2025-08-28 22:21:36 | DEBUG    | src.processing.discovery:discover_prompt_files:40 - Found prompt file: 250828_221504_censored_brunette/prompt170.txt
2025-08-28 22:21:36 | DEBUG    | src.processing.discovery:discover_prompt_files:40 - Found prompt file: 250828_221504_censored_brunette/prompt158.txt
2025-08-28 22:21:36 | DEBUG    | src.processing.discovery:discover_prompt_files:40 - Found prompt file: 250828_221504_censored_brunette/prompt174.txt
2025-08-28 22:21:36 | DEBUG    | src.processing.discovery:discover_prompt_files:40 - Found prompt file: 250828_221504_censored_brunette/prompt160.txt
2025-08-28 22:21:36 | DEBUG    | src.processing.discovery:discover_prompt_files:40 - Found prompt file: 250828_221504_censored_brunette/prompt148.txt
2025-08-28 22:21:36 | DEBUG    | src.processing.discovery:discover_prompt_files:40 - Found prompt file: 250828_221504_censored_brunette/prompt149.txt
2025-08-28 22:21:36 | DEBUG    | src.processing.discovery:discover_prompt_files:40 - Found prompt file: 250828_221504_censored_brunette/prompt161.txt
2025-08-28 22:21:36 | DEBUG    | src.processing.discovery:discover_prompt_files:40 - Found prompt file: 250828_221504_censored_brunette/prompt175.txt
2025-08-28 22:21:36 | DEBUG    | src.processing.discovery:discover_prompt_files:40 - Found prompt file: 250828_221504_censored_brunette/prompt163.txt
2025-08-28 22:21:36 | DEBUG    | src.processing.discovery:discover_prompt_files:40 - Found prompt file: 250828_221504_censored_brunette/prompt177.txt
2025-08-28 22:21:36 | DEBUG    | src.processing.discovery:discover_prompt_files:40 - Found prompt file: 250828_221504_censored_brunette/prompt188.txt
2025-08-28 22:21:36 | DEBUG    | src.processing.discovery:discover_prompt_files:40 - Found prompt file: 250828_221504_censored_brunette/prompt189.txt
2025-08-28 22:21:36 | DEBUG    | src.processing.discovery:discover_prompt_files:40 - Found prompt file: 250828_221504_censored_brunette/prompt176.txt
2025-08-28 22:21:36 | DEBUG    | src.processing.discovery:discover_prompt_files:40 - Found prompt file: 250828_221504_censored_brunette/prompt162.txt
2025-08-28 22:21:36 | DEBUG    | src.processing.discovery:discover_prompt_files:40 - Found prompt file: 250828_221504_censored_brunette/prompt139.txt
2025-08-28 22:21:36 | DEBUG    | src.processing.discovery:discover_prompt_files:40 - Found prompt file: 250828_221504_censored_brunette/prompt138.txt
2025-08-28 22:21:36 | DEBUG    | src.processing.discovery:discover_prompt_files:40 - Found prompt file: 250828_221504_censored_brunette/prompt117.txt
2025-08-28 22:21:36 | DEBUG    | src.processing.discovery:discover_prompt_files:40 - Found prompt file: 250828_221504_censored_brunette/prompt116.txt
2025-08-28 22:21:36 | DEBUG    | src.processing.discovery:discover_prompt_files:40 - Found prompt file: 250828_221504_censored_brunette/prompt128.txt
2025-08-28 22:21:36 | DEBUG    | src.processing.discovery:discover_prompt_files:40 - Found prompt file: 250828_221504_censored_brunette/prompt129.txt
2025-08-28 22:21:36 | DEBUG    | src.processing.discovery:discover_prompt_files:40 - Found prompt file: 250828_221504_censored_brunette/prompt118.txt
2025-08-28 22:21:36 | DEBUG    | src.processing.discovery:discover_prompt_files:40 - Found prompt file: 250828_221504_censored_brunette/prompt124.txt
2025-08-28 22:21:36 | DEBUG    | src.processing.discovery:discover_prompt_files:40 - Found prompt file: 250828_221504_censored_brunette/prompt130.txt
2025-08-28 22:21:36 | DEBUG    | src.processing.discovery:discover_prompt_files:40 - Found prompt file: 250828_221504_censored_brunette/prompt131.txt
2025-08-28 22:21:36 | DEBUG    | src.processing.discovery:discover_prompt_files:40 - Found prompt file: 250828_221504_censored_brunette/prompt125.txt
2025-08-28 22:21:36 | DEBUG    | src.processing.discovery:discover_prompt_files:40 - Found prompt file: 250828_221504_censored_brunette/prompt119.txt
2025-08-28 22:21:36 | DEBUG    | src.processing.discovery:discover_prompt_files:40 - Found prompt file: 250828_221504_censored_brunette/prompt133.txt
2025-08-28 22:21:36 | DEBUG    | src.processing.discovery:discover_prompt_files:40 - Found prompt file: 250828_221504_censored_brunette/prompt127.txt
2025-08-28 22:21:36 | DEBUG    | src.processing.discovery:discover_prompt_files:40 - Found prompt file: 250828_221504_censored_brunette/prompt126.txt
2025-08-28 22:21:36 | DEBUG    | src.processing.discovery:discover_prompt_files:40 - Found prompt file: 250828_221504_censored_brunette/prompt132.txt
2025-08-28 22:21:36 | DEBUG    | src.processing.discovery:discover_prompt_files:40 - Found prompt file: 250828_221504_censored_brunette/prompt136.txt
2025-08-28 22:21:36 | DEBUG    | src.processing.discovery:discover_prompt_files:40 - Found prompt file: 250828_221504_censored_brunette/prompt122.txt
2025-08-28 22:21:36 | DEBUG    | src.processing.discovery:discover_prompt_files:40 - Found prompt file: 250828_221504_censored_brunette/prompt123.txt
2025-08-28 22:21:36 | DEBUG    | src.processing.discovery:discover_prompt_files:40 - Found prompt file: 250828_221504_censored_brunette/prompt137.txt
2025-08-28 22:21:36 | DEBUG    | src.processing.discovery:discover_prompt_files:40 - Found prompt file: 250828_221504_censored_brunette/prompt121.txt
2025-08-28 22:21:36 | DEBUG    | src.processing.discovery:discover_prompt_files:40 - Found prompt file: 250828_221504_censored_brunette/prompt135.txt
2025-08-28 22:21:36 | DEBUG    | src.processing.discovery:discover_prompt_files:40 - Found prompt file: 250828_221504_censored_brunette/prompt134.txt
2025-08-28 22:21:36 | DEBUG    | src.processing.discovery:discover_prompt_files:40 - Found prompt file: 250828_221504_censored_brunette/prompt120.txt
2025-08-28 22:21:36 | DEBUG    | src.processing.discovery:discover_prompt_files:40 - Found prompt file: 250828_221504_censored_brunette/prompt147.txt
2025-08-28 22:21:36 | DEBUG    | src.processing.discovery:discover_prompt_files:40 - Found prompt file: 250828_221504_censored_brunette/prompt153.txt
2025-08-28 22:21:36 | DEBUG    | src.processing.discovery:discover_prompt_files:40 - Found prompt file: 250828_221504_censored_brunette/prompt184.txt
2025-08-28 22:21:36 | DEBUG    | src.processing.discovery:discover_prompt_files:40 - Found prompt file: 250828_221504_censored_brunette/prompt190.txt
2025-08-28 22:21:36 | DEBUG    | src.processing.discovery:discover_prompt_files:40 - Found prompt file: 250828_221504_censored_brunette/prompt191.txt
2025-08-28 22:21:36 | DEBUG    | src.processing.discovery:discover_prompt_files:40 - Found prompt file: 250828_221504_censored_brunette/prompt185.txt
2025-08-28 22:21:36 | DEBUG    | src.processing.discovery:discover_prompt_files:40 - Found prompt file: 250828_221504_censored_brunette/prompt152.txt
2025-08-28 22:21:36 | DEBUG    | src.processing.discovery:discover_prompt_files:40 - Found prompt file: 250828_221504_censored_brunette/prompt146.txt
2025-08-28 22:21:36 | DEBUG    | src.processing.discovery:discover_prompt_files:40 - Found prompt file: 250828_221504_censored_brunette/prompt178.txt
2025-08-28 22:21:36 | DEBUG    | src.processing.discovery:discover_prompt_files:40 - Found prompt file: 250828_221504_censored_brunette/prompt150.txt
2025-08-28 22:21:36 | DEBUG    | src.processing.discovery:discover_prompt_files:40 - Found prompt file: 250828_221504_censored_brunette/prompt144.txt
2025-08-28 22:21:36 | DEBUG    | src.processing.discovery:discover_prompt_files:40 - Found prompt file: 250828_221504_censored_brunette/prompt187.txt
2025-08-28 22:21:36 | DEBUG    | src.processing.discovery:discover_prompt_files:40 - Found prompt file: 250828_221504_censored_brunette/prompt186.txt
2025-08-28 22:21:36 | DEBUG    | src.processing.discovery:discover_prompt_files:40 - Found prompt file: 250828_221504_censored_brunette/prompt192.txt
2025-08-28 22:21:36 | DEBUG    | src.processing.discovery:discover_prompt_files:40 - Found prompt file: 250828_221504_censored_brunette/prompt145.txt
2025-08-28 22:21:36 | DEBUG    | src.processing.discovery:discover_prompt_files:40 - Found prompt file: 250828_221504_censored_brunette/prompt151.txt
2025-08-28 22:21:36 | DEBUG    | src.processing.discovery:discover_prompt_files:40 - Found prompt file: 250828_221504_censored_brunette/prompt179.txt
2025-08-28 22:21:36 | DEBUG    | src.processing.discovery:discover_prompt_files:40 - Found prompt file: 250828_221504_censored_brunette/prompt155.txt
2025-08-28 22:21:36 | DEBUG    | src.processing.discovery:discover_prompt_files:40 - Found prompt file: 250828_221504_censored_brunette/prompt141.txt
2025-08-28 22:21:36 | DEBUG    | src.processing.discovery:discover_prompt_files:40 - Found prompt file: 250828_221504_censored_brunette/prompt169.txt
2025-08-28 22:21:36 | DEBUG    | src.processing.discovery:discover_prompt_files:40 - Found prompt file: 250828_221504_censored_brunette/prompt182.txt
2025-08-28 22:21:36 | DEBUG    | src.processing.discovery:discover_prompt_files:40 - Found prompt file: 250828_221504_censored_brunette/prompt183.txt
2025-08-28 22:21:36 | DEBUG    | src.processing.discovery:discover_prompt_files:40 - Found prompt file: 250828_221504_censored_brunette/prompt168.txt
2025-08-28 22:21:36 | DEBUG    | src.processing.discovery:discover_prompt_files:40 - Found prompt file: 250828_221504_censored_brunette/prompt140.txt
2025-08-28 22:21:36 | DEBUG    | src.processing.discovery:discover_prompt_files:40 - Found prompt file: 250828_221504_censored_brunette/prompt154.txt
2025-08-28 22:21:36 | DEBUG    | src.processing.discovery:discover_prompt_files:40 - Found prompt file: 250828_221504_censored_brunette/prompt142.txt
2025-08-28 22:21:36 | DEBUG    | src.processing.discovery:discover_prompt_files:40 - Found prompt file: 250828_221504_censored_brunette/prompt156.txt
2025-08-28 22:21:36 | DEBUG    | src.processing.discovery:discover_prompt_files:40 - Found prompt file: 250828_221504_censored_brunette/prompt181.txt
2025-08-28 22:21:36 | DEBUG    | src.processing.discovery:discover_prompt_files:40 - Found prompt file: 250828_221504_censored_brunette/prompt180.txt
2025-08-28 22:21:36 | DEBUG    | src.processing.discovery:discover_prompt_files:40 - Found prompt file: 250828_221504_censored_brunette/prompt157.txt
2025-08-28 22:21:36 | DEBUG    | src.processing.discovery:discover_prompt_files:40 - Found prompt file: 250828_221504_censored_brunette/prompt143.txt
2025-08-28 22:21:36 | INFO     | src.processing.discovery:discover_prompt_files:45 - Discovered 77 prompt files
2025-08-28 22:21:36 | DEBUG    | src.processing.discovery:discover_profiles:93 - Loaded profile: USER-FILES/03.PROFILES/nano-banano.yaml
2025-08-28 22:21:36 | INFO     | src.processing.discovery:discover_profiles:97 - Loaded 1 profiles
2025-08-28 22:21:36 | INFO     | src.processing.discovery:get_active_models:131 - Found profile: nano-banano
2025-08-28 22:21:36 | INFO     | src.processing.discovery:get_active_models:136 - Total profiles to process: 1
2025-08-28 22:21:36 | INFO     | src.config.validator:validate_all:26 - All configuration validation passed
2025-08-28 22:21:36 | INFO     | __main__:main:104 - Output directory: USER-FILES/05.OUTPUT/250828_222136
2025-08-28 22:21:36 | INFO     | __main__:main:166 - Starting matrix processing...
2025-08-28 22:21:36 | INFO     | src.processing.processor:process_all:69 - Processing 77 combinations (77 files × 1 profiles)
2025-08-28 22:21:36 | INFO     | src.processing.discovery:load_prompts:63 - Loaded prompt from prompt116.txt
2025-08-28 22:21:36 | INFO     | src.processing.processor:process_all:105 - Processing combination 1/77: 250828_221504_censored_brunette/prompt116.txt + nano-banano
2025-08-28 22:21:36 | DEBUG    | src.processing.processor:_process_file_model_combination:181 - Added prefix to prompt: A moody, cinematic scene from the 
2025-08-28 22:21:36 | DEBUG    | src.processing.processor:_process_file_model_combination:185 - Added suffix to prompt:  Shot on 35mm film in the style of Roger Deakins
2025-08-28 22:21:36 | DEBUG    | src.processing.processor:_process_file_model_combination:187 - Processing 250828_221504_censored_brunette/prompt116.txt: A moody, cinematic scene from the  1930s Munich ex...
2025-08-28 22:21:36 | DEBUG    | src.api.client:_call_with_retry:114 - API call attempt 1/3
2025-08-28 22:21:44 | ERROR    | src.api.client:_call_with_retry:140 - Error on attempt 1: [{'loc': ['body', 'prompt'], 'msg': 'The content could not be processed because it contained material flagged by a content checker.', 'type': 'content_policy_violation', 'url': 'https://docs.fal.ai/errors#content_policy_violation', 'input': {'prompt': 'A moody, cinematic scene from the  1930s Munich exterior at blue hour, medium wide shot tracking authoritarian leader from behind walking through massive crowd. Excited supporters pushing against barriers, arms raised in salutes. Cold atmospheric twilight mixing with warm torch flames and sweeping searchlight beams cutting through dusk sky, summer evening atmosphere.  Shot on 35mm film in the style of Roger Deakins', 'num_images': 1, 'output_format': 'jpeg', 'sync_mode': False}}]
2025-08-28 22:21:44 | INFO     | src.api.client:_call_with_retry:144 - Retrying in 2s...
2025-08-28 22:21:46 | DEBUG    | src.api.client:_call_with_retry:114 - API call attempt 2/3
2025-08-28 22:21:53 | ERROR    | src.api.client:_call_with_retry:140 - Error on attempt 2: [{'loc': ['body', 'prompt'], 'msg': 'The content could not be processed because it contained material flagged by a content checker.', 'type': 'content_policy_violation', 'url': 'https://docs.fal.ai/errors#content_policy_violation', 'input': {'prompt': 'A moody, cinematic scene from the  1930s Munich exterior at blue hour, medium wide shot tracking authoritarian leader from behind walking through massive crowd. Excited supporters pushing against barriers, arms raised in salutes. Cold atmospheric twilight mixing with warm torch flames and sweeping searchlight beams cutting through dusk sky, summer evening atmosphere.  Shot on 35mm film in the style of Roger Deakins', 'num_images': 1, 'output_format': 'jpeg', 'sync_mode': False}}]
2025-08-28 22:21:53 | INFO     | src.api.client:_call_with_retry:144 - Retrying in 4s...
2025-08-28 22:21:57 | DEBUG    | src.api.client:_call_with_retry:114 - API call attempt 3/3
2025-08-28 22:22:04 | ERROR    | src.api.client:_call_with_retry:140 - Error on attempt 3: [{'loc': ['body', 'prompt'], 'msg': 'The content could not be processed because it contained material flagged by a content checker.', 'type': 'content_policy_violation', 'url': 'https://docs.fal.ai/errors#content_policy_violation', 'input': {'prompt': 'A moody, cinematic scene from the  1930s Munich exterior at blue hour, medium wide shot tracking authoritarian leader from behind walking through massive crowd. Excited supporters pushing against barriers, arms raised in salutes. Cold atmospheric twilight mixing with warm torch flames and sweeping searchlight beams cutting through dusk sky, summer evening atmosphere.  Shot on 35mm film in the style of Roger Deakins', 'num_images': 1, 'output_format': 'jpeg', 'sync_mode': False}}]
2025-08-28 22:22:04 | ERROR    | src.processing.processor:_process_file_model_combination:242 - Failed to generate image for 250828_221504_censored_brunette/prompt116.txt: [{'loc': ['body', 'prompt'], 'msg': 'The content could not be processed because it contained material flagged by a content checker.', 'type': 'content_policy_violation', 'url': 'https://docs.fal.ai/errors#content_policy_violation', 'input': {'prompt': 'A moody, cinematic scene from the  1930s Munich exterior at blue hour, medium wide shot tracking authoritarian leader from behind walking through massive crowd. Excited supporters pushing against barriers, arms raised in salutes. Cold atmospheric twilight mixing with warm torch flames and sweeping searchlight beams cutting through dusk sky, summer evening atmosphere.  Shot on 35mm film in the style of Roger Deakins', 'num_images': 1, 'output_format': 'jpeg', 'sync_mode': False}}]
2025-08-28 22:22:04 | ERROR    | src.processing.processor:process_all:131 - Failed processing 250828_221504_censored_brunette/prompt116.txt + nano-banano: [{'loc': ['body', 'prompt'], 'msg': 'The content could not be processed because it contained material flagged by a content checker.', 'type': 'content_policy_violation', 'url': 'https://docs.fal.ai/errors#content_policy_violation', 'input': {'prompt': 'A moody, cinematic scene from the  1930s Munich exterior at blue hour, medium wide shot tracking authoritarian leader from behind walking through massive crowd. Excited supporters pushing against barriers, arms raised in salutes. Cold atmospheric twilight mixing with warm torch flames and sweeping searchlight beams cutting through dusk sky, summer evening atmosphere.  Shot on 35mm film in the style of Roger Deakins', 'num_images': 1, 'output_format': 'jpeg', 'sync_mode': False}}]
2025-08-28 22:22:04 | ERROR    | __main__:main:211 - Fatal error: [{'loc': ['body', 'prompt'], 'msg': 'The content could not be processed because it contained material flagged by a content checker.', 'type': 'content_policy_violation', 'url': 'https://docs.fal.ai/errors#content_policy_violation', 'input': {'prompt': 'A moody, cinematic scene from the  1930s Munich exterior at blue hour, medium wide shot tracking authoritarian leader from behind walking through massive crowd. Excited supporters pushing against barriers, arms raised in salutes. Cold atmospheric twilight mixing with warm torch flames and sweeping searchlight beams cutting through dusk sky, summer evening atmosphere.  Shot on 35mm film in the style of Roger Deakins', 'num_images': 1, 'output_format': 'jpeg', 'sync_mode': False}}]
2025-08-28 22:22:04 | INFO     | src.output.writer:write_report:152 - Wrote report: USER-FILES/05.OUTPUT/250828_222136/FAILURE.md
2025-08-28 22:22:04 | INFO     | src.output.writer:write_report:152 - Wrote report: USER-FILES/05.OUTPUT/250828_222136/FIX.md
2025-08-28 22:22:04 | INFO     | src.output.reporter:save_reports:234 - FIX.md report generated with prompt fixes
2025-08-28 22:22:04 | INFO     | src.output.reporter:save_reports:236 - Reports generated successfully
