2025-08-27 11:59:12 | INFO     | src.utils.logging:setup_logging:39 - Logging configured (verbose=False, debug=False)
2025-08-27 11:59:12 | INFO     | __main__:main:75 - Loading configuration...
2025-08-27 11:59:12 | INFO     | src.config.loader:load_config:42 - Loaded configuration from USER-FILES/01.CONFIG/config.yaml
2025-08-27 11:59:12 | INFO     | __main__:main:80 - Authenticating...
2025-08-27 11:59:12 | DEBUG    | src.auth.env:get_fal_api_key_from_env:19 - Loaded environment from /Users/ruben/08_-_DEVELOPMENT/ISOF_IMAGE_WORKFLOW/00.fal-text->image-tool/.env
2025-08-27 11:59:12 | INFO     | src.auth.env:get_fal_api_key_from_env:25 - Successfully retrieved FAL API key from environment
2025-08-27 11:59:12 | INFO     | __main__:main:84 - Discovering inputs...
2025-08-27 11:59:12 | DEBUG    | src.processing.discovery:discover_prompt_files:40 - Found prompt file: 03.layer1_extracted/2/2.8.0/2.8.1/2.8.1.txt
2025-08-27 11:59:12 | DEBUG    | src.processing.discovery:discover_prompt_files:40 - Found prompt file: 03.layer1_extracted/2/2.9.0/2.9.1/2.9.1.txt
2025-08-27 11:59:12 | DEBUG    | src.processing.discovery:discover_prompt_files:40 - Found prompt file: 03.layer1_extracted/2/2.10.0/2.10.1/2.10.1.txt
2025-08-27 11:59:12 | DEBUG    | src.processing.discovery:discover_prompt_files:40 - Found prompt file: 03.layer1_extracted/2/2.7.0/2.7.1/2.7.1.txt
2025-08-27 11:59:12 | DEBUG    | src.processing.discovery:discover_prompt_files:40 - Found prompt file: 03.layer1_extracted/3/3.12.0/3.12.1/3.12.1.txt
2025-08-27 11:59:12 | DEBUG    | src.processing.discovery:discover_prompt_files:40 - Found prompt file: 03.layer1_extracted/1/1.8.0/1.8.1/1.8.1.txt
2025-08-27 11:59:12 | DEBUG    | src.processing.discovery:discover_prompt_files:40 - Found prompt file: 03.layer1_extracted/1/1.10.0/1.10.1/1.10.1.txt
2025-08-27 11:59:12 | DEBUG    | src.processing.discovery:discover_prompt_files:40 - Found prompt file: 03.layer1_extracted/1/1.14.0/1.14.1/1.14.1.txt
2025-08-27 11:59:12 | DEBUG    | src.processing.discovery:discover_prompt_files:40 - Found prompt file: 03.layer1_extracted/1/1.13.0/1.13.1/1.13.1.txt
2025-08-27 11:59:12 | DEBUG    | src.processing.discovery:discover_prompt_files:40 - Found prompt file: 03.layer1_extracted/1/1.12.0/1.12.1/1.12.1.txt
2025-08-27 11:59:12 | DEBUG    | src.processing.discovery:discover_prompt_files:40 - Found prompt file: 03.layer1_extracted/1/1.9.0/1.9.1/1.9.1.txt
2025-08-27 11:59:12 | DEBUG    | src.processing.discovery:discover_prompt_files:40 - Found prompt file: 03.layer1_extracted/1/1.11.0/1.11.1/1.11.1.txt
2025-08-27 11:59:12 | DEBUG    | src.processing.discovery:discover_prompt_files:40 - Found prompt file: 03.layer1_extracted/1/1.15.0/1.15.1/1.15.1.txt
2025-08-27 11:59:12 | INFO     | src.processing.discovery:discover_prompt_files:45 - Discovered 13 prompt files
2025-08-27 11:59:12 | DEBUG    | src.processing.discovery:discover_profiles:93 - Loaded profile: USER-FILES/03.PROFILES/seedream_v3_1080p_vertical.yaml
2025-08-27 11:59:12 | INFO     | src.processing.discovery:discover_profiles:97 - Loaded 1 profiles
2025-08-27 11:59:12 | INFO     | src.processing.discovery:get_active_models:130 - Found profile: seedream_v3_1080p_vertical
2025-08-27 11:59:12 | INFO     | src.processing.discovery:get_active_models:135 - Total profiles to process: 1
2025-08-27 11:59:12 | INFO     | src.config.validator:validate_all:26 - All configuration validation passed
2025-08-27 11:59:12 | INFO     | __main__:main:104 - Output directory: USER-FILES/05.OUTPUT/250827_115912
2025-08-27 11:59:12 | INFO     | __main__:main:166 - Starting matrix processing...
2025-08-27 11:59:12 | INFO     | src.processing.processor:process_all:68 - Processing 13 combinations (13 files × 1 profiles)
2025-08-27 11:59:12 | INFO     | src.processing.discovery:load_prompts:63 - Loaded prompt from 1.8.1.txt
2025-08-27 11:59:12 | INFO     | src.processing.processor:process_all:103 - Processing combination 1/13: 03.layer1_extracted/1/1.8.0/1.8.1/1.8.1.txt + seedream_v3_1080p_vertical
2025-08-27 11:59:12 | DEBUG    | src.processing.processor:_process_file_model_combination:183 - Processing 03.layer1_extracted/1/1.8.0/1.8.1/1.8.1.txt: In a clean, modern office, an Asian manager explai...
2025-08-27 11:59:12 | DEBUG    | src.api.client:_call_with_retry:114 - API call attempt 1/3
2025-08-27 11:59:21 | DEBUG    | src.api.client:_call_with_retry:127 - API call successful
2025-08-27 11:59:24 | INFO     | src.output.writer:save_image:119 - Saved valid image: USER-FILES/05.OUTPUT/250827_115912/seedream_v3_1080p_vertical/03.layer1_extracted/1/1.8.0/1.8.1/1.8.1_115921_seedream_v3_1080p_vertical_1080x1920.jpeg
2025-08-27 11:59:24 | DEBUG    | src.output.writer:save_image:135 - Saved API payload: USER-FILES/05.OUTPUT/250827_115912/seedream_v3_1080p_vertical/03.layer1_extracted/1/1.8.0/1.8.1/1.8.1_115921_seedream_v3_1080p_vertical_1080x1920.json
2025-08-27 11:59:24 | INFO     | src.processing.processor:_process_file_model_combination:230 - Saved image: 1.8.1_115921_seedream_v3_1080p_vertical_1080x1920.jpeg
2025-08-27 11:59:24 | INFO     | src.processing.discovery:load_prompts:63 - Loaded prompt from 1.9.1.txt
2025-08-27 11:59:24 | INFO     | src.processing.processor:process_all:103 - Processing combination 2/13: 03.layer1_extracted/1/1.9.0/1.9.1/1.9.1.txt + seedream_v3_1080p_vertical
2025-08-27 11:59:24 | DEBUG    | src.processing.processor:_process_file_model_combination:183 - Processing 03.layer1_extracted/1/1.9.0/1.9.1/1.9.1.txt: A polished boardroom with three Asian professional...
2025-08-27 11:59:24 | DEBUG    | src.api.client:_call_with_retry:114 - API call attempt 1/3
2025-08-27 11:59:34 | DEBUG    | src.api.client:_call_with_retry:127 - API call successful
2025-08-27 11:59:35 | INFO     | src.output.writer:save_image:119 - Saved valid image: USER-FILES/05.OUTPUT/250827_115912/seedream_v3_1080p_vertical/03.layer1_extracted/1/1.9.0/1.9.1/1.9.1_115934_seedream_v3_1080p_vertical_1080x1920.jpeg
2025-08-27 11:59:35 | DEBUG    | src.output.writer:save_image:135 - Saved API payload: USER-FILES/05.OUTPUT/250827_115912/seedream_v3_1080p_vertical/03.layer1_extracted/1/1.9.0/1.9.1/1.9.1_115934_seedream_v3_1080p_vertical_1080x1920.json
2025-08-27 11:59:35 | INFO     | src.processing.processor:_process_file_model_combination:230 - Saved image: 1.9.1_115934_seedream_v3_1080p_vertical_1080x1920.jpeg
2025-08-27 11:59:35 | INFO     | src.processing.discovery:load_prompts:63 - Loaded prompt from 1.10.1.txt
2025-08-27 11:59:35 | INFO     | src.processing.processor:process_all:103 - Processing combination 3/13: 03.layer1_extracted/1/1.10.0/1.10.1/1.10.1.txt + seedream_v3_1080p_vertical
2025-08-27 11:59:35 | DEBUG    | src.processing.processor:_process_file_model_combination:183 - Processing 03.layer1_extracted/1/1.10.0/1.10.1/1.10.1.txt: Two Asian analysts in their 30s analyze a large, c...
2025-08-27 11:59:35 | DEBUG    | src.api.client:_call_with_retry:114 - API call attempt 1/3
2025-08-27 11:59:44 | DEBUG    | src.api.client:_call_with_retry:127 - API call successful
2025-08-27 11:59:47 | INFO     | src.output.writer:save_image:119 - Saved valid image: USER-FILES/05.OUTPUT/250827_115912/seedream_v3_1080p_vertical/03.layer1_extracted/1/1.10.0/1.10.1/1.10.1_115944_seedream_v3_1080p_vertical_1080x1920.jpeg
2025-08-27 11:59:47 | DEBUG    | src.output.writer:save_image:135 - Saved API payload: USER-FILES/05.OUTPUT/250827_115912/seedream_v3_1080p_vertical/03.layer1_extracted/1/1.10.0/1.10.1/1.10.1_115944_seedream_v3_1080p_vertical_1080x1920.json
2025-08-27 11:59:47 | INFO     | src.processing.processor:_process_file_model_combination:230 - Saved image: 1.10.1_115944_seedream_v3_1080p_vertical_1080x1920.jpeg
2025-08-27 11:59:47 | INFO     | src.processing.discovery:load_prompts:63 - Loaded prompt from 1.11.1.txt
2025-08-27 11:59:47 | INFO     | src.processing.processor:process_all:103 - Processing combination 4/13: 03.layer1_extracted/1/1.11.0/1.11.1/1.11.1.txt + seedream_v3_1080p_vertical
2025-08-27 11:59:47 | DEBUG    | src.processing.processor:_process_file_model_combination:183 - Processing 03.layer1_extracted/1/1.11.0/1.11.1/1.11.1.txt: A close-up image of two Asian project leads at a t...
2025-08-27 11:59:47 | DEBUG    | src.api.client:_call_with_retry:114 - API call attempt 1/3
2025-08-27 11:59:57 | DEBUG    | src.api.client:_call_with_retry:127 - API call successful
2025-08-27 12:00:00 | INFO     | src.output.writer:save_image:119 - Saved valid image: USER-FILES/05.OUTPUT/250827_115912/seedream_v3_1080p_vertical/03.layer1_extracted/1/1.11.0/1.11.1/1.11.1_115957_seedream_v3_1080p_vertical_1080x1920.jpeg
2025-08-27 12:00:00 | DEBUG    | src.output.writer:save_image:135 - Saved API payload: USER-FILES/05.OUTPUT/250827_115912/seedream_v3_1080p_vertical/03.layer1_extracted/1/1.11.0/1.11.1/1.11.1_115957_seedream_v3_1080p_vertical_1080x1920.json
2025-08-27 12:00:00 | INFO     | src.processing.processor:_process_file_model_combination:230 - Saved image: 1.11.1_115957_seedream_v3_1080p_vertical_1080x1920.jpeg
2025-08-27 12:00:00 | INFO     | src.processing.discovery:load_prompts:63 - Loaded prompt from 1.12.1.txt
2025-08-27 12:00:00 | INFO     | src.processing.processor:process_all:103 - Processing combination 5/13: 03.layer1_extracted/1/1.12.0/1.12.1/1.12.1.txt + seedream_v3_1080p_vertical
2025-08-27 12:00:00 | DEBUG    | src.processing.processor:_process_file_model_combination:183 - Processing 03.layer1_extracted/1/1.12.0/1.12.1/1.12.1.txt: A conference room setting where three Asian profes...
2025-08-27 12:00:00 | DEBUG    | src.api.client:_call_with_retry:114 - API call attempt 1/3
2025-08-27 12:00:09 | DEBUG    | src.api.client:_call_with_retry:127 - API call successful
2025-08-27 12:00:10 | INFO     | src.output.writer:save_image:119 - Saved valid image: USER-FILES/05.OUTPUT/250827_115912/seedream_v3_1080p_vertical/03.layer1_extracted/1/1.12.0/1.12.1/1.12.1_120009_seedream_v3_1080p_vertical_1080x1920.jpeg
2025-08-27 12:00:10 | DEBUG    | src.output.writer:save_image:135 - Saved API payload: USER-FILES/05.OUTPUT/250827_115912/seedream_v3_1080p_vertical/03.layer1_extracted/1/1.12.0/1.12.1/1.12.1_120009_seedream_v3_1080p_vertical_1080x1920.json
2025-08-27 12:00:10 | INFO     | src.processing.processor:_process_file_model_combination:230 - Saved image: 1.12.1_120009_seedream_v3_1080p_vertical_1080x1920.jpeg
2025-08-27 12:00:10 | INFO     | src.processing.discovery:load_prompts:63 - Loaded prompt from 1.13.1.txt
2025-08-27 12:00:10 | INFO     | src.processing.processor:process_all:103 - Processing combination 6/13: 03.layer1_extracted/1/1.13.0/1.13.1/1.13.1.txt + seedream_v3_1080p_vertical
2025-08-27 12:00:10 | DEBUG    | src.processing.processor:_process_file_model_combination:183 - Processing 03.layer1_extracted/1/1.13.0/1.13.1/1.13.1.txt: A realistic meeting room with two Asian managers i...
2025-08-27 12:00:10 | DEBUG    | src.api.client:_call_with_retry:114 - API call attempt 1/3
2025-08-27 12:00:19 | DEBUG    | src.api.client:_call_with_retry:127 - API call successful
2025-08-27 12:00:22 | INFO     | src.output.writer:save_image:119 - Saved valid image: USER-FILES/05.OUTPUT/250827_115912/seedream_v3_1080p_vertical/03.layer1_extracted/1/1.13.0/1.13.1/1.13.1_120019_seedream_v3_1080p_vertical_1080x1920.jpeg
2025-08-27 12:00:22 | DEBUG    | src.output.writer:save_image:135 - Saved API payload: USER-FILES/05.OUTPUT/250827_115912/seedream_v3_1080p_vertical/03.layer1_extracted/1/1.13.0/1.13.1/1.13.1_120019_seedream_v3_1080p_vertical_1080x1920.json
2025-08-27 12:00:22 | INFO     | src.processing.processor:_process_file_model_combination:230 - Saved image: 1.13.1_120019_seedream_v3_1080p_vertical_1080x1920.jpeg
2025-08-27 12:00:22 | INFO     | src.processing.discovery:load_prompts:63 - Loaded prompt from 1.14.1.txt
2025-08-27 12:00:22 | INFO     | src.processing.processor:process_all:103 - Processing combination 7/13: 03.layer1_extracted/1/1.14.0/1.14.1/1.14.1.txt + seedream_v3_1080p_vertical
2025-08-27 12:00:22 | DEBUG    | src.processing.processor:_process_file_model_combination:183 - Processing 03.layer1_extracted/1/1.14.0/1.14.1/1.14.1.txt: An overhead stock-style view of a desk with an ope...
2025-08-27 12:00:22 | DEBUG    | src.api.client:_call_with_retry:114 - API call attempt 1/3
2025-08-27 12:00:30 | DEBUG    | src.api.client:_call_with_retry:127 - API call successful
2025-08-27 12:00:33 | INFO     | src.output.writer:save_image:119 - Saved valid image: USER-FILES/05.OUTPUT/250827_115912/seedream_v3_1080p_vertical/03.layer1_extracted/1/1.14.0/1.14.1/1.14.1_120030_seedream_v3_1080p_vertical_1080x1920.jpeg
2025-08-27 12:00:33 | DEBUG    | src.output.writer:save_image:135 - Saved API payload: USER-FILES/05.OUTPUT/250827_115912/seedream_v3_1080p_vertical/03.layer1_extracted/1/1.14.0/1.14.1/1.14.1_120030_seedream_v3_1080p_vertical_1080x1920.json
2025-08-27 12:00:33 | INFO     | src.processing.processor:_process_file_model_combination:230 - Saved image: 1.14.1_120030_seedream_v3_1080p_vertical_1080x1920.jpeg
2025-08-27 12:00:33 | INFO     | src.processing.discovery:load_prompts:63 - Loaded prompt from 1.15.1.txt
2025-08-27 12:00:33 | INFO     | src.processing.processor:process_all:103 - Processing combination 8/13: 03.layer1_extracted/1/1.15.0/1.15.1/1.15.1.txt + seedream_v3_1080p_vertical
2025-08-27 12:00:33 | DEBUG    | src.processing.processor:_process_file_model_combination:183 - Processing 03.layer1_extracted/1/1.15.0/1.15.1/1.15.1.txt: Wide shot of a joyful Asian project team of four, ...
2025-08-27 12:00:33 | DEBUG    | src.api.client:_call_with_retry:114 - API call attempt 1/3
2025-08-27 12:00:43 | DEBUG    | src.api.client:_call_with_retry:127 - API call successful
2025-08-27 12:00:45 | INFO     | src.output.writer:save_image:119 - Saved valid image: USER-FILES/05.OUTPUT/250827_115912/seedream_v3_1080p_vertical/03.layer1_extracted/1/1.15.0/1.15.1/1.15.1_120043_seedream_v3_1080p_vertical_1080x1920.jpeg
2025-08-27 12:00:45 | DEBUG    | src.output.writer:save_image:135 - Saved API payload: USER-FILES/05.OUTPUT/250827_115912/seedream_v3_1080p_vertical/03.layer1_extracted/1/1.15.0/1.15.1/1.15.1_120043_seedream_v3_1080p_vertical_1080x1920.json
2025-08-27 12:00:45 | INFO     | src.processing.processor:_process_file_model_combination:230 - Saved image: 1.15.1_120043_seedream_v3_1080p_vertical_1080x1920.jpeg
2025-08-27 12:00:45 | INFO     | src.processing.discovery:load_prompts:63 - Loaded prompt from 2.7.1.txt
2025-08-27 12:00:45 | INFO     | src.processing.processor:process_all:103 - Processing combination 9/13: 03.layer1_extracted/2/2.7.0/2.7.1/2.7.1.txt + seedream_v3_1080p_vertical
2025-08-27 12:00:45 | DEBUG    | src.processing.processor:_process_file_model_combination:183 - Processing 03.layer1_extracted/2/2.7.0/2.7.1/2.7.1.txt: A modern desk with two Asian team members studying...
2025-08-27 12:00:45 | DEBUG    | src.api.client:_call_with_retry:114 - API call attempt 1/3
2025-08-27 12:00:54 | DEBUG    | src.api.client:_call_with_retry:127 - API call successful
2025-08-27 12:00:56 | INFO     | src.output.writer:save_image:119 - Saved valid image: USER-FILES/05.OUTPUT/250827_115912/seedream_v3_1080p_vertical/03.layer1_extracted/2/2.7.0/2.7.1/2.7.1_120054_seedream_v3_1080p_vertical_1080x1920.jpeg
2025-08-27 12:00:56 | DEBUG    | src.output.writer:save_image:135 - Saved API payload: USER-FILES/05.OUTPUT/250827_115912/seedream_v3_1080p_vertical/03.layer1_extracted/2/2.7.0/2.7.1/2.7.1_120054_seedream_v3_1080p_vertical_1080x1920.json
2025-08-27 12:00:56 | INFO     | src.processing.processor:_process_file_model_combination:230 - Saved image: 2.7.1_120054_seedream_v3_1080p_vertical_1080x1920.jpeg
2025-08-27 12:00:56 | INFO     | src.processing.discovery:load_prompts:63 - Loaded prompt from 2.8.1.txt
2025-08-27 12:00:56 | INFO     | src.processing.processor:process_all:103 - Processing combination 10/13: 03.layer1_extracted/2/2.8.0/2.8.1/2.8.1.txt + seedream_v3_1080p_vertical
2025-08-27 12:00:56 | DEBUG    | src.processing.processor:_process_file_model_combination:183 - Processing 03.layer1_extracted/2/2.8.0/2.8.1/2.8.1.txt: A bright meeting room where two Asian project lead...
2025-08-27 12:00:56 | DEBUG    | src.api.client:_call_with_retry:114 - API call attempt 1/3
2025-08-27 12:01:05 | DEBUG    | src.api.client:_call_with_retry:127 - API call successful
2025-08-27 12:01:08 | INFO     | src.output.writer:save_image:119 - Saved valid image: USER-FILES/05.OUTPUT/250827_115912/seedream_v3_1080p_vertical/03.layer1_extracted/2/2.8.0/2.8.1/2.8.1_120105_seedream_v3_1080p_vertical_1080x1920.jpeg
2025-08-27 12:01:08 | DEBUG    | src.output.writer:save_image:135 - Saved API payload: USER-FILES/05.OUTPUT/250827_115912/seedream_v3_1080p_vertical/03.layer1_extracted/2/2.8.0/2.8.1/2.8.1_120105_seedream_v3_1080p_vertical_1080x1920.json
2025-08-27 12:01:08 | INFO     | src.processing.processor:_process_file_model_combination:230 - Saved image: 2.8.1_120105_seedream_v3_1080p_vertical_1080x1920.jpeg
2025-08-27 12:01:08 | INFO     | src.processing.discovery:load_prompts:63 - Loaded prompt from 2.9.1.txt
2025-08-27 12:01:08 | INFO     | src.processing.processor:process_all:103 - Processing combination 11/13: 03.layer1_extracted/2/2.9.0/2.9.1/2.9.1.txt + seedream_v3_1080p_vertical
2025-08-27 12:01:08 | DEBUG    | src.processing.processor:_process_file_model_combination:183 - Processing 03.layer1_extracted/2/2.9.0/2.9.1/2.9.1.txt: Clean, modern office with an Asian professional sk...
2025-08-27 12:01:08 | DEBUG    | src.api.client:_call_with_retry:114 - API call attempt 1/3
2025-08-27 12:01:17 | DEBUG    | src.api.client:_call_with_retry:127 - API call successful
2025-08-27 12:01:18 | INFO     | src.output.writer:save_image:119 - Saved valid image: USER-FILES/05.OUTPUT/250827_115912/seedream_v3_1080p_vertical/03.layer1_extracted/2/2.9.0/2.9.1/2.9.1_120117_seedream_v3_1080p_vertical_1080x1920.jpeg
2025-08-27 12:01:18 | DEBUG    | src.output.writer:save_image:135 - Saved API payload: USER-FILES/05.OUTPUT/250827_115912/seedream_v3_1080p_vertical/03.layer1_extracted/2/2.9.0/2.9.1/2.9.1_120117_seedream_v3_1080p_vertical_1080x1920.json
2025-08-27 12:01:18 | INFO     | src.processing.processor:_process_file_model_combination:230 - Saved image: 2.9.1_120117_seedream_v3_1080p_vertical_1080x1920.jpeg
2025-08-27 12:01:18 | INFO     | src.processing.discovery:load_prompts:63 - Loaded prompt from 2.10.1.txt
2025-08-27 12:01:18 | INFO     | src.processing.processor:process_all:103 - Processing combination 12/13: 03.layer1_extracted/2/2.10.0/2.10.1/2.10.1.txt + seedream_v3_1080p_vertical
2025-08-27 12:01:18 | DEBUG    | src.processing.processor:_process_file_model_combination:183 - Processing 03.layer1_extracted/2/2.10.0/2.10.1/2.10.1.txt: A realistic, wide office shot of three Asian team ...
2025-08-27 12:01:18 | DEBUG    | src.api.client:_call_with_retry:114 - API call attempt 1/3
2025-08-27 12:01:27 | DEBUG    | src.api.client:_call_with_retry:127 - API call successful
2025-08-27 12:01:29 | INFO     | src.output.writer:save_image:119 - Saved valid image: USER-FILES/05.OUTPUT/250827_115912/seedream_v3_1080p_vertical/03.layer1_extracted/2/2.10.0/2.10.1/2.10.1_120127_seedream_v3_1080p_vertical_1080x1920.jpeg
2025-08-27 12:01:29 | DEBUG    | src.output.writer:save_image:135 - Saved API payload: USER-FILES/05.OUTPUT/250827_115912/seedream_v3_1080p_vertical/03.layer1_extracted/2/2.10.0/2.10.1/2.10.1_120127_seedream_v3_1080p_vertical_1080x1920.json
2025-08-27 12:01:29 | INFO     | src.processing.processor:_process_file_model_combination:230 - Saved image: 2.10.1_120127_seedream_v3_1080p_vertical_1080x1920.jpeg
2025-08-27 12:01:29 | INFO     | src.processing.discovery:load_prompts:63 - Loaded prompt from 3.12.1.txt
2025-08-27 12:01:29 | INFO     | src.processing.processor:process_all:103 - Processing combination 13/13: 03.layer1_extracted/3/3.12.0/3.12.1/3.12.1.txt + seedream_v3_1080p_vertical
2025-08-27 12:01:29 | DEBUG    | src.processing.processor:_process_file_model_combination:183 - Processing 03.layer1_extracted/3/3.12.0/3.12.1/3.12.1.txt: A cheerful, modern office scene with three Asian c...
2025-08-27 12:01:29 | DEBUG    | src.api.client:_call_with_retry:114 - API call attempt 1/3
2025-08-27 12:01:37 | DEBUG    | src.api.client:_call_with_retry:127 - API call successful
2025-08-27 12:01:40 | INFO     | src.output.writer:save_image:119 - Saved valid image: USER-FILES/05.OUTPUT/250827_115912/seedream_v3_1080p_vertical/03.layer1_extracted/3/3.12.0/3.12.1/3.12.1_120137_seedream_v3_1080p_vertical_1080x1920.jpeg
2025-08-27 12:01:40 | DEBUG    | src.output.writer:save_image:135 - Saved API payload: USER-FILES/05.OUTPUT/250827_115912/seedream_v3_1080p_vertical/03.layer1_extracted/3/3.12.0/3.12.1/3.12.1_120137_seedream_v3_1080p_vertical_1080x1920.json
2025-08-27 12:01:40 | INFO     | src.processing.processor:_process_file_model_combination:230 - Saved image: 3.12.1_120137_seedream_v3_1080p_vertical_1080x1920.jpeg
2025-08-27 12:01:40 | INFO     | src.processing.discovery:load_prompts:63 - Loaded prompt from 1.8.1.txt
2025-08-27 12:01:40 | INFO     | src.processing.discovery:load_prompts:63 - Loaded prompt from 1.9.1.txt
2025-08-27 12:01:40 | INFO     | src.processing.discovery:load_prompts:63 - Loaded prompt from 1.10.1.txt
2025-08-27 12:01:40 | INFO     | src.processing.discovery:load_prompts:63 - Loaded prompt from 1.11.1.txt
2025-08-27 12:01:40 | INFO     | src.processing.discovery:load_prompts:63 - Loaded prompt from 1.12.1.txt
2025-08-27 12:01:40 | INFO     | src.processing.discovery:load_prompts:63 - Loaded prompt from 1.13.1.txt
2025-08-27 12:01:40 | INFO     | src.processing.discovery:load_prompts:63 - Loaded prompt from 1.14.1.txt
2025-08-27 12:01:40 | INFO     | src.processing.discovery:load_prompts:63 - Loaded prompt from 1.15.1.txt
2025-08-27 12:01:40 | INFO     | src.processing.discovery:load_prompts:63 - Loaded prompt from 2.7.1.txt
2025-08-27 12:01:40 | INFO     | src.processing.discovery:load_prompts:63 - Loaded prompt from 2.8.1.txt
2025-08-27 12:01:40 | INFO     | src.processing.discovery:load_prompts:63 - Loaded prompt from 2.9.1.txt
2025-08-27 12:01:40 | INFO     | src.processing.discovery:load_prompts:63 - Loaded prompt from 2.10.1.txt
2025-08-27 12:01:40 | INFO     | src.processing.discovery:load_prompts:63 - Loaded prompt from 3.12.1.txt
2025-08-27 12:01:40 | INFO     | src.output.writer:write_report:152 - Wrote report: USER-FILES/05.OUTPUT/250827_115912/COST.md
2025-08-27 12:01:40 | INFO     | src.output.writer:write_report:152 - Wrote report: USER-FILES/05.OUTPUT/250827_115912/SUCCESS.md
2025-08-27 12:01:40 | INFO     | src.output.reporter:save_reports:236 - Reports generated successfully
2025-08-27 12:01:40 | SUCCESS  | __main__:main:201 - ✅ Completed successfully! Generated 13 images
