2025-09-09 07:40:18 | INFO     | src.utils.logging:setup_logging:39 - Logging configured (verbose=False, debug=True)
2025-09-09 07:40:18 | INFO     | __main__:main:75 - Loading configuration...
2025-09-09 07:40:18 | INFO     | src.config.loader:load_config:42 - Loaded configuration from USER-FILES/01.CONFIG/config.yaml
2025-09-09 07:40:18 | INFO     | __main__:main:80 - Authenticating...
2025-09-09 07:40:18 | DEBUG    | src.auth.env:get_fal_api_key_from_env:19 - Loaded environment from /Users/ruben/08_-_DEVELOPMENT/ISOF_IMAGE_WORKFLOW/00.fal_text-to-image_tool/.env
2025-09-09 07:40:18 | INFO     | src.auth.env:get_fal_api_key_from_env:25 - Successfully retrieved FAL API key from environment
2025-09-09 07:40:18 | INFO     | __main__:main:84 - Discovering inputs...
2025-09-09 07:40:18 | DEBUG    | src.processing.discovery:discover_prompt_files:40 - Found prompt file: test_quotes/test1.txt
2025-09-09 07:40:18 | DEBUG    | src.processing.discovery:discover_prompt_files:40 - Found prompt file: test_quotes/test2.txt
2025-09-09 07:40:18 | DEBUG    | src.processing.discovery:discover_prompt_files:40 - Found prompt file: incident commander_straight/1/line_0026.txt
2025-09-09 07:40:18 | DEBUG    | src.processing.discovery:discover_prompt_files:40 - Found prompt file: incident commander_straight/1/line_0027.txt
2025-09-09 07:40:18 | DEBUG    | src.processing.discovery:discover_prompt_files:40 - Found prompt file: incident commander_straight/1/line_0019.txt
2025-09-09 07:40:18 | DEBUG    | src.processing.discovery:discover_prompt_files:40 - Found prompt file: incident commander_straight/1/line_0025.txt
2025-09-09 07:40:18 | DEBUG    | src.processing.discovery:discover_prompt_files:40 - Found prompt file: incident commander_straight/1/line_0024.txt
2025-09-09 07:40:18 | DEBUG    | src.processing.discovery:discover_prompt_files:40 - Found prompt file: incident commander_straight/1/line_0018.txt
2025-09-09 07:40:18 | DEBUG    | src.processing.discovery:discover_prompt_files:40 - Found prompt file: incident commander_straight/1/line_0020.txt
2025-09-09 07:40:18 | DEBUG    | src.processing.discovery:discover_prompt_files:40 - Found prompt file: incident commander_straight/1/line_0008.txt
2025-09-09 07:40:18 | DEBUG    | src.processing.discovery:discover_prompt_files:40 - Found prompt file: incident commander_straight/1/line_0009.txt
2025-09-09 07:40:18 | DEBUG    | src.processing.discovery:discover_prompt_files:40 - Found prompt file: incident commander_straight/1/line_0021.txt
2025-09-09 07:40:18 | DEBUG    | src.processing.discovery:discover_prompt_files:40 - Found prompt file: incident commander_straight/1/line_0023.txt
2025-09-09 07:40:18 | DEBUG    | src.processing.discovery:discover_prompt_files:40 - Found prompt file: incident commander_straight/1/line_0022.txt
2025-09-09 07:40:18 | DEBUG    | src.processing.discovery:discover_prompt_files:40 - Found prompt file: incident commander_straight/1/line_0013.txt
2025-09-09 07:40:18 | DEBUG    | src.processing.discovery:discover_prompt_files:40 - Found prompt file: incident commander_straight/1/line_0007.txt
2025-09-09 07:40:18 | DEBUG    | src.processing.discovery:discover_prompt_files:40 - Found prompt file: incident commander_straight/1/line_0006.txt
2025-09-09 07:40:18 | DEBUG    | src.processing.discovery:discover_prompt_files:40 - Found prompt file: incident commander_straight/1/line_0012.txt
2025-09-09 07:40:18 | DEBUG    | src.processing.discovery:discover_prompt_files:40 - Found prompt file: incident commander_straight/1/line_0004.txt
2025-09-09 07:40:18 | DEBUG    | src.processing.discovery:discover_prompt_files:40 - Found prompt file: incident commander_straight/1/line_0010.txt
2025-09-09 07:40:18 | DEBUG    | src.processing.discovery:discover_prompt_files:40 - Found prompt file: incident commander_straight/1/line_0011.txt
2025-09-09 07:40:18 | DEBUG    | src.processing.discovery:discover_prompt_files:40 - Found prompt file: incident commander_straight/1/line_0005.txt
2025-09-09 07:40:18 | DEBUG    | src.processing.discovery:discover_prompt_files:40 - Found prompt file: incident commander_straight/1/line_0001.txt
2025-09-09 07:40:18 | DEBUG    | src.processing.discovery:discover_prompt_files:40 - Found prompt file: incident commander_straight/1/line_0015.txt
2025-09-09 07:40:18 | DEBUG    | src.processing.discovery:discover_prompt_files:40 - Found prompt file: incident commander_straight/1/line_0014.txt
2025-09-09 07:40:18 | DEBUG    | src.processing.discovery:discover_prompt_files:40 - Found prompt file: incident commander_straight/1/line_0016.txt
2025-09-09 07:40:18 | DEBUG    | src.processing.discovery:discover_prompt_files:40 - Found prompt file: incident commander_straight/1/line_0002.txt
2025-09-09 07:40:18 | DEBUG    | src.processing.discovery:discover_prompt_files:40 - Found prompt file: incident commander_straight/1/line_0003.txt
2025-09-09 07:40:18 | DEBUG    | src.processing.discovery:discover_prompt_files:40 - Found prompt file: incident commander_straight/1/line_0017.txt
2025-09-09 07:40:18 | DEBUG    | src.processing.discovery:discover_prompt_files:40 - Found prompt file: incident commander_straight/4/line_0026.txt
2025-09-09 07:40:18 | DEBUG    | src.processing.discovery:discover_prompt_files:40 - Found prompt file: incident commander_straight/4/line_0027.txt
2025-09-09 07:40:18 | DEBUG    | src.processing.discovery:discover_prompt_files:40 - Found prompt file: incident commander_straight/4/line_0019.txt
2025-09-09 07:40:18 | DEBUG    | src.processing.discovery:discover_prompt_files:40 - Found prompt file: incident commander_straight/4/line_0025.txt
2025-09-09 07:40:18 | DEBUG    | src.processing.discovery:discover_prompt_files:40 - Found prompt file: incident commander_straight/4/line_0024.txt
2025-09-09 07:40:18 | DEBUG    | src.processing.discovery:discover_prompt_files:40 - Found prompt file: incident commander_straight/4/line_0018.txt
2025-09-09 07:40:18 | DEBUG    | src.processing.discovery:discover_prompt_files:40 - Found prompt file: incident commander_straight/4/line_0020.txt
2025-09-09 07:40:18 | DEBUG    | src.processing.discovery:discover_prompt_files:40 - Found prompt file: incident commander_straight/4/line_0008.txt
2025-09-09 07:40:18 | DEBUG    | src.processing.discovery:discover_prompt_files:40 - Found prompt file: incident commander_straight/4/line_0009.txt
2025-09-09 07:40:18 | DEBUG    | src.processing.discovery:discover_prompt_files:40 - Found prompt file: incident commander_straight/4/line_0021.txt
2025-09-09 07:40:18 | DEBUG    | src.processing.discovery:discover_prompt_files:40 - Found prompt file: incident commander_straight/4/line_0023.txt
2025-09-09 07:40:18 | DEBUG    | src.processing.discovery:discover_prompt_files:40 - Found prompt file: incident commander_straight/4/line_0022.txt
2025-09-09 07:40:18 | DEBUG    | src.processing.discovery:discover_prompt_files:40 - Found prompt file: incident commander_straight/4/line_0013.txt
2025-09-09 07:40:18 | DEBUG    | src.processing.discovery:discover_prompt_files:40 - Found prompt file: incident commander_straight/4/line_0007.txt
2025-09-09 07:40:18 | DEBUG    | src.processing.discovery:discover_prompt_files:40 - Found prompt file: incident commander_straight/4/line_0006.txt
2025-09-09 07:40:18 | DEBUG    | src.processing.discovery:discover_prompt_files:40 - Found prompt file: incident commander_straight/4/line_0012.txt
2025-09-09 07:40:18 | DEBUG    | src.processing.discovery:discover_prompt_files:40 - Found prompt file: incident commander_straight/4/line_0004.txt
2025-09-09 07:40:18 | DEBUG    | src.processing.discovery:discover_prompt_files:40 - Found prompt file: incident commander_straight/4/line_0010.txt
2025-09-09 07:40:18 | DEBUG    | src.processing.discovery:discover_prompt_files:40 - Found prompt file: incident commander_straight/4/line_0011.txt
2025-09-09 07:40:18 | DEBUG    | src.processing.discovery:discover_prompt_files:40 - Found prompt file: incident commander_straight/4/line_0005.txt
2025-09-09 07:40:18 | DEBUG    | src.processing.discovery:discover_prompt_files:40 - Found prompt file: incident commander_straight/4/line_0001.txt
2025-09-09 07:40:18 | DEBUG    | src.processing.discovery:discover_prompt_files:40 - Found prompt file: incident commander_straight/4/line_0015.txt
2025-09-09 07:40:18 | DEBUG    | src.processing.discovery:discover_prompt_files:40 - Found prompt file: incident commander_straight/4/line_0014.txt
2025-09-09 07:40:18 | DEBUG    | src.processing.discovery:discover_prompt_files:40 - Found prompt file: incident commander_straight/4/line_0016.txt
2025-09-09 07:40:18 | DEBUG    | src.processing.discovery:discover_prompt_files:40 - Found prompt file: incident commander_straight/4/line_0002.txt
2025-09-09 07:40:18 | DEBUG    | src.processing.discovery:discover_prompt_files:40 - Found prompt file: incident commander_straight/4/line_0003.txt
2025-09-09 07:40:18 | DEBUG    | src.processing.discovery:discover_prompt_files:40 - Found prompt file: incident commander_straight/4/line_0017.txt
2025-09-09 07:40:18 | DEBUG    | src.processing.discovery:discover_prompt_files:40 - Found prompt file: incident commander_straight/3/line_0026.txt
2025-09-09 07:40:18 | DEBUG    | src.processing.discovery:discover_prompt_files:40 - Found prompt file: incident commander_straight/3/line_0027.txt
2025-09-09 07:40:18 | DEBUG    | src.processing.discovery:discover_prompt_files:40 - Found prompt file: incident commander_straight/3/line_0019.txt
2025-09-09 07:40:18 | DEBUG    | src.processing.discovery:discover_prompt_files:40 - Found prompt file: incident commander_straight/3/line_0025.txt
2025-09-09 07:40:18 | DEBUG    | src.processing.discovery:discover_prompt_files:40 - Found prompt file: incident commander_straight/3/line_0024.txt
2025-09-09 07:40:18 | DEBUG    | src.processing.discovery:discover_prompt_files:40 - Found prompt file: incident commander_straight/3/line_0018.txt
2025-09-09 07:40:18 | DEBUG    | src.processing.discovery:discover_prompt_files:40 - Found prompt file: incident commander_straight/3/line_0020.txt
2025-09-09 07:40:18 | DEBUG    | src.processing.discovery:discover_prompt_files:40 - Found prompt file: incident commander_straight/3/line_0008.txt
2025-09-09 07:40:18 | DEBUG    | src.processing.discovery:discover_prompt_files:40 - Found prompt file: incident commander_straight/3/line_0009.txt
2025-09-09 07:40:18 | DEBUG    | src.processing.discovery:discover_prompt_files:40 - Found prompt file: incident commander_straight/3/line_0021.txt
2025-09-09 07:40:18 | DEBUG    | src.processing.discovery:discover_prompt_files:40 - Found prompt file: incident commander_straight/3/line_0023.txt
2025-09-09 07:40:18 | DEBUG    | src.processing.discovery:discover_prompt_files:40 - Found prompt file: incident commander_straight/3/line_0022.txt
2025-09-09 07:40:18 | DEBUG    | src.processing.discovery:discover_prompt_files:40 - Found prompt file: incident commander_straight/3/line_0013.txt
2025-09-09 07:40:18 | DEBUG    | src.processing.discovery:discover_prompt_files:40 - Found prompt file: incident commander_straight/3/line_0007.txt
2025-09-09 07:40:18 | DEBUG    | src.processing.discovery:discover_prompt_files:40 - Found prompt file: incident commander_straight/3/line_0006.txt
2025-09-09 07:40:18 | DEBUG    | src.processing.discovery:discover_prompt_files:40 - Found prompt file: incident commander_straight/3/line_0012.txt
2025-09-09 07:40:18 | DEBUG    | src.processing.discovery:discover_prompt_files:40 - Found prompt file: incident commander_straight/3/line_0004.txt
2025-09-09 07:40:18 | DEBUG    | src.processing.discovery:discover_prompt_files:40 - Found prompt file: incident commander_straight/3/line_0010.txt
2025-09-09 07:40:18 | DEBUG    | src.processing.discovery:discover_prompt_files:40 - Found prompt file: incident commander_straight/3/line_0011.txt
2025-09-09 07:40:18 | DEBUG    | src.processing.discovery:discover_prompt_files:40 - Found prompt file: incident commander_straight/3/line_0005.txt
2025-09-09 07:40:18 | DEBUG    | src.processing.discovery:discover_prompt_files:40 - Found prompt file: incident commander_straight/3/line_0001.txt
2025-09-09 07:40:18 | DEBUG    | src.processing.discovery:discover_prompt_files:40 - Found prompt file: incident commander_straight/3/line_0015.txt
2025-09-09 07:40:18 | DEBUG    | src.processing.discovery:discover_prompt_files:40 - Found prompt file: incident commander_straight/3/line_0029.txt
2025-09-09 07:40:18 | DEBUG    | src.processing.discovery:discover_prompt_files:40 - Found prompt file: incident commander_straight/3/line_0028.txt
2025-09-09 07:40:18 | DEBUG    | src.processing.discovery:discover_prompt_files:40 - Found prompt file: incident commander_straight/3/line_0014.txt
2025-09-09 07:40:18 | DEBUG    | src.processing.discovery:discover_prompt_files:40 - Found prompt file: incident commander_straight/3/line_0016.txt
2025-09-09 07:40:18 | DEBUG    | src.processing.discovery:discover_prompt_files:40 - Found prompt file: incident commander_straight/3/line_0002.txt
2025-09-09 07:40:18 | DEBUG    | src.processing.discovery:discover_prompt_files:40 - Found prompt file: incident commander_straight/3/line_0003.txt
2025-09-09 07:40:18 | DEBUG    | src.processing.discovery:discover_prompt_files:40 - Found prompt file: incident commander_straight/3/line_0017.txt
2025-09-09 07:40:18 | DEBUG    | src.processing.discovery:discover_prompt_files:40 - Found prompt file: incident commander_straight/2/line_0026.txt
2025-09-09 07:40:18 | DEBUG    | src.processing.discovery:discover_prompt_files:40 - Found prompt file: incident commander_straight/2/line_0027.txt
2025-09-09 07:40:18 | DEBUG    | src.processing.discovery:discover_prompt_files:40 - Found prompt file: incident commander_straight/2/line_0019.txt
2025-09-09 07:40:18 | DEBUG    | src.processing.discovery:discover_prompt_files:40 - Found prompt file: incident commander_straight/2/line_0025.txt
2025-09-09 07:40:18 | DEBUG    | src.processing.discovery:discover_prompt_files:40 - Found prompt file: incident commander_straight/2/line_0024.txt
2025-09-09 07:40:18 | DEBUG    | src.processing.discovery:discover_prompt_files:40 - Found prompt file: incident commander_straight/2/line_0018.txt
2025-09-09 07:40:18 | DEBUG    | src.processing.discovery:discover_prompt_files:40 - Found prompt file: incident commander_straight/2/line_0020.txt
2025-09-09 07:40:18 | DEBUG    | src.processing.discovery:discover_prompt_files:40 - Found prompt file: incident commander_straight/2/line_0008.txt
2025-09-09 07:40:18 | DEBUG    | src.processing.discovery:discover_prompt_files:40 - Found prompt file: incident commander_straight/2/line_0009.txt
2025-09-09 07:40:18 | DEBUG    | src.processing.discovery:discover_prompt_files:40 - Found prompt file: incident commander_straight/2/line_0021.txt
2025-09-09 07:40:18 | DEBUG    | src.processing.discovery:discover_prompt_files:40 - Found prompt file: incident commander_straight/2/line_0023.txt
2025-09-09 07:40:18 | DEBUG    | src.processing.discovery:discover_prompt_files:40 - Found prompt file: incident commander_straight/2/line_0022.txt
2025-09-09 07:40:18 | DEBUG    | src.processing.discovery:discover_prompt_files:40 - Found prompt file: incident commander_straight/2/line_0013.txt
2025-09-09 07:40:18 | DEBUG    | src.processing.discovery:discover_prompt_files:40 - Found prompt file: incident commander_straight/2/line_0007.txt
2025-09-09 07:40:18 | DEBUG    | src.processing.discovery:discover_prompt_files:40 - Found prompt file: incident commander_straight/2/line_0006.txt
2025-09-09 07:40:18 | DEBUG    | src.processing.discovery:discover_prompt_files:40 - Found prompt file: incident commander_straight/2/line_0012.txt
2025-09-09 07:40:18 | DEBUG    | src.processing.discovery:discover_prompt_files:40 - Found prompt file: incident commander_straight/2/line_0004.txt
2025-09-09 07:40:18 | DEBUG    | src.processing.discovery:discover_prompt_files:40 - Found prompt file: incident commander_straight/2/line_0010.txt
2025-09-09 07:40:18 | DEBUG    | src.processing.discovery:discover_prompt_files:40 - Found prompt file: incident commander_straight/2/line_0011.txt
2025-09-09 07:40:18 | DEBUG    | src.processing.discovery:discover_prompt_files:40 - Found prompt file: incident commander_straight/2/line_0005.txt
2025-09-09 07:40:18 | DEBUG    | src.processing.discovery:discover_prompt_files:40 - Found prompt file: incident commander_straight/2/line_0001.txt
2025-09-09 07:40:18 | DEBUG    | src.processing.discovery:discover_prompt_files:40 - Found prompt file: incident commander_straight/2/line_0015.txt
2025-09-09 07:40:18 | DEBUG    | src.processing.discovery:discover_prompt_files:40 - Found prompt file: incident commander_straight/2/line_0028.txt
2025-09-09 07:40:18 | DEBUG    | src.processing.discovery:discover_prompt_files:40 - Found prompt file: incident commander_straight/2/line_0014.txt
2025-09-09 07:40:18 | DEBUG    | src.processing.discovery:discover_prompt_files:40 - Found prompt file: incident commander_straight/2/line_0016.txt
2025-09-09 07:40:18 | DEBUG    | src.processing.discovery:discover_prompt_files:40 - Found prompt file: incident commander_straight/2/line_0002.txt
2025-09-09 07:40:18 | DEBUG    | src.processing.discovery:discover_prompt_files:40 - Found prompt file: incident commander_straight/2/line_0003.txt
2025-09-09 07:40:18 | DEBUG    | src.processing.discovery:discover_prompt_files:40 - Found prompt file: incident commander_straight/2/line_0017.txt
2025-09-09 07:40:18 | INFO     | src.processing.discovery:discover_prompt_files:45 - Discovered 113 prompt files
2025-09-09 07:40:18 | DEBUG    | src.processing.discovery:discover_profiles:93 - Loaded profile: USER-FILES/03.PROFILES/nano-banano_16x9.yaml
2025-09-09 07:40:18 | INFO     | src.processing.discovery:discover_profiles:97 - Loaded 1 profiles
2025-09-09 07:40:18 | INFO     | src.processing.discovery:get_active_models:131 - Found profile: nano-banano_16x9
2025-09-09 07:40:18 | INFO     | src.processing.discovery:get_active_models:136 - Total profiles to process: 1
2025-09-09 07:40:18 | INFO     | src.config.validator:validate_all:26 - All configuration validation passed
2025-09-09 07:40:18 | INFO     | __main__:main:104 - Output directory: USER-FILES/05.OUTPUT/250909_074018
2025-09-09 07:40:18 | INFO     | __main__:main:166 - Starting matrix processing...
2025-09-09 07:40:18 | INFO     | src.processing.processor:process_all:69 - Processing 113 combinations (113 files × 1 profiles)
2025-09-09 07:40:18 | INFO     | src.processing.discovery:load_prompts:63 - Loaded prompt from line_0001.txt
2025-09-09 07:40:18 | INFO     | src.processing.processor:process_all:105 - Processing combination 1/113: incident commander_straight/1/line_0001.txt + nano-banano_16x9
2025-09-09 07:40:18 | DEBUG    | src.processing.processor:_process_file_model_combination:181 - Added prefix to prompt: Aspect_ratio="16:9"
2025-09-09 07:40:18 | DEBUG    | src.processing.processor:_process_file_model_combination:187 - Processing incident commander_straight/1/line_0001.txt: Aspect_ratio="16:9" "Clipart-style illustration of...
2025-09-09 07:40:18 | DEBUG    | src.api.client:_save_debug_request:167 - Saved debug request to debug/request_20250909_074018_fal-ai_nano-banana.json
2025-09-09 07:40:18 | DEBUG    | src.api.client:_call_with_retry:114 - API call attempt 1/3
2025-09-09 07:40:25 | DEBUG    | src.api.client:_save_debug_response:184 - Saved debug response to debug/response_20250909_074025_fal-ai_nano-banana.json
2025-09-09 07:40:25 | DEBUG    | src.api.client:_call_with_retry:127 - API call successful
2025-09-09 07:40:28 | INFO     | src.output.writer:save_image:119 - Saved valid image: USER-FILES/05.OUTPUT/250909_074018/nano-banano_16x9/incident commander_straight/1/line_0001_074025_nano-banano_16x9_unknownxunknown.jpeg
2025-09-09 07:40:28 | DEBUG    | src.output.writer:save_image:149 - Saved API payload as Markdown: USER-FILES/05.OUTPUT/250909_074018/nano-banano_16x9/incident commander_straight/1/line_0001_074025_nano-banano_16x9_unknownxunknown.md
2025-09-09 07:40:28 | INFO     | src.processing.processor:_process_file_model_combination:234 - Saved image: line_0001_074025_nano-banano_16x9_unknownxunknown.jpeg
2025-09-09 07:40:28 | INFO     | src.processing.discovery:load_prompts:63 - Loaded prompt from line_0002.txt
2025-09-09 07:40:28 | INFO     | src.processing.processor:process_all:105 - Processing combination 2/113: incident commander_straight/1/line_0002.txt + nano-banano_16x9
2025-09-09 07:40:28 | DEBUG    | src.processing.processor:_process_file_model_combination:181 - Added prefix to prompt: Aspect_ratio="16:9"
2025-09-09 07:40:28 | DEBUG    | src.processing.processor:_process_file_model_combination:187 - Processing incident commander_straight/1/line_0002.txt: Aspect_ratio="16:9" Group of 3 AWS employees (Hisp...
2025-09-09 07:40:28 | DEBUG    | src.api.client:_save_debug_request:167 - Saved debug request to debug/request_20250909_074028_fal-ai_nano-banana.json
2025-09-09 07:40:28 | DEBUG    | src.api.client:_call_with_retry:114 - API call attempt 1/3
2025-09-09 07:40:36 | DEBUG    | src.api.client:_save_debug_response:184 - Saved debug response to debug/response_20250909_074036_fal-ai_nano-banana.json
2025-09-09 07:40:36 | DEBUG    | src.api.client:_call_with_retry:127 - API call successful
2025-09-09 07:40:39 | INFO     | src.output.writer:save_image:119 - Saved valid image: USER-FILES/05.OUTPUT/250909_074018/nano-banano_16x9/incident commander_straight/1/line_0002_074036_nano-banano_16x9_unknownxunknown.jpeg
2025-09-09 07:40:39 | DEBUG    | src.output.writer:save_image:149 - Saved API payload as Markdown: USER-FILES/05.OUTPUT/250909_074018/nano-banano_16x9/incident commander_straight/1/line_0002_074036_nano-banano_16x9_unknownxunknown.md
2025-09-09 07:40:39 | INFO     | src.processing.processor:_process_file_model_combination:234 - Saved image: line_0002_074036_nano-banano_16x9_unknownxunknown.jpeg
2025-09-09 07:40:39 | INFO     | src.processing.discovery:load_prompts:63 - Loaded prompt from line_0003.txt
2025-09-09 07:40:39 | INFO     | src.processing.processor:process_all:105 - Processing combination 3/113: incident commander_straight/1/line_0003.txt + nano-banano_16x9
2025-09-09 07:40:39 | DEBUG    | src.processing.processor:_process_file_model_combination:181 - Added prefix to prompt: Aspect_ratio="16:9"
2025-09-09 07:40:39 | DEBUG    | src.processing.processor:_process_file_model_combination:187 - Processing incident commander_straight/1/line_0003.txt: Aspect_ratio="16:9" Clipart-style illustration of ...
2025-09-09 07:40:39 | DEBUG    | src.api.client:_save_debug_request:167 - Saved debug request to debug/request_20250909_074039_fal-ai_nano-banana.json
2025-09-09 07:40:39 | DEBUG    | src.api.client:_call_with_retry:114 - API call attempt 1/3
2025-09-09 07:40:44 | DEBUG    | src.api.client:_save_debug_response:184 - Saved debug response to debug/response_20250909_074044_fal-ai_nano-banana.json
2025-09-09 07:40:44 | DEBUG    | src.api.client:_call_with_retry:127 - API call successful
2025-09-09 07:40:47 | INFO     | src.output.writer:save_image:119 - Saved valid image: USER-FILES/05.OUTPUT/250909_074018/nano-banano_16x9/incident commander_straight/1/line_0003_074044_nano-banano_16x9_unknownxunknown.jpeg
2025-09-09 07:40:47 | DEBUG    | src.output.writer:save_image:149 - Saved API payload as Markdown: USER-FILES/05.OUTPUT/250909_074018/nano-banano_16x9/incident commander_straight/1/line_0003_074044_nano-banano_16x9_unknownxunknown.md
2025-09-09 07:40:47 | INFO     | src.processing.processor:_process_file_model_combination:234 - Saved image: line_0003_074044_nano-banano_16x9_unknownxunknown.jpeg
2025-09-09 07:40:47 | INFO     | src.processing.discovery:load_prompts:63 - Loaded prompt from line_0004.txt
2025-09-09 07:40:47 | INFO     | src.processing.processor:process_all:105 - Processing combination 4/113: incident commander_straight/1/line_0004.txt + nano-banano_16x9
2025-09-09 07:40:47 | DEBUG    | src.processing.processor:_process_file_model_combination:181 - Added prefix to prompt: Aspect_ratio="16:9"
2025-09-09 07:40:47 | DEBUG    | src.processing.processor:_process_file_model_combination:187 - Processing incident commander_straight/1/line_0004.txt: Aspect_ratio="16:9" Group of 3 AWS technicians (Mi...
2025-09-09 07:40:47 | DEBUG    | src.api.client:_save_debug_request:167 - Saved debug request to debug/request_20250909_074047_fal-ai_nano-banana.json
2025-09-09 07:40:47 | DEBUG    | src.api.client:_call_with_retry:114 - API call attempt 1/3
2025-09-09 07:40:54 | DEBUG    | src.api.client:_save_debug_response:184 - Saved debug response to debug/response_20250909_074054_fal-ai_nano-banana.json
2025-09-09 07:40:54 | DEBUG    | src.api.client:_call_with_retry:127 - API call successful
2025-09-09 07:40:57 | INFO     | src.output.writer:save_image:119 - Saved valid image: USER-FILES/05.OUTPUT/250909_074018/nano-banano_16x9/incident commander_straight/1/line_0004_074054_nano-banano_16x9_unknownxunknown.jpeg
2025-09-09 07:40:57 | DEBUG    | src.output.writer:save_image:149 - Saved API payload as Markdown: USER-FILES/05.OUTPUT/250909_074018/nano-banano_16x9/incident commander_straight/1/line_0004_074054_nano-banano_16x9_unknownxunknown.md
2025-09-09 07:40:57 | INFO     | src.processing.processor:_process_file_model_combination:234 - Saved image: line_0004_074054_nano-banano_16x9_unknownxunknown.jpeg
2025-09-09 07:40:57 | INFO     | src.processing.discovery:load_prompts:63 - Loaded prompt from line_0005.txt
2025-09-09 07:40:57 | INFO     | src.processing.processor:process_all:105 - Processing combination 5/113: incident commander_straight/1/line_0005.txt + nano-banano_16x9
2025-09-09 07:40:57 | DEBUG    | src.processing.processor:_process_file_model_combination:181 - Added prefix to prompt: Aspect_ratio="16:9"
2025-09-09 07:40:57 | DEBUG    | src.processing.processor:_process_file_model_combination:187 - Processing incident commander_straight/1/line_0005.txt: Aspect_ratio="16:9" "Clipart-style illustration of...
2025-09-09 07:40:57 | DEBUG    | src.api.client:_save_debug_request:167 - Saved debug request to debug/request_20250909_074057_fal-ai_nano-banana.json
2025-09-09 07:40:57 | DEBUG    | src.api.client:_call_with_retry:114 - API call attempt 1/3
2025-09-09 07:41:05 | DEBUG    | src.api.client:_save_debug_response:184 - Saved debug response to debug/response_20250909_074105_fal-ai_nano-banana.json
2025-09-09 07:41:05 | DEBUG    | src.api.client:_call_with_retry:127 - API call successful
2025-09-09 07:41:08 | INFO     | src.output.writer:save_image:119 - Saved valid image: USER-FILES/05.OUTPUT/250909_074018/nano-banano_16x9/incident commander_straight/1/line_0005_074105_nano-banano_16x9_unknownxunknown.jpeg
2025-09-09 07:41:08 | DEBUG    | src.output.writer:save_image:149 - Saved API payload as Markdown: USER-FILES/05.OUTPUT/250909_074018/nano-banano_16x9/incident commander_straight/1/line_0005_074105_nano-banano_16x9_unknownxunknown.md
2025-09-09 07:41:08 | INFO     | src.processing.processor:_process_file_model_combination:234 - Saved image: line_0005_074105_nano-banano_16x9_unknownxunknown.jpeg
2025-09-09 07:41:08 | INFO     | src.processing.discovery:load_prompts:63 - Loaded prompt from line_0006.txt
2025-09-09 07:41:08 | INFO     | src.processing.processor:process_all:105 - Processing combination 6/113: incident commander_straight/1/line_0006.txt + nano-banano_16x9
2025-09-09 07:41:08 | DEBUG    | src.processing.processor:_process_file_model_combination:181 - Added prefix to prompt: Aspect_ratio="16:9"
2025-09-09 07:41:08 | DEBUG    | src.processing.processor:_process_file_model_combination:187 - Processing incident commander_straight/1/line_0006.txt: Aspect_ratio="16:9" Dutch angle, off-centered fram...
2025-09-09 07:41:08 | DEBUG    | src.api.client:_save_debug_request:167 - Saved debug request to debug/request_20250909_074108_fal-ai_nano-banana.json
2025-09-09 07:41:08 | DEBUG    | src.api.client:_call_with_retry:114 - API call attempt 1/3
2025-09-09 07:41:15 | DEBUG    | src.api.client:_save_debug_response:184 - Saved debug response to debug/response_20250909_074115_fal-ai_nano-banana.json
2025-09-09 07:41:15 | DEBUG    | src.api.client:_call_with_retry:127 - API call successful
2025-09-09 07:41:18 | INFO     | src.output.writer:save_image:119 - Saved valid image: USER-FILES/05.OUTPUT/250909_074018/nano-banano_16x9/incident commander_straight/1/line_0006_074115_nano-banano_16x9_unknownxunknown.jpeg
2025-09-09 07:41:18 | DEBUG    | src.output.writer:save_image:149 - Saved API payload as Markdown: USER-FILES/05.OUTPUT/250909_074018/nano-banano_16x9/incident commander_straight/1/line_0006_074115_nano-banano_16x9_unknownxunknown.md
2025-09-09 07:41:18 | INFO     | src.processing.processor:_process_file_model_combination:234 - Saved image: line_0006_074115_nano-banano_16x9_unknownxunknown.jpeg
2025-09-09 07:41:18 | INFO     | src.processing.discovery:load_prompts:63 - Loaded prompt from line_0007.txt
2025-09-09 07:41:18 | INFO     | src.processing.processor:process_all:105 - Processing combination 7/113: incident commander_straight/1/line_0007.txt + nano-banano_16x9
2025-09-09 07:41:18 | DEBUG    | src.processing.processor:_process_file_model_combination:181 - Added prefix to prompt: Aspect_ratio="16:9"
2025-09-09 07:41:18 | DEBUG    | src.processing.processor:_process_file_model_combination:187 - Processing incident commander_straight/1/line_0007.txt: Aspect_ratio="16:9" Group of 1 site manager (Asian...
2025-09-09 07:41:18 | DEBUG    | src.api.client:_save_debug_request:167 - Saved debug request to debug/request_20250909_074118_fal-ai_nano-banana.json
2025-09-09 07:41:18 | DEBUG    | src.api.client:_call_with_retry:114 - API call attempt 1/3
2025-09-09 07:41:25 | DEBUG    | src.api.client:_save_debug_response:184 - Saved debug response to debug/response_20250909_074125_fal-ai_nano-banana.json
2025-09-09 07:41:25 | DEBUG    | src.api.client:_call_with_retry:127 - API call successful
2025-09-09 07:41:28 | INFO     | src.output.writer:save_image:119 - Saved valid image: USER-FILES/05.OUTPUT/250909_074018/nano-banano_16x9/incident commander_straight/1/line_0007_074125_nano-banano_16x9_unknownxunknown.jpeg
2025-09-09 07:41:28 | DEBUG    | src.output.writer:save_image:149 - Saved API payload as Markdown: USER-FILES/05.OUTPUT/250909_074018/nano-banano_16x9/incident commander_straight/1/line_0007_074125_nano-banano_16x9_unknownxunknown.md
2025-09-09 07:41:28 | INFO     | src.processing.processor:_process_file_model_combination:234 - Saved image: line_0007_074125_nano-banano_16x9_unknownxunknown.jpeg
2025-09-09 07:41:28 | INFO     | src.processing.discovery:load_prompts:63 - Loaded prompt from line_0008.txt
2025-09-09 07:41:28 | INFO     | src.processing.processor:process_all:105 - Processing combination 8/113: incident commander_straight/1/line_0008.txt + nano-banano_16x9
2025-09-09 07:41:28 | DEBUG    | src.processing.processor:_process_file_model_combination:181 - Added prefix to prompt: Aspect_ratio="16:9"
2025-09-09 07:41:28 | DEBUG    | src.processing.processor:_process_file_model_combination:187 - Processing incident commander_straight/1/line_0008.txt: Aspect_ratio="16:9" Group of 2 site managers (Blac...
2025-09-09 07:41:28 | DEBUG    | src.api.client:_save_debug_request:167 - Saved debug request to debug/request_20250909_074128_fal-ai_nano-banana.json
2025-09-09 07:41:28 | DEBUG    | src.api.client:_call_with_retry:114 - API call attempt 1/3
2025-09-09 07:41:35 | DEBUG    | src.api.client:_save_debug_response:184 - Saved debug response to debug/response_20250909_074135_fal-ai_nano-banana.json
2025-09-09 07:41:35 | DEBUG    | src.api.client:_call_with_retry:127 - API call successful
2025-09-09 07:41:38 | INFO     | src.output.writer:save_image:119 - Saved valid image: USER-FILES/05.OUTPUT/250909_074018/nano-banano_16x9/incident commander_straight/1/line_0008_074135_nano-banano_16x9_unknownxunknown.jpeg
2025-09-09 07:41:38 | DEBUG    | src.output.writer:save_image:149 - Saved API payload as Markdown: USER-FILES/05.OUTPUT/250909_074018/nano-banano_16x9/incident commander_straight/1/line_0008_074135_nano-banano_16x9_unknownxunknown.md
2025-09-09 07:41:38 | INFO     | src.processing.processor:_process_file_model_combination:234 - Saved image: line_0008_074135_nano-banano_16x9_unknownxunknown.jpeg
2025-09-09 07:41:38 | INFO     | src.processing.discovery:load_prompts:63 - Loaded prompt from line_0009.txt
2025-09-09 07:41:38 | INFO     | src.processing.processor:process_all:105 - Processing combination 9/113: incident commander_straight/1/line_0009.txt + nano-banano_16x9
2025-09-09 07:41:38 | DEBUG    | src.processing.processor:_process_file_model_combination:181 - Added prefix to prompt: Aspect_ratio="16:9"
2025-09-09 07:41:38 | DEBUG    | src.processing.processor:_process_file_model_combination:187 - Processing incident commander_straight/1/line_0009.txt: Aspect_ratio="16:9" Group of 4 operations team mem...
2025-09-09 07:41:38 | DEBUG    | src.api.client:_save_debug_request:167 - Saved debug request to debug/request_20250909_074138_fal-ai_nano-banana.json
2025-09-09 07:41:38 | DEBUG    | src.api.client:_call_with_retry:114 - API call attempt 1/3
2025-09-09 07:41:44 | DEBUG    | src.api.client:_save_debug_response:184 - Saved debug response to debug/response_20250909_074144_fal-ai_nano-banana.json
2025-09-09 07:41:44 | DEBUG    | src.api.client:_call_with_retry:127 - API call successful
2025-09-09 07:41:47 | INFO     | src.output.writer:save_image:119 - Saved valid image: USER-FILES/05.OUTPUT/250909_074018/nano-banano_16x9/incident commander_straight/1/line_0009_074144_nano-banano_16x9_unknownxunknown.jpeg
2025-09-09 07:41:47 | DEBUG    | src.output.writer:save_image:149 - Saved API payload as Markdown: USER-FILES/05.OUTPUT/250909_074018/nano-banano_16x9/incident commander_straight/1/line_0009_074144_nano-banano_16x9_unknownxunknown.md
2025-09-09 07:41:47 | INFO     | src.processing.processor:_process_file_model_combination:234 - Saved image: line_0009_074144_nano-banano_16x9_unknownxunknown.jpeg
2025-09-09 07:41:47 | INFO     | src.processing.discovery:load_prompts:63 - Loaded prompt from line_0010.txt
2025-09-09 07:41:47 | INFO     | src.processing.processor:process_all:105 - Processing combination 10/113: incident commander_straight/1/line_0010.txt + nano-banano_16x9
2025-09-09 07:41:47 | DEBUG    | src.processing.processor:_process_file_model_combination:181 - Added prefix to prompt: Aspect_ratio="16:9"
2025-09-09 07:41:47 | DEBUG    | src.processing.processor:_process_file_model_combination:187 - Processing incident commander_straight/1/line_0010.txt: Aspect_ratio="16:9" Clipart-style illustration of ...
2025-09-09 07:41:47 | DEBUG    | src.api.client:_save_debug_request:167 - Saved debug request to debug/request_20250909_074147_fal-ai_nano-banana.json
2025-09-09 07:41:47 | DEBUG    | src.api.client:_call_with_retry:114 - API call attempt 1/3
2025-09-09 07:41:53 | DEBUG    | src.api.client:_save_debug_response:184 - Saved debug response to debug/response_20250909_074153_fal-ai_nano-banana.json
2025-09-09 07:41:53 | DEBUG    | src.api.client:_call_with_retry:127 - API call successful
2025-09-09 07:41:55 | INFO     | src.output.writer:save_image:119 - Saved valid image: USER-FILES/05.OUTPUT/250909_074018/nano-banano_16x9/incident commander_straight/1/line_0010_074153_nano-banano_16x9_unknownxunknown.jpeg
2025-09-09 07:41:55 | DEBUG    | src.output.writer:save_image:149 - Saved API payload as Markdown: USER-FILES/05.OUTPUT/250909_074018/nano-banano_16x9/incident commander_straight/1/line_0010_074153_nano-banano_16x9_unknownxunknown.md
2025-09-09 07:41:55 | INFO     | src.processing.processor:_process_file_model_combination:234 - Saved image: line_0010_074153_nano-banano_16x9_unknownxunknown.jpeg
2025-09-09 07:41:55 | INFO     | src.processing.discovery:load_prompts:63 - Loaded prompt from line_0011.txt
2025-09-09 07:41:55 | INFO     | src.processing.processor:process_all:105 - Processing combination 11/113: incident commander_straight/1/line_0011.txt + nano-banano_16x9
2025-09-09 07:41:55 | DEBUG    | src.processing.processor:_process_file_model_combination:181 - Added prefix to prompt: Aspect_ratio="16:9"
2025-09-09 07:41:55 | DEBUG    | src.processing.processor:_process_file_model_combination:187 - Processing incident commander_straight/1/line_0011.txt: Aspect_ratio="16:9" Group of 2 incident commanders...
2025-09-09 07:41:55 | DEBUG    | src.api.client:_save_debug_request:167 - Saved debug request to debug/request_20250909_074155_fal-ai_nano-banana.json
2025-09-09 07:41:55 | DEBUG    | src.api.client:_call_with_retry:114 - API call attempt 1/3
2025-09-09 07:42:11 | DEBUG    | src.api.client:_save_debug_response:184 - Saved debug response to debug/response_20250909_074211_fal-ai_nano-banana.json
2025-09-09 07:42:11 | DEBUG    | src.api.client:_call_with_retry:127 - API call successful
2025-09-09 07:42:14 | INFO     | src.output.writer:save_image:119 - Saved valid image: USER-FILES/05.OUTPUT/250909_074018/nano-banano_16x9/incident commander_straight/1/line_0011_074211_nano-banano_16x9_unknownxunknown.jpeg
2025-09-09 07:42:14 | DEBUG    | src.output.writer:save_image:149 - Saved API payload as Markdown: USER-FILES/05.OUTPUT/250909_074018/nano-banano_16x9/incident commander_straight/1/line_0011_074211_nano-banano_16x9_unknownxunknown.md
2025-09-09 07:42:14 | INFO     | src.processing.processor:_process_file_model_combination:234 - Saved image: line_0011_074211_nano-banano_16x9_unknownxunknown.jpeg
2025-09-09 07:42:14 | INFO     | src.processing.discovery:load_prompts:63 - Loaded prompt from line_0012.txt
2025-09-09 07:42:14 | INFO     | src.processing.processor:process_all:105 - Processing combination 12/113: incident commander_straight/1/line_0012.txt + nano-banano_16x9
2025-09-09 07:42:14 | DEBUG    | src.processing.processor:_process_file_model_combination:181 - Added prefix to prompt: Aspect_ratio="16:9"
2025-09-09 07:42:14 | DEBUG    | src.processing.processor:_process_file_model_combination:187 - Processing incident commander_straight/1/line_0012.txt: Aspect_ratio="16:9" Group of 2 people: incident co...
2025-09-09 07:42:14 | DEBUG    | src.api.client:_save_debug_request:167 - Saved debug request to debug/request_20250909_074214_fal-ai_nano-banana.json
2025-09-09 07:42:14 | DEBUG    | src.api.client:_call_with_retry:114 - API call attempt 1/3
