2025-08-26 07:40:36 | INFO     | src.utils.logging:setup_logging:39 - Logging configured (verbose=False, debug=False)
2025-08-26 07:40:36 | INFO     | __main__:main:67 - Loading configuration...
2025-08-26 07:40:36 | INFO     | src.config.loader:load_config:42 - Loaded configuration from USER-FILES/01.CONFIG/config.yaml
2025-08-26 07:40:36 | INFO     | __main__:main:72 - Authenticating...
2025-08-26 07:40:36 | DEBUG    | src.auth.env:get_fal_api_key_from_env:19 - Loaded environment from /Users/ruben/08_-_DEVELOPMENT/ISOF_IMAGE_WORKFLOW/00.fal-text->image-tool/.env
2025-08-26 07:40:36 | INFO     | src.auth.env:get_fal_api_key_from_env:25 - Successfully retrieved FAL API key from environment
2025-08-26 07:40:36 | INFO     | __main__:main:76 - Discovering inputs...
2025-08-26 07:40:36 | DEBUG    | src.processing.discovery:discover_prompt_files:38 - Found prompt file: USER-FILES/04.INPUT/prompt27.txt
2025-08-26 07:40:36 | DEBUG    | src.processing.discovery:discover_prompt_files:38 - Found prompt file: USER-FILES/04.INPUT/prompt39.txt
2025-08-26 07:40:36 | INFO     | src.processing.discovery:discover_prompt_files:43 - Discovered 2 prompt files
2025-08-26 07:40:36 | DEBUG    | src.processing.discovery:discover_profiles:92 - Loaded profile: USER-FILES/03.PROFILES/gpt_image_3x2.yaml
2025-08-26 07:40:36 | DEBUG    | src.processing.discovery:discover_profiles:92 - Loaded profile: USER-FILES/03.PROFILES/gpt_image_2x3.yaml
2025-08-26 07:40:36 | INFO     | src.processing.discovery:discover_profiles:96 - Loaded 2 profiles
2025-08-26 07:40:36 | INFO     | src.processing.discovery:get_active_models:127 - Found profile: gpt_image_3x2
2025-08-26 07:40:36 | INFO     | src.processing.discovery:get_active_models:127 - Found profile: gpt_image_2x3
2025-08-26 07:40:36 | INFO     | src.processing.discovery:get_active_models:132 - Total profiles to process: 2
2025-08-26 07:40:36 | INFO     | src.config.validator:validate_all:26 - All configuration validation passed
2025-08-26 07:40:36 | INFO     | __main__:main:96 - Output directory: USER-FILES/05.OUTPUT/250826_074036
2025-08-26 07:40:36 | INFO     | __main__:main:157 - Starting matrix processing...
2025-08-26 07:40:36 | INFO     | src.processing.processor:process_all:65 - Processing 4 combinations (2 files × 2 profiles)
2025-08-26 07:40:36 | DEBUG    | src.processing.discovery:load_prompts:63 - Loaded prompt from line 1: Late 1700s Swedish palace interior, extreme close-...
2025-08-26 07:40:36 | INFO     | src.processing.discovery:load_prompts:65 - Loaded 1 prompts from prompt27.txt
2025-08-26 07:40:36 | INFO     | src.processing.processor:process_all:97 - Processing combination 1/4: prompt27.txt + gpt_image_3x2
2025-08-26 07:40:36 | DEBUG    | src.processing.processor:_process_file_model_combination:154 - Processing line 1: Late 1700s Swedish palace interior, extreme close-...
2025-08-26 07:40:36 | DEBUG    | src.api.client:_call_with_retry:100 - API call attempt 1/3
2025-08-26 07:41:48 | DEBUG    | src.api.client:_call_with_retry:113 - API call successful
2025-08-26 07:41:48 | ERROR    | src.processing.processor:_process_file_model_combination:188 - Failed to generate image for line 1: 'str' object has no attribute 'get'
2025-08-26 07:41:48 | ERROR    | src.processing.processor:process_all:119 - Failed processing prompt27.txt + gpt_image_3x2: 'str' object has no attribute 'get'
2025-08-26 07:41:48 | ERROR    | __main__:main:192 - Fatal error: 'str' object has no attribute 'get'
2025-08-26 07:41:48 | INFO     | src.output.writer:write_report:101 - Wrote report: USER-FILES/05.OUTPUT/250826_074036/FAILURE.md
2025-08-26 07:41:48 | INFO     | src.output.reporter:save_reports:197 - Reports generated successfully
