2025-08-28 18:19:55 | INFO     | src.utils.logging:setup_logging:39 - Logging configured (verbose=False, debug=False)
2025-08-28 18:19:55 | INFO     | __main__:main:75 - Loading configuration...
2025-08-28 18:19:55 | INFO     | src.config.loader:load_config:42 - Loaded configuration from USER-FILES/01.CONFIG/config.yaml
2025-08-28 18:19:55 | INFO     | __main__:main:80 - Authenticating...
2025-08-28 18:19:55 | DEBUG    | src.auth.env:get_fal_api_key_from_env:19 - Loaded environment from /Users/ruben/08_-_DEVELOPMENT/ISOF_IMAGE_WORKFLOW/00.fal-text->image-tool/.env
2025-08-28 18:19:55 | INFO     | src.auth.env:get_fal_api_key_from_env:25 - Successfully retrieved FAL API key from environment
2025-08-28 18:19:55 | INFO     | __main__:main:84 - Discovering inputs...
2025-08-28 18:19:55 | DEBUG    | src.processing.discovery:discover_prompt_files:40 - Found prompt file: 250824_opus-4-1_censored_light/prompt166.txt
2025-08-28 18:19:55 | DEBUG    | src.processing.discovery:discover_prompt_files:40 - Found prompt file: 250824_opus-4-1_censored_light/prompt172.txt
2025-08-28 18:19:55 | DEBUG    | src.processing.discovery:discover_prompt_files:40 - Found prompt file: 250824_opus-4-1_censored_light/prompt09.txt
2025-08-28 18:19:55 | DEBUG    | src.processing.discovery:discover_prompt_files:40 - Found prompt file: 250824_opus-4-1_censored_light/prompt21.txt
2025-08-28 18:19:55 | DEBUG    | src.processing.discovery:discover_prompt_files:40 - Found prompt file: 250824_opus-4-1_censored_light/prompt35.txt
2025-08-28 18:19:55 | DEBUG    | src.processing.discovery:discover_prompt_files:40 - Found prompt file: 250824_opus-4-1_censored_light/prompt34.txt
2025-08-28 18:19:55 | DEBUG    | src.processing.discovery:discover_prompt_files:40 - Found prompt file: 250824_opus-4-1_censored_light/prompt20.txt
2025-08-28 18:19:55 | DEBUG    | src.processing.discovery:discover_prompt_files:40 - Found prompt file: 250824_opus-4-1_censored_light/prompt08.txt
2025-08-28 18:19:55 | DEBUG    | src.processing.discovery:discover_prompt_files:40 - Found prompt file: 250824_opus-4-1_censored_light/prompt173.txt
2025-08-28 18:19:55 | DEBUG    | src.processing.discovery:discover_prompt_files:40 - Found prompt file: 250824_opus-4-1_censored_light/prompt167.txt
2025-08-28 18:19:55 | DEBUG    | src.processing.discovery:discover_prompt_files:40 - Found prompt file: 250824_opus-4-1_censored_light/prompt159.txt
2025-08-28 18:19:55 | DEBUG    | src.processing.discovery:discover_prompt_files:40 - Found prompt file: 250824_opus-4-1_censored_light/prompt171.txt
2025-08-28 18:19:55 | DEBUG    | src.processing.discovery:discover_prompt_files:40 - Found prompt file: 250824_opus-4-1_censored_light/prompt165.txt
2025-08-28 18:19:55 | DEBUG    | src.processing.discovery:discover_prompt_files:40 - Found prompt file: 250824_opus-4-1_censored_light/prompt36.txt
2025-08-28 18:19:55 | DEBUG    | src.processing.discovery:discover_prompt_files:40 - Found prompt file: 250824_opus-4-1_censored_light/prompt22.txt
2025-08-28 18:19:55 | DEBUG    | src.processing.discovery:discover_prompt_files:40 - Found prompt file: 250824_opus-4-1_censored_light/prompt23.txt
2025-08-28 18:19:55 | DEBUG    | src.processing.discovery:discover_prompt_files:40 - Found prompt file: 250824_opus-4-1_censored_light/prompt37.txt
2025-08-28 18:19:55 | DEBUG    | src.processing.discovery:discover_prompt_files:40 - Found prompt file: 250824_opus-4-1_censored_light/prompt164.txt
2025-08-28 18:19:55 | DEBUG    | src.processing.discovery:discover_prompt_files:40 - Found prompt file: 250824_opus-4-1_censored_light/prompt170.txt
2025-08-28 18:19:55 | DEBUG    | src.processing.discovery:discover_prompt_files:40 - Found prompt file: 250824_opus-4-1_censored_light/prompt158.txt
2025-08-28 18:19:55 | DEBUG    | src.processing.discovery:discover_prompt_files:40 - Found prompt file: 250824_opus-4-1_censored_light/prompt174.txt
2025-08-28 18:19:55 | DEBUG    | src.processing.discovery:discover_prompt_files:40 - Found prompt file: 250824_opus-4-1_censored_light/prompt160.txt
2025-08-28 18:19:55 | DEBUG    | src.processing.discovery:discover_prompt_files:40 - Found prompt file: 250824_opus-4-1_censored_light/prompt148.txt
2025-08-28 18:19:55 | DEBUG    | src.processing.discovery:discover_prompt_files:40 - Found prompt file: 250824_opus-4-1_censored_light/prompt33.txt
2025-08-28 18:19:55 | DEBUG    | src.processing.discovery:discover_prompt_files:40 - Found prompt file: 250824_opus-4-1_censored_light/prompt27.txt
2025-08-28 18:19:55 | DEBUG    | src.processing.discovery:discover_prompt_files:40 - Found prompt file: 250824_opus-4-1_censored_light/prompt26.txt
2025-08-28 18:19:55 | DEBUG    | src.processing.discovery:discover_prompt_files:40 - Found prompt file: 250824_opus-4-1_censored_light/prompt32.txt
2025-08-28 18:19:55 | DEBUG    | src.processing.discovery:discover_prompt_files:40 - Found prompt file: 250824_opus-4-1_censored_light/prompt149.txt
2025-08-28 18:19:55 | DEBUG    | src.processing.discovery:discover_prompt_files:40 - Found prompt file: 250824_opus-4-1_censored_light/prompt161.txt
2025-08-28 18:19:55 | DEBUG    | src.processing.discovery:discover_prompt_files:40 - Found prompt file: 250824_opus-4-1_censored_light/prompt175.txt
2025-08-28 18:19:55 | DEBUG    | src.processing.discovery:discover_prompt_files:40 - Found prompt file: 250824_opus-4-1_censored_light/prompt163.txt
2025-08-28 18:19:55 | DEBUG    | src.processing.discovery:discover_prompt_files:40 - Found prompt file: 250824_opus-4-1_censored_light/prompt177.txt
2025-08-28 18:19:55 | DEBUG    | src.processing.discovery:discover_prompt_files:40 - Found prompt file: 250824_opus-4-1_censored_light/prompt188.txt
2025-08-28 18:19:55 | DEBUG    | src.processing.discovery:discover_prompt_files:40 - Found prompt file: 250824_opus-4-1_censored_light/prompt24.txt
2025-08-28 18:19:55 | DEBUG    | src.processing.discovery:discover_prompt_files:40 - Found prompt file: 250824_opus-4-1_censored_light/prompt30.txt
2025-08-28 18:19:55 | DEBUG    | src.processing.discovery:discover_prompt_files:40 - Found prompt file: 250824_opus-4-1_censored_light/prompt18.txt
2025-08-28 18:19:55 | DEBUG    | src.processing.discovery:discover_prompt_files:40 - Found prompt file: 250824_opus-4-1_censored_light/prompt19.txt
2025-08-28 18:19:55 | DEBUG    | src.processing.discovery:discover_prompt_files:40 - Found prompt file: 250824_opus-4-1_censored_light/prompt31.txt
2025-08-28 18:19:55 | DEBUG    | src.processing.discovery:discover_prompt_files:40 - Found prompt file: 250824_opus-4-1_censored_light/prompt25.txt
2025-08-28 18:19:55 | DEBUG    | src.processing.discovery:discover_prompt_files:40 - Found prompt file: 250824_opus-4-1_censored_light/prompt189.txt
2025-08-28 18:19:55 | DEBUG    | src.processing.discovery:discover_prompt_files:40 - Found prompt file: 250824_opus-4-1_censored_light/prompt176.txt
2025-08-28 18:19:55 | DEBUG    | src.processing.discovery:discover_prompt_files:40 - Found prompt file: 250824_opus-4-1_censored_light/prompt162.txt
2025-08-28 18:19:55 | DEBUG    | src.processing.discovery:discover_prompt_files:40 - Found prompt file: 250824_opus-4-1_censored_light/prompt139.txt
2025-08-28 18:19:55 | DEBUG    | src.processing.discovery:discover_prompt_files:40 - Found prompt file: 250824_opus-4-1_censored_light/prompt105.txt
2025-08-28 18:19:55 | DEBUG    | src.processing.discovery:discover_prompt_files:40 - Found prompt file: 250824_opus-4-1_censored_light/prompt111.txt
2025-08-28 18:19:55 | DEBUG    | src.processing.discovery:discover_prompt_files:40 - Found prompt file: 250824_opus-4-1_censored_light/prompt42.txt
2025-08-28 18:19:55 | DEBUG    | src.processing.discovery:discover_prompt_files:40 - Found prompt file: 250824_opus-4-1_censored_light/prompt56.txt
2025-08-28 18:19:55 | DEBUG    | src.processing.discovery:discover_prompt_files:40 - Found prompt file: 250824_opus-4-1_censored_light/prompt81.txt
2025-08-28 18:19:55 | DEBUG    | src.processing.discovery:discover_prompt_files:40 - Found prompt file: 250824_opus-4-1_censored_light/prompt95.txt
2025-08-28 18:19:55 | DEBUG    | src.processing.discovery:discover_prompt_files:40 - Found prompt file: 250824_opus-4-1_censored_light/prompt94.txt
2025-08-28 18:19:55 | DEBUG    | src.processing.discovery:discover_prompt_files:40 - Found prompt file: 250824_opus-4-1_censored_light/prompt80.txt
2025-08-28 18:19:55 | DEBUG    | src.processing.discovery:discover_prompt_files:40 - Found prompt file: 250824_opus-4-1_censored_light/prompt57.txt
2025-08-28 18:19:55 | DEBUG    | src.processing.discovery:discover_prompt_files:40 - Found prompt file: 250824_opus-4-1_censored_light/prompt43.txt
2025-08-28 18:19:55 | DEBUG    | src.processing.discovery:discover_prompt_files:40 - Found prompt file: 250824_opus-4-1_censored_light/prompt110.txt
2025-08-28 18:19:55 | DEBUG    | src.processing.discovery:discover_prompt_files:40 - Found prompt file: 250824_opus-4-1_censored_light/prompt104.txt
2025-08-28 18:19:55 | DEBUG    | src.processing.discovery:discover_prompt_files:40 - Found prompt file: 250824_opus-4-1_censored_light/prompt138.txt
2025-08-28 18:19:55 | DEBUG    | src.processing.discovery:discover_prompt_files:40 - Found prompt file: 250824_opus-4-1_censored_light/prompt112.txt
2025-08-28 18:19:55 | DEBUG    | src.processing.discovery:discover_prompt_files:40 - Found prompt file: 250824_opus-4-1_censored_light/prompt106.txt
2025-08-28 18:19:55 | DEBUG    | src.processing.discovery:discover_prompt_files:40 - Found prompt file: 250824_opus-4-1_censored_light/prompt69.txt
2025-08-28 18:19:55 | DEBUG    | src.processing.discovery:discover_prompt_files:40 - Found prompt file: 250824_opus-4-1_censored_light/prompt55.txt
2025-08-28 18:19:55 | DEBUG    | src.processing.discovery:discover_prompt_files:40 - Found prompt file: 250824_opus-4-1_censored_light/prompt41.txt
2025-08-28 18:19:55 | DEBUG    | src.processing.discovery:discover_prompt_files:40 - Found prompt file: 250824_opus-4-1_censored_light/prompt96.txt
2025-08-28 18:19:55 | DEBUG    | src.processing.discovery:discover_prompt_files:40 - Found prompt file: 250824_opus-4-1_censored_light/prompt82.txt
2025-08-28 18:19:55 | DEBUG    | src.processing.discovery:discover_prompt_files:40 - Found prompt file: 250824_opus-4-1_censored_light/prompt83.txt
2025-08-28 18:19:55 | DEBUG    | src.processing.discovery:discover_prompt_files:40 - Found prompt file: 250824_opus-4-1_censored_light/prompt97.txt
2025-08-28 18:19:55 | DEBUG    | src.processing.discovery:discover_prompt_files:40 - Found prompt file: 250824_opus-4-1_censored_light/prompt40.txt
2025-08-28 18:19:55 | DEBUG    | src.processing.discovery:discover_prompt_files:40 - Found prompt file: 250824_opus-4-1_censored_light/prompt54.txt
2025-08-28 18:19:55 | DEBUG    | src.processing.discovery:discover_prompt_files:40 - Found prompt file: 250824_opus-4-1_censored_light/prompt68.txt
2025-08-28 18:19:55 | DEBUG    | src.processing.discovery:discover_prompt_files:40 - Found prompt file: 250824_opus-4-1_censored_light/prompt107.txt
2025-08-28 18:19:55 | DEBUG    | src.processing.discovery:discover_prompt_files:40 - Found prompt file: 250824_opus-4-1_censored_light/prompt113.txt
2025-08-28 18:19:55 | DEBUG    | src.processing.discovery:discover_prompt_files:40 - Found prompt file: 250824_opus-4-1_censored_light/prompt117.txt
2025-08-28 18:19:55 | DEBUG    | src.processing.discovery:discover_prompt_files:40 - Found prompt file: 250824_opus-4-1_censored_light/prompt103.txt
2025-08-28 18:19:55 | DEBUG    | src.processing.discovery:discover_prompt_files:40 - Found prompt file: 250824_opus-4-1_censored_light/prompt50.txt
2025-08-28 18:19:55 | DEBUG    | src.processing.discovery:discover_prompt_files:40 - Found prompt file: 250824_opus-4-1_censored_light/prompt44.txt
2025-08-28 18:19:55 | DEBUG    | src.processing.discovery:discover_prompt_files:40 - Found prompt file: 250824_opus-4-1_censored_light/prompt78.txt
2025-08-28 18:19:55 | DEBUG    | src.processing.discovery:discover_prompt_files:40 - Found prompt file: 250824_opus-4-1_censored_light/prompt93.txt
2025-08-28 18:19:55 | DEBUG    | src.processing.discovery:discover_prompt_files:40 - Found prompt file: 250824_opus-4-1_censored_light/prompt87.txt
2025-08-28 18:19:55 | DEBUG    | src.processing.discovery:discover_prompt_files:40 - Found prompt file: 250824_opus-4-1_censored_light/prompt86.txt
2025-08-28 18:19:55 | DEBUG    | src.processing.discovery:discover_prompt_files:40 - Found prompt file: 250824_opus-4-1_censored_light/prompt92.txt
2025-08-28 18:19:55 | DEBUG    | src.processing.discovery:discover_prompt_files:40 - Found prompt file: 250824_opus-4-1_censored_light/prompt79.txt
2025-08-28 18:19:55 | DEBUG    | src.processing.discovery:discover_prompt_files:40 - Found prompt file: 250824_opus-4-1_censored_light/prompt45.txt
2025-08-28 18:19:55 | DEBUG    | src.processing.discovery:discover_prompt_files:40 - Found prompt file: 250824_opus-4-1_censored_light/prompt51.txt
2025-08-28 18:19:55 | DEBUG    | src.processing.discovery:discover_prompt_files:40 - Found prompt file: 250824_opus-4-1_censored_light/prompt102.txt
2025-08-28 18:19:55 | DEBUG    | src.processing.discovery:discover_prompt_files:40 - Found prompt file: 250824_opus-4-1_censored_light/prompt116.txt
2025-08-28 18:19:55 | DEBUG    | src.processing.discovery:discover_prompt_files:40 - Found prompt file: 250824_opus-4-1_censored_light/prompt100.txt
2025-08-28 18:19:55 | DEBUG    | src.processing.discovery:discover_prompt_files:40 - Found prompt file: 250824_opus-4-1_censored_light/prompt114.txt
2025-08-28 18:19:55 | DEBUG    | src.processing.discovery:discover_prompt_files:40 - Found prompt file: 250824_opus-4-1_censored_light/prompt128.txt
2025-08-28 18:19:55 | DEBUG    | src.processing.discovery:discover_prompt_files:40 - Found prompt file: 250824_opus-4-1_censored_light/prompt47.txt
2025-08-28 18:19:55 | DEBUG    | src.processing.discovery:discover_prompt_files:40 - Found prompt file: 250824_opus-4-1_censored_light/prompt53.txt
2025-08-28 18:19:55 | DEBUG    | src.processing.discovery:discover_prompt_files:40 - Found prompt file: 250824_opus-4-1_censored_light/prompt84.txt
2025-08-28 18:19:55 | DEBUG    | src.processing.discovery:discover_prompt_files:40 - Found prompt file: 250824_opus-4-1_censored_light/prompt90.txt
2025-08-28 18:19:55 | DEBUG    | src.processing.discovery:discover_prompt_files:40 - Found prompt file: 250824_opus-4-1_censored_light/prompt91.txt
2025-08-28 18:19:55 | DEBUG    | src.processing.discovery:discover_prompt_files:40 - Found prompt file: 250824_opus-4-1_censored_light/prompt85.txt
2025-08-28 18:19:55 | DEBUG    | src.processing.discovery:discover_prompt_files:40 - Found prompt file: 250824_opus-4-1_censored_light/prompt52.txt
2025-08-28 18:19:55 | DEBUG    | src.processing.discovery:discover_prompt_files:40 - Found prompt file: 250824_opus-4-1_censored_light/prompt46.txt
2025-08-28 18:19:55 | DEBUG    | src.processing.discovery:discover_prompt_files:40 - Found prompt file: 250824_opus-4-1_censored_light/prompt129.txt
2025-08-28 18:19:55 | DEBUG    | src.processing.discovery:discover_prompt_files:40 - Found prompt file: 250824_opus-4-1_censored_light/prompt115.txt
2025-08-28 18:19:55 | DEBUG    | src.processing.discovery:discover_prompt_files:40 - Found prompt file: 250824_opus-4-1_censored_light/prompt101.txt
2025-08-28 18:19:55 | DEBUG    | src.processing.discovery:discover_prompt_files:40 - Found prompt file: 250824_opus-4-1_censored_light/prompt118.txt
2025-08-28 18:19:55 | DEBUG    | src.processing.discovery:discover_prompt_files:40 - Found prompt file: 250824_opus-4-1_censored_light/prompt124.txt
2025-08-28 18:19:55 | DEBUG    | src.processing.discovery:discover_prompt_files:40 - Found prompt file: 250824_opus-4-1_censored_light/prompt130.txt
2025-08-28 18:19:55 | DEBUG    | src.processing.discovery:discover_prompt_files:40 - Found prompt file: 250824_opus-4-1_censored_light/prompt63.txt
2025-08-28 18:19:55 | DEBUG    | src.processing.discovery:discover_prompt_files:40 - Found prompt file: 250824_opus-4-1_censored_light/prompt77.txt
2025-08-28 18:19:55 | DEBUG    | src.processing.discovery:discover_prompt_files:40 - Found prompt file: 250824_opus-4-1_censored_light/prompt88.txt
2025-08-28 18:19:55 | DEBUG    | src.processing.discovery:discover_prompt_files:40 - Found prompt file: 250824_opus-4-1_censored_light/prompt89.txt
2025-08-28 18:19:55 | DEBUG    | src.processing.discovery:discover_prompt_files:40 - Found prompt file: 250824_opus-4-1_censored_light/prompt76.txt
2025-08-28 18:19:55 | DEBUG    | src.processing.discovery:discover_prompt_files:40 - Found prompt file: 250824_opus-4-1_censored_light/prompt62.txt
2025-08-28 18:19:55 | DEBUG    | src.processing.discovery:discover_prompt_files:40 - Found prompt file: 250824_opus-4-1_censored_light/prompt131.txt
2025-08-28 18:19:55 | DEBUG    | src.processing.discovery:discover_prompt_files:40 - Found prompt file: 250824_opus-4-1_censored_light/prompt125.txt
2025-08-28 18:19:55 | DEBUG    | src.processing.discovery:discover_prompt_files:40 - Found prompt file: 250824_opus-4-1_censored_light/prompt119.txt
2025-08-28 18:19:55 | DEBUG    | src.processing.discovery:discover_prompt_files:40 - Found prompt file: 250824_opus-4-1_censored_light/prompt133.txt
2025-08-28 18:19:55 | DEBUG    | src.processing.discovery:discover_prompt_files:40 - Found prompt file: 250824_opus-4-1_censored_light/prompt127.txt
2025-08-28 18:19:55 | DEBUG    | src.processing.discovery:discover_prompt_files:40 - Found prompt file: 250824_opus-4-1_censored_light/prompt48.txt
2025-08-28 18:19:55 | DEBUG    | src.processing.discovery:discover_prompt_files:40 - Found prompt file: 250824_opus-4-1_censored_light/prompt74.txt
2025-08-28 18:19:55 | DEBUG    | src.processing.discovery:discover_prompt_files:40 - Found prompt file: 250824_opus-4-1_censored_light/prompt60.txt
2025-08-28 18:19:55 | DEBUG    | src.processing.discovery:discover_prompt_files:40 - Found prompt file: 250824_opus-4-1_censored_light/prompt61.txt
2025-08-28 18:19:55 | DEBUG    | src.processing.discovery:discover_prompt_files:40 - Found prompt file: 250824_opus-4-1_censored_light/prompt75.txt
2025-08-28 18:19:55 | DEBUG    | src.processing.discovery:discover_prompt_files:40 - Found prompt file: 250824_opus-4-1_censored_light/prompt49.txt
2025-08-28 18:19:55 | DEBUG    | src.processing.discovery:discover_prompt_files:40 - Found prompt file: 250824_opus-4-1_censored_light/prompt126.txt
2025-08-28 18:19:55 | DEBUG    | src.processing.discovery:discover_prompt_files:40 - Found prompt file: 250824_opus-4-1_censored_light/prompt132.txt
2025-08-28 18:19:55 | DEBUG    | src.processing.discovery:discover_prompt_files:40 - Found prompt file: 250824_opus-4-1_censored_light/prompt136.txt
2025-08-28 18:19:55 | DEBUG    | src.processing.discovery:discover_prompt_files:40 - Found prompt file: 250824_opus-4-1_censored_light/prompt122.txt
2025-08-28 18:19:55 | DEBUG    | src.processing.discovery:discover_prompt_files:40 - Found prompt file: 250824_opus-4-1_censored_light/prompt71.txt
2025-08-28 18:19:55 | DEBUG    | src.processing.discovery:discover_prompt_files:40 - Found prompt file: 250824_opus-4-1_censored_light/prompt65.txt
2025-08-28 18:19:55 | DEBUG    | src.processing.discovery:discover_prompt_files:40 - Found prompt file: 250824_opus-4-1_censored_light/prompt59.txt
2025-08-28 18:19:55 | DEBUG    | src.processing.discovery:discover_prompt_files:40 - Found prompt file: 250824_opus-4-1_censored_light/prompt58.txt
2025-08-28 18:19:55 | DEBUG    | src.processing.discovery:discover_prompt_files:40 - Found prompt file: 250824_opus-4-1_censored_light/prompt64.txt
2025-08-28 18:19:55 | DEBUG    | src.processing.discovery:discover_prompt_files:40 - Found prompt file: 250824_opus-4-1_censored_light/prompt70.txt
2025-08-28 18:19:55 | DEBUG    | src.processing.discovery:discover_prompt_files:40 - Found prompt file: 250824_opus-4-1_censored_light/prompt123.txt
2025-08-28 18:19:55 | DEBUG    | src.processing.discovery:discover_prompt_files:40 - Found prompt file: 250824_opus-4-1_censored_light/prompt137.txt
2025-08-28 18:19:55 | DEBUG    | src.processing.discovery:discover_prompt_files:40 - Found prompt file: 250824_opus-4-1_censored_light/prompt121.txt
2025-08-28 18:19:55 | DEBUG    | src.processing.discovery:discover_prompt_files:40 - Found prompt file: 250824_opus-4-1_censored_light/prompt135.txt
2025-08-28 18:19:55 | DEBUG    | src.processing.discovery:discover_prompt_files:40 - Found prompt file: 250824_opus-4-1_censored_light/prompt109.txt
2025-08-28 18:19:55 | DEBUG    | src.processing.discovery:discover_prompt_files:40 - Found prompt file: 250824_opus-4-1_censored_light/prompt66.txt
2025-08-28 18:19:55 | DEBUG    | src.processing.discovery:discover_prompt_files:40 - Found prompt file: 250824_opus-4-1_censored_light/prompt72.txt
2025-08-28 18:19:55 | DEBUG    | src.processing.discovery:discover_prompt_files:40 - Found prompt file: 250824_opus-4-1_censored_light/prompt99.txt
2025-08-28 18:19:55 | DEBUG    | src.processing.discovery:discover_prompt_files:40 - Found prompt file: 250824_opus-4-1_censored_light/prompt98.txt
2025-08-28 18:19:55 | DEBUG    | src.processing.discovery:discover_prompt_files:40 - Found prompt file: 250824_opus-4-1_censored_light/prompt73.txt
2025-08-28 18:19:55 | DEBUG    | src.processing.discovery:discover_prompt_files:40 - Found prompt file: 250824_opus-4-1_censored_light/prompt67.txt
2025-08-28 18:19:55 | DEBUG    | src.processing.discovery:discover_prompt_files:40 - Found prompt file: 250824_opus-4-1_censored_light/prompt108.txt
2025-08-28 18:19:55 | DEBUG    | src.processing.discovery:discover_prompt_files:40 - Found prompt file: 250824_opus-4-1_censored_light/prompt134.txt
2025-08-28 18:19:55 | DEBUG    | src.processing.discovery:discover_prompt_files:40 - Found prompt file: 250824_opus-4-1_censored_light/prompt120.txt
2025-08-28 18:19:55 | DEBUG    | src.processing.discovery:discover_prompt_files:40 - Found prompt file: 250824_opus-4-1_censored_light/prompt147.txt
2025-08-28 18:19:55 | DEBUG    | src.processing.discovery:discover_prompt_files:40 - Found prompt file: 250824_opus-4-1_censored_light/prompt153.txt
2025-08-28 18:19:55 | DEBUG    | src.processing.discovery:discover_prompt_files:40 - Found prompt file: 250824_opus-4-1_censored_light/prompt184.txt
2025-08-28 18:19:55 | DEBUG    | src.processing.discovery:discover_prompt_files:40 - Found prompt file: 250824_opus-4-1_censored_light/prompt190.txt
2025-08-28 18:19:55 | DEBUG    | src.processing.discovery:discover_prompt_files:40 - Found prompt file: 250824_opus-4-1_censored_light/prompt28.txt
2025-08-28 18:19:55 | DEBUG    | src.processing.discovery:discover_prompt_files:40 - Found prompt file: 250824_opus-4-1_censored_light/prompt14.txt
2025-08-28 18:19:55 | DEBUG    | src.processing.discovery:discover_prompt_files:40 - Found prompt file: 250824_opus-4-1_censored_light/prompt15.txt
2025-08-28 18:19:55 | DEBUG    | src.processing.discovery:discover_prompt_files:40 - Found prompt file: 250824_opus-4-1_censored_light/prompt01.txt
2025-08-28 18:19:55 | DEBUG    | src.processing.discovery:discover_prompt_files:40 - Found prompt file: 250824_opus-4-1_censored_light/prompt29.txt
2025-08-28 18:19:55 | DEBUG    | src.processing.discovery:discover_prompt_files:40 - Found prompt file: 250824_opus-4-1_censored_light/prompt191.txt
2025-08-28 18:19:55 | DEBUG    | src.processing.discovery:discover_prompt_files:40 - Found prompt file: 250824_opus-4-1_censored_light/prompt185.txt
2025-08-28 18:19:55 | DEBUG    | src.processing.discovery:discover_prompt_files:40 - Found prompt file: 250824_opus-4-1_censored_light/prompt152.txt
2025-08-28 18:19:55 | DEBUG    | src.processing.discovery:discover_prompt_files:40 - Found prompt file: 250824_opus-4-1_censored_light/prompt146.txt
2025-08-28 18:19:55 | DEBUG    | src.processing.discovery:discover_prompt_files:40 - Found prompt file: 250824_opus-4-1_censored_light/prompt178.txt
2025-08-28 18:19:55 | DEBUG    | src.processing.discovery:discover_prompt_files:40 - Found prompt file: 250824_opus-4-1_censored_light/prompt150.txt
2025-08-28 18:19:55 | DEBUG    | src.processing.discovery:discover_prompt_files:40 - Found prompt file: 250824_opus-4-1_censored_light/prompt144.txt
2025-08-28 18:19:55 | DEBUG    | src.processing.discovery:discover_prompt_files:40 - Found prompt file: 250824_opus-4-1_censored_light/prompt187.txt
2025-08-28 18:19:55 | DEBUG    | src.processing.discovery:discover_prompt_files:40 - Found prompt file: 250824_opus-4-1_censored_light/prompt17.txt
2025-08-28 18:19:55 | DEBUG    | src.processing.discovery:discover_prompt_files:40 - Found prompt file: 250824_opus-4-1_censored_light/prompt03.txt
2025-08-28 18:19:55 | DEBUG    | src.processing.discovery:discover_prompt_files:40 - Found prompt file: 250824_opus-4-1_censored_light/prompt02.txt
2025-08-28 18:19:55 | DEBUG    | src.processing.discovery:discover_prompt_files:40 - Found prompt file: 250824_opus-4-1_censored_light/prompt16.txt
2025-08-28 18:19:55 | DEBUG    | src.processing.discovery:discover_prompt_files:40 - Found prompt file: 250824_opus-4-1_censored_light/prompt186.txt
2025-08-28 18:19:55 | DEBUG    | src.processing.discovery:discover_prompt_files:40 - Found prompt file: 250824_opus-4-1_censored_light/prompt192.txt
2025-08-28 18:19:55 | DEBUG    | src.processing.discovery:discover_prompt_files:40 - Found prompt file: 250824_opus-4-1_censored_light/prompt145.txt
2025-08-28 18:19:55 | DEBUG    | src.processing.discovery:discover_prompt_files:40 - Found prompt file: 250824_opus-4-1_censored_light/prompt151.txt
2025-08-28 18:19:55 | DEBUG    | src.processing.discovery:discover_prompt_files:40 - Found prompt file: 250824_opus-4-1_censored_light/prompt179.txt
2025-08-28 18:19:55 | DEBUG    | src.processing.discovery:discover_prompt_files:40 - Found prompt file: 250824_opus-4-1_censored_light/prompt155.txt
2025-08-28 18:19:55 | DEBUG    | src.processing.discovery:discover_prompt_files:40 - Found prompt file: 250824_opus-4-1_censored_light/prompt141.txt
2025-08-28 18:19:55 | DEBUG    | src.processing.discovery:discover_prompt_files:40 - Found prompt file: 250824_opus-4-1_censored_light/prompt169.txt
2025-08-28 18:19:55 | DEBUG    | src.processing.discovery:discover_prompt_files:40 - Found prompt file: 250824_opus-4-1_censored_light/prompt182.txt
2025-08-28 18:19:55 | DEBUG    | src.processing.discovery:discover_prompt_files:40 - Found prompt file: 250824_opus-4-1_censored_light/prompt12.txt
2025-08-28 18:19:55 | DEBUG    | src.processing.discovery:discover_prompt_files:40 - Found prompt file: 250824_opus-4-1_censored_light/prompt06.txt
2025-08-28 18:19:55 | DEBUG    | src.processing.discovery:discover_prompt_files:40 - Found prompt file: 250824_opus-4-1_censored_light/prompt07.txt
2025-08-28 18:19:55 | DEBUG    | src.processing.discovery:discover_prompt_files:40 - Found prompt file: 250824_opus-4-1_censored_light/prompt13.txt
2025-08-28 18:19:55 | DEBUG    | src.processing.discovery:discover_prompt_files:40 - Found prompt file: 250824_opus-4-1_censored_light/prompt183.txt
2025-08-28 18:19:55 | DEBUG    | src.processing.discovery:discover_prompt_files:40 - Found prompt file: 250824_opus-4-1_censored_light/prompt168.txt
2025-08-28 18:19:55 | DEBUG    | src.processing.discovery:discover_prompt_files:40 - Found prompt file: 250824_opus-4-1_censored_light/prompt140.txt
2025-08-28 18:19:55 | DEBUG    | src.processing.discovery:discover_prompt_files:40 - Found prompt file: 250824_opus-4-1_censored_light/prompt154.txt
2025-08-28 18:19:55 | DEBUG    | src.processing.discovery:discover_prompt_files:40 - Found prompt file: 250824_opus-4-1_censored_light/prompt142.txt
2025-08-28 18:19:55 | DEBUG    | src.processing.discovery:discover_prompt_files:40 - Found prompt file: 250824_opus-4-1_censored_light/prompt156.txt
2025-08-28 18:19:55 | DEBUG    | src.processing.discovery:discover_prompt_files:40 - Found prompt file: 250824_opus-4-1_censored_light/prompt181.txt
2025-08-28 18:19:55 | DEBUG    | src.processing.discovery:discover_prompt_files:40 - Found prompt file: 250824_opus-4-1_censored_light/prompt05.txt
2025-08-28 18:19:55 | DEBUG    | src.processing.discovery:discover_prompt_files:40 - Found prompt file: 250824_opus-4-1_censored_light/prompt11.txt
2025-08-28 18:19:55 | DEBUG    | src.processing.discovery:discover_prompt_files:40 - Found prompt file: 250824_opus-4-1_censored_light/prompt39.txt
2025-08-28 18:19:55 | DEBUG    | src.processing.discovery:discover_prompt_files:40 - Found prompt file: 250824_opus-4-1_censored_light/prompt38.txt
2025-08-28 18:19:55 | DEBUG    | src.processing.discovery:discover_prompt_files:40 - Found prompt file: 250824_opus-4-1_censored_light/prompt10.txt
2025-08-28 18:19:55 | DEBUG    | src.processing.discovery:discover_prompt_files:40 - Found prompt file: 250824_opus-4-1_censored_light/prompt04.txt
2025-08-28 18:19:55 | DEBUG    | src.processing.discovery:discover_prompt_files:40 - Found prompt file: 250824_opus-4-1_censored_light/prompt180.txt
2025-08-28 18:19:55 | DEBUG    | src.processing.discovery:discover_prompt_files:40 - Found prompt file: 250824_opus-4-1_censored_light/prompt157.txt
2025-08-28 18:19:55 | DEBUG    | src.processing.discovery:discover_prompt_files:40 - Found prompt file: 250824_opus-4-1_censored_light/prompt143.txt
2025-08-28 18:19:55 | INFO     | src.processing.discovery:discover_prompt_files:45 - Discovered 192 prompt files
2025-08-28 18:19:55 | DEBUG    | src.processing.discovery:discover_profiles:93 - Loaded profile: USER-FILES/03.PROFILES/nano-banano.yaml
2025-08-28 18:19:55 | INFO     | src.processing.discovery:discover_profiles:97 - Loaded 1 profiles
2025-08-28 18:19:55 | INFO     | src.processing.discovery:get_active_models:131 - Found profile: nano-banano
2025-08-28 18:19:55 | INFO     | src.processing.discovery:get_active_models:136 - Total profiles to process: 1
2025-08-28 18:19:55 | INFO     | src.config.validator:validate_all:26 - All configuration validation passed
2025-08-28 18:19:55 | INFO     | __main__:main:104 - Output directory: USER-FILES/05.OUTPUT/250828_181955
2025-08-28 18:19:55 | INFO     | __main__:main:166 - Starting matrix processing...
2025-08-28 18:19:55 | INFO     | src.processing.processor:process_all:69 - Processing 192 combinations (192 files × 1 profiles)
2025-08-28 18:19:55 | INFO     | src.processing.discovery:load_prompts:63 - Loaded prompt from prompt01.txt
2025-08-28 18:19:55 | INFO     | src.processing.processor:process_all:105 - Processing combination 1/192: 250824_opus-4-1_censored_light/prompt01.txt + nano-banano
2025-08-28 18:19:55 | DEBUG    | src.processing.processor:_process_file_model_combination:187 - Processing 250824_opus-4-1_censored_light/prompt01.txt: Late 1700s Swedish countryside exterior at golden ...
2025-08-28 18:19:55 | DEBUG    | src.api.client:_call_with_retry:114 - API call attempt 1/3
2025-08-28 18:20:04 | DEBUG    | src.api.client:_call_with_retry:127 - API call successful
2025-08-28 18:20:07 | INFO     | src.output.writer:save_image:119 - Saved valid image: USER-FILES/05.OUTPUT/250828_181955/nano-banano/250824_opus-4-1_censored_light/prompt01_182004_nano-banano_unknownxunknown.jpeg
2025-08-28 18:20:07 | DEBUG    | src.output.writer:save_image:135 - Saved API payload: USER-FILES/05.OUTPUT/250828_181955/nano-banano/250824_opus-4-1_censored_light/prompt01_182004_nano-banano_unknownxunknown.json
2025-08-28 18:20:07 | INFO     | src.processing.processor:_process_file_model_combination:234 - Saved image: prompt01_182004_nano-banano_unknownxunknown.jpeg
2025-08-28 18:20:07 | INFO     | src.processing.discovery:load_prompts:63 - Loaded prompt from prompt02.txt
2025-08-28 18:20:07 | INFO     | src.processing.processor:process_all:105 - Processing combination 2/192: 250824_opus-4-1_censored_light/prompt02.txt + nano-banano
2025-08-28 18:20:07 | DEBUG    | src.processing.processor:_process_file_model_combination:187 - Processing 250824_opus-4-1_censored_light/prompt02.txt: Late 1700s medieval stone church interior, long vi...
2025-08-28 18:20:07 | DEBUG    | src.api.client:_call_with_retry:114 - API call attempt 1/3
2025-08-28 18:20:16 | DEBUG    | src.api.client:_call_with_retry:127 - API call successful
2025-08-28 18:20:18 | INFO     | src.output.writer:save_image:119 - Saved valid image: USER-FILES/05.OUTPUT/250828_181955/nano-banano/250824_opus-4-1_censored_light/prompt02_182016_nano-banano_unknownxunknown.jpeg
2025-08-28 18:20:18 | DEBUG    | src.output.writer:save_image:135 - Saved API payload: USER-FILES/05.OUTPUT/250828_181955/nano-banano/250824_opus-4-1_censored_light/prompt02_182016_nano-banano_unknownxunknown.json
2025-08-28 18:20:18 | INFO     | src.processing.processor:_process_file_model_combination:234 - Saved image: prompt02_182016_nano-banano_unknownxunknown.jpeg
2025-08-28 18:20:18 | INFO     | src.processing.discovery:load_prompts:63 - Loaded prompt from prompt03.txt
2025-08-28 18:20:18 | INFO     | src.processing.processor:process_all:105 - Processing combination 3/192: 250824_opus-4-1_censored_light/prompt03.txt + nano-banano
2025-08-28 18:20:18 | DEBUG    | src.processing.processor:_process_file_model_combination:187 - Processing 250824_opus-4-1_censored_light/prompt03.txt: Late 1700s medieval church interior, extreme close...
2025-08-28 18:20:18 | DEBUG    | src.api.client:_call_with_retry:114 - API call attempt 1/3
2025-08-28 18:20:26 | DEBUG    | src.api.client:_call_with_retry:127 - API call successful
2025-08-28 18:20:28 | INFO     | src.output.writer:save_image:119 - Saved valid image: USER-FILES/05.OUTPUT/250828_181955/nano-banano/250824_opus-4-1_censored_light/prompt03_182026_nano-banano_unknownxunknown.jpeg
2025-08-28 18:20:28 | DEBUG    | src.output.writer:save_image:135 - Saved API payload: USER-FILES/05.OUTPUT/250828_181955/nano-banano/250824_opus-4-1_censored_light/prompt03_182026_nano-banano_unknownxunknown.json
2025-08-28 18:20:28 | INFO     | src.processing.processor:_process_file_model_combination:234 - Saved image: prompt03_182026_nano-banano_unknownxunknown.jpeg
2025-08-28 18:20:28 | INFO     | src.processing.discovery:load_prompts:63 - Loaded prompt from prompt04.txt
2025-08-28 18:20:28 | INFO     | src.processing.processor:process_all:105 - Processing combination 4/192: 250824_opus-4-1_censored_light/prompt04.txt + nano-banano
2025-08-28 18:20:28 | DEBUG    | src.processing.processor:_process_file_model_combination:187 - Processing 250824_opus-4-1_censored_light/prompt04.txt: Late 1700s medieval church interior, low angle med...
2025-08-28 18:20:28 | DEBUG    | src.api.client:_call_with_retry:114 - API call attempt 1/3
2025-08-28 18:20:38 | DEBUG    | src.api.client:_call_with_retry:127 - API call successful
2025-08-28 18:20:42 | INFO     | src.output.writer:save_image:119 - Saved valid image: USER-FILES/05.OUTPUT/250828_181955/nano-banano/250824_opus-4-1_censored_light/prompt04_182038_nano-banano_unknownxunknown.jpeg
2025-08-28 18:20:42 | DEBUG    | src.output.writer:save_image:135 - Saved API payload: USER-FILES/05.OUTPUT/250828_181955/nano-banano/250824_opus-4-1_censored_light/prompt04_182038_nano-banano_unknownxunknown.json
2025-08-28 18:20:42 | INFO     | src.processing.processor:_process_file_model_combination:234 - Saved image: prompt04_182038_nano-banano_unknownxunknown.jpeg
2025-08-28 18:20:42 | INFO     | src.processing.discovery:load_prompts:63 - Loaded prompt from prompt05.txt
2025-08-28 18:20:42 | INFO     | src.processing.processor:process_all:105 - Processing combination 5/192: 250824_opus-4-1_censored_light/prompt05.txt + nano-banano
2025-08-28 18:20:42 | DEBUG    | src.processing.processor:_process_file_model_combination:187 - Processing 250824_opus-4-1_censored_light/prompt05.txt: Late 1700s medieval church interior, medium shot o...
2025-08-28 18:20:42 | DEBUG    | src.api.client:_call_with_retry:114 - API call attempt 1/3
2025-08-28 18:20:52 | DEBUG    | src.api.client:_call_with_retry:127 - API call successful
2025-08-28 18:20:56 | INFO     | src.output.writer:save_image:119 - Saved valid image: USER-FILES/05.OUTPUT/250828_181955/nano-banano/250824_opus-4-1_censored_light/prompt05_182052_nano-banano_unknownxunknown.jpeg
2025-08-28 18:20:56 | DEBUG    | src.output.writer:save_image:135 - Saved API payload: USER-FILES/05.OUTPUT/250828_181955/nano-banano/250824_opus-4-1_censored_light/prompt05_182052_nano-banano_unknownxunknown.json
2025-08-28 18:20:56 | INFO     | src.processing.processor:_process_file_model_combination:234 - Saved image: prompt05_182052_nano-banano_unknownxunknown.jpeg
2025-08-28 18:20:56 | INFO     | src.processing.discovery:load_prompts:63 - Loaded prompt from prompt06.txt
2025-08-28 18:20:56 | INFO     | src.processing.processor:process_all:105 - Processing combination 6/192: 250824_opus-4-1_censored_light/prompt06.txt + nano-banano
2025-08-28 18:20:56 | DEBUG    | src.processing.processor:_process_file_model_combination:187 - Processing 250824_opus-4-1_censored_light/prompt06.txt: Late 1700s medieval church interior, medium shot i...
2025-08-28 18:20:56 | DEBUG    | src.api.client:_call_with_retry:114 - API call attempt 1/3
2025-08-28 18:21:04 | DEBUG    | src.api.client:_call_with_retry:127 - API call successful
2025-08-28 18:21:07 | INFO     | src.output.writer:save_image:119 - Saved valid image: USER-FILES/05.OUTPUT/250828_181955/nano-banano/250824_opus-4-1_censored_light/prompt06_182104_nano-banano_unknownxunknown.jpeg
2025-08-28 18:21:07 | DEBUG    | src.output.writer:save_image:135 - Saved API payload: USER-FILES/05.OUTPUT/250828_181955/nano-banano/250824_opus-4-1_censored_light/prompt06_182104_nano-banano_unknownxunknown.json
2025-08-28 18:21:07 | INFO     | src.processing.processor:_process_file_model_combination:234 - Saved image: prompt06_182104_nano-banano_unknownxunknown.jpeg
2025-08-28 18:21:07 | INFO     | src.processing.discovery:load_prompts:63 - Loaded prompt from prompt07.txt
2025-08-28 18:21:07 | INFO     | src.processing.processor:process_all:105 - Processing combination 7/192: 250824_opus-4-1_censored_light/prompt07.txt + nano-banano
2025-08-28 18:21:07 | DEBUG    | src.processing.processor:_process_file_model_combination:187 - Processing 250824_opus-4-1_censored_light/prompt07.txt: Late 1700s medieval church interior, medium wide s...
2025-08-28 18:21:07 | DEBUG    | src.api.client:_call_with_retry:114 - API call attempt 1/3
2025-08-28 18:21:17 | DEBUG    | src.api.client:_call_with_retry:127 - API call successful
2025-08-28 18:21:21 | INFO     | src.output.writer:save_image:119 - Saved valid image: USER-FILES/05.OUTPUT/250828_181955/nano-banano/250824_opus-4-1_censored_light/prompt07_182117_nano-banano_unknownxunknown.jpeg
2025-08-28 18:21:21 | DEBUG    | src.output.writer:save_image:135 - Saved API payload: USER-FILES/05.OUTPUT/250828_181955/nano-banano/250824_opus-4-1_censored_light/prompt07_182117_nano-banano_unknownxunknown.json
2025-08-28 18:21:21 | INFO     | src.processing.processor:_process_file_model_combination:234 - Saved image: prompt07_182117_nano-banano_unknownxunknown.jpeg
2025-08-28 18:21:21 | INFO     | src.processing.discovery:load_prompts:63 - Loaded prompt from prompt08.txt
2025-08-28 18:21:21 | INFO     | src.processing.processor:process_all:105 - Processing combination 8/192: 250824_opus-4-1_censored_light/prompt08.txt + nano-banano
2025-08-28 18:21:21 | DEBUG    | src.processing.processor:_process_file_model_combination:187 - Processing 250824_opus-4-1_censored_light/prompt08.txt: Late 1700s medieval church interior, medium close-...
2025-08-28 18:21:21 | DEBUG    | src.api.client:_call_with_retry:114 - API call attempt 1/3
2025-08-28 18:21:29 | DEBUG    | src.api.client:_call_with_retry:127 - API call successful
2025-08-28 18:21:34 | INFO     | src.output.writer:save_image:119 - Saved valid image: USER-FILES/05.OUTPUT/250828_181955/nano-banano/250824_opus-4-1_censored_light/prompt08_182129_nano-banano_unknownxunknown.jpeg
2025-08-28 18:21:34 | DEBUG    | src.output.writer:save_image:135 - Saved API payload: USER-FILES/05.OUTPUT/250828_181955/nano-banano/250824_opus-4-1_censored_light/prompt08_182129_nano-banano_unknownxunknown.json
2025-08-28 18:21:34 | INFO     | src.processing.processor:_process_file_model_combination:234 - Saved image: prompt08_182129_nano-banano_unknownxunknown.jpeg
2025-08-28 18:21:34 | INFO     | src.processing.discovery:load_prompts:63 - Loaded prompt from prompt09.txt
2025-08-28 18:21:34 | INFO     | src.processing.processor:process_all:105 - Processing combination 9/192: 250824_opus-4-1_censored_light/prompt09.txt + nano-banano
2025-08-28 18:21:34 | DEBUG    | src.processing.processor:_process_file_model_combination:187 - Processing 250824_opus-4-1_censored_light/prompt09.txt: Late 1700s Swedish palace interior, wide shot of o...
2025-08-28 18:21:34 | DEBUG    | src.api.client:_call_with_retry:114 - API call attempt 1/3
2025-08-28 18:21:43 | DEBUG    | src.api.client:_call_with_retry:127 - API call successful
2025-08-28 18:21:45 | INFO     | src.output.writer:save_image:119 - Saved valid image: USER-FILES/05.OUTPUT/250828_181955/nano-banano/250824_opus-4-1_censored_light/prompt09_182143_nano-banano_unknownxunknown.jpeg
2025-08-28 18:21:45 | DEBUG    | src.output.writer:save_image:135 - Saved API payload: USER-FILES/05.OUTPUT/250828_181955/nano-banano/250824_opus-4-1_censored_light/prompt09_182143_nano-banano_unknownxunknown.json
2025-08-28 18:21:45 | INFO     | src.processing.processor:_process_file_model_combination:234 - Saved image: prompt09_182143_nano-banano_unknownxunknown.jpeg
2025-08-28 18:21:45 | INFO     | src.processing.discovery:load_prompts:63 - Loaded prompt from prompt10.txt
2025-08-28 18:21:45 | INFO     | src.processing.processor:process_all:105 - Processing combination 10/192: 250824_opus-4-1_censored_light/prompt10.txt + nano-banano
2025-08-28 18:21:45 | DEBUG    | src.processing.processor:_process_file_model_combination:187 - Processing 250824_opus-4-1_censored_light/prompt10.txt: Late 1700s Swedish palace interior, close-up of tw...
2025-08-28 18:21:45 | DEBUG    | src.api.client:_call_with_retry:114 - API call attempt 1/3
2025-08-28 18:21:55 | DEBUG    | src.api.client:_call_with_retry:127 - API call successful
