2025-09-04 14:03:18 | INFO     | src.utils.logging:setup_logging:39 - Logging configured (verbose=False, debug=False)
2025-09-04 14:03:18 | INFO     | __main__:main:75 - Loading configuration...
2025-09-04 14:03:18 | INFO     | src.config.loader:load_config:42 - Loaded configuration from USER-FILES/01.CONFIG/config.yaml
2025-09-04 14:03:18 | INFO     | __main__:main:80 - Authenticating...
2025-09-04 14:03:18 | DEBUG    | src.auth.env:get_fal_api_key_from_env:19 - Loaded environment from /Users/ruben/08_-_DEVELOPMENT/ISOF_IMAGE_WORKFLOW/00.fal-text->image-tool/.env
2025-09-04 14:03:18 | INFO     | src.auth.env:get_fal_api_key_from_env:25 - Successfully retrieved FAL API key from environment
2025-09-04 14:03:18 | INFO     | __main__:main:84 - Discovering inputs...
2025-09-04 14:03:18 | DEBUG    | src.processing.discovery:discover_prompt_files:40 - Found prompt file: 5/5.2.0/5.2.1/5.2.1.txt
2025-09-04 14:03:18 | DEBUG    | src.processing.discovery:discover_prompt_files:40 - Found prompt file: 5/5.8.0/5.8.1/5.8.1.txt
2025-09-04 14:03:18 | DEBUG    | src.processing.discovery:discover_prompt_files:40 - Found prompt file: 5/5.6.0/5.6.1/5.6.1.txt
2025-09-04 14:03:18 | DEBUG    | src.processing.discovery:discover_prompt_files:40 - Found prompt file: 5/5.1.0/5.1.1/5.1.1.txt
2025-09-04 14:03:18 | DEBUG    | src.processing.discovery:discover_prompt_files:40 - Found prompt file: 5/5.5.0/5.5.1/5.5.1.txt
2025-09-04 14:03:18 | DEBUG    | src.processing.discovery:discover_prompt_files:40 - Found prompt file: 5/5.10.0/5.10.1/5.10.1.txt
2025-09-04 14:03:18 | DEBUG    | src.processing.discovery:discover_prompt_files:40 - Found prompt file: 5/5.4.0/5.4.1/5.4.1.txt
2025-09-04 14:03:18 | DEBUG    | src.processing.discovery:discover_prompt_files:40 - Found prompt file: 5/5.9.0/5.9.1/5.9.1.txt
2025-09-04 14:03:18 | DEBUG    | src.processing.discovery:discover_prompt_files:40 - Found prompt file: 5/5.3.0/5.3.1/5.3.1.txt
2025-09-04 14:03:18 | DEBUG    | src.processing.discovery:discover_prompt_files:40 - Found prompt file: 5/5.7.0/5.7.1/5.7.1.txt
2025-09-04 14:03:18 | DEBUG    | src.processing.discovery:discover_prompt_files:40 - Found prompt file: 2/2.8.0/2.8.1/2.8.1.txt
2025-09-04 14:03:18 | DEBUG    | src.processing.discovery:discover_prompt_files:40 - Found prompt file: 2/2.2.0/2.2.1/2.2.1.txt
2025-09-04 14:03:18 | DEBUG    | src.processing.discovery:discover_prompt_files:40 - Found prompt file: 2/2.6.0/2.6.1/2.6.1.txt
2025-09-04 14:03:18 | DEBUG    | src.processing.discovery:discover_prompt_files:40 - Found prompt file: 2/2.11.0/2.11.1/2.11.1.txt
2025-09-04 14:03:18 | DEBUG    | src.processing.discovery:discover_prompt_files:40 - Found prompt file: 2/2.1.0/2.1.1/2.1.1.txt
2025-09-04 14:03:18 | DEBUG    | src.processing.discovery:discover_prompt_files:40 - Found prompt file: 2/2.5.0/2.5.1/2.5.1.txt
2025-09-04 14:03:18 | DEBUG    | src.processing.discovery:discover_prompt_files:40 - Found prompt file: 2/2.4.0/2.4.1/2.4.1.txt
2025-09-04 14:03:18 | DEBUG    | src.processing.discovery:discover_prompt_files:40 - Found prompt file: 2/2.3.0/2.3.1/2.3.1.txt
2025-09-04 14:03:18 | DEBUG    | src.processing.discovery:discover_prompt_files:40 - Found prompt file: 2/2.9.0/2.9.1/2.9.1.txt
2025-09-04 14:03:18 | DEBUG    | src.processing.discovery:discover_prompt_files:40 - Found prompt file: 2/2.10.0/2.10.1/2.10.1.txt
2025-09-04 14:03:18 | DEBUG    | src.processing.discovery:discover_prompt_files:40 - Found prompt file: 2/2.7.0/2.7.1/2.7.1.txt
2025-09-04 14:03:18 | DEBUG    | src.processing.discovery:discover_prompt_files:40 - Found prompt file: 3/3.2.0/3.2.1/3.2.1.txt
2025-09-04 14:03:18 | DEBUG    | src.processing.discovery:discover_prompt_files:40 - Found prompt file: 3/3.8.0/3.8.1/3.8.1.txt
2025-09-04 14:03:18 | DEBUG    | src.processing.discovery:discover_prompt_files:40 - Found prompt file: 3/3.6.0/3.6.1/3.6.1.txt
2025-09-04 14:03:18 | DEBUG    | src.processing.discovery:discover_prompt_files:40 - Found prompt file: 3/3.11.0/3.11.1/3.11.1.txt
2025-09-04 14:03:18 | DEBUG    | src.processing.discovery:discover_prompt_files:40 - Found prompt file: 3/3.15.0/3.15.1/3.15.1.txt
2025-09-04 14:03:18 | DEBUG    | src.processing.discovery:discover_prompt_files:40 - Found prompt file: 3/3.1.0/3.1.1/3.1.1.txt
2025-09-04 14:03:18 | DEBUG    | src.processing.discovery:discover_prompt_files:40 - Found prompt file: 3/3.5.0/3.5.1/3.5.1.txt
2025-09-04 14:03:18 | DEBUG    | src.processing.discovery:discover_prompt_files:40 - Found prompt file: 3/3.12.0/3.12.1/3.12.1.txt
2025-09-04 14:03:18 | DEBUG    | src.processing.discovery:discover_prompt_files:40 - Found prompt file: 3/3.4.0/3.4.1/3.4.1.txt
2025-09-04 14:03:18 | DEBUG    | src.processing.discovery:discover_prompt_files:40 - Found prompt file: 3/3.13.0/3.13.1/3.13.1.txt
2025-09-04 14:03:18 | DEBUG    | src.processing.discovery:discover_prompt_files:40 - Found prompt file: 3/3.9.0/3.9.1/3.9.1.txt
2025-09-04 14:03:18 | DEBUG    | src.processing.discovery:discover_prompt_files:40 - Found prompt file: 3/3.3.0/3.3.1/3.3.1.txt
2025-09-04 14:03:18 | DEBUG    | src.processing.discovery:discover_prompt_files:40 - Found prompt file: 3/3.7.0/3.7.1/3.7.1.txt
2025-09-04 14:03:18 | DEBUG    | src.processing.discovery:discover_prompt_files:40 - Found prompt file: 3/3.10.0/3.10.1/3.10.1.txt
2025-09-04 14:03:18 | DEBUG    | src.processing.discovery:discover_prompt_files:40 - Found prompt file: 3/3.14.0/3.14.1/3.14.1.txt
2025-09-04 14:03:18 | DEBUG    | src.processing.discovery:discover_prompt_files:40 - Found prompt file: 4/4.8.0/4.8.1/4.8.1.txt
2025-09-04 14:03:18 | DEBUG    | src.processing.discovery:discover_prompt_files:40 - Found prompt file: 4/4.2.0/4.2.1/4.2.1.txt
2025-09-04 14:03:18 | DEBUG    | src.processing.discovery:discover_prompt_files:40 - Found prompt file: 4/4.6.0/4.6.1/4.6.1.txt
2025-09-04 14:03:18 | DEBUG    | src.processing.discovery:discover_prompt_files:40 - Found prompt file: 4/4.1.0/4.1.1/4.1.1.txt
2025-09-04 14:03:18 | DEBUG    | src.processing.discovery:discover_prompt_files:40 - Found prompt file: 4/4.5.0/4.5.1/4.5.1.txt
2025-09-04 14:03:18 | DEBUG    | src.processing.discovery:discover_prompt_files:40 - Found prompt file: 4/4.4.0/4.4.1/4.4.1.txt
2025-09-04 14:03:18 | DEBUG    | src.processing.discovery:discover_prompt_files:40 - Found prompt file: 4/4.3.0/4.3.1/4.3.1.txt
2025-09-04 14:03:18 | DEBUG    | src.processing.discovery:discover_prompt_files:40 - Found prompt file: 4/4.9.0/4.9.1/4.9.1.txt
2025-09-04 14:03:18 | DEBUG    | src.processing.discovery:discover_prompt_files:40 - Found prompt file: 4/4.7.0/4.7.1/4.7.1.txt
2025-09-04 14:03:18 | DEBUG    | src.processing.discovery:discover_prompt_files:40 - Found prompt file: 8/8.7.0/8.7.1/8.7.1.txt
2025-09-04 14:03:18 | DEBUG    | src.processing.discovery:discover_prompt_files:40 - Found prompt file: 8/8.3.0/8.3.1/8.3.1.txt
2025-09-04 14:03:18 | DEBUG    | src.processing.discovery:discover_prompt_files:40 - Found prompt file: 8/8.9.0/8.9.1/8.9.1.txt
2025-09-04 14:03:18 | DEBUG    | src.processing.discovery:discover_prompt_files:40 - Found prompt file: 8/8.4.0/8.4.1/8.4.1.txt
2025-09-04 14:03:18 | DEBUG    | src.processing.discovery:discover_prompt_files:40 - Found prompt file: 8/8.5.0/8.5.1/8.5.1.txt
2025-09-04 14:03:18 | DEBUG    | src.processing.discovery:discover_prompt_files:40 - Found prompt file: 8/8.1.0/8.1.1/8.1.1.txt
2025-09-04 14:03:18 | DEBUG    | src.processing.discovery:discover_prompt_files:40 - Found prompt file: 8/8.6.0/8.6.1/8.6.1.txt
2025-09-04 14:03:18 | DEBUG    | src.processing.discovery:discover_prompt_files:40 - Found prompt file: 8/8.8.0/8.8.1/8.8.1.txt
2025-09-04 14:03:18 | DEBUG    | src.processing.discovery:discover_prompt_files:40 - Found prompt file: 8/8.2.0/8.2.1/8.2.1.txt
2025-09-04 14:03:18 | DEBUG    | src.processing.discovery:discover_prompt_files:40 - Found prompt file: 1/1.6.0/1.6.1/1.6.1.txt
2025-09-04 14:03:18 | DEBUG    | src.processing.discovery:discover_prompt_files:40 - Found prompt file: 1/1.8.0/1.8.1/1.8.1.txt
2025-09-04 14:03:18 | DEBUG    | src.processing.discovery:discover_prompt_files:40 - Found prompt file: 1/1.2.0/1.2.1/1.2.1.txt
2025-09-04 14:03:18 | DEBUG    | src.processing.discovery:discover_prompt_files:40 - Found prompt file: 1/1.10.0/1.10.1/1.10.1.txt
2025-09-04 14:03:18 | DEBUG    | src.processing.discovery:discover_prompt_files:40 - Found prompt file: 1/1.5.0/1.5.1/1.5.1.txt
2025-09-04 14:03:18 | DEBUG    | src.processing.discovery:discover_prompt_files:40 - Found prompt file: 1/1.1.0/1.1.1/1.1.1.txt
2025-09-04 14:03:18 | DEBUG    | src.processing.discovery:discover_prompt_files:40 - Found prompt file: 1/1.4.0/1.4.1/1.4.1.txt
2025-09-04 14:03:18 | DEBUG    | src.processing.discovery:discover_prompt_files:40 - Found prompt file: 1/1.7.0/1.7.1/1.7.1.txt
2025-09-04 14:03:18 | DEBUG    | src.processing.discovery:discover_prompt_files:40 - Found prompt file: 1/1.3.0/1.3.1/1.3.1.txt
2025-09-04 14:03:18 | DEBUG    | src.processing.discovery:discover_prompt_files:40 - Found prompt file: 1/1.9.0/1.9.1/1.9.1.txt
2025-09-04 14:03:18 | DEBUG    | src.processing.discovery:discover_prompt_files:40 - Found prompt file: 1/1.11.0/1.11.1/1.11.1.txt
2025-09-04 14:03:18 | DEBUG    | src.processing.discovery:discover_prompt_files:40 - Found prompt file: 6/6.6.0/6.6.1/6.6.1.txt
2025-09-04 14:03:18 | DEBUG    | src.processing.discovery:discover_prompt_files:40 - Found prompt file: 6/6.2.0/6.2.1/6.2.1.txt
2025-09-04 14:03:18 | DEBUG    | src.processing.discovery:discover_prompt_files:40 - Found prompt file: 6/6.8.0/6.8.1/6.8.1.txt
2025-09-04 14:03:18 | DEBUG    | src.processing.discovery:discover_prompt_files:40 - Found prompt file: 6/6.5.0/6.5.1/6.5.1.txt
2025-09-04 14:03:18 | DEBUG    | src.processing.discovery:discover_prompt_files:40 - Found prompt file: 6/6.1.0/6.1.1/6.1.1.txt
2025-09-04 14:03:18 | DEBUG    | src.processing.discovery:discover_prompt_files:40 - Found prompt file: 6/6.4.0/6.4.1/6.4.1.txt
2025-09-04 14:03:18 | DEBUG    | src.processing.discovery:discover_prompt_files:40 - Found prompt file: 6/6.7.0/6.7.1/6.7.1.txt
2025-09-04 14:03:18 | DEBUG    | src.processing.discovery:discover_prompt_files:40 - Found prompt file: 6/6.9.0/6.9.1/6.9.1.txt
2025-09-04 14:03:18 | DEBUG    | src.processing.discovery:discover_prompt_files:40 - Found prompt file: 6/6.3.0/6.3.1/6.3.1.txt
2025-09-04 14:03:18 | DEBUG    | src.processing.discovery:discover_prompt_files:40 - Found prompt file: 7/7.6.0/7.6.1/7.6.1.txt
2025-09-04 14:03:18 | DEBUG    | src.processing.discovery:discover_prompt_files:40 - Found prompt file: 7/7.17.0/7.17.1/7.17.1.txt
2025-09-04 14:03:18 | DEBUG    | src.processing.discovery:discover_prompt_files:40 - Found prompt file: 7/7.8.0/7.8.1/7.8.1.txt
2025-09-04 14:03:18 | DEBUG    | src.processing.discovery:discover_prompt_files:40 - Found prompt file: 7/7.13.0/7.13.1/7.13.1.txt
2025-09-04 14:03:18 | DEBUG    | src.processing.discovery:discover_prompt_files:40 - Found prompt file: 7/7.2.0/7.2.1/7.2.1.txt
2025-09-04 14:03:18 | DEBUG    | src.processing.discovery:discover_prompt_files:40 - Found prompt file: 7/7.19.0/7.19.1/7.19.1.txt
2025-09-04 14:03:18 | DEBUG    | src.processing.discovery:discover_prompt_files:40 - Found prompt file: 7/7.5.0/7.5.1/7.5.1.txt
2025-09-04 14:03:18 | DEBUG    | src.processing.discovery:discover_prompt_files:40 - Found prompt file: 7/7.14.0/7.14.1/7.14.1.txt
2025-09-04 14:03:18 | DEBUG    | src.processing.discovery:discover_prompt_files:40 - Found prompt file: 7/7.10.0/7.10.1/7.10.1.txt
2025-09-04 14:03:18 | DEBUG    | src.processing.discovery:discover_prompt_files:40 - Found prompt file: 7/7.1.0/7.1.1/7.1.1.txt
2025-09-04 14:03:18 | DEBUG    | src.processing.discovery:discover_prompt_files:40 - Found prompt file: 7/7.15.0/7.15.1/7.15.1.txt
2025-09-04 14:03:18 | DEBUG    | src.processing.discovery:discover_prompt_files:40 - Found prompt file: 7/7.4.0/7.4.1/7.4.1.txt
2025-09-04 14:03:18 | DEBUG    | src.processing.discovery:discover_prompt_files:40 - Found prompt file: 7/7.11.0/7.11.1/7.11.1.txt
2025-09-04 14:03:18 | DEBUG    | src.processing.discovery:discover_prompt_files:40 - Found prompt file: 7/7.16.0/7.16.1/7.16.1.txt
2025-09-04 14:03:18 | DEBUG    | src.processing.discovery:discover_prompt_files:40 - Found prompt file: 7/7.7.0/7.7.1/7.7.1.txt
2025-09-04 14:03:18 | DEBUG    | src.processing.discovery:discover_prompt_files:40 - Found prompt file: 7/7.18.0/7.18.1/7.18.1.txt
2025-09-04 14:03:18 | DEBUG    | src.processing.discovery:discover_prompt_files:40 - Found prompt file: 7/7.3.0/7.3.1/7.3.1.txt
2025-09-04 14:03:18 | DEBUG    | src.processing.discovery:discover_prompt_files:40 - Found prompt file: 7/7.12.0/7.12.1/7.12.1.txt
2025-09-04 14:03:18 | DEBUG    | src.processing.discovery:discover_prompt_files:40 - Found prompt file: 7/7.9.0/7.9.1/7.9.1.txt
2025-09-04 14:03:18 | DEBUG    | src.processing.discovery:discover_prompt_files:40 - Found prompt file: 9/9.7.0/9.7.1/9.7.1.txt
2025-09-04 14:03:18 | DEBUG    | src.processing.discovery:discover_prompt_files:40 - Found prompt file: 9/9.9.0/9.9.1/9.9.1.txt
2025-09-04 14:03:18 | DEBUG    | src.processing.discovery:discover_prompt_files:40 - Found prompt file: 9/9.3.0/9.3.1/9.3.1.txt
2025-09-04 14:03:18 | DEBUG    | src.processing.discovery:discover_prompt_files:40 - Found prompt file: 9/9.4.0/9.4.1/9.4.1.txt
2025-09-04 14:03:18 | DEBUG    | src.processing.discovery:discover_prompt_files:40 - Found prompt file: 9/9.11.0/9.11.1/9.11.1.txt
2025-09-04 14:03:18 | DEBUG    | src.processing.discovery:discover_prompt_files:40 - Found prompt file: 9/9.5.0/9.5.1/9.5.1.txt
2025-09-04 14:03:18 | DEBUG    | src.processing.discovery:discover_prompt_files:40 - Found prompt file: 9/9.1.0/9.1.1/9.1.1.txt
2025-09-04 14:03:18 | DEBUG    | src.processing.discovery:discover_prompt_files:40 - Found prompt file: 9/9.10.0/9.10.1/9.10.1.txt
2025-09-04 14:03:18 | DEBUG    | src.processing.discovery:discover_prompt_files:40 - Found prompt file: 9/9.6.0/9.6.1/9.6.1.txt
2025-09-04 14:03:18 | DEBUG    | src.processing.discovery:discover_prompt_files:40 - Found prompt file: 9/9.2.0/9.2.1/9.2.1.txt
2025-09-04 14:03:18 | DEBUG    | src.processing.discovery:discover_prompt_files:40 - Found prompt file: 9/9.8.0/9.8.1/9.8.1.txt
2025-09-04 14:03:18 | INFO     | src.processing.discovery:discover_prompt_files:45 - Discovered 104 prompt files
2025-09-04 14:03:18 | DEBUG    | src.processing.discovery:discover_profiles:93 - Loaded profile: USER-FILES/03.PROFILES/Playground.yaml
2025-09-04 14:03:18 | INFO     | src.processing.discovery:discover_profiles:97 - Loaded 1 profiles
2025-09-04 14:03:18 | INFO     | src.processing.discovery:get_active_models:131 - Found profile: Playground
2025-09-04 14:03:18 | INFO     | src.processing.discovery:get_active_models:136 - Total profiles to process: 1
2025-09-04 14:03:18 | INFO     | src.config.validator:validate_all:26 - All configuration validation passed
2025-09-04 14:03:18 | INFO     | __main__:main:104 - Output directory: USER-FILES/05.OUTPUT/250904_140318
2025-09-04 14:03:18 | INFO     | src.processing.discovery:load_prompts:63 - Loaded prompt from 1.1.1.txt
2025-09-04 14:03:18 | INFO     | src.processing.discovery:load_prompts:63 - Loaded prompt from 1.2.1.txt
2025-09-04 14:03:18 | INFO     | src.processing.discovery:load_prompts:63 - Loaded prompt from 1.3.1.txt
2025-09-04 14:03:18 | INFO     | src.processing.discovery:load_prompts:63 - Loaded prompt from 1.4.1.txt
2025-09-04 14:03:18 | INFO     | src.processing.discovery:load_prompts:63 - Loaded prompt from 1.5.1.txt
2025-09-04 14:03:18 | INFO     | src.processing.discovery:load_prompts:63 - Loaded prompt from 1.6.1.txt
2025-09-04 14:03:18 | INFO     | src.processing.discovery:load_prompts:63 - Loaded prompt from 1.7.1.txt
2025-09-04 14:03:18 | INFO     | src.processing.discovery:load_prompts:63 - Loaded prompt from 1.8.1.txt
2025-09-04 14:03:18 | INFO     | src.processing.discovery:load_prompts:63 - Loaded prompt from 1.9.1.txt
2025-09-04 14:03:18 | INFO     | src.processing.discovery:load_prompts:63 - Loaded prompt from 1.10.1.txt
2025-09-04 14:03:18 | INFO     | src.processing.discovery:load_prompts:63 - Loaded prompt from 1.11.1.txt
2025-09-04 14:03:18 | INFO     | src.processing.discovery:load_prompts:63 - Loaded prompt from 2.1.1.txt
2025-09-04 14:03:18 | INFO     | src.processing.discovery:load_prompts:63 - Loaded prompt from 2.2.1.txt
2025-09-04 14:03:18 | INFO     | src.processing.discovery:load_prompts:63 - Loaded prompt from 2.3.1.txt
2025-09-04 14:03:18 | INFO     | src.processing.discovery:load_prompts:63 - Loaded prompt from 2.4.1.txt
2025-09-04 14:03:18 | INFO     | src.processing.discovery:load_prompts:63 - Loaded prompt from 2.5.1.txt
2025-09-04 14:03:18 | INFO     | src.processing.discovery:load_prompts:63 - Loaded prompt from 2.6.1.txt
2025-09-04 14:03:18 | INFO     | src.processing.discovery:load_prompts:63 - Loaded prompt from 2.7.1.txt
2025-09-04 14:03:18 | INFO     | src.processing.discovery:load_prompts:63 - Loaded prompt from 2.8.1.txt
2025-09-04 14:03:18 | INFO     | src.processing.discovery:load_prompts:63 - Loaded prompt from 2.9.1.txt
2025-09-04 14:03:18 | INFO     | src.processing.discovery:load_prompts:63 - Loaded prompt from 2.10.1.txt
2025-09-04 14:03:18 | INFO     | src.processing.discovery:load_prompts:63 - Loaded prompt from 2.11.1.txt
2025-09-04 14:03:18 | INFO     | src.processing.discovery:load_prompts:63 - Loaded prompt from 3.1.1.txt
2025-09-04 14:03:18 | INFO     | src.processing.discovery:load_prompts:63 - Loaded prompt from 3.2.1.txt
2025-09-04 14:03:18 | INFO     | src.processing.discovery:load_prompts:63 - Loaded prompt from 3.3.1.txt
2025-09-04 14:03:18 | INFO     | src.processing.discovery:load_prompts:63 - Loaded prompt from 3.4.1.txt
2025-09-04 14:03:18 | INFO     | src.processing.discovery:load_prompts:63 - Loaded prompt from 3.5.1.txt
2025-09-04 14:03:18 | INFO     | src.processing.discovery:load_prompts:63 - Loaded prompt from 3.6.1.txt
2025-09-04 14:03:18 | INFO     | src.processing.discovery:load_prompts:63 - Loaded prompt from 3.7.1.txt
2025-09-04 14:03:18 | INFO     | src.processing.discovery:load_prompts:63 - Loaded prompt from 3.8.1.txt
2025-09-04 14:03:18 | INFO     | src.processing.discovery:load_prompts:63 - Loaded prompt from 3.9.1.txt
2025-09-04 14:03:18 | INFO     | src.processing.discovery:load_prompts:63 - Loaded prompt from 3.10.1.txt
2025-09-04 14:03:18 | INFO     | src.processing.discovery:load_prompts:63 - Loaded prompt from 3.11.1.txt
2025-09-04 14:03:18 | INFO     | src.processing.discovery:load_prompts:63 - Loaded prompt from 3.12.1.txt
2025-09-04 14:03:18 | INFO     | src.processing.discovery:load_prompts:63 - Loaded prompt from 3.13.1.txt
2025-09-04 14:03:18 | INFO     | src.processing.discovery:load_prompts:63 - Loaded prompt from 3.14.1.txt
2025-09-04 14:03:18 | INFO     | src.processing.discovery:load_prompts:63 - Loaded prompt from 3.15.1.txt
2025-09-04 14:03:18 | INFO     | src.processing.discovery:load_prompts:63 - Loaded prompt from 4.1.1.txt
2025-09-04 14:03:18 | INFO     | src.processing.discovery:load_prompts:63 - Loaded prompt from 4.2.1.txt
2025-09-04 14:03:18 | INFO     | src.processing.discovery:load_prompts:63 - Loaded prompt from 4.3.1.txt
2025-09-04 14:03:18 | INFO     | src.processing.discovery:load_prompts:63 - Loaded prompt from 4.4.1.txt
2025-09-04 14:03:18 | INFO     | src.processing.discovery:load_prompts:63 - Loaded prompt from 4.5.1.txt
2025-09-04 14:03:18 | INFO     | src.processing.discovery:load_prompts:63 - Loaded prompt from 4.6.1.txt
2025-09-04 14:03:18 | INFO     | src.processing.discovery:load_prompts:63 - Loaded prompt from 4.7.1.txt
2025-09-04 14:03:18 | INFO     | src.processing.discovery:load_prompts:63 - Loaded prompt from 4.8.1.txt
2025-09-04 14:03:18 | INFO     | src.processing.discovery:load_prompts:63 - Loaded prompt from 4.9.1.txt
2025-09-04 14:03:18 | INFO     | src.processing.discovery:load_prompts:63 - Loaded prompt from 5.1.1.txt
2025-09-04 14:03:18 | INFO     | src.processing.discovery:load_prompts:63 - Loaded prompt from 5.2.1.txt
2025-09-04 14:03:18 | INFO     | src.processing.discovery:load_prompts:63 - Loaded prompt from 5.3.1.txt
2025-09-04 14:03:18 | INFO     | src.processing.discovery:load_prompts:63 - Loaded prompt from 5.4.1.txt
2025-09-04 14:03:18 | INFO     | src.processing.discovery:load_prompts:63 - Loaded prompt from 5.5.1.txt
2025-09-04 14:03:18 | INFO     | src.processing.discovery:load_prompts:63 - Loaded prompt from 5.6.1.txt
2025-09-04 14:03:18 | INFO     | src.processing.discovery:load_prompts:63 - Loaded prompt from 5.7.1.txt
2025-09-04 14:03:18 | INFO     | src.processing.discovery:load_prompts:63 - Loaded prompt from 5.8.1.txt
2025-09-04 14:03:18 | INFO     | src.processing.discovery:load_prompts:63 - Loaded prompt from 5.9.1.txt
2025-09-04 14:03:18 | INFO     | src.processing.discovery:load_prompts:63 - Loaded prompt from 5.10.1.txt
2025-09-04 14:03:18 | INFO     | src.processing.discovery:load_prompts:63 - Loaded prompt from 6.1.1.txt
2025-09-04 14:03:18 | INFO     | src.processing.discovery:load_prompts:63 - Loaded prompt from 6.2.1.txt
2025-09-04 14:03:18 | INFO     | src.processing.discovery:load_prompts:63 - Loaded prompt from 6.3.1.txt
2025-09-04 14:03:18 | INFO     | src.processing.discovery:load_prompts:63 - Loaded prompt from 6.4.1.txt
2025-09-04 14:03:18 | INFO     | src.processing.discovery:load_prompts:63 - Loaded prompt from 6.5.1.txt
2025-09-04 14:03:18 | INFO     | src.processing.discovery:load_prompts:63 - Loaded prompt from 6.6.1.txt
2025-09-04 14:03:18 | INFO     | src.processing.discovery:load_prompts:63 - Loaded prompt from 6.7.1.txt
2025-09-04 14:03:18 | INFO     | src.processing.discovery:load_prompts:63 - Loaded prompt from 6.8.1.txt
2025-09-04 14:03:18 | INFO     | src.processing.discovery:load_prompts:63 - Loaded prompt from 6.9.1.txt
2025-09-04 14:03:18 | INFO     | src.processing.discovery:load_prompts:63 - Loaded prompt from 7.1.1.txt
2025-09-04 14:03:18 | INFO     | src.processing.discovery:load_prompts:63 - Loaded prompt from 7.2.1.txt
2025-09-04 14:03:18 | INFO     | src.processing.discovery:load_prompts:63 - Loaded prompt from 7.3.1.txt
2025-09-04 14:03:18 | INFO     | src.processing.discovery:load_prompts:63 - Loaded prompt from 7.4.1.txt
2025-09-04 14:03:18 | INFO     | src.processing.discovery:load_prompts:63 - Loaded prompt from 7.5.1.txt
2025-09-04 14:03:18 | INFO     | src.processing.discovery:load_prompts:63 - Loaded prompt from 7.6.1.txt
2025-09-04 14:03:18 | INFO     | src.processing.discovery:load_prompts:63 - Loaded prompt from 7.7.1.txt
2025-09-04 14:03:18 | INFO     | src.processing.discovery:load_prompts:63 - Loaded prompt from 7.8.1.txt
2025-09-04 14:03:18 | INFO     | src.processing.discovery:load_prompts:63 - Loaded prompt from 7.9.1.txt
2025-09-04 14:03:18 | INFO     | src.processing.discovery:load_prompts:63 - Loaded prompt from 7.10.1.txt
2025-09-04 14:03:18 | INFO     | src.processing.discovery:load_prompts:63 - Loaded prompt from 7.11.1.txt
2025-09-04 14:03:18 | INFO     | src.processing.discovery:load_prompts:63 - Loaded prompt from 7.12.1.txt
2025-09-04 14:03:18 | INFO     | src.processing.discovery:load_prompts:63 - Loaded prompt from 7.13.1.txt
2025-09-04 14:03:18 | INFO     | src.processing.discovery:load_prompts:63 - Loaded prompt from 7.14.1.txt
2025-09-04 14:03:18 | INFO     | src.processing.discovery:load_prompts:63 - Loaded prompt from 7.15.1.txt
2025-09-04 14:03:18 | INFO     | src.processing.discovery:load_prompts:63 - Loaded prompt from 7.16.1.txt
2025-09-04 14:03:18 | INFO     | src.processing.discovery:load_prompts:63 - Loaded prompt from 7.17.1.txt
2025-09-04 14:03:18 | INFO     | src.processing.discovery:load_prompts:63 - Loaded prompt from 7.18.1.txt
2025-09-04 14:03:18 | INFO     | src.processing.discovery:load_prompts:63 - Loaded prompt from 7.19.1.txt
2025-09-04 14:03:18 | INFO     | src.processing.discovery:load_prompts:63 - Loaded prompt from 8.1.1.txt
2025-09-04 14:03:18 | INFO     | src.processing.discovery:load_prompts:63 - Loaded prompt from 8.2.1.txt
2025-09-04 14:03:18 | INFO     | src.processing.discovery:load_prompts:63 - Loaded prompt from 8.3.1.txt
2025-09-04 14:03:18 | INFO     | src.processing.discovery:load_prompts:63 - Loaded prompt from 8.4.1.txt
2025-09-04 14:03:18 | INFO     | src.processing.discovery:load_prompts:63 - Loaded prompt from 8.5.1.txt
2025-09-04 14:03:18 | INFO     | src.processing.discovery:load_prompts:63 - Loaded prompt from 8.6.1.txt
2025-09-04 14:03:18 | INFO     | src.processing.discovery:load_prompts:63 - Loaded prompt from 8.7.1.txt
2025-09-04 14:03:18 | INFO     | src.processing.discovery:load_prompts:63 - Loaded prompt from 8.8.1.txt
2025-09-04 14:03:18 | INFO     | src.processing.discovery:load_prompts:63 - Loaded prompt from 8.9.1.txt
2025-09-04 14:03:18 | INFO     | src.processing.discovery:load_prompts:63 - Loaded prompt from 9.1.1.txt
2025-09-04 14:03:18 | INFO     | src.processing.discovery:load_prompts:63 - Loaded prompt from 9.2.1.txt
2025-09-04 14:03:18 | INFO     | src.processing.discovery:load_prompts:63 - Loaded prompt from 9.3.1.txt
2025-09-04 14:03:18 | INFO     | src.processing.discovery:load_prompts:63 - Loaded prompt from 9.4.1.txt
2025-09-04 14:03:18 | INFO     | src.processing.discovery:load_prompts:63 - Loaded prompt from 9.5.1.txt
2025-09-04 14:03:18 | INFO     | src.processing.discovery:load_prompts:63 - Loaded prompt from 9.6.1.txt
2025-09-04 14:03:18 | INFO     | src.processing.discovery:load_prompts:63 - Loaded prompt from 9.7.1.txt
2025-09-04 14:03:18 | INFO     | src.processing.discovery:load_prompts:63 - Loaded prompt from 9.8.1.txt
2025-09-04 14:03:18 | INFO     | src.processing.discovery:load_prompts:63 - Loaded prompt from 9.9.1.txt
2025-09-04 14:03:18 | INFO     | src.processing.discovery:load_prompts:63 - Loaded prompt from 9.10.1.txt
2025-09-04 14:03:18 | INFO     | src.processing.discovery:load_prompts:63 - Loaded prompt from 9.11.1.txt
2025-09-04 14:03:18 | INFO     | src.output.writer:write_report:152 - Wrote report: USER-FILES/05.OUTPUT/250904_140318/COST-ESTIMATION.md
2025-09-04 14:03:18 | INFO     | __main__:main:139 - Cost estimation saved. Total: $19.7600
