2025-08-26 18:20:52 | INFO     | src.utils.logging:setup_logging:39 - Logging configured (verbose=False, debug=False)
2025-08-26 18:20:52 | INFO     | __main__:main:67 - Loading configuration...
2025-08-26 18:20:52 | INFO     | src.config.loader:load_config:42 - Loaded configuration from USER-FILES/01.CONFIG/config.yaml
2025-08-26 18:20:52 | INFO     | __main__:main:72 - Authenticating...
2025-08-26 18:20:52 | DEBUG    | src.auth.env:get_fal_api_key_from_env:19 - Loaded environment from /Users/ruben/08_-_DEVELOPMENT/ISOF_IMAGE_WORKFLOW/00.fal-text->image-tool/.env
2025-08-26 18:20:52 | INFO     | src.auth.env:get_fal_api_key_from_env:25 - Successfully retrieved FAL API key from environment
2025-08-26 18:20:52 | INFO     | __main__:main:76 - Discovering inputs...
2025-08-26 18:20:52 | DEBUG    | src.processing.discovery:discover_prompt_files:40 - Found prompt file: 250824_opus-4-1_Censored/prompt166.txt
2025-08-26 18:20:52 | DEBUG    | src.processing.discovery:discover_prompt_files:40 - Found prompt file: 250824_opus-4-1_Censored/prompt172.txt
2025-08-26 18:20:52 | DEBUG    | src.processing.discovery:discover_prompt_files:40 - Found prompt file: 250824_opus-4-1_Censored/prompt09.txt
2025-08-26 18:20:52 | DEBUG    | src.processing.discovery:discover_prompt_files:40 - Found prompt file: 250824_opus-4-1_Censored/prompt21.txt
2025-08-26 18:20:52 | DEBUG    | src.processing.discovery:discover_prompt_files:40 - Found prompt file: 250824_opus-4-1_Censored/prompt35.txt
2025-08-26 18:20:52 | DEBUG    | src.processing.discovery:discover_prompt_files:40 - Found prompt file: 250824_opus-4-1_Censored/prompt34.txt
2025-08-26 18:20:52 | DEBUG    | src.processing.discovery:discover_prompt_files:40 - Found prompt file: 250824_opus-4-1_Censored/prompt20.txt
2025-08-26 18:20:52 | DEBUG    | src.processing.discovery:discover_prompt_files:40 - Found prompt file: 250824_opus-4-1_Censored/prompt08.txt
2025-08-26 18:20:52 | DEBUG    | src.processing.discovery:discover_prompt_files:40 - Found prompt file: 250824_opus-4-1_Censored/prompt173.txt
2025-08-26 18:20:52 | DEBUG    | src.processing.discovery:discover_prompt_files:40 - Found prompt file: 250824_opus-4-1_Censored/prompt167.txt
2025-08-26 18:20:52 | DEBUG    | src.processing.discovery:discover_prompt_files:40 - Found prompt file: 250824_opus-4-1_Censored/prompt159.txt
2025-08-26 18:20:52 | DEBUG    | src.processing.discovery:discover_prompt_files:40 - Found prompt file: 250824_opus-4-1_Censored/prompt171.txt
2025-08-26 18:20:52 | DEBUG    | src.processing.discovery:discover_prompt_files:40 - Found prompt file: 250824_opus-4-1_Censored/prompt165.txt
2025-08-26 18:20:52 | DEBUG    | src.processing.discovery:discover_prompt_files:40 - Found prompt file: 250824_opus-4-1_Censored/prompt36.txt
2025-08-26 18:20:52 | DEBUG    | src.processing.discovery:discover_prompt_files:40 - Found prompt file: 250824_opus-4-1_Censored/prompt22.txt
2025-08-26 18:20:52 | DEBUG    | src.processing.discovery:discover_prompt_files:40 - Found prompt file: 250824_opus-4-1_Censored/prompt23.txt
2025-08-26 18:20:52 | DEBUG    | src.processing.discovery:discover_prompt_files:40 - Found prompt file: 250824_opus-4-1_Censored/prompt37.txt
2025-08-26 18:20:52 | DEBUG    | src.processing.discovery:discover_prompt_files:40 - Found prompt file: 250824_opus-4-1_Censored/prompt164.txt
2025-08-26 18:20:52 | DEBUG    | src.processing.discovery:discover_prompt_files:40 - Found prompt file: 250824_opus-4-1_Censored/prompt170.txt
2025-08-26 18:20:52 | DEBUG    | src.processing.discovery:discover_prompt_files:40 - Found prompt file: 250824_opus-4-1_Censored/prompt158.txt
2025-08-26 18:20:52 | DEBUG    | src.processing.discovery:discover_prompt_files:40 - Found prompt file: 250824_opus-4-1_Censored/prompt174.txt
2025-08-26 18:20:52 | DEBUG    | src.processing.discovery:discover_prompt_files:40 - Found prompt file: 250824_opus-4-1_Censored/prompt160.txt
2025-08-26 18:20:52 | DEBUG    | src.processing.discovery:discover_prompt_files:40 - Found prompt file: 250824_opus-4-1_Censored/prompt148.txt
2025-08-26 18:20:52 | DEBUG    | src.processing.discovery:discover_prompt_files:40 - Found prompt file: 250824_opus-4-1_Censored/prompt33.txt
2025-08-26 18:20:52 | DEBUG    | src.processing.discovery:discover_prompt_files:40 - Found prompt file: 250824_opus-4-1_Censored/prompt27.txt
2025-08-26 18:20:52 | DEBUG    | src.processing.discovery:discover_prompt_files:40 - Found prompt file: 250824_opus-4-1_Censored/prompt26.txt
2025-08-26 18:20:52 | DEBUG    | src.processing.discovery:discover_prompt_files:40 - Found prompt file: 250824_opus-4-1_Censored/prompt32.txt
2025-08-26 18:20:52 | DEBUG    | src.processing.discovery:discover_prompt_files:40 - Found prompt file: 250824_opus-4-1_Censored/prompt149.txt
2025-08-26 18:20:52 | DEBUG    | src.processing.discovery:discover_prompt_files:40 - Found prompt file: 250824_opus-4-1_Censored/prompt161.txt
2025-08-26 18:20:52 | DEBUG    | src.processing.discovery:discover_prompt_files:40 - Found prompt file: 250824_opus-4-1_Censored/prompt175.txt
2025-08-26 18:20:52 | DEBUG    | src.processing.discovery:discover_prompt_files:40 - Found prompt file: 250824_opus-4-1_Censored/prompt163.txt
2025-08-26 18:20:52 | DEBUG    | src.processing.discovery:discover_prompt_files:40 - Found prompt file: 250824_opus-4-1_Censored/prompt177.txt
2025-08-26 18:20:52 | DEBUG    | src.processing.discovery:discover_prompt_files:40 - Found prompt file: 250824_opus-4-1_Censored/prompt188.txt
2025-08-26 18:20:52 | DEBUG    | src.processing.discovery:discover_prompt_files:40 - Found prompt file: 250824_opus-4-1_Censored/prompt24.txt
2025-08-26 18:20:52 | DEBUG    | src.processing.discovery:discover_prompt_files:40 - Found prompt file: 250824_opus-4-1_Censored/prompt30.txt
2025-08-26 18:20:52 | DEBUG    | src.processing.discovery:discover_prompt_files:40 - Found prompt file: 250824_opus-4-1_Censored/prompt18.txt
2025-08-26 18:20:52 | DEBUG    | src.processing.discovery:discover_prompt_files:40 - Found prompt file: 250824_opus-4-1_Censored/prompt19.txt
2025-08-26 18:20:52 | DEBUG    | src.processing.discovery:discover_prompt_files:40 - Found prompt file: 250824_opus-4-1_Censored/prompt31.txt
2025-08-26 18:20:52 | DEBUG    | src.processing.discovery:discover_prompt_files:40 - Found prompt file: 250824_opus-4-1_Censored/prompt25.txt
2025-08-26 18:20:52 | DEBUG    | src.processing.discovery:discover_prompt_files:40 - Found prompt file: 250824_opus-4-1_Censored/prompt189.txt
2025-08-26 18:20:52 | DEBUG    | src.processing.discovery:discover_prompt_files:40 - Found prompt file: 250824_opus-4-1_Censored/prompt176.txt
2025-08-26 18:20:52 | DEBUG    | src.processing.discovery:discover_prompt_files:40 - Found prompt file: 250824_opus-4-1_Censored/prompt162.txt
2025-08-26 18:20:52 | DEBUG    | src.processing.discovery:discover_prompt_files:40 - Found prompt file: 250824_opus-4-1_Censored/prompt139.txt
2025-08-26 18:20:52 | DEBUG    | src.processing.discovery:discover_prompt_files:40 - Found prompt file: 250824_opus-4-1_Censored/prompt105.txt
2025-08-26 18:20:52 | DEBUG    | src.processing.discovery:discover_prompt_files:40 - Found prompt file: 250824_opus-4-1_Censored/prompt111.txt
2025-08-26 18:20:52 | DEBUG    | src.processing.discovery:discover_prompt_files:40 - Found prompt file: 250824_opus-4-1_Censored/prompt42.txt
2025-08-26 18:20:52 | DEBUG    | src.processing.discovery:discover_prompt_files:40 - Found prompt file: 250824_opus-4-1_Censored/prompt56.txt
2025-08-26 18:20:52 | DEBUG    | src.processing.discovery:discover_prompt_files:40 - Found prompt file: 250824_opus-4-1_Censored/prompt81.txt
2025-08-26 18:20:52 | DEBUG    | src.processing.discovery:discover_prompt_files:40 - Found prompt file: 250824_opus-4-1_Censored/prompt95.txt
2025-08-26 18:20:52 | DEBUG    | src.processing.discovery:discover_prompt_files:40 - Found prompt file: 250824_opus-4-1_Censored/prompt94.txt
2025-08-26 18:20:52 | DEBUG    | src.processing.discovery:discover_prompt_files:40 - Found prompt file: 250824_opus-4-1_Censored/prompt80.txt
2025-08-26 18:20:52 | DEBUG    | src.processing.discovery:discover_prompt_files:40 - Found prompt file: 250824_opus-4-1_Censored/prompt57.txt
2025-08-26 18:20:52 | DEBUG    | src.processing.discovery:discover_prompt_files:40 - Found prompt file: 250824_opus-4-1_Censored/prompt43.txt
2025-08-26 18:20:52 | DEBUG    | src.processing.discovery:discover_prompt_files:40 - Found prompt file: 250824_opus-4-1_Censored/prompt110.txt
2025-08-26 18:20:52 | DEBUG    | src.processing.discovery:discover_prompt_files:40 - Found prompt file: 250824_opus-4-1_Censored/prompt104.txt
2025-08-26 18:20:52 | DEBUG    | src.processing.discovery:discover_prompt_files:40 - Found prompt file: 250824_opus-4-1_Censored/prompt138.txt
2025-08-26 18:20:52 | DEBUG    | src.processing.discovery:discover_prompt_files:40 - Found prompt file: 250824_opus-4-1_Censored/prompt112.txt
2025-08-26 18:20:52 | DEBUG    | src.processing.discovery:discover_prompt_files:40 - Found prompt file: 250824_opus-4-1_Censored/prompt106.txt
2025-08-26 18:20:52 | DEBUG    | src.processing.discovery:discover_prompt_files:40 - Found prompt file: 250824_opus-4-1_Censored/prompt69.txt
2025-08-26 18:20:52 | DEBUG    | src.processing.discovery:discover_prompt_files:40 - Found prompt file: 250824_opus-4-1_Censored/prompt55.txt
2025-08-26 18:20:52 | DEBUG    | src.processing.discovery:discover_prompt_files:40 - Found prompt file: 250824_opus-4-1_Censored/prompt41.txt
2025-08-26 18:20:52 | DEBUG    | src.processing.discovery:discover_prompt_files:40 - Found prompt file: 250824_opus-4-1_Censored/prompt96.txt
2025-08-26 18:20:52 | DEBUG    | src.processing.discovery:discover_prompt_files:40 - Found prompt file: 250824_opus-4-1_Censored/prompt82.txt
2025-08-26 18:20:52 | DEBUG    | src.processing.discovery:discover_prompt_files:40 - Found prompt file: 250824_opus-4-1_Censored/prompt83.txt
2025-08-26 18:20:52 | DEBUG    | src.processing.discovery:discover_prompt_files:40 - Found prompt file: 250824_opus-4-1_Censored/prompt97.txt
2025-08-26 18:20:52 | DEBUG    | src.processing.discovery:discover_prompt_files:40 - Found prompt file: 250824_opus-4-1_Censored/prompt40.txt
2025-08-26 18:20:52 | DEBUG    | src.processing.discovery:discover_prompt_files:40 - Found prompt file: 250824_opus-4-1_Censored/prompt54.txt
2025-08-26 18:20:52 | DEBUG    | src.processing.discovery:discover_prompt_files:40 - Found prompt file: 250824_opus-4-1_Censored/prompt68.txt
2025-08-26 18:20:52 | DEBUG    | src.processing.discovery:discover_prompt_files:40 - Found prompt file: 250824_opus-4-1_Censored/prompt107.txt
2025-08-26 18:20:52 | DEBUG    | src.processing.discovery:discover_prompt_files:40 - Found prompt file: 250824_opus-4-1_Censored/prompt113.txt
2025-08-26 18:20:52 | DEBUG    | src.processing.discovery:discover_prompt_files:40 - Found prompt file: 250824_opus-4-1_Censored/prompt117.txt
2025-08-26 18:20:52 | DEBUG    | src.processing.discovery:discover_prompt_files:40 - Found prompt file: 250824_opus-4-1_Censored/prompt103.txt
2025-08-26 18:20:52 | DEBUG    | src.processing.discovery:discover_prompt_files:40 - Found prompt file: 250824_opus-4-1_Censored/prompt50.txt
2025-08-26 18:20:52 | DEBUG    | src.processing.discovery:discover_prompt_files:40 - Found prompt file: 250824_opus-4-1_Censored/prompt44.txt
2025-08-26 18:20:52 | DEBUG    | src.processing.discovery:discover_prompt_files:40 - Found prompt file: 250824_opus-4-1_Censored/prompt78.txt
2025-08-26 18:20:52 | DEBUG    | src.processing.discovery:discover_prompt_files:40 - Found prompt file: 250824_opus-4-1_Censored/prompt93.txt
2025-08-26 18:20:52 | DEBUG    | src.processing.discovery:discover_prompt_files:40 - Found prompt file: 250824_opus-4-1_Censored/prompt87.txt
2025-08-26 18:20:52 | DEBUG    | src.processing.discovery:discover_prompt_files:40 - Found prompt file: 250824_opus-4-1_Censored/prompt86.txt
2025-08-26 18:20:52 | DEBUG    | src.processing.discovery:discover_prompt_files:40 - Found prompt file: 250824_opus-4-1_Censored/prompt92.txt
2025-08-26 18:20:52 | DEBUG    | src.processing.discovery:discover_prompt_files:40 - Found prompt file: 250824_opus-4-1_Censored/prompt79.txt
2025-08-26 18:20:52 | DEBUG    | src.processing.discovery:discover_prompt_files:40 - Found prompt file: 250824_opus-4-1_Censored/prompt45.txt
2025-08-26 18:20:52 | DEBUG    | src.processing.discovery:discover_prompt_files:40 - Found prompt file: 250824_opus-4-1_Censored/prompt51.txt
2025-08-26 18:20:52 | DEBUG    | src.processing.discovery:discover_prompt_files:40 - Found prompt file: 250824_opus-4-1_Censored/prompt102.txt
2025-08-26 18:20:52 | DEBUG    | src.processing.discovery:discover_prompt_files:40 - Found prompt file: 250824_opus-4-1_Censored/prompt116.txt
2025-08-26 18:20:52 | DEBUG    | src.processing.discovery:discover_prompt_files:40 - Found prompt file: 250824_opus-4-1_Censored/prompt100.txt
2025-08-26 18:20:52 | DEBUG    | src.processing.discovery:discover_prompt_files:40 - Found prompt file: 250824_opus-4-1_Censored/prompt114.txt
2025-08-26 18:20:52 | DEBUG    | src.processing.discovery:discover_prompt_files:40 - Found prompt file: 250824_opus-4-1_Censored/prompt128.txt
2025-08-26 18:20:52 | DEBUG    | src.processing.discovery:discover_prompt_files:40 - Found prompt file: 250824_opus-4-1_Censored/prompt47.txt
2025-08-26 18:20:52 | DEBUG    | src.processing.discovery:discover_prompt_files:40 - Found prompt file: 250824_opus-4-1_Censored/prompt53.txt
2025-08-26 18:20:52 | DEBUG    | src.processing.discovery:discover_prompt_files:40 - Found prompt file: 250824_opus-4-1_Censored/prompt84.txt
2025-08-26 18:20:52 | DEBUG    | src.processing.discovery:discover_prompt_files:40 - Found prompt file: 250824_opus-4-1_Censored/prompt90.txt
2025-08-26 18:20:52 | DEBUG    | src.processing.discovery:discover_prompt_files:40 - Found prompt file: 250824_opus-4-1_Censored/prompt91.txt
2025-08-26 18:20:52 | DEBUG    | src.processing.discovery:discover_prompt_files:40 - Found prompt file: 250824_opus-4-1_Censored/prompt85.txt
2025-08-26 18:20:52 | DEBUG    | src.processing.discovery:discover_prompt_files:40 - Found prompt file: 250824_opus-4-1_Censored/prompt52.txt
2025-08-26 18:20:52 | DEBUG    | src.processing.discovery:discover_prompt_files:40 - Found prompt file: 250824_opus-4-1_Censored/prompt46.txt
2025-08-26 18:20:52 | DEBUG    | src.processing.discovery:discover_prompt_files:40 - Found prompt file: 250824_opus-4-1_Censored/prompt129.txt
2025-08-26 18:20:52 | DEBUG    | src.processing.discovery:discover_prompt_files:40 - Found prompt file: 250824_opus-4-1_Censored/prompt115.txt
2025-08-26 18:20:52 | DEBUG    | src.processing.discovery:discover_prompt_files:40 - Found prompt file: 250824_opus-4-1_Censored/prompt101.txt
2025-08-26 18:20:52 | DEBUG    | src.processing.discovery:discover_prompt_files:40 - Found prompt file: 250824_opus-4-1_Censored/prompt118.txt
2025-08-26 18:20:52 | DEBUG    | src.processing.discovery:discover_prompt_files:40 - Found prompt file: 250824_opus-4-1_Censored/prompt124.txt
2025-08-26 18:20:52 | DEBUG    | src.processing.discovery:discover_prompt_files:40 - Found prompt file: 250824_opus-4-1_Censored/prompt130.txt
2025-08-26 18:20:52 | DEBUG    | src.processing.discovery:discover_prompt_files:40 - Found prompt file: 250824_opus-4-1_Censored/prompt63.txt
2025-08-26 18:20:52 | DEBUG    | src.processing.discovery:discover_prompt_files:40 - Found prompt file: 250824_opus-4-1_Censored/prompt77.txt
2025-08-26 18:20:52 | DEBUG    | src.processing.discovery:discover_prompt_files:40 - Found prompt file: 250824_opus-4-1_Censored/prompt88.txt
2025-08-26 18:20:52 | DEBUG    | src.processing.discovery:discover_prompt_files:40 - Found prompt file: 250824_opus-4-1_Censored/prompt89.txt
2025-08-26 18:20:52 | DEBUG    | src.processing.discovery:discover_prompt_files:40 - Found prompt file: 250824_opus-4-1_Censored/prompt76.txt
2025-08-26 18:20:52 | DEBUG    | src.processing.discovery:discover_prompt_files:40 - Found prompt file: 250824_opus-4-1_Censored/prompt62.txt
2025-08-26 18:20:52 | DEBUG    | src.processing.discovery:discover_prompt_files:40 - Found prompt file: 250824_opus-4-1_Censored/prompt131.txt
2025-08-26 18:20:52 | DEBUG    | src.processing.discovery:discover_prompt_files:40 - Found prompt file: 250824_opus-4-1_Censored/prompt125.txt
2025-08-26 18:20:52 | DEBUG    | src.processing.discovery:discover_prompt_files:40 - Found prompt file: 250824_opus-4-1_Censored/prompt119.txt
2025-08-26 18:20:52 | DEBUG    | src.processing.discovery:discover_prompt_files:40 - Found prompt file: 250824_opus-4-1_Censored/prompt133.txt
2025-08-26 18:20:52 | DEBUG    | src.processing.discovery:discover_prompt_files:40 - Found prompt file: 250824_opus-4-1_Censored/prompt127.txt
2025-08-26 18:20:52 | DEBUG    | src.processing.discovery:discover_prompt_files:40 - Found prompt file: 250824_opus-4-1_Censored/prompt48.txt
2025-08-26 18:20:52 | DEBUG    | src.processing.discovery:discover_prompt_files:40 - Found prompt file: 250824_opus-4-1_Censored/prompt74.txt
2025-08-26 18:20:52 | DEBUG    | src.processing.discovery:discover_prompt_files:40 - Found prompt file: 250824_opus-4-1_Censored/prompt60.txt
2025-08-26 18:20:52 | DEBUG    | src.processing.discovery:discover_prompt_files:40 - Found prompt file: 250824_opus-4-1_Censored/prompt61.txt
2025-08-26 18:20:52 | DEBUG    | src.processing.discovery:discover_prompt_files:40 - Found prompt file: 250824_opus-4-1_Censored/prompt75.txt
2025-08-26 18:20:52 | DEBUG    | src.processing.discovery:discover_prompt_files:40 - Found prompt file: 250824_opus-4-1_Censored/prompt49.txt
2025-08-26 18:20:52 | DEBUG    | src.processing.discovery:discover_prompt_files:40 - Found prompt file: 250824_opus-4-1_Censored/prompt126.txt
2025-08-26 18:20:52 | DEBUG    | src.processing.discovery:discover_prompt_files:40 - Found prompt file: 250824_opus-4-1_Censored/prompt132.txt
2025-08-26 18:20:52 | DEBUG    | src.processing.discovery:discover_prompt_files:40 - Found prompt file: 250824_opus-4-1_Censored/prompt136.txt
2025-08-26 18:20:52 | DEBUG    | src.processing.discovery:discover_prompt_files:40 - Found prompt file: 250824_opus-4-1_Censored/prompt122.txt
2025-08-26 18:20:52 | DEBUG    | src.processing.discovery:discover_prompt_files:40 - Found prompt file: 250824_opus-4-1_Censored/prompt71.txt
2025-08-26 18:20:52 | DEBUG    | src.processing.discovery:discover_prompt_files:40 - Found prompt file: 250824_opus-4-1_Censored/prompt65.txt
2025-08-26 18:20:52 | DEBUG    | src.processing.discovery:discover_prompt_files:40 - Found prompt file: 250824_opus-4-1_Censored/prompt59.txt
2025-08-26 18:20:52 | DEBUG    | src.processing.discovery:discover_prompt_files:40 - Found prompt file: 250824_opus-4-1_Censored/prompt58.txt
2025-08-26 18:20:52 | DEBUG    | src.processing.discovery:discover_prompt_files:40 - Found prompt file: 250824_opus-4-1_Censored/prompt64.txt
2025-08-26 18:20:52 | DEBUG    | src.processing.discovery:discover_prompt_files:40 - Found prompt file: 250824_opus-4-1_Censored/prompt70.txt
2025-08-26 18:20:52 | DEBUG    | src.processing.discovery:discover_prompt_files:40 - Found prompt file: 250824_opus-4-1_Censored/prompt123.txt
2025-08-26 18:20:52 | DEBUG    | src.processing.discovery:discover_prompt_files:40 - Found prompt file: 250824_opus-4-1_Censored/prompt137.txt
2025-08-26 18:20:52 | DEBUG    | src.processing.discovery:discover_prompt_files:40 - Found prompt file: 250824_opus-4-1_Censored/prompt121.txt
2025-08-26 18:20:52 | DEBUG    | src.processing.discovery:discover_prompt_files:40 - Found prompt file: 250824_opus-4-1_Censored/prompt135.txt
2025-08-26 18:20:52 | DEBUG    | src.processing.discovery:discover_prompt_files:40 - Found prompt file: 250824_opus-4-1_Censored/prompt109.txt
2025-08-26 18:20:52 | DEBUG    | src.processing.discovery:discover_prompt_files:40 - Found prompt file: 250824_opus-4-1_Censored/prompt66.txt
2025-08-26 18:20:52 | DEBUG    | src.processing.discovery:discover_prompt_files:40 - Found prompt file: 250824_opus-4-1_Censored/prompt72.txt
2025-08-26 18:20:52 | DEBUG    | src.processing.discovery:discover_prompt_files:40 - Found prompt file: 250824_opus-4-1_Censored/prompt99.txt
2025-08-26 18:20:52 | DEBUG    | src.processing.discovery:discover_prompt_files:40 - Found prompt file: 250824_opus-4-1_Censored/prompt98.txt
2025-08-26 18:20:52 | DEBUG    | src.processing.discovery:discover_prompt_files:40 - Found prompt file: 250824_opus-4-1_Censored/prompt73.txt
2025-08-26 18:20:52 | DEBUG    | src.processing.discovery:discover_prompt_files:40 - Found prompt file: 250824_opus-4-1_Censored/prompt67.txt
2025-08-26 18:20:52 | DEBUG    | src.processing.discovery:discover_prompt_files:40 - Found prompt file: 250824_opus-4-1_Censored/prompt108.txt
2025-08-26 18:20:52 | DEBUG    | src.processing.discovery:discover_prompt_files:40 - Found prompt file: 250824_opus-4-1_Censored/prompt134.txt
2025-08-26 18:20:52 | DEBUG    | src.processing.discovery:discover_prompt_files:40 - Found prompt file: 250824_opus-4-1_Censored/prompt120.txt
2025-08-26 18:20:52 | DEBUG    | src.processing.discovery:discover_prompt_files:40 - Found prompt file: 250824_opus-4-1_Censored/prompt147.txt
2025-08-26 18:20:52 | DEBUG    | src.processing.discovery:discover_prompt_files:40 - Found prompt file: 250824_opus-4-1_Censored/prompt153.txt
2025-08-26 18:20:52 | DEBUG    | src.processing.discovery:discover_prompt_files:40 - Found prompt file: 250824_opus-4-1_Censored/prompt184.txt
2025-08-26 18:20:52 | DEBUG    | src.processing.discovery:discover_prompt_files:40 - Found prompt file: 250824_opus-4-1_Censored/prompt190.txt
2025-08-26 18:20:52 | DEBUG    | src.processing.discovery:discover_prompt_files:40 - Found prompt file: 250824_opus-4-1_Censored/prompt28.txt
2025-08-26 18:20:52 | DEBUG    | src.processing.discovery:discover_prompt_files:40 - Found prompt file: 250824_opus-4-1_Censored/prompt14.txt
2025-08-26 18:20:52 | DEBUG    | src.processing.discovery:discover_prompt_files:40 - Found prompt file: 250824_opus-4-1_Censored/prompt15.txt
2025-08-26 18:20:52 | DEBUG    | src.processing.discovery:discover_prompt_files:40 - Found prompt file: 250824_opus-4-1_Censored/prompt01.txt
2025-08-26 18:20:52 | DEBUG    | src.processing.discovery:discover_prompt_files:40 - Found prompt file: 250824_opus-4-1_Censored/prompt29.txt
2025-08-26 18:20:52 | DEBUG    | src.processing.discovery:discover_prompt_files:40 - Found prompt file: 250824_opus-4-1_Censored/prompt191.txt
2025-08-26 18:20:52 | DEBUG    | src.processing.discovery:discover_prompt_files:40 - Found prompt file: 250824_opus-4-1_Censored/prompt185.txt
2025-08-26 18:20:52 | DEBUG    | src.processing.discovery:discover_prompt_files:40 - Found prompt file: 250824_opus-4-1_Censored/prompt152.txt
2025-08-26 18:20:52 | DEBUG    | src.processing.discovery:discover_prompt_files:40 - Found prompt file: 250824_opus-4-1_Censored/prompt146.txt
2025-08-26 18:20:52 | DEBUG    | src.processing.discovery:discover_prompt_files:40 - Found prompt file: 250824_opus-4-1_Censored/prompt178.txt
2025-08-26 18:20:52 | DEBUG    | src.processing.discovery:discover_prompt_files:40 - Found prompt file: 250824_opus-4-1_Censored/prompt150.txt
2025-08-26 18:20:52 | DEBUG    | src.processing.discovery:discover_prompt_files:40 - Found prompt file: 250824_opus-4-1_Censored/prompt144.txt
2025-08-26 18:20:52 | DEBUG    | src.processing.discovery:discover_prompt_files:40 - Found prompt file: 250824_opus-4-1_Censored/prompt187.txt
2025-08-26 18:20:52 | DEBUG    | src.processing.discovery:discover_prompt_files:40 - Found prompt file: 250824_opus-4-1_Censored/prompt17.txt
2025-08-26 18:20:52 | DEBUG    | src.processing.discovery:discover_prompt_files:40 - Found prompt file: 250824_opus-4-1_Censored/prompt03.txt
2025-08-26 18:20:52 | DEBUG    | src.processing.discovery:discover_prompt_files:40 - Found prompt file: 250824_opus-4-1_Censored/prompt02.txt
2025-08-26 18:20:52 | DEBUG    | src.processing.discovery:discover_prompt_files:40 - Found prompt file: 250824_opus-4-1_Censored/prompt16.txt
2025-08-26 18:20:52 | DEBUG    | src.processing.discovery:discover_prompt_files:40 - Found prompt file: 250824_opus-4-1_Censored/prompt186.txt
2025-08-26 18:20:52 | DEBUG    | src.processing.discovery:discover_prompt_files:40 - Found prompt file: 250824_opus-4-1_Censored/prompt192.txt
2025-08-26 18:20:52 | DEBUG    | src.processing.discovery:discover_prompt_files:40 - Found prompt file: 250824_opus-4-1_Censored/prompt145.txt
2025-08-26 18:20:52 | DEBUG    | src.processing.discovery:discover_prompt_files:40 - Found prompt file: 250824_opus-4-1_Censored/prompt151.txt
2025-08-26 18:20:52 | DEBUG    | src.processing.discovery:discover_prompt_files:40 - Found prompt file: 250824_opus-4-1_Censored/prompt179.txt
2025-08-26 18:20:52 | DEBUG    | src.processing.discovery:discover_prompt_files:40 - Found prompt file: 250824_opus-4-1_Censored/prompt155.txt
2025-08-26 18:20:52 | DEBUG    | src.processing.discovery:discover_prompt_files:40 - Found prompt file: 250824_opus-4-1_Censored/prompt141.txt
2025-08-26 18:20:52 | DEBUG    | src.processing.discovery:discover_prompt_files:40 - Found prompt file: 250824_opus-4-1_Censored/prompt169.txt
2025-08-26 18:20:52 | DEBUG    | src.processing.discovery:discover_prompt_files:40 - Found prompt file: 250824_opus-4-1_Censored/prompt182.txt
2025-08-26 18:20:52 | DEBUG    | src.processing.discovery:discover_prompt_files:40 - Found prompt file: 250824_opus-4-1_Censored/prompt12.txt
2025-08-26 18:20:52 | DEBUG    | src.processing.discovery:discover_prompt_files:40 - Found prompt file: 250824_opus-4-1_Censored/prompt06.txt
2025-08-26 18:20:52 | DEBUG    | src.processing.discovery:discover_prompt_files:40 - Found prompt file: 250824_opus-4-1_Censored/prompt07.txt
2025-08-26 18:20:52 | DEBUG    | src.processing.discovery:discover_prompt_files:40 - Found prompt file: 250824_opus-4-1_Censored/prompt13.txt
2025-08-26 18:20:52 | DEBUG    | src.processing.discovery:discover_prompt_files:40 - Found prompt file: 250824_opus-4-1_Censored/prompt183.txt
2025-08-26 18:20:52 | DEBUG    | src.processing.discovery:discover_prompt_files:40 - Found prompt file: 250824_opus-4-1_Censored/prompt168.txt
2025-08-26 18:20:52 | DEBUG    | src.processing.discovery:discover_prompt_files:40 - Found prompt file: 250824_opus-4-1_Censored/prompt140.txt
2025-08-26 18:20:52 | DEBUG    | src.processing.discovery:discover_prompt_files:40 - Found prompt file: 250824_opus-4-1_Censored/prompt154.txt
2025-08-26 18:20:52 | DEBUG    | src.processing.discovery:discover_prompt_files:40 - Found prompt file: 250824_opus-4-1_Censored/prompt142.txt
2025-08-26 18:20:52 | DEBUG    | src.processing.discovery:discover_prompt_files:40 - Found prompt file: 250824_opus-4-1_Censored/prompt156.txt
2025-08-26 18:20:52 | DEBUG    | src.processing.discovery:discover_prompt_files:40 - Found prompt file: 250824_opus-4-1_Censored/prompt181.txt
2025-08-26 18:20:52 | DEBUG    | src.processing.discovery:discover_prompt_files:40 - Found prompt file: 250824_opus-4-1_Censored/prompt05.txt
2025-08-26 18:20:52 | DEBUG    | src.processing.discovery:discover_prompt_files:40 - Found prompt file: 250824_opus-4-1_Censored/prompt11.txt
2025-08-26 18:20:52 | DEBUG    | src.processing.discovery:discover_prompt_files:40 - Found prompt file: 250824_opus-4-1_Censored/prompt39.txt
2025-08-26 18:20:52 | DEBUG    | src.processing.discovery:discover_prompt_files:40 - Found prompt file: 250824_opus-4-1_Censored/prompt38.txt
2025-08-26 18:20:52 | DEBUG    | src.processing.discovery:discover_prompt_files:40 - Found prompt file: 250824_opus-4-1_Censored/prompt10.txt
2025-08-26 18:20:52 | DEBUG    | src.processing.discovery:discover_prompt_files:40 - Found prompt file: 250824_opus-4-1_Censored/prompt04.txt
2025-08-26 18:20:52 | DEBUG    | src.processing.discovery:discover_prompt_files:40 - Found prompt file: 250824_opus-4-1_Censored/prompt180.txt
2025-08-26 18:20:52 | DEBUG    | src.processing.discovery:discover_prompt_files:40 - Found prompt file: 250824_opus-4-1_Censored/prompt157.txt
2025-08-26 18:20:52 | DEBUG    | src.processing.discovery:discover_prompt_files:40 - Found prompt file: 250824_opus-4-1_Censored/prompt143.txt
2025-08-26 18:20:52 | INFO     | src.processing.discovery:discover_prompt_files:45 - Discovered 192 prompt files
2025-08-26 18:20:52 | DEBUG    | src.processing.discovery:discover_profiles:93 - Loaded profile: USER-FILES/03.PROFILES/seedream_v3_1080p.yaml
2025-08-26 18:20:52 | DEBUG    | src.processing.discovery:discover_profiles:93 - Loaded profile: USER-FILES/03.PROFILES/gpt_image_3x2.yaml
2025-08-26 18:20:52 | INFO     | src.processing.discovery:discover_profiles:97 - Loaded 2 profiles
2025-08-26 18:20:52 | INFO     | src.processing.discovery:get_active_models:129 - Found profile: seedream_v3_1080p
2025-08-26 18:20:52 | INFO     | src.processing.discovery:get_active_models:129 - Found profile: gpt_image_3x2
2025-08-26 18:20:52 | INFO     | src.processing.discovery:get_active_models:134 - Total profiles to process: 2
2025-08-26 18:20:52 | INFO     | src.config.validator:validate_all:26 - All configuration validation passed
2025-08-26 18:20:52 | INFO     | __main__:main:96 - Output directory: USER-FILES/05.OUTPUT/250826_182052
2025-08-26 18:20:52 | INFO     | src.processing.discovery:load_prompts:63 - Loaded prompt from prompt01.txt
2025-08-26 18:20:52 | INFO     | src.processing.discovery:load_prompts:63 - Loaded prompt from prompt02.txt
2025-08-26 18:20:52 | INFO     | src.processing.discovery:load_prompts:63 - Loaded prompt from prompt03.txt
2025-08-26 18:20:52 | INFO     | src.processing.discovery:load_prompts:63 - Loaded prompt from prompt04.txt
2025-08-26 18:20:52 | INFO     | src.processing.discovery:load_prompts:63 - Loaded prompt from prompt05.txt
2025-08-26 18:20:52 | INFO     | src.processing.discovery:load_prompts:63 - Loaded prompt from prompt06.txt
2025-08-26 18:20:52 | INFO     | src.processing.discovery:load_prompts:63 - Loaded prompt from prompt07.txt
2025-08-26 18:20:52 | INFO     | src.processing.discovery:load_prompts:63 - Loaded prompt from prompt08.txt
2025-08-26 18:20:52 | INFO     | src.processing.discovery:load_prompts:63 - Loaded prompt from prompt09.txt
2025-08-26 18:20:52 | INFO     | src.processing.discovery:load_prompts:63 - Loaded prompt from prompt10.txt
2025-08-26 18:20:52 | INFO     | src.processing.discovery:load_prompts:63 - Loaded prompt from prompt11.txt
2025-08-26 18:20:52 | INFO     | src.processing.discovery:load_prompts:63 - Loaded prompt from prompt12.txt
2025-08-26 18:20:52 | INFO     | src.processing.discovery:load_prompts:63 - Loaded prompt from prompt13.txt
2025-08-26 18:20:52 | INFO     | src.processing.discovery:load_prompts:63 - Loaded prompt from prompt14.txt
2025-08-26 18:20:52 | INFO     | src.processing.discovery:load_prompts:63 - Loaded prompt from prompt15.txt
2025-08-26 18:20:52 | INFO     | src.processing.discovery:load_prompts:63 - Loaded prompt from prompt16.txt
2025-08-26 18:20:52 | INFO     | src.processing.discovery:load_prompts:63 - Loaded prompt from prompt17.txt
2025-08-26 18:20:52 | INFO     | src.processing.discovery:load_prompts:63 - Loaded prompt from prompt18.txt
2025-08-26 18:20:52 | INFO     | src.processing.discovery:load_prompts:63 - Loaded prompt from prompt19.txt
2025-08-26 18:20:52 | INFO     | src.processing.discovery:load_prompts:63 - Loaded prompt from prompt20.txt
2025-08-26 18:20:52 | INFO     | src.processing.discovery:load_prompts:63 - Loaded prompt from prompt21.txt
2025-08-26 18:20:52 | INFO     | src.processing.discovery:load_prompts:63 - Loaded prompt from prompt22.txt
2025-08-26 18:20:52 | INFO     | src.processing.discovery:load_prompts:63 - Loaded prompt from prompt23.txt
2025-08-26 18:20:52 | INFO     | src.processing.discovery:load_prompts:63 - Loaded prompt from prompt24.txt
2025-08-26 18:20:52 | INFO     | src.processing.discovery:load_prompts:63 - Loaded prompt from prompt25.txt
2025-08-26 18:20:52 | INFO     | src.processing.discovery:load_prompts:63 - Loaded prompt from prompt26.txt
2025-08-26 18:20:52 | INFO     | src.processing.discovery:load_prompts:63 - Loaded prompt from prompt27.txt
2025-08-26 18:20:52 | INFO     | src.processing.discovery:load_prompts:63 - Loaded prompt from prompt28.txt
2025-08-26 18:20:52 | INFO     | src.processing.discovery:load_prompts:63 - Loaded prompt from prompt29.txt
2025-08-26 18:20:52 | INFO     | src.processing.discovery:load_prompts:63 - Loaded prompt from prompt30.txt
2025-08-26 18:20:52 | INFO     | src.processing.discovery:load_prompts:63 - Loaded prompt from prompt31.txt
2025-08-26 18:20:52 | INFO     | src.processing.discovery:load_prompts:63 - Loaded prompt from prompt32.txt
2025-08-26 18:20:52 | INFO     | src.processing.discovery:load_prompts:63 - Loaded prompt from prompt33.txt
2025-08-26 18:20:52 | INFO     | src.processing.discovery:load_prompts:63 - Loaded prompt from prompt34.txt
2025-08-26 18:20:52 | INFO     | src.processing.discovery:load_prompts:63 - Loaded prompt from prompt35.txt
2025-08-26 18:20:52 | INFO     | src.processing.discovery:load_prompts:63 - Loaded prompt from prompt36.txt
2025-08-26 18:20:52 | INFO     | src.processing.discovery:load_prompts:63 - Loaded prompt from prompt37.txt
2025-08-26 18:20:52 | INFO     | src.processing.discovery:load_prompts:63 - Loaded prompt from prompt38.txt
2025-08-26 18:20:52 | INFO     | src.processing.discovery:load_prompts:63 - Loaded prompt from prompt39.txt
2025-08-26 18:20:52 | INFO     | src.processing.discovery:load_prompts:63 - Loaded prompt from prompt40.txt
2025-08-26 18:20:52 | INFO     | src.processing.discovery:load_prompts:63 - Loaded prompt from prompt41.txt
2025-08-26 18:20:52 | INFO     | src.processing.discovery:load_prompts:63 - Loaded prompt from prompt42.txt
2025-08-26 18:20:52 | INFO     | src.processing.discovery:load_prompts:63 - Loaded prompt from prompt43.txt
2025-08-26 18:20:52 | INFO     | src.processing.discovery:load_prompts:63 - Loaded prompt from prompt44.txt
2025-08-26 18:20:52 | INFO     | src.processing.discovery:load_prompts:63 - Loaded prompt from prompt45.txt
2025-08-26 18:20:52 | INFO     | src.processing.discovery:load_prompts:63 - Loaded prompt from prompt46.txt
2025-08-26 18:20:52 | INFO     | src.processing.discovery:load_prompts:63 - Loaded prompt from prompt47.txt
2025-08-26 18:20:52 | INFO     | src.processing.discovery:load_prompts:63 - Loaded prompt from prompt48.txt
2025-08-26 18:20:52 | INFO     | src.processing.discovery:load_prompts:63 - Loaded prompt from prompt49.txt
2025-08-26 18:20:52 | INFO     | src.processing.discovery:load_prompts:63 - Loaded prompt from prompt50.txt
2025-08-26 18:20:52 | INFO     | src.processing.discovery:load_prompts:63 - Loaded prompt from prompt51.txt
2025-08-26 18:20:52 | INFO     | src.processing.discovery:load_prompts:63 - Loaded prompt from prompt52.txt
2025-08-26 18:20:52 | INFO     | src.processing.discovery:load_prompts:63 - Loaded prompt from prompt53.txt
2025-08-26 18:20:52 | INFO     | src.processing.discovery:load_prompts:63 - Loaded prompt from prompt54.txt
2025-08-26 18:20:52 | INFO     | src.processing.discovery:load_prompts:63 - Loaded prompt from prompt55.txt
2025-08-26 18:20:52 | INFO     | src.processing.discovery:load_prompts:63 - Loaded prompt from prompt56.txt
2025-08-26 18:20:52 | INFO     | src.processing.discovery:load_prompts:63 - Loaded prompt from prompt57.txt
2025-08-26 18:20:52 | INFO     | src.processing.discovery:load_prompts:63 - Loaded prompt from prompt58.txt
2025-08-26 18:20:52 | INFO     | src.processing.discovery:load_prompts:63 - Loaded prompt from prompt59.txt
2025-08-26 18:20:52 | INFO     | src.processing.discovery:load_prompts:63 - Loaded prompt from prompt60.txt
2025-08-26 18:20:52 | INFO     | src.processing.discovery:load_prompts:63 - Loaded prompt from prompt61.txt
2025-08-26 18:20:52 | INFO     | src.processing.discovery:load_prompts:63 - Loaded prompt from prompt62.txt
2025-08-26 18:20:52 | INFO     | src.processing.discovery:load_prompts:63 - Loaded prompt from prompt63.txt
2025-08-26 18:20:52 | INFO     | src.processing.discovery:load_prompts:63 - Loaded prompt from prompt64.txt
2025-08-26 18:20:52 | INFO     | src.processing.discovery:load_prompts:63 - Loaded prompt from prompt65.txt
2025-08-26 18:20:52 | INFO     | src.processing.discovery:load_prompts:63 - Loaded prompt from prompt66.txt
2025-08-26 18:20:52 | INFO     | src.processing.discovery:load_prompts:63 - Loaded prompt from prompt67.txt
2025-08-26 18:20:52 | INFO     | src.processing.discovery:load_prompts:63 - Loaded prompt from prompt68.txt
2025-08-26 18:20:52 | INFO     | src.processing.discovery:load_prompts:63 - Loaded prompt from prompt69.txt
2025-08-26 18:20:52 | INFO     | src.processing.discovery:load_prompts:63 - Loaded prompt from prompt70.txt
2025-08-26 18:20:52 | INFO     | src.processing.discovery:load_prompts:63 - Loaded prompt from prompt71.txt
2025-08-26 18:20:52 | INFO     | src.processing.discovery:load_prompts:63 - Loaded prompt from prompt72.txt
2025-08-26 18:20:52 | INFO     | src.processing.discovery:load_prompts:63 - Loaded prompt from prompt73.txt
2025-08-26 18:20:52 | INFO     | src.processing.discovery:load_prompts:63 - Loaded prompt from prompt74.txt
2025-08-26 18:20:52 | INFO     | src.processing.discovery:load_prompts:63 - Loaded prompt from prompt75.txt
2025-08-26 18:20:52 | INFO     | src.processing.discovery:load_prompts:63 - Loaded prompt from prompt76.txt
2025-08-26 18:20:52 | INFO     | src.processing.discovery:load_prompts:63 - Loaded prompt from prompt77.txt
2025-08-26 18:20:52 | INFO     | src.processing.discovery:load_prompts:63 - Loaded prompt from prompt78.txt
2025-08-26 18:20:52 | INFO     | src.processing.discovery:load_prompts:63 - Loaded prompt from prompt79.txt
2025-08-26 18:20:52 | INFO     | src.processing.discovery:load_prompts:63 - Loaded prompt from prompt80.txt
2025-08-26 18:20:52 | INFO     | src.processing.discovery:load_prompts:63 - Loaded prompt from prompt81.txt
2025-08-26 18:20:52 | INFO     | src.processing.discovery:load_prompts:63 - Loaded prompt from prompt82.txt
2025-08-26 18:20:52 | INFO     | src.processing.discovery:load_prompts:63 - Loaded prompt from prompt83.txt
2025-08-26 18:20:52 | INFO     | src.processing.discovery:load_prompts:63 - Loaded prompt from prompt84.txt
2025-08-26 18:20:52 | INFO     | src.processing.discovery:load_prompts:63 - Loaded prompt from prompt85.txt
2025-08-26 18:20:52 | INFO     | src.processing.discovery:load_prompts:63 - Loaded prompt from prompt86.txt
2025-08-26 18:20:52 | INFO     | src.processing.discovery:load_prompts:63 - Loaded prompt from prompt87.txt
2025-08-26 18:20:52 | INFO     | src.processing.discovery:load_prompts:63 - Loaded prompt from prompt88.txt
2025-08-26 18:20:52 | INFO     | src.processing.discovery:load_prompts:63 - Loaded prompt from prompt89.txt
2025-08-26 18:20:52 | INFO     | src.processing.discovery:load_prompts:63 - Loaded prompt from prompt90.txt
2025-08-26 18:20:52 | INFO     | src.processing.discovery:load_prompts:63 - Loaded prompt from prompt91.txt
2025-08-26 18:20:52 | INFO     | src.processing.discovery:load_prompts:63 - Loaded prompt from prompt92.txt
2025-08-26 18:20:52 | INFO     | src.processing.discovery:load_prompts:63 - Loaded prompt from prompt93.txt
2025-08-26 18:20:52 | INFO     | src.processing.discovery:load_prompts:63 - Loaded prompt from prompt94.txt
2025-08-26 18:20:52 | INFO     | src.processing.discovery:load_prompts:63 - Loaded prompt from prompt95.txt
2025-08-26 18:20:52 | INFO     | src.processing.discovery:load_prompts:63 - Loaded prompt from prompt96.txt
2025-08-26 18:20:52 | INFO     | src.processing.discovery:load_prompts:63 - Loaded prompt from prompt97.txt
2025-08-26 18:20:52 | INFO     | src.processing.discovery:load_prompts:63 - Loaded prompt from prompt98.txt
2025-08-26 18:20:52 | INFO     | src.processing.discovery:load_prompts:63 - Loaded prompt from prompt99.txt
2025-08-26 18:20:52 | INFO     | src.processing.discovery:load_prompts:63 - Loaded prompt from prompt100.txt
2025-08-26 18:20:52 | INFO     | src.processing.discovery:load_prompts:63 - Loaded prompt from prompt101.txt
2025-08-26 18:20:52 | INFO     | src.processing.discovery:load_prompts:63 - Loaded prompt from prompt102.txt
2025-08-26 18:20:52 | INFO     | src.processing.discovery:load_prompts:63 - Loaded prompt from prompt103.txt
2025-08-26 18:20:52 | INFO     | src.processing.discovery:load_prompts:63 - Loaded prompt from prompt104.txt
2025-08-26 18:20:52 | INFO     | src.processing.discovery:load_prompts:63 - Loaded prompt from prompt105.txt
2025-08-26 18:20:52 | INFO     | src.processing.discovery:load_prompts:63 - Loaded prompt from prompt106.txt
2025-08-26 18:20:52 | INFO     | src.processing.discovery:load_prompts:63 - Loaded prompt from prompt107.txt
2025-08-26 18:20:52 | INFO     | src.processing.discovery:load_prompts:63 - Loaded prompt from prompt108.txt
2025-08-26 18:20:52 | INFO     | src.processing.discovery:load_prompts:63 - Loaded prompt from prompt109.txt
2025-08-26 18:20:52 | INFO     | src.processing.discovery:load_prompts:63 - Loaded prompt from prompt110.txt
2025-08-26 18:20:52 | INFO     | src.processing.discovery:load_prompts:63 - Loaded prompt from prompt111.txt
2025-08-26 18:20:52 | INFO     | src.processing.discovery:load_prompts:63 - Loaded prompt from prompt112.txt
2025-08-26 18:20:52 | INFO     | src.processing.discovery:load_prompts:63 - Loaded prompt from prompt113.txt
2025-08-26 18:20:52 | INFO     | src.processing.discovery:load_prompts:63 - Loaded prompt from prompt114.txt
2025-08-26 18:20:52 | INFO     | src.processing.discovery:load_prompts:63 - Loaded prompt from prompt115.txt
2025-08-26 18:20:52 | INFO     | src.processing.discovery:load_prompts:63 - Loaded prompt from prompt116.txt
2025-08-26 18:20:52 | INFO     | src.processing.discovery:load_prompts:63 - Loaded prompt from prompt117.txt
2025-08-26 18:20:52 | INFO     | src.processing.discovery:load_prompts:63 - Loaded prompt from prompt118.txt
2025-08-26 18:20:52 | INFO     | src.processing.discovery:load_prompts:63 - Loaded prompt from prompt119.txt
2025-08-26 18:20:52 | INFO     | src.processing.discovery:load_prompts:63 - Loaded prompt from prompt120.txt
2025-08-26 18:20:52 | INFO     | src.processing.discovery:load_prompts:63 - Loaded prompt from prompt121.txt
2025-08-26 18:20:52 | INFO     | src.processing.discovery:load_prompts:63 - Loaded prompt from prompt122.txt
2025-08-26 18:20:52 | INFO     | src.processing.discovery:load_prompts:63 - Loaded prompt from prompt123.txt
2025-08-26 18:20:52 | INFO     | src.processing.discovery:load_prompts:63 - Loaded prompt from prompt124.txt
2025-08-26 18:20:52 | INFO     | src.processing.discovery:load_prompts:63 - Loaded prompt from prompt125.txt
2025-08-26 18:20:52 | INFO     | src.processing.discovery:load_prompts:63 - Loaded prompt from prompt126.txt
2025-08-26 18:20:52 | INFO     | src.processing.discovery:load_prompts:63 - Loaded prompt from prompt127.txt
2025-08-26 18:20:52 | INFO     | src.processing.discovery:load_prompts:63 - Loaded prompt from prompt128.txt
2025-08-26 18:20:52 | INFO     | src.processing.discovery:load_prompts:63 - Loaded prompt from prompt129.txt
2025-08-26 18:20:52 | INFO     | src.processing.discovery:load_prompts:63 - Loaded prompt from prompt130.txt
2025-08-26 18:20:52 | INFO     | src.processing.discovery:load_prompts:63 - Loaded prompt from prompt131.txt
2025-08-26 18:20:52 | INFO     | src.processing.discovery:load_prompts:63 - Loaded prompt from prompt132.txt
2025-08-26 18:20:52 | INFO     | src.processing.discovery:load_prompts:63 - Loaded prompt from prompt133.txt
2025-08-26 18:20:52 | INFO     | src.processing.discovery:load_prompts:63 - Loaded prompt from prompt134.txt
2025-08-26 18:20:52 | INFO     | src.processing.discovery:load_prompts:63 - Loaded prompt from prompt135.txt
2025-08-26 18:20:52 | INFO     | src.processing.discovery:load_prompts:63 - Loaded prompt from prompt136.txt
2025-08-26 18:20:52 | INFO     | src.processing.discovery:load_prompts:63 - Loaded prompt from prompt137.txt
2025-08-26 18:20:52 | INFO     | src.processing.discovery:load_prompts:63 - Loaded prompt from prompt138.txt
2025-08-26 18:20:52 | INFO     | src.processing.discovery:load_prompts:63 - Loaded prompt from prompt139.txt
2025-08-26 18:20:52 | INFO     | src.processing.discovery:load_prompts:63 - Loaded prompt from prompt140.txt
2025-08-26 18:20:52 | INFO     | src.processing.discovery:load_prompts:63 - Loaded prompt from prompt141.txt
2025-08-26 18:20:52 | INFO     | src.processing.discovery:load_prompts:63 - Loaded prompt from prompt142.txt
2025-08-26 18:20:52 | INFO     | src.processing.discovery:load_prompts:63 - Loaded prompt from prompt143.txt
2025-08-26 18:20:52 | INFO     | src.processing.discovery:load_prompts:63 - Loaded prompt from prompt144.txt
2025-08-26 18:20:52 | INFO     | src.processing.discovery:load_prompts:63 - Loaded prompt from prompt145.txt
2025-08-26 18:20:52 | INFO     | src.processing.discovery:load_prompts:63 - Loaded prompt from prompt146.txt
2025-08-26 18:20:52 | INFO     | src.processing.discovery:load_prompts:63 - Loaded prompt from prompt147.txt
2025-08-26 18:20:52 | INFO     | src.processing.discovery:load_prompts:63 - Loaded prompt from prompt148.txt
2025-08-26 18:20:52 | INFO     | src.processing.discovery:load_prompts:63 - Loaded prompt from prompt149.txt
2025-08-26 18:20:52 | INFO     | src.processing.discovery:load_prompts:63 - Loaded prompt from prompt150.txt
2025-08-26 18:20:52 | INFO     | src.processing.discovery:load_prompts:63 - Loaded prompt from prompt151.txt
2025-08-26 18:20:52 | INFO     | src.processing.discovery:load_prompts:63 - Loaded prompt from prompt152.txt
2025-08-26 18:20:52 | INFO     | src.processing.discovery:load_prompts:63 - Loaded prompt from prompt153.txt
2025-08-26 18:20:52 | INFO     | src.processing.discovery:load_prompts:63 - Loaded prompt from prompt154.txt
2025-08-26 18:20:52 | INFO     | src.processing.discovery:load_prompts:63 - Loaded prompt from prompt155.txt
2025-08-26 18:20:52 | INFO     | src.processing.discovery:load_prompts:63 - Loaded prompt from prompt156.txt
2025-08-26 18:20:52 | INFO     | src.processing.discovery:load_prompts:63 - Loaded prompt from prompt157.txt
2025-08-26 18:20:52 | INFO     | src.processing.discovery:load_prompts:63 - Loaded prompt from prompt158.txt
2025-08-26 18:20:52 | INFO     | src.processing.discovery:load_prompts:63 - Loaded prompt from prompt159.txt
2025-08-26 18:20:52 | INFO     | src.processing.discovery:load_prompts:63 - Loaded prompt from prompt160.txt
2025-08-26 18:20:52 | INFO     | src.processing.discovery:load_prompts:63 - Loaded prompt from prompt161.txt
2025-08-26 18:20:52 | INFO     | src.processing.discovery:load_prompts:63 - Loaded prompt from prompt162.txt
2025-08-26 18:20:52 | INFO     | src.processing.discovery:load_prompts:63 - Loaded prompt from prompt163.txt
2025-08-26 18:20:52 | INFO     | src.processing.discovery:load_prompts:63 - Loaded prompt from prompt164.txt
2025-08-26 18:20:52 | INFO     | src.processing.discovery:load_prompts:63 - Loaded prompt from prompt165.txt
2025-08-26 18:20:52 | INFO     | src.processing.discovery:load_prompts:63 - Loaded prompt from prompt166.txt
2025-08-26 18:20:52 | INFO     | src.processing.discovery:load_prompts:63 - Loaded prompt from prompt167.txt
2025-08-26 18:20:52 | INFO     | src.processing.discovery:load_prompts:63 - Loaded prompt from prompt168.txt
2025-08-26 18:20:52 | INFO     | src.processing.discovery:load_prompts:63 - Loaded prompt from prompt169.txt
2025-08-26 18:20:52 | INFO     | src.processing.discovery:load_prompts:63 - Loaded prompt from prompt170.txt
2025-08-26 18:20:52 | INFO     | src.processing.discovery:load_prompts:63 - Loaded prompt from prompt171.txt
2025-08-26 18:20:52 | INFO     | src.processing.discovery:load_prompts:63 - Loaded prompt from prompt172.txt
2025-08-26 18:20:52 | INFO     | src.processing.discovery:load_prompts:63 - Loaded prompt from prompt173.txt
2025-08-26 18:20:52 | INFO     | src.processing.discovery:load_prompts:63 - Loaded prompt from prompt174.txt
2025-08-26 18:20:52 | INFO     | src.processing.discovery:load_prompts:63 - Loaded prompt from prompt175.txt
2025-08-26 18:20:52 | INFO     | src.processing.discovery:load_prompts:63 - Loaded prompt from prompt176.txt
2025-08-26 18:20:52 | INFO     | src.processing.discovery:load_prompts:63 - Loaded prompt from prompt177.txt
2025-08-26 18:20:52 | INFO     | src.processing.discovery:load_prompts:63 - Loaded prompt from prompt178.txt
2025-08-26 18:20:52 | INFO     | src.processing.discovery:load_prompts:63 - Loaded prompt from prompt179.txt
2025-08-26 18:20:52 | INFO     | src.processing.discovery:load_prompts:63 - Loaded prompt from prompt180.txt
2025-08-26 18:20:52 | INFO     | src.processing.discovery:load_prompts:63 - Loaded prompt from prompt181.txt
2025-08-26 18:20:52 | INFO     | src.processing.discovery:load_prompts:63 - Loaded prompt from prompt182.txt
2025-08-26 18:20:52 | INFO     | src.processing.discovery:load_prompts:63 - Loaded prompt from prompt183.txt
2025-08-26 18:20:52 | INFO     | src.processing.discovery:load_prompts:63 - Loaded prompt from prompt184.txt
2025-08-26 18:20:52 | INFO     | src.processing.discovery:load_prompts:63 - Loaded prompt from prompt185.txt
2025-08-26 18:20:52 | INFO     | src.processing.discovery:load_prompts:63 - Loaded prompt from prompt186.txt
2025-08-26 18:20:52 | INFO     | src.processing.discovery:load_prompts:63 - Loaded prompt from prompt187.txt
2025-08-26 18:20:52 | INFO     | src.processing.discovery:load_prompts:63 - Loaded prompt from prompt188.txt
2025-08-26 18:20:52 | INFO     | src.processing.discovery:load_prompts:63 - Loaded prompt from prompt189.txt
2025-08-26 18:20:52 | INFO     | src.processing.discovery:load_prompts:63 - Loaded prompt from prompt190.txt
2025-08-26 18:20:52 | INFO     | src.processing.discovery:load_prompts:63 - Loaded prompt from prompt191.txt
2025-08-26 18:20:52 | INFO     | src.processing.discovery:load_prompts:63 - Loaded prompt from prompt192.txt
2025-08-26 18:20:52 | INFO     | src.output.writer:write_report:134 - Wrote report: USER-FILES/05.OUTPUT/250826_182052/COST-ESTIMATION.md
2025-08-26 18:20:52 | INFO     | __main__:main:131 - Cost estimation saved. Total: $42.2400
