2025-08-26 16:03:42 | INFO     | src.utils.logging:setup_logging:39 - Logging configured (verbose=False, debug=False)
2025-08-26 16:03:42 | INFO     | __main__:main:67 - Loading configuration...
2025-08-26 16:03:42 | INFO     | src.config.loader:load_config:42 - Loaded configuration from USER-FILES/01.CONFIG/config.yaml
2025-08-26 16:03:42 | INFO     | __main__:main:72 - Authenticating...
2025-08-26 16:03:42 | DEBUG    | src.auth.env:get_fal_api_key_from_env:19 - Loaded environment from /Users/ruben/08_-_DEVELOPMENT/ISOF_IMAGE_WORKFLOW/00.fal-text->image-tool/.env
2025-08-26 16:03:42 | INFO     | src.auth.env:get_fal_api_key_from_env:25 - Successfully retrieved FAL API key from environment
2025-08-26 16:03:42 | INFO     | __main__:main:76 - Discovering inputs...
2025-08-26 16:03:42 | DEBUG    | src.processing.discovery:discover_prompt_files:40 - Found prompt file: 03.layer1_extracted/1/1.6.0/1.6.1/1.6.1.txt
2025-08-26 16:03:42 | DEBUG    | src.processing.discovery:discover_prompt_files:40 - Found prompt file: 03.layer1_extracted/1/1.2.0/1.2.1/1.2.1.txt
2025-08-26 16:03:42 | DEBUG    | src.processing.discovery:discover_prompt_files:40 - Found prompt file: 03.layer1_extracted/1/1.5.0/1.5.1/1.5.1.txt
2025-08-26 16:03:42 | DEBUG    | src.processing.discovery:discover_prompt_files:40 - Found prompt file: 03.layer1_extracted/1/1.1.0/1.1.1/1.1.1.txt
2025-08-26 16:03:42 | DEBUG    | src.processing.discovery:discover_prompt_files:40 - Found prompt file: 03.layer1_extracted/1/1.4.0/1.4.1/1.4.1.txt
2025-08-26 16:03:42 | DEBUG    | src.processing.discovery:discover_prompt_files:40 - Found prompt file: 03.layer1_extracted/1/1.7.0/1.7.1/1.7.1.txt
2025-08-26 16:03:42 | DEBUG    | src.processing.discovery:discover_prompt_files:40 - Found prompt file: 03.layer1_extracted/1/1.3.0/1.3.1/1.3.1.txt
2025-08-26 16:03:42 | INFO     | src.processing.discovery:discover_prompt_files:45 - Discovered 7 prompt files
2025-08-26 16:03:42 | DEBUG    | src.processing.discovery:discover_profiles:93 - Loaded profile: USER-FILES/03.PROFILES/seedream_v3_1080p_vertical.yaml
2025-08-26 16:03:42 | INFO     | src.processing.discovery:discover_profiles:97 - Loaded 1 profiles
2025-08-26 16:03:42 | INFO     | src.processing.discovery:get_active_models:128 - Found profile: seedream_v3_1080p_vertical
2025-08-26 16:03:42 | INFO     | src.processing.discovery:get_active_models:133 - Total profiles to process: 1
2025-08-26 16:03:42 | INFO     | src.config.validator:validate_all:26 - All configuration validation passed
2025-08-26 16:03:42 | INFO     | __main__:main:96 - Output directory: USER-FILES/05.OUTPUT/250826_160342
2025-08-26 16:03:42 | INFO     | __main__:main:157 - Starting matrix processing...
2025-08-26 16:03:42 | INFO     | src.processing.processor:process_all:65 - Processing 7 combinations (7 files × 1 profiles)
2025-08-26 16:03:42 | INFO     | src.processing.discovery:load_prompts:63 - Loaded prompt from 1.1.1.txt
2025-08-26 16:03:42 | INFO     | src.processing.processor:process_all:98 - Processing combination 1/7: 03.layer1_extracted/1/1.1.0/1.1.1/1.1.1.txt + seedream_v3_1080p_vertical
2025-08-26 16:03:42 | DEBUG    | src.processing.processor:_process_file_model_combination:162 - Processing 03.layer1_extracted/1/1.1.0/1.1.1/1.1.1.txt: A realistic stock-style photo showing a well-lit, ...
2025-08-26 16:03:42 | DEBUG    | src.api.client:_call_with_retry:100 - API call attempt 1/3
2025-08-26 16:03:52 | DEBUG    | src.api.client:_call_with_retry:113 - API call successful
2025-08-26 16:03:55 | INFO     | src.output.writer:save_image:117 - Saved valid image: USER-FILES/05.OUTPUT/250826_160342/seedream_v3_1080p_vertical/03.layer1_extracted/1/1.1.0/1.1.1/1.1.1_160352_seedream_v3_1080p_vertical_1080x1920.jpeg
2025-08-26 16:03:55 | INFO     | src.processing.processor:_process_file_model_combination:204 - Saved image: 1.1.1_160352_seedream_v3_1080p_vertical_1080x1920.jpeg
2025-08-26 16:03:55 | INFO     | src.processing.discovery:load_prompts:63 - Loaded prompt from 1.2.1.txt
2025-08-26 16:03:55 | INFO     | src.processing.processor:process_all:98 - Processing combination 2/7: 03.layer1_extracted/1/1.2.0/1.2.1/1.2.1.txt + seedream_v3_1080p_vertical
2025-08-26 16:03:55 | DEBUG    | src.processing.processor:_process_file_model_combination:162 - Processing 03.layer1_extracted/1/1.2.0/1.2.1/1.2.1.txt: Realistic stock imagery of three Asian employees i...
2025-08-26 16:03:55 | DEBUG    | src.api.client:_call_with_retry:100 - API call attempt 1/3
2025-08-26 16:04:08 | DEBUG    | src.api.client:_call_with_retry:113 - API call successful
2025-08-26 16:04:10 | INFO     | src.output.writer:save_image:117 - Saved valid image: USER-FILES/05.OUTPUT/250826_160342/seedream_v3_1080p_vertical/03.layer1_extracted/1/1.2.0/1.2.1/1.2.1_160408_seedream_v3_1080p_vertical_1080x1920.jpeg
2025-08-26 16:04:10 | INFO     | src.processing.processor:_process_file_model_combination:204 - Saved image: 1.2.1_160408_seedream_v3_1080p_vertical_1080x1920.jpeg
2025-08-26 16:04:10 | INFO     | src.processing.discovery:load_prompts:63 - Loaded prompt from 1.3.1.txt
2025-08-26 16:04:10 | INFO     | src.processing.processor:process_all:98 - Processing combination 3/7: 03.layer1_extracted/1/1.3.0/1.3.1/1.3.1.txt + seedream_v3_1080p_vertical
2025-08-26 16:04:10 | DEBUG    | src.processing.processor:_process_file_model_combination:162 - Processing 03.layer1_extracted/1/1.3.0/1.3.1/1.3.1.txt: A realistic scene in a glass-walled Japanese meeti...
2025-08-26 16:04:10 | DEBUG    | src.api.client:_call_with_retry:100 - API call attempt 1/3
2025-08-26 16:04:20 | DEBUG    | src.api.client:_call_with_retry:113 - API call successful
2025-08-26 16:04:23 | INFO     | src.output.writer:save_image:117 - Saved valid image: USER-FILES/05.OUTPUT/250826_160342/seedream_v3_1080p_vertical/03.layer1_extracted/1/1.3.0/1.3.1/1.3.1_160420_seedream_v3_1080p_vertical_1080x1920.jpeg
2025-08-26 16:04:23 | INFO     | src.processing.processor:_process_file_model_combination:204 - Saved image: 1.3.1_160420_seedream_v3_1080p_vertical_1080x1920.jpeg
2025-08-26 16:04:23 | INFO     | src.processing.discovery:load_prompts:63 - Loaded prompt from 1.4.1.txt
2025-08-26 16:04:23 | INFO     | src.processing.processor:process_all:98 - Processing combination 4/7: 03.layer1_extracted/1/1.4.0/1.4.1/1.4.1.txt + seedream_v3_1080p_vertical
2025-08-26 16:04:23 | DEBUG    | src.processing.processor:_process_file_model_combination:162 - Processing 03.layer1_extracted/1/1.4.0/1.4.1/1.4.1.txt: A neat, realistic office setting with two Asian te...
2025-08-26 16:04:23 | DEBUG    | src.api.client:_call_with_retry:100 - API call attempt 1/3
2025-08-26 16:04:32 | DEBUG    | src.api.client:_call_with_retry:113 - API call successful
2025-08-26 16:04:35 | INFO     | src.output.writer:save_image:117 - Saved valid image: USER-FILES/05.OUTPUT/250826_160342/seedream_v3_1080p_vertical/03.layer1_extracted/1/1.4.0/1.4.1/1.4.1_160432_seedream_v3_1080p_vertical_1080x1920.jpeg
2025-08-26 16:04:35 | INFO     | src.processing.processor:_process_file_model_combination:204 - Saved image: 1.4.1_160432_seedream_v3_1080p_vertical_1080x1920.jpeg
2025-08-26 16:04:35 | INFO     | src.processing.discovery:load_prompts:63 - Loaded prompt from 1.5.1.txt
2025-08-26 16:04:35 | INFO     | src.processing.processor:process_all:98 - Processing combination 5/7: 03.layer1_extracted/1/1.5.0/1.5.1/1.5.1.txt + seedream_v3_1080p_vertical
2025-08-26 16:04:35 | DEBUG    | src.processing.processor:_process_file_model_combination:162 - Processing 03.layer1_extracted/1/1.5.0/1.5.1/1.5.1.txt: A realistic image of an Asian woman in business ca...
2025-08-26 16:04:35 | DEBUG    | src.api.client:_call_with_retry:100 - API call attempt 1/3
2025-08-26 16:04:51 | DEBUG    | src.api.client:_call_with_retry:113 - API call successful
2025-08-26 16:04:53 | INFO     | src.output.writer:save_image:117 - Saved valid image: USER-FILES/05.OUTPUT/250826_160342/seedream_v3_1080p_vertical/03.layer1_extracted/1/1.5.0/1.5.1/1.5.1_160451_seedream_v3_1080p_vertical_1080x1920.jpeg
2025-08-26 16:04:53 | INFO     | src.processing.processor:_process_file_model_combination:204 - Saved image: 1.5.1_160451_seedream_v3_1080p_vertical_1080x1920.jpeg
2025-08-26 16:04:53 | INFO     | src.processing.discovery:load_prompts:63 - Loaded prompt from 1.6.1.txt
2025-08-26 16:04:53 | INFO     | src.processing.processor:process_all:98 - Processing combination 6/7: 03.layer1_extracted/1/1.6.0/1.6.1/1.6.1.txt + seedream_v3_1080p_vertical
2025-08-26 16:04:53 | DEBUG    | src.processing.processor:_process_file_model_combination:162 - Processing 03.layer1_extracted/1/1.6.0/1.6.1/1.6.1.txt: An over-the-shoulder, realistic view of an Asian p...
2025-08-26 16:04:53 | DEBUG    | src.api.client:_call_with_retry:100 - API call attempt 1/3
2025-08-26 16:05:08 | DEBUG    | src.api.client:_call_with_retry:113 - API call successful
2025-08-26 16:05:10 | INFO     | src.output.writer:save_image:117 - Saved valid image: USER-FILES/05.OUTPUT/250826_160342/seedream_v3_1080p_vertical/03.layer1_extracted/1/1.6.0/1.6.1/1.6.1_160508_seedream_v3_1080p_vertical_1080x1920.jpeg
2025-08-26 16:05:10 | INFO     | src.processing.processor:_process_file_model_combination:204 - Saved image: 1.6.1_160508_seedream_v3_1080p_vertical_1080x1920.jpeg
2025-08-26 16:05:10 | INFO     | src.processing.discovery:load_prompts:63 - Loaded prompt from 1.7.1.txt
2025-08-26 16:05:10 | INFO     | src.processing.processor:process_all:98 - Processing combination 7/7: 03.layer1_extracted/1/1.7.0/1.7.1/1.7.1.txt + seedream_v3_1080p_vertical
2025-08-26 16:05:10 | DEBUG    | src.processing.processor:_process_file_model_combination:162 - Processing 03.layer1_extracted/1/1.7.0/1.7.1/1.7.1.txt: A realistic office scene with three Asian coworker...
2025-08-26 16:05:10 | DEBUG    | src.api.client:_call_with_retry:100 - API call attempt 1/3
2025-08-26 16:05:22 | DEBUG    | src.api.client:_call_with_retry:113 - API call successful
2025-08-26 16:05:24 | INFO     | src.output.writer:save_image:117 - Saved valid image: USER-FILES/05.OUTPUT/250826_160342/seedream_v3_1080p_vertical/03.layer1_extracted/1/1.7.0/1.7.1/1.7.1_160522_seedream_v3_1080p_vertical_1080x1920.jpeg
2025-08-26 16:05:24 | INFO     | src.processing.processor:_process_file_model_combination:204 - Saved image: 1.7.1_160522_seedream_v3_1080p_vertical_1080x1920.jpeg
2025-08-26 16:05:24 | INFO     | src.processing.discovery:load_prompts:63 - Loaded prompt from 1.1.1.txt
2025-08-26 16:05:24 | INFO     | src.processing.discovery:load_prompts:63 - Loaded prompt from 1.2.1.txt
2025-08-26 16:05:24 | INFO     | src.processing.discovery:load_prompts:63 - Loaded prompt from 1.3.1.txt
2025-08-26 16:05:24 | INFO     | src.processing.discovery:load_prompts:63 - Loaded prompt from 1.4.1.txt
2025-08-26 16:05:24 | INFO     | src.processing.discovery:load_prompts:63 - Loaded prompt from 1.5.1.txt
2025-08-26 16:05:24 | INFO     | src.processing.discovery:load_prompts:63 - Loaded prompt from 1.6.1.txt
2025-08-26 16:05:24 | INFO     | src.processing.discovery:load_prompts:63 - Loaded prompt from 1.7.1.txt
2025-08-26 16:05:24 | INFO     | src.output.writer:write_report:134 - Wrote report: USER-FILES/05.OUTPUT/250826_160342/COST.md
2025-08-26 16:05:24 | INFO     | src.output.writer:write_report:134 - Wrote report: USER-FILES/05.OUTPUT/250826_160342/SUCCESS.md
2025-08-26 16:05:24 | INFO     | src.output.reporter:save_reports:197 - Reports generated successfully
2025-08-26 16:05:24 | SUCCESS  | __main__:main:182 - ✅ Completed successfully! Generated 7 images
