2025-09-08 17:54:49 | INFO     | src.utils.logging:setup_logging:39 - Logging configured (verbose=False, debug=False)
2025-09-08 17:54:49 | INFO     | __main__:main:75 - Loading configuration...
2025-09-08 17:54:49 | INFO     | src.config.loader:load_config:42 - Loaded configuration from USER-FILES/01.CONFIG/config.yaml
2025-09-08 17:54:49 | INFO     | __main__:main:80 - Authenticating...
2025-09-08 17:54:49 | DEBUG    | src.auth.env:get_fal_api_key_from_env:19 - Loaded environment from /Users/ruben/08_-_DEVELOPMENT/ISOF_IMAGE_WORKFLOW/00.fal_text-to-image_tool/.env
2025-09-08 17:54:49 | INFO     | src.auth.env:get_fal_api_key_from_env:25 - Successfully retrieved FAL API key from environment
2025-09-08 17:54:49 | INFO     | __main__:main:84 - Discovering inputs...
2025-09-08 17:54:49 | DEBUG    | src.processing.discovery:discover_prompt_files:40 - Found prompt file: 1/line_0026.txt
2025-09-08 17:54:49 | DEBUG    | src.processing.discovery:discover_prompt_files:40 - Found prompt file: 1/line_0027.txt
2025-09-08 17:54:49 | DEBUG    | src.processing.discovery:discover_prompt_files:40 - Found prompt file: 1/line_0019.txt
2025-09-08 17:54:49 | DEBUG    | src.processing.discovery:discover_prompt_files:40 - Found prompt file: 1/line_0025.txt
2025-09-08 17:54:49 | DEBUG    | src.processing.discovery:discover_prompt_files:40 - Found prompt file: 1/line_0024.txt
2025-09-08 17:54:49 | DEBUG    | src.processing.discovery:discover_prompt_files:40 - Found prompt file: 1/line_0018.txt
2025-09-08 17:54:49 | DEBUG    | src.processing.discovery:discover_prompt_files:40 - Found prompt file: 1/line_0020.txt
2025-09-08 17:54:49 | DEBUG    | src.processing.discovery:discover_prompt_files:40 - Found prompt file: 1/line_0008.txt
2025-09-08 17:54:49 | DEBUG    | src.processing.discovery:discover_prompt_files:40 - Found prompt file: 1/line_0009.txt
2025-09-08 17:54:49 | DEBUG    | src.processing.discovery:discover_prompt_files:40 - Found prompt file: 1/line_0021.txt
2025-09-08 17:54:49 | DEBUG    | src.processing.discovery:discover_prompt_files:40 - Found prompt file: 1/line_0023.txt
2025-09-08 17:54:49 | DEBUG    | src.processing.discovery:discover_prompt_files:40 - Found prompt file: 1/line_0022.txt
2025-09-08 17:54:49 | DEBUG    | src.processing.discovery:discover_prompt_files:40 - Found prompt file: 1/line_0013.txt
2025-09-08 17:54:49 | DEBUG    | src.processing.discovery:discover_prompt_files:40 - Found prompt file: 1/line_0007.txt
2025-09-08 17:54:49 | DEBUG    | src.processing.discovery:discover_prompt_files:40 - Found prompt file: 1/line_0006.txt
2025-09-08 17:54:49 | DEBUG    | src.processing.discovery:discover_prompt_files:40 - Found prompt file: 1/line_0012.txt
2025-09-08 17:54:49 | DEBUG    | src.processing.discovery:discover_prompt_files:40 - Found prompt file: 1/line_0004.txt
2025-09-08 17:54:49 | DEBUG    | src.processing.discovery:discover_prompt_files:40 - Found prompt file: 1/line_0010.txt
2025-09-08 17:54:49 | DEBUG    | src.processing.discovery:discover_prompt_files:40 - Found prompt file: 1/line_0011.txt
2025-09-08 17:54:49 | DEBUG    | src.processing.discovery:discover_prompt_files:40 - Found prompt file: 1/line_0005.txt
2025-09-08 17:54:49 | DEBUG    | src.processing.discovery:discover_prompt_files:40 - Found prompt file: 1/line_0001.txt
2025-09-08 17:54:49 | DEBUG    | src.processing.discovery:discover_prompt_files:40 - Found prompt file: 1/line_0015.txt
2025-09-08 17:54:49 | DEBUG    | src.processing.discovery:discover_prompt_files:40 - Found prompt file: 1/line_0014.txt
2025-09-08 17:54:49 | DEBUG    | src.processing.discovery:discover_prompt_files:40 - Found prompt file: 1/line_0016.txt
2025-09-08 17:54:49 | DEBUG    | src.processing.discovery:discover_prompt_files:40 - Found prompt file: 1/line_0002.txt
2025-09-08 17:54:49 | DEBUG    | src.processing.discovery:discover_prompt_files:40 - Found prompt file: 1/line_0003.txt
2025-09-08 17:54:49 | DEBUG    | src.processing.discovery:discover_prompt_files:40 - Found prompt file: 1/line_0017.txt
2025-09-08 17:54:49 | INFO     | src.processing.discovery:discover_prompt_files:45 - Discovered 27 prompt files
2025-09-08 17:54:49 | DEBUG    | src.processing.discovery:discover_profiles:93 - Loaded profile: USER-FILES/03.PROFILES/seedream_v3_1080p.yaml
2025-09-08 17:54:49 | INFO     | src.processing.discovery:discover_profiles:97 - Loaded 1 profiles
2025-09-08 17:54:49 | INFO     | src.processing.discovery:get_active_models:131 - Found profile: seedream_v3_1080p
2025-09-08 17:54:49 | INFO     | src.processing.discovery:get_active_models:136 - Total profiles to process: 1
2025-09-08 17:54:49 | INFO     | src.config.validator:validate_all:26 - All configuration validation passed
2025-09-08 17:54:49 | INFO     | __main__:main:104 - Output directory: USER-FILES/05.OUTPUT/250908_175449
2025-09-08 17:54:49 | INFO     | __main__:main:166 - Starting matrix processing...
2025-09-08 17:54:49 | INFO     | src.processing.processor:process_all:69 - Processing 27 combinations (27 files × 1 profiles)
2025-09-08 17:54:49 | INFO     | src.processing.discovery:load_prompts:63 - Loaded prompt from line_0001.txt
2025-09-08 17:54:49 | INFO     | src.processing.processor:process_all:105 - Processing combination 1/27: 1/line_0001.txt + seedream_v3_1080p
2025-09-08 17:54:49 | DEBUG    | src.processing.processor:_process_file_model_combination:181 - Added prefix to prompt: cinematic style shot of 
2025-09-08 17:54:49 | DEBUG    | src.processing.processor:_process_file_model_combination:185 - Added suffix to prompt: Shot on 35mm film.
2025-09-08 17:54:49 | DEBUG    | src.processing.processor:_process_file_model_combination:187 - Processing 1/line_0001.txt: cinematic style shot of  "Clipart-style illustrati...
2025-09-08 17:54:49 | DEBUG    | src.api.client:_call_with_retry:114 - API call attempt 1/3
2025-09-08 17:54:59 | DEBUG    | src.api.client:_call_with_retry:127 - API call successful
2025-09-08 17:55:01 | INFO     | src.output.writer:save_image:119 - Saved valid image: USER-FILES/05.OUTPUT/250908_175449/seedream_v3_1080p/1/line_0001_175459_seedream_v3_1080p_1920x1080.jpeg
2025-09-08 17:55:01 | DEBUG    | src.output.writer:save_image:135 - Saved API payload: USER-FILES/05.OUTPUT/250908_175449/seedream_v3_1080p/1/line_0001_175459_seedream_v3_1080p_1920x1080.json
2025-09-08 17:55:01 | INFO     | src.processing.processor:_process_file_model_combination:234 - Saved image: line_0001_175459_seedream_v3_1080p_1920x1080.jpeg
2025-09-08 17:55:01 | INFO     | src.processing.discovery:load_prompts:63 - Loaded prompt from line_0002.txt
2025-09-08 17:55:01 | INFO     | src.processing.processor:process_all:105 - Processing combination 2/27: 1/line_0002.txt + seedream_v3_1080p
2025-09-08 17:55:01 | DEBUG    | src.processing.processor:_process_file_model_combination:181 - Added prefix to prompt: cinematic style shot of 
2025-09-08 17:55:01 | DEBUG    | src.processing.processor:_process_file_model_combination:185 - Added suffix to prompt: Shot on 35mm film.
2025-09-08 17:55:01 | DEBUG    | src.processing.processor:_process_file_model_combination:187 - Processing 1/line_0002.txt: cinematic style shot of  Group of 3 AWS employees ...
2025-09-08 17:55:01 | DEBUG    | src.api.client:_call_with_retry:114 - API call attempt 1/3
2025-09-08 17:55:12 | DEBUG    | src.api.client:_call_with_retry:127 - API call successful
2025-09-08 17:55:14 | INFO     | src.output.writer:save_image:119 - Saved valid image: USER-FILES/05.OUTPUT/250908_175449/seedream_v3_1080p/1/line_0002_175512_seedream_v3_1080p_1920x1080.jpeg
2025-09-08 17:55:14 | DEBUG    | src.output.writer:save_image:135 - Saved API payload: USER-FILES/05.OUTPUT/250908_175449/seedream_v3_1080p/1/line_0002_175512_seedream_v3_1080p_1920x1080.json
2025-09-08 17:55:14 | INFO     | src.processing.processor:_process_file_model_combination:234 - Saved image: line_0002_175512_seedream_v3_1080p_1920x1080.jpeg
2025-09-08 17:55:14 | INFO     | src.processing.discovery:load_prompts:63 - Loaded prompt from line_0003.txt
2025-09-08 17:55:14 | INFO     | src.processing.processor:process_all:105 - Processing combination 3/27: 1/line_0003.txt + seedream_v3_1080p
2025-09-08 17:55:14 | DEBUG    | src.processing.processor:_process_file_model_combination:181 - Added prefix to prompt: cinematic style shot of 
2025-09-08 17:55:14 | DEBUG    | src.processing.processor:_process_file_model_combination:185 - Added suffix to prompt: Shot on 35mm film.
2025-09-08 17:55:14 | DEBUG    | src.processing.processor:_process_file_model_combination:187 - Processing 1/line_0003.txt: cinematic style shot of  Clipart-style illustratio...
2025-09-08 17:55:14 | DEBUG    | src.api.client:_call_with_retry:114 - API call attempt 1/3
2025-09-08 17:55:29 | DEBUG    | src.api.client:_call_with_retry:127 - API call successful
2025-09-08 17:55:31 | INFO     | src.output.writer:save_image:119 - Saved valid image: USER-FILES/05.OUTPUT/250908_175449/seedream_v3_1080p/1/line_0003_175529_seedream_v3_1080p_1920x1080.jpeg
2025-09-08 17:55:31 | DEBUG    | src.output.writer:save_image:135 - Saved API payload: USER-FILES/05.OUTPUT/250908_175449/seedream_v3_1080p/1/line_0003_175529_seedream_v3_1080p_1920x1080.json
2025-09-08 17:55:31 | INFO     | src.processing.processor:_process_file_model_combination:234 - Saved image: line_0003_175529_seedream_v3_1080p_1920x1080.jpeg
2025-09-08 17:55:31 | INFO     | src.processing.discovery:load_prompts:63 - Loaded prompt from line_0004.txt
2025-09-08 17:55:31 | INFO     | src.processing.processor:process_all:105 - Processing combination 4/27: 1/line_0004.txt + seedream_v3_1080p
2025-09-08 17:55:31 | DEBUG    | src.processing.processor:_process_file_model_combination:181 - Added prefix to prompt: cinematic style shot of 
2025-09-08 17:55:31 | DEBUG    | src.processing.processor:_process_file_model_combination:185 - Added suffix to prompt: Shot on 35mm film.
2025-09-08 17:55:31 | DEBUG    | src.processing.processor:_process_file_model_combination:187 - Processing 1/line_0004.txt: cinematic style shot of  Group of 4 AWS technician...
2025-09-08 17:55:31 | DEBUG    | src.api.client:_call_with_retry:114 - API call attempt 1/3
2025-09-08 17:55:43 | DEBUG    | src.api.client:_call_with_retry:127 - API call successful
2025-09-08 17:55:46 | INFO     | src.output.writer:save_image:119 - Saved valid image: USER-FILES/05.OUTPUT/250908_175449/seedream_v3_1080p/1/line_0004_175543_seedream_v3_1080p_1920x1080.jpeg
2025-09-08 17:55:46 | DEBUG    | src.output.writer:save_image:135 - Saved API payload: USER-FILES/05.OUTPUT/250908_175449/seedream_v3_1080p/1/line_0004_175543_seedream_v3_1080p_1920x1080.json
2025-09-08 17:55:46 | INFO     | src.processing.processor:_process_file_model_combination:234 - Saved image: line_0004_175543_seedream_v3_1080p_1920x1080.jpeg
2025-09-08 17:55:46 | INFO     | src.processing.discovery:load_prompts:63 - Loaded prompt from line_0005.txt
2025-09-08 17:55:46 | INFO     | src.processing.processor:process_all:105 - Processing combination 5/27: 1/line_0005.txt + seedream_v3_1080p
2025-09-08 17:55:46 | DEBUG    | src.processing.processor:_process_file_model_combination:181 - Added prefix to prompt: cinematic style shot of 
2025-09-08 17:55:46 | DEBUG    | src.processing.processor:_process_file_model_combination:185 - Added suffix to prompt: Shot on 35mm film.
2025-09-08 17:55:46 | DEBUG    | src.processing.processor:_process_file_model_combination:187 - Processing 1/line_0005.txt: cinematic style shot of  "Clipart-style illustrati...
2025-09-08 17:55:46 | DEBUG    | src.api.client:_call_with_retry:114 - API call attempt 1/3
2025-09-08 17:55:57 | DEBUG    | src.api.client:_call_with_retry:127 - API call successful
2025-09-08 17:56:00 | INFO     | src.output.writer:save_image:119 - Saved valid image: USER-FILES/05.OUTPUT/250908_175449/seedream_v3_1080p/1/line_0005_175557_seedream_v3_1080p_1920x1080.jpeg
2025-09-08 17:56:00 | DEBUG    | src.output.writer:save_image:135 - Saved API payload: USER-FILES/05.OUTPUT/250908_175449/seedream_v3_1080p/1/line_0005_175557_seedream_v3_1080p_1920x1080.json
2025-09-08 17:56:00 | INFO     | src.processing.processor:_process_file_model_combination:234 - Saved image: line_0005_175557_seedream_v3_1080p_1920x1080.jpeg
2025-09-08 17:56:00 | INFO     | src.processing.discovery:load_prompts:63 - Loaded prompt from line_0006.txt
2025-09-08 17:56:00 | INFO     | src.processing.processor:process_all:105 - Processing combination 6/27: 1/line_0006.txt + seedream_v3_1080p
2025-09-08 17:56:00 | DEBUG    | src.processing.processor:_process_file_model_combination:181 - Added prefix to prompt: cinematic style shot of 
2025-09-08 17:56:00 | DEBUG    | src.processing.processor:_process_file_model_combination:185 - Added suffix to prompt: Shot on 35mm film.
2025-09-08 17:56:00 | DEBUG    | src.processing.processor:_process_file_model_combination:187 - Processing 1/line_0006.txt: cinematic style shot of  Dutch angle, off-centered...
2025-09-08 17:56:00 | DEBUG    | src.api.client:_call_with_retry:114 - API call attempt 1/3
2025-09-08 17:56:13 | DEBUG    | src.api.client:_call_with_retry:127 - API call successful
2025-09-08 17:56:14 | INFO     | src.output.writer:save_image:119 - Saved valid image: USER-FILES/05.OUTPUT/250908_175449/seedream_v3_1080p/1/line_0006_175613_seedream_v3_1080p_1920x1080.jpeg
2025-09-08 17:56:14 | DEBUG    | src.output.writer:save_image:135 - Saved API payload: USER-FILES/05.OUTPUT/250908_175449/seedream_v3_1080p/1/line_0006_175613_seedream_v3_1080p_1920x1080.json
2025-09-08 17:56:14 | INFO     | src.processing.processor:_process_file_model_combination:234 - Saved image: line_0006_175613_seedream_v3_1080p_1920x1080.jpeg
2025-09-08 17:56:14 | INFO     | src.processing.discovery:load_prompts:63 - Loaded prompt from line_0007.txt
2025-09-08 17:56:14 | INFO     | src.processing.processor:process_all:105 - Processing combination 7/27: 1/line_0007.txt + seedream_v3_1080p
2025-09-08 17:56:14 | DEBUG    | src.processing.processor:_process_file_model_combination:181 - Added prefix to prompt: cinematic style shot of 
2025-09-08 17:56:14 | DEBUG    | src.processing.processor:_process_file_model_combination:185 - Added suffix to prompt: Shot on 35mm film.
2025-09-08 17:56:14 | DEBUG    | src.processing.processor:_process_file_model_combination:187 - Processing 1/line_0007.txt: cinematic style shot of  Group of 2 site managers ...
2025-09-08 17:56:14 | DEBUG    | src.api.client:_call_with_retry:114 - API call attempt 1/3
2025-09-08 17:56:25 | DEBUG    | src.api.client:_call_with_retry:127 - API call successful
2025-09-08 17:56:28 | INFO     | src.output.writer:save_image:119 - Saved valid image: USER-FILES/05.OUTPUT/250908_175449/seedream_v3_1080p/1/line_0007_175625_seedream_v3_1080p_1920x1080.jpeg
2025-09-08 17:56:28 | DEBUG    | src.output.writer:save_image:135 - Saved API payload: USER-FILES/05.OUTPUT/250908_175449/seedream_v3_1080p/1/line_0007_175625_seedream_v3_1080p_1920x1080.json
2025-09-08 17:56:28 | INFO     | src.processing.processor:_process_file_model_combination:234 - Saved image: line_0007_175625_seedream_v3_1080p_1920x1080.jpeg
2025-09-08 17:56:28 | INFO     | src.processing.discovery:load_prompts:63 - Loaded prompt from line_0008.txt
2025-09-08 17:56:28 | INFO     | src.processing.processor:process_all:105 - Processing combination 8/27: 1/line_0008.txt + seedream_v3_1080p
2025-09-08 17:56:28 | DEBUG    | src.processing.processor:_process_file_model_combination:181 - Added prefix to prompt: cinematic style shot of 
2025-09-08 17:56:28 | DEBUG    | src.processing.processor:_process_file_model_combination:185 - Added suffix to prompt: Shot on 35mm film.
2025-09-08 17:56:28 | DEBUG    | src.processing.processor:_process_file_model_combination:187 - Processing 1/line_0008.txt: cinematic style shot of  Group of 3 site managers ...
2025-09-08 17:56:28 | DEBUG    | src.api.client:_call_with_retry:114 - API call attempt 1/3
2025-09-08 17:56:38 | DEBUG    | src.api.client:_call_with_retry:127 - API call successful
2025-09-08 17:56:40 | INFO     | src.output.writer:save_image:119 - Saved valid image: USER-FILES/05.OUTPUT/250908_175449/seedream_v3_1080p/1/line_0008_175638_seedream_v3_1080p_1920x1080.jpeg
2025-09-08 17:56:40 | DEBUG    | src.output.writer:save_image:135 - Saved API payload: USER-FILES/05.OUTPUT/250908_175449/seedream_v3_1080p/1/line_0008_175638_seedream_v3_1080p_1920x1080.json
2025-09-08 17:56:40 | INFO     | src.processing.processor:_process_file_model_combination:234 - Saved image: line_0008_175638_seedream_v3_1080p_1920x1080.jpeg
2025-09-08 17:56:40 | INFO     | src.processing.discovery:load_prompts:63 - Loaded prompt from line_0009.txt
2025-09-08 17:56:40 | INFO     | src.processing.processor:process_all:105 - Processing combination 9/27: 1/line_0009.txt + seedream_v3_1080p
2025-09-08 17:56:40 | DEBUG    | src.processing.processor:_process_file_model_combination:181 - Added prefix to prompt: cinematic style shot of 
2025-09-08 17:56:40 | DEBUG    | src.processing.processor:_process_file_model_combination:185 - Added suffix to prompt: Shot on 35mm film.
2025-09-08 17:56:40 | DEBUG    | src.processing.processor:_process_file_model_combination:187 - Processing 1/line_0009.txt: cinematic style shot of  Group of 5 operations tea...
2025-09-08 17:56:40 | DEBUG    | src.api.client:_call_with_retry:114 - API call attempt 1/3
2025-09-08 17:56:53 | DEBUG    | src.api.client:_call_with_retry:127 - API call successful
2025-09-08 17:56:55 | INFO     | src.output.writer:save_image:119 - Saved valid image: USER-FILES/05.OUTPUT/250908_175449/seedream_v3_1080p/1/line_0009_175653_seedream_v3_1080p_1920x1080.jpeg
2025-09-08 17:56:55 | DEBUG    | src.output.writer:save_image:135 - Saved API payload: USER-FILES/05.OUTPUT/250908_175449/seedream_v3_1080p/1/line_0009_175653_seedream_v3_1080p_1920x1080.json
2025-09-08 17:56:55 | INFO     | src.processing.processor:_process_file_model_combination:234 - Saved image: line_0009_175653_seedream_v3_1080p_1920x1080.jpeg
2025-09-08 17:56:55 | INFO     | src.processing.discovery:load_prompts:63 - Loaded prompt from line_0010.txt
2025-09-08 17:56:55 | INFO     | src.processing.processor:process_all:105 - Processing combination 10/27: 1/line_0010.txt + seedream_v3_1080p
2025-09-08 17:56:55 | DEBUG    | src.processing.processor:_process_file_model_combination:181 - Added prefix to prompt: cinematic style shot of 
2025-09-08 17:56:55 | DEBUG    | src.processing.processor:_process_file_model_combination:185 - Added suffix to prompt: Shot on 35mm film.
2025-09-08 17:56:55 | DEBUG    | src.processing.processor:_process_file_model_combination:187 - Processing 1/line_0010.txt: cinematic style shot of  Clipart-style illustratio...
2025-09-08 17:56:55 | DEBUG    | src.api.client:_call_with_retry:114 - API call attempt 1/3
2025-09-08 17:57:08 | DEBUG    | src.api.client:_call_with_retry:127 - API call successful
2025-09-08 17:57:11 | INFO     | src.output.writer:save_image:119 - Saved valid image: USER-FILES/05.OUTPUT/250908_175449/seedream_v3_1080p/1/line_0010_175708_seedream_v3_1080p_1920x1080.jpeg
2025-09-08 17:57:11 | DEBUG    | src.output.writer:save_image:135 - Saved API payload: USER-FILES/05.OUTPUT/250908_175449/seedream_v3_1080p/1/line_0010_175708_seedream_v3_1080p_1920x1080.json
2025-09-08 17:57:11 | INFO     | src.processing.processor:_process_file_model_combination:234 - Saved image: line_0010_175708_seedream_v3_1080p_1920x1080.jpeg
2025-09-08 17:57:11 | INFO     | src.processing.discovery:load_prompts:63 - Loaded prompt from line_0011.txt
2025-09-08 17:57:11 | INFO     | src.processing.processor:process_all:105 - Processing combination 11/27: 1/line_0011.txt + seedream_v3_1080p
2025-09-08 17:57:11 | DEBUG    | src.processing.processor:_process_file_model_combination:181 - Added prefix to prompt: cinematic style shot of 
2025-09-08 17:57:11 | DEBUG    | src.processing.processor:_process_file_model_combination:185 - Added suffix to prompt: Shot on 35mm film.
2025-09-08 17:57:11 | DEBUG    | src.processing.processor:_process_file_model_combination:187 - Processing 1/line_0011.txt: cinematic style shot of  Group of 2 incident comma...
2025-09-08 17:57:11 | DEBUG    | src.api.client:_call_with_retry:114 - API call attempt 1/3
2025-09-08 17:57:19 | WARNING  | __main__:main:208 - Interrupted by user
