2025-08-25 19:02:26 | INFO     | src.utils.logging:setup_logging:39 - Logging configured (verbose=False, debug=False)
2025-08-25 19:02:26 | INFO     | __main__:main:67 - Loading configuration...
2025-08-25 19:02:26 | INFO     | src.config.loader:load_config:42 - Loaded configuration from USER-FILES/01.CONFIG/config.yaml
2025-08-25 19:02:26 | INFO     | __main__:main:72 - Authenticating...
2025-08-25 19:02:26 | DEBUG    | src.auth.env:get_fal_api_key_from_env:19 - Loaded environment from /Users/ruben/08_-_DEVELOPMENT/ISOF_IMAGE_WORKFLOW/00.fal-text->image-tool/.env
2025-08-25 19:02:26 | INFO     | src.auth.env:get_fal_api_key_from_env:25 - Successfully retrieved FAL API key from environment
2025-08-25 19:02:26 | INFO     | __main__:main:76 - Discovering inputs...
2025-08-25 19:02:26 | DEBUG    | src.processing.discovery:discover_prompt_files:38 - Found prompt file: USER-FILES/04.INPUT/prompt166.txt
2025-08-25 19:02:26 | DEBUG    | src.processing.discovery:discover_prompt_files:38 - Found prompt file: USER-FILES/04.INPUT/prompt172.txt
2025-08-25 19:02:26 | DEBUG    | src.processing.discovery:discover_prompt_files:38 - Found prompt file: USER-FILES/04.INPUT/prompt35.txt
2025-08-25 19:02:26 | DEBUG    | src.processing.discovery:discover_prompt_files:38 - Found prompt file: USER-FILES/04.INPUT/prompt34.txt
2025-08-25 19:02:26 | DEBUG    | src.processing.discovery:discover_prompt_files:38 - Found prompt file: USER-FILES/04.INPUT/prompt173.txt
2025-08-25 19:02:26 | DEBUG    | src.processing.discovery:discover_prompt_files:38 - Found prompt file: USER-FILES/04.INPUT/prompt167.txt
2025-08-25 19:02:26 | DEBUG    | src.processing.discovery:discover_prompt_files:38 - Found prompt file: USER-FILES/04.INPUT/prompt159.txt
2025-08-25 19:02:26 | DEBUG    | src.processing.discovery:discover_prompt_files:38 - Found prompt file: USER-FILES/04.INPUT/prompt171.txt
2025-08-25 19:02:26 | DEBUG    | src.processing.discovery:discover_prompt_files:38 - Found prompt file: USER-FILES/04.INPUT/prompt165.txt
2025-08-25 19:02:26 | DEBUG    | src.processing.discovery:discover_prompt_files:38 - Found prompt file: USER-FILES/04.INPUT/prompt36.txt
2025-08-25 19:02:26 | DEBUG    | src.processing.discovery:discover_prompt_files:38 - Found prompt file: USER-FILES/04.INPUT/prompt37.txt
2025-08-25 19:02:26 | DEBUG    | src.processing.discovery:discover_prompt_files:38 - Found prompt file: USER-FILES/04.INPUT/prompt164.txt
2025-08-25 19:02:26 | DEBUG    | src.processing.discovery:discover_prompt_files:38 - Found prompt file: USER-FILES/04.INPUT/prompt170.txt
2025-08-25 19:02:26 | DEBUG    | src.processing.discovery:discover_prompt_files:38 - Found prompt file: USER-FILES/04.INPUT/prompt158.txt
2025-08-25 19:02:26 | DEBUG    | src.processing.discovery:discover_prompt_files:38 - Found prompt file: USER-FILES/04.INPUT/prompt174.txt
2025-08-25 19:02:26 | DEBUG    | src.processing.discovery:discover_prompt_files:38 - Found prompt file: USER-FILES/04.INPUT/prompt160.txt
2025-08-25 19:02:26 | DEBUG    | src.processing.discovery:discover_prompt_files:38 - Found prompt file: USER-FILES/04.INPUT/prompt148.txt
2025-08-25 19:02:26 | DEBUG    | src.processing.discovery:discover_prompt_files:38 - Found prompt file: USER-FILES/04.INPUT/prompt33.txt
2025-08-25 19:02:26 | DEBUG    | src.processing.discovery:discover_prompt_files:38 - Found prompt file: USER-FILES/04.INPUT/prompt32.txt
2025-08-25 19:02:26 | DEBUG    | src.processing.discovery:discover_prompt_files:38 - Found prompt file: USER-FILES/04.INPUT/prompt149.txt
2025-08-25 19:02:26 | DEBUG    | src.processing.discovery:discover_prompt_files:38 - Found prompt file: USER-FILES/04.INPUT/prompt161.txt
2025-08-25 19:02:26 | DEBUG    | src.processing.discovery:discover_prompt_files:38 - Found prompt file: USER-FILES/04.INPUT/prompt175.txt
2025-08-25 19:02:26 | DEBUG    | src.processing.discovery:discover_prompt_files:38 - Found prompt file: USER-FILES/04.INPUT/prompt163.txt
2025-08-25 19:02:26 | DEBUG    | src.processing.discovery:discover_prompt_files:38 - Found prompt file: USER-FILES/04.INPUT/prompt177.txt
2025-08-25 19:02:26 | DEBUG    | src.processing.discovery:discover_prompt_files:38 - Found prompt file: USER-FILES/04.INPUT/prompt188.txt
2025-08-25 19:02:26 | DEBUG    | src.processing.discovery:discover_prompt_files:38 - Found prompt file: USER-FILES/04.INPUT/prompt30.txt
2025-08-25 19:02:26 | DEBUG    | src.processing.discovery:discover_prompt_files:38 - Found prompt file: USER-FILES/04.INPUT/prompt31.txt
2025-08-25 19:02:26 | DEBUG    | src.processing.discovery:discover_prompt_files:38 - Found prompt file: USER-FILES/04.INPUT/prompt189.txt
2025-08-25 19:02:26 | DEBUG    | src.processing.discovery:discover_prompt_files:38 - Found prompt file: USER-FILES/04.INPUT/prompt176.txt
2025-08-25 19:02:26 | DEBUG    | src.processing.discovery:discover_prompt_files:38 - Found prompt file: USER-FILES/04.INPUT/prompt162.txt
2025-08-25 19:02:26 | DEBUG    | src.processing.discovery:discover_prompt_files:38 - Found prompt file: USER-FILES/04.INPUT/prompt139.txt
2025-08-25 19:02:26 | DEBUG    | src.processing.discovery:discover_prompt_files:38 - Found prompt file: USER-FILES/04.INPUT/prompt105.txt
2025-08-25 19:02:26 | DEBUG    | src.processing.discovery:discover_prompt_files:38 - Found prompt file: USER-FILES/04.INPUT/prompt111.txt
2025-08-25 19:02:26 | DEBUG    | src.processing.discovery:discover_prompt_files:38 - Found prompt file: USER-FILES/04.INPUT/prompt42.txt
2025-08-25 19:02:26 | DEBUG    | src.processing.discovery:discover_prompt_files:38 - Found prompt file: USER-FILES/04.INPUT/prompt56.txt
2025-08-25 19:02:26 | DEBUG    | src.processing.discovery:discover_prompt_files:38 - Found prompt file: USER-FILES/04.INPUT/prompt81.txt
2025-08-25 19:02:26 | DEBUG    | src.processing.discovery:discover_prompt_files:38 - Found prompt file: USER-FILES/04.INPUT/prompt95.txt
2025-08-25 19:02:26 | DEBUG    | src.processing.discovery:discover_prompt_files:38 - Found prompt file: USER-FILES/04.INPUT/prompt94.txt
2025-08-25 19:02:26 | DEBUG    | src.processing.discovery:discover_prompt_files:38 - Found prompt file: USER-FILES/04.INPUT/prompt80.txt
2025-08-25 19:02:26 | DEBUG    | src.processing.discovery:discover_prompt_files:38 - Found prompt file: USER-FILES/04.INPUT/prompt57.txt
2025-08-25 19:02:26 | DEBUG    | src.processing.discovery:discover_prompt_files:38 - Found prompt file: USER-FILES/04.INPUT/prompt43.txt
2025-08-25 19:02:26 | DEBUG    | src.processing.discovery:discover_prompt_files:38 - Found prompt file: USER-FILES/04.INPUT/prompt110.txt
2025-08-25 19:02:26 | DEBUG    | src.processing.discovery:discover_prompt_files:38 - Found prompt file: USER-FILES/04.INPUT/prompt104.txt
2025-08-25 19:02:26 | DEBUG    | src.processing.discovery:discover_prompt_files:38 - Found prompt file: USER-FILES/04.INPUT/prompt138.txt
2025-08-25 19:02:26 | DEBUG    | src.processing.discovery:discover_prompt_files:38 - Found prompt file: USER-FILES/04.INPUT/prompt112.txt
2025-08-25 19:02:26 | DEBUG    | src.processing.discovery:discover_prompt_files:38 - Found prompt file: USER-FILES/04.INPUT/prompt106.txt
2025-08-25 19:02:26 | DEBUG    | src.processing.discovery:discover_prompt_files:38 - Found prompt file: USER-FILES/04.INPUT/prompt69.txt
2025-08-25 19:02:26 | DEBUG    | src.processing.discovery:discover_prompt_files:38 - Found prompt file: USER-FILES/04.INPUT/prompt55.txt
2025-08-25 19:02:26 | DEBUG    | src.processing.discovery:discover_prompt_files:38 - Found prompt file: USER-FILES/04.INPUT/prompt41.txt
2025-08-25 19:02:26 | DEBUG    | src.processing.discovery:discover_prompt_files:38 - Found prompt file: USER-FILES/04.INPUT/prompt96.txt
2025-08-25 19:02:26 | DEBUG    | src.processing.discovery:discover_prompt_files:38 - Found prompt file: USER-FILES/04.INPUT/prompt82.txt
2025-08-25 19:02:26 | DEBUG    | src.processing.discovery:discover_prompt_files:38 - Found prompt file: USER-FILES/04.INPUT/prompt83.txt
2025-08-25 19:02:26 | DEBUG    | src.processing.discovery:discover_prompt_files:38 - Found prompt file: USER-FILES/04.INPUT/prompt97.txt
2025-08-25 19:02:26 | DEBUG    | src.processing.discovery:discover_prompt_files:38 - Found prompt file: USER-FILES/04.INPUT/prompt40.txt
2025-08-25 19:02:26 | DEBUG    | src.processing.discovery:discover_prompt_files:38 - Found prompt file: USER-FILES/04.INPUT/prompt54.txt
2025-08-25 19:02:26 | DEBUG    | src.processing.discovery:discover_prompt_files:38 - Found prompt file: USER-FILES/04.INPUT/prompt68.txt
2025-08-25 19:02:26 | DEBUG    | src.processing.discovery:discover_prompt_files:38 - Found prompt file: USER-FILES/04.INPUT/prompt107.txt
2025-08-25 19:02:26 | DEBUG    | src.processing.discovery:discover_prompt_files:38 - Found prompt file: USER-FILES/04.INPUT/prompt113.txt
2025-08-25 19:02:26 | DEBUG    | src.processing.discovery:discover_prompt_files:38 - Found prompt file: USER-FILES/04.INPUT/prompt117.txt
2025-08-25 19:02:26 | DEBUG    | src.processing.discovery:discover_prompt_files:38 - Found prompt file: USER-FILES/04.INPUT/prompt103.txt
2025-08-25 19:02:26 | DEBUG    | src.processing.discovery:discover_prompt_files:38 - Found prompt file: USER-FILES/04.INPUT/prompt50.txt
2025-08-25 19:02:26 | DEBUG    | src.processing.discovery:discover_prompt_files:38 - Found prompt file: USER-FILES/04.INPUT/prompt44.txt
2025-08-25 19:02:26 | DEBUG    | src.processing.discovery:discover_prompt_files:38 - Found prompt file: USER-FILES/04.INPUT/prompt78.txt
2025-08-25 19:02:26 | DEBUG    | src.processing.discovery:discover_prompt_files:38 - Found prompt file: USER-FILES/04.INPUT/prompt93.txt
2025-08-25 19:02:26 | DEBUG    | src.processing.discovery:discover_prompt_files:38 - Found prompt file: USER-FILES/04.INPUT/prompt87.txt
2025-08-25 19:02:26 | DEBUG    | src.processing.discovery:discover_prompt_files:38 - Found prompt file: USER-FILES/04.INPUT/prompt86.txt
2025-08-25 19:02:26 | DEBUG    | src.processing.discovery:discover_prompt_files:38 - Found prompt file: USER-FILES/04.INPUT/prompt92.txt
2025-08-25 19:02:26 | DEBUG    | src.processing.discovery:discover_prompt_files:38 - Found prompt file: USER-FILES/04.INPUT/prompt79.txt
2025-08-25 19:02:26 | DEBUG    | src.processing.discovery:discover_prompt_files:38 - Found prompt file: USER-FILES/04.INPUT/prompt45.txt
2025-08-25 19:02:26 | DEBUG    | src.processing.discovery:discover_prompt_files:38 - Found prompt file: USER-FILES/04.INPUT/prompt51.txt
2025-08-25 19:02:26 | DEBUG    | src.processing.discovery:discover_prompt_files:38 - Found prompt file: USER-FILES/04.INPUT/prompt102.txt
2025-08-25 19:02:26 | DEBUG    | src.processing.discovery:discover_prompt_files:38 - Found prompt file: USER-FILES/04.INPUT/prompt116.txt
2025-08-25 19:02:26 | DEBUG    | src.processing.discovery:discover_prompt_files:38 - Found prompt file: USER-FILES/04.INPUT/prompt100.txt
2025-08-25 19:02:26 | DEBUG    | src.processing.discovery:discover_prompt_files:38 - Found prompt file: USER-FILES/04.INPUT/prompt114.txt
2025-08-25 19:02:26 | DEBUG    | src.processing.discovery:discover_prompt_files:38 - Found prompt file: USER-FILES/04.INPUT/prompt128.txt
2025-08-25 19:02:26 | DEBUG    | src.processing.discovery:discover_prompt_files:38 - Found prompt file: USER-FILES/04.INPUT/prompt47.txt
2025-08-25 19:02:26 | DEBUG    | src.processing.discovery:discover_prompt_files:38 - Found prompt file: USER-FILES/04.INPUT/prompt53.txt
2025-08-25 19:02:26 | DEBUG    | src.processing.discovery:discover_prompt_files:38 - Found prompt file: USER-FILES/04.INPUT/prompt84.txt
2025-08-25 19:02:26 | DEBUG    | src.processing.discovery:discover_prompt_files:38 - Found prompt file: USER-FILES/04.INPUT/prompt90.txt
2025-08-25 19:02:26 | DEBUG    | src.processing.discovery:discover_prompt_files:38 - Found prompt file: USER-FILES/04.INPUT/prompt91.txt
2025-08-25 19:02:26 | DEBUG    | src.processing.discovery:discover_prompt_files:38 - Found prompt file: USER-FILES/04.INPUT/prompt85.txt
2025-08-25 19:02:26 | DEBUG    | src.processing.discovery:discover_prompt_files:38 - Found prompt file: USER-FILES/04.INPUT/prompt52.txt
2025-08-25 19:02:26 | DEBUG    | src.processing.discovery:discover_prompt_files:38 - Found prompt file: USER-FILES/04.INPUT/prompt46.txt
2025-08-25 19:02:26 | DEBUG    | src.processing.discovery:discover_prompt_files:38 - Found prompt file: USER-FILES/04.INPUT/prompt129.txt
2025-08-25 19:02:26 | DEBUG    | src.processing.discovery:discover_prompt_files:38 - Found prompt file: USER-FILES/04.INPUT/prompt115.txt
2025-08-25 19:02:26 | DEBUG    | src.processing.discovery:discover_prompt_files:38 - Found prompt file: USER-FILES/04.INPUT/prompt101.txt
2025-08-25 19:02:26 | DEBUG    | src.processing.discovery:discover_prompt_files:38 - Found prompt file: USER-FILES/04.INPUT/prompt118.txt
2025-08-25 19:02:26 | DEBUG    | src.processing.discovery:discover_prompt_files:38 - Found prompt file: USER-FILES/04.INPUT/prompt124.txt
2025-08-25 19:02:26 | DEBUG    | src.processing.discovery:discover_prompt_files:38 - Found prompt file: USER-FILES/04.INPUT/prompt130.txt
2025-08-25 19:02:26 | DEBUG    | src.processing.discovery:discover_prompt_files:38 - Found prompt file: USER-FILES/04.INPUT/prompt63.txt
2025-08-25 19:02:26 | DEBUG    | src.processing.discovery:discover_prompt_files:38 - Found prompt file: USER-FILES/04.INPUT/prompt77.txt
2025-08-25 19:02:26 | DEBUG    | src.processing.discovery:discover_prompt_files:38 - Found prompt file: USER-FILES/04.INPUT/prompt88.txt
2025-08-25 19:02:26 | DEBUG    | src.processing.discovery:discover_prompt_files:38 - Found prompt file: USER-FILES/04.INPUT/prompt89.txt
2025-08-25 19:02:26 | DEBUG    | src.processing.discovery:discover_prompt_files:38 - Found prompt file: USER-FILES/04.INPUT/prompt76.txt
2025-08-25 19:02:26 | DEBUG    | src.processing.discovery:discover_prompt_files:38 - Found prompt file: USER-FILES/04.INPUT/prompt62.txt
2025-08-25 19:02:26 | DEBUG    | src.processing.discovery:discover_prompt_files:38 - Found prompt file: USER-FILES/04.INPUT/prompt131.txt
2025-08-25 19:02:26 | DEBUG    | src.processing.discovery:discover_prompt_files:38 - Found prompt file: USER-FILES/04.INPUT/prompt125.txt
2025-08-25 19:02:26 | DEBUG    | src.processing.discovery:discover_prompt_files:38 - Found prompt file: USER-FILES/04.INPUT/prompt119.txt
2025-08-25 19:02:26 | DEBUG    | src.processing.discovery:discover_prompt_files:38 - Found prompt file: USER-FILES/04.INPUT/prompt133.txt
2025-08-25 19:02:26 | DEBUG    | src.processing.discovery:discover_prompt_files:38 - Found prompt file: USER-FILES/04.INPUT/prompt127.txt
2025-08-25 19:02:26 | DEBUG    | src.processing.discovery:discover_prompt_files:38 - Found prompt file: USER-FILES/04.INPUT/prompt48.txt
2025-08-25 19:02:26 | DEBUG    | src.processing.discovery:discover_prompt_files:38 - Found prompt file: USER-FILES/04.INPUT/prompt74.txt
2025-08-25 19:02:26 | DEBUG    | src.processing.discovery:discover_prompt_files:38 - Found prompt file: USER-FILES/04.INPUT/prompt60.txt
2025-08-25 19:02:26 | DEBUG    | src.processing.discovery:discover_prompt_files:38 - Found prompt file: USER-FILES/04.INPUT/prompt61.txt
2025-08-25 19:02:26 | DEBUG    | src.processing.discovery:discover_prompt_files:38 - Found prompt file: USER-FILES/04.INPUT/prompt75.txt
2025-08-25 19:02:26 | DEBUG    | src.processing.discovery:discover_prompt_files:38 - Found prompt file: USER-FILES/04.INPUT/prompt49.txt
2025-08-25 19:02:26 | DEBUG    | src.processing.discovery:discover_prompt_files:38 - Found prompt file: USER-FILES/04.INPUT/prompt126.txt
2025-08-25 19:02:26 | DEBUG    | src.processing.discovery:discover_prompt_files:38 - Found prompt file: USER-FILES/04.INPUT/prompt132.txt
2025-08-25 19:02:26 | DEBUG    | src.processing.discovery:discover_prompt_files:38 - Found prompt file: USER-FILES/04.INPUT/prompt136.txt
2025-08-25 19:02:26 | DEBUG    | src.processing.discovery:discover_prompt_files:38 - Found prompt file: USER-FILES/04.INPUT/prompt122.txt
2025-08-25 19:02:26 | DEBUG    | src.processing.discovery:discover_prompt_files:38 - Found prompt file: USER-FILES/04.INPUT/prompt71.txt
2025-08-25 19:02:26 | DEBUG    | src.processing.discovery:discover_prompt_files:38 - Found prompt file: USER-FILES/04.INPUT/prompt65.txt
2025-08-25 19:02:26 | DEBUG    | src.processing.discovery:discover_prompt_files:38 - Found prompt file: USER-FILES/04.INPUT/prompt59.txt
2025-08-25 19:02:26 | DEBUG    | src.processing.discovery:discover_prompt_files:38 - Found prompt file: USER-FILES/04.INPUT/prompt58.txt
2025-08-25 19:02:26 | DEBUG    | src.processing.discovery:discover_prompt_files:38 - Found prompt file: USER-FILES/04.INPUT/prompt64.txt
2025-08-25 19:02:26 | DEBUG    | src.processing.discovery:discover_prompt_files:38 - Found prompt file: USER-FILES/04.INPUT/prompt70.txt
2025-08-25 19:02:26 | DEBUG    | src.processing.discovery:discover_prompt_files:38 - Found prompt file: USER-FILES/04.INPUT/prompt123.txt
2025-08-25 19:02:26 | DEBUG    | src.processing.discovery:discover_prompt_files:38 - Found prompt file: USER-FILES/04.INPUT/prompt137.txt
2025-08-25 19:02:26 | DEBUG    | src.processing.discovery:discover_prompt_files:38 - Found prompt file: USER-FILES/04.INPUT/prompt121.txt
2025-08-25 19:02:26 | DEBUG    | src.processing.discovery:discover_prompt_files:38 - Found prompt file: USER-FILES/04.INPUT/prompt135.txt
2025-08-25 19:02:26 | DEBUG    | src.processing.discovery:discover_prompt_files:38 - Found prompt file: USER-FILES/04.INPUT/prompt109.txt
2025-08-25 19:02:26 | DEBUG    | src.processing.discovery:discover_prompt_files:38 - Found prompt file: USER-FILES/04.INPUT/prompt66.txt
2025-08-25 19:02:26 | DEBUG    | src.processing.discovery:discover_prompt_files:38 - Found prompt file: USER-FILES/04.INPUT/prompt72.txt
2025-08-25 19:02:26 | DEBUG    | src.processing.discovery:discover_prompt_files:38 - Found prompt file: USER-FILES/04.INPUT/prompt99.txt
2025-08-25 19:02:26 | DEBUG    | src.processing.discovery:discover_prompt_files:38 - Found prompt file: USER-FILES/04.INPUT/prompt98.txt
2025-08-25 19:02:26 | DEBUG    | src.processing.discovery:discover_prompt_files:38 - Found prompt file: USER-FILES/04.INPUT/prompt73.txt
2025-08-25 19:02:26 | DEBUG    | src.processing.discovery:discover_prompt_files:38 - Found prompt file: USER-FILES/04.INPUT/prompt67.txt
2025-08-25 19:02:26 | DEBUG    | src.processing.discovery:discover_prompt_files:38 - Found prompt file: USER-FILES/04.INPUT/prompt108.txt
2025-08-25 19:02:26 | DEBUG    | src.processing.discovery:discover_prompt_files:38 - Found prompt file: USER-FILES/04.INPUT/prompt134.txt
2025-08-25 19:02:26 | DEBUG    | src.processing.discovery:discover_prompt_files:38 - Found prompt file: USER-FILES/04.INPUT/prompt120.txt
2025-08-25 19:02:26 | DEBUG    | src.processing.discovery:discover_prompt_files:38 - Found prompt file: USER-FILES/04.INPUT/prompt147.txt
2025-08-25 19:02:26 | DEBUG    | src.processing.discovery:discover_prompt_files:38 - Found prompt file: USER-FILES/04.INPUT/prompt153.txt
2025-08-25 19:02:26 | DEBUG    | src.processing.discovery:discover_prompt_files:38 - Found prompt file: USER-FILES/04.INPUT/prompt184.txt
2025-08-25 19:02:26 | DEBUG    | src.processing.discovery:discover_prompt_files:38 - Found prompt file: USER-FILES/04.INPUT/prompt190.txt
2025-08-25 19:02:26 | DEBUG    | src.processing.discovery:discover_prompt_files:38 - Found prompt file: USER-FILES/04.INPUT/prompt28.txt
2025-08-25 19:02:26 | DEBUG    | src.processing.discovery:discover_prompt_files:38 - Found prompt file: USER-FILES/04.INPUT/prompt29.txt
2025-08-25 19:02:26 | DEBUG    | src.processing.discovery:discover_prompt_files:38 - Found prompt file: USER-FILES/04.INPUT/prompt191.txt
2025-08-25 19:02:26 | DEBUG    | src.processing.discovery:discover_prompt_files:38 - Found prompt file: USER-FILES/04.INPUT/prompt185.txt
2025-08-25 19:02:26 | DEBUG    | src.processing.discovery:discover_prompt_files:38 - Found prompt file: USER-FILES/04.INPUT/prompt152.txt
2025-08-25 19:02:26 | DEBUG    | src.processing.discovery:discover_prompt_files:38 - Found prompt file: USER-FILES/04.INPUT/prompt146.txt
2025-08-25 19:02:26 | DEBUG    | src.processing.discovery:discover_prompt_files:38 - Found prompt file: USER-FILES/04.INPUT/prompt178.txt
2025-08-25 19:02:26 | DEBUG    | src.processing.discovery:discover_prompt_files:38 - Found prompt file: USER-FILES/04.INPUT/prompt150.txt
2025-08-25 19:02:26 | DEBUG    | src.processing.discovery:discover_prompt_files:38 - Found prompt file: USER-FILES/04.INPUT/prompt144.txt
2025-08-25 19:02:26 | DEBUG    | src.processing.discovery:discover_prompt_files:38 - Found prompt file: USER-FILES/04.INPUT/prompt187.txt
2025-08-25 19:02:26 | DEBUG    | src.processing.discovery:discover_prompt_files:38 - Found prompt file: USER-FILES/04.INPUT/prompt186.txt
2025-08-25 19:02:26 | DEBUG    | src.processing.discovery:discover_prompt_files:38 - Found prompt file: USER-FILES/04.INPUT/prompt192.txt
2025-08-25 19:02:26 | DEBUG    | src.processing.discovery:discover_prompt_files:38 - Found prompt file: USER-FILES/04.INPUT/prompt145.txt
2025-08-25 19:02:26 | DEBUG    | src.processing.discovery:discover_prompt_files:38 - Found prompt file: USER-FILES/04.INPUT/prompt151.txt
2025-08-25 19:02:26 | DEBUG    | src.processing.discovery:discover_prompt_files:38 - Found prompt file: USER-FILES/04.INPUT/prompt179.txt
2025-08-25 19:02:26 | DEBUG    | src.processing.discovery:discover_prompt_files:38 - Found prompt file: USER-FILES/04.INPUT/prompt155.txt
2025-08-25 19:02:26 | DEBUG    | src.processing.discovery:discover_prompt_files:38 - Found prompt file: USER-FILES/04.INPUT/prompt141.txt
2025-08-25 19:02:26 | DEBUG    | src.processing.discovery:discover_prompt_files:38 - Found prompt file: USER-FILES/04.INPUT/prompt169.txt
2025-08-25 19:02:26 | DEBUG    | src.processing.discovery:discover_prompt_files:38 - Found prompt file: USER-FILES/04.INPUT/prompt182.txt
2025-08-25 19:02:26 | DEBUG    | src.processing.discovery:discover_prompt_files:38 - Found prompt file: USER-FILES/04.INPUT/prompt183.txt
2025-08-25 19:02:26 | DEBUG    | src.processing.discovery:discover_prompt_files:38 - Found prompt file: USER-FILES/04.INPUT/prompt168.txt
2025-08-25 19:02:26 | DEBUG    | src.processing.discovery:discover_prompt_files:38 - Found prompt file: USER-FILES/04.INPUT/prompt140.txt
2025-08-25 19:02:26 | DEBUG    | src.processing.discovery:discover_prompt_files:38 - Found prompt file: USER-FILES/04.INPUT/prompt154.txt
2025-08-25 19:02:26 | DEBUG    | src.processing.discovery:discover_prompt_files:38 - Found prompt file: USER-FILES/04.INPUT/prompt142.txt
2025-08-25 19:02:26 | DEBUG    | src.processing.discovery:discover_prompt_files:38 - Found prompt file: USER-FILES/04.INPUT/prompt156.txt
2025-08-25 19:02:26 | DEBUG    | src.processing.discovery:discover_prompt_files:38 - Found prompt file: USER-FILES/04.INPUT/prompt181.txt
2025-08-25 19:02:26 | DEBUG    | src.processing.discovery:discover_prompt_files:38 - Found prompt file: USER-FILES/04.INPUT/prompt39.txt
2025-08-25 19:02:26 | DEBUG    | src.processing.discovery:discover_prompt_files:38 - Found prompt file: USER-FILES/04.INPUT/prompt38.txt
2025-08-25 19:02:26 | DEBUG    | src.processing.discovery:discover_prompt_files:38 - Found prompt file: USER-FILES/04.INPUT/prompt180.txt
2025-08-25 19:02:26 | DEBUG    | src.processing.discovery:discover_prompt_files:38 - Found prompt file: USER-FILES/04.INPUT/prompt157.txt
2025-08-25 19:02:26 | DEBUG    | src.processing.discovery:discover_prompt_files:38 - Found prompt file: USER-FILES/04.INPUT/prompt143.txt
2025-08-25 19:02:26 | INFO     | src.processing.discovery:discover_prompt_files:43 - Discovered 165 prompt files
2025-08-25 19:02:26 | DEBUG    | src.processing.discovery:discover_profiles:92 - Loaded profile: USER-FILES/03.PROFILES/seedream_v3_480p.yaml
2025-08-25 19:02:26 | INFO     | src.processing.discovery:discover_profiles:96 - Loaded 1 profiles
2025-08-25 19:02:26 | INFO     | src.processing.discovery:get_active_models:127 - Found profile: seedream_v3_480p
2025-08-25 19:02:26 | INFO     | src.processing.discovery:get_active_models:132 - Total profiles to process: 1
2025-08-25 19:02:26 | INFO     | src.config.validator:validate_all:26 - All configuration validation passed
2025-08-25 19:02:26 | INFO     | __main__:main:96 - Output directory: USER-FILES/05.OUTPUT/250825_190226
2025-08-25 19:02:26 | INFO     | __main__:main:157 - Starting matrix processing...
2025-08-25 19:02:26 | INFO     | src.processing.processor:process_all:65 - Processing 165 combinations (165 files × 1 profiles)
2025-08-25 19:02:26 | DEBUG    | src.processing.discovery:load_prompts:63 - Loaded prompt from line 1: Late 1700s Swedish palace interior, extreme close-...
2025-08-25 19:02:26 | INFO     | src.processing.discovery:load_prompts:65 - Loaded 1 prompts from prompt28.txt
2025-08-25 19:02:26 | INFO     | src.processing.processor:process_all:97 - Processing combination 1/165: prompt28.txt + seedream_v3_480p
2025-08-25 19:02:26 | DEBUG    | src.processing.processor:_process_file_model_combination:154 - Processing line 1: Late 1700s Swedish palace interior, extreme close-...
2025-08-25 19:02:26 | DEBUG    | src.api.client:_call_with_retry:100 - API call attempt 1/3
2025-08-25 19:02:33 | DEBUG    | src.api.client:_call_with_retry:113 - API call successful
2025-08-25 19:02:35 | INFO     | src.output.writer:save_image:84 - Saved valid image: USER-FILES/05.OUTPUT/250825_190226/prompt28_X_seedream_v3_480p/001_190233__Line1_seedream_v3_480p_854x480.jpeg
2025-08-25 19:02:35 | INFO     | src.processing.processor:_process_file_model_combination:185 - Saved image: 001_190233__Line1_seedream_v3_480p_854x480.jpeg
2025-08-25 19:02:35 | DEBUG    | src.processing.discovery:load_prompts:63 - Loaded prompt from line 1: Late 1700s Swedish palace interior, extreme close-...
2025-08-25 19:02:35 | INFO     | src.processing.discovery:load_prompts:65 - Loaded 1 prompts from prompt29.txt
2025-08-25 19:02:35 | INFO     | src.processing.processor:process_all:97 - Processing combination 2/165: prompt29.txt + seedream_v3_480p
2025-08-25 19:02:35 | DEBUG    | src.processing.processor:_process_file_model_combination:154 - Processing line 1: Late 1700s Swedish palace interior, extreme close-...
2025-08-25 19:02:35 | DEBUG    | src.api.client:_call_with_retry:100 - API call attempt 1/3
2025-08-25 19:02:40 | DEBUG    | src.api.client:_call_with_retry:113 - API call successful
2025-08-25 19:02:42 | INFO     | src.output.writer:save_image:84 - Saved valid image: USER-FILES/05.OUTPUT/250825_190226/prompt29_X_seedream_v3_480p/002_190240__Line1_seedream_v3_480p_854x480.jpeg
2025-08-25 19:02:42 | INFO     | src.processing.processor:_process_file_model_combination:185 - Saved image: 002_190240__Line1_seedream_v3_480p_854x480.jpeg
2025-08-25 19:02:42 | DEBUG    | src.processing.discovery:load_prompts:63 - Loaded prompt from line 1: Late 1700s Stockholm harbor exterior at golden hou...
2025-08-25 19:02:42 | INFO     | src.processing.discovery:load_prompts:65 - Loaded 1 prompts from prompt30.txt
2025-08-25 19:02:42 | INFO     | src.processing.processor:process_all:97 - Processing combination 3/165: prompt30.txt + seedream_v3_480p
2025-08-25 19:02:42 | DEBUG    | src.processing.processor:_process_file_model_combination:154 - Processing line 1: Late 1700s Stockholm harbor exterior at golden hou...
2025-08-25 19:02:42 | DEBUG    | src.api.client:_call_with_retry:100 - API call attempt 1/3
2025-08-25 19:02:50 | DEBUG    | src.api.client:_call_with_retry:113 - API call successful
2025-08-25 19:02:53 | INFO     | src.output.writer:save_image:84 - Saved valid image: USER-FILES/05.OUTPUT/250825_190226/prompt30_X_seedream_v3_480p/003_190250__Line1_seedream_v3_480p_854x480.jpeg
2025-08-25 19:02:53 | INFO     | src.processing.processor:_process_file_model_combination:185 - Saved image: 003_190250__Line1_seedream_v3_480p_854x480.jpeg
2025-08-25 19:02:53 | DEBUG    | src.processing.discovery:load_prompts:63 - Loaded prompt from line 1: Late 1700s Stockholm harbor exterior at golden hou...
2025-08-25 19:02:53 | INFO     | src.processing.discovery:load_prompts:65 - Loaded 1 prompts from prompt31.txt
2025-08-25 19:02:53 | INFO     | src.processing.processor:process_all:97 - Processing combination 4/165: prompt31.txt + seedream_v3_480p
2025-08-25 19:02:53 | DEBUG    | src.processing.processor:_process_file_model_combination:154 - Processing line 1: Late 1700s Stockholm harbor exterior at golden hou...
2025-08-25 19:02:53 | DEBUG    | src.api.client:_call_with_retry:100 - API call attempt 1/3
2025-08-25 19:03:04 | DEBUG    | src.api.client:_call_with_retry:113 - API call successful
2025-08-25 19:03:06 | INFO     | src.output.writer:save_image:84 - Saved valid image: USER-FILES/05.OUTPUT/250825_190226/prompt31_X_seedream_v3_480p/004_190304__Line1_seedream_v3_480p_854x480.jpeg
2025-08-25 19:03:06 | INFO     | src.processing.processor:_process_file_model_combination:185 - Saved image: 004_190304__Line1_seedream_v3_480p_854x480.jpeg
2025-08-25 19:03:06 | DEBUG    | src.processing.discovery:load_prompts:63 - Loaded prompt from line 1: Late 1700s storage space interior, medium wide sho...
2025-08-25 19:03:06 | INFO     | src.processing.discovery:load_prompts:65 - Loaded 1 prompts from prompt32.txt
2025-08-25 19:03:06 | INFO     | src.processing.processor:process_all:97 - Processing combination 5/165: prompt32.txt + seedream_v3_480p
2025-08-25 19:03:06 | DEBUG    | src.processing.processor:_process_file_model_combination:154 - Processing line 1: Late 1700s storage space interior, medium wide sho...
2025-08-25 19:03:06 | DEBUG    | src.api.client:_call_with_retry:100 - API call attempt 1/3
2025-08-25 19:03:14 | DEBUG    | src.api.client:_call_with_retry:113 - API call successful
2025-08-25 19:03:17 | INFO     | src.output.writer:save_image:84 - Saved valid image: USER-FILES/05.OUTPUT/250825_190226/prompt32_X_seedream_v3_480p/005_190314__Line1_seedream_v3_480p_854x480.jpeg
2025-08-25 19:03:17 | INFO     | src.processing.processor:_process_file_model_combination:185 - Saved image: 005_190314__Line1_seedream_v3_480p_854x480.jpeg
2025-08-25 19:03:17 | DEBUG    | src.processing.discovery:load_prompts:63 - Loaded prompt from line 1: Late 1700s city hall interior, clerk's office, med...
2025-08-25 19:03:17 | INFO     | src.processing.discovery:load_prompts:65 - Loaded 1 prompts from prompt33.txt
2025-08-25 19:03:17 | INFO     | src.processing.processor:process_all:97 - Processing combination 6/165: prompt33.txt + seedream_v3_480p
2025-08-25 19:03:17 | DEBUG    | src.processing.processor:_process_file_model_combination:154 - Processing line 1: Late 1700s city hall interior, clerk's office, med...
2025-08-25 19:03:17 | DEBUG    | src.api.client:_call_with_retry:100 - API call attempt 1/3
2025-08-25 19:03:23 | DEBUG    | src.api.client:_call_with_retry:113 - API call successful
2025-08-25 19:03:25 | INFO     | src.output.writer:save_image:84 - Saved valid image: USER-FILES/05.OUTPUT/250825_190226/prompt33_X_seedream_v3_480p/006_190323__Line1_seedream_v3_480p_854x480.jpeg
2025-08-25 19:03:25 | INFO     | src.processing.processor:_process_file_model_combination:185 - Saved image: 006_190323__Line1_seedream_v3_480p_854x480.jpeg
2025-08-25 19:03:25 | DEBUG    | src.processing.discovery:load_prompts:63 - Loaded prompt from line 1: Late 1700s city hall interior, close-up of two mal...
2025-08-25 19:03:25 | INFO     | src.processing.discovery:load_prompts:65 - Loaded 1 prompts from prompt34.txt
2025-08-25 19:03:25 | INFO     | src.processing.processor:process_all:97 - Processing combination 7/165: prompt34.txt + seedream_v3_480p
2025-08-25 19:03:25 | DEBUG    | src.processing.processor:_process_file_model_combination:154 - Processing line 1: Late 1700s city hall interior, close-up of two mal...
2025-08-25 19:03:25 | DEBUG    | src.api.client:_call_with_retry:100 - API call attempt 1/3
2025-08-25 19:03:30 | DEBUG    | src.api.client:_call_with_retry:113 - API call successful
2025-08-25 19:03:32 | INFO     | src.output.writer:save_image:84 - Saved valid image: USER-FILES/05.OUTPUT/250825_190226/prompt34_X_seedream_v3_480p/007_190330__Line1_seedream_v3_480p_854x480.jpeg
2025-08-25 19:03:32 | INFO     | src.processing.processor:_process_file_model_combination:185 - Saved image: 007_190330__Line1_seedream_v3_480p_854x480.jpeg
2025-08-25 19:03:32 | DEBUG    | src.processing.discovery:load_prompts:63 - Loaded prompt from line 1: Late 1700s rural cemetery exterior, summer day, wi...
2025-08-25 19:03:32 | INFO     | src.processing.discovery:load_prompts:65 - Loaded 1 prompts from prompt35.txt
2025-08-25 19:03:32 | INFO     | src.processing.processor:process_all:97 - Processing combination 8/165: prompt35.txt + seedream_v3_480p
2025-08-25 19:03:32 | DEBUG    | src.processing.processor:_process_file_model_combination:154 - Processing line 1: Late 1700s rural cemetery exterior, summer day, wi...
2025-08-25 19:03:32 | DEBUG    | src.api.client:_call_with_retry:100 - API call attempt 1/3
2025-08-25 19:03:38 | DEBUG    | src.api.client:_call_with_retry:113 - API call successful
2025-08-25 19:03:40 | INFO     | src.output.writer:save_image:84 - Saved valid image: USER-FILES/05.OUTPUT/250825_190226/prompt35_X_seedream_v3_480p/008_190338__Line1_seedream_v3_480p_854x480.jpeg
2025-08-25 19:03:40 | INFO     | src.processing.processor:_process_file_model_combination:185 - Saved image: 008_190338__Line1_seedream_v3_480p_854x480.jpeg
2025-08-25 19:03:40 | DEBUG    | src.processing.discovery:load_prompts:63 - Loaded prompt from line 1: Late 1700s rural cemetery exterior, summer day, me...
2025-08-25 19:03:40 | INFO     | src.processing.discovery:load_prompts:65 - Loaded 1 prompts from prompt36.txt
2025-08-25 19:03:40 | INFO     | src.processing.processor:process_all:97 - Processing combination 9/165: prompt36.txt + seedream_v3_480p
2025-08-25 19:03:40 | DEBUG    | src.processing.processor:_process_file_model_combination:154 - Processing line 1: Late 1700s rural cemetery exterior, summer day, me...
2025-08-25 19:03:40 | DEBUG    | src.api.client:_call_with_retry:100 - API call attempt 1/3
2025-08-25 19:03:48 | DEBUG    | src.api.client:_call_with_retry:113 - API call successful
2025-08-25 19:03:50 | INFO     | src.output.writer:save_image:84 - Saved valid image: USER-FILES/05.OUTPUT/250825_190226/prompt36_X_seedream_v3_480p/009_190348__Line1_seedream_v3_480p_854x480.jpeg
2025-08-25 19:03:50 | INFO     | src.processing.processor:_process_file_model_combination:185 - Saved image: 009_190348__Line1_seedream_v3_480p_854x480.jpeg
2025-08-25 19:03:50 | DEBUG    | src.processing.discovery:load_prompts:63 - Loaded prompt from line 1: Late 1700s storage space interior, medium wide sho...
2025-08-25 19:03:50 | INFO     | src.processing.discovery:load_prompts:65 - Loaded 1 prompts from prompt37.txt
2025-08-25 19:03:50 | INFO     | src.processing.processor:process_all:97 - Processing combination 10/165: prompt37.txt + seedream_v3_480p
2025-08-25 19:03:50 | DEBUG    | src.processing.processor:_process_file_model_combination:154 - Processing line 1: Late 1700s storage space interior, medium wide sho...
2025-08-25 19:03:50 | DEBUG    | src.api.client:_call_with_retry:100 - API call attempt 1/3
2025-08-25 19:03:55 | DEBUG    | src.api.client:_call_with_retry:113 - API call successful
2025-08-25 19:03:58 | INFO     | src.output.writer:save_image:84 - Saved valid image: USER-FILES/05.OUTPUT/250825_190226/prompt37_X_seedream_v3_480p/010_190355__Line1_seedream_v3_480p_854x480.jpeg
2025-08-25 19:03:58 | INFO     | src.processing.processor:_process_file_model_combination:185 - Saved image: 010_190355__Line1_seedream_v3_480p_854x480.jpeg
2025-08-25 19:03:58 | DEBUG    | src.processing.discovery:load_prompts:63 - Loaded prompt from line 1: Late 1700s Stockholm harbor exterior, summer day w...
2025-08-25 19:03:58 | INFO     | src.processing.discovery:load_prompts:65 - Loaded 1 prompts from prompt38.txt
2025-08-25 19:03:58 | INFO     | src.processing.processor:process_all:97 - Processing combination 11/165: prompt38.txt + seedream_v3_480p
2025-08-25 19:03:58 | DEBUG    | src.processing.processor:_process_file_model_combination:154 - Processing line 1: Late 1700s Stockholm harbor exterior, summer day w...
2025-08-25 19:03:58 | DEBUG    | src.api.client:_call_with_retry:100 - API call attempt 1/3
2025-08-25 19:04:03 | DEBUG    | src.api.client:_call_with_retry:113 - API call successful
2025-08-25 19:04:05 | INFO     | src.output.writer:save_image:84 - Saved valid image: USER-FILES/05.OUTPUT/250825_190226/prompt38_X_seedream_v3_480p/011_190404__Line1_seedream_v3_480p_854x480.jpeg
2025-08-25 19:04:05 | INFO     | src.processing.processor:_process_file_model_combination:185 - Saved image: 011_190404__Line1_seedream_v3_480p_854x480.jpeg
2025-08-25 19:04:05 | DEBUG    | src.processing.discovery:load_prompts:63 - Loaded prompt from line 1: Late 1700s middle class home interior, kitchen set...
2025-08-25 19:04:05 | INFO     | src.processing.discovery:load_prompts:65 - Loaded 1 prompts from prompt39.txt
2025-08-25 19:04:05 | INFO     | src.processing.processor:process_all:97 - Processing combination 12/165: prompt39.txt + seedream_v3_480p
2025-08-25 19:04:05 | DEBUG    | src.processing.processor:_process_file_model_combination:154 - Processing line 1: Late 1700s middle class home interior, kitchen set...
2025-08-25 19:04:05 | DEBUG    | src.api.client:_call_with_retry:100 - API call attempt 1/3
2025-08-25 19:04:06 | ERROR    | src.api.client:_call_with_retry:126 - Error on attempt 1: [{'loc': ['body', 'prompt'], 'msg': 'The content could not be processed because it contained material flagged by a content checker.', 'type': 'content_policy_violation', 'url': 'https://docs.fal.ai/errors#content_policy_violation', 'input': {'prompt': 'Late 1700s middle class home interior, kitchen setting, medium shot waist-up view. Elderly Jewish doctor in period clothing examining shirtless young Swedish boy with early stethoscope. Soft natural window light illuminating the scene, wooden furniture and shelves visible, medical bag nearby, warm domestic atmosphere with period-appropriate details.', 'image_size': {'width': 854, 'height': 480}, 'guidance_scale': 2.5, 'num_images': 1, 'seed': None, 'enable_safety_checker': True}}]
2025-08-25 19:04:06 | INFO     | src.api.client:_call_with_retry:130 - Retrying in 2s...
2025-08-25 19:04:08 | DEBUG    | src.api.client:_call_with_retry:100 - API call attempt 2/3
2025-08-25 19:04:10 | ERROR    | src.api.client:_call_with_retry:126 - Error on attempt 2: [{'loc': ['body', 'prompt'], 'msg': 'The content could not be processed because it contained material flagged by a content checker.', 'type': 'content_policy_violation', 'url': 'https://docs.fal.ai/errors#content_policy_violation', 'input': {'prompt': 'Late 1700s middle class home interior, kitchen setting, medium shot waist-up view. Elderly Jewish doctor in period clothing examining shirtless young Swedish boy with early stethoscope. Soft natural window light illuminating the scene, wooden furniture and shelves visible, medical bag nearby, warm domestic atmosphere with period-appropriate details.', 'image_size': {'width': 854, 'height': 480}, 'guidance_scale': 2.5, 'num_images': 1, 'seed': None, 'enable_safety_checker': True}}]
2025-08-25 19:04:10 | INFO     | src.api.client:_call_with_retry:130 - Retrying in 4s...
2025-08-25 19:04:14 | DEBUG    | src.api.client:_call_with_retry:100 - API call attempt 3/3
2025-08-25 19:04:15 | ERROR    | src.api.client:_call_with_retry:126 - Error on attempt 3: [{'loc': ['body', 'prompt'], 'msg': 'The content could not be processed because it contained material flagged by a content checker.', 'type': 'content_policy_violation', 'url': 'https://docs.fal.ai/errors#content_policy_violation', 'input': {'prompt': 'Late 1700s middle class home interior, kitchen setting, medium shot waist-up view. Elderly Jewish doctor in period clothing examining shirtless young Swedish boy with early stethoscope. Soft natural window light illuminating the scene, wooden furniture and shelves visible, medical bag nearby, warm domestic atmosphere with period-appropriate details.', 'image_size': {'width': 854, 'height': 480}, 'guidance_scale': 2.5, 'num_images': 1, 'seed': None, 'enable_safety_checker': True}}]
2025-08-25 19:04:15 | ERROR    | src.processing.processor:_process_file_model_combination:188 - Failed to generate image for line 1: [{'loc': ['body', 'prompt'], 'msg': 'The content could not be processed because it contained material flagged by a content checker.', 'type': 'content_policy_violation', 'url': 'https://docs.fal.ai/errors#content_policy_violation', 'input': {'prompt': 'Late 1700s middle class home interior, kitchen setting, medium shot waist-up view. Elderly Jewish doctor in period clothing examining shirtless young Swedish boy with early stethoscope. Soft natural window light illuminating the scene, wooden furniture and shelves visible, medical bag nearby, warm domestic atmosphere with period-appropriate details.', 'image_size': {'width': 854, 'height': 480}, 'guidance_scale': 2.5, 'num_images': 1, 'seed': None, 'enable_safety_checker': True}}]
2025-08-25 19:04:15 | ERROR    | src.processing.processor:process_all:119 - Failed processing prompt39.txt + seedream_v3_480p: [{'loc': ['body', 'prompt'], 'msg': 'The content could not be processed because it contained material flagged by a content checker.', 'type': 'content_policy_violation', 'url': 'https://docs.fal.ai/errors#content_policy_violation', 'input': {'prompt': 'Late 1700s middle class home interior, kitchen setting, medium shot waist-up view. Elderly Jewish doctor in period clothing examining shirtless young Swedish boy with early stethoscope. Soft natural window light illuminating the scene, wooden furniture and shelves visible, medical bag nearby, warm domestic atmosphere with period-appropriate details.', 'image_size': {'width': 854, 'height': 480}, 'guidance_scale': 2.5, 'num_images': 1, 'seed': None, 'enable_safety_checker': True}}]
2025-08-25 19:04:15 | ERROR    | __main__:main:192 - Fatal error: [{'loc': ['body', 'prompt'], 'msg': 'The content could not be processed because it contained material flagged by a content checker.', 'type': 'content_policy_violation', 'url': 'https://docs.fal.ai/errors#content_policy_violation', 'input': {'prompt': 'Late 1700s middle class home interior, kitchen setting, medium shot waist-up view. Elderly Jewish doctor in period clothing examining shirtless young Swedish boy with early stethoscope. Soft natural window light illuminating the scene, wooden furniture and shelves visible, medical bag nearby, warm domestic atmosphere with period-appropriate details.', 'image_size': {'width': 854, 'height': 480}, 'guidance_scale': 2.5, 'num_images': 1, 'seed': None, 'enable_safety_checker': True}}]
2025-08-25 19:04:15 | INFO     | src.output.writer:write_report:101 - Wrote report: USER-FILES/05.OUTPUT/250825_190226/COST.md
2025-08-25 19:04:15 | INFO     | src.output.writer:write_report:101 - Wrote report: USER-FILES/05.OUTPUT/250825_190226/FAILURE.md
2025-08-25 19:04:15 | INFO     | src.output.reporter:save_reports:197 - Reports generated successfully
