2025-08-26 06:30:40 | INFO     | src.utils.logging:setup_logging:39 - Logging configured (verbose=False, debug=False)
2025-08-26 06:30:40 | INFO     | __main__:main:67 - Loading configuration...
2025-08-26 06:30:40 | INFO     | src.config.loader:load_config:42 - Loaded configuration from USER-FILES/01.CONFIG/config.yaml
2025-08-26 06:30:40 | INFO     | __main__:main:72 - Authenticating...
2025-08-26 06:30:40 | DEBUG    | src.auth.env:get_fal_api_key_from_env:19 - Loaded environment from /Users/ruben/08_-_DEVELOPMENT/ISOF_IMAGE_WORKFLOW/00.fal-text->image-tool/.env
2025-08-26 06:30:40 | INFO     | src.auth.env:get_fal_api_key_from_env:25 - Successfully retrieved FAL API key from environment
2025-08-26 06:30:40 | INFO     | __main__:main:76 - Discovering inputs...
2025-08-26 06:30:40 | DEBUG    | src.processing.discovery:discover_prompt_files:38 - Found prompt file: USER-FILES/04.INPUT/prompt27.txt
2025-08-26 06:30:40 | DEBUG    | src.processing.discovery:discover_prompt_files:38 - Found prompt file: USER-FILES/04.INPUT/prompt39.txt
2025-08-26 06:30:40 | INFO     | src.processing.discovery:discover_prompt_files:43 - Discovered 2 prompt files
2025-08-26 06:30:40 | DEBUG    | src.processing.discovery:discover_profiles:92 - Loaded profile: USER-FILES/03.PROFILES/seedream_v3_480p.yaml
2025-08-26 06:30:40 | INFO     | src.processing.discovery:discover_profiles:96 - Loaded 1 profiles
2025-08-26 06:30:40 | INFO     | src.processing.discovery:get_active_models:127 - Found profile: seedream_v3_480p
2025-08-26 06:30:40 | INFO     | src.processing.discovery:get_active_models:132 - Total profiles to process: 1
2025-08-26 06:30:40 | INFO     | src.config.validator:validate_all:26 - All configuration validation passed
2025-08-26 06:30:40 | INFO     | __main__:main:96 - Output directory: USER-FILES/05.OUTPUT/250826_063040
2025-08-26 06:30:40 | INFO     | __main__:main:157 - Starting matrix processing...
2025-08-26 06:30:40 | INFO     | src.processing.processor:process_all:65 - Processing 2 combinations (2 files × 1 profiles)
2025-08-26 06:30:40 | DEBUG    | src.processing.discovery:load_prompts:63 - Loaded prompt from line 1: Late 1700s Swedish palace interior, extreme close-...
2025-08-26 06:30:40 | INFO     | src.processing.discovery:load_prompts:65 - Loaded 1 prompts from prompt27.txt
2025-08-26 06:30:40 | INFO     | src.processing.processor:process_all:97 - Processing combination 1/2: prompt27.txt + seedream_v3_480p
2025-08-26 06:30:40 | DEBUG    | src.processing.processor:_process_file_model_combination:154 - Processing line 1: Late 1700s Swedish palace interior, extreme close-...
2025-08-26 06:30:40 | DEBUG    | src.api.client:_call_with_retry:100 - API call attempt 1/3
2025-08-26 06:30:46 | DEBUG    | src.api.client:_call_with_retry:113 - API call successful
2025-08-26 06:30:48 | INFO     | src.output.writer:save_image:84 - Saved valid image: USER-FILES/05.OUTPUT/250826_063040/prompt27_X_seedream_v3_480p/001_063046__Line1_seedream_v3_480p_854x480.jpeg
2025-08-26 06:30:48 | INFO     | src.processing.processor:_process_file_model_combination:185 - Saved image: 001_063046__Line1_seedream_v3_480p_854x480.jpeg
2025-08-26 06:30:48 | DEBUG    | src.processing.discovery:load_prompts:63 - Loaded prompt from line 1: Late 1700s middle class home interior, kitchen set...
2025-08-26 06:30:48 | INFO     | src.processing.discovery:load_prompts:65 - Loaded 1 prompts from prompt39.txt
2025-08-26 06:30:48 | INFO     | src.processing.processor:process_all:97 - Processing combination 2/2: prompt39.txt + seedream_v3_480p
2025-08-26 06:30:48 | DEBUG    | src.processing.processor:_process_file_model_combination:154 - Processing line 1: Late 1700s middle class home interior, kitchen set...
2025-08-26 06:30:48 | DEBUG    | src.api.client:_call_with_retry:100 - API call attempt 1/3
2025-08-26 06:30:57 | DEBUG    | src.api.client:_call_with_retry:113 - API call successful
2025-08-26 06:30:58 | INFO     | src.output.writer:save_image:84 - Saved valid image: USER-FILES/05.OUTPUT/250826_063040/prompt39_X_seedream_v3_480p/002_063057__Line1_seedream_v3_480p_854x480.jpeg
2025-08-26 06:30:58 | INFO     | src.processing.processor:_process_file_model_combination:185 - Saved image: 002_063057__Line1_seedream_v3_480p_854x480.jpeg
2025-08-26 06:30:58 | DEBUG    | src.processing.discovery:load_prompts:63 - Loaded prompt from line 1: Late 1700s Swedish palace interior, extreme close-...
2025-08-26 06:30:58 | INFO     | src.processing.discovery:load_prompts:65 - Loaded 1 prompts from prompt27.txt
2025-08-26 06:30:58 | DEBUG    | src.processing.discovery:load_prompts:63 - Loaded prompt from line 1: Late 1700s middle class home interior, kitchen set...
2025-08-26 06:30:58 | INFO     | src.processing.discovery:load_prompts:65 - Loaded 1 prompts from prompt39.txt
2025-08-26 06:30:58 | INFO     | src.output.writer:write_report:101 - Wrote report: USER-FILES/05.OUTPUT/250826_063040/COST.md
2025-08-26 06:30:58 | INFO     | src.output.writer:write_report:101 - Wrote report: USER-FILES/05.OUTPUT/250826_063040/SUCCESS.md
2025-08-26 06:30:58 | INFO     | src.output.reporter:save_reports:197 - Reports generated successfully
2025-08-26 06:30:58 | SUCCESS  | __main__:main:182 - ✅ Completed successfully! Generated 2 images
