2025-09-09 06:11:18 | INFO     | src.utils.logging:setup_logging:39 - Logging configured (verbose=False, debug=False)
2025-09-09 06:11:18 | INFO     | __main__:main:75 - Loading configuration...
2025-09-09 06:11:18 | INFO     | src.config.loader:load_config:42 - Loaded configuration from USER-FILES/01.CONFIG/config.yaml
2025-09-09 06:11:18 | INFO     | __main__:main:80 - Authenticating...
2025-09-09 06:11:18 | DEBUG    | src.auth.env:get_fal_api_key_from_env:19 - Loaded environment from /Users/ruben/08_-_DEVELOPMENT/ISOF_IMAGE_WORKFLOW/00.fal_text-to-image_tool/.env
2025-09-09 06:11:18 | INFO     | src.auth.env:get_fal_api_key_from_env:25 - Successfully retrieved FAL API key from environment
2025-09-09 06:11:18 | INFO     | __main__:main:84 - Discovering inputs...
2025-09-09 06:11:18 | DEBUG    | src.processing.discovery:discover_prompt_files:40 - Found prompt file: incident commander_straight/1/line_0026.txt
2025-09-09 06:11:18 | DEBUG    | src.processing.discovery:discover_prompt_files:40 - Found prompt file: incident commander_straight/1/line_0027.txt
2025-09-09 06:11:18 | DEBUG    | src.processing.discovery:discover_prompt_files:40 - Found prompt file: incident commander_straight/1/line_0019.txt
2025-09-09 06:11:18 | DEBUG    | src.processing.discovery:discover_prompt_files:40 - Found prompt file: incident commander_straight/1/line_0025.txt
2025-09-09 06:11:18 | DEBUG    | src.processing.discovery:discover_prompt_files:40 - Found prompt file: incident commander_straight/1/line_0024.txt
2025-09-09 06:11:18 | DEBUG    | src.processing.discovery:discover_prompt_files:40 - Found prompt file: incident commander_straight/1/line_0018.txt
2025-09-09 06:11:18 | DEBUG    | src.processing.discovery:discover_prompt_files:40 - Found prompt file: incident commander_straight/1/line_0020.txt
2025-09-09 06:11:18 | DEBUG    | src.processing.discovery:discover_prompt_files:40 - Found prompt file: incident commander_straight/1/line_0008.txt
2025-09-09 06:11:18 | DEBUG    | src.processing.discovery:discover_prompt_files:40 - Found prompt file: incident commander_straight/1/line_0009.txt
2025-09-09 06:11:18 | DEBUG    | src.processing.discovery:discover_prompt_files:40 - Found prompt file: incident commander_straight/1/line_0021.txt
2025-09-09 06:11:18 | DEBUG    | src.processing.discovery:discover_prompt_files:40 - Found prompt file: incident commander_straight/1/line_0023.txt
2025-09-09 06:11:18 | DEBUG    | src.processing.discovery:discover_prompt_files:40 - Found prompt file: incident commander_straight/1/line_0022.txt
2025-09-09 06:11:18 | DEBUG    | src.processing.discovery:discover_prompt_files:40 - Found prompt file: incident commander_straight/1/line_0013.txt
2025-09-09 06:11:18 | DEBUG    | src.processing.discovery:discover_prompt_files:40 - Found prompt file: incident commander_straight/1/line_0007.txt
2025-09-09 06:11:18 | DEBUG    | src.processing.discovery:discover_prompt_files:40 - Found prompt file: incident commander_straight/1/line_0006.txt
2025-09-09 06:11:18 | DEBUG    | src.processing.discovery:discover_prompt_files:40 - Found prompt file: incident commander_straight/1/line_0012.txt
2025-09-09 06:11:18 | DEBUG    | src.processing.discovery:discover_prompt_files:40 - Found prompt file: incident commander_straight/1/line_0004.txt
2025-09-09 06:11:18 | DEBUG    | src.processing.discovery:discover_prompt_files:40 - Found prompt file: incident commander_straight/1/line_0010.txt
2025-09-09 06:11:18 | DEBUG    | src.processing.discovery:discover_prompt_files:40 - Found prompt file: incident commander_straight/1/line_0011.txt
2025-09-09 06:11:18 | DEBUG    | src.processing.discovery:discover_prompt_files:40 - Found prompt file: incident commander_straight/1/line_0005.txt
2025-09-09 06:11:18 | DEBUG    | src.processing.discovery:discover_prompt_files:40 - Found prompt file: incident commander_straight/1/line_0001.txt
2025-09-09 06:11:18 | DEBUG    | src.processing.discovery:discover_prompt_files:40 - Found prompt file: incident commander_straight/1/line_0015.txt
2025-09-09 06:11:18 | DEBUG    | src.processing.discovery:discover_prompt_files:40 - Found prompt file: incident commander_straight/1/line_0014.txt
2025-09-09 06:11:18 | DEBUG    | src.processing.discovery:discover_prompt_files:40 - Found prompt file: incident commander_straight/1/line_0016.txt
2025-09-09 06:11:18 | DEBUG    | src.processing.discovery:discover_prompt_files:40 - Found prompt file: incident commander_straight/1/line_0002.txt
2025-09-09 06:11:18 | DEBUG    | src.processing.discovery:discover_prompt_files:40 - Found prompt file: incident commander_straight/1/line_0003.txt
2025-09-09 06:11:18 | DEBUG    | src.processing.discovery:discover_prompt_files:40 - Found prompt file: incident commander_straight/1/line_0017.txt
2025-09-09 06:11:18 | DEBUG    | src.processing.discovery:discover_prompt_files:40 - Found prompt file: incident commander_straight/4/line_0026.txt
2025-09-09 06:11:18 | DEBUG    | src.processing.discovery:discover_prompt_files:40 - Found prompt file: incident commander_straight/4/line_0027.txt
2025-09-09 06:11:18 | DEBUG    | src.processing.discovery:discover_prompt_files:40 - Found prompt file: incident commander_straight/4/line_0019.txt
2025-09-09 06:11:18 | DEBUG    | src.processing.discovery:discover_prompt_files:40 - Found prompt file: incident commander_straight/4/line_0025.txt
2025-09-09 06:11:18 | DEBUG    | src.processing.discovery:discover_prompt_files:40 - Found prompt file: incident commander_straight/4/line_0024.txt
2025-09-09 06:11:18 | DEBUG    | src.processing.discovery:discover_prompt_files:40 - Found prompt file: incident commander_straight/4/line_0018.txt
2025-09-09 06:11:18 | DEBUG    | src.processing.discovery:discover_prompt_files:40 - Found prompt file: incident commander_straight/4/line_0020.txt
2025-09-09 06:11:18 | DEBUG    | src.processing.discovery:discover_prompt_files:40 - Found prompt file: incident commander_straight/4/line_0008.txt
2025-09-09 06:11:18 | DEBUG    | src.processing.discovery:discover_prompt_files:40 - Found prompt file: incident commander_straight/4/line_0009.txt
2025-09-09 06:11:18 | DEBUG    | src.processing.discovery:discover_prompt_files:40 - Found prompt file: incident commander_straight/4/line_0021.txt
2025-09-09 06:11:18 | DEBUG    | src.processing.discovery:discover_prompt_files:40 - Found prompt file: incident commander_straight/4/line_0023.txt
2025-09-09 06:11:18 | DEBUG    | src.processing.discovery:discover_prompt_files:40 - Found prompt file: incident commander_straight/4/line_0022.txt
2025-09-09 06:11:18 | DEBUG    | src.processing.discovery:discover_prompt_files:40 - Found prompt file: incident commander_straight/4/line_0013.txt
2025-09-09 06:11:18 | DEBUG    | src.processing.discovery:discover_prompt_files:40 - Found prompt file: incident commander_straight/4/line_0007.txt
2025-09-09 06:11:18 | DEBUG    | src.processing.discovery:discover_prompt_files:40 - Found prompt file: incident commander_straight/4/line_0006.txt
2025-09-09 06:11:18 | DEBUG    | src.processing.discovery:discover_prompt_files:40 - Found prompt file: incident commander_straight/4/line_0012.txt
2025-09-09 06:11:18 | DEBUG    | src.processing.discovery:discover_prompt_files:40 - Found prompt file: incident commander_straight/4/line_0004.txt
2025-09-09 06:11:18 | DEBUG    | src.processing.discovery:discover_prompt_files:40 - Found prompt file: incident commander_straight/4/line_0010.txt
2025-09-09 06:11:18 | DEBUG    | src.processing.discovery:discover_prompt_files:40 - Found prompt file: incident commander_straight/4/line_0011.txt
2025-09-09 06:11:18 | DEBUG    | src.processing.discovery:discover_prompt_files:40 - Found prompt file: incident commander_straight/4/line_0005.txt
2025-09-09 06:11:18 | DEBUG    | src.processing.discovery:discover_prompt_files:40 - Found prompt file: incident commander_straight/4/line_0001.txt
2025-09-09 06:11:18 | DEBUG    | src.processing.discovery:discover_prompt_files:40 - Found prompt file: incident commander_straight/4/line_0015.txt
2025-09-09 06:11:18 | DEBUG    | src.processing.discovery:discover_prompt_files:40 - Found prompt file: incident commander_straight/4/line_0014.txt
2025-09-09 06:11:18 | DEBUG    | src.processing.discovery:discover_prompt_files:40 - Found prompt file: incident commander_straight/4/line_0016.txt
2025-09-09 06:11:18 | DEBUG    | src.processing.discovery:discover_prompt_files:40 - Found prompt file: incident commander_straight/4/line_0002.txt
2025-09-09 06:11:18 | DEBUG    | src.processing.discovery:discover_prompt_files:40 - Found prompt file: incident commander_straight/4/line_0003.txt
2025-09-09 06:11:18 | DEBUG    | src.processing.discovery:discover_prompt_files:40 - Found prompt file: incident commander_straight/4/line_0017.txt
2025-09-09 06:11:18 | DEBUG    | src.processing.discovery:discover_prompt_files:40 - Found prompt file: incident commander_straight/3/line_0026.txt
2025-09-09 06:11:18 | DEBUG    | src.processing.discovery:discover_prompt_files:40 - Found prompt file: incident commander_straight/3/line_0027.txt
2025-09-09 06:11:18 | DEBUG    | src.processing.discovery:discover_prompt_files:40 - Found prompt file: incident commander_straight/3/line_0019.txt
2025-09-09 06:11:18 | DEBUG    | src.processing.discovery:discover_prompt_files:40 - Found prompt file: incident commander_straight/3/line_0025.txt
2025-09-09 06:11:18 | DEBUG    | src.processing.discovery:discover_prompt_files:40 - Found prompt file: incident commander_straight/3/line_0024.txt
2025-09-09 06:11:18 | DEBUG    | src.processing.discovery:discover_prompt_files:40 - Found prompt file: incident commander_straight/3/line_0018.txt
2025-09-09 06:11:18 | DEBUG    | src.processing.discovery:discover_prompt_files:40 - Found prompt file: incident commander_straight/3/line_0020.txt
2025-09-09 06:11:18 | DEBUG    | src.processing.discovery:discover_prompt_files:40 - Found prompt file: incident commander_straight/3/line_0008.txt
2025-09-09 06:11:18 | DEBUG    | src.processing.discovery:discover_prompt_files:40 - Found prompt file: incident commander_straight/3/line_0009.txt
2025-09-09 06:11:18 | DEBUG    | src.processing.discovery:discover_prompt_files:40 - Found prompt file: incident commander_straight/3/line_0021.txt
2025-09-09 06:11:18 | DEBUG    | src.processing.discovery:discover_prompt_files:40 - Found prompt file: incident commander_straight/3/line_0023.txt
2025-09-09 06:11:18 | DEBUG    | src.processing.discovery:discover_prompt_files:40 - Found prompt file: incident commander_straight/3/line_0022.txt
2025-09-09 06:11:18 | DEBUG    | src.processing.discovery:discover_prompt_files:40 - Found prompt file: incident commander_straight/3/line_0013.txt
2025-09-09 06:11:18 | DEBUG    | src.processing.discovery:discover_prompt_files:40 - Found prompt file: incident commander_straight/3/line_0007.txt
2025-09-09 06:11:18 | DEBUG    | src.processing.discovery:discover_prompt_files:40 - Found prompt file: incident commander_straight/3/line_0006.txt
2025-09-09 06:11:18 | DEBUG    | src.processing.discovery:discover_prompt_files:40 - Found prompt file: incident commander_straight/3/line_0012.txt
2025-09-09 06:11:18 | DEBUG    | src.processing.discovery:discover_prompt_files:40 - Found prompt file: incident commander_straight/3/line_0004.txt
2025-09-09 06:11:18 | DEBUG    | src.processing.discovery:discover_prompt_files:40 - Found prompt file: incident commander_straight/3/line_0010.txt
2025-09-09 06:11:18 | DEBUG    | src.processing.discovery:discover_prompt_files:40 - Found prompt file: incident commander_straight/3/line_0011.txt
2025-09-09 06:11:18 | DEBUG    | src.processing.discovery:discover_prompt_files:40 - Found prompt file: incident commander_straight/3/line_0005.txt
2025-09-09 06:11:18 | DEBUG    | src.processing.discovery:discover_prompt_files:40 - Found prompt file: incident commander_straight/3/line_0001.txt
2025-09-09 06:11:18 | DEBUG    | src.processing.discovery:discover_prompt_files:40 - Found prompt file: incident commander_straight/3/line_0015.txt
2025-09-09 06:11:18 | DEBUG    | src.processing.discovery:discover_prompt_files:40 - Found prompt file: incident commander_straight/3/line_0029.txt
2025-09-09 06:11:18 | DEBUG    | src.processing.discovery:discover_prompt_files:40 - Found prompt file: incident commander_straight/3/line_0028.txt
2025-09-09 06:11:18 | DEBUG    | src.processing.discovery:discover_prompt_files:40 - Found prompt file: incident commander_straight/3/line_0014.txt
2025-09-09 06:11:18 | DEBUG    | src.processing.discovery:discover_prompt_files:40 - Found prompt file: incident commander_straight/3/line_0016.txt
2025-09-09 06:11:18 | DEBUG    | src.processing.discovery:discover_prompt_files:40 - Found prompt file: incident commander_straight/3/line_0002.txt
2025-09-09 06:11:18 | DEBUG    | src.processing.discovery:discover_prompt_files:40 - Found prompt file: incident commander_straight/3/line_0003.txt
2025-09-09 06:11:18 | DEBUG    | src.processing.discovery:discover_prompt_files:40 - Found prompt file: incident commander_straight/3/line_0017.txt
2025-09-09 06:11:18 | DEBUG    | src.processing.discovery:discover_prompt_files:40 - Found prompt file: incident commander_straight/2/line_0026.txt
2025-09-09 06:11:18 | DEBUG    | src.processing.discovery:discover_prompt_files:40 - Found prompt file: incident commander_straight/2/line_0027.txt
2025-09-09 06:11:18 | DEBUG    | src.processing.discovery:discover_prompt_files:40 - Found prompt file: incident commander_straight/2/line_0019.txt
2025-09-09 06:11:18 | DEBUG    | src.processing.discovery:discover_prompt_files:40 - Found prompt file: incident commander_straight/2/line_0025.txt
2025-09-09 06:11:18 | DEBUG    | src.processing.discovery:discover_prompt_files:40 - Found prompt file: incident commander_straight/2/line_0024.txt
2025-09-09 06:11:18 | DEBUG    | src.processing.discovery:discover_prompt_files:40 - Found prompt file: incident commander_straight/2/line_0018.txt
2025-09-09 06:11:18 | DEBUG    | src.processing.discovery:discover_prompt_files:40 - Found prompt file: incident commander_straight/2/line_0020.txt
2025-09-09 06:11:18 | DEBUG    | src.processing.discovery:discover_prompt_files:40 - Found prompt file: incident commander_straight/2/line_0008.txt
2025-09-09 06:11:18 | DEBUG    | src.processing.discovery:discover_prompt_files:40 - Found prompt file: incident commander_straight/2/line_0009.txt
2025-09-09 06:11:18 | DEBUG    | src.processing.discovery:discover_prompt_files:40 - Found prompt file: incident commander_straight/2/line_0021.txt
2025-09-09 06:11:18 | DEBUG    | src.processing.discovery:discover_prompt_files:40 - Found prompt file: incident commander_straight/2/line_0023.txt
2025-09-09 06:11:18 | DEBUG    | src.processing.discovery:discover_prompt_files:40 - Found prompt file: incident commander_straight/2/line_0022.txt
2025-09-09 06:11:18 | DEBUG    | src.processing.discovery:discover_prompt_files:40 - Found prompt file: incident commander_straight/2/line_0013.txt
2025-09-09 06:11:18 | DEBUG    | src.processing.discovery:discover_prompt_files:40 - Found prompt file: incident commander_straight/2/line_0007.txt
2025-09-09 06:11:18 | DEBUG    | src.processing.discovery:discover_prompt_files:40 - Found prompt file: incident commander_straight/2/line_0006.txt
2025-09-09 06:11:18 | DEBUG    | src.processing.discovery:discover_prompt_files:40 - Found prompt file: incident commander_straight/2/line_0012.txt
2025-09-09 06:11:18 | DEBUG    | src.processing.discovery:discover_prompt_files:40 - Found prompt file: incident commander_straight/2/line_0004.txt
2025-09-09 06:11:18 | DEBUG    | src.processing.discovery:discover_prompt_files:40 - Found prompt file: incident commander_straight/2/line_0010.txt
2025-09-09 06:11:18 | DEBUG    | src.processing.discovery:discover_prompt_files:40 - Found prompt file: incident commander_straight/2/line_0011.txt
2025-09-09 06:11:18 | DEBUG    | src.processing.discovery:discover_prompt_files:40 - Found prompt file: incident commander_straight/2/line_0005.txt
2025-09-09 06:11:18 | DEBUG    | src.processing.discovery:discover_prompt_files:40 - Found prompt file: incident commander_straight/2/line_0001.txt
2025-09-09 06:11:18 | DEBUG    | src.processing.discovery:discover_prompt_files:40 - Found prompt file: incident commander_straight/2/line_0015.txt
2025-09-09 06:11:18 | DEBUG    | src.processing.discovery:discover_prompt_files:40 - Found prompt file: incident commander_straight/2/line_0028.txt
2025-09-09 06:11:18 | DEBUG    | src.processing.discovery:discover_prompt_files:40 - Found prompt file: incident commander_straight/2/line_0014.txt
2025-09-09 06:11:18 | DEBUG    | src.processing.discovery:discover_prompt_files:40 - Found prompt file: incident commander_straight/2/line_0016.txt
2025-09-09 06:11:18 | DEBUG    | src.processing.discovery:discover_prompt_files:40 - Found prompt file: incident commander_straight/2/line_0002.txt
2025-09-09 06:11:18 | DEBUG    | src.processing.discovery:discover_prompt_files:40 - Found prompt file: incident commander_straight/2/line_0003.txt
2025-09-09 06:11:18 | DEBUG    | src.processing.discovery:discover_prompt_files:40 - Found prompt file: incident commander_straight/2/line_0017.txt
2025-09-09 06:11:18 | INFO     | src.processing.discovery:discover_prompt_files:45 - Discovered 111 prompt files
2025-09-09 06:11:18 | DEBUG    | src.processing.discovery:discover_profiles:93 - Loaded profile: USER-FILES/03.PROFILES/nano-banano_16x9.yaml
2025-09-09 06:11:18 | INFO     | src.processing.discovery:discover_profiles:97 - Loaded 1 profiles
2025-09-09 06:11:18 | INFO     | src.processing.discovery:get_active_models:131 - Found profile: nano-banano_16x9
2025-09-09 06:11:18 | INFO     | src.processing.discovery:get_active_models:136 - Total profiles to process: 1
2025-09-09 06:11:18 | INFO     | src.config.validator:validate_all:26 - All configuration validation passed
2025-09-09 06:11:18 | INFO     | __main__:main:104 - Output directory: USER-FILES/05.OUTPUT/250909_061118
2025-09-09 06:11:18 | INFO     | __main__:main:166 - Starting matrix processing...
2025-09-09 06:11:18 | INFO     | src.processing.processor:process_all:69 - Processing 111 combinations (111 files × 1 profiles)
2025-09-09 06:11:18 | INFO     | src.processing.discovery:load_prompts:63 - Loaded prompt from line_0001.txt
2025-09-09 06:11:18 | INFO     | src.processing.processor:process_all:105 - Processing combination 1/111: incident commander_straight/1/line_0001.txt + nano-banano_16x9
2025-09-09 06:11:18 | DEBUG    | src.processing.processor:_process_file_model_combination:181 - Added prefix to prompt: Aspect_ratio="16:9"
2025-09-09 06:11:18 | DEBUG    | src.processing.processor:_process_file_model_combination:187 - Processing incident commander_straight/1/line_0001.txt: Aspect_ratio="16:9" "Clipart-style illustration of...
2025-09-09 06:11:18 | DEBUG    | src.api.client:_call_with_retry:114 - API call attempt 1/3
2025-09-09 06:11:26 | DEBUG    | src.api.client:_call_with_retry:127 - API call successful
2025-09-09 06:11:29 | INFO     | src.output.writer:save_image:119 - Saved valid image: USER-FILES/05.OUTPUT/250909_061118/nano-banano_16x9/incident commander_straight/1/line_0001_061126_nano-banano_16x9_unknownxunknown.jpeg
2025-09-09 06:11:29 | DEBUG    | src.output.writer:save_image:135 - Saved API payload: USER-FILES/05.OUTPUT/250909_061118/nano-banano_16x9/incident commander_straight/1/line_0001_061126_nano-banano_16x9_unknownxunknown.json
2025-09-09 06:11:29 | INFO     | src.processing.processor:_process_file_model_combination:234 - Saved image: line_0001_061126_nano-banano_16x9_unknownxunknown.jpeg
2025-09-09 06:11:29 | INFO     | src.processing.discovery:load_prompts:63 - Loaded prompt from line_0002.txt
2025-09-09 06:11:29 | INFO     | src.processing.processor:process_all:105 - Processing combination 2/111: incident commander_straight/1/line_0002.txt + nano-banano_16x9
2025-09-09 06:11:29 | DEBUG    | src.processing.processor:_process_file_model_combination:181 - Added prefix to prompt: Aspect_ratio="16:9"
2025-09-09 06:11:29 | DEBUG    | src.processing.processor:_process_file_model_combination:187 - Processing incident commander_straight/1/line_0002.txt: Aspect_ratio="16:9" Group of 3 AWS employees (Hisp...
2025-09-09 06:11:29 | DEBUG    | src.api.client:_call_with_retry:114 - API call attempt 1/3
2025-09-09 06:11:36 | DEBUG    | src.api.client:_call_with_retry:127 - API call successful
2025-09-09 06:11:39 | INFO     | src.output.writer:save_image:119 - Saved valid image: USER-FILES/05.OUTPUT/250909_061118/nano-banano_16x9/incident commander_straight/1/line_0002_061136_nano-banano_16x9_unknownxunknown.jpeg
2025-09-09 06:11:39 | DEBUG    | src.output.writer:save_image:135 - Saved API payload: USER-FILES/05.OUTPUT/250909_061118/nano-banano_16x9/incident commander_straight/1/line_0002_061136_nano-banano_16x9_unknownxunknown.json
2025-09-09 06:11:39 | INFO     | src.processing.processor:_process_file_model_combination:234 - Saved image: line_0002_061136_nano-banano_16x9_unknownxunknown.jpeg
2025-09-09 06:11:39 | INFO     | src.processing.discovery:load_prompts:63 - Loaded prompt from line_0003.txt
2025-09-09 06:11:39 | INFO     | src.processing.processor:process_all:105 - Processing combination 3/111: incident commander_straight/1/line_0003.txt + nano-banano_16x9
2025-09-09 06:11:39 | DEBUG    | src.processing.processor:_process_file_model_combination:181 - Added prefix to prompt: Aspect_ratio="16:9"
2025-09-09 06:11:39 | DEBUG    | src.processing.processor:_process_file_model_combination:187 - Processing incident commander_straight/1/line_0003.txt: Aspect_ratio="16:9" Clipart-style illustration of ...
2025-09-09 06:11:39 | DEBUG    | src.api.client:_call_with_retry:114 - API call attempt 1/3
2025-09-09 06:11:39 | WARNING  | __main__:main:208 - Interrupted by user
