2025-08-28 17:56:18 | INFO     | src.utils.logging:setup_logging:39 - Logging configured (verbose=False, debug=False)
2025-08-28 17:56:18 | INFO     | __main__:main:75 - Loading configuration...
2025-08-28 17:56:18 | INFO     | src.config.loader:load_config:42 - Loaded configuration from USER-FILES/01.CONFIG/config.yaml
2025-08-28 17:56:18 | INFO     | __main__:main:80 - Authenticating...
2025-08-28 17:56:18 | DEBUG    | src.auth.env:get_fal_api_key_from_env:19 - Loaded environment from /Users/ruben/08_-_DEVELOPMENT/ISOF_IMAGE_WORKFLOW/00.fal-text->image-tool/.env
2025-08-28 17:56:18 | INFO     | src.auth.env:get_fal_api_key_from_env:25 - Successfully retrieved FAL API key from environment
2025-08-28 17:56:18 | INFO     | __main__:main:84 - Discovering inputs...
2025-08-28 17:56:18 | DEBUG    | src.processing.discovery:discover_prompt_files:40 - Found prompt file: 2/2.8.0/2.8.1/2.8.1.txt
2025-08-28 17:56:18 | DEBUG    | src.processing.discovery:discover_prompt_files:40 - Found prompt file: 2/2.2.0/2.2.1/2.2.1.txt
2025-08-28 17:56:18 | DEBUG    | src.processing.discovery:discover_prompt_files:40 - Found prompt file: 2/2.6.0/2.6.1/2.6.1.txt
2025-08-28 17:56:18 | DEBUG    | src.processing.discovery:discover_prompt_files:40 - Found prompt file: 2/2.1.0/2.1.1/2.1.1.txt
2025-08-28 17:56:18 | DEBUG    | src.processing.discovery:discover_prompt_files:40 - Found prompt file: 2/2.5.0/2.5.1/2.5.1.txt
2025-08-28 17:56:18 | DEBUG    | src.processing.discovery:discover_prompt_files:40 - Found prompt file: 2/2.4.0/2.4.1/2.4.1.txt
2025-08-28 17:56:18 | DEBUG    | src.processing.discovery:discover_prompt_files:40 - Found prompt file: 2/2.3.0/2.3.1/2.3.1.txt
2025-08-28 17:56:18 | DEBUG    | src.processing.discovery:discover_prompt_files:40 - Found prompt file: 2/2.9.0/2.9.1/2.9.1.txt
2025-08-28 17:56:18 | DEBUG    | src.processing.discovery:discover_prompt_files:40 - Found prompt file: 2/2.10.0/2.10.1/2.10.1.txt
2025-08-28 17:56:18 | DEBUG    | src.processing.discovery:discover_prompt_files:40 - Found prompt file: 2/2.7.0/2.7.1/2.7.1.txt
2025-08-28 17:56:18 | INFO     | src.processing.discovery:discover_prompt_files:45 - Discovered 10 prompt files
2025-08-28 17:56:18 | DEBUG    | src.processing.discovery:discover_profiles:93 - Loaded profile: USER-FILES/03.PROFILES/Playground.yaml
2025-08-28 17:56:18 | INFO     | src.processing.discovery:discover_profiles:97 - Loaded 1 profiles
2025-08-28 17:56:18 | INFO     | src.processing.discovery:get_active_models:131 - Found profile: Playground
2025-08-28 17:56:18 | INFO     | src.processing.discovery:get_active_models:136 - Total profiles to process: 1
2025-08-28 17:56:18 | INFO     | src.config.validator:validate_all:26 - All configuration validation passed
2025-08-28 17:56:18 | INFO     | __main__:main:104 - Output directory: USER-FILES/05.OUTPUT/250828_175618
2025-08-28 17:56:18 | INFO     | __main__:main:166 - Starting matrix processing...
2025-08-28 17:56:18 | INFO     | src.processing.processor:process_all:69 - Processing 10 combinations (10 files × 1 profiles)
2025-08-28 17:56:18 | INFO     | src.processing.discovery:load_prompts:63 - Loaded prompt from 2.1.1.txt
2025-08-28 17:56:18 | INFO     | src.processing.processor:process_all:105 - Processing combination 1/10: 2/2.1.0/2.1.1/2.1.1.txt + Playground
2025-08-28 17:56:18 | DEBUG    | src.processing.processor:_process_file_model_combination:187 - Processing 2/2.1.0/2.1.1/2.1.1.txt: A realistic stock-style photo of a modern Japanese...
2025-08-28 17:56:18 | DEBUG    | src.api.client:_call_with_retry:114 - API call attempt 1/3
2025-08-28 17:57:28 | DEBUG    | src.api.client:_call_with_retry:127 - API call successful
2025-08-28 17:57:32 | INFO     | src.output.writer:save_image:119 - Saved valid image: USER-FILES/05.OUTPUT/250828_175618/Playground/2/2.1.0/2.1.1/2.1.1_175728_Playground_1024x1536xauto.webp
2025-08-28 17:57:32 | DEBUG    | src.output.writer:save_image:135 - Saved API payload: USER-FILES/05.OUTPUT/250828_175618/Playground/2/2.1.0/2.1.1/2.1.1_175728_Playground_1024x1536xauto.json
2025-08-28 17:57:32 | INFO     | src.processing.processor:_process_file_model_combination:234 - Saved image: 2.1.1_175728_Playground_1024x1536xauto.webp
2025-08-28 17:57:32 | INFO     | src.processing.processor:_process_file_model_combination:238 - Waiting 10 seconds before next request (profile setting)
2025-08-28 17:57:42 | INFO     | src.processing.discovery:load_prompts:63 - Loaded prompt from 2.2.1.txt
2025-08-28 17:57:42 | INFO     | src.processing.processor:process_all:105 - Processing combination 2/10: 2/2.2.0/2.2.1/2.2.1.txt + Playground
2025-08-28 17:57:42 | DEBUG    | src.processing.processor:_process_file_model_combination:187 - Processing 2/2.2.0/2.2.1/2.2.1.txt: A realistic, well-lit office with two Asian team m...
2025-08-28 17:57:42 | DEBUG    | src.api.client:_call_with_retry:114 - API call attempt 1/3
2025-08-28 17:58:46 | DEBUG    | src.api.client:_call_with_retry:127 - API call successful
2025-08-28 17:58:49 | INFO     | src.output.writer:save_image:119 - Saved valid image: USER-FILES/05.OUTPUT/250828_175618/Playground/2/2.2.0/2.2.1/2.2.1_175846_Playground_1024x1536xauto.webp
2025-08-28 17:58:49 | DEBUG    | src.output.writer:save_image:135 - Saved API payload: USER-FILES/05.OUTPUT/250828_175618/Playground/2/2.2.0/2.2.1/2.2.1_175846_Playground_1024x1536xauto.json
2025-08-28 17:58:49 | INFO     | src.processing.processor:_process_file_model_combination:234 - Saved image: 2.2.1_175846_Playground_1024x1536xauto.webp
2025-08-28 17:58:49 | INFO     | src.processing.processor:_process_file_model_combination:238 - Waiting 10 seconds before next request (profile setting)
2025-08-28 17:58:59 | INFO     | src.processing.discovery:load_prompts:63 - Loaded prompt from 2.3.1.txt
2025-08-28 17:58:59 | INFO     | src.processing.processor:process_all:105 - Processing combination 3/10: 2/2.3.0/2.3.1/2.3.1.txt + Playground
2025-08-28 17:58:59 | DEBUG    | src.processing.processor:_process_file_model_combination:187 - Processing 2/2.3.0/2.3.1/2.3.1.txt: A friendly, modern Japanese office setting with tw...
2025-08-28 17:58:59 | DEBUG    | src.api.client:_call_with_retry:114 - API call attempt 1/3
2025-08-28 18:00:16 | DEBUG    | src.api.client:_call_with_retry:127 - API call successful
2025-08-28 18:00:19 | INFO     | src.output.writer:save_image:119 - Saved valid image: USER-FILES/05.OUTPUT/250828_175618/Playground/2/2.3.0/2.3.1/2.3.1_180016_Playground_1024x1536xauto.webp
2025-08-28 18:00:19 | DEBUG    | src.output.writer:save_image:135 - Saved API payload: USER-FILES/05.OUTPUT/250828_175618/Playground/2/2.3.0/2.3.1/2.3.1_180016_Playground_1024x1536xauto.json
2025-08-28 18:00:19 | INFO     | src.processing.processor:_process_file_model_combination:234 - Saved image: 2.3.1_180016_Playground_1024x1536xauto.webp
2025-08-28 18:00:19 | INFO     | src.processing.processor:_process_file_model_combination:238 - Waiting 10 seconds before next request (profile setting)
2025-08-28 18:00:29 | INFO     | src.processing.discovery:load_prompts:63 - Loaded prompt from 2.4.1.txt
2025-08-28 18:00:29 | INFO     | src.processing.processor:process_all:105 - Processing combination 4/10: 2/2.4.0/2.4.1/2.4.1.txt + Playground
2025-08-28 18:00:29 | DEBUG    | src.processing.processor:_process_file_model_combination:187 - Processing 2/2.4.0/2.4.1/2.4.1.txt: A close-up shot of two Asian professionals’ hands ...
2025-08-28 18:00:29 | DEBUG    | src.api.client:_call_with_retry:114 - API call attempt 1/3
2025-08-28 18:01:46 | DEBUG    | src.api.client:_call_with_retry:127 - API call successful
2025-08-28 18:01:48 | INFO     | src.output.writer:save_image:119 - Saved valid image: USER-FILES/05.OUTPUT/250828_175618/Playground/2/2.4.0/2.4.1/2.4.1_180146_Playground_1024x1536xauto.webp
2025-08-28 18:01:48 | DEBUG    | src.output.writer:save_image:135 - Saved API payload: USER-FILES/05.OUTPUT/250828_175618/Playground/2/2.4.0/2.4.1/2.4.1_180146_Playground_1024x1536xauto.json
2025-08-28 18:01:48 | INFO     | src.processing.processor:_process_file_model_combination:234 - Saved image: 2.4.1_180146_Playground_1024x1536xauto.webp
2025-08-28 18:01:48 | INFO     | src.processing.processor:_process_file_model_combination:238 - Waiting 10 seconds before next request (profile setting)
2025-08-28 18:01:58 | INFO     | src.processing.discovery:load_prompts:63 - Loaded prompt from 2.5.1.txt
2025-08-28 18:01:58 | INFO     | src.processing.processor:process_all:105 - Processing combination 5/10: 2/2.5.0/2.5.1/2.5.1.txt + Playground
2025-08-28 18:01:58 | DEBUG    | src.processing.processor:_process_file_model_combination:187 - Processing 2/2.5.0/2.5.1/2.5.1.txt: A modern, organized Japanese workspace featuring t...
2025-08-28 18:01:58 | DEBUG    | src.api.client:_call_with_retry:114 - API call attempt 1/3
2025-08-28 18:04:41 | DEBUG    | src.api.client:_call_with_retry:127 - API call successful
2025-08-28 18:04:43 | INFO     | src.output.writer:save_image:119 - Saved valid image: USER-FILES/05.OUTPUT/250828_175618/Playground/2/2.5.0/2.5.1/2.5.1_180441_Playground_1024x1536xauto.webp
2025-08-28 18:04:43 | DEBUG    | src.output.writer:save_image:135 - Saved API payload: USER-FILES/05.OUTPUT/250828_175618/Playground/2/2.5.0/2.5.1/2.5.1_180441_Playground_1024x1536xauto.json
2025-08-28 18:04:43 | INFO     | src.processing.processor:_process_file_model_combination:234 - Saved image: 2.5.1_180441_Playground_1024x1536xauto.webp
2025-08-28 18:04:43 | INFO     | src.processing.processor:_process_file_model_combination:238 - Waiting 10 seconds before next request (profile setting)
2025-08-28 18:04:53 | INFO     | src.processing.discovery:load_prompts:63 - Loaded prompt from 2.6.1.txt
2025-08-28 18:04:53 | INFO     | src.processing.processor:process_all:105 - Processing combination 6/10: 2/2.6.0/2.6.1/2.6.1.txt + Playground
2025-08-28 18:04:53 | DEBUG    | src.processing.processor:_process_file_model_combination:187 - Processing 2/2.6.0/2.6.1/2.6.1.txt: A bright, minimalist office scene with three Asian...
2025-08-28 18:04:53 | DEBUG    | src.api.client:_call_with_retry:114 - API call attempt 1/3
2025-08-28 18:06:07 | DEBUG    | src.api.client:_call_with_retry:127 - API call successful
2025-08-28 18:06:10 | INFO     | src.output.writer:save_image:119 - Saved valid image: USER-FILES/05.OUTPUT/250828_175618/Playground/2/2.6.0/2.6.1/2.6.1_180607_Playground_1024x1536xauto.webp
2025-08-28 18:06:10 | DEBUG    | src.output.writer:save_image:135 - Saved API payload: USER-FILES/05.OUTPUT/250828_175618/Playground/2/2.6.0/2.6.1/2.6.1_180607_Playground_1024x1536xauto.json
2025-08-28 18:06:10 | INFO     | src.processing.processor:_process_file_model_combination:234 - Saved image: 2.6.1_180607_Playground_1024x1536xauto.webp
2025-08-28 18:06:10 | INFO     | src.processing.processor:_process_file_model_combination:238 - Waiting 10 seconds before next request (profile setting)
2025-08-28 18:06:20 | INFO     | src.processing.discovery:load_prompts:63 - Loaded prompt from 2.7.1.txt
2025-08-28 18:06:20 | INFO     | src.processing.processor:process_all:105 - Processing combination 7/10: 2/2.7.0/2.7.1/2.7.1.txt + Playground
2025-08-28 18:06:20 | DEBUG    | src.processing.processor:_process_file_model_combination:187 - Processing 2/2.7.0/2.7.1/2.7.1.txt: A modern desk with two Asian team members studying...
2025-08-28 18:06:20 | DEBUG    | src.api.client:_call_with_retry:114 - API call attempt 1/3
2025-08-28 18:07:39 | DEBUG    | src.api.client:_call_with_retry:127 - API call successful
2025-08-28 18:07:48 | INFO     | src.output.writer:save_image:119 - Saved valid image: USER-FILES/05.OUTPUT/250828_175618/Playground/2/2.7.0/2.7.1/2.7.1_180739_Playground_1024x1536xauto.webp
2025-08-28 18:07:48 | DEBUG    | src.output.writer:save_image:135 - Saved API payload: USER-FILES/05.OUTPUT/250828_175618/Playground/2/2.7.0/2.7.1/2.7.1_180739_Playground_1024x1536xauto.json
2025-08-28 18:07:48 | INFO     | src.processing.processor:_process_file_model_combination:234 - Saved image: 2.7.1_180739_Playground_1024x1536xauto.webp
2025-08-28 18:07:48 | INFO     | src.processing.processor:_process_file_model_combination:238 - Waiting 10 seconds before next request (profile setting)
2025-08-28 18:07:58 | INFO     | src.processing.discovery:load_prompts:63 - Loaded prompt from 2.8.1.txt
2025-08-28 18:07:58 | INFO     | src.processing.processor:process_all:105 - Processing combination 8/10: 2/2.8.0/2.8.1/2.8.1.txt + Playground
2025-08-28 18:07:58 | DEBUG    | src.processing.processor:_process_file_model_combination:187 - Processing 2/2.8.0/2.8.1/2.8.1.txt: A bright meeting room where two Asian project lead...
2025-08-28 18:07:58 | DEBUG    | src.api.client:_call_with_retry:114 - API call attempt 1/3
2025-08-28 18:09:11 | DEBUG    | src.api.client:_call_with_retry:127 - API call successful
2025-08-28 18:09:14 | INFO     | src.output.writer:save_image:119 - Saved valid image: USER-FILES/05.OUTPUT/250828_175618/Playground/2/2.8.0/2.8.1/2.8.1_180911_Playground_1024x1536xauto.webp
2025-08-28 18:09:14 | DEBUG    | src.output.writer:save_image:135 - Saved API payload: USER-FILES/05.OUTPUT/250828_175618/Playground/2/2.8.0/2.8.1/2.8.1_180911_Playground_1024x1536xauto.json
2025-08-28 18:09:14 | INFO     | src.processing.processor:_process_file_model_combination:234 - Saved image: 2.8.1_180911_Playground_1024x1536xauto.webp
2025-08-28 18:09:14 | INFO     | src.processing.processor:_process_file_model_combination:238 - Waiting 10 seconds before next request (profile setting)
2025-08-28 18:09:24 | INFO     | src.processing.discovery:load_prompts:63 - Loaded prompt from 2.9.1.txt
2025-08-28 18:09:24 | INFO     | src.processing.processor:process_all:105 - Processing combination 9/10: 2/2.9.0/2.9.1/2.9.1.txt + Playground
2025-08-28 18:09:24 | DEBUG    | src.processing.processor:_process_file_model_combination:187 - Processing 2/2.9.0/2.9.1/2.9.1.txt: Clean, modern office with an Asian professional sk...
2025-08-28 18:09:24 | DEBUG    | src.api.client:_call_with_retry:114 - API call attempt 1/3
2025-08-28 18:10:36 | DEBUG    | src.api.client:_call_with_retry:127 - API call successful
2025-08-28 18:10:39 | INFO     | src.output.writer:save_image:119 - Saved valid image: USER-FILES/05.OUTPUT/250828_175618/Playground/2/2.9.0/2.9.1/2.9.1_181036_Playground_1024x1536xauto.webp
2025-08-28 18:10:39 | DEBUG    | src.output.writer:save_image:135 - Saved API payload: USER-FILES/05.OUTPUT/250828_175618/Playground/2/2.9.0/2.9.1/2.9.1_181036_Playground_1024x1536xauto.json
2025-08-28 18:10:39 | INFO     | src.processing.processor:_process_file_model_combination:234 - Saved image: 2.9.1_181036_Playground_1024x1536xauto.webp
2025-08-28 18:10:39 | INFO     | src.processing.processor:_process_file_model_combination:238 - Waiting 10 seconds before next request (profile setting)
2025-08-28 18:10:49 | INFO     | src.processing.discovery:load_prompts:63 - Loaded prompt from 2.10.1.txt
2025-08-28 18:10:49 | INFO     | src.processing.processor:process_all:105 - Processing combination 10/10: 2/2.10.0/2.10.1/2.10.1.txt + Playground
2025-08-28 18:10:49 | DEBUG    | src.processing.processor:_process_file_model_combination:187 - Processing 2/2.10.0/2.10.1/2.10.1.txt: A realistic, wide office shot of three Asian team ...
2025-08-28 18:10:49 | DEBUG    | src.api.client:_call_with_retry:114 - API call attempt 1/3
2025-08-28 18:12:05 | DEBUG    | src.api.client:_call_with_retry:127 - API call successful
2025-08-28 18:12:07 | INFO     | src.output.writer:save_image:119 - Saved valid image: USER-FILES/05.OUTPUT/250828_175618/Playground/2/2.10.0/2.10.1/2.10.1_181205_Playground_1024x1536xauto.webp
2025-08-28 18:12:07 | DEBUG    | src.output.writer:save_image:135 - Saved API payload: USER-FILES/05.OUTPUT/250828_175618/Playground/2/2.10.0/2.10.1/2.10.1_181205_Playground_1024x1536xauto.json
2025-08-28 18:12:07 | INFO     | src.processing.processor:_process_file_model_combination:234 - Saved image: 2.10.1_181205_Playground_1024x1536xauto.webp
2025-08-28 18:12:07 | INFO     | src.processing.processor:_process_file_model_combination:238 - Waiting 10 seconds before next request (profile setting)
2025-08-28 18:12:17 | INFO     | src.processing.discovery:load_prompts:63 - Loaded prompt from 2.1.1.txt
2025-08-28 18:12:17 | INFO     | src.processing.discovery:load_prompts:63 - Loaded prompt from 2.2.1.txt
2025-08-28 18:12:17 | INFO     | src.processing.discovery:load_prompts:63 - Loaded prompt from 2.3.1.txt
2025-08-28 18:12:17 | INFO     | src.processing.discovery:load_prompts:63 - Loaded prompt from 2.4.1.txt
2025-08-28 18:12:17 | INFO     | src.processing.discovery:load_prompts:63 - Loaded prompt from 2.5.1.txt
2025-08-28 18:12:17 | INFO     | src.processing.discovery:load_prompts:63 - Loaded prompt from 2.6.1.txt
2025-08-28 18:12:17 | INFO     | src.processing.discovery:load_prompts:63 - Loaded prompt from 2.7.1.txt
2025-08-28 18:12:17 | INFO     | src.processing.discovery:load_prompts:63 - Loaded prompt from 2.8.1.txt
2025-08-28 18:12:17 | INFO     | src.processing.discovery:load_prompts:63 - Loaded prompt from 2.9.1.txt
2025-08-28 18:12:17 | INFO     | src.processing.discovery:load_prompts:63 - Loaded prompt from 2.10.1.txt
2025-08-28 18:12:17 | INFO     | src.output.writer:write_report:152 - Wrote report: USER-FILES/05.OUTPUT/250828_175618/COST.md
2025-08-28 18:12:17 | INFO     | src.output.writer:write_report:152 - Wrote report: USER-FILES/05.OUTPUT/250828_175618/SUCCESS.md
2025-08-28 18:12:17 | INFO     | src.output.reporter:save_reports:236 - Reports generated successfully
2025-08-28 18:12:17 | SUCCESS  | __main__:main:201 - ✅ Completed successfully! Generated 10 images
