2025-08-26 15:49:16 | INFO     | src.utils.logging:setup_logging:39 - Logging configured (verbose=False, debug=False)
2025-08-26 15:49:16 | INFO     | __main__:main:67 - Loading configuration...
2025-08-26 15:49:16 | INFO     | src.config.loader:load_config:42 - Loaded configuration from USER-FILES/01.CONFIG/config.yaml
2025-08-26 15:49:16 | INFO     | __main__:main:72 - Authenticating...
2025-08-26 15:49:16 | DEBUG    | src.auth.env:get_fal_api_key_from_env:19 - Loaded environment from /Users/ruben/08_-_DEVELOPMENT/ISOF_IMAGE_WORKFLOW/00.fal-text->image-tool/.env
2025-08-26 15:49:16 | INFO     | src.auth.env:get_fal_api_key_from_env:25 - Successfully retrieved FAL API key from environment
2025-08-26 15:49:16 | INFO     | __main__:main:76 - Discovering inputs...
2025-08-26 15:49:16 | DEBUG    | src.processing.discovery:discover_prompt_files:40 - Found prompt file: test_folder/2/test_prompt2.txt
2025-08-26 15:49:16 | DEBUG    | src.processing.discovery:discover_prompt_files:40 - Found prompt file: test_folder/3/3.1/test_promt3.txt
2025-08-26 15:49:16 | DEBUG    | src.processing.discovery:discover_prompt_files:40 - Found prompt file: test_folder/1/1.1/test_prompt1.txt
2025-08-26 15:49:16 | INFO     | src.processing.discovery:discover_prompt_files:45 - Discovered 3 prompt files
2025-08-26 15:49:16 | DEBUG    | src.processing.discovery:discover_profiles:93 - Loaded profile: USER-FILES/03.PROFILES/seedream_v3_1080p_vertical.yaml
2025-08-26 15:49:16 | INFO     | src.processing.discovery:discover_profiles:97 - Loaded 1 profiles
2025-08-26 15:49:16 | INFO     | src.processing.discovery:get_active_models:128 - Found profile: seedream_v3_1080p_vertical
2025-08-26 15:49:16 | INFO     | src.processing.discovery:get_active_models:133 - Total profiles to process: 1
2025-08-26 15:49:16 | INFO     | src.config.validator:validate_all:26 - All configuration validation passed
2025-08-26 15:49:16 | INFO     | __main__:main:96 - Output directory: USER-FILES/05.OUTPUT/250826_154916
2025-08-26 15:49:16 | INFO     | __main__:main:157 - Starting matrix processing...
2025-08-26 15:49:16 | INFO     | src.processing.processor:process_all:65 - Processing 3 combinations (3 files × 1 profiles)
2025-08-26 15:49:16 | INFO     | src.processing.discovery:load_prompts:63 - Loaded prompt from test_prompt1.txt
2025-08-26 15:49:16 | INFO     | src.processing.processor:process_all:98 - Processing combination 1/3: test_folder/1/1.1/test_prompt1.txt + seedream_v3_1080p_vertical
2025-08-26 15:49:16 | DEBUG    | src.processing.processor:_process_file_model_combination:162 - Processing test_folder/1/1.1/test_prompt1.txt: A realistic photo of a woman in her 20s and a man ...
2025-08-26 15:49:16 | INFO     | src.processing.processor:_process_file_model_combination:165 - [DRY RUN] Would generate image for test_folder/1/1.1/test_prompt1.txt
2025-08-26 15:49:16 | INFO     | src.processing.discovery:load_prompts:63 - Loaded prompt from test_prompt2.txt
2025-08-26 15:49:16 | INFO     | src.processing.processor:process_all:98 - Processing combination 2/3: test_folder/2/test_prompt2.txt + seedream_v3_1080p_vertical
2025-08-26 15:49:16 | DEBUG    | src.processing.processor:_process_file_model_combination:162 - Processing test_folder/2/test_prompt2.txt: A realistic photo of a woman in her 20s and a man ...
2025-08-26 15:49:16 | INFO     | src.processing.processor:_process_file_model_combination:165 - [DRY RUN] Would generate image for test_folder/2/test_prompt2.txt
2025-08-26 15:49:16 | INFO     | src.processing.discovery:load_prompts:63 - Loaded prompt from test_promt3.txt
2025-08-26 15:49:16 | INFO     | src.processing.processor:process_all:98 - Processing combination 3/3: test_folder/3/3.1/test_promt3.txt + seedream_v3_1080p_vertical
2025-08-26 15:49:16 | DEBUG    | src.processing.processor:_process_file_model_combination:162 - Processing test_folder/3/3.1/test_promt3.txt: A realistic photo of a woman in her 20s and a man ...
2025-08-26 15:49:16 | INFO     | src.processing.processor:_process_file_model_combination:165 - [DRY RUN] Would generate image for test_folder/3/3.1/test_promt3.txt
2025-08-26 15:49:16 | INFO     | src.processing.discovery:load_prompts:63 - Loaded prompt from test_prompt1.txt
2025-08-26 15:49:16 | INFO     | src.processing.discovery:load_prompts:63 - Loaded prompt from test_prompt2.txt
2025-08-26 15:49:16 | INFO     | src.processing.discovery:load_prompts:63 - Loaded prompt from test_promt3.txt
2025-08-26 15:49:16 | INFO     | src.output.writer:write_report:134 - Wrote report: USER-FILES/05.OUTPUT/250826_154916/SUCCESS.md
2025-08-26 15:49:16 | INFO     | src.output.reporter:save_reports:197 - Reports generated successfully
2025-08-26 15:49:16 | SUCCESS  | __main__:main:182 - ✅ Completed successfully! Generated 0 images
