2025-08-26 16:15:16 | INFO     | src.utils.logging:setup_logging:39 - Logging configured (verbose=False, debug=False)
2025-08-26 16:15:16 | INFO     | __main__:main:67 - Loading configuration...
2025-08-26 16:15:16 | INFO     | src.config.loader:load_config:42 - Loaded configuration from USER-FILES/01.CONFIG/config.yaml
2025-08-26 16:15:16 | INFO     | __main__:main:72 - Authenticating...
2025-08-26 16:15:16 | DEBUG    | src.auth.env:get_fal_api_key_from_env:19 - Loaded environment from /Users/ruben/08_-_DEVELOPMENT/ISOF_IMAGE_WORKFLOW/00.fal-text->image-tool/.env
2025-08-26 16:15:16 | INFO     | src.auth.env:get_fal_api_key_from_env:25 - Successfully retrieved FAL API key from environment
2025-08-26 16:15:16 | INFO     | __main__:main:76 - Discovering inputs...
2025-08-26 16:15:16 | DEBUG    | src.processing.discovery:discover_prompt_files:40 - Found prompt file: 03.layer1_extracted/5/5.2.0/5.2.1/5.2.1.txt
2025-08-26 16:15:16 | DEBUG    | src.processing.discovery:discover_prompt_files:40 - Found prompt file: 03.layer1_extracted/5/5.8.0/5.8.1/5.8.1.txt
2025-08-26 16:15:16 | DEBUG    | src.processing.discovery:discover_prompt_files:40 - Found prompt file: 03.layer1_extracted/5/5.6.0/5.6.1/5.6.1.txt
2025-08-26 16:15:16 | DEBUG    | src.processing.discovery:discover_prompt_files:40 - Found prompt file: 03.layer1_extracted/5/5.1.0/5.1.1/5.1.1.txt
2025-08-26 16:15:16 | DEBUG    | src.processing.discovery:discover_prompt_files:40 - Found prompt file: 03.layer1_extracted/5/5.5.0/5.5.1/5.5.1.txt
2025-08-26 16:15:16 | DEBUG    | src.processing.discovery:discover_prompt_files:40 - Found prompt file: 03.layer1_extracted/5/5.10.0/5.10.1/5.10.1.txt
2025-08-26 16:15:16 | DEBUG    | src.processing.discovery:discover_prompt_files:40 - Found prompt file: 03.layer1_extracted/5/5.4.0/5.4.1/5.4.1.txt
2025-08-26 16:15:16 | DEBUG    | src.processing.discovery:discover_prompt_files:40 - Found prompt file: 03.layer1_extracted/5/5.9.0/5.9.1/5.9.1.txt
2025-08-26 16:15:16 | DEBUG    | src.processing.discovery:discover_prompt_files:40 - Found prompt file: 03.layer1_extracted/5/5.3.0/5.3.1/5.3.1.txt
2025-08-26 16:15:16 | DEBUG    | src.processing.discovery:discover_prompt_files:40 - Found prompt file: 03.layer1_extracted/5/5.7.0/5.7.1/5.7.1.txt
2025-08-26 16:15:16 | DEBUG    | src.processing.discovery:discover_prompt_files:40 - Found prompt file: 03.layer1_extracted/2/2.2.0/2.2.1/2.2.1.txt
2025-08-26 16:15:16 | DEBUG    | src.processing.discovery:discover_prompt_files:40 - Found prompt file: 03.layer1_extracted/2/2.6.0/2.6.1/2.6.1.txt
2025-08-26 16:15:16 | DEBUG    | src.processing.discovery:discover_prompt_files:40 - Found prompt file: 03.layer1_extracted/2/2.1.0/2.1.1/2.1.1.txt
2025-08-26 16:15:16 | DEBUG    | src.processing.discovery:discover_prompt_files:40 - Found prompt file: 03.layer1_extracted/2/2.5.0/2.5.1/2.5.1.txt
2025-08-26 16:15:16 | DEBUG    | src.processing.discovery:discover_prompt_files:40 - Found prompt file: 03.layer1_extracted/2/2.4.0/2.4.1/2.4.1.txt
2025-08-26 16:15:16 | DEBUG    | src.processing.discovery:discover_prompt_files:40 - Found prompt file: 03.layer1_extracted/2/2.3.0/2.3.1/2.3.1.txt
2025-08-26 16:15:16 | DEBUG    | src.processing.discovery:discover_prompt_files:40 - Found prompt file: 03.layer1_extracted/3/3.2.0/3.2.1/3.2.1.txt
2025-08-26 16:15:16 | DEBUG    | src.processing.discovery:discover_prompt_files:40 - Found prompt file: 03.layer1_extracted/3/3.8.0/3.8.1/3.8.1.txt
2025-08-26 16:15:16 | DEBUG    | src.processing.discovery:discover_prompt_files:40 - Found prompt file: 03.layer1_extracted/3/3.6.0/3.6.1/3.6.1.txt
2025-08-26 16:15:16 | DEBUG    | src.processing.discovery:discover_prompt_files:40 - Found prompt file: 03.layer1_extracted/3/3.11.0/3.11.1/3.11.1.txt
2025-08-26 16:15:16 | DEBUG    | src.processing.discovery:discover_prompt_files:40 - Found prompt file: 03.layer1_extracted/3/3.1.0/3.1.1/3.1.1.txt
2025-08-26 16:15:16 | DEBUG    | src.processing.discovery:discover_prompt_files:40 - Found prompt file: 03.layer1_extracted/3/3.5.0/3.5.1/3.5.1.txt
2025-08-26 16:15:16 | DEBUG    | src.processing.discovery:discover_prompt_files:40 - Found prompt file: 03.layer1_extracted/3/3.4.0/3.4.1/3.4.1.txt
2025-08-26 16:15:16 | DEBUG    | src.processing.discovery:discover_prompt_files:40 - Found prompt file: 03.layer1_extracted/3/3.9.0/3.9.1/3.9.1.txt
2025-08-26 16:15:16 | DEBUG    | src.processing.discovery:discover_prompt_files:40 - Found prompt file: 03.layer1_extracted/3/3.3.0/3.3.1/3.3.1.txt
2025-08-26 16:15:16 | DEBUG    | src.processing.discovery:discover_prompt_files:40 - Found prompt file: 03.layer1_extracted/3/3.7.0/3.7.1/3.7.1.txt
2025-08-26 16:15:16 | DEBUG    | src.processing.discovery:discover_prompt_files:40 - Found prompt file: 03.layer1_extracted/3/3.10.0/3.10.1/3.10.1.txt
2025-08-26 16:15:16 | DEBUG    | src.processing.discovery:discover_prompt_files:40 - Found prompt file: 03.layer1_extracted/4/4.8.0/4.8.1/4.8.1.txt
2025-08-26 16:15:16 | DEBUG    | src.processing.discovery:discover_prompt_files:40 - Found prompt file: 03.layer1_extracted/4/4.2.0/4.2.1/4.2.1.txt
2025-08-26 16:15:16 | DEBUG    | src.processing.discovery:discover_prompt_files:40 - Found prompt file: 03.layer1_extracted/4/4.6.0/4.6.1/4.6.1.txt
2025-08-26 16:15:16 | DEBUG    | src.processing.discovery:discover_prompt_files:40 - Found prompt file: 03.layer1_extracted/4/4.11.0/4.11.1/4.11.1.txt
2025-08-26 16:15:16 | DEBUG    | src.processing.discovery:discover_prompt_files:40 - Found prompt file: 03.layer1_extracted/4/4.1.0/4.1.1/4.1.1.txt
2025-08-26 16:15:16 | DEBUG    | src.processing.discovery:discover_prompt_files:40 - Found prompt file: 03.layer1_extracted/4/4.5.0/4.5.1/4.5.1.txt
2025-08-26 16:15:16 | DEBUG    | src.processing.discovery:discover_prompt_files:40 - Found prompt file: 03.layer1_extracted/4/4.10.0/4.10.1/4.10.1.txt
2025-08-26 16:15:16 | DEBUG    | src.processing.discovery:discover_prompt_files:40 - Found prompt file: 03.layer1_extracted/4/4.4.0/4.4.1/4.4.1.txt
2025-08-26 16:15:16 | DEBUG    | src.processing.discovery:discover_prompt_files:40 - Found prompt file: 03.layer1_extracted/4/4.3.0/4.3.1/4.3.1.txt
2025-08-26 16:15:16 | DEBUG    | src.processing.discovery:discover_prompt_files:40 - Found prompt file: 03.layer1_extracted/4/4.9.0/4.9.1/4.9.1.txt
2025-08-26 16:15:16 | DEBUG    | src.processing.discovery:discover_prompt_files:40 - Found prompt file: 03.layer1_extracted/4/4.7.0/4.7.1/4.7.1.txt
2025-08-26 16:15:16 | DEBUG    | src.processing.discovery:discover_prompt_files:40 - Found prompt file: 03.layer1_extracted/1/1.6.0/1.6.1/1.6.1.txt
2025-08-26 16:15:16 | DEBUG    | src.processing.discovery:discover_prompt_files:40 - Found prompt file: 03.layer1_extracted/1/1.2.0/1.2.1/1.2.1.txt
2025-08-26 16:15:16 | DEBUG    | src.processing.discovery:discover_prompt_files:40 - Found prompt file: 03.layer1_extracted/1/1.5.0/1.5.1/1.5.1.txt
2025-08-26 16:15:16 | DEBUG    | src.processing.discovery:discover_prompt_files:40 - Found prompt file: 03.layer1_extracted/1/1.1.0/1.1.1/1.1.1.txt
2025-08-26 16:15:16 | DEBUG    | src.processing.discovery:discover_prompt_files:40 - Found prompt file: 03.layer1_extracted/1/1.4.0/1.4.1/1.4.1.txt
2025-08-26 16:15:16 | DEBUG    | src.processing.discovery:discover_prompt_files:40 - Found prompt file: 03.layer1_extracted/1/1.7.0/1.7.1/1.7.1.txt
2025-08-26 16:15:16 | DEBUG    | src.processing.discovery:discover_prompt_files:40 - Found prompt file: 03.layer1_extracted/1/1.3.0/1.3.1/1.3.1.txt
2025-08-26 16:15:16 | DEBUG    | src.processing.discovery:discover_prompt_files:40 - Found prompt file: 03.layer1_extracted/6/6.6.0/6.6.1/6.6.1.txt
2025-08-26 16:15:16 | DEBUG    | src.processing.discovery:discover_prompt_files:40 - Found prompt file: 03.layer1_extracted/6/6.2.0/6.2.1/6.2.1.txt
2025-08-26 16:15:16 | DEBUG    | src.processing.discovery:discover_prompt_files:40 - Found prompt file: 03.layer1_extracted/6/6.8.0/6.8.1/6.8.1.txt
2025-08-26 16:15:16 | DEBUG    | src.processing.discovery:discover_prompt_files:40 - Found prompt file: 03.layer1_extracted/6/6.10.0/6.10.1/6.10.1.txt
2025-08-26 16:15:16 | DEBUG    | src.processing.discovery:discover_prompt_files:40 - Found prompt file: 03.layer1_extracted/6/6.5.0/6.5.1/6.5.1.txt
2025-08-26 16:15:16 | DEBUG    | src.processing.discovery:discover_prompt_files:40 - Found prompt file: 03.layer1_extracted/6/6.1.0/6.1.1/6.1.1.txt
2025-08-26 16:15:16 | DEBUG    | src.processing.discovery:discover_prompt_files:40 - Found prompt file: 03.layer1_extracted/6/6.11.0/6.11.1/6.11.1.txt
2025-08-26 16:15:16 | DEBUG    | src.processing.discovery:discover_prompt_files:40 - Found prompt file: 03.layer1_extracted/6/6.4.0/6.4.1/6.4.1.txt
2025-08-26 16:15:16 | DEBUG    | src.processing.discovery:discover_prompt_files:40 - Found prompt file: 03.layer1_extracted/6/6.7.0/6.7.1/6.7.1.txt
2025-08-26 16:15:16 | DEBUG    | src.processing.discovery:discover_prompt_files:40 - Found prompt file: 03.layer1_extracted/6/6.9.0/6.9.1/6.9.1.txt
2025-08-26 16:15:16 | DEBUG    | src.processing.discovery:discover_prompt_files:40 - Found prompt file: 03.layer1_extracted/6/6.3.0/6.3.1/6.3.1.txt
2025-08-26 16:15:16 | INFO     | src.processing.discovery:discover_prompt_files:45 - Discovered 56 prompt files
2025-08-26 16:15:16 | DEBUG    | src.processing.discovery:discover_profiles:93 - Loaded profile: USER-FILES/03.PROFILES/gpt_image_3x2.yaml
2025-08-26 16:15:16 | INFO     | src.processing.discovery:discover_profiles:97 - Loaded 1 profiles
2025-08-26 16:15:16 | INFO     | src.processing.discovery:get_active_models:128 - Found profile: gpt_image_3x2
2025-08-26 16:15:16 | INFO     | src.processing.discovery:get_active_models:133 - Total profiles to process: 1
2025-08-26 16:15:16 | INFO     | src.config.validator:validate_all:26 - All configuration validation passed
2025-08-26 16:15:16 | INFO     | __main__:main:96 - Output directory: USER-FILES/05.OUTPUT/250826_161516
2025-08-26 16:15:16 | INFO     | src.processing.discovery:load_prompts:63 - Loaded prompt from 1.1.1.txt
2025-08-26 16:15:16 | INFO     | src.processing.discovery:load_prompts:63 - Loaded prompt from 1.2.1.txt
2025-08-26 16:15:16 | INFO     | src.processing.discovery:load_prompts:63 - Loaded prompt from 1.3.1.txt
2025-08-26 16:15:16 | INFO     | src.processing.discovery:load_prompts:63 - Loaded prompt from 1.4.1.txt
2025-08-26 16:15:16 | INFO     | src.processing.discovery:load_prompts:63 - Loaded prompt from 1.5.1.txt
2025-08-26 16:15:16 | INFO     | src.processing.discovery:load_prompts:63 - Loaded prompt from 1.6.1.txt
2025-08-26 16:15:16 | INFO     | src.processing.discovery:load_prompts:63 - Loaded prompt from 1.7.1.txt
2025-08-26 16:15:16 | INFO     | src.processing.discovery:load_prompts:63 - Loaded prompt from 2.1.1.txt
2025-08-26 16:15:16 | INFO     | src.processing.discovery:load_prompts:63 - Loaded prompt from 2.2.1.txt
2025-08-26 16:15:16 | INFO     | src.processing.discovery:load_prompts:63 - Loaded prompt from 2.3.1.txt
2025-08-26 16:15:16 | INFO     | src.processing.discovery:load_prompts:63 - Loaded prompt from 2.4.1.txt
2025-08-26 16:15:16 | INFO     | src.processing.discovery:load_prompts:63 - Loaded prompt from 2.5.1.txt
2025-08-26 16:15:16 | INFO     | src.processing.discovery:load_prompts:63 - Loaded prompt from 2.6.1.txt
2025-08-26 16:15:16 | INFO     | src.processing.discovery:load_prompts:63 - Loaded prompt from 3.1.1.txt
2025-08-26 16:15:16 | INFO     | src.processing.discovery:load_prompts:63 - Loaded prompt from 3.2.1.txt
2025-08-26 16:15:16 | INFO     | src.processing.discovery:load_prompts:63 - Loaded prompt from 3.3.1.txt
2025-08-26 16:15:16 | INFO     | src.processing.discovery:load_prompts:63 - Loaded prompt from 3.4.1.txt
2025-08-26 16:15:16 | INFO     | src.processing.discovery:load_prompts:63 - Loaded prompt from 3.5.1.txt
2025-08-26 16:15:16 | INFO     | src.processing.discovery:load_prompts:63 - Loaded prompt from 3.6.1.txt
2025-08-26 16:15:16 | INFO     | src.processing.discovery:load_prompts:63 - Loaded prompt from 3.7.1.txt
2025-08-26 16:15:16 | INFO     | src.processing.discovery:load_prompts:63 - Loaded prompt from 3.8.1.txt
2025-08-26 16:15:16 | INFO     | src.processing.discovery:load_prompts:63 - Loaded prompt from 3.9.1.txt
2025-08-26 16:15:16 | INFO     | src.processing.discovery:load_prompts:63 - Loaded prompt from 3.10.1.txt
2025-08-26 16:15:16 | INFO     | src.processing.discovery:load_prompts:63 - Loaded prompt from 3.11.1.txt
2025-08-26 16:15:16 | INFO     | src.processing.discovery:load_prompts:63 - Loaded prompt from 4.1.1.txt
2025-08-26 16:15:16 | INFO     | src.processing.discovery:load_prompts:63 - Loaded prompt from 4.2.1.txt
2025-08-26 16:15:16 | INFO     | src.processing.discovery:load_prompts:63 - Loaded prompt from 4.3.1.txt
2025-08-26 16:15:16 | INFO     | src.processing.discovery:load_prompts:63 - Loaded prompt from 4.4.1.txt
2025-08-26 16:15:16 | INFO     | src.processing.discovery:load_prompts:63 - Loaded prompt from 4.5.1.txt
2025-08-26 16:15:16 | INFO     | src.processing.discovery:load_prompts:63 - Loaded prompt from 4.6.1.txt
2025-08-26 16:15:16 | INFO     | src.processing.discovery:load_prompts:63 - Loaded prompt from 4.7.1.txt
2025-08-26 16:15:16 | INFO     | src.processing.discovery:load_prompts:63 - Loaded prompt from 4.8.1.txt
2025-08-26 16:15:16 | INFO     | src.processing.discovery:load_prompts:63 - Loaded prompt from 4.9.1.txt
2025-08-26 16:15:16 | INFO     | src.processing.discovery:load_prompts:63 - Loaded prompt from 4.10.1.txt
2025-08-26 16:15:16 | INFO     | src.processing.discovery:load_prompts:63 - Loaded prompt from 4.11.1.txt
2025-08-26 16:15:16 | INFO     | src.processing.discovery:load_prompts:63 - Loaded prompt from 5.1.1.txt
2025-08-26 16:15:16 | INFO     | src.processing.discovery:load_prompts:63 - Loaded prompt from 5.2.1.txt
2025-08-26 16:15:16 | INFO     | src.processing.discovery:load_prompts:63 - Loaded prompt from 5.3.1.txt
2025-08-26 16:15:16 | INFO     | src.processing.discovery:load_prompts:63 - Loaded prompt from 5.4.1.txt
2025-08-26 16:15:16 | INFO     | src.processing.discovery:load_prompts:63 - Loaded prompt from 5.5.1.txt
2025-08-26 16:15:16 | INFO     | src.processing.discovery:load_prompts:63 - Loaded prompt from 5.6.1.txt
2025-08-26 16:15:16 | INFO     | src.processing.discovery:load_prompts:63 - Loaded prompt from 5.7.1.txt
2025-08-26 16:15:16 | INFO     | src.processing.discovery:load_prompts:63 - Loaded prompt from 5.8.1.txt
2025-08-26 16:15:16 | INFO     | src.processing.discovery:load_prompts:63 - Loaded prompt from 5.9.1.txt
2025-08-26 16:15:16 | INFO     | src.processing.discovery:load_prompts:63 - Loaded prompt from 5.10.1.txt
2025-08-26 16:15:16 | INFO     | src.processing.discovery:load_prompts:63 - Loaded prompt from 6.1.1.txt
2025-08-26 16:15:16 | INFO     | src.processing.discovery:load_prompts:63 - Loaded prompt from 6.2.1.txt
2025-08-26 16:15:16 | INFO     | src.processing.discovery:load_prompts:63 - Loaded prompt from 6.3.1.txt
2025-08-26 16:15:16 | INFO     | src.processing.discovery:load_prompts:63 - Loaded prompt from 6.4.1.txt
2025-08-26 16:15:16 | INFO     | src.processing.discovery:load_prompts:63 - Loaded prompt from 6.5.1.txt
2025-08-26 16:15:16 | INFO     | src.processing.discovery:load_prompts:63 - Loaded prompt from 6.6.1.txt
2025-08-26 16:15:16 | INFO     | src.processing.discovery:load_prompts:63 - Loaded prompt from 6.7.1.txt
2025-08-26 16:15:16 | INFO     | src.processing.discovery:load_prompts:63 - Loaded prompt from 6.8.1.txt
2025-08-26 16:15:16 | INFO     | src.processing.discovery:load_prompts:63 - Loaded prompt from 6.9.1.txt
2025-08-26 16:15:16 | INFO     | src.processing.discovery:load_prompts:63 - Loaded prompt from 6.10.1.txt
2025-08-26 16:15:16 | INFO     | src.processing.discovery:load_prompts:63 - Loaded prompt from 6.11.1.txt
2025-08-26 16:15:16 | INFO     | src.output.writer:write_report:134 - Wrote report: USER-FILES/05.OUTPUT/250826_161516/COST-ESTIMATION.md
2025-08-26 16:15:16 | INFO     | __main__:main:131 - Cost estimation saved. Total: $10.6400
