2025-08-30 08:40:45 | INFO     | src.utils.logging:setup_logging:39 - Logging configured (verbose=False, debug=False)
2025-08-30 08:40:45 | INFO     | __main__:main:75 - Loading configuration...
2025-08-30 08:40:45 | INFO     | src.config.loader:load_config:42 - Loaded configuration from USER-FILES/01.CONFIG/config.yaml
2025-08-30 08:40:45 | INFO     | __main__:main:80 - Authenticating...
2025-08-30 08:40:45 | DEBUG    | src.auth.env:get_fal_api_key_from_env:19 - Loaded environment from /Users/ruben/08_-_DEVELOPMENT/ISOF_IMAGE_WORKFLOW/00.fal-text->image-tool/.env
2025-08-30 08:40:45 | INFO     | src.auth.env:get_fal_api_key_from_env:25 - Successfully retrieved FAL API key from environment
2025-08-30 08:40:45 | INFO     | __main__:main:84 - Discovering inputs...
2025-08-30 08:40:45 | DEBUG    | src.processing.discovery:discover_prompt_files:40 - Found prompt file: 250824_opus-4-1_southern_italian/prompt166.txt
2025-08-30 08:40:45 | DEBUG    | src.processing.discovery:discover_prompt_files:40 - Found prompt file: 250824_opus-4-1_southern_italian/prompt172.txt
2025-08-30 08:40:45 | DEBUG    | src.processing.discovery:discover_prompt_files:40 - Found prompt file: 250824_opus-4-1_southern_italian/prompt09.txt
2025-08-30 08:40:45 | DEBUG    | src.processing.discovery:discover_prompt_files:40 - Found prompt file: 250824_opus-4-1_southern_italian/prompt21.txt
2025-08-30 08:40:45 | DEBUG    | src.processing.discovery:discover_prompt_files:40 - Found prompt file: 250824_opus-4-1_southern_italian/prompt35.txt
2025-08-30 08:40:45 | DEBUG    | src.processing.discovery:discover_prompt_files:40 - Found prompt file: 250824_opus-4-1_southern_italian/prompt34.txt
2025-08-30 08:40:45 | DEBUG    | src.processing.discovery:discover_prompt_files:40 - Found prompt file: 250824_opus-4-1_southern_italian/prompt20.txt
2025-08-30 08:40:45 | DEBUG    | src.processing.discovery:discover_prompt_files:40 - Found prompt file: 250824_opus-4-1_southern_italian/prompt08.txt
2025-08-30 08:40:45 | DEBUG    | src.processing.discovery:discover_prompt_files:40 - Found prompt file: 250824_opus-4-1_southern_italian/prompt173.txt
2025-08-30 08:40:45 | DEBUG    | src.processing.discovery:discover_prompt_files:40 - Found prompt file: 250824_opus-4-1_southern_italian/prompt167.txt
2025-08-30 08:40:45 | DEBUG    | src.processing.discovery:discover_prompt_files:40 - Found prompt file: 250824_opus-4-1_southern_italian/prompt159.txt
2025-08-30 08:40:45 | DEBUG    | src.processing.discovery:discover_prompt_files:40 - Found prompt file: 250824_opus-4-1_southern_italian/prompt171.txt
2025-08-30 08:40:45 | DEBUG    | src.processing.discovery:discover_prompt_files:40 - Found prompt file: 250824_opus-4-1_southern_italian/prompt165.txt
2025-08-30 08:40:45 | DEBUG    | src.processing.discovery:discover_prompt_files:40 - Found prompt file: 250824_opus-4-1_southern_italian/prompt36.txt
2025-08-30 08:40:45 | DEBUG    | src.processing.discovery:discover_prompt_files:40 - Found prompt file: 250824_opus-4-1_southern_italian/prompt22.txt
2025-08-30 08:40:45 | DEBUG    | src.processing.discovery:discover_prompt_files:40 - Found prompt file: 250824_opus-4-1_southern_italian/prompt23.txt
2025-08-30 08:40:45 | DEBUG    | src.processing.discovery:discover_prompt_files:40 - Found prompt file: 250824_opus-4-1_southern_italian/prompt37.txt
2025-08-30 08:40:45 | DEBUG    | src.processing.discovery:discover_prompt_files:40 - Found prompt file: 250824_opus-4-1_southern_italian/prompt164.txt
2025-08-30 08:40:45 | DEBUG    | src.processing.discovery:discover_prompt_files:40 - Found prompt file: 250824_opus-4-1_southern_italian/prompt170.txt
2025-08-30 08:40:45 | DEBUG    | src.processing.discovery:discover_prompt_files:40 - Found prompt file: 250824_opus-4-1_southern_italian/prompt158.txt
2025-08-30 08:40:45 | DEBUG    | src.processing.discovery:discover_prompt_files:40 - Found prompt file: 250824_opus-4-1_southern_italian/prompt174.txt
2025-08-30 08:40:45 | DEBUG    | src.processing.discovery:discover_prompt_files:40 - Found prompt file: 250824_opus-4-1_southern_italian/prompt160.txt
2025-08-30 08:40:45 | DEBUG    | src.processing.discovery:discover_prompt_files:40 - Found prompt file: 250824_opus-4-1_southern_italian/prompt148.txt
2025-08-30 08:40:45 | DEBUG    | src.processing.discovery:discover_prompt_files:40 - Found prompt file: 250824_opus-4-1_southern_italian/prompt33.txt
2025-08-30 08:40:45 | DEBUG    | src.processing.discovery:discover_prompt_files:40 - Found prompt file: 250824_opus-4-1_southern_italian/prompt27.txt
2025-08-30 08:40:45 | DEBUG    | src.processing.discovery:discover_prompt_files:40 - Found prompt file: 250824_opus-4-1_southern_italian/prompt26.txt
2025-08-30 08:40:45 | DEBUG    | src.processing.discovery:discover_prompt_files:40 - Found prompt file: 250824_opus-4-1_southern_italian/prompt32.txt
2025-08-30 08:40:45 | DEBUG    | src.processing.discovery:discover_prompt_files:40 - Found prompt file: 250824_opus-4-1_southern_italian/prompt149.txt
2025-08-30 08:40:45 | DEBUG    | src.processing.discovery:discover_prompt_files:40 - Found prompt file: 250824_opus-4-1_southern_italian/prompt161.txt
2025-08-30 08:40:45 | DEBUG    | src.processing.discovery:discover_prompt_files:40 - Found prompt file: 250824_opus-4-1_southern_italian/prompt175.txt
2025-08-30 08:40:45 | DEBUG    | src.processing.discovery:discover_prompt_files:40 - Found prompt file: 250824_opus-4-1_southern_italian/prompt163.txt
2025-08-30 08:40:45 | DEBUG    | src.processing.discovery:discover_prompt_files:40 - Found prompt file: 250824_opus-4-1_southern_italian/prompt177.txt
2025-08-30 08:40:45 | DEBUG    | src.processing.discovery:discover_prompt_files:40 - Found prompt file: 250824_opus-4-1_southern_italian/prompt188.txt
2025-08-30 08:40:45 | DEBUG    | src.processing.discovery:discover_prompt_files:40 - Found prompt file: 250824_opus-4-1_southern_italian/prompt24.txt
2025-08-30 08:40:45 | DEBUG    | src.processing.discovery:discover_prompt_files:40 - Found prompt file: 250824_opus-4-1_southern_italian/prompt30.txt
2025-08-30 08:40:45 | DEBUG    | src.processing.discovery:discover_prompt_files:40 - Found prompt file: 250824_opus-4-1_southern_italian/prompt18.txt
2025-08-30 08:40:45 | DEBUG    | src.processing.discovery:discover_prompt_files:40 - Found prompt file: 250824_opus-4-1_southern_italian/prompt19.txt
2025-08-30 08:40:45 | DEBUG    | src.processing.discovery:discover_prompt_files:40 - Found prompt file: 250824_opus-4-1_southern_italian/prompt31.txt
2025-08-30 08:40:45 | DEBUG    | src.processing.discovery:discover_prompt_files:40 - Found prompt file: 250824_opus-4-1_southern_italian/prompt25.txt
2025-08-30 08:40:45 | DEBUG    | src.processing.discovery:discover_prompt_files:40 - Found prompt file: 250824_opus-4-1_southern_italian/prompt189.txt
2025-08-30 08:40:45 | DEBUG    | src.processing.discovery:discover_prompt_files:40 - Found prompt file: 250824_opus-4-1_southern_italian/prompt176.txt
2025-08-30 08:40:45 | DEBUG    | src.processing.discovery:discover_prompt_files:40 - Found prompt file: 250824_opus-4-1_southern_italian/prompt162.txt
2025-08-30 08:40:45 | DEBUG    | src.processing.discovery:discover_prompt_files:40 - Found prompt file: 250824_opus-4-1_southern_italian/prompt139.txt
2025-08-30 08:40:45 | DEBUG    | src.processing.discovery:discover_prompt_files:40 - Found prompt file: 250824_opus-4-1_southern_italian/prompt105.txt
2025-08-30 08:40:45 | DEBUG    | src.processing.discovery:discover_prompt_files:40 - Found prompt file: 250824_opus-4-1_southern_italian/prompt111.txt
2025-08-30 08:40:45 | DEBUG    | src.processing.discovery:discover_prompt_files:40 - Found prompt file: 250824_opus-4-1_southern_italian/prompt42.txt
2025-08-30 08:40:45 | DEBUG    | src.processing.discovery:discover_prompt_files:40 - Found prompt file: 250824_opus-4-1_southern_italian/prompt56.txt
2025-08-30 08:40:45 | DEBUG    | src.processing.discovery:discover_prompt_files:40 - Found prompt file: 250824_opus-4-1_southern_italian/prompt81.txt
2025-08-30 08:40:45 | DEBUG    | src.processing.discovery:discover_prompt_files:40 - Found prompt file: 250824_opus-4-1_southern_italian/prompt95.txt
2025-08-30 08:40:45 | DEBUG    | src.processing.discovery:discover_prompt_files:40 - Found prompt file: 250824_opus-4-1_southern_italian/prompt94.txt
2025-08-30 08:40:45 | DEBUG    | src.processing.discovery:discover_prompt_files:40 - Found prompt file: 250824_opus-4-1_southern_italian/prompt80.txt
2025-08-30 08:40:45 | DEBUG    | src.processing.discovery:discover_prompt_files:40 - Found prompt file: 250824_opus-4-1_southern_italian/prompt57.txt
2025-08-30 08:40:45 | DEBUG    | src.processing.discovery:discover_prompt_files:40 - Found prompt file: 250824_opus-4-1_southern_italian/prompt43.txt
2025-08-30 08:40:45 | DEBUG    | src.processing.discovery:discover_prompt_files:40 - Found prompt file: 250824_opus-4-1_southern_italian/prompt110.txt
2025-08-30 08:40:45 | DEBUG    | src.processing.discovery:discover_prompt_files:40 - Found prompt file: 250824_opus-4-1_southern_italian/prompt104.txt
2025-08-30 08:40:45 | DEBUG    | src.processing.discovery:discover_prompt_files:40 - Found prompt file: 250824_opus-4-1_southern_italian/prompt138.txt
2025-08-30 08:40:45 | DEBUG    | src.processing.discovery:discover_prompt_files:40 - Found prompt file: 250824_opus-4-1_southern_italian/prompt112.txt
2025-08-30 08:40:45 | DEBUG    | src.processing.discovery:discover_prompt_files:40 - Found prompt file: 250824_opus-4-1_southern_italian/prompt106.txt
2025-08-30 08:40:45 | DEBUG    | src.processing.discovery:discover_prompt_files:40 - Found prompt file: 250824_opus-4-1_southern_italian/prompt69.txt
2025-08-30 08:40:45 | DEBUG    | src.processing.discovery:discover_prompt_files:40 - Found prompt file: 250824_opus-4-1_southern_italian/prompt55.txt
2025-08-30 08:40:45 | DEBUG    | src.processing.discovery:discover_prompt_files:40 - Found prompt file: 250824_opus-4-1_southern_italian/prompt41.txt
2025-08-30 08:40:45 | DEBUG    | src.processing.discovery:discover_prompt_files:40 - Found prompt file: 250824_opus-4-1_southern_italian/prompt96.txt
2025-08-30 08:40:45 | DEBUG    | src.processing.discovery:discover_prompt_files:40 - Found prompt file: 250824_opus-4-1_southern_italian/prompt82.txt
2025-08-30 08:40:45 | DEBUG    | src.processing.discovery:discover_prompt_files:40 - Found prompt file: 250824_opus-4-1_southern_italian/prompt83.txt
2025-08-30 08:40:45 | DEBUG    | src.processing.discovery:discover_prompt_files:40 - Found prompt file: 250824_opus-4-1_southern_italian/prompt97.txt
2025-08-30 08:40:45 | DEBUG    | src.processing.discovery:discover_prompt_files:40 - Found prompt file: 250824_opus-4-1_southern_italian/prompt40.txt
2025-08-30 08:40:45 | DEBUG    | src.processing.discovery:discover_prompt_files:40 - Found prompt file: 250824_opus-4-1_southern_italian/prompt54.txt
2025-08-30 08:40:45 | DEBUG    | src.processing.discovery:discover_prompt_files:40 - Found prompt file: 250824_opus-4-1_southern_italian/prompt68.txt
2025-08-30 08:40:45 | DEBUG    | src.processing.discovery:discover_prompt_files:40 - Found prompt file: 250824_opus-4-1_southern_italian/prompt107.txt
2025-08-30 08:40:45 | DEBUG    | src.processing.discovery:discover_prompt_files:40 - Found prompt file: 250824_opus-4-1_southern_italian/prompt113.txt
2025-08-30 08:40:45 | DEBUG    | src.processing.discovery:discover_prompt_files:40 - Found prompt file: 250824_opus-4-1_southern_italian/prompt117.txt
2025-08-30 08:40:45 | DEBUG    | src.processing.discovery:discover_prompt_files:40 - Found prompt file: 250824_opus-4-1_southern_italian/prompt103.txt
2025-08-30 08:40:45 | DEBUG    | src.processing.discovery:discover_prompt_files:40 - Found prompt file: 250824_opus-4-1_southern_italian/prompt50.txt
2025-08-30 08:40:45 | DEBUG    | src.processing.discovery:discover_prompt_files:40 - Found prompt file: 250824_opus-4-1_southern_italian/prompt44.txt
2025-08-30 08:40:45 | DEBUG    | src.processing.discovery:discover_prompt_files:40 - Found prompt file: 250824_opus-4-1_southern_italian/prompt78.txt
2025-08-30 08:40:45 | DEBUG    | src.processing.discovery:discover_prompt_files:40 - Found prompt file: 250824_opus-4-1_southern_italian/prompt93.txt
2025-08-30 08:40:45 | DEBUG    | src.processing.discovery:discover_prompt_files:40 - Found prompt file: 250824_opus-4-1_southern_italian/prompt87.txt
2025-08-30 08:40:45 | DEBUG    | src.processing.discovery:discover_prompt_files:40 - Found prompt file: 250824_opus-4-1_southern_italian/prompt86.txt
2025-08-30 08:40:45 | DEBUG    | src.processing.discovery:discover_prompt_files:40 - Found prompt file: 250824_opus-4-1_southern_italian/prompt92.txt
2025-08-30 08:40:45 | DEBUG    | src.processing.discovery:discover_prompt_files:40 - Found prompt file: 250824_opus-4-1_southern_italian/prompt79.txt
2025-08-30 08:40:45 | DEBUG    | src.processing.discovery:discover_prompt_files:40 - Found prompt file: 250824_opus-4-1_southern_italian/prompt45.txt
2025-08-30 08:40:45 | DEBUG    | src.processing.discovery:discover_prompt_files:40 - Found prompt file: 250824_opus-4-1_southern_italian/prompt51.txt
2025-08-30 08:40:45 | DEBUG    | src.processing.discovery:discover_prompt_files:40 - Found prompt file: 250824_opus-4-1_southern_italian/prompt102.txt
2025-08-30 08:40:45 | DEBUG    | src.processing.discovery:discover_prompt_files:40 - Found prompt file: 250824_opus-4-1_southern_italian/prompt116.txt
2025-08-30 08:40:45 | DEBUG    | src.processing.discovery:discover_prompt_files:40 - Found prompt file: 250824_opus-4-1_southern_italian/prompt100.txt
2025-08-30 08:40:45 | DEBUG    | src.processing.discovery:discover_prompt_files:40 - Found prompt file: 250824_opus-4-1_southern_italian/prompt114.txt
2025-08-30 08:40:45 | DEBUG    | src.processing.discovery:discover_prompt_files:40 - Found prompt file: 250824_opus-4-1_southern_italian/prompt128.txt
2025-08-30 08:40:45 | DEBUG    | src.processing.discovery:discover_prompt_files:40 - Found prompt file: 250824_opus-4-1_southern_italian/prompt47.txt
2025-08-30 08:40:45 | DEBUG    | src.processing.discovery:discover_prompt_files:40 - Found prompt file: 250824_opus-4-1_southern_italian/prompt53.txt
2025-08-30 08:40:45 | DEBUG    | src.processing.discovery:discover_prompt_files:40 - Found prompt file: 250824_opus-4-1_southern_italian/prompt84.txt
2025-08-30 08:40:45 | DEBUG    | src.processing.discovery:discover_prompt_files:40 - Found prompt file: 250824_opus-4-1_southern_italian/prompt90.txt
2025-08-30 08:40:45 | DEBUG    | src.processing.discovery:discover_prompt_files:40 - Found prompt file: 250824_opus-4-1_southern_italian/prompt91.txt
2025-08-30 08:40:45 | DEBUG    | src.processing.discovery:discover_prompt_files:40 - Found prompt file: 250824_opus-4-1_southern_italian/prompt85.txt
2025-08-30 08:40:45 | DEBUG    | src.processing.discovery:discover_prompt_files:40 - Found prompt file: 250824_opus-4-1_southern_italian/prompt52.txt
2025-08-30 08:40:45 | DEBUG    | src.processing.discovery:discover_prompt_files:40 - Found prompt file: 250824_opus-4-1_southern_italian/prompt46.txt
2025-08-30 08:40:45 | DEBUG    | src.processing.discovery:discover_prompt_files:40 - Found prompt file: 250824_opus-4-1_southern_italian/prompt129.txt
2025-08-30 08:40:45 | DEBUG    | src.processing.discovery:discover_prompt_files:40 - Found prompt file: 250824_opus-4-1_southern_italian/prompt115.txt
2025-08-30 08:40:45 | DEBUG    | src.processing.discovery:discover_prompt_files:40 - Found prompt file: 250824_opus-4-1_southern_italian/prompt101.txt
2025-08-30 08:40:45 | DEBUG    | src.processing.discovery:discover_prompt_files:40 - Found prompt file: 250824_opus-4-1_southern_italian/prompt118.txt
2025-08-30 08:40:45 | DEBUG    | src.processing.discovery:discover_prompt_files:40 - Found prompt file: 250824_opus-4-1_southern_italian/prompt124.txt
2025-08-30 08:40:45 | DEBUG    | src.processing.discovery:discover_prompt_files:40 - Found prompt file: 250824_opus-4-1_southern_italian/prompt130.txt
2025-08-30 08:40:45 | DEBUG    | src.processing.discovery:discover_prompt_files:40 - Found prompt file: 250824_opus-4-1_southern_italian/prompt63.txt
2025-08-30 08:40:45 | DEBUG    | src.processing.discovery:discover_prompt_files:40 - Found prompt file: 250824_opus-4-1_southern_italian/prompt77.txt
2025-08-30 08:40:45 | DEBUG    | src.processing.discovery:discover_prompt_files:40 - Found prompt file: 250824_opus-4-1_southern_italian/prompt88.txt
2025-08-30 08:40:45 | DEBUG    | src.processing.discovery:discover_prompt_files:40 - Found prompt file: 250824_opus-4-1_southern_italian/prompt89.txt
2025-08-30 08:40:45 | DEBUG    | src.processing.discovery:discover_prompt_files:40 - Found prompt file: 250824_opus-4-1_southern_italian/prompt76.txt
2025-08-30 08:40:45 | DEBUG    | src.processing.discovery:discover_prompt_files:40 - Found prompt file: 250824_opus-4-1_southern_italian/prompt62.txt
2025-08-30 08:40:45 | DEBUG    | src.processing.discovery:discover_prompt_files:40 - Found prompt file: 250824_opus-4-1_southern_italian/prompt131.txt
2025-08-30 08:40:45 | DEBUG    | src.processing.discovery:discover_prompt_files:40 - Found prompt file: 250824_opus-4-1_southern_italian/prompt125.txt
2025-08-30 08:40:45 | DEBUG    | src.processing.discovery:discover_prompt_files:40 - Found prompt file: 250824_opus-4-1_southern_italian/prompt119.txt
2025-08-30 08:40:45 | DEBUG    | src.processing.discovery:discover_prompt_files:40 - Found prompt file: 250824_opus-4-1_southern_italian/prompt133.txt
2025-08-30 08:40:45 | DEBUG    | src.processing.discovery:discover_prompt_files:40 - Found prompt file: 250824_opus-4-1_southern_italian/prompt127.txt
2025-08-30 08:40:45 | DEBUG    | src.processing.discovery:discover_prompt_files:40 - Found prompt file: 250824_opus-4-1_southern_italian/prompt48.txt
2025-08-30 08:40:45 | DEBUG    | src.processing.discovery:discover_prompt_files:40 - Found prompt file: 250824_opus-4-1_southern_italian/prompt74.txt
2025-08-30 08:40:45 | DEBUG    | src.processing.discovery:discover_prompt_files:40 - Found prompt file: 250824_opus-4-1_southern_italian/prompt60.txt
2025-08-30 08:40:45 | DEBUG    | src.processing.discovery:discover_prompt_files:40 - Found prompt file: 250824_opus-4-1_southern_italian/prompt61.txt
2025-08-30 08:40:45 | DEBUG    | src.processing.discovery:discover_prompt_files:40 - Found prompt file: 250824_opus-4-1_southern_italian/prompt75.txt
2025-08-30 08:40:45 | DEBUG    | src.processing.discovery:discover_prompt_files:40 - Found prompt file: 250824_opus-4-1_southern_italian/prompt49.txt
2025-08-30 08:40:45 | DEBUG    | src.processing.discovery:discover_prompt_files:40 - Found prompt file: 250824_opus-4-1_southern_italian/prompt126.txt
2025-08-30 08:40:45 | DEBUG    | src.processing.discovery:discover_prompt_files:40 - Found prompt file: 250824_opus-4-1_southern_italian/prompt132.txt
2025-08-30 08:40:45 | DEBUG    | src.processing.discovery:discover_prompt_files:40 - Found prompt file: 250824_opus-4-1_southern_italian/prompt136.txt
2025-08-30 08:40:45 | DEBUG    | src.processing.discovery:discover_prompt_files:40 - Found prompt file: 250824_opus-4-1_southern_italian/prompt122.txt
2025-08-30 08:40:45 | DEBUG    | src.processing.discovery:discover_prompt_files:40 - Found prompt file: 250824_opus-4-1_southern_italian/prompt71.txt
2025-08-30 08:40:45 | DEBUG    | src.processing.discovery:discover_prompt_files:40 - Found prompt file: 250824_opus-4-1_southern_italian/prompt65.txt
2025-08-30 08:40:45 | DEBUG    | src.processing.discovery:discover_prompt_files:40 - Found prompt file: 250824_opus-4-1_southern_italian/prompt59.txt
2025-08-30 08:40:45 | DEBUG    | src.processing.discovery:discover_prompt_files:40 - Found prompt file: 250824_opus-4-1_southern_italian/prompt58.txt
2025-08-30 08:40:45 | DEBUG    | src.processing.discovery:discover_prompt_files:40 - Found prompt file: 250824_opus-4-1_southern_italian/prompt64.txt
2025-08-30 08:40:45 | DEBUG    | src.processing.discovery:discover_prompt_files:40 - Found prompt file: 250824_opus-4-1_southern_italian/prompt70.txt
2025-08-30 08:40:45 | DEBUG    | src.processing.discovery:discover_prompt_files:40 - Found prompt file: 250824_opus-4-1_southern_italian/prompt123.txt
2025-08-30 08:40:45 | DEBUG    | src.processing.discovery:discover_prompt_files:40 - Found prompt file: 250824_opus-4-1_southern_italian/prompt137.txt
2025-08-30 08:40:45 | DEBUG    | src.processing.discovery:discover_prompt_files:40 - Found prompt file: 250824_opus-4-1_southern_italian/prompt121.txt
2025-08-30 08:40:45 | DEBUG    | src.processing.discovery:discover_prompt_files:40 - Found prompt file: 250824_opus-4-1_southern_italian/prompt135.txt
2025-08-30 08:40:45 | DEBUG    | src.processing.discovery:discover_prompt_files:40 - Found prompt file: 250824_opus-4-1_southern_italian/prompt109.txt
2025-08-30 08:40:45 | DEBUG    | src.processing.discovery:discover_prompt_files:40 - Found prompt file: 250824_opus-4-1_southern_italian/prompt66.txt
2025-08-30 08:40:45 | DEBUG    | src.processing.discovery:discover_prompt_files:40 - Found prompt file: 250824_opus-4-1_southern_italian/prompt72.txt
2025-08-30 08:40:45 | DEBUG    | src.processing.discovery:discover_prompt_files:40 - Found prompt file: 250824_opus-4-1_southern_italian/prompt99.txt
2025-08-30 08:40:45 | DEBUG    | src.processing.discovery:discover_prompt_files:40 - Found prompt file: 250824_opus-4-1_southern_italian/prompt98.txt
2025-08-30 08:40:45 | DEBUG    | src.processing.discovery:discover_prompt_files:40 - Found prompt file: 250824_opus-4-1_southern_italian/prompt73.txt
2025-08-30 08:40:45 | DEBUG    | src.processing.discovery:discover_prompt_files:40 - Found prompt file: 250824_opus-4-1_southern_italian/prompt67.txt
2025-08-30 08:40:45 | DEBUG    | src.processing.discovery:discover_prompt_files:40 - Found prompt file: 250824_opus-4-1_southern_italian/prompt108.txt
2025-08-30 08:40:45 | DEBUG    | src.processing.discovery:discover_prompt_files:40 - Found prompt file: 250824_opus-4-1_southern_italian/prompt134.txt
2025-08-30 08:40:45 | DEBUG    | src.processing.discovery:discover_prompt_files:40 - Found prompt file: 250824_opus-4-1_southern_italian/prompt120.txt
2025-08-30 08:40:45 | DEBUG    | src.processing.discovery:discover_prompt_files:40 - Found prompt file: 250824_opus-4-1_southern_italian/prompt147.txt
2025-08-30 08:40:45 | DEBUG    | src.processing.discovery:discover_prompt_files:40 - Found prompt file: 250824_opus-4-1_southern_italian/prompt153.txt
2025-08-30 08:40:45 | DEBUG    | src.processing.discovery:discover_prompt_files:40 - Found prompt file: 250824_opus-4-1_southern_italian/prompt184.txt
2025-08-30 08:40:45 | DEBUG    | src.processing.discovery:discover_prompt_files:40 - Found prompt file: 250824_opus-4-1_southern_italian/prompt190.txt
2025-08-30 08:40:45 | DEBUG    | src.processing.discovery:discover_prompt_files:40 - Found prompt file: 250824_opus-4-1_southern_italian/prompt28.txt
2025-08-30 08:40:45 | DEBUG    | src.processing.discovery:discover_prompt_files:40 - Found prompt file: 250824_opus-4-1_southern_italian/prompt14.txt
2025-08-30 08:40:45 | DEBUG    | src.processing.discovery:discover_prompt_files:40 - Found prompt file: 250824_opus-4-1_southern_italian/prompt15.txt
2025-08-30 08:40:45 | DEBUG    | src.processing.discovery:discover_prompt_files:40 - Found prompt file: 250824_opus-4-1_southern_italian/prompt01.txt
2025-08-30 08:40:45 | DEBUG    | src.processing.discovery:discover_prompt_files:40 - Found prompt file: 250824_opus-4-1_southern_italian/prompt29.txt
2025-08-30 08:40:45 | DEBUG    | src.processing.discovery:discover_prompt_files:40 - Found prompt file: 250824_opus-4-1_southern_italian/prompt191.txt
2025-08-30 08:40:45 | DEBUG    | src.processing.discovery:discover_prompt_files:40 - Found prompt file: 250824_opus-4-1_southern_italian/prompt185.txt
2025-08-30 08:40:45 | DEBUG    | src.processing.discovery:discover_prompt_files:40 - Found prompt file: 250824_opus-4-1_southern_italian/prompt152.txt
2025-08-30 08:40:45 | DEBUG    | src.processing.discovery:discover_prompt_files:40 - Found prompt file: 250824_opus-4-1_southern_italian/prompt146.txt
2025-08-30 08:40:45 | DEBUG    | src.processing.discovery:discover_prompt_files:40 - Found prompt file: 250824_opus-4-1_southern_italian/prompt178.txt
2025-08-30 08:40:45 | DEBUG    | src.processing.discovery:discover_prompt_files:40 - Found prompt file: 250824_opus-4-1_southern_italian/prompt150.txt
2025-08-30 08:40:45 | DEBUG    | src.processing.discovery:discover_prompt_files:40 - Found prompt file: 250824_opus-4-1_southern_italian/prompt144.txt
2025-08-30 08:40:45 | DEBUG    | src.processing.discovery:discover_prompt_files:40 - Found prompt file: 250824_opus-4-1_southern_italian/prompt187.txt
2025-08-30 08:40:45 | DEBUG    | src.processing.discovery:discover_prompt_files:40 - Found prompt file: 250824_opus-4-1_southern_italian/prompt17.txt
2025-08-30 08:40:45 | DEBUG    | src.processing.discovery:discover_prompt_files:40 - Found prompt file: 250824_opus-4-1_southern_italian/prompt03.txt
2025-08-30 08:40:45 | DEBUG    | src.processing.discovery:discover_prompt_files:40 - Found prompt file: 250824_opus-4-1_southern_italian/prompt02.txt
2025-08-30 08:40:45 | DEBUG    | src.processing.discovery:discover_prompt_files:40 - Found prompt file: 250824_opus-4-1_southern_italian/prompt16.txt
2025-08-30 08:40:45 | DEBUG    | src.processing.discovery:discover_prompt_files:40 - Found prompt file: 250824_opus-4-1_southern_italian/prompt186.txt
2025-08-30 08:40:45 | DEBUG    | src.processing.discovery:discover_prompt_files:40 - Found prompt file: 250824_opus-4-1_southern_italian/prompt192.txt
2025-08-30 08:40:45 | DEBUG    | src.processing.discovery:discover_prompt_files:40 - Found prompt file: 250824_opus-4-1_southern_italian/prompt145.txt
2025-08-30 08:40:45 | DEBUG    | src.processing.discovery:discover_prompt_files:40 - Found prompt file: 250824_opus-4-1_southern_italian/prompt151.txt
2025-08-30 08:40:45 | DEBUG    | src.processing.discovery:discover_prompt_files:40 - Found prompt file: 250824_opus-4-1_southern_italian/prompt179.txt
2025-08-30 08:40:45 | DEBUG    | src.processing.discovery:discover_prompt_files:40 - Found prompt file: 250824_opus-4-1_southern_italian/prompt155.txt
2025-08-30 08:40:45 | DEBUG    | src.processing.discovery:discover_prompt_files:40 - Found prompt file: 250824_opus-4-1_southern_italian/prompt141.txt
2025-08-30 08:40:45 | DEBUG    | src.processing.discovery:discover_prompt_files:40 - Found prompt file: 250824_opus-4-1_southern_italian/prompt169.txt
2025-08-30 08:40:45 | DEBUG    | src.processing.discovery:discover_prompt_files:40 - Found prompt file: 250824_opus-4-1_southern_italian/prompt182.txt
2025-08-30 08:40:45 | DEBUG    | src.processing.discovery:discover_prompt_files:40 - Found prompt file: 250824_opus-4-1_southern_italian/prompt12.txt
2025-08-30 08:40:45 | DEBUG    | src.processing.discovery:discover_prompt_files:40 - Found prompt file: 250824_opus-4-1_southern_italian/prompt06.txt
2025-08-30 08:40:45 | DEBUG    | src.processing.discovery:discover_prompt_files:40 - Found prompt file: 250824_opus-4-1_southern_italian/prompt07.txt
2025-08-30 08:40:45 | DEBUG    | src.processing.discovery:discover_prompt_files:40 - Found prompt file: 250824_opus-4-1_southern_italian/prompt13.txt
2025-08-30 08:40:45 | DEBUG    | src.processing.discovery:discover_prompt_files:40 - Found prompt file: 250824_opus-4-1_southern_italian/prompt183.txt
2025-08-30 08:40:45 | DEBUG    | src.processing.discovery:discover_prompt_files:40 - Found prompt file: 250824_opus-4-1_southern_italian/prompt168.txt
2025-08-30 08:40:45 | DEBUG    | src.processing.discovery:discover_prompt_files:40 - Found prompt file: 250824_opus-4-1_southern_italian/prompt140.txt
2025-08-30 08:40:45 | DEBUG    | src.processing.discovery:discover_prompt_files:40 - Found prompt file: 250824_opus-4-1_southern_italian/prompt154.txt
2025-08-30 08:40:45 | DEBUG    | src.processing.discovery:discover_prompt_files:40 - Found prompt file: 250824_opus-4-1_southern_italian/prompt142.txt
2025-08-30 08:40:45 | DEBUG    | src.processing.discovery:discover_prompt_files:40 - Found prompt file: 250824_opus-4-1_southern_italian/prompt156.txt
2025-08-30 08:40:45 | DEBUG    | src.processing.discovery:discover_prompt_files:40 - Found prompt file: 250824_opus-4-1_southern_italian/prompt181.txt
2025-08-30 08:40:45 | DEBUG    | src.processing.discovery:discover_prompt_files:40 - Found prompt file: 250824_opus-4-1_southern_italian/prompt05.txt
2025-08-30 08:40:45 | DEBUG    | src.processing.discovery:discover_prompt_files:40 - Found prompt file: 250824_opus-4-1_southern_italian/prompt11.txt
2025-08-30 08:40:45 | DEBUG    | src.processing.discovery:discover_prompt_files:40 - Found prompt file: 250824_opus-4-1_southern_italian/prompt39.txt
2025-08-30 08:40:45 | DEBUG    | src.processing.discovery:discover_prompt_files:40 - Found prompt file: 250824_opus-4-1_southern_italian/prompt38.txt
2025-08-30 08:40:45 | DEBUG    | src.processing.discovery:discover_prompt_files:40 - Found prompt file: 250824_opus-4-1_southern_italian/prompt10.txt
2025-08-30 08:40:45 | DEBUG    | src.processing.discovery:discover_prompt_files:40 - Found prompt file: 250824_opus-4-1_southern_italian/prompt04.txt
2025-08-30 08:40:45 | DEBUG    | src.processing.discovery:discover_prompt_files:40 - Found prompt file: 250824_opus-4-1_southern_italian/prompt180.txt
2025-08-30 08:40:45 | DEBUG    | src.processing.discovery:discover_prompt_files:40 - Found prompt file: 250824_opus-4-1_southern_italian/prompt157.txt
2025-08-30 08:40:45 | DEBUG    | src.processing.discovery:discover_prompt_files:40 - Found prompt file: 250824_opus-4-1_southern_italian/prompt143.txt
2025-08-30 08:40:45 | INFO     | src.processing.discovery:discover_prompt_files:45 - Discovered 192 prompt files
2025-08-30 08:40:45 | DEBUG    | src.processing.discovery:discover_profiles:93 - Loaded profile: USER-FILES/03.PROFILES/gpt_image_3x2.yaml
2025-08-30 08:40:45 | INFO     | src.processing.discovery:discover_profiles:97 - Loaded 1 profiles
2025-08-30 08:40:45 | INFO     | src.processing.discovery:get_active_models:131 - Found profile: gpt_image_3x2
2025-08-30 08:40:45 | INFO     | src.processing.discovery:get_active_models:136 - Total profiles to process: 1
2025-08-30 08:40:45 | INFO     | src.config.validator:validate_all:26 - All configuration validation passed
2025-08-30 08:40:45 | INFO     | __main__:main:104 - Output directory: USER-FILES/05.OUTPUT/250830_084045
2025-08-30 08:40:45 | INFO     | src.processing.discovery:load_prompts:63 - Loaded prompt from prompt01.txt
2025-08-30 08:40:45 | INFO     | src.processing.discovery:load_prompts:63 - Loaded prompt from prompt02.txt
2025-08-30 08:40:45 | INFO     | src.processing.discovery:load_prompts:63 - Loaded prompt from prompt03.txt
2025-08-30 08:40:45 | INFO     | src.processing.discovery:load_prompts:63 - Loaded prompt from prompt04.txt
2025-08-30 08:40:45 | INFO     | src.processing.discovery:load_prompts:63 - Loaded prompt from prompt05.txt
2025-08-30 08:40:45 | INFO     | src.processing.discovery:load_prompts:63 - Loaded prompt from prompt06.txt
2025-08-30 08:40:45 | INFO     | src.processing.discovery:load_prompts:63 - Loaded prompt from prompt07.txt
2025-08-30 08:40:45 | INFO     | src.processing.discovery:load_prompts:63 - Loaded prompt from prompt08.txt
2025-08-30 08:40:45 | INFO     | src.processing.discovery:load_prompts:63 - Loaded prompt from prompt09.txt
2025-08-30 08:40:45 | INFO     | src.processing.discovery:load_prompts:63 - Loaded prompt from prompt10.txt
2025-08-30 08:40:45 | INFO     | src.processing.discovery:load_prompts:63 - Loaded prompt from prompt11.txt
2025-08-30 08:40:45 | INFO     | src.processing.discovery:load_prompts:63 - Loaded prompt from prompt12.txt
2025-08-30 08:40:45 | INFO     | src.processing.discovery:load_prompts:63 - Loaded prompt from prompt13.txt
2025-08-30 08:40:45 | INFO     | src.processing.discovery:load_prompts:63 - Loaded prompt from prompt14.txt
2025-08-30 08:40:45 | INFO     | src.processing.discovery:load_prompts:63 - Loaded prompt from prompt15.txt
2025-08-30 08:40:45 | INFO     | src.processing.discovery:load_prompts:63 - Loaded prompt from prompt16.txt
2025-08-30 08:40:45 | INFO     | src.processing.discovery:load_prompts:63 - Loaded prompt from prompt17.txt
2025-08-30 08:40:45 | INFO     | src.processing.discovery:load_prompts:63 - Loaded prompt from prompt18.txt
2025-08-30 08:40:45 | INFO     | src.processing.discovery:load_prompts:63 - Loaded prompt from prompt19.txt
2025-08-30 08:40:45 | INFO     | src.processing.discovery:load_prompts:63 - Loaded prompt from prompt20.txt
2025-08-30 08:40:45 | INFO     | src.processing.discovery:load_prompts:63 - Loaded prompt from prompt21.txt
2025-08-30 08:40:45 | INFO     | src.processing.discovery:load_prompts:63 - Loaded prompt from prompt22.txt
2025-08-30 08:40:45 | INFO     | src.processing.discovery:load_prompts:63 - Loaded prompt from prompt23.txt
2025-08-30 08:40:45 | INFO     | src.processing.discovery:load_prompts:63 - Loaded prompt from prompt24.txt
2025-08-30 08:40:45 | INFO     | src.processing.discovery:load_prompts:63 - Loaded prompt from prompt25.txt
2025-08-30 08:40:45 | INFO     | src.processing.discovery:load_prompts:63 - Loaded prompt from prompt26.txt
2025-08-30 08:40:45 | INFO     | src.processing.discovery:load_prompts:63 - Loaded prompt from prompt27.txt
2025-08-30 08:40:45 | INFO     | src.processing.discovery:load_prompts:63 - Loaded prompt from prompt28.txt
2025-08-30 08:40:45 | INFO     | src.processing.discovery:load_prompts:63 - Loaded prompt from prompt29.txt
2025-08-30 08:40:45 | INFO     | src.processing.discovery:load_prompts:63 - Loaded prompt from prompt30.txt
2025-08-30 08:40:45 | INFO     | src.processing.discovery:load_prompts:63 - Loaded prompt from prompt31.txt
2025-08-30 08:40:45 | INFO     | src.processing.discovery:load_prompts:63 - Loaded prompt from prompt32.txt
2025-08-30 08:40:45 | INFO     | src.processing.discovery:load_prompts:63 - Loaded prompt from prompt33.txt
2025-08-30 08:40:45 | INFO     | src.processing.discovery:load_prompts:63 - Loaded prompt from prompt34.txt
2025-08-30 08:40:45 | INFO     | src.processing.discovery:load_prompts:63 - Loaded prompt from prompt35.txt
2025-08-30 08:40:45 | INFO     | src.processing.discovery:load_prompts:63 - Loaded prompt from prompt36.txt
2025-08-30 08:40:45 | INFO     | src.processing.discovery:load_prompts:63 - Loaded prompt from prompt37.txt
2025-08-30 08:40:45 | INFO     | src.processing.discovery:load_prompts:63 - Loaded prompt from prompt38.txt
2025-08-30 08:40:45 | INFO     | src.processing.discovery:load_prompts:63 - Loaded prompt from prompt39.txt
2025-08-30 08:40:45 | INFO     | src.processing.discovery:load_prompts:63 - Loaded prompt from prompt40.txt
2025-08-30 08:40:45 | INFO     | src.processing.discovery:load_prompts:63 - Loaded prompt from prompt41.txt
2025-08-30 08:40:45 | INFO     | src.processing.discovery:load_prompts:63 - Loaded prompt from prompt42.txt
2025-08-30 08:40:45 | INFO     | src.processing.discovery:load_prompts:63 - Loaded prompt from prompt43.txt
2025-08-30 08:40:45 | INFO     | src.processing.discovery:load_prompts:63 - Loaded prompt from prompt44.txt
2025-08-30 08:40:45 | INFO     | src.processing.discovery:load_prompts:63 - Loaded prompt from prompt45.txt
2025-08-30 08:40:45 | INFO     | src.processing.discovery:load_prompts:63 - Loaded prompt from prompt46.txt
2025-08-30 08:40:45 | INFO     | src.processing.discovery:load_prompts:63 - Loaded prompt from prompt47.txt
2025-08-30 08:40:45 | INFO     | src.processing.discovery:load_prompts:63 - Loaded prompt from prompt48.txt
2025-08-30 08:40:45 | INFO     | src.processing.discovery:load_prompts:63 - Loaded prompt from prompt49.txt
2025-08-30 08:40:45 | INFO     | src.processing.discovery:load_prompts:63 - Loaded prompt from prompt50.txt
2025-08-30 08:40:45 | INFO     | src.processing.discovery:load_prompts:63 - Loaded prompt from prompt51.txt
2025-08-30 08:40:45 | INFO     | src.processing.discovery:load_prompts:63 - Loaded prompt from prompt52.txt
2025-08-30 08:40:45 | INFO     | src.processing.discovery:load_prompts:63 - Loaded prompt from prompt53.txt
2025-08-30 08:40:45 | INFO     | src.processing.discovery:load_prompts:63 - Loaded prompt from prompt54.txt
2025-08-30 08:40:45 | INFO     | src.processing.discovery:load_prompts:63 - Loaded prompt from prompt55.txt
2025-08-30 08:40:45 | INFO     | src.processing.discovery:load_prompts:63 - Loaded prompt from prompt56.txt
2025-08-30 08:40:45 | INFO     | src.processing.discovery:load_prompts:63 - Loaded prompt from prompt57.txt
2025-08-30 08:40:45 | INFO     | src.processing.discovery:load_prompts:63 - Loaded prompt from prompt58.txt
2025-08-30 08:40:45 | INFO     | src.processing.discovery:load_prompts:63 - Loaded prompt from prompt59.txt
2025-08-30 08:40:45 | INFO     | src.processing.discovery:load_prompts:63 - Loaded prompt from prompt60.txt
2025-08-30 08:40:45 | INFO     | src.processing.discovery:load_prompts:63 - Loaded prompt from prompt61.txt
2025-08-30 08:40:45 | INFO     | src.processing.discovery:load_prompts:63 - Loaded prompt from prompt62.txt
2025-08-30 08:40:45 | INFO     | src.processing.discovery:load_prompts:63 - Loaded prompt from prompt63.txt
2025-08-30 08:40:45 | INFO     | src.processing.discovery:load_prompts:63 - Loaded prompt from prompt64.txt
2025-08-30 08:40:45 | INFO     | src.processing.discovery:load_prompts:63 - Loaded prompt from prompt65.txt
2025-08-30 08:40:45 | INFO     | src.processing.discovery:load_prompts:63 - Loaded prompt from prompt66.txt
2025-08-30 08:40:45 | INFO     | src.processing.discovery:load_prompts:63 - Loaded prompt from prompt67.txt
2025-08-30 08:40:45 | INFO     | src.processing.discovery:load_prompts:63 - Loaded prompt from prompt68.txt
2025-08-30 08:40:45 | INFO     | src.processing.discovery:load_prompts:63 - Loaded prompt from prompt69.txt
2025-08-30 08:40:45 | INFO     | src.processing.discovery:load_prompts:63 - Loaded prompt from prompt70.txt
2025-08-30 08:40:45 | INFO     | src.processing.discovery:load_prompts:63 - Loaded prompt from prompt71.txt
2025-08-30 08:40:45 | INFO     | src.processing.discovery:load_prompts:63 - Loaded prompt from prompt72.txt
2025-08-30 08:40:45 | INFO     | src.processing.discovery:load_prompts:63 - Loaded prompt from prompt73.txt
2025-08-30 08:40:45 | INFO     | src.processing.discovery:load_prompts:63 - Loaded prompt from prompt74.txt
2025-08-30 08:40:45 | INFO     | src.processing.discovery:load_prompts:63 - Loaded prompt from prompt75.txt
2025-08-30 08:40:45 | INFO     | src.processing.discovery:load_prompts:63 - Loaded prompt from prompt76.txt
2025-08-30 08:40:45 | INFO     | src.processing.discovery:load_prompts:63 - Loaded prompt from prompt77.txt
2025-08-30 08:40:45 | INFO     | src.processing.discovery:load_prompts:63 - Loaded prompt from prompt78.txt
2025-08-30 08:40:45 | INFO     | src.processing.discovery:load_prompts:63 - Loaded prompt from prompt79.txt
2025-08-30 08:40:45 | INFO     | src.processing.discovery:load_prompts:63 - Loaded prompt from prompt80.txt
2025-08-30 08:40:45 | INFO     | src.processing.discovery:load_prompts:63 - Loaded prompt from prompt81.txt
2025-08-30 08:40:45 | INFO     | src.processing.discovery:load_prompts:63 - Loaded prompt from prompt82.txt
2025-08-30 08:40:45 | INFO     | src.processing.discovery:load_prompts:63 - Loaded prompt from prompt83.txt
2025-08-30 08:40:45 | INFO     | src.processing.discovery:load_prompts:63 - Loaded prompt from prompt84.txt
2025-08-30 08:40:45 | INFO     | src.processing.discovery:load_prompts:63 - Loaded prompt from prompt85.txt
2025-08-30 08:40:45 | INFO     | src.processing.discovery:load_prompts:63 - Loaded prompt from prompt86.txt
2025-08-30 08:40:45 | INFO     | src.processing.discovery:load_prompts:63 - Loaded prompt from prompt87.txt
2025-08-30 08:40:45 | INFO     | src.processing.discovery:load_prompts:63 - Loaded prompt from prompt88.txt
2025-08-30 08:40:45 | INFO     | src.processing.discovery:load_prompts:63 - Loaded prompt from prompt89.txt
2025-08-30 08:40:45 | INFO     | src.processing.discovery:load_prompts:63 - Loaded prompt from prompt90.txt
2025-08-30 08:40:45 | INFO     | src.processing.discovery:load_prompts:63 - Loaded prompt from prompt91.txt
2025-08-30 08:40:45 | INFO     | src.processing.discovery:load_prompts:63 - Loaded prompt from prompt92.txt
2025-08-30 08:40:45 | INFO     | src.processing.discovery:load_prompts:63 - Loaded prompt from prompt93.txt
2025-08-30 08:40:45 | INFO     | src.processing.discovery:load_prompts:63 - Loaded prompt from prompt94.txt
2025-08-30 08:40:45 | INFO     | src.processing.discovery:load_prompts:63 - Loaded prompt from prompt95.txt
2025-08-30 08:40:45 | INFO     | src.processing.discovery:load_prompts:63 - Loaded prompt from prompt96.txt
2025-08-30 08:40:45 | INFO     | src.processing.discovery:load_prompts:63 - Loaded prompt from prompt97.txt
2025-08-30 08:40:45 | INFO     | src.processing.discovery:load_prompts:63 - Loaded prompt from prompt98.txt
2025-08-30 08:40:45 | INFO     | src.processing.discovery:load_prompts:63 - Loaded prompt from prompt99.txt
2025-08-30 08:40:45 | INFO     | src.processing.discovery:load_prompts:63 - Loaded prompt from prompt100.txt
2025-08-30 08:40:45 | INFO     | src.processing.discovery:load_prompts:63 - Loaded prompt from prompt101.txt
2025-08-30 08:40:45 | INFO     | src.processing.discovery:load_prompts:63 - Loaded prompt from prompt102.txt
2025-08-30 08:40:45 | INFO     | src.processing.discovery:load_prompts:63 - Loaded prompt from prompt103.txt
2025-08-30 08:40:45 | INFO     | src.processing.discovery:load_prompts:63 - Loaded prompt from prompt104.txt
2025-08-30 08:40:45 | INFO     | src.processing.discovery:load_prompts:63 - Loaded prompt from prompt105.txt
2025-08-30 08:40:45 | INFO     | src.processing.discovery:load_prompts:63 - Loaded prompt from prompt106.txt
2025-08-30 08:40:45 | INFO     | src.processing.discovery:load_prompts:63 - Loaded prompt from prompt107.txt
2025-08-30 08:40:45 | INFO     | src.processing.discovery:load_prompts:63 - Loaded prompt from prompt108.txt
2025-08-30 08:40:45 | INFO     | src.processing.discovery:load_prompts:63 - Loaded prompt from prompt109.txt
2025-08-30 08:40:45 | INFO     | src.processing.discovery:load_prompts:63 - Loaded prompt from prompt110.txt
2025-08-30 08:40:45 | INFO     | src.processing.discovery:load_prompts:63 - Loaded prompt from prompt111.txt
2025-08-30 08:40:45 | INFO     | src.processing.discovery:load_prompts:63 - Loaded prompt from prompt112.txt
2025-08-30 08:40:45 | INFO     | src.processing.discovery:load_prompts:63 - Loaded prompt from prompt113.txt
2025-08-30 08:40:45 | INFO     | src.processing.discovery:load_prompts:63 - Loaded prompt from prompt114.txt
2025-08-30 08:40:45 | INFO     | src.processing.discovery:load_prompts:63 - Loaded prompt from prompt115.txt
2025-08-30 08:40:45 | INFO     | src.processing.discovery:load_prompts:63 - Loaded prompt from prompt116.txt
2025-08-30 08:40:45 | INFO     | src.processing.discovery:load_prompts:63 - Loaded prompt from prompt117.txt
2025-08-30 08:40:45 | INFO     | src.processing.discovery:load_prompts:63 - Loaded prompt from prompt118.txt
2025-08-30 08:40:45 | INFO     | src.processing.discovery:load_prompts:63 - Loaded prompt from prompt119.txt
2025-08-30 08:40:45 | INFO     | src.processing.discovery:load_prompts:63 - Loaded prompt from prompt120.txt
2025-08-30 08:40:45 | INFO     | src.processing.discovery:load_prompts:63 - Loaded prompt from prompt121.txt
2025-08-30 08:40:45 | INFO     | src.processing.discovery:load_prompts:63 - Loaded prompt from prompt122.txt
2025-08-30 08:40:45 | INFO     | src.processing.discovery:load_prompts:63 - Loaded prompt from prompt123.txt
2025-08-30 08:40:45 | INFO     | src.processing.discovery:load_prompts:63 - Loaded prompt from prompt124.txt
2025-08-30 08:40:45 | INFO     | src.processing.discovery:load_prompts:63 - Loaded prompt from prompt125.txt
2025-08-30 08:40:45 | INFO     | src.processing.discovery:load_prompts:63 - Loaded prompt from prompt126.txt
2025-08-30 08:40:45 | INFO     | src.processing.discovery:load_prompts:63 - Loaded prompt from prompt127.txt
2025-08-30 08:40:45 | INFO     | src.processing.discovery:load_prompts:63 - Loaded prompt from prompt128.txt
2025-08-30 08:40:45 | INFO     | src.processing.discovery:load_prompts:63 - Loaded prompt from prompt129.txt
2025-08-30 08:40:45 | INFO     | src.processing.discovery:load_prompts:63 - Loaded prompt from prompt130.txt
2025-08-30 08:40:45 | INFO     | src.processing.discovery:load_prompts:63 - Loaded prompt from prompt131.txt
2025-08-30 08:40:45 | INFO     | src.processing.discovery:load_prompts:63 - Loaded prompt from prompt132.txt
2025-08-30 08:40:45 | INFO     | src.processing.discovery:load_prompts:63 - Loaded prompt from prompt133.txt
2025-08-30 08:40:45 | INFO     | src.processing.discovery:load_prompts:63 - Loaded prompt from prompt134.txt
2025-08-30 08:40:45 | INFO     | src.processing.discovery:load_prompts:63 - Loaded prompt from prompt135.txt
2025-08-30 08:40:45 | INFO     | src.processing.discovery:load_prompts:63 - Loaded prompt from prompt136.txt
2025-08-30 08:40:45 | INFO     | src.processing.discovery:load_prompts:63 - Loaded prompt from prompt137.txt
2025-08-30 08:40:45 | INFO     | src.processing.discovery:load_prompts:63 - Loaded prompt from prompt138.txt
2025-08-30 08:40:45 | INFO     | src.processing.discovery:load_prompts:63 - Loaded prompt from prompt139.txt
2025-08-30 08:40:45 | INFO     | src.processing.discovery:load_prompts:63 - Loaded prompt from prompt140.txt
2025-08-30 08:40:45 | INFO     | src.processing.discovery:load_prompts:63 - Loaded prompt from prompt141.txt
2025-08-30 08:40:45 | INFO     | src.processing.discovery:load_prompts:63 - Loaded prompt from prompt142.txt
2025-08-30 08:40:45 | INFO     | src.processing.discovery:load_prompts:63 - Loaded prompt from prompt143.txt
2025-08-30 08:40:45 | INFO     | src.processing.discovery:load_prompts:63 - Loaded prompt from prompt144.txt
2025-08-30 08:40:45 | INFO     | src.processing.discovery:load_prompts:63 - Loaded prompt from prompt145.txt
2025-08-30 08:40:45 | INFO     | src.processing.discovery:load_prompts:63 - Loaded prompt from prompt146.txt
2025-08-30 08:40:45 | INFO     | src.processing.discovery:load_prompts:63 - Loaded prompt from prompt147.txt
2025-08-30 08:40:45 | INFO     | src.processing.discovery:load_prompts:63 - Loaded prompt from prompt148.txt
2025-08-30 08:40:45 | INFO     | src.processing.discovery:load_prompts:63 - Loaded prompt from prompt149.txt
2025-08-30 08:40:45 | INFO     | src.processing.discovery:load_prompts:63 - Loaded prompt from prompt150.txt
2025-08-30 08:40:45 | INFO     | src.processing.discovery:load_prompts:63 - Loaded prompt from prompt151.txt
2025-08-30 08:40:45 | INFO     | src.processing.discovery:load_prompts:63 - Loaded prompt from prompt152.txt
2025-08-30 08:40:45 | INFO     | src.processing.discovery:load_prompts:63 - Loaded prompt from prompt153.txt
2025-08-30 08:40:45 | INFO     | src.processing.discovery:load_prompts:63 - Loaded prompt from prompt154.txt
2025-08-30 08:40:45 | INFO     | src.processing.discovery:load_prompts:63 - Loaded prompt from prompt155.txt
2025-08-30 08:40:45 | INFO     | src.processing.discovery:load_prompts:63 - Loaded prompt from prompt156.txt
2025-08-30 08:40:45 | INFO     | src.processing.discovery:load_prompts:63 - Loaded prompt from prompt157.txt
2025-08-30 08:40:45 | INFO     | src.processing.discovery:load_prompts:63 - Loaded prompt from prompt158.txt
2025-08-30 08:40:45 | INFO     | src.processing.discovery:load_prompts:63 - Loaded prompt from prompt159.txt
2025-08-30 08:40:45 | INFO     | src.processing.discovery:load_prompts:63 - Loaded prompt from prompt160.txt
2025-08-30 08:40:45 | INFO     | src.processing.discovery:load_prompts:63 - Loaded prompt from prompt161.txt
2025-08-30 08:40:45 | INFO     | src.processing.discovery:load_prompts:63 - Loaded prompt from prompt162.txt
2025-08-30 08:40:45 | INFO     | src.processing.discovery:load_prompts:63 - Loaded prompt from prompt163.txt
2025-08-30 08:40:45 | INFO     | src.processing.discovery:load_prompts:63 - Loaded prompt from prompt164.txt
2025-08-30 08:40:45 | INFO     | src.processing.discovery:load_prompts:63 - Loaded prompt from prompt165.txt
2025-08-30 08:40:45 | INFO     | src.processing.discovery:load_prompts:63 - Loaded prompt from prompt166.txt
2025-08-30 08:40:45 | INFO     | src.processing.discovery:load_prompts:63 - Loaded prompt from prompt167.txt
2025-08-30 08:40:45 | INFO     | src.processing.discovery:load_prompts:63 - Loaded prompt from prompt168.txt
2025-08-30 08:40:45 | INFO     | src.processing.discovery:load_prompts:63 - Loaded prompt from prompt169.txt
2025-08-30 08:40:45 | INFO     | src.processing.discovery:load_prompts:63 - Loaded prompt from prompt170.txt
2025-08-30 08:40:45 | INFO     | src.processing.discovery:load_prompts:63 - Loaded prompt from prompt171.txt
2025-08-30 08:40:45 | INFO     | src.processing.discovery:load_prompts:63 - Loaded prompt from prompt172.txt
2025-08-30 08:40:45 | INFO     | src.processing.discovery:load_prompts:63 - Loaded prompt from prompt173.txt
2025-08-30 08:40:45 | INFO     | src.processing.discovery:load_prompts:63 - Loaded prompt from prompt174.txt
2025-08-30 08:40:45 | INFO     | src.processing.discovery:load_prompts:63 - Loaded prompt from prompt175.txt
2025-08-30 08:40:45 | INFO     | src.processing.discovery:load_prompts:63 - Loaded prompt from prompt176.txt
2025-08-30 08:40:45 | INFO     | src.processing.discovery:load_prompts:63 - Loaded prompt from prompt177.txt
2025-08-30 08:40:45 | INFO     | src.processing.discovery:load_prompts:63 - Loaded prompt from prompt178.txt
2025-08-30 08:40:45 | INFO     | src.processing.discovery:load_prompts:63 - Loaded prompt from prompt179.txt
2025-08-30 08:40:45 | INFO     | src.processing.discovery:load_prompts:63 - Loaded prompt from prompt180.txt
2025-08-30 08:40:45 | INFO     | src.processing.discovery:load_prompts:63 - Loaded prompt from prompt181.txt
2025-08-30 08:40:45 | INFO     | src.processing.discovery:load_prompts:63 - Loaded prompt from prompt182.txt
2025-08-30 08:40:45 | INFO     | src.processing.discovery:load_prompts:63 - Loaded prompt from prompt183.txt
2025-08-30 08:40:45 | INFO     | src.processing.discovery:load_prompts:63 - Loaded prompt from prompt184.txt
2025-08-30 08:40:45 | INFO     | src.processing.discovery:load_prompts:63 - Loaded prompt from prompt185.txt
2025-08-30 08:40:45 | INFO     | src.processing.discovery:load_prompts:63 - Loaded prompt from prompt186.txt
2025-08-30 08:40:45 | INFO     | src.processing.discovery:load_prompts:63 - Loaded prompt from prompt187.txt
2025-08-30 08:40:45 | INFO     | src.processing.discovery:load_prompts:63 - Loaded prompt from prompt188.txt
2025-08-30 08:40:45 | INFO     | src.processing.discovery:load_prompts:63 - Loaded prompt from prompt189.txt
2025-08-30 08:40:45 | INFO     | src.processing.discovery:load_prompts:63 - Loaded prompt from prompt190.txt
2025-08-30 08:40:45 | INFO     | src.processing.discovery:load_prompts:63 - Loaded prompt from prompt191.txt
2025-08-30 08:40:45 | INFO     | src.processing.discovery:load_prompts:63 - Loaded prompt from prompt192.txt
2025-08-30 08:40:45 | INFO     | src.output.writer:write_report:152 - Wrote report: USER-FILES/05.OUTPUT/250830_084045/COST-ESTIMATION.md
2025-08-30 08:40:45 | INFO     | __main__:main:139 - Cost estimation saved. Total: $36.4800
