2025-09-08 18:11:38 | INFO     | src.utils.logging:setup_logging:39 - Logging configured (verbose=False, debug=False)
2025-09-08 18:11:38 | INFO     | __main__:main:75 - Loading configuration...
2025-09-08 18:11:38 | INFO     | src.config.loader:load_config:42 - Loaded configuration from USER-FILES/01.CONFIG/config.yaml
2025-09-08 18:11:38 | INFO     | __main__:main:80 - Authenticating...
2025-09-08 18:11:38 | DEBUG    | src.auth.env:get_fal_api_key_from_env:19 - Loaded environment from /Users/ruben/08_-_DEVELOPMENT/ISOF_IMAGE_WORKFLOW/00.fal_text-to-image_tool/.env
2025-09-08 18:11:38 | INFO     | src.auth.env:get_fal_api_key_from_env:25 - Successfully retrieved FAL API key from environment
2025-09-08 18:11:38 | INFO     | __main__:main:84 - Discovering inputs...
2025-09-08 18:11:38 | DEBUG    | src.processing.discovery:discover_prompt_files:40 - Found prompt file: 1/line_0026.txt
2025-09-08 18:11:38 | DEBUG    | src.processing.discovery:discover_prompt_files:40 - Found prompt file: 1/line_0027.txt
2025-09-08 18:11:38 | DEBUG    | src.processing.discovery:discover_prompt_files:40 - Found prompt file: 1/line_0019.txt
2025-09-08 18:11:38 | DEBUG    | src.processing.discovery:discover_prompt_files:40 - Found prompt file: 1/line_0025.txt
2025-09-08 18:11:38 | DEBUG    | src.processing.discovery:discover_prompt_files:40 - Found prompt file: 1/line_0024.txt
2025-09-08 18:11:38 | DEBUG    | src.processing.discovery:discover_prompt_files:40 - Found prompt file: 1/line_0018.txt
2025-09-08 18:11:38 | DEBUG    | src.processing.discovery:discover_prompt_files:40 - Found prompt file: 1/line_0020.txt
2025-09-08 18:11:38 | DEBUG    | src.processing.discovery:discover_prompt_files:40 - Found prompt file: 1/line_0008.txt
2025-09-08 18:11:38 | DEBUG    | src.processing.discovery:discover_prompt_files:40 - Found prompt file: 1/line_0009.txt
2025-09-08 18:11:38 | DEBUG    | src.processing.discovery:discover_prompt_files:40 - Found prompt file: 1/line_0021.txt
2025-09-08 18:11:38 | DEBUG    | src.processing.discovery:discover_prompt_files:40 - Found prompt file: 1/line_0023.txt
2025-09-08 18:11:38 | DEBUG    | src.processing.discovery:discover_prompt_files:40 - Found prompt file: 1/line_0022.txt
2025-09-08 18:11:38 | DEBUG    | src.processing.discovery:discover_prompt_files:40 - Found prompt file: 1/line_0013.txt
2025-09-08 18:11:38 | DEBUG    | src.processing.discovery:discover_prompt_files:40 - Found prompt file: 1/line_0007.txt
2025-09-08 18:11:38 | DEBUG    | src.processing.discovery:discover_prompt_files:40 - Found prompt file: 1/line_0006.txt
2025-09-08 18:11:38 | DEBUG    | src.processing.discovery:discover_prompt_files:40 - Found prompt file: 1/line_0012.txt
2025-09-08 18:11:38 | DEBUG    | src.processing.discovery:discover_prompt_files:40 - Found prompt file: 1/line_0004.txt
2025-09-08 18:11:38 | DEBUG    | src.processing.discovery:discover_prompt_files:40 - Found prompt file: 1/line_0010.txt
2025-09-08 18:11:38 | DEBUG    | src.processing.discovery:discover_prompt_files:40 - Found prompt file: 1/line_0011.txt
2025-09-08 18:11:38 | DEBUG    | src.processing.discovery:discover_prompt_files:40 - Found prompt file: 1/line_0005.txt
2025-09-08 18:11:38 | DEBUG    | src.processing.discovery:discover_prompt_files:40 - Found prompt file: 1/line_0001.txt
2025-09-08 18:11:38 | DEBUG    | src.processing.discovery:discover_prompt_files:40 - Found prompt file: 1/line_0015.txt
2025-09-08 18:11:38 | DEBUG    | src.processing.discovery:discover_prompt_files:40 - Found prompt file: 1/line_0014.txt
2025-09-08 18:11:38 | DEBUG    | src.processing.discovery:discover_prompt_files:40 - Found prompt file: 1/line_0016.txt
2025-09-08 18:11:38 | DEBUG    | src.processing.discovery:discover_prompt_files:40 - Found prompt file: 1/line_0002.txt
2025-09-08 18:11:38 | DEBUG    | src.processing.discovery:discover_prompt_files:40 - Found prompt file: 1/line_0003.txt
2025-09-08 18:11:38 | DEBUG    | src.processing.discovery:discover_prompt_files:40 - Found prompt file: 1/line_0017.txt
2025-09-08 18:11:38 | INFO     | src.processing.discovery:discover_prompt_files:45 - Discovered 27 prompt files
2025-09-08 18:11:38 | DEBUG    | src.processing.discovery:discover_profiles:93 - Loaded profile: USER-FILES/03.PROFILES/nano-banano.yaml
2025-09-08 18:11:38 | INFO     | src.processing.discovery:discover_profiles:97 - Loaded 1 profiles
2025-09-08 18:11:38 | INFO     | src.processing.discovery:get_active_models:131 - Found profile: nano-banano
2025-09-08 18:11:38 | INFO     | src.processing.discovery:get_active_models:136 - Total profiles to process: 1
2025-09-08 18:11:38 | INFO     | src.config.validator:validate_all:26 - All configuration validation passed
2025-09-08 18:11:38 | INFO     | __main__:main:104 - Output directory: USER-FILES/05.OUTPUT/250908_181138
2025-09-08 18:11:38 | INFO     | __main__:main:166 - Starting matrix processing...
2025-09-08 18:11:38 | INFO     | src.processing.processor:process_all:69 - Processing 27 combinations (27 files × 1 profiles)
2025-09-08 18:11:38 | INFO     | src.processing.discovery:load_prompts:63 - Loaded prompt from line_0001.txt
2025-09-08 18:11:38 | INFO     | src.processing.processor:process_all:105 - Processing combination 1/27: 1/line_0001.txt + nano-banano
2025-09-08 18:11:38 | DEBUG    | src.processing.processor:_process_file_model_combination:181 - Added prefix to prompt: A moody, cinematic scene from the 
2025-09-08 18:11:38 | DEBUG    | src.processing.processor:_process_file_model_combination:185 - Added suffix to prompt:  Shot on 35mm film in the style of Roger Deakins
2025-09-08 18:11:38 | DEBUG    | src.processing.processor:_process_file_model_combination:187 - Processing 1/line_0001.txt: A moody, cinematic scene from the  "Clipart-style ...
2025-09-08 18:11:38 | DEBUG    | src.api.client:_call_with_retry:114 - API call attempt 1/3
2025-09-08 18:11:46 | DEBUG    | src.api.client:_call_with_retry:127 - API call successful
2025-09-08 18:11:52 | INFO     | src.output.writer:save_image:119 - Saved valid image: USER-FILES/05.OUTPUT/250908_181138/nano-banano/1/line_0001_181146_nano-banano_unknownxunknown.jpeg
2025-09-08 18:11:52 | DEBUG    | src.output.writer:save_image:135 - Saved API payload: USER-FILES/05.OUTPUT/250908_181138/nano-banano/1/line_0001_181146_nano-banano_unknownxunknown.json
2025-09-08 18:11:52 | INFO     | src.processing.processor:_process_file_model_combination:234 - Saved image: line_0001_181146_nano-banano_unknownxunknown.jpeg
2025-09-08 18:11:52 | INFO     | src.processing.discovery:load_prompts:63 - Loaded prompt from line_0002.txt
2025-09-08 18:11:52 | INFO     | src.processing.processor:process_all:105 - Processing combination 2/27: 1/line_0002.txt + nano-banano
2025-09-08 18:11:52 | DEBUG    | src.processing.processor:_process_file_model_combination:181 - Added prefix to prompt: A moody, cinematic scene from the 
2025-09-08 18:11:52 | DEBUG    | src.processing.processor:_process_file_model_combination:185 - Added suffix to prompt:  Shot on 35mm film in the style of Roger Deakins
2025-09-08 18:11:52 | DEBUG    | src.processing.processor:_process_file_model_combination:187 - Processing 1/line_0002.txt: A moody, cinematic scene from the  Group of 3 AWS ...
2025-09-08 18:11:52 | DEBUG    | src.api.client:_call_with_retry:114 - API call attempt 1/3
2025-09-08 18:12:00 | DEBUG    | src.api.client:_call_with_retry:127 - API call successful
2025-09-08 18:12:04 | INFO     | src.output.writer:save_image:119 - Saved valid image: USER-FILES/05.OUTPUT/250908_181138/nano-banano/1/line_0002_181200_nano-banano_unknownxunknown.jpeg
2025-09-08 18:12:04 | DEBUG    | src.output.writer:save_image:135 - Saved API payload: USER-FILES/05.OUTPUT/250908_181138/nano-banano/1/line_0002_181200_nano-banano_unknownxunknown.json
2025-09-08 18:12:04 | INFO     | src.processing.processor:_process_file_model_combination:234 - Saved image: line_0002_181200_nano-banano_unknownxunknown.jpeg
2025-09-08 18:12:04 | INFO     | src.processing.discovery:load_prompts:63 - Loaded prompt from line_0003.txt
2025-09-08 18:12:04 | INFO     | src.processing.processor:process_all:105 - Processing combination 3/27: 1/line_0003.txt + nano-banano
2025-09-08 18:12:04 | DEBUG    | src.processing.processor:_process_file_model_combination:181 - Added prefix to prompt: A moody, cinematic scene from the 
2025-09-08 18:12:04 | DEBUG    | src.processing.processor:_process_file_model_combination:185 - Added suffix to prompt:  Shot on 35mm film in the style of Roger Deakins
2025-09-08 18:12:04 | DEBUG    | src.processing.processor:_process_file_model_combination:187 - Processing 1/line_0003.txt: A moody, cinematic scene from the  Clipart-style i...
2025-09-08 18:12:04 | DEBUG    | src.api.client:_call_with_retry:114 - API call attempt 1/3
2025-09-08 18:12:11 | DEBUG    | src.api.client:_call_with_retry:127 - API call successful
2025-09-08 18:12:14 | INFO     | src.output.writer:save_image:119 - Saved valid image: USER-FILES/05.OUTPUT/250908_181138/nano-banano/1/line_0003_181211_nano-banano_unknownxunknown.jpeg
2025-09-08 18:12:14 | DEBUG    | src.output.writer:save_image:135 - Saved API payload: USER-FILES/05.OUTPUT/250908_181138/nano-banano/1/line_0003_181211_nano-banano_unknownxunknown.json
2025-09-08 18:12:14 | INFO     | src.processing.processor:_process_file_model_combination:234 - Saved image: line_0003_181211_nano-banano_unknownxunknown.jpeg
2025-09-08 18:12:14 | INFO     | src.processing.discovery:load_prompts:63 - Loaded prompt from line_0004.txt
2025-09-08 18:12:14 | INFO     | src.processing.processor:process_all:105 - Processing combination 4/27: 1/line_0004.txt + nano-banano
2025-09-08 18:12:14 | DEBUG    | src.processing.processor:_process_file_model_combination:181 - Added prefix to prompt: A moody, cinematic scene from the 
2025-09-08 18:12:14 | DEBUG    | src.processing.processor:_process_file_model_combination:185 - Added suffix to prompt:  Shot on 35mm film in the style of Roger Deakins
2025-09-08 18:12:14 | DEBUG    | src.processing.processor:_process_file_model_combination:187 - Processing 1/line_0004.txt: A moody, cinematic scene from the  Group of 3 AWS ...
2025-09-08 18:12:14 | DEBUG    | src.api.client:_call_with_retry:114 - API call attempt 1/3
2025-09-08 18:12:21 | DEBUG    | src.api.client:_call_with_retry:127 - API call successful
2025-09-08 18:12:25 | INFO     | src.output.writer:save_image:119 - Saved valid image: USER-FILES/05.OUTPUT/250908_181138/nano-banano/1/line_0004_181221_nano-banano_unknownxunknown.jpeg
2025-09-08 18:12:25 | DEBUG    | src.output.writer:save_image:135 - Saved API payload: USER-FILES/05.OUTPUT/250908_181138/nano-banano/1/line_0004_181221_nano-banano_unknownxunknown.json
2025-09-08 18:12:25 | INFO     | src.processing.processor:_process_file_model_combination:234 - Saved image: line_0004_181221_nano-banano_unknownxunknown.jpeg
2025-09-08 18:12:25 | INFO     | src.processing.discovery:load_prompts:63 - Loaded prompt from line_0005.txt
2025-09-08 18:12:25 | INFO     | src.processing.processor:process_all:105 - Processing combination 5/27: 1/line_0005.txt + nano-banano
2025-09-08 18:12:25 | DEBUG    | src.processing.processor:_process_file_model_combination:181 - Added prefix to prompt: A moody, cinematic scene from the 
2025-09-08 18:12:25 | DEBUG    | src.processing.processor:_process_file_model_combination:185 - Added suffix to prompt:  Shot on 35mm film in the style of Roger Deakins
2025-09-08 18:12:25 | DEBUG    | src.processing.processor:_process_file_model_combination:187 - Processing 1/line_0005.txt: A moody, cinematic scene from the  "Clipart-style ...
2025-09-08 18:12:25 | DEBUG    | src.api.client:_call_with_retry:114 - API call attempt 1/3
2025-09-08 18:12:32 | DEBUG    | src.api.client:_call_with_retry:127 - API call successful
2025-09-08 18:12:34 | INFO     | src.output.writer:save_image:119 - Saved valid image: USER-FILES/05.OUTPUT/250908_181138/nano-banano/1/line_0005_181232_nano-banano_unknownxunknown.jpeg
2025-09-08 18:12:34 | DEBUG    | src.output.writer:save_image:135 - Saved API payload: USER-FILES/05.OUTPUT/250908_181138/nano-banano/1/line_0005_181232_nano-banano_unknownxunknown.json
2025-09-08 18:12:34 | INFO     | src.processing.processor:_process_file_model_combination:234 - Saved image: line_0005_181232_nano-banano_unknownxunknown.jpeg
2025-09-08 18:12:34 | INFO     | src.processing.discovery:load_prompts:63 - Loaded prompt from line_0006.txt
2025-09-08 18:12:34 | INFO     | src.processing.processor:process_all:105 - Processing combination 6/27: 1/line_0006.txt + nano-banano
2025-09-08 18:12:34 | DEBUG    | src.processing.processor:_process_file_model_combination:181 - Added prefix to prompt: A moody, cinematic scene from the 
2025-09-08 18:12:34 | DEBUG    | src.processing.processor:_process_file_model_combination:185 - Added suffix to prompt:  Shot on 35mm film in the style of Roger Deakins
2025-09-08 18:12:34 | DEBUG    | src.processing.processor:_process_file_model_combination:187 - Processing 1/line_0006.txt: A moody, cinematic scene from the  Dutch angle, of...
2025-09-08 18:12:34 | DEBUG    | src.api.client:_call_with_retry:114 - API call attempt 1/3
2025-09-08 18:12:42 | DEBUG    | src.api.client:_call_with_retry:127 - API call successful
2025-09-08 18:12:45 | INFO     | src.output.writer:save_image:119 - Saved valid image: USER-FILES/05.OUTPUT/250908_181138/nano-banano/1/line_0006_181242_nano-banano_unknownxunknown.jpeg
2025-09-08 18:12:45 | DEBUG    | src.output.writer:save_image:135 - Saved API payload: USER-FILES/05.OUTPUT/250908_181138/nano-banano/1/line_0006_181242_nano-banano_unknownxunknown.json
2025-09-08 18:12:45 | INFO     | src.processing.processor:_process_file_model_combination:234 - Saved image: line_0006_181242_nano-banano_unknownxunknown.jpeg
2025-09-08 18:12:45 | INFO     | src.processing.discovery:load_prompts:63 - Loaded prompt from line_0007.txt
2025-09-08 18:12:45 | INFO     | src.processing.processor:process_all:105 - Processing combination 7/27: 1/line_0007.txt + nano-banano
2025-09-08 18:12:45 | DEBUG    | src.processing.processor:_process_file_model_combination:181 - Added prefix to prompt: A moody, cinematic scene from the 
2025-09-08 18:12:45 | DEBUG    | src.processing.processor:_process_file_model_combination:185 - Added suffix to prompt:  Shot on 35mm film in the style of Roger Deakins
2025-09-08 18:12:45 | DEBUG    | src.processing.processor:_process_file_model_combination:187 - Processing 1/line_0007.txt: A moody, cinematic scene from the  Group of 1 site...
2025-09-08 18:12:45 | DEBUG    | src.api.client:_call_with_retry:114 - API call attempt 1/3
2025-09-08 18:12:53 | DEBUG    | src.api.client:_call_with_retry:127 - API call successful
2025-09-08 18:12:58 | INFO     | src.output.writer:save_image:119 - Saved valid image: USER-FILES/05.OUTPUT/250908_181138/nano-banano/1/line_0007_181253_nano-banano_unknownxunknown.jpeg
2025-09-08 18:12:58 | DEBUG    | src.output.writer:save_image:135 - Saved API payload: USER-FILES/05.OUTPUT/250908_181138/nano-banano/1/line_0007_181253_nano-banano_unknownxunknown.json
2025-09-08 18:12:58 | INFO     | src.processing.processor:_process_file_model_combination:234 - Saved image: line_0007_181253_nano-banano_unknownxunknown.jpeg
2025-09-08 18:12:58 | INFO     | src.processing.discovery:load_prompts:63 - Loaded prompt from line_0008.txt
2025-09-08 18:12:58 | INFO     | src.processing.processor:process_all:105 - Processing combination 8/27: 1/line_0008.txt + nano-banano
2025-09-08 18:12:58 | DEBUG    | src.processing.processor:_process_file_model_combination:181 - Added prefix to prompt: A moody, cinematic scene from the 
2025-09-08 18:12:58 | DEBUG    | src.processing.processor:_process_file_model_combination:185 - Added suffix to prompt:  Shot on 35mm film in the style of Roger Deakins
2025-09-08 18:12:58 | DEBUG    | src.processing.processor:_process_file_model_combination:187 - Processing 1/line_0008.txt: A moody, cinematic scene from the  Group of 2 site...
2025-09-08 18:12:58 | DEBUG    | src.api.client:_call_with_retry:114 - API call attempt 1/3
2025-09-08 18:13:07 | DEBUG    | src.api.client:_call_with_retry:127 - API call successful
2025-09-08 18:13:11 | INFO     | src.output.writer:save_image:119 - Saved valid image: USER-FILES/05.OUTPUT/250908_181138/nano-banano/1/line_0008_181307_nano-banano_unknownxunknown.jpeg
2025-09-08 18:13:11 | DEBUG    | src.output.writer:save_image:135 - Saved API payload: USER-FILES/05.OUTPUT/250908_181138/nano-banano/1/line_0008_181307_nano-banano_unknownxunknown.json
2025-09-08 18:13:11 | INFO     | src.processing.processor:_process_file_model_combination:234 - Saved image: line_0008_181307_nano-banano_unknownxunknown.jpeg
2025-09-08 18:13:11 | INFO     | src.processing.discovery:load_prompts:63 - Loaded prompt from line_0009.txt
2025-09-08 18:13:11 | INFO     | src.processing.processor:process_all:105 - Processing combination 9/27: 1/line_0009.txt + nano-banano
2025-09-08 18:13:11 | DEBUG    | src.processing.processor:_process_file_model_combination:181 - Added prefix to prompt: A moody, cinematic scene from the 
2025-09-08 18:13:11 | DEBUG    | src.processing.processor:_process_file_model_combination:185 - Added suffix to prompt:  Shot on 35mm film in the style of Roger Deakins
2025-09-08 18:13:11 | DEBUG    | src.processing.processor:_process_file_model_combination:187 - Processing 1/line_0009.txt: A moody, cinematic scene from the  Group of 4 oper...
2025-09-08 18:13:11 | DEBUG    | src.api.client:_call_with_retry:114 - API call attempt 1/3
2025-09-08 18:13:20 | DEBUG    | src.api.client:_call_with_retry:127 - API call successful
2025-09-08 18:13:23 | INFO     | src.output.writer:save_image:119 - Saved valid image: USER-FILES/05.OUTPUT/250908_181138/nano-banano/1/line_0009_181320_nano-banano_unknownxunknown.jpeg
2025-09-08 18:13:23 | DEBUG    | src.output.writer:save_image:135 - Saved API payload: USER-FILES/05.OUTPUT/250908_181138/nano-banano/1/line_0009_181320_nano-banano_unknownxunknown.json
2025-09-08 18:13:23 | INFO     | src.processing.processor:_process_file_model_combination:234 - Saved image: line_0009_181320_nano-banano_unknownxunknown.jpeg
2025-09-08 18:13:23 | INFO     | src.processing.discovery:load_prompts:63 - Loaded prompt from line_0010.txt
2025-09-08 18:13:23 | INFO     | src.processing.processor:process_all:105 - Processing combination 10/27: 1/line_0010.txt + nano-banano
2025-09-08 18:13:23 | DEBUG    | src.processing.processor:_process_file_model_combination:181 - Added prefix to prompt: A moody, cinematic scene from the 
2025-09-08 18:13:23 | DEBUG    | src.processing.processor:_process_file_model_combination:185 - Added suffix to prompt:  Shot on 35mm film in the style of Roger Deakins
2025-09-08 18:13:23 | DEBUG    | src.processing.processor:_process_file_model_combination:187 - Processing 1/line_0010.txt: A moody, cinematic scene from the  Clipart-style i...
2025-09-08 18:13:23 | DEBUG    | src.api.client:_call_with_retry:114 - API call attempt 1/3
2025-09-08 18:13:33 | DEBUG    | src.api.client:_call_with_retry:127 - API call successful
2025-09-08 18:13:39 | INFO     | src.output.writer:save_image:119 - Saved valid image: USER-FILES/05.OUTPUT/250908_181138/nano-banano/1/line_0010_181333_nano-banano_unknownxunknown.jpeg
2025-09-08 18:13:39 | DEBUG    | src.output.writer:save_image:135 - Saved API payload: USER-FILES/05.OUTPUT/250908_181138/nano-banano/1/line_0010_181333_nano-banano_unknownxunknown.json
2025-09-08 18:13:39 | INFO     | src.processing.processor:_process_file_model_combination:234 - Saved image: line_0010_181333_nano-banano_unknownxunknown.jpeg
2025-09-08 18:13:39 | INFO     | src.processing.discovery:load_prompts:63 - Loaded prompt from line_0011.txt
2025-09-08 18:13:39 | INFO     | src.processing.processor:process_all:105 - Processing combination 11/27: 1/line_0011.txt + nano-banano
2025-09-08 18:13:39 | DEBUG    | src.processing.processor:_process_file_model_combination:181 - Added prefix to prompt: A moody, cinematic scene from the 
2025-09-08 18:13:39 | DEBUG    | src.processing.processor:_process_file_model_combination:185 - Added suffix to prompt:  Shot on 35mm film in the style of Roger Deakins
2025-09-08 18:13:39 | DEBUG    | src.processing.processor:_process_file_model_combination:187 - Processing 1/line_0011.txt: A moody, cinematic scene from the  Group of 2 inci...
2025-09-08 18:13:39 | DEBUG    | src.api.client:_call_with_retry:114 - API call attempt 1/3
2025-09-08 18:13:47 | DEBUG    | src.api.client:_call_with_retry:127 - API call successful
2025-09-08 18:13:51 | INFO     | src.output.writer:save_image:119 - Saved valid image: USER-FILES/05.OUTPUT/250908_181138/nano-banano/1/line_0011_181347_nano-banano_unknownxunknown.jpeg
2025-09-08 18:13:51 | DEBUG    | src.output.writer:save_image:135 - Saved API payload: USER-FILES/05.OUTPUT/250908_181138/nano-banano/1/line_0011_181347_nano-banano_unknownxunknown.json
2025-09-08 18:13:51 | INFO     | src.processing.processor:_process_file_model_combination:234 - Saved image: line_0011_181347_nano-banano_unknownxunknown.jpeg
2025-09-08 18:13:51 | INFO     | src.processing.discovery:load_prompts:63 - Loaded prompt from line_0012.txt
2025-09-08 18:13:51 | INFO     | src.processing.processor:process_all:105 - Processing combination 12/27: 1/line_0012.txt + nano-banano
2025-09-08 18:13:51 | DEBUG    | src.processing.processor:_process_file_model_combination:181 - Added prefix to prompt: A moody, cinematic scene from the 
2025-09-08 18:13:51 | DEBUG    | src.processing.processor:_process_file_model_combination:185 - Added suffix to prompt:  Shot on 35mm film in the style of Roger Deakins
2025-09-08 18:13:51 | DEBUG    | src.processing.processor:_process_file_model_combination:187 - Processing 1/line_0012.txt: A moody, cinematic scene from the  Group of 2 peop...
2025-09-08 18:13:51 | DEBUG    | src.api.client:_call_with_retry:114 - API call attempt 1/3
2025-09-08 18:13:59 | DEBUG    | src.api.client:_call_with_retry:127 - API call successful
2025-09-08 18:14:01 | INFO     | src.output.writer:save_image:119 - Saved valid image: USER-FILES/05.OUTPUT/250908_181138/nano-banano/1/line_0012_181359_nano-banano_unknownxunknown.jpeg
2025-09-08 18:14:01 | DEBUG    | src.output.writer:save_image:135 - Saved API payload: USER-FILES/05.OUTPUT/250908_181138/nano-banano/1/line_0012_181359_nano-banano_unknownxunknown.json
2025-09-08 18:14:01 | INFO     | src.processing.processor:_process_file_model_combination:234 - Saved image: line_0012_181359_nano-banano_unknownxunknown.jpeg
2025-09-08 18:14:01 | INFO     | src.processing.discovery:load_prompts:63 - Loaded prompt from line_0013.txt
2025-09-08 18:14:01 | INFO     | src.processing.processor:process_all:105 - Processing combination 13/27: 1/line_0013.txt + nano-banano
2025-09-08 18:14:01 | DEBUG    | src.processing.processor:_process_file_model_combination:181 - Added prefix to prompt: A moody, cinematic scene from the 
2025-09-08 18:14:01 | DEBUG    | src.processing.processor:_process_file_model_combination:185 - Added suffix to prompt:  Shot on 35mm film in the style of Roger Deakins
2025-09-08 18:14:01 | DEBUG    | src.processing.processor:_process_file_model_combination:187 - Processing 1/line_0013.txt: A moody, cinematic scene from the  Group of 2 inci...
2025-09-08 18:14:01 | DEBUG    | src.api.client:_call_with_retry:114 - API call attempt 1/3
2025-09-08 18:14:10 | DEBUG    | src.api.client:_call_with_retry:127 - API call successful
2025-09-08 18:14:12 | INFO     | src.output.writer:save_image:119 - Saved valid image: USER-FILES/05.OUTPUT/250908_181138/nano-banano/1/line_0013_181410_nano-banano_unknownxunknown.jpeg
2025-09-08 18:14:12 | DEBUG    | src.output.writer:save_image:135 - Saved API payload: USER-FILES/05.OUTPUT/250908_181138/nano-banano/1/line_0013_181410_nano-banano_unknownxunknown.json
2025-09-08 18:14:12 | INFO     | src.processing.processor:_process_file_model_combination:234 - Saved image: line_0013_181410_nano-banano_unknownxunknown.jpeg
2025-09-08 18:14:12 | INFO     | src.processing.discovery:load_prompts:63 - Loaded prompt from line_0014.txt
2025-09-08 18:14:12 | INFO     | src.processing.processor:process_all:105 - Processing combination 14/27: 1/line_0014.txt + nano-banano
2025-09-08 18:14:12 | DEBUG    | src.processing.processor:_process_file_model_combination:181 - Added prefix to prompt: A moody, cinematic scene from the 
2025-09-08 18:14:12 | DEBUG    | src.processing.processor:_process_file_model_combination:185 - Added suffix to prompt:  Shot on 35mm film in the style of Roger Deakins
2025-09-08 18:14:12 | DEBUG    | src.processing.processor:_process_file_model_combination:187 - Processing 1/line_0014.txt: A moody, cinematic scene from the  Group of 1 inci...
2025-09-08 18:14:12 | DEBUG    | src.api.client:_call_with_retry:114 - API call attempt 1/3
2025-09-08 18:14:19 | DEBUG    | src.api.client:_call_with_retry:127 - API call successful
2025-09-08 18:14:25 | INFO     | src.output.writer:save_image:119 - Saved valid image: USER-FILES/05.OUTPUT/250908_181138/nano-banano/1/line_0014_181419_nano-banano_unknownxunknown.jpeg
2025-09-08 18:14:25 | DEBUG    | src.output.writer:save_image:135 - Saved API payload: USER-FILES/05.OUTPUT/250908_181138/nano-banano/1/line_0014_181419_nano-banano_unknownxunknown.json
2025-09-08 18:14:25 | INFO     | src.processing.processor:_process_file_model_combination:234 - Saved image: line_0014_181419_nano-banano_unknownxunknown.jpeg
2025-09-08 18:14:25 | INFO     | src.processing.discovery:load_prompts:63 - Loaded prompt from line_0015.txt
2025-09-08 18:14:25 | INFO     | src.processing.processor:process_all:105 - Processing combination 15/27: 1/line_0015.txt + nano-banano
2025-09-08 18:14:25 | DEBUG    | src.processing.processor:_process_file_model_combination:181 - Added prefix to prompt: A moody, cinematic scene from the 
2025-09-08 18:14:25 | DEBUG    | src.processing.processor:_process_file_model_combination:185 - Added suffix to prompt:  Shot on 35mm film in the style of Roger Deakins
2025-09-08 18:14:25 | DEBUG    | src.processing.processor:_process_file_model_combination:187 - Processing 1/line_0015.txt: A moody, cinematic scene from the  Group of 2 dive...
2025-09-08 18:14:25 | DEBUG    | src.api.client:_call_with_retry:114 - API call attempt 1/3
2025-09-08 18:14:32 | DEBUG    | src.api.client:_call_with_retry:127 - API call successful
2025-09-08 18:14:36 | INFO     | src.output.writer:save_image:119 - Saved valid image: USER-FILES/05.OUTPUT/250908_181138/nano-banano/1/line_0015_181432_nano-banano_unknownxunknown.jpeg
2025-09-08 18:14:36 | DEBUG    | src.output.writer:save_image:135 - Saved API payload: USER-FILES/05.OUTPUT/250908_181138/nano-banano/1/line_0015_181432_nano-banano_unknownxunknown.json
2025-09-08 18:14:36 | INFO     | src.processing.processor:_process_file_model_combination:234 - Saved image: line_0015_181432_nano-banano_unknownxunknown.jpeg
2025-09-08 18:14:36 | INFO     | src.processing.discovery:load_prompts:63 - Loaded prompt from line_0016.txt
2025-09-08 18:14:36 | INFO     | src.processing.processor:process_all:105 - Processing combination 16/27: 1/line_0016.txt + nano-banano
2025-09-08 18:14:36 | DEBUG    | src.processing.processor:_process_file_model_combination:181 - Added prefix to prompt: A moody, cinematic scene from the 
2025-09-08 18:14:36 | DEBUG    | src.processing.processor:_process_file_model_combination:185 - Added suffix to prompt:  Shot on 35mm film in the style of Roger Deakins
2025-09-08 18:14:36 | DEBUG    | src.processing.processor:_process_file_model_combination:187 - Processing 1/line_0016.txt: A moody, cinematic scene from the  Group of 2 peop...
2025-09-08 18:14:36 | DEBUG    | src.api.client:_call_with_retry:114 - API call attempt 1/3
2025-09-08 18:14:45 | DEBUG    | src.api.client:_call_with_retry:127 - API call successful
2025-09-08 18:14:50 | INFO     | src.output.writer:save_image:119 - Saved valid image: USER-FILES/05.OUTPUT/250908_181138/nano-banano/1/line_0016_181445_nano-banano_unknownxunknown.jpeg
2025-09-08 18:14:50 | DEBUG    | src.output.writer:save_image:135 - Saved API payload: USER-FILES/05.OUTPUT/250908_181138/nano-banano/1/line_0016_181445_nano-banano_unknownxunknown.json
2025-09-08 18:14:50 | INFO     | src.processing.processor:_process_file_model_combination:234 - Saved image: line_0016_181445_nano-banano_unknownxunknown.jpeg
2025-09-08 18:14:50 | INFO     | src.processing.discovery:load_prompts:63 - Loaded prompt from line_0017.txt
2025-09-08 18:14:50 | INFO     | src.processing.processor:process_all:105 - Processing combination 17/27: 1/line_0017.txt + nano-banano
2025-09-08 18:14:50 | DEBUG    | src.processing.processor:_process_file_model_combination:181 - Added prefix to prompt: A moody, cinematic scene from the 
2025-09-08 18:14:50 | DEBUG    | src.processing.processor:_process_file_model_combination:185 - Added suffix to prompt:  Shot on 35mm film in the style of Roger Deakins
2025-09-08 18:14:50 | DEBUG    | src.processing.processor:_process_file_model_combination:187 - Processing 1/line_0017.txt: A moody, cinematic scene from the  Group of 3 peop...
2025-09-08 18:14:50 | DEBUG    | src.api.client:_call_with_retry:114 - API call attempt 1/3
2025-09-08 18:14:58 | DEBUG    | src.api.client:_call_with_retry:127 - API call successful
2025-09-08 18:15:02 | INFO     | src.output.writer:save_image:119 - Saved valid image: USER-FILES/05.OUTPUT/250908_181138/nano-banano/1/line_0017_181458_nano-banano_unknownxunknown.jpeg
2025-09-08 18:15:02 | DEBUG    | src.output.writer:save_image:135 - Saved API payload: USER-FILES/05.OUTPUT/250908_181138/nano-banano/1/line_0017_181458_nano-banano_unknownxunknown.json
2025-09-08 18:15:02 | INFO     | src.processing.processor:_process_file_model_combination:234 - Saved image: line_0017_181458_nano-banano_unknownxunknown.jpeg
2025-09-08 18:15:02 | INFO     | src.processing.discovery:load_prompts:63 - Loaded prompt from line_0018.txt
2025-09-08 18:15:02 | INFO     | src.processing.processor:process_all:105 - Processing combination 18/27: 1/line_0018.txt + nano-banano
2025-09-08 18:15:02 | DEBUG    | src.processing.processor:_process_file_model_combination:181 - Added prefix to prompt: A moody, cinematic scene from the 
2025-09-08 18:15:02 | DEBUG    | src.processing.processor:_process_file_model_combination:185 - Added suffix to prompt:  Shot on 35mm film in the style of Roger Deakins
2025-09-08 18:15:02 | DEBUG    | src.processing.processor:_process_file_model_combination:187 - Processing 1/line_0018.txt: A moody, cinematic scene from the  Clipart-style i...
2025-09-08 18:15:02 | DEBUG    | src.api.client:_call_with_retry:114 - API call attempt 1/3
2025-09-08 18:15:11 | DEBUG    | src.api.client:_call_with_retry:127 - API call successful
2025-09-08 18:15:15 | INFO     | src.output.writer:save_image:119 - Saved valid image: USER-FILES/05.OUTPUT/250908_181138/nano-banano/1/line_0018_181511_nano-banano_unknownxunknown.jpeg
2025-09-08 18:15:15 | DEBUG    | src.output.writer:save_image:135 - Saved API payload: USER-FILES/05.OUTPUT/250908_181138/nano-banano/1/line_0018_181511_nano-banano_unknownxunknown.json
2025-09-08 18:15:15 | INFO     | src.processing.processor:_process_file_model_combination:234 - Saved image: line_0018_181511_nano-banano_unknownxunknown.jpeg
2025-09-08 18:15:15 | INFO     | src.processing.discovery:load_prompts:63 - Loaded prompt from line_0019.txt
2025-09-08 18:15:15 | INFO     | src.processing.processor:process_all:105 - Processing combination 19/27: 1/line_0019.txt + nano-banano
2025-09-08 18:15:15 | DEBUG    | src.processing.processor:_process_file_model_combination:181 - Added prefix to prompt: A moody, cinematic scene from the 
2025-09-08 18:15:15 | DEBUG    | src.processing.processor:_process_file_model_combination:185 - Added suffix to prompt:  Shot on 35mm film in the style of Roger Deakins
2025-09-08 18:15:15 | DEBUG    | src.processing.processor:_process_file_model_combination:187 - Processing 1/line_0019.txt: A moody, cinematic scene from the  Group of 3 peop...
2025-09-08 18:15:15 | DEBUG    | src.api.client:_call_with_retry:114 - API call attempt 1/3
2025-09-08 18:15:22 | DEBUG    | src.api.client:_call_with_retry:127 - API call successful
2025-09-08 18:15:24 | INFO     | src.output.writer:save_image:119 - Saved valid image: USER-FILES/05.OUTPUT/250908_181138/nano-banano/1/line_0019_181522_nano-banano_unknownxunknown.jpeg
2025-09-08 18:15:24 | DEBUG    | src.output.writer:save_image:135 - Saved API payload: USER-FILES/05.OUTPUT/250908_181138/nano-banano/1/line_0019_181522_nano-banano_unknownxunknown.json
2025-09-08 18:15:24 | INFO     | src.processing.processor:_process_file_model_combination:234 - Saved image: line_0019_181522_nano-banano_unknownxunknown.jpeg
2025-09-08 18:15:24 | INFO     | src.processing.discovery:load_prompts:63 - Loaded prompt from line_0020.txt
2025-09-08 18:15:24 | INFO     | src.processing.processor:process_all:105 - Processing combination 20/27: 1/line_0020.txt + nano-banano
2025-09-08 18:15:24 | DEBUG    | src.processing.processor:_process_file_model_combination:181 - Added prefix to prompt: A moody, cinematic scene from the 
2025-09-08 18:15:24 | DEBUG    | src.processing.processor:_process_file_model_combination:185 - Added suffix to prompt:  Shot on 35mm film in the style of Roger Deakins
2025-09-08 18:15:24 | DEBUG    | src.processing.processor:_process_file_model_combination:187 - Processing 1/line_0020.txt: A moody, cinematic scene from the  "Clipart-style ...
2025-09-08 18:15:24 | DEBUG    | src.api.client:_call_with_retry:114 - API call attempt 1/3
2025-09-08 18:15:32 | DEBUG    | src.api.client:_call_with_retry:127 - API call successful
2025-09-08 18:15:35 | INFO     | src.output.writer:save_image:119 - Saved valid image: USER-FILES/05.OUTPUT/250908_181138/nano-banano/1/line_0020_181532_nano-banano_unknownxunknown.jpeg
2025-09-08 18:15:35 | DEBUG    | src.output.writer:save_image:135 - Saved API payload: USER-FILES/05.OUTPUT/250908_181138/nano-banano/1/line_0020_181532_nano-banano_unknownxunknown.json
2025-09-08 18:15:35 | INFO     | src.processing.processor:_process_file_model_combination:234 - Saved image: line_0020_181532_nano-banano_unknownxunknown.jpeg
2025-09-08 18:15:35 | INFO     | src.processing.discovery:load_prompts:63 - Loaded prompt from line_0021.txt
2025-09-08 18:15:35 | INFO     | src.processing.processor:process_all:105 - Processing combination 21/27: 1/line_0021.txt + nano-banano
2025-09-08 18:15:35 | DEBUG    | src.processing.processor:_process_file_model_combination:181 - Added prefix to prompt: A moody, cinematic scene from the 
2025-09-08 18:15:35 | DEBUG    | src.processing.processor:_process_file_model_combination:185 - Added suffix to prompt:  Shot on 35mm film in the style of Roger Deakins
2025-09-08 18:15:35 | DEBUG    | src.processing.processor:_process_file_model_combination:187 - Processing 1/line_0021.txt: A moody, cinematic scene from the  Group of 1 inci...
2025-09-08 18:15:35 | DEBUG    | src.api.client:_call_with_retry:114 - API call attempt 1/3
2025-09-08 18:15:42 | DEBUG    | src.api.client:_call_with_retry:127 - API call successful
2025-09-08 18:15:45 | INFO     | src.output.writer:save_image:119 - Saved valid image: USER-FILES/05.OUTPUT/250908_181138/nano-banano/1/line_0021_181542_nano-banano_unknownxunknown.jpeg
2025-09-08 18:15:45 | DEBUG    | src.output.writer:save_image:135 - Saved API payload: USER-FILES/05.OUTPUT/250908_181138/nano-banano/1/line_0021_181542_nano-banano_unknownxunknown.json
2025-09-08 18:15:45 | INFO     | src.processing.processor:_process_file_model_combination:234 - Saved image: line_0021_181542_nano-banano_unknownxunknown.jpeg
2025-09-08 18:15:45 | INFO     | src.processing.discovery:load_prompts:63 - Loaded prompt from line_0022.txt
2025-09-08 18:15:45 | INFO     | src.processing.processor:process_all:105 - Processing combination 22/27: 1/line_0022.txt + nano-banano
2025-09-08 18:15:45 | DEBUG    | src.processing.processor:_process_file_model_combination:181 - Added prefix to prompt: A moody, cinematic scene from the 
2025-09-08 18:15:45 | DEBUG    | src.processing.processor:_process_file_model_combination:185 - Added suffix to prompt:  Shot on 35mm film in the style of Roger Deakins
2025-09-08 18:15:45 | DEBUG    | src.processing.processor:_process_file_model_combination:187 - Processing 1/line_0022.txt: A moody, cinematic scene from the  Group of 2 inci...
2025-09-08 18:15:45 | DEBUG    | src.api.client:_call_with_retry:114 - API call attempt 1/3
2025-09-08 18:15:54 | DEBUG    | src.api.client:_call_with_retry:127 - API call successful
2025-09-08 18:15:58 | INFO     | src.output.writer:save_image:119 - Saved valid image: USER-FILES/05.OUTPUT/250908_181138/nano-banano/1/line_0022_181554_nano-banano_unknownxunknown.jpeg
2025-09-08 18:15:58 | DEBUG    | src.output.writer:save_image:135 - Saved API payload: USER-FILES/05.OUTPUT/250908_181138/nano-banano/1/line_0022_181554_nano-banano_unknownxunknown.json
2025-09-08 18:15:58 | INFO     | src.processing.processor:_process_file_model_combination:234 - Saved image: line_0022_181554_nano-banano_unknownxunknown.jpeg
2025-09-08 18:15:58 | INFO     | src.processing.discovery:load_prompts:63 - Loaded prompt from line_0023.txt
2025-09-08 18:15:58 | INFO     | src.processing.processor:process_all:105 - Processing combination 23/27: 1/line_0023.txt + nano-banano
2025-09-08 18:15:58 | DEBUG    | src.processing.processor:_process_file_model_combination:181 - Added prefix to prompt: A moody, cinematic scene from the 
2025-09-08 18:15:58 | DEBUG    | src.processing.processor:_process_file_model_combination:185 - Added suffix to prompt:  Shot on 35mm film in the style of Roger Deakins
2025-09-08 18:15:58 | DEBUG    | src.processing.processor:_process_file_model_combination:187 - Processing 1/line_0023.txt: A moody, cinematic scene from the  Group of 3 dive...
2025-09-08 18:15:58 | DEBUG    | src.api.client:_call_with_retry:114 - API call attempt 1/3
2025-09-08 18:16:05 | DEBUG    | src.api.client:_call_with_retry:127 - API call successful
2025-09-08 18:16:09 | INFO     | src.output.writer:save_image:119 - Saved valid image: USER-FILES/05.OUTPUT/250908_181138/nano-banano/1/line_0023_181605_nano-banano_unknownxunknown.jpeg
2025-09-08 18:16:09 | DEBUG    | src.output.writer:save_image:135 - Saved API payload: USER-FILES/05.OUTPUT/250908_181138/nano-banano/1/line_0023_181605_nano-banano_unknownxunknown.json
2025-09-08 18:16:09 | INFO     | src.processing.processor:_process_file_model_combination:234 - Saved image: line_0023_181605_nano-banano_unknownxunknown.jpeg
2025-09-08 18:16:09 | INFO     | src.processing.discovery:load_prompts:63 - Loaded prompt from line_0024.txt
2025-09-08 18:16:09 | INFO     | src.processing.processor:process_all:105 - Processing combination 24/27: 1/line_0024.txt + nano-banano
2025-09-08 18:16:09 | DEBUG    | src.processing.processor:_process_file_model_combination:181 - Added prefix to prompt: A moody, cinematic scene from the 
2025-09-08 18:16:09 | DEBUG    | src.processing.processor:_process_file_model_combination:185 - Added suffix to prompt:  Shot on 35mm film in the style of Roger Deakins
2025-09-08 18:16:09 | DEBUG    | src.processing.processor:_process_file_model_combination:187 - Processing 1/line_0024.txt: A moody, cinematic scene from the  Clipart-style i...
2025-09-08 18:16:09 | DEBUG    | src.api.client:_call_with_retry:114 - API call attempt 1/3
2025-09-08 18:16:16 | DEBUG    | src.api.client:_call_with_retry:127 - API call successful
2025-09-08 18:16:19 | INFO     | src.output.writer:save_image:119 - Saved valid image: USER-FILES/05.OUTPUT/250908_181138/nano-banano/1/line_0024_181616_nano-banano_unknownxunknown.jpeg
2025-09-08 18:16:19 | DEBUG    | src.output.writer:save_image:135 - Saved API payload: USER-FILES/05.OUTPUT/250908_181138/nano-banano/1/line_0024_181616_nano-banano_unknownxunknown.json
2025-09-08 18:16:19 | INFO     | src.processing.processor:_process_file_model_combination:234 - Saved image: line_0024_181616_nano-banano_unknownxunknown.jpeg
2025-09-08 18:16:19 | INFO     | src.processing.discovery:load_prompts:63 - Loaded prompt from line_0025.txt
2025-09-08 18:16:19 | INFO     | src.processing.processor:process_all:105 - Processing combination 25/27: 1/line_0025.txt + nano-banano
2025-09-08 18:16:19 | DEBUG    | src.processing.processor:_process_file_model_combination:181 - Added prefix to prompt: A moody, cinematic scene from the 
2025-09-08 18:16:19 | DEBUG    | src.processing.processor:_process_file_model_combination:185 - Added suffix to prompt:  Shot on 35mm film in the style of Roger Deakins
2025-09-08 18:16:19 | DEBUG    | src.processing.processor:_process_file_model_combination:187 - Processing 1/line_0025.txt: A moody, cinematic scene from the  Group of 2 conf...
2025-09-08 18:16:19 | DEBUG    | src.api.client:_call_with_retry:114 - API call attempt 1/3
2025-09-08 18:16:26 | DEBUG    | src.api.client:_call_with_retry:127 - API call successful
2025-09-08 18:16:32 | INFO     | src.output.writer:save_image:119 - Saved valid image: USER-FILES/05.OUTPUT/250908_181138/nano-banano/1/line_0025_181626_nano-banano_unknownxunknown.jpeg
2025-09-08 18:16:32 | DEBUG    | src.output.writer:save_image:135 - Saved API payload: USER-FILES/05.OUTPUT/250908_181138/nano-banano/1/line_0025_181626_nano-banano_unknownxunknown.json
2025-09-08 18:16:32 | INFO     | src.processing.processor:_process_file_model_combination:234 - Saved image: line_0025_181626_nano-banano_unknownxunknown.jpeg
2025-09-08 18:16:32 | INFO     | src.processing.discovery:load_prompts:63 - Loaded prompt from line_0026.txt
2025-09-08 18:16:32 | INFO     | src.processing.processor:process_all:105 - Processing combination 26/27: 1/line_0026.txt + nano-banano
2025-09-08 18:16:32 | DEBUG    | src.processing.processor:_process_file_model_combination:181 - Added prefix to prompt: A moody, cinematic scene from the 
2025-09-08 18:16:32 | DEBUG    | src.processing.processor:_process_file_model_combination:185 - Added suffix to prompt:  Shot on 35mm film in the style of Roger Deakins
2025-09-08 18:16:32 | DEBUG    | src.processing.processor:_process_file_model_combination:187 - Processing 1/line_0026.txt: A moody, cinematic scene from the  Group of 3 AWS ...
2025-09-08 18:16:32 | DEBUG    | src.api.client:_call_with_retry:114 - API call attempt 1/3
2025-09-08 18:16:40 | DEBUG    | src.api.client:_call_with_retry:127 - API call successful
2025-09-08 18:16:44 | INFO     | src.output.writer:save_image:119 - Saved valid image: USER-FILES/05.OUTPUT/250908_181138/nano-banano/1/line_0026_181640_nano-banano_unknownxunknown.jpeg
2025-09-08 18:16:44 | DEBUG    | src.output.writer:save_image:135 - Saved API payload: USER-FILES/05.OUTPUT/250908_181138/nano-banano/1/line_0026_181640_nano-banano_unknownxunknown.json
2025-09-08 18:16:44 | INFO     | src.processing.processor:_process_file_model_combination:234 - Saved image: line_0026_181640_nano-banano_unknownxunknown.jpeg
2025-09-08 18:16:44 | INFO     | src.processing.discovery:load_prompts:63 - Loaded prompt from line_0027.txt
2025-09-08 18:16:44 | INFO     | src.processing.processor:process_all:105 - Processing combination 27/27: 1/line_0027.txt + nano-banano
2025-09-08 18:16:44 | DEBUG    | src.processing.processor:_process_file_model_combination:181 - Added prefix to prompt: A moody, cinematic scene from the 
2025-09-08 18:16:44 | DEBUG    | src.processing.processor:_process_file_model_combination:185 - Added suffix to prompt:  Shot on 35mm film in the style of Roger Deakins
2025-09-08 18:16:44 | DEBUG    | src.processing.processor:_process_file_model_combination:187 - Processing 1/line_0027.txt: A moody, cinematic scene from the  Clipart-style i...
2025-09-08 18:16:44 | DEBUG    | src.api.client:_call_with_retry:114 - API call attempt 1/3
2025-09-08 18:16:51 | DEBUG    | src.api.client:_call_with_retry:127 - API call successful
2025-09-08 18:16:54 | INFO     | src.output.writer:save_image:119 - Saved valid image: USER-FILES/05.OUTPUT/250908_181138/nano-banano/1/line_0027_181651_nano-banano_unknownxunknown.jpeg
2025-09-08 18:16:54 | DEBUG    | src.output.writer:save_image:135 - Saved API payload: USER-FILES/05.OUTPUT/250908_181138/nano-banano/1/line_0027_181651_nano-banano_unknownxunknown.json
2025-09-08 18:16:54 | INFO     | src.processing.processor:_process_file_model_combination:234 - Saved image: line_0027_181651_nano-banano_unknownxunknown.jpeg
2025-09-08 18:16:54 | INFO     | src.processing.discovery:load_prompts:63 - Loaded prompt from line_0001.txt
2025-09-08 18:16:54 | INFO     | src.processing.discovery:load_prompts:63 - Loaded prompt from line_0002.txt
2025-09-08 18:16:54 | INFO     | src.processing.discovery:load_prompts:63 - Loaded prompt from line_0003.txt
2025-09-08 18:16:54 | INFO     | src.processing.discovery:load_prompts:63 - Loaded prompt from line_0004.txt
2025-09-08 18:16:54 | INFO     | src.processing.discovery:load_prompts:63 - Loaded prompt from line_0005.txt
2025-09-08 18:16:54 | INFO     | src.processing.discovery:load_prompts:63 - Loaded prompt from line_0006.txt
2025-09-08 18:16:54 | INFO     | src.processing.discovery:load_prompts:63 - Loaded prompt from line_0007.txt
2025-09-08 18:16:54 | INFO     | src.processing.discovery:load_prompts:63 - Loaded prompt from line_0008.txt
2025-09-08 18:16:54 | INFO     | src.processing.discovery:load_prompts:63 - Loaded prompt from line_0009.txt
2025-09-08 18:16:54 | INFO     | src.processing.discovery:load_prompts:63 - Loaded prompt from line_0010.txt
2025-09-08 18:16:54 | INFO     | src.processing.discovery:load_prompts:63 - Loaded prompt from line_0011.txt
2025-09-08 18:16:54 | INFO     | src.processing.discovery:load_prompts:63 - Loaded prompt from line_0012.txt
2025-09-08 18:16:54 | INFO     | src.processing.discovery:load_prompts:63 - Loaded prompt from line_0013.txt
2025-09-08 18:16:54 | INFO     | src.processing.discovery:load_prompts:63 - Loaded prompt from line_0014.txt
2025-09-08 18:16:54 | INFO     | src.processing.discovery:load_prompts:63 - Loaded prompt from line_0015.txt
2025-09-08 18:16:54 | INFO     | src.processing.discovery:load_prompts:63 - Loaded prompt from line_0016.txt
2025-09-08 18:16:54 | INFO     | src.processing.discovery:load_prompts:63 - Loaded prompt from line_0017.txt
2025-09-08 18:16:54 | INFO     | src.processing.discovery:load_prompts:63 - Loaded prompt from line_0018.txt
2025-09-08 18:16:54 | INFO     | src.processing.discovery:load_prompts:63 - Loaded prompt from line_0019.txt
2025-09-08 18:16:54 | INFO     | src.processing.discovery:load_prompts:63 - Loaded prompt from line_0020.txt
2025-09-08 18:16:54 | INFO     | src.processing.discovery:load_prompts:63 - Loaded prompt from line_0021.txt
2025-09-08 18:16:54 | INFO     | src.processing.discovery:load_prompts:63 - Loaded prompt from line_0022.txt
2025-09-08 18:16:54 | INFO     | src.processing.discovery:load_prompts:63 - Loaded prompt from line_0023.txt
2025-09-08 18:16:54 | INFO     | src.processing.discovery:load_prompts:63 - Loaded prompt from line_0024.txt
2025-09-08 18:16:54 | INFO     | src.processing.discovery:load_prompts:63 - Loaded prompt from line_0025.txt
2025-09-08 18:16:54 | INFO     | src.processing.discovery:load_prompts:63 - Loaded prompt from line_0026.txt
2025-09-08 18:16:54 | INFO     | src.processing.discovery:load_prompts:63 - Loaded prompt from line_0027.txt
2025-09-08 18:16:54 | INFO     | src.output.writer:write_report:152 - Wrote report: USER-FILES/05.OUTPUT/250908_181138/COST.md
2025-09-08 18:16:54 | INFO     | src.output.writer:write_report:152 - Wrote report: USER-FILES/05.OUTPUT/250908_181138/SUCCESS.md
2025-09-08 18:16:54 | INFO     | src.output.writer:write_report:152 - Wrote report: USER-FILES/05.OUTPUT/250908_181138/FIX.md
2025-09-08 18:16:54 | INFO     | src.output.reporter:save_reports:234 - FIX.md report generated with prompt fixes
2025-09-08 18:16:54 | INFO     | src.output.reporter:save_reports:236 - Reports generated successfully
2025-09-08 18:16:54 | SUCCESS  | __main__:main:201 - ✅ Completed successfully! Generated 27 images
