2025-08-27 17:34:15 | INFO     | src.utils.logging:setup_logging:39 - Logging configured (verbose=False, debug=False)
2025-08-27 17:34:15 | INFO     | __main__:main:75 - Loading configuration...
2025-08-27 17:34:15 | INFO     | src.config.loader:load_config:42 - Loaded configuration from USER-FILES/01.CONFIG/config.yaml
2025-08-27 17:34:15 | INFO     | __main__:main:80 - Authenticating...
2025-08-27 17:34:15 | DEBUG    | src.auth.env:get_fal_api_key_from_env:19 - Loaded environment from /Users/ruben/08_-_DEVELOPMENT/ISOF_IMAGE_WORKFLOW/00.fal-text->image-tool/.env
2025-08-27 17:34:15 | INFO     | src.auth.env:get_fal_api_key_from_env:25 - Successfully retrieved FAL API key from environment
2025-08-27 17:34:15 | INFO     | __main__:main:84 - Discovering inputs...
2025-08-27 17:34:15 | DEBUG    | src.processing.discovery:discover_prompt_files:40 - Found prompt file: 03.layer1_extracted/5/5.2.0/5.2.1/5.2.1.txt
2025-08-27 17:34:15 | DEBUG    | src.processing.discovery:discover_prompt_files:40 - Found prompt file: 03.layer1_extracted/5/5.8.0/5.8.1/5.8.1.txt
2025-08-27 17:34:15 | DEBUG    | src.processing.discovery:discover_prompt_files:40 - Found prompt file: 03.layer1_extracted/5/5.6.0/5.6.1/5.6.1.txt
2025-08-27 17:34:15 | DEBUG    | src.processing.discovery:discover_prompt_files:40 - Found prompt file: 03.layer1_extracted/5/5.1.0/5.1.1/5.1.1.txt
2025-08-27 17:34:15 | DEBUG    | src.processing.discovery:discover_prompt_files:40 - Found prompt file: 03.layer1_extracted/5/5.5.0/5.5.1/5.5.1.txt
2025-08-27 17:34:15 | DEBUG    | src.processing.discovery:discover_prompt_files:40 - Found prompt file: 03.layer1_extracted/5/5.10.0/5.10.1/5.10.1.txt
2025-08-27 17:34:15 | DEBUG    | src.processing.discovery:discover_prompt_files:40 - Found prompt file: 03.layer1_extracted/5/5.4.0/5.4.1/5.4.1.txt
2025-08-27 17:34:15 | DEBUG    | src.processing.discovery:discover_prompt_files:40 - Found prompt file: 03.layer1_extracted/5/5.9.0/5.9.1/5.9.1.txt
2025-08-27 17:34:15 | DEBUG    | src.processing.discovery:discover_prompt_files:40 - Found prompt file: 03.layer1_extracted/5/5.3.0/5.3.1/5.3.1.txt
2025-08-27 17:34:15 | DEBUG    | src.processing.discovery:discover_prompt_files:40 - Found prompt file: 03.layer1_extracted/5/5.7.0/5.7.1/5.7.1.txt
2025-08-27 17:34:15 | DEBUG    | src.processing.discovery:discover_prompt_files:40 - Found prompt file: 03.layer1_extracted/2/2.8.0/2.8.1/2.8.1.txt
2025-08-27 17:34:15 | DEBUG    | src.processing.discovery:discover_prompt_files:40 - Found prompt file: 03.layer1_extracted/2/2.2.0/2.2.1/2.2.1.txt
2025-08-27 17:34:15 | DEBUG    | src.processing.discovery:discover_prompt_files:40 - Found prompt file: 03.layer1_extracted/2/2.6.0/2.6.1/2.6.1.txt
2025-08-27 17:34:15 | DEBUG    | src.processing.discovery:discover_prompt_files:40 - Found prompt file: 03.layer1_extracted/2/2.1.0/2.1.1/2.1.1.txt
2025-08-27 17:34:15 | DEBUG    | src.processing.discovery:discover_prompt_files:40 - Found prompt file: 03.layer1_extracted/2/2.5.0/2.5.1/2.5.1.txt
2025-08-27 17:34:15 | DEBUG    | src.processing.discovery:discover_prompt_files:40 - Found prompt file: 03.layer1_extracted/2/2.4.0/2.4.1/2.4.1.txt
2025-08-27 17:34:15 | DEBUG    | src.processing.discovery:discover_prompt_files:40 - Found prompt file: 03.layer1_extracted/2/2.3.0/2.3.1/2.3.1.txt
2025-08-27 17:34:15 | DEBUG    | src.processing.discovery:discover_prompt_files:40 - Found prompt file: 03.layer1_extracted/2/2.9.0/2.9.1/2.9.1.txt
2025-08-27 17:34:15 | DEBUG    | src.processing.discovery:discover_prompt_files:40 - Found prompt file: 03.layer1_extracted/2/2.10.0/2.10.1/2.10.1.txt
2025-08-27 17:34:15 | DEBUG    | src.processing.discovery:discover_prompt_files:40 - Found prompt file: 03.layer1_extracted/2/2.7.0/2.7.1/2.7.1.txt
2025-08-27 17:34:15 | DEBUG    | src.processing.discovery:discover_prompt_files:40 - Found prompt file: 03.layer1_extracted/3/3.2.0/3.2.1/3.2.1.txt
2025-08-27 17:34:15 | DEBUG    | src.processing.discovery:discover_prompt_files:40 - Found prompt file: 03.layer1_extracted/3/3.8.0/3.8.1/3.8.1.txt
2025-08-27 17:34:15 | DEBUG    | src.processing.discovery:discover_prompt_files:40 - Found prompt file: 03.layer1_extracted/3/3.6.0/3.6.1/3.6.1.txt
2025-08-27 17:34:15 | DEBUG    | src.processing.discovery:discover_prompt_files:40 - Found prompt file: 03.layer1_extracted/3/3.11.0/3.11.1/3.11.1.txt
2025-08-27 17:34:15 | DEBUG    | src.processing.discovery:discover_prompt_files:40 - Found prompt file: 03.layer1_extracted/3/3.1.0/3.1.1/3.1.1.txt
2025-08-27 17:34:15 | DEBUG    | src.processing.discovery:discover_prompt_files:40 - Found prompt file: 03.layer1_extracted/3/3.5.0/3.5.1/3.5.1.txt
2025-08-27 17:34:15 | DEBUG    | src.processing.discovery:discover_prompt_files:40 - Found prompt file: 03.layer1_extracted/3/3.12.0/3.12.1/3.12.1.txt
2025-08-27 17:34:15 | DEBUG    | src.processing.discovery:discover_prompt_files:40 - Found prompt file: 03.layer1_extracted/3/3.4.0/3.4.1/3.4.1.txt
2025-08-27 17:34:15 | DEBUG    | src.processing.discovery:discover_prompt_files:40 - Found prompt file: 03.layer1_extracted/3/3.9.0/3.9.1/3.9.1.txt
2025-08-27 17:34:15 | DEBUG    | src.processing.discovery:discover_prompt_files:40 - Found prompt file: 03.layer1_extracted/3/3.3.0/3.3.1/3.3.1.txt
2025-08-27 17:34:15 | DEBUG    | src.processing.discovery:discover_prompt_files:40 - Found prompt file: 03.layer1_extracted/3/3.7.0/3.7.1/3.7.1.txt
2025-08-27 17:34:15 | DEBUG    | src.processing.discovery:discover_prompt_files:40 - Found prompt file: 03.layer1_extracted/3/3.10.0/3.10.1/3.10.1.txt
2025-08-27 17:34:15 | DEBUG    | src.processing.discovery:discover_prompt_files:40 - Found prompt file: 03.layer1_extracted/4/4.8.0/4.8.1/4.8.1.txt
2025-08-27 17:34:15 | DEBUG    | src.processing.discovery:discover_prompt_files:40 - Found prompt file: 03.layer1_extracted/4/4.2.0/4.2.1/4.2.1.txt
2025-08-27 17:34:15 | DEBUG    | src.processing.discovery:discover_prompt_files:40 - Found prompt file: 03.layer1_extracted/4/4.6.0/4.6.1/4.6.1.txt
2025-08-27 17:34:15 | DEBUG    | src.processing.discovery:discover_prompt_files:40 - Found prompt file: 03.layer1_extracted/4/4.11.0/4.11.1/4.11.1.txt
2025-08-27 17:34:15 | DEBUG    | src.processing.discovery:discover_prompt_files:40 - Found prompt file: 03.layer1_extracted/4/4.1.0/4.1.1/4.1.1.txt
2025-08-27 17:34:15 | DEBUG    | src.processing.discovery:discover_prompt_files:40 - Found prompt file: 03.layer1_extracted/4/4.5.0/4.5.1/4.5.1.txt
2025-08-27 17:34:15 | DEBUG    | src.processing.discovery:discover_prompt_files:40 - Found prompt file: 03.layer1_extracted/4/4.10.0/4.10.1/4.10.1.txt
2025-08-27 17:34:15 | DEBUG    | src.processing.discovery:discover_prompt_files:40 - Found prompt file: 03.layer1_extracted/4/4.4.0/4.4.1/4.4.1.txt
2025-08-27 17:34:15 | DEBUG    | src.processing.discovery:discover_prompt_files:40 - Found prompt file: 03.layer1_extracted/4/4.3.0/4.3.1/4.3.1.txt
2025-08-27 17:34:15 | DEBUG    | src.processing.discovery:discover_prompt_files:40 - Found prompt file: 03.layer1_extracted/4/4.9.0/4.9.1/4.9.1.txt
2025-08-27 17:34:15 | DEBUG    | src.processing.discovery:discover_prompt_files:40 - Found prompt file: 03.layer1_extracted/4/4.7.0/4.7.1/4.7.1.txt
2025-08-27 17:34:15 | DEBUG    | src.processing.discovery:discover_prompt_files:40 - Found prompt file: 03.layer1_extracted/1/1.6.0/1.6.1/1.6.1.txt
2025-08-27 17:34:15 | DEBUG    | src.processing.discovery:discover_prompt_files:40 - Found prompt file: 03.layer1_extracted/1/1.8.0/1.8.1/1.8.1.txt
2025-08-27 17:34:15 | DEBUG    | src.processing.discovery:discover_prompt_files:40 - Found prompt file: 03.layer1_extracted/1/1.2.0/1.2.1/1.2.1.txt
2025-08-27 17:34:15 | DEBUG    | src.processing.discovery:discover_prompt_files:40 - Found prompt file: 03.layer1_extracted/1/1.10.0/1.10.1/1.10.1.txt
2025-08-27 17:34:15 | DEBUG    | src.processing.discovery:discover_prompt_files:40 - Found prompt file: 03.layer1_extracted/1/1.14.0/1.14.1/1.14.1.txt
2025-08-27 17:34:15 | DEBUG    | src.processing.discovery:discover_prompt_files:40 - Found prompt file: 03.layer1_extracted/1/1.5.0/1.5.1/1.5.1.txt
2025-08-27 17:34:15 | DEBUG    | src.processing.discovery:discover_prompt_files:40 - Found prompt file: 03.layer1_extracted/1/1.1.0/1.1.1/1.1.1.txt
2025-08-27 17:34:15 | DEBUG    | src.processing.discovery:discover_prompt_files:40 - Found prompt file: 03.layer1_extracted/1/1.13.0/1.13.1/1.13.1.txt
2025-08-27 17:34:15 | DEBUG    | src.processing.discovery:discover_prompt_files:40 - Found prompt file: 03.layer1_extracted/1/1.4.0/1.4.1/1.4.1.txt
2025-08-27 17:34:15 | DEBUG    | src.processing.discovery:discover_prompt_files:40 - Found prompt file: 03.layer1_extracted/1/1.12.0/1.12.1/1.12.1.txt
2025-08-27 17:34:15 | DEBUG    | src.processing.discovery:discover_prompt_files:40 - Found prompt file: 03.layer1_extracted/1/1.7.0/1.7.1/1.7.1.txt
2025-08-27 17:34:15 | DEBUG    | src.processing.discovery:discover_prompt_files:40 - Found prompt file: 03.layer1_extracted/1/1.3.0/1.3.1/1.3.1.txt
2025-08-27 17:34:15 | DEBUG    | src.processing.discovery:discover_prompt_files:40 - Found prompt file: 03.layer1_extracted/1/1.9.0/1.9.1/1.9.1.txt
2025-08-27 17:34:15 | DEBUG    | src.processing.discovery:discover_prompt_files:40 - Found prompt file: 03.layer1_extracted/1/1.11.0/1.11.1/1.11.1.txt
2025-08-27 17:34:15 | DEBUG    | src.processing.discovery:discover_prompt_files:40 - Found prompt file: 03.layer1_extracted/1/1.15.0/1.15.1/1.15.1.txt
2025-08-27 17:34:15 | DEBUG    | src.processing.discovery:discover_prompt_files:40 - Found prompt file: 03.layer1_extracted/6/6.6.0/6.6.1/6.6.1.txt
2025-08-27 17:34:15 | DEBUG    | src.processing.discovery:discover_prompt_files:40 - Found prompt file: 03.layer1_extracted/6/6.2.0/6.2.1/6.2.1.txt
2025-08-27 17:34:15 | DEBUG    | src.processing.discovery:discover_prompt_files:40 - Found prompt file: 03.layer1_extracted/6/6.8.0/6.8.1/6.8.1.txt
2025-08-27 17:34:15 | DEBUG    | src.processing.discovery:discover_prompt_files:40 - Found prompt file: 03.layer1_extracted/6/6.10.0/6.10.1/6.10.1.txt
2025-08-27 17:34:15 | DEBUG    | src.processing.discovery:discover_prompt_files:40 - Found prompt file: 03.layer1_extracted/6/6.5.0/6.5.1/6.5.1.txt
2025-08-27 17:34:15 | DEBUG    | src.processing.discovery:discover_prompt_files:40 - Found prompt file: 03.layer1_extracted/6/6.1.0/6.1.1/6.1.1.txt
2025-08-27 17:34:15 | DEBUG    | src.processing.discovery:discover_prompt_files:40 - Found prompt file: 03.layer1_extracted/6/6.11.0/6.11.1/6.11.1.txt
2025-08-27 17:34:15 | DEBUG    | src.processing.discovery:discover_prompt_files:40 - Found prompt file: 03.layer1_extracted/6/6.4.0/6.4.1/6.4.1.txt
2025-08-27 17:34:15 | DEBUG    | src.processing.discovery:discover_prompt_files:40 - Found prompt file: 03.layer1_extracted/6/6.7.0/6.7.1/6.7.1.txt
2025-08-27 17:34:15 | DEBUG    | src.processing.discovery:discover_prompt_files:40 - Found prompt file: 03.layer1_extracted/6/6.9.0/6.9.1/6.9.1.txt
2025-08-27 17:34:15 | DEBUG    | src.processing.discovery:discover_prompt_files:40 - Found prompt file: 03.layer1_extracted/6/6.3.0/6.3.1/6.3.1.txt
2025-08-27 17:34:15 | INFO     | src.processing.discovery:discover_prompt_files:45 - Discovered 69 prompt files
2025-08-27 17:34:15 | DEBUG    | src.processing.discovery:discover_profiles:93 - Loaded profile: USER-FILES/03.PROFILES/gpt_image_2x3.yaml
2025-08-27 17:34:15 | INFO     | src.processing.discovery:discover_profiles:97 - Loaded 1 profiles
2025-08-27 17:34:15 | INFO     | src.processing.discovery:get_active_models:130 - Found profile: gpt_image_2x3
2025-08-27 17:34:15 | INFO     | src.processing.discovery:get_active_models:135 - Total profiles to process: 1
2025-08-27 17:34:15 | INFO     | src.config.validator:validate_all:26 - All configuration validation passed
2025-08-27 17:34:15 | INFO     | __main__:main:104 - Output directory: USER-FILES/05.OUTPUT/250827_173415
2025-08-27 17:34:15 | INFO     | __main__:main:166 - Starting matrix processing...
2025-08-27 17:34:15 | INFO     | src.processing.processor:process_all:68 - Processing 69 combinations (69 files × 1 profiles)
2025-08-27 17:34:15 | INFO     | src.processing.discovery:load_prompts:63 - Loaded prompt from 1.1.1.txt
2025-08-27 17:34:15 | INFO     | src.processing.processor:process_all:103 - Processing combination 1/69: 03.layer1_extracted/1/1.1.0/1.1.1/1.1.1.txt + gpt_image_2x3
2025-08-27 17:34:15 | DEBUG    | src.processing.processor:_process_file_model_combination:183 - Processing 03.layer1_extracted/1/1.1.0/1.1.1/1.1.1.txt: A realistic stock-style photo showing a well-lit, ...
2025-08-27 17:34:15 | INFO     | src.processing.processor:_process_file_model_combination:186 - [DRY RUN] Would generate image for 03.layer1_extracted/1/1.1.0/1.1.1/1.1.1.txt
2025-08-27 17:34:15 | INFO     | src.processing.discovery:load_prompts:63 - Loaded prompt from 1.2.1.txt
2025-08-27 17:34:15 | INFO     | src.processing.processor:process_all:103 - Processing combination 2/69: 03.layer1_extracted/1/1.2.0/1.2.1/1.2.1.txt + gpt_image_2x3
2025-08-27 17:34:15 | DEBUG    | src.processing.processor:_process_file_model_combination:183 - Processing 03.layer1_extracted/1/1.2.0/1.2.1/1.2.1.txt: Realistic stock imagery of three Asian employees i...
2025-08-27 17:34:15 | INFO     | src.processing.processor:_process_file_model_combination:186 - [DRY RUN] Would generate image for 03.layer1_extracted/1/1.2.0/1.2.1/1.2.1.txt
2025-08-27 17:34:15 | INFO     | src.processing.discovery:load_prompts:63 - Loaded prompt from 1.3.1.txt
2025-08-27 17:34:15 | INFO     | src.processing.processor:process_all:103 - Processing combination 3/69: 03.layer1_extracted/1/1.3.0/1.3.1/1.3.1.txt + gpt_image_2x3
2025-08-27 17:34:15 | DEBUG    | src.processing.processor:_process_file_model_combination:183 - Processing 03.layer1_extracted/1/1.3.0/1.3.1/1.3.1.txt: A realistic scene in a glass-walled Japanese meeti...
2025-08-27 17:34:15 | INFO     | src.processing.processor:_process_file_model_combination:186 - [DRY RUN] Would generate image for 03.layer1_extracted/1/1.3.0/1.3.1/1.3.1.txt
2025-08-27 17:34:15 | INFO     | src.processing.discovery:load_prompts:63 - Loaded prompt from 1.4.1.txt
2025-08-27 17:34:15 | INFO     | src.processing.processor:process_all:103 - Processing combination 4/69: 03.layer1_extracted/1/1.4.0/1.4.1/1.4.1.txt + gpt_image_2x3
2025-08-27 17:34:15 | DEBUG    | src.processing.processor:_process_file_model_combination:183 - Processing 03.layer1_extracted/1/1.4.0/1.4.1/1.4.1.txt: A neat, realistic office setting with two Asian te...
2025-08-27 17:34:15 | INFO     | src.processing.processor:_process_file_model_combination:186 - [DRY RUN] Would generate image for 03.layer1_extracted/1/1.4.0/1.4.1/1.4.1.txt
2025-08-27 17:34:15 | INFO     | src.processing.discovery:load_prompts:63 - Loaded prompt from 1.5.1.txt
2025-08-27 17:34:15 | INFO     | src.processing.processor:process_all:103 - Processing combination 5/69: 03.layer1_extracted/1/1.5.0/1.5.1/1.5.1.txt + gpt_image_2x3
2025-08-27 17:34:15 | DEBUG    | src.processing.processor:_process_file_model_combination:183 - Processing 03.layer1_extracted/1/1.5.0/1.5.1/1.5.1.txt: A realistic image of an Asian woman in business ca...
2025-08-27 17:34:15 | INFO     | src.processing.processor:_process_file_model_combination:186 - [DRY RUN] Would generate image for 03.layer1_extracted/1/1.5.0/1.5.1/1.5.1.txt
2025-08-27 17:34:15 | INFO     | src.processing.discovery:load_prompts:63 - Loaded prompt from 1.6.1.txt
2025-08-27 17:34:15 | INFO     | src.processing.processor:process_all:103 - Processing combination 6/69: 03.layer1_extracted/1/1.6.0/1.6.1/1.6.1.txt + gpt_image_2x3
2025-08-27 17:34:15 | DEBUG    | src.processing.processor:_process_file_model_combination:183 - Processing 03.layer1_extracted/1/1.6.0/1.6.1/1.6.1.txt: An over-the-shoulder, realistic view of an Asian p...
2025-08-27 17:34:15 | INFO     | src.processing.processor:_process_file_model_combination:186 - [DRY RUN] Would generate image for 03.layer1_extracted/1/1.6.0/1.6.1/1.6.1.txt
2025-08-27 17:34:15 | INFO     | src.processing.discovery:load_prompts:63 - Loaded prompt from 1.7.1.txt
2025-08-27 17:34:15 | INFO     | src.processing.processor:process_all:103 - Processing combination 7/69: 03.layer1_extracted/1/1.7.0/1.7.1/1.7.1.txt + gpt_image_2x3
2025-08-27 17:34:15 | DEBUG    | src.processing.processor:_process_file_model_combination:183 - Processing 03.layer1_extracted/1/1.7.0/1.7.1/1.7.1.txt: A realistic office scene with three Asian coworker...
2025-08-27 17:34:15 | INFO     | src.processing.processor:_process_file_model_combination:186 - [DRY RUN] Would generate image for 03.layer1_extracted/1/1.7.0/1.7.1/1.7.1.txt
2025-08-27 17:34:15 | INFO     | src.processing.discovery:load_prompts:63 - Loaded prompt from 1.8.1.txt
2025-08-27 17:34:15 | INFO     | src.processing.processor:process_all:103 - Processing combination 8/69: 03.layer1_extracted/1/1.8.0/1.8.1/1.8.1.txt + gpt_image_2x3
2025-08-27 17:34:15 | DEBUG    | src.processing.processor:_process_file_model_combination:183 - Processing 03.layer1_extracted/1/1.8.0/1.8.1/1.8.1.txt: In a clean, modern office, an Asian manager explai...
2025-08-27 17:34:15 | INFO     | src.processing.processor:_process_file_model_combination:186 - [DRY RUN] Would generate image for 03.layer1_extracted/1/1.8.0/1.8.1/1.8.1.txt
2025-08-27 17:34:15 | INFO     | src.processing.discovery:load_prompts:63 - Loaded prompt from 1.9.1.txt
2025-08-27 17:34:15 | INFO     | src.processing.processor:process_all:103 - Processing combination 9/69: 03.layer1_extracted/1/1.9.0/1.9.1/1.9.1.txt + gpt_image_2x3
2025-08-27 17:34:15 | DEBUG    | src.processing.processor:_process_file_model_combination:183 - Processing 03.layer1_extracted/1/1.9.0/1.9.1/1.9.1.txt: A polished boardroom with three Asian professional...
2025-08-27 17:34:15 | INFO     | src.processing.processor:_process_file_model_combination:186 - [DRY RUN] Would generate image for 03.layer1_extracted/1/1.9.0/1.9.1/1.9.1.txt
2025-08-27 17:34:15 | INFO     | src.processing.discovery:load_prompts:63 - Loaded prompt from 1.10.1.txt
2025-08-27 17:34:15 | INFO     | src.processing.processor:process_all:103 - Processing combination 10/69: 03.layer1_extracted/1/1.10.0/1.10.1/1.10.1.txt + gpt_image_2x3
2025-08-27 17:34:15 | DEBUG    | src.processing.processor:_process_file_model_combination:183 - Processing 03.layer1_extracted/1/1.10.0/1.10.1/1.10.1.txt: Two Asian analysts in their 30s analyze a large, c...
2025-08-27 17:34:15 | INFO     | src.processing.processor:_process_file_model_combination:186 - [DRY RUN] Would generate image for 03.layer1_extracted/1/1.10.0/1.10.1/1.10.1.txt
2025-08-27 17:34:15 | INFO     | src.processing.discovery:load_prompts:63 - Loaded prompt from 1.11.1.txt
2025-08-27 17:34:15 | INFO     | src.processing.processor:process_all:103 - Processing combination 11/69: 03.layer1_extracted/1/1.11.0/1.11.1/1.11.1.txt + gpt_image_2x3
2025-08-27 17:34:15 | DEBUG    | src.processing.processor:_process_file_model_combination:183 - Processing 03.layer1_extracted/1/1.11.0/1.11.1/1.11.1.txt: A close-up image of two Asian project leads at a t...
2025-08-27 17:34:15 | INFO     | src.processing.processor:_process_file_model_combination:186 - [DRY RUN] Would generate image for 03.layer1_extracted/1/1.11.0/1.11.1/1.11.1.txt
2025-08-27 17:34:15 | INFO     | src.processing.discovery:load_prompts:63 - Loaded prompt from 1.12.1.txt
2025-08-27 17:34:15 | INFO     | src.processing.processor:process_all:103 - Processing combination 12/69: 03.layer1_extracted/1/1.12.0/1.12.1/1.12.1.txt + gpt_image_2x3
2025-08-27 17:34:15 | DEBUG    | src.processing.processor:_process_file_model_combination:183 - Processing 03.layer1_extracted/1/1.12.0/1.12.1/1.12.1.txt: A conference room setting where three Asian profes...
2025-08-27 17:34:15 | INFO     | src.processing.processor:_process_file_model_combination:186 - [DRY RUN] Would generate image for 03.layer1_extracted/1/1.12.0/1.12.1/1.12.1.txt
2025-08-27 17:34:15 | INFO     | src.processing.discovery:load_prompts:63 - Loaded prompt from 1.13.1.txt
2025-08-27 17:34:15 | INFO     | src.processing.processor:process_all:103 - Processing combination 13/69: 03.layer1_extracted/1/1.13.0/1.13.1/1.13.1.txt + gpt_image_2x3
2025-08-27 17:34:15 | DEBUG    | src.processing.processor:_process_file_model_combination:183 - Processing 03.layer1_extracted/1/1.13.0/1.13.1/1.13.1.txt: A realistic meeting room with two Asian managers i...
2025-08-27 17:34:15 | INFO     | src.processing.processor:_process_file_model_combination:186 - [DRY RUN] Would generate image for 03.layer1_extracted/1/1.13.0/1.13.1/1.13.1.txt
2025-08-27 17:34:15 | INFO     | src.processing.discovery:load_prompts:63 - Loaded prompt from 1.14.1.txt
2025-08-27 17:34:15 | INFO     | src.processing.processor:process_all:103 - Processing combination 14/69: 03.layer1_extracted/1/1.14.0/1.14.1/1.14.1.txt + gpt_image_2x3
2025-08-27 17:34:15 | DEBUG    | src.processing.processor:_process_file_model_combination:183 - Processing 03.layer1_extracted/1/1.14.0/1.14.1/1.14.1.txt: An overhead stock-style view of a desk with an ope...
2025-08-27 17:34:15 | INFO     | src.processing.processor:_process_file_model_combination:186 - [DRY RUN] Would generate image for 03.layer1_extracted/1/1.14.0/1.14.1/1.14.1.txt
2025-08-27 17:34:15 | INFO     | src.processing.discovery:load_prompts:63 - Loaded prompt from 1.15.1.txt
2025-08-27 17:34:15 | INFO     | src.processing.processor:process_all:103 - Processing combination 15/69: 03.layer1_extracted/1/1.15.0/1.15.1/1.15.1.txt + gpt_image_2x3
2025-08-27 17:34:15 | DEBUG    | src.processing.processor:_process_file_model_combination:183 - Processing 03.layer1_extracted/1/1.15.0/1.15.1/1.15.1.txt: Wide shot of a joyful Asian project team of four, ...
2025-08-27 17:34:15 | INFO     | src.processing.processor:_process_file_model_combination:186 - [DRY RUN] Would generate image for 03.layer1_extracted/1/1.15.0/1.15.1/1.15.1.txt
2025-08-27 17:34:15 | INFO     | src.processing.discovery:load_prompts:63 - Loaded prompt from 2.1.1.txt
2025-08-27 17:34:15 | INFO     | src.processing.processor:process_all:103 - Processing combination 16/69: 03.layer1_extracted/2/2.1.0/2.1.1/2.1.1.txt + gpt_image_2x3
2025-08-27 17:34:15 | DEBUG    | src.processing.processor:_process_file_model_combination:183 - Processing 03.layer1_extracted/2/2.1.0/2.1.1/2.1.1.txt: A realistic stock-style photo of a modern Japanese...
2025-08-27 17:34:15 | INFO     | src.processing.processor:_process_file_model_combination:186 - [DRY RUN] Would generate image for 03.layer1_extracted/2/2.1.0/2.1.1/2.1.1.txt
2025-08-27 17:34:15 | INFO     | src.processing.discovery:load_prompts:63 - Loaded prompt from 2.2.1.txt
2025-08-27 17:34:15 | INFO     | src.processing.processor:process_all:103 - Processing combination 17/69: 03.layer1_extracted/2/2.2.0/2.2.1/2.2.1.txt + gpt_image_2x3
2025-08-27 17:34:15 | DEBUG    | src.processing.processor:_process_file_model_combination:183 - Processing 03.layer1_extracted/2/2.2.0/2.2.1/2.2.1.txt: A realistic, well-lit office with two Asian team m...
2025-08-27 17:34:15 | INFO     | src.processing.processor:_process_file_model_combination:186 - [DRY RUN] Would generate image for 03.layer1_extracted/2/2.2.0/2.2.1/2.2.1.txt
2025-08-27 17:34:15 | INFO     | src.processing.discovery:load_prompts:63 - Loaded prompt from 2.3.1.txt
2025-08-27 17:34:15 | INFO     | src.processing.processor:process_all:103 - Processing combination 18/69: 03.layer1_extracted/2/2.3.0/2.3.1/2.3.1.txt + gpt_image_2x3
2025-08-27 17:34:15 | DEBUG    | src.processing.processor:_process_file_model_combination:183 - Processing 03.layer1_extracted/2/2.3.0/2.3.1/2.3.1.txt: A friendly, modern Japanese office setting with tw...
2025-08-27 17:34:15 | INFO     | src.processing.processor:_process_file_model_combination:186 - [DRY RUN] Would generate image for 03.layer1_extracted/2/2.3.0/2.3.1/2.3.1.txt
2025-08-27 17:34:15 | INFO     | src.processing.discovery:load_prompts:63 - Loaded prompt from 2.4.1.txt
2025-08-27 17:34:15 | INFO     | src.processing.processor:process_all:103 - Processing combination 19/69: 03.layer1_extracted/2/2.4.0/2.4.1/2.4.1.txt + gpt_image_2x3
2025-08-27 17:34:15 | DEBUG    | src.processing.processor:_process_file_model_combination:183 - Processing 03.layer1_extracted/2/2.4.0/2.4.1/2.4.1.txt: A close-up shot of two Asian professionals’ hands ...
2025-08-27 17:34:15 | INFO     | src.processing.processor:_process_file_model_combination:186 - [DRY RUN] Would generate image for 03.layer1_extracted/2/2.4.0/2.4.1/2.4.1.txt
2025-08-27 17:34:15 | INFO     | src.processing.discovery:load_prompts:63 - Loaded prompt from 2.5.1.txt
2025-08-27 17:34:15 | INFO     | src.processing.processor:process_all:103 - Processing combination 20/69: 03.layer1_extracted/2/2.5.0/2.5.1/2.5.1.txt + gpt_image_2x3
2025-08-27 17:34:15 | DEBUG    | src.processing.processor:_process_file_model_combination:183 - Processing 03.layer1_extracted/2/2.5.0/2.5.1/2.5.1.txt: A modern, organized Japanese workspace featuring t...
2025-08-27 17:34:15 | INFO     | src.processing.processor:_process_file_model_combination:186 - [DRY RUN] Would generate image for 03.layer1_extracted/2/2.5.0/2.5.1/2.5.1.txt
2025-08-27 17:34:15 | INFO     | src.processing.discovery:load_prompts:63 - Loaded prompt from 2.6.1.txt
2025-08-27 17:34:15 | INFO     | src.processing.processor:process_all:103 - Processing combination 21/69: 03.layer1_extracted/2/2.6.0/2.6.1/2.6.1.txt + gpt_image_2x3
2025-08-27 17:34:15 | DEBUG    | src.processing.processor:_process_file_model_combination:183 - Processing 03.layer1_extracted/2/2.6.0/2.6.1/2.6.1.txt: A bright, minimalist office scene with three Asian...
2025-08-27 17:34:15 | INFO     | src.processing.processor:_process_file_model_combination:186 - [DRY RUN] Would generate image for 03.layer1_extracted/2/2.6.0/2.6.1/2.6.1.txt
2025-08-27 17:34:15 | INFO     | src.processing.discovery:load_prompts:63 - Loaded prompt from 2.7.1.txt
2025-08-27 17:34:15 | INFO     | src.processing.processor:process_all:103 - Processing combination 22/69: 03.layer1_extracted/2/2.7.0/2.7.1/2.7.1.txt + gpt_image_2x3
2025-08-27 17:34:15 | DEBUG    | src.processing.processor:_process_file_model_combination:183 - Processing 03.layer1_extracted/2/2.7.0/2.7.1/2.7.1.txt: A modern desk with two Asian team members studying...
2025-08-27 17:34:15 | INFO     | src.processing.processor:_process_file_model_combination:186 - [DRY RUN] Would generate image for 03.layer1_extracted/2/2.7.0/2.7.1/2.7.1.txt
2025-08-27 17:34:15 | INFO     | src.processing.discovery:load_prompts:63 - Loaded prompt from 2.8.1.txt
2025-08-27 17:34:15 | INFO     | src.processing.processor:process_all:103 - Processing combination 23/69: 03.layer1_extracted/2/2.8.0/2.8.1/2.8.1.txt + gpt_image_2x3
2025-08-27 17:34:15 | DEBUG    | src.processing.processor:_process_file_model_combination:183 - Processing 03.layer1_extracted/2/2.8.0/2.8.1/2.8.1.txt: A bright meeting room where two Asian project lead...
2025-08-27 17:34:15 | INFO     | src.processing.processor:_process_file_model_combination:186 - [DRY RUN] Would generate image for 03.layer1_extracted/2/2.8.0/2.8.1/2.8.1.txt
2025-08-27 17:34:15 | INFO     | src.processing.discovery:load_prompts:63 - Loaded prompt from 2.9.1.txt
2025-08-27 17:34:15 | INFO     | src.processing.processor:process_all:103 - Processing combination 24/69: 03.layer1_extracted/2/2.9.0/2.9.1/2.9.1.txt + gpt_image_2x3
2025-08-27 17:34:15 | DEBUG    | src.processing.processor:_process_file_model_combination:183 - Processing 03.layer1_extracted/2/2.9.0/2.9.1/2.9.1.txt: Clean, modern office with an Asian professional sk...
2025-08-27 17:34:15 | INFO     | src.processing.processor:_process_file_model_combination:186 - [DRY RUN] Would generate image for 03.layer1_extracted/2/2.9.0/2.9.1/2.9.1.txt
2025-08-27 17:34:15 | INFO     | src.processing.discovery:load_prompts:63 - Loaded prompt from 2.10.1.txt
2025-08-27 17:34:15 | INFO     | src.processing.processor:process_all:103 - Processing combination 25/69: 03.layer1_extracted/2/2.10.0/2.10.1/2.10.1.txt + gpt_image_2x3
2025-08-27 17:34:15 | DEBUG    | src.processing.processor:_process_file_model_combination:183 - Processing 03.layer1_extracted/2/2.10.0/2.10.1/2.10.1.txt: A realistic, wide office shot of three Asian team ...
2025-08-27 17:34:15 | INFO     | src.processing.processor:_process_file_model_combination:186 - [DRY RUN] Would generate image for 03.layer1_extracted/2/2.10.0/2.10.1/2.10.1.txt
2025-08-27 17:34:15 | INFO     | src.processing.discovery:load_prompts:63 - Loaded prompt from 3.1.1.txt
2025-08-27 17:34:15 | INFO     | src.processing.processor:process_all:103 - Processing combination 26/69: 03.layer1_extracted/3/3.1.0/3.1.1/3.1.1.txt + gpt_image_2x3
2025-08-27 17:34:15 | DEBUG    | src.processing.processor:_process_file_model_combination:183 - Processing 03.layer1_extracted/3/3.1.0/3.1.1/3.1.1.txt: A warm, modern Japanese office environment with th...
2025-08-27 17:34:15 | INFO     | src.processing.processor:_process_file_model_combination:186 - [DRY RUN] Would generate image for 03.layer1_extracted/3/3.1.0/3.1.1/3.1.1.txt
2025-08-27 17:34:15 | INFO     | src.processing.discovery:load_prompts:63 - Loaded prompt from 3.2.1.txt
2025-08-27 17:34:15 | INFO     | src.processing.processor:process_all:103 - Processing combination 27/69: 03.layer1_extracted/3/3.2.0/3.2.1/3.2.1.txt + gpt_image_2x3
2025-08-27 17:34:15 | DEBUG    | src.processing.processor:_process_file_model_combination:183 - Processing 03.layer1_extracted/3/3.2.0/3.2.1/3.2.1.txt: A realistic close-up of two Asian team leads in bu...
2025-08-27 17:34:15 | INFO     | src.processing.processor:_process_file_model_combination:186 - [DRY RUN] Would generate image for 03.layer1_extracted/3/3.2.0/3.2.1/3.2.1.txt
2025-08-27 17:34:15 | INFO     | src.processing.discovery:load_prompts:63 - Loaded prompt from 3.3.1.txt
2025-08-27 17:34:15 | INFO     | src.processing.processor:process_all:103 - Processing combination 28/69: 03.layer1_extracted/3/3.3.0/3.3.1/3.3.1.txt + gpt_image_2x3
2025-08-27 17:34:15 | DEBUG    | src.processing.processor:_process_file_model_combination:183 - Processing 03.layer1_extracted/3/3.3.0/3.3.1/3.3.1.txt: A well-lit, contemporary office featuring two Asia...
2025-08-27 17:34:15 | INFO     | src.processing.processor:_process_file_model_combination:186 - [DRY RUN] Would generate image for 03.layer1_extracted/3/3.3.0/3.3.1/3.3.1.txt
2025-08-27 17:34:15 | INFO     | src.processing.discovery:load_prompts:63 - Loaded prompt from 3.4.1.txt
2025-08-27 17:34:15 | INFO     | src.processing.processor:process_all:103 - Processing combination 29/69: 03.layer1_extracted/3/3.4.0/3.4.1/3.4.1.txt + gpt_image_2x3
2025-08-27 17:34:15 | DEBUG    | src.processing.processor:_process_file_model_combination:183 - Processing 03.layer1_extracted/3/3.4.0/3.4.1/3.4.1.txt: A realistic shot of two Asian coworkers in busines...
2025-08-27 17:34:15 | INFO     | src.processing.processor:_process_file_model_combination:186 - [DRY RUN] Would generate image for 03.layer1_extracted/3/3.4.0/3.4.1/3.4.1.txt
2025-08-27 17:34:15 | INFO     | src.processing.discovery:load_prompts:63 - Loaded prompt from 3.5.1.txt
2025-08-27 17:34:15 | INFO     | src.processing.processor:process_all:103 - Processing combination 30/69: 03.layer1_extracted/3/3.5.0/3.5.1/3.5.1.txt + gpt_image_2x3
2025-08-27 17:34:15 | DEBUG    | src.processing.processor:_process_file_model_combination:183 - Processing 03.layer1_extracted/3/3.5.0/3.5.1/3.5.1.txt: A modern Japanese office close-up with two mid-car...
2025-08-27 17:34:15 | INFO     | src.processing.processor:_process_file_model_combination:186 - [DRY RUN] Would generate image for 03.layer1_extracted/3/3.5.0/3.5.1/3.5.1.txt
2025-08-27 17:34:15 | INFO     | src.processing.discovery:load_prompts:63 - Loaded prompt from 3.6.1.txt
2025-08-27 17:34:15 | INFO     | src.processing.processor:process_all:103 - Processing combination 31/69: 03.layer1_extracted/3/3.6.0/3.6.1/3.6.1.txt + gpt_image_2x3
2025-08-27 17:34:15 | DEBUG    | src.processing.processor:_process_file_model_combination:183 - Processing 03.layer1_extracted/3/3.6.0/3.6.1/3.6.1.txt: A bright, orderly workspace with three Asian cowor...
2025-08-27 17:34:15 | INFO     | src.processing.processor:_process_file_model_combination:186 - [DRY RUN] Would generate image for 03.layer1_extracted/3/3.6.0/3.6.1/3.6.1.txt
2025-08-27 17:34:15 | INFO     | src.processing.discovery:load_prompts:63 - Loaded prompt from 3.7.1.txt
2025-08-27 17:34:15 | INFO     | src.processing.processor:process_all:103 - Processing combination 32/69: 03.layer1_extracted/3/3.7.0/3.7.1/3.7.1.txt + gpt_image_2x3
2025-08-27 17:34:15 | DEBUG    | src.processing.processor:_process_file_model_combination:183 - Processing 03.layer1_extracted/3/3.7.0/3.7.1/3.7.1.txt: A neutral, clutter-free office area showing two As...
2025-08-27 17:34:15 | INFO     | src.processing.processor:_process_file_model_combination:186 - [DRY RUN] Would generate image for 03.layer1_extracted/3/3.7.0/3.7.1/3.7.1.txt
2025-08-27 17:34:15 | INFO     | src.processing.discovery:load_prompts:63 - Loaded prompt from 3.8.1.txt
2025-08-27 17:34:15 | INFO     | src.processing.processor:process_all:103 - Processing combination 33/69: 03.layer1_extracted/3/3.8.0/3.8.1/3.8.1.txt + gpt_image_2x3
2025-08-27 17:34:15 | DEBUG    | src.processing.processor:_process_file_model_combination:183 - Processing 03.layer1_extracted/3/3.8.0/3.8.1/3.8.1.txt: A clear, hopeful Japanese office scene: three Asia...
2025-08-27 17:34:15 | INFO     | src.processing.processor:_process_file_model_combination:186 - [DRY RUN] Would generate image for 03.layer1_extracted/3/3.8.0/3.8.1/3.8.1.txt
2025-08-27 17:34:15 | INFO     | src.processing.discovery:load_prompts:63 - Loaded prompt from 3.9.1.txt
2025-08-27 17:34:15 | INFO     | src.processing.processor:process_all:103 - Processing combination 34/69: 03.layer1_extracted/3/3.9.0/3.9.1/3.9.1.txt + gpt_image_2x3
2025-08-27 17:34:15 | DEBUG    | src.processing.processor:_process_file_model_combination:183 - Processing 03.layer1_extracted/3/3.9.0/3.9.1/3.9.1.txt: A collaborative, clean tabletop meeting shot with ...
2025-08-27 17:34:15 | INFO     | src.processing.processor:_process_file_model_combination:186 - [DRY RUN] Would generate image for 03.layer1_extracted/3/3.9.0/3.9.1/3.9.1.txt
2025-08-27 17:34:15 | INFO     | src.processing.discovery:load_prompts:63 - Loaded prompt from 3.10.1.txt
2025-08-27 17:34:15 | INFO     | src.processing.processor:process_all:103 - Processing combination 35/69: 03.layer1_extracted/3/3.10.0/3.10.1/3.10.1.txt + gpt_image_2x3
2025-08-27 17:34:15 | DEBUG    | src.processing.processor:_process_file_model_combination:183 - Processing 03.layer1_extracted/3/3.10.0/3.10.1/3.10.1.txt: A welcoming, sunlight-filled conference room with ...
2025-08-27 17:34:15 | INFO     | src.processing.processor:_process_file_model_combination:186 - [DRY RUN] Would generate image for 03.layer1_extracted/3/3.10.0/3.10.1/3.10.1.txt
2025-08-27 17:34:15 | INFO     | src.processing.discovery:load_prompts:63 - Loaded prompt from 3.11.1.txt
2025-08-27 17:34:15 | INFO     | src.processing.processor:process_all:103 - Processing combination 36/69: 03.layer1_extracted/3/3.11.0/3.11.1/3.11.1.txt + gpt_image_2x3
2025-08-27 17:34:15 | DEBUG    | src.processing.processor:_process_file_model_combination:183 - Processing 03.layer1_extracted/3/3.11.0/3.11.1/3.11.1.txt: A modern Japanese office setting with two Asian pr...
2025-08-27 17:34:15 | INFO     | src.processing.processor:_process_file_model_combination:186 - [DRY RUN] Would generate image for 03.layer1_extracted/3/3.11.0/3.11.1/3.11.1.txt
2025-08-27 17:34:15 | INFO     | src.processing.discovery:load_prompts:63 - Loaded prompt from 3.12.1.txt
2025-08-27 17:34:15 | INFO     | src.processing.processor:process_all:103 - Processing combination 37/69: 03.layer1_extracted/3/3.12.0/3.12.1/3.12.1.txt + gpt_image_2x3
2025-08-27 17:34:15 | DEBUG    | src.processing.processor:_process_file_model_combination:183 - Processing 03.layer1_extracted/3/3.12.0/3.12.1/3.12.1.txt: A cheerful, modern office scene with three Asian c...
2025-08-27 17:34:15 | INFO     | src.processing.processor:_process_file_model_combination:186 - [DRY RUN] Would generate image for 03.layer1_extracted/3/3.12.0/3.12.1/3.12.1.txt
2025-08-27 17:34:15 | INFO     | src.processing.discovery:load_prompts:63 - Loaded prompt from 4.1.1.txt
2025-08-27 17:34:15 | INFO     | src.processing.processor:process_all:103 - Processing combination 38/69: 03.layer1_extracted/4/4.1.0/4.1.1/4.1.1.txt + gpt_image_2x3
2025-08-27 17:34:15 | DEBUG    | src.processing.processor:_process_file_model_combination:183 - Processing 03.layer1_extracted/4/4.1.0/4.1.1/4.1.1.txt: A realistic, well-lit Japanese office scene with t...
2025-08-27 17:34:15 | INFO     | src.processing.processor:_process_file_model_combination:186 - [DRY RUN] Would generate image for 03.layer1_extracted/4/4.1.0/4.1.1/4.1.1.txt
2025-08-27 17:34:15 | INFO     | src.processing.discovery:load_prompts:63 - Loaded prompt from 4.2.1.txt
2025-08-27 17:34:15 | INFO     | src.processing.processor:process_all:103 - Processing combination 39/69: 03.layer1_extracted/4/4.2.0/4.2.1/4.2.1.txt + gpt_image_2x3
2025-08-27 17:34:15 | DEBUG    | src.processing.processor:_process_file_model_combination:183 - Processing 03.layer1_extracted/4/4.2.0/4.2.1/4.2.1.txt: A modern conference room with two Asian team leads...
2025-08-27 17:34:15 | INFO     | src.processing.processor:_process_file_model_combination:186 - [DRY RUN] Would generate image for 03.layer1_extracted/4/4.2.0/4.2.1/4.2.1.txt
2025-08-27 17:34:15 | INFO     | src.processing.discovery:load_prompts:63 - Loaded prompt from 4.3.1.txt
2025-08-27 17:34:15 | INFO     | src.processing.processor:process_all:103 - Processing combination 40/69: 03.layer1_extracted/4/4.3.0/4.3.1/4.3.1.txt + gpt_image_2x3
2025-08-27 17:34:15 | DEBUG    | src.processing.processor:_process_file_model_combination:183 - Processing 03.layer1_extracted/4/4.3.0/4.3.1/4.3.1.txt: A bright, modern meeting area with three Asian pro...
2025-08-27 17:34:15 | INFO     | src.processing.processor:_process_file_model_combination:186 - [DRY RUN] Would generate image for 03.layer1_extracted/4/4.3.0/4.3.1/4.3.1.txt
2025-08-27 17:34:15 | INFO     | src.processing.discovery:load_prompts:63 - Loaded prompt from 4.4.1.txt
2025-08-27 17:34:15 | INFO     | src.processing.processor:process_all:103 - Processing combination 41/69: 03.layer1_extracted/4/4.4.0/4.4.1/4.4.1.txt + gpt_image_2x3
2025-08-27 17:34:15 | DEBUG    | src.processing.processor:_process_file_model_combination:183 - Processing 03.layer1_extracted/4/4.4.0/4.4.1/4.4.1.txt: A boardroom environment with two mid-career Asian ...
2025-08-27 17:34:15 | INFO     | src.processing.processor:_process_file_model_combination:186 - [DRY RUN] Would generate image for 03.layer1_extracted/4/4.4.0/4.4.1/4.4.1.txt
2025-08-27 17:34:15 | INFO     | src.processing.discovery:load_prompts:63 - Loaded prompt from 4.5.1.txt
2025-08-27 17:34:15 | INFO     | src.processing.processor:process_all:103 - Processing combination 42/69: 03.layer1_extracted/4/4.5.0/4.5.1/4.5.1.txt + gpt_image_2x3
2025-08-27 17:34:15 | DEBUG    | src.processing.processor:_process_file_model_combination:183 - Processing 03.layer1_extracted/4/4.5.0/4.5.1/4.5.1.txt: A simple modern Japanese office scene: two Asian p...
2025-08-27 17:34:15 | INFO     | src.processing.processor:_process_file_model_combination:186 - [DRY RUN] Would generate image for 03.layer1_extracted/4/4.5.0/4.5.1/4.5.1.txt
2025-08-27 17:34:15 | INFO     | src.processing.discovery:load_prompts:63 - Loaded prompt from 4.6.1.txt
2025-08-27 17:34:15 | INFO     | src.processing.processor:process_all:103 - Processing combination 43/69: 03.layer1_extracted/4/4.6.0/4.6.1/4.6.1.txt + gpt_image_2x3
2025-08-27 17:34:15 | DEBUG    | src.processing.processor:_process_file_model_combination:183 - Processing 03.layer1_extracted/4/4.6.0/4.6.1/4.6.1.txt: A softly lit Japanese workspace with two Asian tea...
2025-08-27 17:34:15 | INFO     | src.processing.processor:_process_file_model_combination:186 - [DRY RUN] Would generate image for 03.layer1_extracted/4/4.6.0/4.6.1/4.6.1.txt
2025-08-27 17:34:15 | INFO     | src.processing.discovery:load_prompts:63 - Loaded prompt from 4.7.1.txt
2025-08-27 17:34:15 | INFO     | src.processing.processor:process_all:103 - Processing combination 44/69: 03.layer1_extracted/4/4.7.0/4.7.1/4.7.1.txt + gpt_image_2x3
2025-08-27 17:34:15 | DEBUG    | src.processing.processor:_process_file_model_combination:183 - Processing 03.layer1_extracted/4/4.7.0/4.7.1/4.7.1.txt: A modern open office with two Asian professionals,...
2025-08-27 17:34:15 | INFO     | src.processing.processor:_process_file_model_combination:186 - [DRY RUN] Would generate image for 03.layer1_extracted/4/4.7.0/4.7.1/4.7.1.txt
2025-08-27 17:34:15 | INFO     | src.processing.discovery:load_prompts:63 - Loaded prompt from 4.8.1.txt
2025-08-27 17:34:15 | INFO     | src.processing.processor:process_all:103 - Processing combination 45/69: 03.layer1_extracted/4/4.8.0/4.8.1/4.8.1.txt + gpt_image_2x3
2025-08-27 17:34:15 | DEBUG    | src.processing.processor:_process_file_model_combination:183 - Processing 03.layer1_extracted/4/4.8.0/4.8.1/4.8.1.txt: A contemporary Japanese office with three Asian te...
2025-08-27 17:34:15 | INFO     | src.processing.processor:_process_file_model_combination:186 - [DRY RUN] Would generate image for 03.layer1_extracted/4/4.8.0/4.8.1/4.8.1.txt
2025-08-27 17:34:15 | INFO     | src.processing.discovery:load_prompts:63 - Loaded prompt from 4.9.1.txt
2025-08-27 17:34:15 | INFO     | src.processing.processor:process_all:103 - Processing combination 46/69: 03.layer1_extracted/4/4.9.0/4.9.1/4.9.1.txt + gpt_image_2x3
2025-08-27 17:34:15 | DEBUG    | src.processing.processor:_process_file_model_combination:183 - Processing 03.layer1_extracted/4/4.9.0/4.9.1/4.9.1.txt: A supportive Japanese office scene with one senior...
2025-08-27 17:34:15 | INFO     | src.processing.processor:_process_file_model_combination:186 - [DRY RUN] Would generate image for 03.layer1_extracted/4/4.9.0/4.9.1/4.9.1.txt
2025-08-27 17:34:15 | INFO     | src.processing.discovery:load_prompts:63 - Loaded prompt from 4.10.1.txt
2025-08-27 17:34:15 | INFO     | src.processing.processor:process_all:103 - Processing combination 47/69: 03.layer1_extracted/4/4.10.0/4.10.1/4.10.1.txt + gpt_image_2x3
2025-08-27 17:34:15 | DEBUG    | src.processing.processor:_process_file_model_combination:183 - Processing 03.layer1_extracted/4/4.10.0/4.10.1/4.10.1.txt: A modern boardroom, with an Asian project leader c...
2025-08-27 17:34:15 | INFO     | src.processing.processor:_process_file_model_combination:186 - [DRY RUN] Would generate image for 03.layer1_extracted/4/4.10.0/4.10.1/4.10.1.txt
2025-08-27 17:34:15 | INFO     | src.processing.discovery:load_prompts:63 - Loaded prompt from 4.11.1.txt
2025-08-27 17:34:15 | INFO     | src.processing.processor:process_all:103 - Processing combination 48/69: 03.layer1_extracted/4/4.11.0/4.11.1/4.11.1.txt + gpt_image_2x3
2025-08-27 17:34:15 | DEBUG    | src.processing.processor:_process_file_model_combination:183 - Processing 03.layer1_extracted/4/4.11.0/4.11.1/4.11.1.txt: A bright, inviting Japanese business environment s...
2025-08-27 17:34:15 | INFO     | src.processing.processor:_process_file_model_combination:186 - [DRY RUN] Would generate image for 03.layer1_extracted/4/4.11.0/4.11.1/4.11.1.txt
2025-08-27 17:34:15 | INFO     | src.processing.discovery:load_prompts:63 - Loaded prompt from 5.1.1.txt
2025-08-27 17:34:15 | INFO     | src.processing.processor:process_all:103 - Processing combination 49/69: 03.layer1_extracted/5/5.1.0/5.1.1/5.1.1.txt + gpt_image_2x3
2025-08-27 17:34:15 | DEBUG    | src.processing.processor:_process_file_model_combination:183 - Processing 03.layer1_extracted/5/5.1.0/5.1.1/5.1.1.txt: A realistic, well-lit Japanese office scene with t...
2025-08-27 17:34:15 | INFO     | src.processing.processor:_process_file_model_combination:186 - [DRY RUN] Would generate image for 03.layer1_extracted/5/5.1.0/5.1.1/5.1.1.txt
2025-08-27 17:34:15 | INFO     | src.processing.discovery:load_prompts:63 - Loaded prompt from 5.2.1.txt
2025-08-27 17:34:15 | INFO     | src.processing.processor:process_all:103 - Processing combination 50/69: 03.layer1_extracted/5/5.2.0/5.2.1/5.2.1.txt + gpt_image_2x3
2025-08-27 17:34:15 | DEBUG    | src.processing.processor:_process_file_model_combination:183 - Processing 03.layer1_extracted/5/5.2.0/5.2.1/5.2.1.txt: A modern, bright office meeting space featuring tw...
2025-08-27 17:34:15 | INFO     | src.processing.processor:_process_file_model_combination:186 - [DRY RUN] Would generate image for 03.layer1_extracted/5/5.2.0/5.2.1/5.2.1.txt
2025-08-27 17:34:15 | INFO     | src.processing.discovery:load_prompts:63 - Loaded prompt from 5.3.1.txt
2025-08-27 17:34:15 | INFO     | src.processing.processor:process_all:103 - Processing combination 51/69: 03.layer1_extracted/5/5.3.0/5.3.1/5.3.1.txt + gpt_image_2x3
2025-08-27 17:34:15 | DEBUG    | src.processing.processor:_process_file_model_combination:183 - Processing 03.layer1_extracted/5/5.3.0/5.3.1/5.3.1.txt: A close-up of two Asian professionals standing in ...
2025-08-27 17:34:15 | INFO     | src.processing.processor:_process_file_model_combination:186 - [DRY RUN] Would generate image for 03.layer1_extracted/5/5.3.0/5.3.1/5.3.1.txt
2025-08-27 17:34:15 | INFO     | src.processing.discovery:load_prompts:63 - Loaded prompt from 5.4.1.txt
2025-08-27 17:34:15 | INFO     | src.processing.processor:process_all:103 - Processing combination 52/69: 03.layer1_extracted/5/5.4.0/5.4.1/5.4.1.txt + gpt_image_2x3
2025-08-27 17:34:15 | DEBUG    | src.processing.processor:_process_file_model_combination:183 - Processing 03.layer1_extracted/5/5.4.0/5.4.1/5.4.1.txt: An organized, realistic office with two Asian empl...
2025-08-27 17:34:15 | INFO     | src.processing.processor:_process_file_model_combination:186 - [DRY RUN] Would generate image for 03.layer1_extracted/5/5.4.0/5.4.1/5.4.1.txt
2025-08-27 17:34:15 | INFO     | src.processing.discovery:load_prompts:63 - Loaded prompt from 5.5.1.txt
2025-08-27 17:34:15 | INFO     | src.processing.processor:process_all:103 - Processing combination 53/69: 03.layer1_extracted/5/5.5.0/5.5.1/5.5.1.txt + gpt_image_2x3
2025-08-27 17:34:15 | DEBUG    | src.processing.processor:_process_file_model_combination:183 - Processing 03.layer1_extracted/5/5.5.0/5.5.1/5.5.1.txt: A bright, modern boardroom where three Asian profe...
2025-08-27 17:34:15 | INFO     | src.processing.processor:_process_file_model_combination:186 - [DRY RUN] Would generate image for 03.layer1_extracted/5/5.5.0/5.5.1/5.5.1.txt
2025-08-27 17:34:15 | INFO     | src.processing.discovery:load_prompts:63 - Loaded prompt from 5.6.1.txt
2025-08-27 17:34:15 | INFO     | src.processing.processor:process_all:103 - Processing combination 54/69: 03.layer1_extracted/5/5.6.0/5.6.1/5.6.1.txt + gpt_image_2x3
2025-08-27 17:34:15 | DEBUG    | src.processing.processor:_process_file_model_combination:183 - Processing 03.layer1_extracted/5/5.6.0/5.6.1/5.6.1.txt: A minimalist Japanese office scene showing two Asi...
2025-08-27 17:34:15 | INFO     | src.processing.processor:_process_file_model_combination:186 - [DRY RUN] Would generate image for 03.layer1_extracted/5/5.6.0/5.6.1/5.6.1.txt
2025-08-27 17:34:15 | INFO     | src.processing.discovery:load_prompts:63 - Loaded prompt from 5.7.1.txt
2025-08-27 17:34:15 | INFO     | src.processing.processor:process_all:103 - Processing combination 55/69: 03.layer1_extracted/5/5.7.0/5.7.1/5.7.1.txt + gpt_image_2x3
2025-08-27 17:34:15 | DEBUG    | src.processing.processor:_process_file_model_combination:183 - Processing 03.layer1_extracted/5/5.7.0/5.7.1/5.7.1.txt: A clean conference space, with two Asian professio...
2025-08-27 17:34:15 | INFO     | src.processing.processor:_process_file_model_combination:186 - [DRY RUN] Would generate image for 03.layer1_extracted/5/5.7.0/5.7.1/5.7.1.txt
2025-08-27 17:34:15 | INFO     | src.processing.discovery:load_prompts:63 - Loaded prompt from 5.8.1.txt
2025-08-27 17:34:15 | INFO     | src.processing.processor:process_all:103 - Processing combination 56/69: 03.layer1_extracted/5/5.8.0/5.8.1/5.8.1.txt + gpt_image_2x3
2025-08-27 17:34:15 | DEBUG    | src.processing.processor:_process_file_model_combination:183 - Processing 03.layer1_extracted/5/5.8.0/5.8.1/5.8.1.txt: A bright, family-friendly Japanese office with two...
2025-08-27 17:34:15 | INFO     | src.processing.processor:_process_file_model_combination:186 - [DRY RUN] Would generate image for 03.layer1_extracted/5/5.8.0/5.8.1/5.8.1.txt
2025-08-27 17:34:15 | INFO     | src.processing.discovery:load_prompts:63 - Loaded prompt from 5.9.1.txt
2025-08-27 17:34:15 | INFO     | src.processing.processor:process_all:103 - Processing combination 57/69: 03.layer1_extracted/5/5.9.0/5.9.1/5.9.1.txt + gpt_image_2x3
2025-08-27 17:34:15 | DEBUG    | src.processing.processor:_process_file_model_combination:183 - Processing 03.layer1_extracted/5/5.9.0/5.9.1/5.9.1.txt: A modern office, two Asian professionals moving co...
2025-08-27 17:34:15 | INFO     | src.processing.processor:_process_file_model_combination:186 - [DRY RUN] Would generate image for 03.layer1_extracted/5/5.9.0/5.9.1/5.9.1.txt
2025-08-27 17:34:15 | INFO     | src.processing.discovery:load_prompts:63 - Loaded prompt from 5.10.1.txt
2025-08-27 17:34:15 | INFO     | src.processing.processor:process_all:103 - Processing combination 58/69: 03.layer1_extracted/5/5.10.0/5.10.1/5.10.1.txt + gpt_image_2x3
2025-08-27 17:34:15 | DEBUG    | src.processing.processor:_process_file_model_combination:183 - Processing 03.layer1_extracted/5/5.10.0/5.10.1/5.10.1.txt: A collaborative workspace, three Asian professiona...
2025-08-27 17:34:15 | INFO     | src.processing.processor:_process_file_model_combination:186 - [DRY RUN] Would generate image for 03.layer1_extracted/5/5.10.0/5.10.1/5.10.1.txt
2025-08-27 17:34:15 | INFO     | src.processing.discovery:load_prompts:63 - Loaded prompt from 6.1.1.txt
2025-08-27 17:34:15 | INFO     | src.processing.processor:process_all:103 - Processing combination 59/69: 03.layer1_extracted/6/6.1.0/6.1.1/6.1.1.txt + gpt_image_2x3
2025-08-27 17:34:15 | DEBUG    | src.processing.processor:_process_file_model_combination:183 - Processing 03.layer1_extracted/6/6.1.0/6.1.1/6.1.1.txt: A realistic, brightly-lit Japanese office scene wi...
2025-08-27 17:34:15 | INFO     | src.processing.processor:_process_file_model_combination:186 - [DRY RUN] Would generate image for 03.layer1_extracted/6/6.1.0/6.1.1/6.1.1.txt
2025-08-27 17:34:15 | INFO     | src.processing.discovery:load_prompts:63 - Loaded prompt from 6.2.1.txt
2025-08-27 17:34:15 | INFO     | src.processing.processor:process_all:103 - Processing combination 60/69: 03.layer1_extracted/6/6.2.0/6.2.1/6.2.1.txt + gpt_image_2x3
2025-08-27 17:34:15 | DEBUG    | src.processing.processor:_process_file_model_combination:183 - Processing 03.layer1_extracted/6/6.2.0/6.2.1/6.2.1.txt: An educational, clean office with two Asian team m...
2025-08-27 17:34:15 | INFO     | src.processing.processor:_process_file_model_combination:186 - [DRY RUN] Would generate image for 03.layer1_extracted/6/6.2.0/6.2.1/6.2.1.txt
2025-08-27 17:34:15 | INFO     | src.processing.discovery:load_prompts:63 - Loaded prompt from 6.3.1.txt
2025-08-27 17:34:15 | INFO     | src.processing.processor:process_all:103 - Processing combination 61/69: 03.layer1_extracted/6/6.3.0/6.3.1/6.3.1.txt + gpt_image_2x3
2025-08-27 17:34:15 | DEBUG    | src.processing.processor:_process_file_model_combination:183 - Processing 03.layer1_extracted/6/6.3.0/6.3.1/6.3.1.txt: A realistic, focused meeting room close-up with tw...
2025-08-27 17:34:15 | INFO     | src.processing.processor:_process_file_model_combination:186 - [DRY RUN] Would generate image for 03.layer1_extracted/6/6.3.0/6.3.1/6.3.1.txt
2025-08-27 17:34:15 | INFO     | src.processing.discovery:load_prompts:63 - Loaded prompt from 6.4.1.txt
2025-08-27 17:34:15 | INFO     | src.processing.processor:process_all:103 - Processing combination 62/69: 03.layer1_extracted/6/6.4.0/6.4.1/6.4.1.txt + gpt_image_2x3
2025-08-27 17:34:15 | DEBUG    | src.processing.processor:_process_file_model_combination:183 - Processing 03.layer1_extracted/6/6.4.0/6.4.1/6.4.1.txt: A single, clean Japanese office scene with two Asi...
2025-08-27 17:34:15 | INFO     | src.processing.processor:_process_file_model_combination:186 - [DRY RUN] Would generate image for 03.layer1_extracted/6/6.4.0/6.4.1/6.4.1.txt
2025-08-27 17:34:15 | INFO     | src.processing.discovery:load_prompts:63 - Loaded prompt from 6.5.1.txt
2025-08-27 17:34:15 | INFO     | src.processing.processor:process_all:103 - Processing combination 63/69: 03.layer1_extracted/6/6.5.0/6.5.1/6.5.1.txt + gpt_image_2x3
2025-08-27 17:34:15 | DEBUG    | src.processing.processor:_process_file_model_combination:183 - Processing 03.layer1_extracted/6/6.5.0/6.5.1/6.5.1.txt: A well-lit, simple office with three Asian colleag...
2025-08-27 17:34:15 | INFO     | src.processing.processor:_process_file_model_combination:186 - [DRY RUN] Would generate image for 03.layer1_extracted/6/6.5.0/6.5.1/6.5.1.txt
2025-08-27 17:34:15 | INFO     | src.processing.discovery:load_prompts:63 - Loaded prompt from 6.6.1.txt
2025-08-27 17:34:15 | INFO     | src.processing.processor:process_all:103 - Processing combination 64/69: 03.layer1_extracted/6/6.6.0/6.6.1/6.6.1.txt + gpt_image_2x3
2025-08-27 17:34:15 | DEBUG    | src.processing.processor:_process_file_model_combination:183 - Processing 03.layer1_extracted/6/6.6.0/6.6.1/6.6.1.txt: A realistic, neat workspace with two Asian team me...
2025-08-27 17:34:15 | INFO     | src.processing.processor:_process_file_model_combination:186 - [DRY RUN] Would generate image for 03.layer1_extracted/6/6.6.0/6.6.1/6.6.1.txt
2025-08-27 17:34:15 | INFO     | src.processing.discovery:load_prompts:63 - Loaded prompt from 6.7.1.txt
2025-08-27 17:34:15 | INFO     | src.processing.processor:process_all:103 - Processing combination 65/69: 03.layer1_extracted/6/6.7.0/6.7.1/6.7.1.txt + gpt_image_2x3
2025-08-27 17:34:15 | DEBUG    | src.processing.processor:_process_file_model_combination:183 - Processing 03.layer1_extracted/6/6.7.0/6.7.1/6.7.1.txt: A modern, bright office with two Asian professiona...
2025-08-27 17:34:15 | INFO     | src.processing.processor:_process_file_model_combination:186 - [DRY RUN] Would generate image for 03.layer1_extracted/6/6.7.0/6.7.1/6.7.1.txt
2025-08-27 17:34:15 | INFO     | src.processing.discovery:load_prompts:63 - Loaded prompt from 6.8.1.txt
2025-08-27 17:34:15 | INFO     | src.processing.processor:process_all:103 - Processing combination 66/69: 03.layer1_extracted/6/6.8.0/6.8.1/6.8.1.txt + gpt_image_2x3
2025-08-27 17:34:15 | DEBUG    | src.processing.processor:_process_file_model_combination:183 - Processing 03.layer1_extracted/6/6.8.0/6.8.1/6.8.1.txt: A realistic work setting where two Asian team memb...
2025-08-27 17:34:15 | INFO     | src.processing.processor:_process_file_model_combination:186 - [DRY RUN] Would generate image for 03.layer1_extracted/6/6.8.0/6.8.1/6.8.1.txt
2025-08-27 17:34:15 | INFO     | src.processing.discovery:load_prompts:63 - Loaded prompt from 6.9.1.txt
2025-08-27 17:34:15 | INFO     | src.processing.processor:process_all:103 - Processing combination 67/69: 03.layer1_extracted/6/6.9.0/6.9.1/6.9.1.txt + gpt_image_2x3
2025-08-27 17:34:15 | DEBUG    | src.processing.processor:_process_file_model_combination:183 - Processing 03.layer1_extracted/6/6.9.0/6.9.1/6.9.1.txt: A friendly, minimal Japanese office showing three ...
2025-08-27 17:34:15 | INFO     | src.processing.processor:_process_file_model_combination:186 - [DRY RUN] Would generate image for 03.layer1_extracted/6/6.9.0/6.9.1/6.9.1.txt
2025-08-27 17:34:15 | INFO     | src.processing.discovery:load_prompts:63 - Loaded prompt from 6.10.1.txt
2025-08-27 17:34:15 | INFO     | src.processing.processor:process_all:103 - Processing combination 68/69: 03.layer1_extracted/6/6.10.0/6.10.1/6.10.1.txt + gpt_image_2x3
2025-08-27 17:34:15 | DEBUG    | src.processing.processor:_process_file_model_combination:183 - Processing 03.layer1_extracted/6/6.10.0/6.10.1/6.10.1.txt: A simple, modern desk view where two Asian profess...
2025-08-27 17:34:15 | INFO     | src.processing.processor:_process_file_model_combination:186 - [DRY RUN] Would generate image for 03.layer1_extracted/6/6.10.0/6.10.1/6.10.1.txt
2025-08-27 17:34:15 | INFO     | src.processing.discovery:load_prompts:63 - Loaded prompt from 6.11.1.txt
2025-08-27 17:34:15 | INFO     | src.processing.processor:process_all:103 - Processing combination 69/69: 03.layer1_extracted/6/6.11.0/6.11.1/6.11.1.txt + gpt_image_2x3
2025-08-27 17:34:15 | DEBUG    | src.processing.processor:_process_file_model_combination:183 - Processing 03.layer1_extracted/6/6.11.0/6.11.1/6.11.1.txt: A well-lit and open Japanese office space showing ...
2025-08-27 17:34:15 | INFO     | src.processing.processor:_process_file_model_combination:186 - [DRY RUN] Would generate image for 03.layer1_extracted/6/6.11.0/6.11.1/6.11.1.txt
2025-08-27 17:34:15 | INFO     | src.processing.discovery:load_prompts:63 - Loaded prompt from 1.1.1.txt
2025-08-27 17:34:15 | INFO     | src.processing.discovery:load_prompts:63 - Loaded prompt from 1.2.1.txt
2025-08-27 17:34:15 | INFO     | src.processing.discovery:load_prompts:63 - Loaded prompt from 1.3.1.txt
2025-08-27 17:34:15 | INFO     | src.processing.discovery:load_prompts:63 - Loaded prompt from 1.4.1.txt
2025-08-27 17:34:15 | INFO     | src.processing.discovery:load_prompts:63 - Loaded prompt from 1.5.1.txt
2025-08-27 17:34:15 | INFO     | src.processing.discovery:load_prompts:63 - Loaded prompt from 1.6.1.txt
2025-08-27 17:34:15 | INFO     | src.processing.discovery:load_prompts:63 - Loaded prompt from 1.7.1.txt
2025-08-27 17:34:15 | INFO     | src.processing.discovery:load_prompts:63 - Loaded prompt from 1.8.1.txt
2025-08-27 17:34:15 | INFO     | src.processing.discovery:load_prompts:63 - Loaded prompt from 1.9.1.txt
2025-08-27 17:34:15 | INFO     | src.processing.discovery:load_prompts:63 - Loaded prompt from 1.10.1.txt
2025-08-27 17:34:15 | INFO     | src.processing.discovery:load_prompts:63 - Loaded prompt from 1.11.1.txt
2025-08-27 17:34:15 | INFO     | src.processing.discovery:load_prompts:63 - Loaded prompt from 1.12.1.txt
2025-08-27 17:34:15 | INFO     | src.processing.discovery:load_prompts:63 - Loaded prompt from 1.13.1.txt
2025-08-27 17:34:15 | INFO     | src.processing.discovery:load_prompts:63 - Loaded prompt from 1.14.1.txt
2025-08-27 17:34:15 | INFO     | src.processing.discovery:load_prompts:63 - Loaded prompt from 1.15.1.txt
2025-08-27 17:34:15 | INFO     | src.processing.discovery:load_prompts:63 - Loaded prompt from 2.1.1.txt
2025-08-27 17:34:15 | INFO     | src.processing.discovery:load_prompts:63 - Loaded prompt from 2.2.1.txt
2025-08-27 17:34:15 | INFO     | src.processing.discovery:load_prompts:63 - Loaded prompt from 2.3.1.txt
2025-08-27 17:34:15 | INFO     | src.processing.discovery:load_prompts:63 - Loaded prompt from 2.4.1.txt
2025-08-27 17:34:15 | INFO     | src.processing.discovery:load_prompts:63 - Loaded prompt from 2.5.1.txt
2025-08-27 17:34:15 | INFO     | src.processing.discovery:load_prompts:63 - Loaded prompt from 2.6.1.txt
2025-08-27 17:34:15 | INFO     | src.processing.discovery:load_prompts:63 - Loaded prompt from 2.7.1.txt
2025-08-27 17:34:15 | INFO     | src.processing.discovery:load_prompts:63 - Loaded prompt from 2.8.1.txt
2025-08-27 17:34:15 | INFO     | src.processing.discovery:load_prompts:63 - Loaded prompt from 2.9.1.txt
2025-08-27 17:34:15 | INFO     | src.processing.discovery:load_prompts:63 - Loaded prompt from 2.10.1.txt
2025-08-27 17:34:15 | INFO     | src.processing.discovery:load_prompts:63 - Loaded prompt from 3.1.1.txt
2025-08-27 17:34:15 | INFO     | src.processing.discovery:load_prompts:63 - Loaded prompt from 3.2.1.txt
2025-08-27 17:34:15 | INFO     | src.processing.discovery:load_prompts:63 - Loaded prompt from 3.3.1.txt
2025-08-27 17:34:15 | INFO     | src.processing.discovery:load_prompts:63 - Loaded prompt from 3.4.1.txt
2025-08-27 17:34:15 | INFO     | src.processing.discovery:load_prompts:63 - Loaded prompt from 3.5.1.txt
2025-08-27 17:34:15 | INFO     | src.processing.discovery:load_prompts:63 - Loaded prompt from 3.6.1.txt
2025-08-27 17:34:15 | INFO     | src.processing.discovery:load_prompts:63 - Loaded prompt from 3.7.1.txt
2025-08-27 17:34:15 | INFO     | src.processing.discovery:load_prompts:63 - Loaded prompt from 3.8.1.txt
2025-08-27 17:34:15 | INFO     | src.processing.discovery:load_prompts:63 - Loaded prompt from 3.9.1.txt
2025-08-27 17:34:15 | INFO     | src.processing.discovery:load_prompts:63 - Loaded prompt from 3.10.1.txt
2025-08-27 17:34:15 | INFO     | src.processing.discovery:load_prompts:63 - Loaded prompt from 3.11.1.txt
2025-08-27 17:34:15 | INFO     | src.processing.discovery:load_prompts:63 - Loaded prompt from 3.12.1.txt
2025-08-27 17:34:15 | INFO     | src.processing.discovery:load_prompts:63 - Loaded prompt from 4.1.1.txt
2025-08-27 17:34:15 | INFO     | src.processing.discovery:load_prompts:63 - Loaded prompt from 4.2.1.txt
2025-08-27 17:34:15 | INFO     | src.processing.discovery:load_prompts:63 - Loaded prompt from 4.3.1.txt
2025-08-27 17:34:15 | INFO     | src.processing.discovery:load_prompts:63 - Loaded prompt from 4.4.1.txt
2025-08-27 17:34:15 | INFO     | src.processing.discovery:load_prompts:63 - Loaded prompt from 4.5.1.txt
2025-08-27 17:34:15 | INFO     | src.processing.discovery:load_prompts:63 - Loaded prompt from 4.6.1.txt
2025-08-27 17:34:15 | INFO     | src.processing.discovery:load_prompts:63 - Loaded prompt from 4.7.1.txt
2025-08-27 17:34:15 | INFO     | src.processing.discovery:load_prompts:63 - Loaded prompt from 4.8.1.txt
2025-08-27 17:34:15 | INFO     | src.processing.discovery:load_prompts:63 - Loaded prompt from 4.9.1.txt
2025-08-27 17:34:15 | INFO     | src.processing.discovery:load_prompts:63 - Loaded prompt from 4.10.1.txt
2025-08-27 17:34:15 | INFO     | src.processing.discovery:load_prompts:63 - Loaded prompt from 4.11.1.txt
2025-08-27 17:34:15 | INFO     | src.processing.discovery:load_prompts:63 - Loaded prompt from 5.1.1.txt
2025-08-27 17:34:15 | INFO     | src.processing.discovery:load_prompts:63 - Loaded prompt from 5.2.1.txt
2025-08-27 17:34:15 | INFO     | src.processing.discovery:load_prompts:63 - Loaded prompt from 5.3.1.txt
2025-08-27 17:34:15 | INFO     | src.processing.discovery:load_prompts:63 - Loaded prompt from 5.4.1.txt
2025-08-27 17:34:15 | INFO     | src.processing.discovery:load_prompts:63 - Loaded prompt from 5.5.1.txt
2025-08-27 17:34:15 | INFO     | src.processing.discovery:load_prompts:63 - Loaded prompt from 5.6.1.txt
2025-08-27 17:34:15 | INFO     | src.processing.discovery:load_prompts:63 - Loaded prompt from 5.7.1.txt
2025-08-27 17:34:15 | INFO     | src.processing.discovery:load_prompts:63 - Loaded prompt from 5.8.1.txt
2025-08-27 17:34:15 | INFO     | src.processing.discovery:load_prompts:63 - Loaded prompt from 5.9.1.txt
2025-08-27 17:34:15 | INFO     | src.processing.discovery:load_prompts:63 - Loaded prompt from 5.10.1.txt
2025-08-27 17:34:15 | INFO     | src.processing.discovery:load_prompts:63 - Loaded prompt from 6.1.1.txt
2025-08-27 17:34:15 | INFO     | src.processing.discovery:load_prompts:63 - Loaded prompt from 6.2.1.txt
2025-08-27 17:34:15 | INFO     | src.processing.discovery:load_prompts:63 - Loaded prompt from 6.3.1.txt
2025-08-27 17:34:15 | INFO     | src.processing.discovery:load_prompts:63 - Loaded prompt from 6.4.1.txt
2025-08-27 17:34:15 | INFO     | src.processing.discovery:load_prompts:63 - Loaded prompt from 6.5.1.txt
2025-08-27 17:34:15 | INFO     | src.processing.discovery:load_prompts:63 - Loaded prompt from 6.6.1.txt
2025-08-27 17:34:15 | INFO     | src.processing.discovery:load_prompts:63 - Loaded prompt from 6.7.1.txt
2025-08-27 17:34:15 | INFO     | src.processing.discovery:load_prompts:63 - Loaded prompt from 6.8.1.txt
2025-08-27 17:34:15 | INFO     | src.processing.discovery:load_prompts:63 - Loaded prompt from 6.9.1.txt
2025-08-27 17:34:15 | INFO     | src.processing.discovery:load_prompts:63 - Loaded prompt from 6.10.1.txt
2025-08-27 17:34:15 | INFO     | src.processing.discovery:load_prompts:63 - Loaded prompt from 6.11.1.txt
2025-08-27 17:34:15 | INFO     | src.output.writer:write_report:152 - Wrote report: USER-FILES/05.OUTPUT/250827_173415/SUCCESS.md
2025-08-27 17:34:15 | INFO     | src.output.reporter:save_reports:236 - Reports generated successfully
2025-08-27 17:34:15 | SUCCESS  | __main__:main:201 - ✅ Completed successfully! Generated 0 images
