2025-09-09 09:12:57 | INFO     | src.utils.logging:setup_logging:39 - Logging configured (verbose=False, debug=False)
2025-09-09 09:12:57 | INFO     | __main__:main:81 - Loading configuration...
2025-09-09 09:12:57 | INFO     | src.config.loader:load_config:42 - Loaded configuration from USER-FILES/01.CONFIG/config.yaml
2025-09-09 09:12:57 | INFO     | __main__:main:86 - Authenticating...
2025-09-09 09:12:57 | DEBUG    | src.auth.env:get_fal_api_key_from_env:19 - Loaded environment from /Users/ruben/08_-_DEVELOPMENT/ISOF_IMAGE_WORKFLOW/00.fal_text-to-image_tool/.env
2025-09-09 09:12:57 | INFO     | src.auth.env:get_fal_api_key_from_env:25 - Successfully retrieved FAL API key from environment
2025-09-09 09:12:57 | INFO     | __main__:main:90 - Discovering inputs...
2025-09-09 09:12:57 | DEBUG    | src.processing.discovery:discover_prompt_files:40 - Found prompt file: line_0015.txt
2025-09-09 09:12:57 | INFO     | src.processing.discovery:discover_prompt_files:45 - Discovered 1 prompt files
2025-09-09 09:12:57 | DEBUG    | src.processing.discovery:discover_profiles:93 - Loaded profile: USER-FILES/03.PROFILES/nano-banano_16x9.yaml
2025-09-09 09:12:57 | INFO     | src.processing.discovery:discover_profiles:97 - Loaded 1 profiles
2025-09-09 09:12:57 | INFO     | src.processing.discovery:get_active_models:131 - Found profile: nano-banano_16x9
2025-09-09 09:12:57 | INFO     | src.processing.discovery:get_active_models:136 - Total profiles to process: 1
2025-09-09 09:12:57 | INFO     | src.config.validator:validate_all:26 - All configuration validation passed
2025-09-09 09:12:57 | INFO     | __main__:main:115 - Output directory: USER-FILES/05.OUTPUT/250909_091257
2025-09-09 09:12:57 | INFO     | __main__:main:177 - Starting matrix processing...
2025-09-09 09:12:57 | INFO     | src.processing.processor:process_all:69 - Processing 1 combinations (1 files × 1 profiles)
2025-09-09 09:12:57 | INFO     | src.processing.discovery:load_prompts:63 - Loaded prompt from line_0015.txt
2025-09-09 09:12:57 | INFO     | src.processing.processor:process_all:105 - Processing combination 1/1: line_0015.txt + nano-banano_16x9
2025-09-09 09:12:57 | DEBUG    | src.processing.processor:_process_file_model_combination:182 - Added prefix to prompt: Aspect_ratio="16:9"
2025-09-09 09:12:57 | DEBUG    | src.processing.processor:_process_file_model_combination:188 - Processing line_0015.txt: Aspect_ratio="16:9" Group of 2 diverse AWS technic...
2025-09-09 09:12:57 | DEBUG    | src.api.client:generate_image:74 - Original prompt: Aspect_ratio="16:9" Group of 2 diverse AWS technicians (Asian man 20s, White man 30s) all smiling and attentive, listening to briefing, wearing long-sleeved shirts, utilitarian pants, gray safety gloves, safety goggles, and hearing protection over the ears in major data center server room with orange metal cable trays packed with yellow, green, and black fiber optic lines overhead.
2025-09-09 09:12:57 | DEBUG    | src.api.client:generate_image:75 - Clean prompt being sent: Aspect_ratio="16:9" Group of 2 diverse AWS technicians (Asian man 20s, White man 30s) all smiling and attentive, listening to briefing, wearing long-sleeved shirts, utilitarian pants, gray safety gloves, safety goggles, and hearing protection over the ears in major data center server room with orange metal cable trays packed with yellow, green, and black fiber optic lines overhead.
2025-09-09 09:12:57 | DEBUG    | src.api.client:generate_image:76 - Clean prompt repr: 'Aspect_ratio="16:9" Group of 2 diverse AWS technicians (Asian man 20s, White man 30s) all smiling and attentive, listening to briefing, wearing long-sleeved shirts, utilitarian pants, gray safety gloves, safety goggles, and hearing protection over the ears in major data center server room with orange metal cable trays packed with yellow, green, and black fiber optic lines overhead.'
2025-09-09 09:12:57 | DEBUG    | src.api.client:_call_with_retry:123 - API call attempt 1/3
2025-09-09 09:13:05 | DEBUG    | src.api.client:_call_with_retry:136 - API call successful
2025-09-09 09:13:08 | INFO     | src.output.writer:save_image:146 - Saved valid image: USER-FILES/05.OUTPUT/250909_091257/nano-banano_16x9/line_0015_091305_nano-banano_16x9_unknownxunknown.jpeg
2025-09-09 09:13:08 | DEBUG    | src.output.writer:save_image:176 - Saved API payload as Markdown: USER-FILES/05.OUTPUT/250909_091257/nano-banano_16x9/line_0015_091305_nano-banano_16x9_unknownxunknown.md
2025-09-09 09:13:08 | INFO     | src.processing.processor:_process_file_model_combination:235 - Saved image: line_0015_091305_nano-banano_16x9_unknownxunknown.jpeg
2025-09-09 09:13:08 | INFO     | src.processing.discovery:load_prompts:63 - Loaded prompt from line_0015.txt
2025-09-09 09:13:08 | INFO     | src.output.writer:write_report:193 - Wrote report: USER-FILES/05.OUTPUT/250909_091257/COST.md
2025-09-09 09:13:08 | INFO     | src.output.writer:write_report:193 - Wrote report: USER-FILES/05.OUTPUT/250909_091257/SUCCESS.md
2025-09-09 09:13:08 | INFO     | src.output.writer:write_report:193 - Wrote report: USER-FILES/05.OUTPUT/250909_091257/FIX.md
2025-09-09 09:13:08 | INFO     | src.output.reporter:save_reports:234 - FIX.md report generated with prompt fixes
2025-09-09 09:13:08 | INFO     | src.output.reporter:save_reports:236 - Reports generated successfully
2025-09-09 09:13:08 | SUCCESS  | __main__:main:212 - ✅ Completed successfully! Generated 1 images
