2025-08-27 07:52:43 | INFO     | src.utils.logging:setup_logging:39 - Logging configured (verbose=False, debug=False)
2025-08-27 07:52:43 | INFO     | __main__:main:67 - Loading configuration...
2025-08-27 07:52:43 | INFO     | src.config.loader:load_config:42 - Loaded configuration from USER-FILES/01.CONFIG/config.yaml
2025-08-27 07:52:43 | INFO     | __main__:main:72 - Authenticating...
2025-08-27 07:52:43 | DEBUG    | src.auth.env:get_fal_api_key_from_env:19 - Loaded environment from /Users/ruben/08_-_DEVELOPMENT/ISOF_IMAGE_WORKFLOW/00.fal-text->image-tool/.env
2025-08-27 07:52:43 | INFO     | src.auth.env:get_fal_api_key_from_env:25 - Successfully retrieved FAL API key from environment
2025-08-27 07:52:43 | INFO     | __main__:main:76 - Discovering inputs...
2025-08-27 07:52:43 | DEBUG    | src.processing.discovery:discover_prompt_files:40 - Found prompt file: test_folder/2/test_prompt2.txt
2025-08-27 07:52:43 | DEBUG    | src.processing.discovery:discover_prompt_files:40 - Found prompt file: test_folder/3/3.1/test_promt3.txt
2025-08-27 07:52:43 | DEBUG    | src.processing.discovery:discover_prompt_files:40 - Found prompt file: test_folder/1/1.1/test_prompt1.txt
2025-08-27 07:52:43 | INFO     | src.processing.discovery:discover_prompt_files:45 - Discovered 3 prompt files
2025-08-27 07:52:43 | DEBUG    | src.processing.discovery:discover_profiles:93 - Loaded profile: USER-FILES/03.PROFILES/seedream_v3_1080p.yaml
2025-08-27 07:52:43 | INFO     | src.processing.discovery:discover_profiles:97 - Loaded 1 profiles
2025-08-27 07:52:43 | INFO     | src.processing.discovery:get_active_models:130 - Found profile: seedream_v3_1080p
2025-08-27 07:52:43 | INFO     | src.processing.discovery:get_active_models:135 - Total profiles to process: 1
2025-08-27 07:52:43 | INFO     | src.config.validator:validate_all:26 - All configuration validation passed
2025-08-27 07:52:43 | INFO     | __main__:main:96 - Output directory: USER-FILES/05.OUTPUT/250827_075243
2025-08-27 07:52:43 | INFO     | __main__:main:157 - Starting matrix processing...
2025-08-27 07:52:43 | INFO     | src.processing.processor:process_all:65 - Processing 3 combinations (3 files × 1 profiles)
2025-08-27 07:52:43 | INFO     | src.processing.discovery:load_prompts:63 - Loaded prompt from test_prompt1.txt
2025-08-27 07:52:43 | INFO     | src.processing.processor:process_all:100 - Processing combination 1/3: test_folder/1/1.1/test_prompt1.txt + seedream_v3_1080p
2025-08-27 07:52:43 | DEBUG    | src.processing.processor:_process_file_model_combination:174 - Added prefix to prompt: cinematic style shot of 
2025-08-27 07:52:43 | DEBUG    | src.processing.processor:_process_file_model_combination:178 - Added suffix to prompt: Shot on 35mm film.
2025-08-27 07:52:43 | DEBUG    | src.processing.processor:_process_file_model_combination:180 - Processing test_folder/1/1.1/test_prompt1.txt: cinematic style shot of  a woman in her 20s and a ...
2025-08-27 07:52:43 | DEBUG    | src.api.client:_call_with_retry:100 - API call attempt 1/3
2025-08-27 07:52:52 | DEBUG    | src.api.client:_call_with_retry:113 - API call successful
2025-08-27 07:52:55 | INFO     | src.output.writer:save_image:117 - Saved valid image: USER-FILES/05.OUTPUT/250827_075243/seedream_v3_1080p/test_folder/1/1.1/test_prompt1_075252_seedream_v3_1080p_1920x1080.jpeg
2025-08-27 07:52:55 | INFO     | src.processing.processor:_process_file_model_combination:222 - Saved image: test_prompt1_075252_seedream_v3_1080p_1920x1080.jpeg
2025-08-27 07:52:55 | INFO     | src.processing.discovery:load_prompts:63 - Loaded prompt from test_prompt2.txt
2025-08-27 07:52:55 | INFO     | src.processing.processor:process_all:100 - Processing combination 2/3: test_folder/2/test_prompt2.txt + seedream_v3_1080p
2025-08-27 07:52:55 | DEBUG    | src.processing.processor:_process_file_model_combination:174 - Added prefix to prompt: cinematic style shot of 
2025-08-27 07:52:55 | DEBUG    | src.processing.processor:_process_file_model_combination:178 - Added suffix to prompt: Shot on 35mm film.
2025-08-27 07:52:55 | DEBUG    | src.processing.processor:_process_file_model_combination:180 - Processing test_folder/2/test_prompt2.txt: cinematic style shot of  a woman in her 20s and a ...
2025-08-27 07:52:55 | DEBUG    | src.api.client:_call_with_retry:100 - API call attempt 1/3
2025-08-27 07:53:06 | DEBUG    | src.api.client:_call_with_retry:113 - API call successful
2025-08-27 07:53:09 | INFO     | src.output.writer:save_image:117 - Saved valid image: USER-FILES/05.OUTPUT/250827_075243/seedream_v3_1080p/test_folder/2/test_prompt2_075306_seedream_v3_1080p_1920x1080.jpeg
2025-08-27 07:53:09 | INFO     | src.processing.processor:_process_file_model_combination:222 - Saved image: test_prompt2_075306_seedream_v3_1080p_1920x1080.jpeg
2025-08-27 07:53:09 | INFO     | src.processing.discovery:load_prompts:63 - Loaded prompt from test_promt3.txt
2025-08-27 07:53:09 | INFO     | src.processing.processor:process_all:100 - Processing combination 3/3: test_folder/3/3.1/test_promt3.txt + seedream_v3_1080p
2025-08-27 07:53:09 | DEBUG    | src.processing.processor:_process_file_model_combination:174 - Added prefix to prompt: cinematic style shot of 
2025-08-27 07:53:09 | DEBUG    | src.processing.processor:_process_file_model_combination:178 - Added suffix to prompt: Shot on 35mm film.
2025-08-27 07:53:09 | DEBUG    | src.processing.processor:_process_file_model_combination:180 - Processing test_folder/3/3.1/test_promt3.txt: cinematic style shot of  a woman in her 20s and a ...
2025-08-27 07:53:09 | DEBUG    | src.api.client:_call_with_retry:100 - API call attempt 1/3
2025-08-27 07:53:19 | DEBUG    | src.api.client:_call_with_retry:113 - API call successful
2025-08-27 07:53:22 | INFO     | src.output.writer:save_image:117 - Saved valid image: USER-FILES/05.OUTPUT/250827_075243/seedream_v3_1080p/test_folder/3/3.1/test_promt3_075319_seedream_v3_1080p_1920x1080.jpeg
2025-08-27 07:53:22 | INFO     | src.processing.processor:_process_file_model_combination:222 - Saved image: test_promt3_075319_seedream_v3_1080p_1920x1080.jpeg
2025-08-27 07:53:22 | INFO     | src.processing.discovery:load_prompts:63 - Loaded prompt from test_prompt1.txt
2025-08-27 07:53:22 | INFO     | src.processing.discovery:load_prompts:63 - Loaded prompt from test_prompt2.txt
2025-08-27 07:53:22 | INFO     | src.processing.discovery:load_prompts:63 - Loaded prompt from test_promt3.txt
2025-08-27 07:53:22 | INFO     | src.output.writer:write_report:134 - Wrote report: USER-FILES/05.OUTPUT/250827_075243/COST.md
2025-08-27 07:53:22 | INFO     | src.output.writer:write_report:134 - Wrote report: USER-FILES/05.OUTPUT/250827_075243/SUCCESS.md
2025-08-27 07:53:22 | INFO     | src.output.writer:write_report:134 - Wrote report: USER-FILES/05.OUTPUT/250827_075243/FIX.md
2025-08-27 07:53:22 | INFO     | src.output.reporter:save_reports:234 - FIX.md report generated with prompt fixes
2025-08-27 07:53:22 | INFO     | src.output.reporter:save_reports:236 - Reports generated successfully
2025-08-27 07:53:22 | SUCCESS  | __main__:main:192 - ✅ Completed successfully! Generated 3 images
