2025-09-08 16:54:38 | INFO     | src.utils.logging:setup_logging:39 - Logging configured (verbose=False, debug=False)
2025-09-08 16:54:38 | INFO     | __main__:main:75 - Loading configuration...
2025-09-08 16:54:38 | INFO     | src.config.loader:load_config:42 - Loaded configuration from USER-FILES/01.CONFIG/config.yaml
2025-09-08 16:54:38 | INFO     | __main__:main:80 - Authenticating...
2025-09-08 16:54:38 | DEBUG    | src.auth.env:get_fal_api_key_from_env:19 - Loaded environment from /Users/ruben/08_-_DEVELOPMENT/ISOF_IMAGE_WORKFLOW/00.fal-text->image-tool/.env
2025-09-08 16:54:38 | INFO     | src.auth.env:get_fal_api_key_from_env:25 - Successfully retrieved FAL API key from environment
2025-09-08 16:54:38 | INFO     | __main__:main:84 - Discovering inputs...
2025-09-08 16:54:38 | DEBUG    | src.processing.discovery:discover_prompt_files:40 - Found prompt file: 1/01_Introduction_Incident_Commander_v2.txt
2025-09-08 16:54:38 | DEBUG    | src.processing.discovery:discover_prompt_files:40 - Found prompt file: 4/04_Security_&_Employees_Incident_Commander_v2.txt
2025-09-08 16:54:38 | DEBUG    | src.processing.discovery:discover_prompt_files:40 - Found prompt file: 3/03_Emergency_Management_Incident_Commander_v2.txt
2025-09-08 16:54:38 | DEBUG    | src.processing.discovery:discover_prompt_files:40 - Found prompt file: 2/02_Core_Duties_Incident_Commander_v2.txt
2025-09-08 16:54:38 | INFO     | src.processing.discovery:discover_prompt_files:45 - Discovered 4 prompt files
2025-09-08 16:54:38 | DEBUG    | src.processing.discovery:discover_profiles:93 - Loaded profile: USER-FILES/03.PROFILES/nano-banano.yaml
2025-09-08 16:54:38 | INFO     | src.processing.discovery:discover_profiles:97 - Loaded 1 profiles
2025-09-08 16:54:38 | INFO     | src.processing.discovery:get_active_models:131 - Found profile: nano-banano
2025-09-08 16:54:38 | INFO     | src.processing.discovery:get_active_models:136 - Total profiles to process: 1
2025-09-08 16:54:38 | INFO     | src.config.validator:validate_all:26 - All configuration validation passed
2025-09-08 16:54:38 | INFO     | __main__:main:104 - Output directory: USER-FILES/05.OUTPUT/250908_165438
2025-09-08 16:54:38 | INFO     | __main__:main:166 - Starting matrix processing...
2025-09-08 16:54:38 | INFO     | src.processing.processor:process_all:69 - Processing 4 combinations (4 files × 1 profiles)
2025-09-08 16:54:38 | INFO     | src.processing.discovery:load_prompts:63 - Loaded prompt from 01_Introduction_Incident_Commander_v2.txt
2025-09-08 16:54:38 | INFO     | src.processing.processor:process_all:105 - Processing combination 1/4: 1/01_Introduction_Incident_Commander_v2.txt + nano-banano
2025-09-08 16:54:38 | DEBUG    | src.processing.processor:_process_file_model_combination:181 - Added prefix to prompt: A moody, cinematic scene from the 
2025-09-08 16:54:38 | DEBUG    | src.processing.processor:_process_file_model_combination:185 - Added suffix to prompt:  Shot on 35mm film in the style of Roger Deakins
2025-09-08 16:54:38 | DEBUG    | src.processing.processor:_process_file_model_combination:187 - Processing 1/01_Introduction_Incident_Commander_v2.txt: A moody, cinematic scene from the  "Clipart-style ...
2025-09-08 16:54:38 | DEBUG    | src.api.client:_call_with_retry:114 - API call attempt 1/3
2025-09-08 16:54:52 | WARNING  | __main__:main:208 - Interrupted by user
