2025-09-09 08:11:04 | INFO     | src.utils.logging:setup_logging:39 - Logging configured (verbose=False, debug=False)
2025-09-09 08:11:04 | INFO     | __main__:main:75 - Loading configuration...
2025-09-09 08:11:04 | INFO     | src.config.loader:load_config:42 - Loaded configuration from USER-FILES/01.CONFIG/config.yaml
2025-09-09 08:11:04 | INFO     | __main__:main:80 - Authenticating...
2025-09-09 08:11:04 | DEBUG    | src.auth.env:get_fal_api_key_from_env:19 - Loaded environment from /Users/ruben/08_-_DEVELOPMENT/ISOF_IMAGE_WORKFLOW/00.fal_text-to-image_tool/.env
2025-09-09 08:11:04 | INFO     | src.auth.env:get_fal_api_key_from_env:25 - Successfully retrieved FAL API key from environment
2025-09-09 08:11:04 | INFO     | __main__:main:84 - Discovering inputs...
2025-09-09 08:11:04 | DEBUG    | src.processing.discovery:discover_prompt_files:40 - Found prompt file: line_0002.txt
2025-09-09 08:11:04 | INFO     | src.processing.discovery:discover_prompt_files:45 - Discovered 1 prompt files
2025-09-09 08:11:04 | DEBUG    | src.processing.discovery:discover_profiles:93 - Loaded profile: USER-FILES/03.PROFILES/seedream_v3_1080p_vertical.yaml
2025-09-09 08:11:04 | INFO     | src.processing.discovery:discover_profiles:97 - Loaded 1 profiles
2025-09-09 08:11:04 | INFO     | src.processing.discovery:get_active_models:131 - Found profile: seedream_v3_1080p_vertical
2025-09-09 08:11:04 | INFO     | src.processing.discovery:get_active_models:136 - Total profiles to process: 1
2025-09-09 08:11:04 | INFO     | src.config.validator:validate_all:26 - All configuration validation passed
2025-09-09 08:11:04 | INFO     | __main__:main:104 - Output directory: USER-FILES/05.OUTPUT/250909_081104
2025-09-09 08:11:04 | INFO     | __main__:main:166 - Starting matrix processing...
2025-09-09 08:11:04 | INFO     | src.processing.processor:process_all:69 - Processing 1 combinations (1 files × 1 profiles)
2025-09-09 08:11:04 | INFO     | src.processing.discovery:load_prompts:63 - Loaded prompt from line_0002.txt
2025-09-09 08:11:04 | INFO     | src.processing.processor:process_all:105 - Processing combination 1/1: line_0002.txt + seedream_v3_1080p_vertical
2025-09-09 08:11:04 | DEBUG    | src.processing.processor:_process_file_model_combination:182 - Added prefix to prompt: Aspect_ratio="16:9"
2025-09-09 08:11:04 | DEBUG    | src.processing.processor:_process_file_model_combination:186 - Added suffix to prompt: Shot on 35mm film.
2025-09-09 08:11:04 | DEBUG    | src.processing.processor:_process_file_model_combination:188 - Processing line_0002.txt: Aspect_ratio="16:9" Group of 3 AWS employees (Hisp...
2025-09-09 08:11:04 | DEBUG    | src.api.client:generate_image:74 - Original prompt: Aspect_ratio="16:9" Group of 3 AWS employees (Hispanic woman 30s, White man 40s, Asian man 20s) all smiling, checking ID badges together, wearing complete PPE: long-sleeved shirts, utilitarian pants, gray safety gloves, ear protection muffs, and safety goggles, industrial facility entrance. Shot on 35mm film.
2025-09-09 08:11:04 | DEBUG    | src.api.client:generate_image:75 - Clean prompt being sent: Aspect_ratio="16:9" Group of 3 AWS employees (Hispanic woman 30s, White man 40s, Asian man 20s) all smiling, checking ID badges together, wearing complete PPE: long-sleeved shirts, utilitarian pants, gray safety gloves, ear protection muffs, and safety goggles, industrial facility entrance. Shot on 35mm film.
2025-09-09 08:11:04 | DEBUG    | src.api.client:generate_image:76 - Clean prompt repr: 'Aspect_ratio="16:9" Group of 3 AWS employees (Hispanic woman 30s, White man 40s, Asian man 20s) all smiling, checking ID badges together, wearing complete PPE: long-sleeved shirts, utilitarian pants, gray safety gloves, ear protection muffs, and safety goggles, industrial facility entrance. Shot on 35mm film.'
2025-09-09 08:11:04 | DEBUG    | src.api.client:_call_with_retry:123 - API call attempt 1/3
2025-09-09 08:11:20 | DEBUG    | src.api.client:_call_with_retry:136 - API call successful
2025-09-09 08:11:23 | INFO     | src.output.writer:save_image:119 - Saved valid image: USER-FILES/05.OUTPUT/250909_081104/seedream_v3_1080p_vertical/line_0002_081120_seedream_v3_1080p_vertical_1080x1920.jpeg
2025-09-09 08:11:23 | DEBUG    | src.output.writer:save_image:149 - Saved API payload as Markdown: USER-FILES/05.OUTPUT/250909_081104/seedream_v3_1080p_vertical/line_0002_081120_seedream_v3_1080p_vertical_1080x1920.md
2025-09-09 08:11:23 | INFO     | src.processing.processor:_process_file_model_combination:235 - Saved image: line_0002_081120_seedream_v3_1080p_vertical_1080x1920.jpeg
2025-09-09 08:11:23 | INFO     | src.processing.discovery:load_prompts:63 - Loaded prompt from line_0002.txt
2025-09-09 08:11:23 | INFO     | src.output.writer:write_report:166 - Wrote report: USER-FILES/05.OUTPUT/250909_081104/COST.md
2025-09-09 08:11:23 | INFO     | src.output.writer:write_report:166 - Wrote report: USER-FILES/05.OUTPUT/250909_081104/SUCCESS.md
2025-09-09 08:11:23 | INFO     | src.output.writer:write_report:166 - Wrote report: USER-FILES/05.OUTPUT/250909_081104/FIX.md
2025-09-09 08:11:23 | INFO     | src.output.reporter:save_reports:234 - FIX.md report generated with prompt fixes
2025-09-09 08:11:23 | INFO     | src.output.reporter:save_reports:236 - Reports generated successfully
2025-09-09 08:11:23 | SUCCESS  | __main__:main:201 - ✅ Completed successfully! Generated 1 images
