2025-08-26 08:15:02 | INFO     | src.utils.logging:setup_logging:39 - Logging configured (verbose=False, debug=False)
2025-08-26 08:15:02 | INFO     | __main__:main:67 - Loading configuration...
2025-08-26 08:15:02 | INFO     | src.config.loader:load_config:42 - Loaded configuration from USER-FILES/01.CONFIG/config.yaml
2025-08-26 08:15:02 | INFO     | __main__:main:72 - Authenticating...
2025-08-26 08:15:02 | DEBUG    | src.auth.env:get_fal_api_key_from_env:19 - Loaded environment from /Users/ruben/08_-_DEVELOPMENT/ISOF_IMAGE_WORKFLOW/00.fal-text->image-tool/.env
2025-08-26 08:15:02 | INFO     | src.auth.env:get_fal_api_key_from_env:25 - Successfully retrieved FAL API key from environment
2025-08-26 08:15:02 | INFO     | __main__:main:76 - Discovering inputs...
2025-08-26 08:15:02 | DEBUG    | src.processing.discovery:discover_prompt_files:38 - Found prompt file: USER-FILES/04.INPUT/test_promtp.txt
2025-08-26 08:15:02 | INFO     | src.processing.discovery:discover_prompt_files:43 - Discovered 1 prompt files
2025-08-26 08:15:02 | DEBUG    | src.processing.discovery:discover_profiles:92 - Loaded profile: USER-FILES/03.PROFILES/gpt_image_3x2.yaml
2025-08-26 08:15:02 | DEBUG    | src.processing.discovery:discover_profiles:92 - Loaded profile: USER-FILES/03.PROFILES/gpt_image_2x3.yaml
2025-08-26 08:15:02 | INFO     | src.processing.discovery:discover_profiles:96 - Loaded 2 profiles
2025-08-26 08:15:02 | INFO     | src.processing.discovery:get_active_models:127 - Found profile: gpt_image_3x2
2025-08-26 08:15:02 | INFO     | src.processing.discovery:get_active_models:127 - Found profile: gpt_image_2x3
2025-08-26 08:15:02 | INFO     | src.processing.discovery:get_active_models:132 - Total profiles to process: 2
2025-08-26 08:15:02 | INFO     | src.config.validator:validate_all:26 - All configuration validation passed
2025-08-26 08:15:02 | INFO     | __main__:main:96 - Output directory: USER-FILES/05.OUTPUT/250826_081502
2025-08-26 08:15:02 | INFO     | __main__:main:157 - Starting matrix processing...
2025-08-26 08:15:02 | INFO     | src.processing.processor:process_all:65 - Processing 2 combinations (1 files × 2 profiles)
2025-08-26 08:15:02 | DEBUG    | src.processing.discovery:load_prompts:63 - Loaded prompt from line 1: A realistic photo of a woman in her 20s and a man ...
2025-08-26 08:15:02 | INFO     | src.processing.discovery:load_prompts:65 - Loaded 1 prompts from test_promtp.txt
2025-08-26 08:15:02 | INFO     | src.processing.processor:process_all:97 - Processing combination 1/2: test_promtp.txt + gpt_image_3x2
2025-08-26 08:15:02 | DEBUG    | src.processing.processor:_process_file_model_combination:154 - Processing line 1: A realistic photo of a woman in her 20s and a man ...
2025-08-26 08:15:02 | DEBUG    | src.api.client:_call_with_retry:100 - API call attempt 1/3
2025-08-26 08:16:29 | DEBUG    | src.api.client:_call_with_retry:113 - API call successful
2025-08-26 08:16:33 | INFO     | src.output.writer:save_image:84 - Saved valid image: USER-FILES/05.OUTPUT/250826_081502/test_promtp_X_gpt_image_3x2/001_081629__Line1_gpt_image_3x2_1536x1024xauto.webp
2025-08-26 08:16:33 | INFO     | src.processing.processor:_process_file_model_combination:196 - Saved image: 001_081629__Line1_gpt_image_3x2_1536x1024xauto.webp
2025-08-26 08:16:33 | INFO     | src.processing.processor:process_all:97 - Processing combination 2/2: test_promtp.txt + gpt_image_2x3
2025-08-26 08:16:33 | DEBUG    | src.processing.processor:_process_file_model_combination:154 - Processing line 1: A realistic photo of a woman in her 20s and a man ...
2025-08-26 08:16:33 | DEBUG    | src.api.client:_call_with_retry:100 - API call attempt 1/3
2025-08-26 08:17:41 | DEBUG    | src.api.client:_call_with_retry:113 - API call successful
2025-08-26 08:17:43 | INFO     | src.output.writer:save_image:84 - Saved valid image: USER-FILES/05.OUTPUT/250826_081502/test_promtp_X_gpt_image_2x3/002_081741__Line1_gpt_image_2x3_1024x1536xauto.webp
2025-08-26 08:17:43 | INFO     | src.processing.processor:_process_file_model_combination:196 - Saved image: 002_081741__Line1_gpt_image_2x3_1024x1536xauto.webp
2025-08-26 08:17:43 | DEBUG    | src.processing.discovery:load_prompts:63 - Loaded prompt from line 1: A realistic photo of a woman in her 20s and a man ...
2025-08-26 08:17:43 | INFO     | src.processing.discovery:load_prompts:65 - Loaded 1 prompts from test_promtp.txt
2025-08-26 08:17:43 | INFO     | src.output.writer:write_report:101 - Wrote report: USER-FILES/05.OUTPUT/250826_081502/COST.md
2025-08-26 08:17:43 | INFO     | src.output.writer:write_report:101 - Wrote report: USER-FILES/05.OUTPUT/250826_081502/SUCCESS.md
2025-08-26 08:17:43 | INFO     | src.output.reporter:save_reports:197 - Reports generated successfully
2025-08-26 08:17:43 | SUCCESS  | __main__:main:182 - ✅ Completed successfully! Generated 2 images
