2025-09-09 07:39:27 | INFO     | src.utils.logging:setup_logging:39 - Logging configured (verbose=False, debug=False)
2025-09-09 07:39:27 | INFO     | __main__:main:75 - Loading configuration...
2025-09-09 07:39:27 | INFO     | src.config.loader:load_config:42 - Loaded configuration from USER-FILES/01.CONFIG/config.yaml
2025-09-09 07:39:27 | INFO     | __main__:main:80 - Authenticating...
2025-09-09 07:39:27 | DEBUG    | src.auth.env:get_fal_api_key_from_env:19 - Loaded environment from /Users/ruben/08_-_DEVELOPMENT/ISOF_IMAGE_WORKFLOW/00.fal_text-to-image_tool/.env
2025-09-09 07:39:27 | INFO     | src.auth.env:get_fal_api_key_from_env:25 - Successfully retrieved FAL API key from environment
2025-09-09 07:39:27 | INFO     | __main__:main:84 - Discovering inputs...
2025-09-09 07:39:27 | DEBUG    | src.processing.discovery:discover_prompt_files:40 - Found prompt file: incident commander_straight/1/line_0026.txt
2025-09-09 07:39:27 | DEBUG    | src.processing.discovery:discover_prompt_files:40 - Found prompt file: incident commander_straight/1/line_0027.txt
2025-09-09 07:39:27 | DEBUG    | src.processing.discovery:discover_prompt_files:40 - Found prompt file: incident commander_straight/1/line_0019.txt
2025-09-09 07:39:27 | DEBUG    | src.processing.discovery:discover_prompt_files:40 - Found prompt file: incident commander_straight/1/line_0025.txt
2025-09-09 07:39:27 | DEBUG    | src.processing.discovery:discover_prompt_files:40 - Found prompt file: incident commander_straight/1/line_0024.txt
2025-09-09 07:39:27 | DEBUG    | src.processing.discovery:discover_prompt_files:40 - Found prompt file: incident commander_straight/1/line_0018.txt
2025-09-09 07:39:27 | DEBUG    | src.processing.discovery:discover_prompt_files:40 - Found prompt file: incident commander_straight/1/line_0020.txt
2025-09-09 07:39:27 | DEBUG    | src.processing.discovery:discover_prompt_files:40 - Found prompt file: incident commander_straight/1/line_0008.txt
2025-09-09 07:39:27 | DEBUG    | src.processing.discovery:discover_prompt_files:40 - Found prompt file: incident commander_straight/1/line_0009.txt
2025-09-09 07:39:27 | DEBUG    | src.processing.discovery:discover_prompt_files:40 - Found prompt file: incident commander_straight/1/line_0021.txt
2025-09-09 07:39:27 | DEBUG    | src.processing.discovery:discover_prompt_files:40 - Found prompt file: incident commander_straight/1/line_0023.txt
2025-09-09 07:39:27 | DEBUG    | src.processing.discovery:discover_prompt_files:40 - Found prompt file: incident commander_straight/1/line_0022.txt
2025-09-09 07:39:27 | DEBUG    | src.processing.discovery:discover_prompt_files:40 - Found prompt file: incident commander_straight/1/line_0013.txt
2025-09-09 07:39:27 | DEBUG    | src.processing.discovery:discover_prompt_files:40 - Found prompt file: incident commander_straight/1/line_0007.txt
2025-09-09 07:39:27 | DEBUG    | src.processing.discovery:discover_prompt_files:40 - Found prompt file: incident commander_straight/1/line_0006.txt
2025-09-09 07:39:27 | DEBUG    | src.processing.discovery:discover_prompt_files:40 - Found prompt file: incident commander_straight/1/line_0012.txt
2025-09-09 07:39:27 | DEBUG    | src.processing.discovery:discover_prompt_files:40 - Found prompt file: incident commander_straight/1/line_0004.txt
2025-09-09 07:39:27 | DEBUG    | src.processing.discovery:discover_prompt_files:40 - Found prompt file: incident commander_straight/1/line_0010.txt
2025-09-09 07:39:27 | DEBUG    | src.processing.discovery:discover_prompt_files:40 - Found prompt file: incident commander_straight/1/line_0011.txt
2025-09-09 07:39:27 | DEBUG    | src.processing.discovery:discover_prompt_files:40 - Found prompt file: incident commander_straight/1/line_0005.txt
2025-09-09 07:39:27 | DEBUG    | src.processing.discovery:discover_prompt_files:40 - Found prompt file: incident commander_straight/1/line_0001.txt
2025-09-09 07:39:27 | DEBUG    | src.processing.discovery:discover_prompt_files:40 - Found prompt file: incident commander_straight/1/line_0015.txt
2025-09-09 07:39:27 | DEBUG    | src.processing.discovery:discover_prompt_files:40 - Found prompt file: incident commander_straight/1/line_0014.txt
2025-09-09 07:39:27 | DEBUG    | src.processing.discovery:discover_prompt_files:40 - Found prompt file: incident commander_straight/1/line_0016.txt
2025-09-09 07:39:27 | DEBUG    | src.processing.discovery:discover_prompt_files:40 - Found prompt file: incident commander_straight/1/line_0002.txt
2025-09-09 07:39:27 | DEBUG    | src.processing.discovery:discover_prompt_files:40 - Found prompt file: incident commander_straight/1/line_0003.txt
2025-09-09 07:39:27 | DEBUG    | src.processing.discovery:discover_prompt_files:40 - Found prompt file: incident commander_straight/1/line_0017.txt
2025-09-09 07:39:27 | DEBUG    | src.processing.discovery:discover_prompt_files:40 - Found prompt file: incident commander_straight/4/line_0026.txt
2025-09-09 07:39:27 | DEBUG    | src.processing.discovery:discover_prompt_files:40 - Found prompt file: incident commander_straight/4/line_0027.txt
2025-09-09 07:39:27 | DEBUG    | src.processing.discovery:discover_prompt_files:40 - Found prompt file: incident commander_straight/4/line_0019.txt
2025-09-09 07:39:27 | DEBUG    | src.processing.discovery:discover_prompt_files:40 - Found prompt file: incident commander_straight/4/line_0025.txt
2025-09-09 07:39:27 | DEBUG    | src.processing.discovery:discover_prompt_files:40 - Found prompt file: incident commander_straight/4/line_0024.txt
2025-09-09 07:39:27 | DEBUG    | src.processing.discovery:discover_prompt_files:40 - Found prompt file: incident commander_straight/4/line_0018.txt
2025-09-09 07:39:27 | DEBUG    | src.processing.discovery:discover_prompt_files:40 - Found prompt file: incident commander_straight/4/line_0020.txt
2025-09-09 07:39:27 | DEBUG    | src.processing.discovery:discover_prompt_files:40 - Found prompt file: incident commander_straight/4/line_0008.txt
2025-09-09 07:39:27 | DEBUG    | src.processing.discovery:discover_prompt_files:40 - Found prompt file: incident commander_straight/4/line_0009.txt
2025-09-09 07:39:27 | DEBUG    | src.processing.discovery:discover_prompt_files:40 - Found prompt file: incident commander_straight/4/line_0021.txt
2025-09-09 07:39:27 | DEBUG    | src.processing.discovery:discover_prompt_files:40 - Found prompt file: incident commander_straight/4/line_0023.txt
2025-09-09 07:39:27 | DEBUG    | src.processing.discovery:discover_prompt_files:40 - Found prompt file: incident commander_straight/4/line_0022.txt
2025-09-09 07:39:27 | DEBUG    | src.processing.discovery:discover_prompt_files:40 - Found prompt file: incident commander_straight/4/line_0013.txt
2025-09-09 07:39:27 | DEBUG    | src.processing.discovery:discover_prompt_files:40 - Found prompt file: incident commander_straight/4/line_0007.txt
2025-09-09 07:39:27 | DEBUG    | src.processing.discovery:discover_prompt_files:40 - Found prompt file: incident commander_straight/4/line_0006.txt
2025-09-09 07:39:27 | DEBUG    | src.processing.discovery:discover_prompt_files:40 - Found prompt file: incident commander_straight/4/line_0012.txt
2025-09-09 07:39:27 | DEBUG    | src.processing.discovery:discover_prompt_files:40 - Found prompt file: incident commander_straight/4/line_0004.txt
2025-09-09 07:39:27 | DEBUG    | src.processing.discovery:discover_prompt_files:40 - Found prompt file: incident commander_straight/4/line_0010.txt
2025-09-09 07:39:27 | DEBUG    | src.processing.discovery:discover_prompt_files:40 - Found prompt file: incident commander_straight/4/line_0011.txt
2025-09-09 07:39:27 | DEBUG    | src.processing.discovery:discover_prompt_files:40 - Found prompt file: incident commander_straight/4/line_0005.txt
2025-09-09 07:39:27 | DEBUG    | src.processing.discovery:discover_prompt_files:40 - Found prompt file: incident commander_straight/4/line_0001.txt
2025-09-09 07:39:27 | DEBUG    | src.processing.discovery:discover_prompt_files:40 - Found prompt file: incident commander_straight/4/line_0015.txt
2025-09-09 07:39:27 | DEBUG    | src.processing.discovery:discover_prompt_files:40 - Found prompt file: incident commander_straight/4/line_0014.txt
2025-09-09 07:39:27 | DEBUG    | src.processing.discovery:discover_prompt_files:40 - Found prompt file: incident commander_straight/4/line_0016.txt
2025-09-09 07:39:27 | DEBUG    | src.processing.discovery:discover_prompt_files:40 - Found prompt file: incident commander_straight/4/line_0002.txt
2025-09-09 07:39:27 | DEBUG    | src.processing.discovery:discover_prompt_files:40 - Found prompt file: incident commander_straight/4/line_0003.txt
2025-09-09 07:39:27 | DEBUG    | src.processing.discovery:discover_prompt_files:40 - Found prompt file: incident commander_straight/4/line_0017.txt
2025-09-09 07:39:27 | DEBUG    | src.processing.discovery:discover_prompt_files:40 - Found prompt file: incident commander_straight/3/line_0026.txt
2025-09-09 07:39:27 | DEBUG    | src.processing.discovery:discover_prompt_files:40 - Found prompt file: incident commander_straight/3/line_0027.txt
2025-09-09 07:39:27 | DEBUG    | src.processing.discovery:discover_prompt_files:40 - Found prompt file: incident commander_straight/3/line_0019.txt
2025-09-09 07:39:27 | DEBUG    | src.processing.discovery:discover_prompt_files:40 - Found prompt file: incident commander_straight/3/line_0025.txt
2025-09-09 07:39:27 | DEBUG    | src.processing.discovery:discover_prompt_files:40 - Found prompt file: incident commander_straight/3/line_0024.txt
2025-09-09 07:39:27 | DEBUG    | src.processing.discovery:discover_prompt_files:40 - Found prompt file: incident commander_straight/3/line_0018.txt
2025-09-09 07:39:27 | DEBUG    | src.processing.discovery:discover_prompt_files:40 - Found prompt file: incident commander_straight/3/line_0020.txt
2025-09-09 07:39:27 | DEBUG    | src.processing.discovery:discover_prompt_files:40 - Found prompt file: incident commander_straight/3/line_0008.txt
2025-09-09 07:39:27 | DEBUG    | src.processing.discovery:discover_prompt_files:40 - Found prompt file: incident commander_straight/3/line_0009.txt
2025-09-09 07:39:27 | DEBUG    | src.processing.discovery:discover_prompt_files:40 - Found prompt file: incident commander_straight/3/line_0021.txt
2025-09-09 07:39:27 | DEBUG    | src.processing.discovery:discover_prompt_files:40 - Found prompt file: incident commander_straight/3/line_0023.txt
2025-09-09 07:39:27 | DEBUG    | src.processing.discovery:discover_prompt_files:40 - Found prompt file: incident commander_straight/3/line_0022.txt
2025-09-09 07:39:27 | DEBUG    | src.processing.discovery:discover_prompt_files:40 - Found prompt file: incident commander_straight/3/line_0013.txt
2025-09-09 07:39:27 | DEBUG    | src.processing.discovery:discover_prompt_files:40 - Found prompt file: incident commander_straight/3/line_0007.txt
2025-09-09 07:39:27 | DEBUG    | src.processing.discovery:discover_prompt_files:40 - Found prompt file: incident commander_straight/3/line_0006.txt
2025-09-09 07:39:27 | DEBUG    | src.processing.discovery:discover_prompt_files:40 - Found prompt file: incident commander_straight/3/line_0012.txt
2025-09-09 07:39:27 | DEBUG    | src.processing.discovery:discover_prompt_files:40 - Found prompt file: incident commander_straight/3/line_0004.txt
2025-09-09 07:39:27 | DEBUG    | src.processing.discovery:discover_prompt_files:40 - Found prompt file: incident commander_straight/3/line_0010.txt
2025-09-09 07:39:27 | DEBUG    | src.processing.discovery:discover_prompt_files:40 - Found prompt file: incident commander_straight/3/line_0011.txt
2025-09-09 07:39:27 | DEBUG    | src.processing.discovery:discover_prompt_files:40 - Found prompt file: incident commander_straight/3/line_0005.txt
2025-09-09 07:39:27 | DEBUG    | src.processing.discovery:discover_prompt_files:40 - Found prompt file: incident commander_straight/3/line_0001.txt
2025-09-09 07:39:27 | DEBUG    | src.processing.discovery:discover_prompt_files:40 - Found prompt file: incident commander_straight/3/line_0015.txt
2025-09-09 07:39:27 | DEBUG    | src.processing.discovery:discover_prompt_files:40 - Found prompt file: incident commander_straight/3/line_0029.txt
2025-09-09 07:39:27 | DEBUG    | src.processing.discovery:discover_prompt_files:40 - Found prompt file: incident commander_straight/3/line_0028.txt
2025-09-09 07:39:27 | DEBUG    | src.processing.discovery:discover_prompt_files:40 - Found prompt file: incident commander_straight/3/line_0014.txt
2025-09-09 07:39:27 | DEBUG    | src.processing.discovery:discover_prompt_files:40 - Found prompt file: incident commander_straight/3/line_0016.txt
2025-09-09 07:39:27 | DEBUG    | src.processing.discovery:discover_prompt_files:40 - Found prompt file: incident commander_straight/3/line_0002.txt
2025-09-09 07:39:27 | DEBUG    | src.processing.discovery:discover_prompt_files:40 - Found prompt file: incident commander_straight/3/line_0003.txt
2025-09-09 07:39:27 | DEBUG    | src.processing.discovery:discover_prompt_files:40 - Found prompt file: incident commander_straight/3/line_0017.txt
2025-09-09 07:39:27 | DEBUG    | src.processing.discovery:discover_prompt_files:40 - Found prompt file: incident commander_straight/2/line_0026.txt
2025-09-09 07:39:27 | DEBUG    | src.processing.discovery:discover_prompt_files:40 - Found prompt file: incident commander_straight/2/line_0027.txt
2025-09-09 07:39:27 | DEBUG    | src.processing.discovery:discover_prompt_files:40 - Found prompt file: incident commander_straight/2/line_0019.txt
2025-09-09 07:39:27 | DEBUG    | src.processing.discovery:discover_prompt_files:40 - Found prompt file: incident commander_straight/2/line_0025.txt
2025-09-09 07:39:27 | DEBUG    | src.processing.discovery:discover_prompt_files:40 - Found prompt file: incident commander_straight/2/line_0024.txt
2025-09-09 07:39:27 | DEBUG    | src.processing.discovery:discover_prompt_files:40 - Found prompt file: incident commander_straight/2/line_0018.txt
2025-09-09 07:39:27 | DEBUG    | src.processing.discovery:discover_prompt_files:40 - Found prompt file: incident commander_straight/2/line_0020.txt
2025-09-09 07:39:27 | DEBUG    | src.processing.discovery:discover_prompt_files:40 - Found prompt file: incident commander_straight/2/line_0008.txt
2025-09-09 07:39:27 | DEBUG    | src.processing.discovery:discover_prompt_files:40 - Found prompt file: incident commander_straight/2/line_0009.txt
2025-09-09 07:39:27 | DEBUG    | src.processing.discovery:discover_prompt_files:40 - Found prompt file: incident commander_straight/2/line_0021.txt
2025-09-09 07:39:27 | DEBUG    | src.processing.discovery:discover_prompt_files:40 - Found prompt file: incident commander_straight/2/line_0023.txt
2025-09-09 07:39:27 | DEBUG    | src.processing.discovery:discover_prompt_files:40 - Found prompt file: incident commander_straight/2/line_0022.txt
2025-09-09 07:39:27 | DEBUG    | src.processing.discovery:discover_prompt_files:40 - Found prompt file: incident commander_straight/2/line_0013.txt
2025-09-09 07:39:27 | DEBUG    | src.processing.discovery:discover_prompt_files:40 - Found prompt file: incident commander_straight/2/line_0007.txt
2025-09-09 07:39:27 | DEBUG    | src.processing.discovery:discover_prompt_files:40 - Found prompt file: incident commander_straight/2/line_0006.txt
2025-09-09 07:39:27 | DEBUG    | src.processing.discovery:discover_prompt_files:40 - Found prompt file: incident commander_straight/2/line_0012.txt
2025-09-09 07:39:27 | DEBUG    | src.processing.discovery:discover_prompt_files:40 - Found prompt file: incident commander_straight/2/line_0004.txt
2025-09-09 07:39:27 | DEBUG    | src.processing.discovery:discover_prompt_files:40 - Found prompt file: incident commander_straight/2/line_0010.txt
2025-09-09 07:39:27 | DEBUG    | src.processing.discovery:discover_prompt_files:40 - Found prompt file: incident commander_straight/2/line_0011.txt
2025-09-09 07:39:27 | DEBUG    | src.processing.discovery:discover_prompt_files:40 - Found prompt file: incident commander_straight/2/line_0005.txt
2025-09-09 07:39:27 | DEBUG    | src.processing.discovery:discover_prompt_files:40 - Found prompt file: incident commander_straight/2/line_0001.txt
2025-09-09 07:39:27 | DEBUG    | src.processing.discovery:discover_prompt_files:40 - Found prompt file: incident commander_straight/2/line_0015.txt
2025-09-09 07:39:27 | DEBUG    | src.processing.discovery:discover_prompt_files:40 - Found prompt file: incident commander_straight/2/line_0028.txt
2025-09-09 07:39:27 | DEBUG    | src.processing.discovery:discover_prompt_files:40 - Found prompt file: incident commander_straight/2/line_0014.txt
2025-09-09 07:39:27 | DEBUG    | src.processing.discovery:discover_prompt_files:40 - Found prompt file: incident commander_straight/2/line_0016.txt
2025-09-09 07:39:27 | DEBUG    | src.processing.discovery:discover_prompt_files:40 - Found prompt file: incident commander_straight/2/line_0002.txt
2025-09-09 07:39:27 | DEBUG    | src.processing.discovery:discover_prompt_files:40 - Found prompt file: incident commander_straight/2/line_0003.txt
2025-09-09 07:39:27 | DEBUG    | src.processing.discovery:discover_prompt_files:40 - Found prompt file: incident commander_straight/2/line_0017.txt
2025-09-09 07:39:27 | INFO     | src.processing.discovery:discover_prompt_files:45 - Discovered 111 prompt files
2025-09-09 07:39:27 | DEBUG    | src.processing.discovery:discover_profiles:93 - Loaded profile: USER-FILES/03.PROFILES/nano-banano_16x9.yaml
2025-09-09 07:39:27 | INFO     | src.processing.discovery:discover_profiles:97 - Loaded 1 profiles
2025-09-09 07:39:27 | INFO     | src.processing.discovery:get_active_models:131 - Found profile: nano-banano_16x9
2025-09-09 07:39:27 | INFO     | src.processing.discovery:get_active_models:136 - Total profiles to process: 1
2025-09-09 07:39:27 | INFO     | src.config.validator:validate_all:26 - All configuration validation passed
2025-09-09 07:39:27 | INFO     | __main__:main:104 - Output directory: USER-FILES/05.OUTPUT/250909_073927
2025-09-09 07:39:27 | INFO     | src.processing.discovery:load_prompts:63 - Loaded prompt from line_0001.txt
2025-09-09 07:39:27 | INFO     | src.processing.discovery:load_prompts:63 - Loaded prompt from line_0002.txt
2025-09-09 07:39:27 | INFO     | src.processing.discovery:load_prompts:63 - Loaded prompt from line_0003.txt
2025-09-09 07:39:27 | INFO     | src.processing.discovery:load_prompts:63 - Loaded prompt from line_0004.txt
2025-09-09 07:39:27 | INFO     | src.processing.discovery:load_prompts:63 - Loaded prompt from line_0005.txt
2025-09-09 07:39:27 | INFO     | src.processing.discovery:load_prompts:63 - Loaded prompt from line_0006.txt
2025-09-09 07:39:27 | INFO     | src.processing.discovery:load_prompts:63 - Loaded prompt from line_0007.txt
2025-09-09 07:39:27 | INFO     | src.processing.discovery:load_prompts:63 - Loaded prompt from line_0008.txt
2025-09-09 07:39:27 | INFO     | src.processing.discovery:load_prompts:63 - Loaded prompt from line_0009.txt
2025-09-09 07:39:27 | INFO     | src.processing.discovery:load_prompts:63 - Loaded prompt from line_0010.txt
2025-09-09 07:39:27 | INFO     | src.processing.discovery:load_prompts:63 - Loaded prompt from line_0011.txt
2025-09-09 07:39:27 | INFO     | src.processing.discovery:load_prompts:63 - Loaded prompt from line_0012.txt
2025-09-09 07:39:27 | INFO     | src.processing.discovery:load_prompts:63 - Loaded prompt from line_0013.txt
2025-09-09 07:39:27 | INFO     | src.processing.discovery:load_prompts:63 - Loaded prompt from line_0014.txt
2025-09-09 07:39:27 | INFO     | src.processing.discovery:load_prompts:63 - Loaded prompt from line_0015.txt
2025-09-09 07:39:27 | INFO     | src.processing.discovery:load_prompts:63 - Loaded prompt from line_0016.txt
2025-09-09 07:39:27 | INFO     | src.processing.discovery:load_prompts:63 - Loaded prompt from line_0017.txt
2025-09-09 07:39:27 | INFO     | src.processing.discovery:load_prompts:63 - Loaded prompt from line_0018.txt
2025-09-09 07:39:27 | INFO     | src.processing.discovery:load_prompts:63 - Loaded prompt from line_0019.txt
2025-09-09 07:39:27 | INFO     | src.processing.discovery:load_prompts:63 - Loaded prompt from line_0020.txt
2025-09-09 07:39:27 | INFO     | src.processing.discovery:load_prompts:63 - Loaded prompt from line_0021.txt
2025-09-09 07:39:27 | INFO     | src.processing.discovery:load_prompts:63 - Loaded prompt from line_0022.txt
2025-09-09 07:39:27 | INFO     | src.processing.discovery:load_prompts:63 - Loaded prompt from line_0023.txt
2025-09-09 07:39:27 | INFO     | src.processing.discovery:load_prompts:63 - Loaded prompt from line_0024.txt
2025-09-09 07:39:27 | INFO     | src.processing.discovery:load_prompts:63 - Loaded prompt from line_0025.txt
2025-09-09 07:39:27 | INFO     | src.processing.discovery:load_prompts:63 - Loaded prompt from line_0026.txt
2025-09-09 07:39:27 | INFO     | src.processing.discovery:load_prompts:63 - Loaded prompt from line_0027.txt
2025-09-09 07:39:27 | INFO     | src.processing.discovery:load_prompts:63 - Loaded prompt from line_0001.txt
2025-09-09 07:39:27 | INFO     | src.processing.discovery:load_prompts:63 - Loaded prompt from line_0002.txt
2025-09-09 07:39:27 | INFO     | src.processing.discovery:load_prompts:63 - Loaded prompt from line_0003.txt
2025-09-09 07:39:27 | INFO     | src.processing.discovery:load_prompts:63 - Loaded prompt from line_0004.txt
2025-09-09 07:39:27 | INFO     | src.processing.discovery:load_prompts:63 - Loaded prompt from line_0005.txt
2025-09-09 07:39:27 | INFO     | src.processing.discovery:load_prompts:63 - Loaded prompt from line_0006.txt
2025-09-09 07:39:27 | INFO     | src.processing.discovery:load_prompts:63 - Loaded prompt from line_0007.txt
2025-09-09 07:39:27 | INFO     | src.processing.discovery:load_prompts:63 - Loaded prompt from line_0008.txt
2025-09-09 07:39:27 | INFO     | src.processing.discovery:load_prompts:63 - Loaded prompt from line_0009.txt
2025-09-09 07:39:27 | INFO     | src.processing.discovery:load_prompts:63 - Loaded prompt from line_0010.txt
2025-09-09 07:39:27 | INFO     | src.processing.discovery:load_prompts:63 - Loaded prompt from line_0011.txt
2025-09-09 07:39:27 | INFO     | src.processing.discovery:load_prompts:63 - Loaded prompt from line_0012.txt
2025-09-09 07:39:27 | INFO     | src.processing.discovery:load_prompts:63 - Loaded prompt from line_0013.txt
2025-09-09 07:39:27 | INFO     | src.processing.discovery:load_prompts:63 - Loaded prompt from line_0014.txt
2025-09-09 07:39:27 | INFO     | src.processing.discovery:load_prompts:63 - Loaded prompt from line_0015.txt
2025-09-09 07:39:27 | INFO     | src.processing.discovery:load_prompts:63 - Loaded prompt from line_0016.txt
2025-09-09 07:39:27 | INFO     | src.processing.discovery:load_prompts:63 - Loaded prompt from line_0017.txt
2025-09-09 07:39:27 | INFO     | src.processing.discovery:load_prompts:63 - Loaded prompt from line_0018.txt
2025-09-09 07:39:27 | INFO     | src.processing.discovery:load_prompts:63 - Loaded prompt from line_0019.txt
2025-09-09 07:39:27 | INFO     | src.processing.discovery:load_prompts:63 - Loaded prompt from line_0020.txt
2025-09-09 07:39:27 | INFO     | src.processing.discovery:load_prompts:63 - Loaded prompt from line_0021.txt
2025-09-09 07:39:27 | INFO     | src.processing.discovery:load_prompts:63 - Loaded prompt from line_0022.txt
2025-09-09 07:39:27 | INFO     | src.processing.discovery:load_prompts:63 - Loaded prompt from line_0023.txt
2025-09-09 07:39:27 | INFO     | src.processing.discovery:load_prompts:63 - Loaded prompt from line_0024.txt
2025-09-09 07:39:27 | INFO     | src.processing.discovery:load_prompts:63 - Loaded prompt from line_0025.txt
2025-09-09 07:39:27 | INFO     | src.processing.discovery:load_prompts:63 - Loaded prompt from line_0026.txt
2025-09-09 07:39:27 | INFO     | src.processing.discovery:load_prompts:63 - Loaded prompt from line_0027.txt
2025-09-09 07:39:27 | INFO     | src.processing.discovery:load_prompts:63 - Loaded prompt from line_0028.txt
2025-09-09 07:39:27 | INFO     | src.processing.discovery:load_prompts:63 - Loaded prompt from line_0001.txt
2025-09-09 07:39:27 | INFO     | src.processing.discovery:load_prompts:63 - Loaded prompt from line_0002.txt
2025-09-09 07:39:27 | INFO     | src.processing.discovery:load_prompts:63 - Loaded prompt from line_0003.txt
2025-09-09 07:39:27 | INFO     | src.processing.discovery:load_prompts:63 - Loaded prompt from line_0004.txt
2025-09-09 07:39:27 | INFO     | src.processing.discovery:load_prompts:63 - Loaded prompt from line_0005.txt
2025-09-09 07:39:27 | INFO     | src.processing.discovery:load_prompts:63 - Loaded prompt from line_0006.txt
2025-09-09 07:39:27 | INFO     | src.processing.discovery:load_prompts:63 - Loaded prompt from line_0007.txt
2025-09-09 07:39:27 | INFO     | src.processing.discovery:load_prompts:63 - Loaded prompt from line_0008.txt
2025-09-09 07:39:27 | INFO     | src.processing.discovery:load_prompts:63 - Loaded prompt from line_0009.txt
2025-09-09 07:39:27 | INFO     | src.processing.discovery:load_prompts:63 - Loaded prompt from line_0010.txt
2025-09-09 07:39:27 | INFO     | src.processing.discovery:load_prompts:63 - Loaded prompt from line_0011.txt
2025-09-09 07:39:27 | INFO     | src.processing.discovery:load_prompts:63 - Loaded prompt from line_0012.txt
2025-09-09 07:39:27 | INFO     | src.processing.discovery:load_prompts:63 - Loaded prompt from line_0013.txt
2025-09-09 07:39:27 | INFO     | src.processing.discovery:load_prompts:63 - Loaded prompt from line_0014.txt
2025-09-09 07:39:27 | INFO     | src.processing.discovery:load_prompts:63 - Loaded prompt from line_0015.txt
2025-09-09 07:39:27 | INFO     | src.processing.discovery:load_prompts:63 - Loaded prompt from line_0016.txt
2025-09-09 07:39:27 | INFO     | src.processing.discovery:load_prompts:63 - Loaded prompt from line_0017.txt
2025-09-09 07:39:27 | INFO     | src.processing.discovery:load_prompts:63 - Loaded prompt from line_0018.txt
2025-09-09 07:39:27 | INFO     | src.processing.discovery:load_prompts:63 - Loaded prompt from line_0019.txt
2025-09-09 07:39:27 | INFO     | src.processing.discovery:load_prompts:63 - Loaded prompt from line_0020.txt
2025-09-09 07:39:27 | INFO     | src.processing.discovery:load_prompts:63 - Loaded prompt from line_0021.txt
2025-09-09 07:39:27 | INFO     | src.processing.discovery:load_prompts:63 - Loaded prompt from line_0022.txt
2025-09-09 07:39:27 | INFO     | src.processing.discovery:load_prompts:63 - Loaded prompt from line_0023.txt
2025-09-09 07:39:27 | INFO     | src.processing.discovery:load_prompts:63 - Loaded prompt from line_0024.txt
2025-09-09 07:39:27 | INFO     | src.processing.discovery:load_prompts:63 - Loaded prompt from line_0025.txt
2025-09-09 07:39:27 | INFO     | src.processing.discovery:load_prompts:63 - Loaded prompt from line_0026.txt
2025-09-09 07:39:27 | INFO     | src.processing.discovery:load_prompts:63 - Loaded prompt from line_0027.txt
2025-09-09 07:39:27 | INFO     | src.processing.discovery:load_prompts:63 - Loaded prompt from line_0028.txt
2025-09-09 07:39:27 | INFO     | src.processing.discovery:load_prompts:63 - Loaded prompt from line_0029.txt
2025-09-09 07:39:27 | INFO     | src.processing.discovery:load_prompts:63 - Loaded prompt from line_0001.txt
2025-09-09 07:39:27 | INFO     | src.processing.discovery:load_prompts:63 - Loaded prompt from line_0002.txt
2025-09-09 07:39:27 | INFO     | src.processing.discovery:load_prompts:63 - Loaded prompt from line_0003.txt
2025-09-09 07:39:27 | INFO     | src.processing.discovery:load_prompts:63 - Loaded prompt from line_0004.txt
2025-09-09 07:39:27 | INFO     | src.processing.discovery:load_prompts:63 - Loaded prompt from line_0005.txt
2025-09-09 07:39:27 | INFO     | src.processing.discovery:load_prompts:63 - Loaded prompt from line_0006.txt
2025-09-09 07:39:27 | INFO     | src.processing.discovery:load_prompts:63 - Loaded prompt from line_0007.txt
2025-09-09 07:39:27 | INFO     | src.processing.discovery:load_prompts:63 - Loaded prompt from line_0008.txt
2025-09-09 07:39:27 | INFO     | src.processing.discovery:load_prompts:63 - Loaded prompt from line_0009.txt
2025-09-09 07:39:27 | INFO     | src.processing.discovery:load_prompts:63 - Loaded prompt from line_0010.txt
2025-09-09 07:39:27 | INFO     | src.processing.discovery:load_prompts:63 - Loaded prompt from line_0011.txt
2025-09-09 07:39:27 | INFO     | src.processing.discovery:load_prompts:63 - Loaded prompt from line_0012.txt
2025-09-09 07:39:27 | INFO     | src.processing.discovery:load_prompts:63 - Loaded prompt from line_0013.txt
2025-09-09 07:39:27 | INFO     | src.processing.discovery:load_prompts:63 - Loaded prompt from line_0014.txt
2025-09-09 07:39:27 | INFO     | src.processing.discovery:load_prompts:63 - Loaded prompt from line_0015.txt
2025-09-09 07:39:27 | INFO     | src.processing.discovery:load_prompts:63 - Loaded prompt from line_0016.txt
2025-09-09 07:39:27 | INFO     | src.processing.discovery:load_prompts:63 - Loaded prompt from line_0017.txt
2025-09-09 07:39:27 | INFO     | src.processing.discovery:load_prompts:63 - Loaded prompt from line_0018.txt
2025-09-09 07:39:27 | INFO     | src.processing.discovery:load_prompts:63 - Loaded prompt from line_0019.txt
2025-09-09 07:39:27 | INFO     | src.processing.discovery:load_prompts:63 - Loaded prompt from line_0020.txt
2025-09-09 07:39:27 | INFO     | src.processing.discovery:load_prompts:63 - Loaded prompt from line_0021.txt
2025-09-09 07:39:27 | INFO     | src.processing.discovery:load_prompts:63 - Loaded prompt from line_0022.txt
2025-09-09 07:39:27 | INFO     | src.processing.discovery:load_prompts:63 - Loaded prompt from line_0023.txt
2025-09-09 07:39:27 | INFO     | src.processing.discovery:load_prompts:63 - Loaded prompt from line_0024.txt
2025-09-09 07:39:27 | INFO     | src.processing.discovery:load_prompts:63 - Loaded prompt from line_0025.txt
2025-09-09 07:39:27 | INFO     | src.processing.discovery:load_prompts:63 - Loaded prompt from line_0026.txt
2025-09-09 07:39:27 | INFO     | src.processing.discovery:load_prompts:63 - Loaded prompt from line_0027.txt
2025-09-09 07:39:27 | INFO     | src.output.writer:write_report:166 - Wrote report: USER-FILES/05.OUTPUT/250909_073927/COST-ESTIMATION.md
2025-09-09 07:39:27 | INFO     | __main__:main:139 - Cost estimation saved. Total: $4.3290
