2026-01-21 13:17:54 | INFO     | src.utils.logging:setup_logging:39 - Logging configured (verbose=False, debug=False)
2026-01-21 13:17:54 | INFO     | __main__:setup_environment:79 - Environment initialized
2026-01-21 13:17:54 | INFO     | __main__:load_and_validate_config:84 - Loading configuration...
2026-01-21 13:17:54 | INFO     | src.config.loader:load_config:45 - Loaded configuration from USER-FILES/01.CONFIG/config.yaml
2026-01-21 13:17:54 | INFO     | __main__:authenticate_for_mode:273 - Authenticating with 1Password...
2026-01-21 13:17:55 | DEBUG    | src.auth.session_manager:ensure_op_auth:39 - 1Password session is active
2026-01-21 13:17:56 | DEBUG    | src.auth.session_manager:ensure_op_auth:39 - 1Password session is active
2026-01-21 13:17:56 | DEBUG    | src.auth.auth:load_auth_config:28 - Using auth config: auth_ruben.yaml
2026-01-21 13:17:57 | DEBUG    | src.auth.auth:get_api_key:77 - Retrieved API key: r8_K...
2026-01-21 13:17:57 | INFO     | __main__:discover_inputs_and_profiles:92 - Discovering inputs...
2026-01-21 13:17:57 | DEBUG    | src.processing.discovery:discover_prompt_files:42 - Found markdown file: frame_2144.md
2026-01-21 13:17:57 | INFO     | src.processing.discovery:discover_prompt_files:47 - Discovered 1 markdown files
2026-01-21 13:17:57 | DEBUG    | src.processing.discovery:discover_profiles:98 - Loaded profile: USER-FILES/03.PROFILES/WALTZ_OF_BASHIR_lebanon.yaml
2026-01-21 13:17:57 | INFO     | src.processing.discovery:discover_profiles:102 - Loaded 1 profiles
2026-01-21 13:17:57 | INFO     | src.processing.discovery:get_active_models:150 - Found profile: WALTZ_OF_BASHIR_lebanon
2026-01-21 13:17:57 | INFO     | src.processing.discovery:get_active_models:155 - Total profiles to process: 1
2026-01-21 13:17:57 | INFO     | src.config.validator:validate_all:25 - All configuration validation passed
2026-01-21 13:17:57 | INFO     | __main__:initialize_services:186 - Output directory: USER-FILES/05.OUTPUT/260121_131757_IMAGE
2026-01-21 13:17:57 | INFO     | __main__:execute_processing:221 - Starting matrix processing...
2026-01-21 13:17:57 | DEBUG    | src.processing.validator:validate_operational_requirements:30 - Profile 'WALTZ_OF_BASHIR_lebanon' operational validation passed
2026-01-21 13:17:57 | INFO     | src.processing.processor:process_all:66 - Processing 1 combinations (1 files × 1 profiles)
2026-01-21 13:17:57 | DEBUG    | src.processing.processor:_process_single_combination:132 - Extracted image URL from markdown: https://f003.backblazeb2.com/file/wbt-bucket/generic_israel/frame_2144.jpg
2026-01-21 13:17:57 | INFO     | src.processing.discovery:load_prompts:66 - Extracted prompt from frame_2144.md
2026-01-21 13:17:57 | INFO     | src.processing.processor:_process_single_combination:141 - Processing combination 1/1: frame_2144.md + WALTZ_OF_BASHIR_lebanon
2026-01-21 13:17:57 | DEBUG    | src.processing.processor:_process_single_combination:163 - Built image_input array with 1 URL(s): ['https://f003.backblazeb2.com/file/wbt-bucket/generic_israel/frame_2144.jpg']
2026-01-21 13:17:57 | DEBUG    | src.processing.processor:_apply_prompt_fixes:235 - Added prefix to prompt: Create an exact, photorealistic version of the provided drawing. The drawing is suppose to depict a scene from 1982 civil war in Lebanon war. The drawing shows 
2026-01-21 13:17:57 | DEBUG    | src.processing.processor:_apply_prompt_fixes:239 - Added suffix to prompt: The created image should look like it was shot on 35mm film by Roger Deakins.
2026-01-21 13:17:57 | DEBUG    | src.processing.processor:_process_with_context:215 - Processing frame_2144.md: Create an exact, photorealistic version of the pro...
2026-01-21 13:17:57 | DEBUG    | src.api.client:generate_image:85 - CRITICAL DEBUG - Received params: {
  "num_images": 1,
  "aspect_ratio": "16:9",
  "output_format": "png",
  "resolution": "2K",
  "safety_filter_level": "block_only_high",
  "image_input": [
    "https://f003.backblazeb2.com/file/wbt-bucket/generic_israel/frame_2144.jpg"
  ]
}
2026-01-21 13:17:57 | DEBUG    | src.api.client:generate_image:86 - CRITICAL DEBUG - Constructed payload: {
  "num_images": 1,
  "aspect_ratio": "16:9",
  "output_format": "png",
  "resolution": "2K",
  "safety_filter_level": "block_only_high",
  "image_input": [
    "https://f003.backblazeb2.com/file/wbt-bucket/generic_israel/frame_2144.jpg"
  ],
  "prompt": "Create an exact, photorealistic version of the provided drawing. The drawing is suppose to depict a scene from 1982 civil war in Lebanon war. The drawing shows  A murky scene of an Israeli soldier firing a rifle in a dim urban setting, with dappled sunlight. Shells come out of the rifle and land on the ground as he fires away. Behind him are the war-torn Beirut building. The created image should look like it was shot on 35mm film by Roger Deakins."
}
2026-01-21 13:17:57 | DEBUG    | src.api.client:generate_image:89 - Original prompt: Create an exact, photorealistic version of the provided drawing. The drawing is suppose to depict a scene from 1982 civil war in Lebanon war. The drawing shows  A murky scene of an Israeli soldier firing a rifle in a dim urban setting, with dappled sunlight. Shells come out of the rifle and land on the ground as he fires away. Behind him are the war-torn Beirut building. The created image should look like it was shot on 35mm film by Roger Deakins.
2026-01-21 13:17:57 | DEBUG    | src.api.client:generate_image:90 - Clean prompt being sent: Create an exact, photorealistic version of the provided drawing. The drawing is suppose to depict a scene from 1982 civil war in Lebanon war. The drawing shows  A murky scene of an Israeli soldier firing a rifle in a dim urban setting, with dappled sunlight. Shells come out of the rifle and land on the ground as he fires away. Behind him are the war-torn Beirut building. The created image should look like it was shot on 35mm film by Roger Deakins.
2026-01-21 13:17:57 | DEBUG    | src.api.client:generate_image:91 - Clean prompt repr: 'Create an exact, photorealistic version of the provided drawing. The drawing is suppose to depict a scene from 1982 civil war in Lebanon war. The drawing shows  A murky scene of an Israeli soldier firing a rifle in a dim urban setting, with dappled sunlight. Shells come out of the rifle and land on the ground as he fires away. Behind him are the war-torn Beirut building. The created image should look like it was shot on 35mm film by Roger Deakins.'
2026-01-21 13:17:57 | DEBUG    | src.api.client:_call_with_retry:152 - API call attempt 1/3
2026-01-21 13:17:57 | DEBUG    | src.api.client:_call_with_retry:155 - CRITICAL DEBUG - Payload sent to replicate.run: {
  "num_images": 1,
  "aspect_ratio": "16:9",
  "output_format": "png",
  "resolution": "2K",
  "safety_filter_level": "block_only_high",
  "image_input": [
    "https://f003.backblazeb2.com/file/wbt-bucket/generic_israel/frame_2144.jpg"
  ],
  "prompt": "Create an exact, photorealistic version of the provided drawing. The drawing is suppose to depict a scene from 1982 civil war in Lebanon war. The drawing shows  A murky scene of an Israeli soldier firing a rifle in a dim urban setting, with dappled sunlight. Shells come out of the rifle and land on the ground as he fires away. Behind him are the war-torn Beirut building. The created image should look like it was shot on 35mm film by Roger Deakins."
}
2026-01-21 13:27:31 | DEBUG    | src.api.client:_call_with_retry:170 - API call successful
2026-01-21 13:27:31 | WARNING  | src.api.client:generate_image:117 - API PARAMETER FILTERING DETECTED:
2026-01-21 13:27:31 | WARNING  | src.api.client:generate_image:118 -   Model: google/nano-banana-pro
2026-01-21 13:27:31 | WARNING  | src.api.client:generate_image:119 -   Filtered parameters: ['image_input']
2026-01-21 13:27:31 | WARNING  | src.api.client:generate_image:120 -   This means the model doesn't support these parameters
2026-01-21 13:27:33 | INFO     | src.output.writer:_save_to_disk:203 - Saved valid image: USER-FILES/05.OUTPUT/260121_131757_IMAGE/frame_2144-260121_132731.png
2026-01-21 13:27:33 | DEBUG    | src.output.writer:_save_payload:270 - Saved payload to USER-FILES/05.OUTPUT/260121_131757_IMAGE/frame_2144-260121_132731.md
2026-01-21 13:27:33 | INFO     | src.processing.processor:_generate_and_save_image:276 - Saved image: USER-FILES/05.OUTPUT/260121_131757_IMAGE/frame_2144-260121_132731.png
2026-01-21 13:27:33 | INFO     | src.processing.processor:_process_with_context:226 - Waiting 1.0 seconds before next request
2026-01-21 13:27:34 | INFO     | src.processing.discovery:load_prompts:66 - Extracted prompt from frame_2144.md
2026-01-21 13:27:34 | INFO     | src.output.writer:write_report:306 - Report saved: USER-FILES/05.OUTPUT/260121_131757_IMAGE/SUCCESS.md
2026-01-21 13:27:34 | INFO     | src.output.writer:write_report:306 - Report saved: USER-FILES/05.OUTPUT/260121_131757_IMAGE/COST-REPORT.md
2026-01-21 13:27:34 | INFO     | src.output.writer:write_report:306 - Report saved: USER-FILES/05.OUTPUT/260121_131757_IMAGE/PROFILES-WITH-FIXES.md
2026-01-21 13:27:34 | INFO     | src.output.reporter:_save_success_reports:62 - Reports saved successfully
2026-01-21 13:27:34 | SUCCESS  | __main__:generate_final_reports:264 - ✅ Completed successfully! Generated 1 images
