2026-01-01 00:05:49 | INFO     | src.utils.logging:setup_logging:39 - Logging configured (verbose=False, debug=False)
2026-01-01 00:05:49 | INFO     | __main__:setup_environment:79 - Environment initialized
2026-01-01 00:05:49 | INFO     | __main__:load_and_validate_config:84 - Loading configuration...
2026-01-01 00:05:49 | INFO     | src.config.loader:load_config:42 - Loaded configuration from USER-FILES/01.CONFIG/config.yaml
2026-01-01 00:05:49 | INFO     | __main__:authenticate_for_mode:273 - Authenticating with 1Password...
2026-01-01 00:05:53 | DEBUG    | src.auth.session_manager:ensure_op_auth:39 - 1Password session is active
2026-01-01 00:05:54 | DEBUG    | src.auth.session_manager:ensure_op_auth:39 - 1Password session is active
2026-01-01 00:05:54 | DEBUG    | src.auth.auth:load_auth_config:28 - Using auth config: auth.yaml
2026-01-01 00:05:55 | DEBUG    | src.auth.auth:get_api_key:77 - Retrieved API key: r8_K...
2026-01-01 00:05:55 | INFO     | __main__:discover_inputs_and_profiles:92 - Discovering inputs...
2026-01-01 00:05:55 | DEBUG    | src.processing.discovery:discover_prompt_files:42 - Found markdown file: frame_0584.md
2026-01-01 00:05:55 | DEBUG    | src.processing.discovery:discover_prompt_files:42 - Found markdown file: frame_0651.md
2026-01-01 00:05:55 | DEBUG    | src.processing.discovery:discover_prompt_files:42 - Found markdown file: frame_1567.md
2026-01-01 00:05:55 | DEBUG    | src.processing.discovery:discover_prompt_files:42 - Found markdown file: frame_1485.md
2026-01-01 00:05:55 | DEBUG    | src.processing.discovery:discover_prompt_files:42 - Found markdown file: frame_0382.md
2026-01-01 00:05:55 | DEBUG    | src.processing.discovery:discover_prompt_files:42 - Found markdown file: frame_1410.md
2026-01-01 00:05:55 | DEBUG    | src.processing.discovery:discover_prompt_files:42 - Found markdown file: frame_1606.md
2026-01-01 00:05:55 | DEBUG    | src.processing.discovery:discover_prompt_files:42 - Found markdown file: frame_1560.md
2026-01-01 00:05:55 | DEBUG    | src.processing.discovery:discover_prompt_files:42 - Found markdown file: frame_0757.md
2026-01-01 00:05:55 | DEBUG    | src.processing.discovery:discover_prompt_files:42 - Found markdown file: frame_0288.md
2026-01-01 00:05:55 | INFO     | src.processing.discovery:discover_prompt_files:47 - Discovered 10 markdown files
2026-01-01 00:05:55 | DEBUG    | src.processing.discovery:discover_profiles:98 - Loaded profile: USER-FILES/03.PROFILES/nano-banano-pro-2k_16x9_wbt_ari.yaml
2026-01-01 00:05:55 | INFO     | src.processing.discovery:discover_profiles:102 - Loaded 1 profiles
2026-01-01 00:05:55 | INFO     | src.processing.discovery:get_active_models:148 - Found profile: nano-banano-pro-2k_16x9_wbt_ari
2026-01-01 00:05:55 | INFO     | src.processing.discovery:get_active_models:153 - Total profiles to process: 1
2026-01-01 00:05:55 | INFO     | src.config.validator:validate_all:26 - All configuration validation passed
2026-01-01 00:05:55 | INFO     | __main__:initialize_services:186 - Output directory: USER-FILES/05.OUTPUT/260101_000555_IMAGE
2026-01-01 00:05:55 | INFO     | __main__:execute_processing:221 - Starting matrix processing...
2026-01-01 00:05:55 | DEBUG    | src.processing.validator:validate_operational_requirements:23 - Profile 'nano-banano-pro-2k_16x9_wbt_ari' operational validation passed
2026-01-01 00:05:55 | INFO     | src.processing.processor:process_all:66 - Processing 10 combinations (10 files × 1 profiles)
2026-01-01 00:05:55 | DEBUG    | src.processing.processor:_process_single_combination:132 - Extracted image URL from markdown: https://f003.backblazeb2.com/file/wbt-bucket/ari_foldman/frame_0288.jpg
2026-01-01 00:05:55 | INFO     | src.processing.discovery:load_prompts:66 - Extracted prompt from frame_0288.md
2026-01-01 00:05:55 | INFO     | src.processing.processor:_process_single_combination:141 - Processing combination 1/10: frame_0288.md + nano-banano-pro-2k_16x9_wbt_ari
2026-01-01 00:05:55 | DEBUG    | src.processing.processor:_process_single_combination:163 - Built image_input array with 2 URL(s): ['https://f003.backblazeb2.com/file/wbt-bucket/ari_foldman/frame_0288.jpg', 'https://f003.backblazeb2.com/file/wbt-bucket/references/ari_foldman.png']
2026-01-01 00:05:55 | DEBUG    | src.processing.processor:_apply_prompt_fixes:235 - Added prefix to prompt: Create an exact, photorealistic version of the provided drawing. The the drawing is suppose to depict a man in Israel called Ari Foldman. The drawing depicts 
2026-01-01 00:05:55 | DEBUG    | src.processing.processor:_apply_prompt_fixes:239 - Added suffix to prompt: Provided image ari_foldman.png show what Ari Foldman actually looks like. The created image should look like it was shot on 35mm film by Roger Deakins.
2026-01-01 00:05:55 | DEBUG    | src.processing.processor:_process_with_context:215 - Processing frame_0288.md: Create an exact, photorealistic version of the pro...
2026-01-01 00:05:55 | DEBUG    | src.api.client:generate_image:85 - CRITICAL DEBUG - Received params: {
  "num_images": 1,
  "aspect_ratio": "16:9",
  "output_format": "png",
  "resolution": "2K",
  "safety_filter_level": "block_only_high",
  "image_input": [
    "https://f003.backblazeb2.com/file/wbt-bucket/ari_foldman/frame_0288.jpg",
    "https://f003.backblazeb2.com/file/wbt-bucket/references/ari_foldman.png"
  ]
}
2026-01-01 00:05:55 | DEBUG    | src.api.client:generate_image:86 - CRITICAL DEBUG - Constructed payload: {
  "num_images": 1,
  "aspect_ratio": "16:9",
  "output_format": "png",
  "resolution": "2K",
  "safety_filter_level": "block_only_high",
  "image_input": [
    "https://f003.backblazeb2.com/file/wbt-bucket/ari_foldman/frame_0288.jpg",
    "https://f003.backblazeb2.com/file/wbt-bucket/references/ari_foldman.png"
  ],
  "prompt": "Create an exact, photorealistic version of the provided drawing. The the drawing is suppose to depict a man in Israel called Ari Foldman. The drawing depicts  Ari sits at a bar with drink, looking off camera. Provided image ari_foldman.png show what Ari Foldman actually looks like. The created image should look like it was shot on 35mm film by Roger Deakins."
}
2026-01-01 00:05:55 | DEBUG    | src.api.client:generate_image:89 - Original prompt: Create an exact, photorealistic version of the provided drawing. The the drawing is suppose to depict a man in Israel called Ari Foldman. The drawing depicts  Ari sits at a bar with drink, looking off camera. Provided image ari_foldman.png show what Ari Foldman actually looks like. The created image should look like it was shot on 35mm film by Roger Deakins.
2026-01-01 00:05:55 | DEBUG    | src.api.client:generate_image:90 - Clean prompt being sent: Create an exact, photorealistic version of the provided drawing. The the drawing is suppose to depict a man in Israel called Ari Foldman. The drawing depicts  Ari sits at a bar with drink, looking off camera. Provided image ari_foldman.png show what Ari Foldman actually looks like. The created image should look like it was shot on 35mm film by Roger Deakins.
2026-01-01 00:05:55 | DEBUG    | src.api.client:generate_image:91 - Clean prompt repr: 'Create an exact, photorealistic version of the provided drawing. The the drawing is suppose to depict a man in Israel called Ari Foldman. The drawing depicts  Ari sits at a bar with drink, looking off camera. Provided image ari_foldman.png show what Ari Foldman actually looks like. The created image should look like it was shot on 35mm film by Roger Deakins.'
2026-01-01 00:05:55 | DEBUG    | src.api.client:_call_with_retry:152 - API call attempt 1/3
2026-01-01 00:05:55 | DEBUG    | src.api.client:_call_with_retry:155 - CRITICAL DEBUG - Payload sent to replicate.run: {
  "num_images": 1,
  "aspect_ratio": "16:9",
  "output_format": "png",
  "resolution": "2K",
  "safety_filter_level": "block_only_high",
  "image_input": [
    "https://f003.backblazeb2.com/file/wbt-bucket/ari_foldman/frame_0288.jpg",
    "https://f003.backblazeb2.com/file/wbt-bucket/references/ari_foldman.png"
  ],
  "prompt": "Create an exact, photorealistic version of the provided drawing. The the drawing is suppose to depict a man in Israel called Ari Foldman. The drawing depicts  Ari sits at a bar with drink, looking off camera. Provided image ari_foldman.png show what Ari Foldman actually looks like. The created image should look like it was shot on 35mm film by Roger Deakins."
}
2026-01-01 00:06:34 | DEBUG    | src.api.client:_call_with_retry:170 - API call successful
2026-01-01 00:06:34 | WARNING  | src.api.client:generate_image:117 - API PARAMETER FILTERING DETECTED:
2026-01-01 00:06:34 | WARNING  | src.api.client:generate_image:118 -   Model: google/nano-banana-pro
2026-01-01 00:06:34 | WARNING  | src.api.client:generate_image:119 -   Filtered parameters: ['image_input']
2026-01-01 00:06:34 | WARNING  | src.api.client:generate_image:120 -   This means the model doesn't support these parameters
2026-01-01 00:06:36 | INFO     | src.output.writer:_save_to_disk:203 - Saved valid image: USER-FILES/05.OUTPUT/260101_000555_IMAGE/260101_000634_frame_0288.png
2026-01-01 00:06:36 | DEBUG    | src.output.writer:_save_payload:270 - Saved payload to USER-FILES/05.OUTPUT/260101_000555_IMAGE/260101_000634_frame_0288.md
2026-01-01 00:06:36 | INFO     | src.processing.processor:_generate_and_save_image:276 - Saved image: USER-FILES/05.OUTPUT/260101_000555_IMAGE/260101_000634_frame_0288.png
2026-01-01 00:06:36 | INFO     | src.processing.processor:_process_with_context:226 - Waiting 1.0 seconds before next request
2026-01-01 00:06:37 | DEBUG    | src.processing.processor:_process_single_combination:132 - Extracted image URL from markdown: https://f003.backblazeb2.com/file/wbt-bucket/ari_foldman/frame_0382.jpg
2026-01-01 00:06:37 | INFO     | src.processing.discovery:load_prompts:66 - Extracted prompt from frame_0382.md
2026-01-01 00:06:37 | INFO     | src.processing.processor:_process_single_combination:141 - Processing combination 2/10: frame_0382.md + nano-banano-pro-2k_16x9_wbt_ari
2026-01-01 00:06:37 | DEBUG    | src.processing.processor:_process_single_combination:163 - Built image_input array with 2 URL(s): ['https://f003.backblazeb2.com/file/wbt-bucket/ari_foldman/frame_0382.jpg', 'https://f003.backblazeb2.com/file/wbt-bucket/references/ari_foldman.png']
2026-01-01 00:06:37 | DEBUG    | src.processing.processor:_apply_prompt_fixes:235 - Added prefix to prompt: Create an exact, photorealistic version of the provided drawing. The the drawing is suppose to depict a man in Israel called Ari Foldman. The drawing depicts 
2026-01-01 00:06:37 | DEBUG    | src.processing.processor:_apply_prompt_fixes:239 - Added suffix to prompt: Provided image ari_foldman.png show what Ari Foldman actually looks like. The created image should look like it was shot on 35mm film by Roger Deakins.
2026-01-01 00:06:37 | DEBUG    | src.processing.processor:_process_with_context:215 - Processing frame_0382.md: Create an exact, photorealistic version of the pro...
2026-01-01 00:06:37 | DEBUG    | src.api.client:generate_image:85 - CRITICAL DEBUG - Received params: {
  "num_images": 1,
  "aspect_ratio": "16:9",
  "output_format": "png",
  "resolution": "2K",
  "safety_filter_level": "block_only_high",
  "image_input": [
    "https://f003.backblazeb2.com/file/wbt-bucket/ari_foldman/frame_0382.jpg",
    "https://f003.backblazeb2.com/file/wbt-bucket/references/ari_foldman.png"
  ]
}
2026-01-01 00:06:37 | DEBUG    | src.api.client:generate_image:86 - CRITICAL DEBUG - Constructed payload: {
  "num_images": 1,
  "aspect_ratio": "16:9",
  "output_format": "png",
  "resolution": "2K",
  "safety_filter_level": "block_only_high",
  "image_input": [
    "https://f003.backblazeb2.com/file/wbt-bucket/ari_foldman/frame_0382.jpg",
    "https://f003.backblazeb2.com/file/wbt-bucket/references/ari_foldman.png"
  ],
  "prompt": "Create an exact, photorealistic version of the provided drawing. The the drawing is suppose to depict a man in Israel called Ari Foldman. The drawing depicts  The POV of Ari Foldman through the peephole of door. Provided image ari_foldman.png show what Ari Foldman actually looks like. The created image should look like it was shot on 35mm film by Roger Deakins."
}
2026-01-01 00:06:37 | DEBUG    | src.api.client:generate_image:89 - Original prompt: Create an exact, photorealistic version of the provided drawing. The the drawing is suppose to depict a man in Israel called Ari Foldman. The drawing depicts  The POV of Ari Foldman through the peephole of door. Provided image ari_foldman.png show what Ari Foldman actually looks like. The created image should look like it was shot on 35mm film by Roger Deakins.
2026-01-01 00:06:37 | DEBUG    | src.api.client:generate_image:90 - Clean prompt being sent: Create an exact, photorealistic version of the provided drawing. The the drawing is suppose to depict a man in Israel called Ari Foldman. The drawing depicts  The POV of Ari Foldman through the peephole of door. Provided image ari_foldman.png show what Ari Foldman actually looks like. The created image should look like it was shot on 35mm film by Roger Deakins.
2026-01-01 00:06:37 | DEBUG    | src.api.client:generate_image:91 - Clean prompt repr: 'Create an exact, photorealistic version of the provided drawing. The the drawing is suppose to depict a man in Israel called Ari Foldman. The drawing depicts  The POV of Ari Foldman through the peephole of door. Provided image ari_foldman.png show what Ari Foldman actually looks like. The created image should look like it was shot on 35mm film by Roger Deakins.'
2026-01-01 00:06:37 | DEBUG    | src.api.client:_call_with_retry:152 - API call attempt 1/3
2026-01-01 00:06:37 | DEBUG    | src.api.client:_call_with_retry:155 - CRITICAL DEBUG - Payload sent to replicate.run: {
  "num_images": 1,
  "aspect_ratio": "16:9",
  "output_format": "png",
  "resolution": "2K",
  "safety_filter_level": "block_only_high",
  "image_input": [
    "https://f003.backblazeb2.com/file/wbt-bucket/ari_foldman/frame_0382.jpg",
    "https://f003.backblazeb2.com/file/wbt-bucket/references/ari_foldman.png"
  ],
  "prompt": "Create an exact, photorealistic version of the provided drawing. The the drawing is suppose to depict a man in Israel called Ari Foldman. The drawing depicts  The POV of Ari Foldman through the peephole of door. Provided image ari_foldman.png show what Ari Foldman actually looks like. The created image should look like it was shot on 35mm film by Roger Deakins."
}
2026-01-01 00:07:13 | DEBUG    | src.api.client:_call_with_retry:170 - API call successful
2026-01-01 00:07:14 | WARNING  | src.api.client:generate_image:117 - API PARAMETER FILTERING DETECTED:
2026-01-01 00:07:14 | WARNING  | src.api.client:generate_image:118 -   Model: google/nano-banana-pro
2026-01-01 00:07:14 | WARNING  | src.api.client:generate_image:119 -   Filtered parameters: ['image_input']
2026-01-01 00:07:14 | WARNING  | src.api.client:generate_image:120 -   This means the model doesn't support these parameters
2026-01-01 00:07:15 | INFO     | src.output.writer:_save_to_disk:203 - Saved valid image: USER-FILES/05.OUTPUT/260101_000555_IMAGE/260101_000714_frame_0382.png
2026-01-01 00:07:15 | DEBUG    | src.output.writer:_save_payload:270 - Saved payload to USER-FILES/05.OUTPUT/260101_000555_IMAGE/260101_000714_frame_0382.md
2026-01-01 00:07:15 | INFO     | src.processing.processor:_generate_and_save_image:276 - Saved image: USER-FILES/05.OUTPUT/260101_000555_IMAGE/260101_000714_frame_0382.png
2026-01-01 00:07:15 | INFO     | src.processing.processor:_process_with_context:226 - Waiting 1.0 seconds before next request
2026-01-01 00:07:16 | DEBUG    | src.processing.processor:_process_single_combination:132 - Extracted image URL from markdown: https://f003.backblazeb2.com/file/wbt-bucket/ari_foldman/frame_0584.jpg
2026-01-01 00:07:16 | INFO     | src.processing.discovery:load_prompts:66 - Extracted prompt from frame_0584.md
2026-01-01 00:07:16 | INFO     | src.processing.processor:_process_single_combination:141 - Processing combination 3/10: frame_0584.md + nano-banano-pro-2k_16x9_wbt_ari
2026-01-01 00:07:16 | DEBUG    | src.processing.processor:_process_single_combination:163 - Built image_input array with 2 URL(s): ['https://f003.backblazeb2.com/file/wbt-bucket/ari_foldman/frame_0584.jpg', 'https://f003.backblazeb2.com/file/wbt-bucket/references/ari_foldman.png']
2026-01-01 00:07:16 | DEBUG    | src.processing.processor:_apply_prompt_fixes:235 - Added prefix to prompt: Create an exact, photorealistic version of the provided drawing. The the drawing is suppose to depict a man in Israel called Ari Foldman. The drawing depicts 
2026-01-01 00:07:16 | DEBUG    | src.processing.processor:_apply_prompt_fixes:239 - Added suffix to prompt: Provided image ari_foldman.png show what Ari Foldman actually looks like. The created image should look like it was shot on 35mm film by Roger Deakins.
2026-01-01 00:07:16 | DEBUG    | src.processing.processor:_process_with_context:215 - Processing frame_0584.md: Create an exact, photorealistic version of the pro...
2026-01-01 00:07:16 | DEBUG    | src.api.client:generate_image:85 - CRITICAL DEBUG - Received params: {
  "num_images": 1,
  "aspect_ratio": "16:9",
  "output_format": "png",
  "resolution": "2K",
  "safety_filter_level": "block_only_high",
  "image_input": [
    "https://f003.backblazeb2.com/file/wbt-bucket/ari_foldman/frame_0584.jpg",
    "https://f003.backblazeb2.com/file/wbt-bucket/references/ari_foldman.png"
  ]
}
2026-01-01 00:07:16 | DEBUG    | src.api.client:generate_image:86 - CRITICAL DEBUG - Constructed payload: {
  "num_images": 1,
  "aspect_ratio": "16:9",
  "output_format": "png",
  "resolution": "2K",
  "safety_filter_level": "block_only_high",
  "image_input": [
    "https://f003.backblazeb2.com/file/wbt-bucket/ari_foldman/frame_0584.jpg",
    "https://f003.backblazeb2.com/file/wbt-bucket/references/ari_foldman.png"
  ],
  "prompt": "Create an exact, photorealistic version of the provided drawing. The the drawing is suppose to depict a man in Israel called Ari Foldman. The drawing depicts  Man stands by the waterfront with his coat blowing in the wind. Provided image ari_foldman.png show what Ari Foldman actually looks like. The created image should look like it was shot on 35mm film by Roger Deakins."
}
2026-01-01 00:07:16 | DEBUG    | src.api.client:generate_image:89 - Original prompt: Create an exact, photorealistic version of the provided drawing. The the drawing is suppose to depict a man in Israel called Ari Foldman. The drawing depicts  Man stands by the waterfront with his coat blowing in the wind. Provided image ari_foldman.png show what Ari Foldman actually looks like. The created image should look like it was shot on 35mm film by Roger Deakins.
2026-01-01 00:07:16 | DEBUG    | src.api.client:generate_image:90 - Clean prompt being sent: Create an exact, photorealistic version of the provided drawing. The the drawing is suppose to depict a man in Israel called Ari Foldman. The drawing depicts  Man stands by the waterfront with his coat blowing in the wind. Provided image ari_foldman.png show what Ari Foldman actually looks like. The created image should look like it was shot on 35mm film by Roger Deakins.
2026-01-01 00:07:16 | DEBUG    | src.api.client:generate_image:91 - Clean prompt repr: 'Create an exact, photorealistic version of the provided drawing. The the drawing is suppose to depict a man in Israel called Ari Foldman. The drawing depicts  Man stands by the waterfront with his coat blowing in the wind. Provided image ari_foldman.png show what Ari Foldman actually looks like. The created image should look like it was shot on 35mm film by Roger Deakins.'
2026-01-01 00:07:16 | DEBUG    | src.api.client:_call_with_retry:152 - API call attempt 1/3
2026-01-01 00:07:16 | DEBUG    | src.api.client:_call_with_retry:155 - CRITICAL DEBUG - Payload sent to replicate.run: {
  "num_images": 1,
  "aspect_ratio": "16:9",
  "output_format": "png",
  "resolution": "2K",
  "safety_filter_level": "block_only_high",
  "image_input": [
    "https://f003.backblazeb2.com/file/wbt-bucket/ari_foldman/frame_0584.jpg",
    "https://f003.backblazeb2.com/file/wbt-bucket/references/ari_foldman.png"
  ],
  "prompt": "Create an exact, photorealistic version of the provided drawing. The the drawing is suppose to depict a man in Israel called Ari Foldman. The drawing depicts  Man stands by the waterfront with his coat blowing in the wind. Provided image ari_foldman.png show what Ari Foldman actually looks like. The created image should look like it was shot on 35mm film by Roger Deakins."
}
2026-01-01 00:07:29 | WARNING  | src.api.client:_call_with_retry:179 - Rate limited, waiting 60s...
2026-01-01 00:08:29 | DEBUG    | src.api.client:_call_with_retry:152 - API call attempt 2/3
2026-01-01 00:08:29 | DEBUG    | src.api.client:_call_with_retry:155 - CRITICAL DEBUG - Payload sent to replicate.run: {
  "num_images": 1,
  "aspect_ratio": "16:9",
  "output_format": "png",
  "resolution": "2K",
  "safety_filter_level": "block_only_high",
  "image_input": [
    "https://f003.backblazeb2.com/file/wbt-bucket/ari_foldman/frame_0584.jpg",
    "https://f003.backblazeb2.com/file/wbt-bucket/references/ari_foldman.png"
  ],
  "prompt": "Create an exact, photorealistic version of the provided drawing. The the drawing is suppose to depict a man in Israel called Ari Foldman. The drawing depicts  Man stands by the waterfront with his coat blowing in the wind. Provided image ari_foldman.png show what Ari Foldman actually looks like. The created image should look like it was shot on 35mm film by Roger Deakins."
}
2026-01-01 00:09:03 | DEBUG    | src.api.client:_call_with_retry:170 - API call successful
2026-01-01 00:09:03 | WARNING  | src.api.client:generate_image:117 - API PARAMETER FILTERING DETECTED:
2026-01-01 00:09:03 | WARNING  | src.api.client:generate_image:118 -   Model: google/nano-banana-pro
2026-01-01 00:09:03 | WARNING  | src.api.client:generate_image:119 -   Filtered parameters: ['image_input']
2026-01-01 00:09:03 | WARNING  | src.api.client:generate_image:120 -   This means the model doesn't support these parameters
2026-01-01 00:09:05 | INFO     | src.output.writer:_save_to_disk:203 - Saved valid image: USER-FILES/05.OUTPUT/260101_000555_IMAGE/260101_000903_frame_0584.png
2026-01-01 00:09:05 | DEBUG    | src.output.writer:_save_payload:270 - Saved payload to USER-FILES/05.OUTPUT/260101_000555_IMAGE/260101_000903_frame_0584.md
2026-01-01 00:09:05 | INFO     | src.processing.processor:_generate_and_save_image:276 - Saved image: USER-FILES/05.OUTPUT/260101_000555_IMAGE/260101_000903_frame_0584.png
2026-01-01 00:09:05 | INFO     | src.processing.processor:_process_with_context:226 - Waiting 1.0 seconds before next request
2026-01-01 00:09:06 | DEBUG    | src.processing.processor:_process_single_combination:132 - Extracted image URL from markdown: https://f003.backblazeb2.com/file/wbt-bucket/ari_foldman/frame_0651.jpg
2026-01-01 00:09:06 | INFO     | src.processing.discovery:load_prompts:66 - Extracted prompt from frame_0651.md
2026-01-01 00:09:06 | INFO     | src.processing.processor:_process_single_combination:141 - Processing combination 4/10: frame_0651.md + nano-banano-pro-2k_16x9_wbt_ari
2026-01-01 00:09:06 | DEBUG    | src.processing.processor:_process_single_combination:163 - Built image_input array with 2 URL(s): ['https://f003.backblazeb2.com/file/wbt-bucket/ari_foldman/frame_0651.jpg', 'https://f003.backblazeb2.com/file/wbt-bucket/references/ari_foldman.png']
2026-01-01 00:09:06 | DEBUG    | src.processing.processor:_apply_prompt_fixes:235 - Added prefix to prompt: Create an exact, photorealistic version of the provided drawing. The the drawing is suppose to depict a man in Israel called Ari Foldman. The drawing depicts 
2026-01-01 00:09:06 | DEBUG    | src.processing.processor:_apply_prompt_fixes:239 - Added suffix to prompt: Provided image ari_foldman.png show what Ari Foldman actually looks like. The created image should look like it was shot on 35mm film by Roger Deakins.
2026-01-01 00:09:06 | DEBUG    | src.processing.processor:_process_with_context:215 - Processing frame_0651.md: Create an exact, photorealistic version of the pro...
2026-01-01 00:09:06 | DEBUG    | src.api.client:generate_image:85 - CRITICAL DEBUG - Received params: {
  "num_images": 1,
  "aspect_ratio": "16:9",
  "output_format": "png",
  "resolution": "2K",
  "safety_filter_level": "block_only_high",
  "image_input": [
    "https://f003.backblazeb2.com/file/wbt-bucket/ari_foldman/frame_0651.jpg",
    "https://f003.backblazeb2.com/file/wbt-bucket/references/ari_foldman.png"
  ]
}
2026-01-01 00:09:06 | DEBUG    | src.api.client:generate_image:86 - CRITICAL DEBUG - Constructed payload: {
  "num_images": 1,
  "aspect_ratio": "16:9",
  "output_format": "png",
  "resolution": "2K",
  "safety_filter_level": "block_only_high",
  "image_input": [
    "https://f003.backblazeb2.com/file/wbt-bucket/ari_foldman/frame_0651.jpg",
    "https://f003.backblazeb2.com/file/wbt-bucket/references/ari_foldman.png"
  ],
  "prompt": "Create an exact, photorealistic version of the provided drawing. The the drawing is suppose to depict a man in Israel called Ari Foldman. The drawing depicts  Bearded man drives a car at night.  Hard light and deep shadows. Provided image ari_foldman.png show what Ari Foldman actually looks like. The created image should look like it was shot on 35mm film by Roger Deakins."
}
2026-01-01 00:09:06 | DEBUG    | src.api.client:generate_image:89 - Original prompt: Create an exact, photorealistic version of the provided drawing. The the drawing is suppose to depict a man in Israel called Ari Foldman. The drawing depicts  Bearded man drives a car at night.  Hard light and deep shadows. Provided image ari_foldman.png show what Ari Foldman actually looks like. The created image should look like it was shot on 35mm film by Roger Deakins.
2026-01-01 00:09:06 | DEBUG    | src.api.client:generate_image:90 - Clean prompt being sent: Create an exact, photorealistic version of the provided drawing. The the drawing is suppose to depict a man in Israel called Ari Foldman. The drawing depicts  Bearded man drives a car at night.  Hard light and deep shadows. Provided image ari_foldman.png show what Ari Foldman actually looks like. The created image should look like it was shot on 35mm film by Roger Deakins.
2026-01-01 00:09:06 | DEBUG    | src.api.client:generate_image:91 - Clean prompt repr: 'Create an exact, photorealistic version of the provided drawing. The the drawing is suppose to depict a man in Israel called Ari Foldman. The drawing depicts  Bearded man drives a car at night.  Hard light and deep shadows. Provided image ari_foldman.png show what Ari Foldman actually looks like. The created image should look like it was shot on 35mm film by Roger Deakins.'
2026-01-01 00:09:06 | DEBUG    | src.api.client:_call_with_retry:152 - API call attempt 1/3
2026-01-01 00:09:06 | DEBUG    | src.api.client:_call_with_retry:155 - CRITICAL DEBUG - Payload sent to replicate.run: {
  "num_images": 1,
  "aspect_ratio": "16:9",
  "output_format": "png",
  "resolution": "2K",
  "safety_filter_level": "block_only_high",
  "image_input": [
    "https://f003.backblazeb2.com/file/wbt-bucket/ari_foldman/frame_0651.jpg",
    "https://f003.backblazeb2.com/file/wbt-bucket/references/ari_foldman.png"
  ],
  "prompt": "Create an exact, photorealistic version of the provided drawing. The the drawing is suppose to depict a man in Israel called Ari Foldman. The drawing depicts  Bearded man drives a car at night.  Hard light and deep shadows. Provided image ari_foldman.png show what Ari Foldman actually looks like. The created image should look like it was shot on 35mm film by Roger Deakins."
}
2026-01-01 00:09:42 | DEBUG    | src.api.client:_call_with_retry:170 - API call successful
2026-01-01 00:09:42 | WARNING  | src.api.client:generate_image:117 - API PARAMETER FILTERING DETECTED:
2026-01-01 00:09:42 | WARNING  | src.api.client:generate_image:118 -   Model: google/nano-banana-pro
2026-01-01 00:09:42 | WARNING  | src.api.client:generate_image:119 -   Filtered parameters: ['image_input']
2026-01-01 00:09:42 | WARNING  | src.api.client:generate_image:120 -   This means the model doesn't support these parameters
2026-01-01 00:09:44 | INFO     | src.output.writer:_save_to_disk:203 - Saved valid image: USER-FILES/05.OUTPUT/260101_000555_IMAGE/260101_000942_frame_0651.png
2026-01-01 00:09:44 | DEBUG    | src.output.writer:_save_payload:270 - Saved payload to USER-FILES/05.OUTPUT/260101_000555_IMAGE/260101_000942_frame_0651.md
2026-01-01 00:09:44 | INFO     | src.processing.processor:_generate_and_save_image:276 - Saved image: USER-FILES/05.OUTPUT/260101_000555_IMAGE/260101_000942_frame_0651.png
2026-01-01 00:09:44 | INFO     | src.processing.processor:_process_with_context:226 - Waiting 1.0 seconds before next request
2026-01-01 00:09:45 | DEBUG    | src.processing.processor:_process_single_combination:132 - Extracted image URL from markdown: https://f003.backblazeb2.com/file/wbt-bucket/ari_foldman/frame_0757.jpg
2026-01-01 00:09:45 | INFO     | src.processing.discovery:load_prompts:66 - Extracted prompt from frame_0757.md
2026-01-01 00:09:45 | INFO     | src.processing.processor:_process_single_combination:141 - Processing combination 5/10: frame_0757.md + nano-banano-pro-2k_16x9_wbt_ari
2026-01-01 00:09:45 | DEBUG    | src.processing.processor:_process_single_combination:163 - Built image_input array with 2 URL(s): ['https://f003.backblazeb2.com/file/wbt-bucket/ari_foldman/frame_0757.jpg', 'https://f003.backblazeb2.com/file/wbt-bucket/references/ari_foldman.png']
2026-01-01 00:09:45 | DEBUG    | src.processing.processor:_apply_prompt_fixes:235 - Added prefix to prompt: Create an exact, photorealistic version of the provided drawing. The the drawing is suppose to depict a man in Israel called Ari Foldman. The drawing depicts 
2026-01-01 00:09:45 | DEBUG    | src.processing.processor:_apply_prompt_fixes:239 - Added suffix to prompt: Provided image ari_foldman.png show what Ari Foldman actually looks like. The created image should look like it was shot on 35mm film by Roger Deakins.
2026-01-01 00:09:45 | DEBUG    | src.processing.processor:_process_with_context:215 - Processing frame_0757.md: Create an exact, photorealistic version of the pro...
2026-01-01 00:09:45 | DEBUG    | src.api.client:generate_image:85 - CRITICAL DEBUG - Received params: {
  "num_images": 1,
  "aspect_ratio": "16:9",
  "output_format": "png",
  "resolution": "2K",
  "safety_filter_level": "block_only_high",
  "image_input": [
    "https://f003.backblazeb2.com/file/wbt-bucket/ari_foldman/frame_0757.jpg",
    "https://f003.backblazeb2.com/file/wbt-bucket/references/ari_foldman.png"
  ]
}
2026-01-01 00:09:45 | DEBUG    | src.api.client:generate_image:86 - CRITICAL DEBUG - Constructed payload: {
  "num_images": 1,
  "aspect_ratio": "16:9",
  "output_format": "png",
  "resolution": "2K",
  "safety_filter_level": "block_only_high",
  "image_input": [
    "https://f003.backblazeb2.com/file/wbt-bucket/ari_foldman/frame_0757.jpg",
    "https://f003.backblazeb2.com/file/wbt-bucket/references/ari_foldman.png"
  ],
  "prompt": "Create an exact, photorealistic version of the provided drawing. The the drawing is suppose to depict a man in Israel called Ari Foldman. The drawing depicts  Bearded man is thinking on a couch. Provided image ari_foldman.png show what Ari Foldman actually looks like. The created image should look like it was shot on 35mm film by Roger Deakins."
}
2026-01-01 00:09:45 | DEBUG    | src.api.client:generate_image:89 - Original prompt: Create an exact, photorealistic version of the provided drawing. The the drawing is suppose to depict a man in Israel called Ari Foldman. The drawing depicts  Bearded man is thinking on a couch. Provided image ari_foldman.png show what Ari Foldman actually looks like. The created image should look like it was shot on 35mm film by Roger Deakins.
2026-01-01 00:09:45 | DEBUG    | src.api.client:generate_image:90 - Clean prompt being sent: Create an exact, photorealistic version of the provided drawing. The the drawing is suppose to depict a man in Israel called Ari Foldman. The drawing depicts  Bearded man is thinking on a couch. Provided image ari_foldman.png show what Ari Foldman actually looks like. The created image should look like it was shot on 35mm film by Roger Deakins.
2026-01-01 00:09:45 | DEBUG    | src.api.client:generate_image:91 - Clean prompt repr: 'Create an exact, photorealistic version of the provided drawing. The the drawing is suppose to depict a man in Israel called Ari Foldman. The drawing depicts  Bearded man is thinking on a couch. Provided image ari_foldman.png show what Ari Foldman actually looks like. The created image should look like it was shot on 35mm film by Roger Deakins.'
2026-01-01 00:09:45 | DEBUG    | src.api.client:_call_with_retry:152 - API call attempt 1/3
2026-01-01 00:09:45 | DEBUG    | src.api.client:_call_with_retry:155 - CRITICAL DEBUG - Payload sent to replicate.run: {
  "num_images": 1,
  "aspect_ratio": "16:9",
  "output_format": "png",
  "resolution": "2K",
  "safety_filter_level": "block_only_high",
  "image_input": [
    "https://f003.backblazeb2.com/file/wbt-bucket/ari_foldman/frame_0757.jpg",
    "https://f003.backblazeb2.com/file/wbt-bucket/references/ari_foldman.png"
  ],
  "prompt": "Create an exact, photorealistic version of the provided drawing. The the drawing is suppose to depict a man in Israel called Ari Foldman. The drawing depicts  Bearded man is thinking on a couch. Provided image ari_foldman.png show what Ari Foldman actually looks like. The created image should look like it was shot on 35mm film by Roger Deakins."
}
2026-01-01 00:10:18 | DEBUG    | src.api.client:_call_with_retry:170 - API call successful
2026-01-01 00:10:18 | WARNING  | src.api.client:generate_image:117 - API PARAMETER FILTERING DETECTED:
2026-01-01 00:10:18 | WARNING  | src.api.client:generate_image:118 -   Model: google/nano-banana-pro
2026-01-01 00:10:18 | WARNING  | src.api.client:generate_image:119 -   Filtered parameters: ['image_input']
2026-01-01 00:10:18 | WARNING  | src.api.client:generate_image:120 -   This means the model doesn't support these parameters
2026-01-01 00:10:20 | INFO     | src.output.writer:_save_to_disk:203 - Saved valid image: USER-FILES/05.OUTPUT/260101_000555_IMAGE/260101_001018_frame_0757.png
2026-01-01 00:10:20 | DEBUG    | src.output.writer:_save_payload:270 - Saved payload to USER-FILES/05.OUTPUT/260101_000555_IMAGE/260101_001018_frame_0757.md
2026-01-01 00:10:20 | INFO     | src.processing.processor:_generate_and_save_image:276 - Saved image: USER-FILES/05.OUTPUT/260101_000555_IMAGE/260101_001018_frame_0757.png
2026-01-01 00:10:20 | INFO     | src.processing.processor:_process_with_context:226 - Waiting 1.0 seconds before next request
2026-01-01 00:10:21 | DEBUG    | src.processing.processor:_process_single_combination:132 - Extracted image URL from markdown: https://f003.backblazeb2.com/file/wbt-bucket/ari_foldman/frame_1410.jpg
2026-01-01 00:10:21 | INFO     | src.processing.discovery:load_prompts:66 - Extracted prompt from frame_1410.md
2026-01-01 00:10:21 | INFO     | src.processing.processor:_process_single_combination:141 - Processing combination 6/10: frame_1410.md + nano-banano-pro-2k_16x9_wbt_ari
2026-01-01 00:10:21 | DEBUG    | src.processing.processor:_process_single_combination:163 - Built image_input array with 2 URL(s): ['https://f003.backblazeb2.com/file/wbt-bucket/ari_foldman/frame_1410.jpg', 'https://f003.backblazeb2.com/file/wbt-bucket/references/ari_foldman.png']
2026-01-01 00:10:21 | DEBUG    | src.processing.processor:_apply_prompt_fixes:235 - Added prefix to prompt: Create an exact, photorealistic version of the provided drawing. The the drawing is suppose to depict a man in Israel called Ari Foldman. The drawing depicts 
2026-01-01 00:10:21 | DEBUG    | src.processing.processor:_apply_prompt_fixes:239 - Added suffix to prompt: Provided image ari_foldman.png show what Ari Foldman actually looks like. The created image should look like it was shot on 35mm film by Roger Deakins.
2026-01-01 00:10:21 | DEBUG    | src.processing.processor:_process_with_context:215 - Processing frame_1410.md: Create an exact, photorealistic version of the pro...
2026-01-01 00:10:21 | DEBUG    | src.api.client:generate_image:85 - CRITICAL DEBUG - Received params: {
  "num_images": 1,
  "aspect_ratio": "16:9",
  "output_format": "png",
  "resolution": "2K",
  "safety_filter_level": "block_only_high",
  "image_input": [
    "https://f003.backblazeb2.com/file/wbt-bucket/ari_foldman/frame_1410.jpg",
    "https://f003.backblazeb2.com/file/wbt-bucket/references/ari_foldman.png"
  ]
}
2026-01-01 00:10:21 | DEBUG    | src.api.client:generate_image:86 - CRITICAL DEBUG - Constructed payload: {
  "num_images": 1,
  "aspect_ratio": "16:9",
  "output_format": "png",
  "resolution": "2K",
  "safety_filter_level": "block_only_high",
  "image_input": [
    "https://f003.backblazeb2.com/file/wbt-bucket/ari_foldman/frame_1410.jpg",
    "https://f003.backblazeb2.com/file/wbt-bucket/references/ari_foldman.png"
  ],
  "prompt": "Create an exact, photorealistic version of the provided drawing. The the drawing is suppose to depict a man in Israel called Ari Foldman. The drawing depicts  Bearded man stares ahead beside a window with a Ferris wheel and baloon in the background. Provided image ari_foldman.png show what Ari Foldman actually looks like. The created image should look like it was shot on 35mm film by Roger Deakins."
}
2026-01-01 00:10:21 | DEBUG    | src.api.client:generate_image:89 - Original prompt: Create an exact, photorealistic version of the provided drawing. The the drawing is suppose to depict a man in Israel called Ari Foldman. The drawing depicts  Bearded man stares ahead beside a window with a Ferris wheel and baloon in the background. Provided image ari_foldman.png show what Ari Foldman actually looks like. The created image should look like it was shot on 35mm film by Roger Deakins.
2026-01-01 00:10:21 | DEBUG    | src.api.client:generate_image:90 - Clean prompt being sent: Create an exact, photorealistic version of the provided drawing. The the drawing is suppose to depict a man in Israel called Ari Foldman. The drawing depicts  Bearded man stares ahead beside a window with a Ferris wheel and baloon in the background. Provided image ari_foldman.png show what Ari Foldman actually looks like. The created image should look like it was shot on 35mm film by Roger Deakins.
2026-01-01 00:10:21 | DEBUG    | src.api.client:generate_image:91 - Clean prompt repr: 'Create an exact, photorealistic version of the provided drawing. The the drawing is suppose to depict a man in Israel called Ari Foldman. The drawing depicts  Bearded man stares ahead beside a window with a Ferris wheel and baloon in the background. Provided image ari_foldman.png show what Ari Foldman actually looks like. The created image should look like it was shot on 35mm film by Roger Deakins.'
2026-01-01 00:10:21 | DEBUG    | src.api.client:_call_with_retry:152 - API call attempt 1/3
2026-01-01 00:10:21 | DEBUG    | src.api.client:_call_with_retry:155 - CRITICAL DEBUG - Payload sent to replicate.run: {
  "num_images": 1,
  "aspect_ratio": "16:9",
  "output_format": "png",
  "resolution": "2K",
  "safety_filter_level": "block_only_high",
  "image_input": [
    "https://f003.backblazeb2.com/file/wbt-bucket/ari_foldman/frame_1410.jpg",
    "https://f003.backblazeb2.com/file/wbt-bucket/references/ari_foldman.png"
  ],
  "prompt": "Create an exact, photorealistic version of the provided drawing. The the drawing is suppose to depict a man in Israel called Ari Foldman. The drawing depicts  Bearded man stares ahead beside a window with a Ferris wheel and baloon in the background. Provided image ari_foldman.png show what Ari Foldman actually looks like. The created image should look like it was shot on 35mm film by Roger Deakins."
}
2026-01-01 00:10:57 | DEBUG    | src.api.client:_call_with_retry:170 - API call successful
2026-01-01 00:10:57 | WARNING  | src.api.client:generate_image:117 - API PARAMETER FILTERING DETECTED:
2026-01-01 00:10:57 | WARNING  | src.api.client:generate_image:118 -   Model: google/nano-banana-pro
2026-01-01 00:10:57 | WARNING  | src.api.client:generate_image:119 -   Filtered parameters: ['image_input']
2026-01-01 00:10:57 | WARNING  | src.api.client:generate_image:120 -   This means the model doesn't support these parameters
2026-01-01 00:10:59 | INFO     | src.output.writer:_save_to_disk:203 - Saved valid image: USER-FILES/05.OUTPUT/260101_000555_IMAGE/260101_001057_frame_1410.png
2026-01-01 00:10:59 | DEBUG    | src.output.writer:_save_payload:270 - Saved payload to USER-FILES/05.OUTPUT/260101_000555_IMAGE/260101_001057_frame_1410.md
2026-01-01 00:10:59 | INFO     | src.processing.processor:_generate_and_save_image:276 - Saved image: USER-FILES/05.OUTPUT/260101_000555_IMAGE/260101_001057_frame_1410.png
2026-01-01 00:10:59 | INFO     | src.processing.processor:_process_with_context:226 - Waiting 1.0 seconds before next request
2026-01-01 00:11:00 | DEBUG    | src.processing.processor:_process_single_combination:132 - Extracted image URL from markdown: https://f003.backblazeb2.com/file/wbt-bucket/ari_foldman/frame_1485.jpg
2026-01-01 00:11:00 | INFO     | src.processing.discovery:load_prompts:66 - Extracted prompt from frame_1485.md
2026-01-01 00:11:00 | INFO     | src.processing.processor:_process_single_combination:141 - Processing combination 7/10: frame_1485.md + nano-banano-pro-2k_16x9_wbt_ari
2026-01-01 00:11:00 | DEBUG    | src.processing.processor:_process_single_combination:163 - Built image_input array with 2 URL(s): ['https://f003.backblazeb2.com/file/wbt-bucket/ari_foldman/frame_1485.jpg', 'https://f003.backblazeb2.com/file/wbt-bucket/references/ari_foldman.png']
2026-01-01 00:11:00 | DEBUG    | src.processing.processor:_apply_prompt_fixes:235 - Added prefix to prompt: Create an exact, photorealistic version of the provided drawing. The the drawing is suppose to depict a man in Israel called Ari Foldman. The drawing depicts 
2026-01-01 00:11:00 | DEBUG    | src.processing.processor:_apply_prompt_fixes:239 - Added suffix to prompt: Provided image ari_foldman.png show what Ari Foldman actually looks like. The created image should look like it was shot on 35mm film by Roger Deakins.
2026-01-01 00:11:00 | DEBUG    | src.processing.processor:_process_with_context:215 - Processing frame_1485.md: Create an exact, photorealistic version of the pro...
2026-01-01 00:11:00 | DEBUG    | src.api.client:generate_image:85 - CRITICAL DEBUG - Received params: {
  "num_images": 1,
  "aspect_ratio": "16:9",
  "output_format": "png",
  "resolution": "2K",
  "safety_filter_level": "block_only_high",
  "image_input": [
    "https://f003.backblazeb2.com/file/wbt-bucket/ari_foldman/frame_1485.jpg",
    "https://f003.backblazeb2.com/file/wbt-bucket/references/ari_foldman.png"
  ]
}
2026-01-01 00:11:00 | DEBUG    | src.api.client:generate_image:86 - CRITICAL DEBUG - Constructed payload: {
  "num_images": 1,
  "aspect_ratio": "16:9",
  "output_format": "png",
  "resolution": "2K",
  "safety_filter_level": "block_only_high",
  "image_input": [
    "https://f003.backblazeb2.com/file/wbt-bucket/ari_foldman/frame_1485.jpg",
    "https://f003.backblazeb2.com/file/wbt-bucket/references/ari_foldman.png"
  ],
  "prompt": "Create an exact, photorealistic version of the provided drawing. The the drawing is suppose to depict a man in Israel called Ari Foldman. The drawing depicts  Bearded man touches his face as he thinks. Provided image ari_foldman.png show what Ari Foldman actually looks like. The created image should look like it was shot on 35mm film by Roger Deakins."
}
2026-01-01 00:11:00 | DEBUG    | src.api.client:generate_image:89 - Original prompt: Create an exact, photorealistic version of the provided drawing. The the drawing is suppose to depict a man in Israel called Ari Foldman. The drawing depicts  Bearded man touches his face as he thinks. Provided image ari_foldman.png show what Ari Foldman actually looks like. The created image should look like it was shot on 35mm film by Roger Deakins.
2026-01-01 00:11:00 | DEBUG    | src.api.client:generate_image:90 - Clean prompt being sent: Create an exact, photorealistic version of the provided drawing. The the drawing is suppose to depict a man in Israel called Ari Foldman. The drawing depicts  Bearded man touches his face as he thinks. Provided image ari_foldman.png show what Ari Foldman actually looks like. The created image should look like it was shot on 35mm film by Roger Deakins.
2026-01-01 00:11:00 | DEBUG    | src.api.client:generate_image:91 - Clean prompt repr: 'Create an exact, photorealistic version of the provided drawing. The the drawing is suppose to depict a man in Israel called Ari Foldman. The drawing depicts  Bearded man touches his face as he thinks. Provided image ari_foldman.png show what Ari Foldman actually looks like. The created image should look like it was shot on 35mm film by Roger Deakins.'
2026-01-01 00:11:00 | DEBUG    | src.api.client:_call_with_retry:152 - API call attempt 1/3
2026-01-01 00:11:00 | DEBUG    | src.api.client:_call_with_retry:155 - CRITICAL DEBUG - Payload sent to replicate.run: {
  "num_images": 1,
  "aspect_ratio": "16:9",
  "output_format": "png",
  "resolution": "2K",
  "safety_filter_level": "block_only_high",
  "image_input": [
    "https://f003.backblazeb2.com/file/wbt-bucket/ari_foldman/frame_1485.jpg",
    "https://f003.backblazeb2.com/file/wbt-bucket/references/ari_foldman.png"
  ],
  "prompt": "Create an exact, photorealistic version of the provided drawing. The the drawing is suppose to depict a man in Israel called Ari Foldman. The drawing depicts  Bearded man touches his face as he thinks. Provided image ari_foldman.png show what Ari Foldman actually looks like. The created image should look like it was shot on 35mm film by Roger Deakins."
}
2026-01-01 00:11:43 | DEBUG    | src.api.client:_call_with_retry:170 - API call successful
2026-01-01 00:11:43 | WARNING  | src.api.client:generate_image:117 - API PARAMETER FILTERING DETECTED:
2026-01-01 00:11:43 | WARNING  | src.api.client:generate_image:118 -   Model: google/nano-banana-pro
2026-01-01 00:11:43 | WARNING  | src.api.client:generate_image:119 -   Filtered parameters: ['image_input']
2026-01-01 00:11:43 | WARNING  | src.api.client:generate_image:120 -   This means the model doesn't support these parameters
2026-01-01 00:11:45 | INFO     | src.output.writer:_save_to_disk:203 - Saved valid image: USER-FILES/05.OUTPUT/260101_000555_IMAGE/260101_001143_frame_1485.png
2026-01-01 00:11:45 | DEBUG    | src.output.writer:_save_payload:270 - Saved payload to USER-FILES/05.OUTPUT/260101_000555_IMAGE/260101_001143_frame_1485.md
2026-01-01 00:11:45 | INFO     | src.processing.processor:_generate_and_save_image:276 - Saved image: USER-FILES/05.OUTPUT/260101_000555_IMAGE/260101_001143_frame_1485.png
2026-01-01 00:11:45 | INFO     | src.processing.processor:_process_with_context:226 - Waiting 1.0 seconds before next request
2026-01-01 00:11:46 | DEBUG    | src.processing.processor:_process_single_combination:132 - Extracted image URL from markdown: https://f003.backblazeb2.com/file/wbt-bucket/ari_foldman/frame_1560.jpg
2026-01-01 00:11:46 | ERROR    | src.processing.discovery:load_prompts:69 - Failed to extract prompt from frame_1560.md: Empty code block in markdown
2026-01-01 00:11:46 | ERROR    | __main__:handle_error:294 - Fatal error: Empty code block in markdown
2026-01-01 00:11:46 | INFO     | src.output.writer:write_report:306 - Report saved: USER-FILES/05.OUTPUT/260101_000555_IMAGE/FAILURE.md
2026-01-01 00:11:46 | INFO     | src.output.writer:write_report:306 - Report saved: USER-FILES/05.OUTPUT/260101_000555_IMAGE/PARTIAL-COST-REPORT.md
2026-01-01 00:11:46 | ERROR    | src.output.reporter:_save_failure_report:79 - Failure report saved
