2026-01-21 14:46:12 | INFO     | src.utils.logging:setup_logging:39 - Logging configured (verbose=False, debug=False)
2026-01-21 14:46:12 | INFO     | __main__:setup_environment:79 - Environment initialized
2026-01-21 14:46:12 | INFO     | __main__:load_and_validate_config:84 - Loading configuration...
2026-01-21 14:46:12 | INFO     | src.config.loader:load_config:45 - Loaded configuration from USER-FILES/01.CONFIG/config.yaml
2026-01-21 14:46:12 | INFO     | __main__:authenticate_for_mode:273 - Authenticating with 1Password...
2026-01-21 14:46:16 | DEBUG    | src.auth.session_manager:ensure_op_auth:39 - 1Password session is active
2026-01-21 14:46:17 | DEBUG    | src.auth.session_manager:ensure_op_auth:39 - 1Password session is active
2026-01-21 14:46:17 | DEBUG    | src.auth.auth:load_auth_config:28 - Using auth config: auth_ruben.yaml
2026-01-21 14:46:18 | DEBUG    | src.auth.auth:get_api_key:77 - Retrieved API key: r8_K...
2026-01-21 14:46:18 | INFO     | __main__:discover_inputs_and_profiles:92 - Discovering inputs...
2026-01-21 14:46:18 | DEBUG    | src.processing.discovery:discover_prompt_files:42 - Found markdown file: frame_2144.md
2026-01-21 14:46:18 | INFO     | src.processing.discovery:discover_prompt_files:47 - Discovered 1 markdown files
2026-01-21 14:46:18 | DEBUG    | src.processing.discovery:discover_profiles:98 - Loaded profile: USER-FILES/03.PROFILES/WALTZ_OF_BASHIR_lebanon.yaml
2026-01-21 14:46:18 | INFO     | src.processing.discovery:discover_profiles:102 - Loaded 1 profiles
2026-01-21 14:46:18 | INFO     | src.processing.discovery:get_active_models:150 - Found profile: WALTZ_OF_BASHIR_lebanon
2026-01-21 14:46:18 | INFO     | src.processing.discovery:get_active_models:155 - Total profiles to process: 1
2026-01-21 14:46:18 | INFO     | src.config.validator:validate_all:25 - All configuration validation passed
2026-01-21 14:46:18 | INFO     | __main__:initialize_services:186 - Output directory: USER-FILES/05.OUTPUT/260121_144618_IMAGE
2026-01-21 14:46:18 | INFO     | __main__:execute_processing:221 - Starting matrix processing...
2026-01-21 14:46:18 | DEBUG    | src.processing.validator:validate_operational_requirements:30 - Profile 'WALTZ_OF_BASHIR_lebanon' operational validation passed
2026-01-21 14:46:18 | INFO     | src.processing.processor:process_all:66 - Processing 1 combinations (1 files × 1 profiles)
2026-01-21 14:46:18 | DEBUG    | src.processing.processor:_process_single_combination:132 - Extracted image URL from markdown: https://f003.backblazeb2.com/file/wbt-bucket/generic_israel/frame_2144.jpg
2026-01-21 14:46:18 | INFO     | src.processing.discovery:load_prompts:66 - Extracted prompt from frame_2144.md
2026-01-21 14:46:18 | INFO     | src.processing.processor:_process_single_combination:141 - Processing combination 1/1: frame_2144.md + WALTZ_OF_BASHIR_lebanon
2026-01-21 14:46:18 | DEBUG    | src.processing.processor:_process_single_combination:163 - Built image_input array with 1 URL(s): ['https://f003.backblazeb2.com/file/wbt-bucket/generic_israel/frame_2144.jpg']
2026-01-21 14:46:18 | DEBUG    | src.processing.processor:_apply_prompt_fixes:235 - Added prefix to prompt: Create an exact, photorealistic version of the provided drawing. The drawing is suppose to depict a scene from 1982 civil war in Lebanon war. The drawing shows 
2026-01-21 14:46:18 | DEBUG    | src.processing.processor:_apply_prompt_fixes:239 - Added suffix to prompt: The created image should look like it was shot on 35mm film by Roger Deakins.
2026-01-21 14:46:18 | DEBUG    | src.processing.processor:_process_with_context:215 - Processing frame_2144.md: Create an exact, photorealistic version of the pro...
2026-01-21 14:46:18 | DEBUG    | src.api.client:generate_image:83 - Payload: {
  "num_images": 1,
  "aspect_ratio": "16:9",
  "output_format": "png",
  "resolution": "2K",
  "safety_filter_level": "block_only_high",
  "image_input": [
    "https://f003.backblazeb2.com/file/wbt-bucket/generic_israel/frame_2144.jpg"
  ],
  "prompt": "Create an exact, photorealistic version of the provided drawing. The drawing is suppose to depict a scene from 1982 civil war in Lebanon war. The drawing shows  A murky scene of an Israeli soldier firing a rifle in a dim urban setting, with dappled sunlight. Shells come out of the rifle and land on the ground as he fires away. Behind him are the war-torn Beirut building. The created image should look like it was shot on 35mm film by Roger Deakins."
}
2026-01-21 14:46:18 | DEBUG    | src.api.client:_call_with_retry:128 - API call attempt 1/3
2026-01-21 14:46:19 | INFO     | src.api.client:_call_with_retry:131 - Created prediction: fdyq31verdrmy0cvw2bvpfmcer
2026-01-21 14:46:19 | DEBUG    | src.api.client:_poll_for_result:214 - Prediction status: starting
2026-01-21 14:46:20 | DEBUG    | src.api.client:_poll_for_result:214 - Prediction status: starting
2026-01-21 14:46:22 | DEBUG    | src.api.client:_poll_for_result:214 - Prediction status: starting
2026-01-21 14:46:24 | DEBUG    | src.api.client:_poll_for_result:214 - Prediction status: starting
2026-01-21 14:46:28 | DEBUG    | src.api.client:_poll_for_result:214 - Prediction status: starting
2026-01-21 14:46:33 | DEBUG    | src.api.client:_poll_for_result:214 - Prediction status: starting
2026-01-21 14:46:41 | DEBUG    | src.api.client:_poll_for_result:214 - Prediction status: starting
2026-01-21 14:46:51 | DEBUG    | src.api.client:_poll_for_result:214 - Prediction status: starting
2026-01-21 14:47:02 | DEBUG    | src.api.client:_poll_for_result:214 - Prediction status: starting
2026-01-21 14:47:12 | DEBUG    | src.api.client:_poll_for_result:214 - Prediction status: starting
2026-01-21 14:47:22 | DEBUG    | src.api.client:_poll_for_result:214 - Prediction status: starting
2026-01-21 14:47:33 | DEBUG    | src.api.client:_poll_for_result:214 - Prediction status: starting
2026-01-21 14:47:43 | DEBUG    | src.api.client:_poll_for_result:214 - Prediction status: starting
2026-01-21 14:47:53 | DEBUG    | src.api.client:_poll_for_result:214 - Prediction status: starting
2026-01-21 14:48:04 | DEBUG    | src.api.client:_poll_for_result:214 - Prediction status: starting
2026-01-21 14:48:14 | DEBUG    | src.api.client:_poll_for_result:214 - Prediction status: starting
2026-01-21 14:48:24 | DEBUG    | src.api.client:_poll_for_result:214 - Prediction status: starting
2026-01-21 14:48:35 | DEBUG    | src.api.client:_poll_for_result:214 - Prediction status: starting
2026-01-21 14:48:46 | DEBUG    | src.api.client:_poll_for_result:214 - Prediction status: starting
2026-01-21 14:48:56 | DEBUG    | src.api.client:_poll_for_result:214 - Prediction status: starting
2026-01-21 14:49:07 | DEBUG    | src.api.client:_poll_for_result:214 - Prediction status: starting
2026-01-21 14:49:17 | DEBUG    | src.api.client:_poll_for_result:214 - Prediction status: starting
2026-01-21 14:49:28 | DEBUG    | src.api.client:_poll_for_result:214 - Prediction status: starting
2026-01-21 14:49:38 | DEBUG    | src.api.client:_poll_for_result:214 - Prediction status: starting
2026-01-21 14:49:49 | DEBUG    | src.api.client:_poll_for_result:214 - Prediction status: starting
2026-01-21 14:49:59 | DEBUG    | src.api.client:_poll_for_result:214 - Prediction status: starting
2026-01-21 14:50:10 | DEBUG    | src.api.client:_poll_for_result:214 - Prediction status: starting
2026-01-21 14:50:20 | DEBUG    | src.api.client:_poll_for_result:214 - Prediction status: starting
2026-01-21 14:50:31 | DEBUG    | src.api.client:_poll_for_result:214 - Prediction status: starting
2026-01-21 14:50:41 | DEBUG    | src.api.client:_poll_for_result:214 - Prediction status: starting
2026-01-21 14:50:51 | DEBUG    | src.api.client:_poll_for_result:214 - Prediction status: starting
2026-01-21 14:51:02 | DEBUG    | src.api.client:_poll_for_result:214 - Prediction status: starting
2026-01-21 14:51:13 | DEBUG    | src.api.client:_poll_for_result:214 - Prediction status: starting
2026-01-21 14:51:23 | DEBUG    | src.api.client:_poll_for_result:214 - Prediction status: starting
2026-01-21 14:51:33 | DEBUG    | src.api.client:_poll_for_result:214 - Prediction status: starting
2026-01-21 14:51:45 | DEBUG    | src.api.client:_poll_for_result:214 - Prediction status: starting
2026-01-21 14:51:55 | DEBUG    | src.api.client:_poll_for_result:214 - Prediction status: starting
2026-01-21 14:52:05 | DEBUG    | src.api.client:_poll_for_result:214 - Prediction status: starting
2026-01-21 14:52:16 | DEBUG    | src.api.client:_poll_for_result:214 - Prediction status: starting
2026-01-21 14:52:26 | DEBUG    | src.api.client:_poll_for_result:214 - Prediction status: starting
2026-01-21 14:52:37 | DEBUG    | src.api.client:_poll_for_result:214 - Prediction status: starting
2026-01-21 14:52:47 | DEBUG    | src.api.client:_poll_for_result:214 - Prediction status: starting
2026-01-21 14:52:58 | DEBUG    | src.api.client:_poll_for_result:214 - Prediction status: starting
2026-01-21 14:53:08 | DEBUG    | src.api.client:_poll_for_result:214 - Prediction status: starting
2026-01-21 14:53:18 | DEBUG    | src.api.client:_poll_for_result:214 - Prediction status: starting
2026-01-21 14:53:29 | DEBUG    | src.api.client:_poll_for_result:214 - Prediction status: starting
2026-01-21 14:53:39 | DEBUG    | src.api.client:_poll_for_result:214 - Prediction status: starting
2026-01-21 14:53:50 | DEBUG    | src.api.client:_poll_for_result:214 - Prediction status: starting
2026-01-21 14:54:00 | DEBUG    | src.api.client:_poll_for_result:214 - Prediction status: starting
2026-01-21 14:54:11 | DEBUG    | src.api.client:_poll_for_result:214 - Prediction status: starting
2026-01-21 14:54:21 | DEBUG    | src.api.client:_poll_for_result:214 - Prediction status: starting
2026-01-21 14:54:31 | DEBUG    | src.api.client:_poll_for_result:214 - Prediction status: starting
2026-01-21 14:54:42 | DEBUG    | src.api.client:_poll_for_result:214 - Prediction status: starting
2026-01-21 14:54:52 | DEBUG    | src.api.client:_poll_for_result:214 - Prediction status: starting
2026-01-21 14:55:03 | DEBUG    | src.api.client:_poll_for_result:214 - Prediction status: starting
2026-01-21 14:55:13 | DEBUG    | src.api.client:_poll_for_result:214 - Prediction status: starting
2026-01-21 14:55:23 | DEBUG    | src.api.client:_poll_for_result:214 - Prediction status: starting
2026-01-21 14:55:34 | DEBUG    | src.api.client:_poll_for_result:214 - Prediction status: starting
2026-01-21 14:55:44 | DEBUG    | src.api.client:_poll_for_result:214 - Prediction status: starting
2026-01-21 14:55:55 | DEBUG    | src.api.client:_poll_for_result:214 - Prediction status: starting
2026-01-21 14:56:06 | DEBUG    | src.api.client:_poll_for_result:214 - Prediction status: starting
2026-01-21 14:56:16 | DEBUG    | src.api.client:_poll_for_result:214 - Prediction status: starting
2026-01-21 14:56:26 | ERROR    | src.api.client:_call_with_retry:153 - Error on attempt 1: Prediction timed out after 600 seconds
2026-01-21 14:56:26 | INFO     | src.api.client:_call_with_retry:157 - Retrying in 2s...
2026-01-21 14:56:28 | DEBUG    | src.api.client:_call_with_retry:128 - API call attempt 2/3
2026-01-21 14:56:29 | INFO     | src.api.client:_call_with_retry:131 - Created prediction: mkw80nnypxrmt0cvw2g8dtw4fw
2026-01-21 14:56:29 | DEBUG    | src.api.client:_poll_for_result:214 - Prediction status: starting
2026-01-21 14:56:31 | DEBUG    | src.api.client:_poll_for_result:214 - Prediction status: starting
2026-01-21 14:56:32 | DEBUG    | src.api.client:_poll_for_result:214 - Prediction status: starting
2026-01-21 14:56:35 | DEBUG    | src.api.client:_poll_for_result:214 - Prediction status: starting
2026-01-21 14:56:39 | DEBUG    | src.api.client:_poll_for_result:214 - Prediction status: starting
2026-01-21 14:56:44 | DEBUG    | src.api.client:_poll_for_result:214 - Prediction status: starting
2026-01-21 14:56:52 | DEBUG    | src.api.client:_poll_for_result:214 - Prediction status: starting
2026-01-21 14:57:03 | DEBUG    | src.api.client:_poll_for_result:214 - Prediction status: starting
2026-01-21 14:57:13 | DEBUG    | src.api.client:_poll_for_result:214 - Prediction status: starting
2026-01-21 14:57:24 | DEBUG    | src.api.client:_poll_for_result:214 - Prediction status: starting
2026-01-21 14:57:34 | DEBUG    | src.api.client:_poll_for_result:214 - Prediction status: starting
2026-01-21 14:57:44 | DEBUG    | src.api.client:_poll_for_result:214 - Prediction status: starting
2026-01-21 14:57:55 | DEBUG    | src.api.client:_poll_for_result:214 - Prediction status: starting
2026-01-21 14:58:05 | DEBUG    | src.api.client:_poll_for_result:214 - Prediction status: starting
2026-01-21 14:58:16 | DEBUG    | src.api.client:_poll_for_result:214 - Prediction status: starting
2026-01-21 14:58:26 | DEBUG    | src.api.client:_poll_for_result:214 - Prediction status: starting
2026-01-21 14:58:37 | DEBUG    | src.api.client:_poll_for_result:214 - Prediction status: starting
2026-01-21 14:58:47 | DEBUG    | src.api.client:_poll_for_result:214 - Prediction status: starting
2026-01-21 14:58:58 | DEBUG    | src.api.client:_poll_for_result:214 - Prediction status: starting
2026-01-21 14:59:08 | DEBUG    | src.api.client:_poll_for_result:214 - Prediction status: starting
2026-01-21 14:59:19 | DEBUG    | src.api.client:_poll_for_result:214 - Prediction status: starting
2026-01-21 14:59:29 | DEBUG    | src.api.client:_poll_for_result:214 - Prediction status: starting
2026-01-21 14:59:39 | DEBUG    | src.api.client:_poll_for_result:214 - Prediction status: starting
2026-01-21 14:59:50 | DEBUG    | src.api.client:_poll_for_result:214 - Prediction status: starting
2026-01-21 15:00:00 | DEBUG    | src.api.client:_poll_for_result:214 - Prediction status: starting
2026-01-21 15:00:10 | DEBUG    | src.api.client:_poll_for_result:214 - Prediction status: starting
2026-01-21 15:00:20 | DEBUG    | src.api.client:_poll_for_result:214 - Prediction status: starting
2026-01-21 15:00:31 | DEBUG    | src.api.client:_poll_for_result:214 - Prediction status: starting
2026-01-21 15:00:41 | DEBUG    | src.api.client:_poll_for_result:214 - Prediction status: starting
2026-01-21 15:00:51 | DEBUG    | src.api.client:_poll_for_result:214 - Prediction status: starting
2026-01-21 15:01:02 | DEBUG    | src.api.client:_poll_for_result:214 - Prediction status: starting
2026-01-21 15:01:12 | DEBUG    | src.api.client:_poll_for_result:214 - Prediction status: starting
2026-01-21 15:01:22 | DEBUG    | src.api.client:_poll_for_result:214 - Prediction status: starting
2026-01-21 15:01:32 | DEBUG    | src.api.client:_poll_for_result:214 - Prediction status: starting
2026-01-21 15:01:43 | DEBUG    | src.api.client:_poll_for_result:214 - Prediction status: starting
2026-01-21 15:01:53 | DEBUG    | src.api.client:_poll_for_result:214 - Prediction status: starting
2026-01-21 15:02:03 | DEBUG    | src.api.client:_poll_for_result:214 - Prediction status: starting
2026-01-21 15:02:13 | DEBUG    | src.api.client:_poll_for_result:214 - Prediction status: starting
2026-01-21 15:02:24 | DEBUG    | src.api.client:_poll_for_result:214 - Prediction status: starting
2026-01-21 15:02:34 | DEBUG    | src.api.client:_poll_for_result:214 - Prediction status: starting
2026-01-21 15:02:44 | DEBUG    | src.api.client:_poll_for_result:214 - Prediction status: starting
2026-01-21 15:02:54 | DEBUG    | src.api.client:_poll_for_result:214 - Prediction status: starting
2026-01-21 15:03:04 | DEBUG    | src.api.client:_poll_for_result:214 - Prediction status: starting
2026-01-21 15:03:15 | DEBUG    | src.api.client:_poll_for_result:214 - Prediction status: starting
2026-01-21 15:03:26 | DEBUG    | src.api.client:_poll_for_result:214 - Prediction status: starting
2026-01-21 15:03:36 | DEBUG    | src.api.client:_poll_for_result:214 - Prediction status: starting
2026-01-21 15:03:46 | DEBUG    | src.api.client:_poll_for_result:214 - Prediction status: starting
2026-01-21 15:03:57 | DEBUG    | src.api.client:_poll_for_result:214 - Prediction status: starting
2026-01-21 15:04:07 | DEBUG    | src.api.client:_poll_for_result:214 - Prediction status: starting
2026-01-21 15:04:18 | DEBUG    | src.api.client:_poll_for_result:214 - Prediction status: starting
2026-01-21 15:04:28 | DEBUG    | src.api.client:_poll_for_result:214 - Prediction status: starting
2026-01-21 15:04:39 | DEBUG    | src.api.client:_poll_for_result:214 - Prediction status: starting
2026-01-21 15:04:49 | DEBUG    | src.api.client:_poll_for_result:214 - Prediction status: starting
2026-01-21 15:04:59 | DEBUG    | src.api.client:_poll_for_result:214 - Prediction status: starting
2026-01-21 15:05:09 | DEBUG    | src.api.client:_poll_for_result:214 - Prediction status: starting
2026-01-21 15:05:20 | DEBUG    | src.api.client:_poll_for_result:214 - Prediction status: starting
2026-01-21 15:05:30 | DEBUG    | src.api.client:_poll_for_result:214 - Prediction status: starting
2026-01-21 15:05:40 | DEBUG    | src.api.client:_poll_for_result:214 - Prediction status: starting
2026-01-21 15:05:50 | DEBUG    | src.api.client:_poll_for_result:214 - Prediction status: starting
2026-01-21 15:06:00 | DEBUG    | src.api.client:_poll_for_result:214 - Prediction status: starting
2026-01-21 15:06:11 | DEBUG    | src.api.client:_poll_for_result:214 - Prediction status: starting
2026-01-21 15:06:21 | DEBUG    | src.api.client:_poll_for_result:214 - Prediction status: starting
2026-01-21 15:06:31 | ERROR    | src.api.client:_call_with_retry:153 - Error on attempt 2: Prediction timed out after 600 seconds
2026-01-21 15:06:31 | INFO     | src.api.client:_call_with_retry:157 - Retrying in 4s...
2026-01-21 15:06:35 | DEBUG    | src.api.client:_call_with_retry:128 - API call attempt 3/3
2026-01-21 15:06:36 | INFO     | src.api.client:_call_with_retry:131 - Created prediction: npnv5tzzndrmy0cvw2mspj4bbg
2026-01-21 15:06:36 | DEBUG    | src.api.client:_poll_for_result:214 - Prediction status: starting
2026-01-21 15:06:37 | DEBUG    | src.api.client:_poll_for_result:214 - Prediction status: starting
2026-01-21 15:06:39 | DEBUG    | src.api.client:_poll_for_result:214 - Prediction status: starting
2026-01-21 15:06:42 | DEBUG    | src.api.client:_poll_for_result:214 - Prediction status: starting
2026-01-21 15:06:45 | DEBUG    | src.api.client:_poll_for_result:214 - Prediction status: starting
2026-01-21 15:06:50 | DEBUG    | src.api.client:_poll_for_result:214 - Prediction status: starting
2026-01-21 15:06:58 | DEBUG    | src.api.client:_poll_for_result:214 - Prediction status: starting
2026-01-21 15:07:09 | DEBUG    | src.api.client:_poll_for_result:214 - Prediction status: starting
2026-01-21 15:07:19 | DEBUG    | src.api.client:_poll_for_result:214 - Prediction status: starting
2026-01-21 15:07:29 | DEBUG    | src.api.client:_poll_for_result:214 - Prediction status: starting
2026-01-21 15:07:39 | DEBUG    | src.api.client:_poll_for_result:214 - Prediction status: starting
2026-01-21 15:07:50 | DEBUG    | src.api.client:_poll_for_result:214 - Prediction status: starting
2026-01-21 15:08:00 | DEBUG    | src.api.client:_poll_for_result:214 - Prediction status: starting
2026-01-21 15:08:10 | DEBUG    | src.api.client:_poll_for_result:214 - Prediction status: starting
2026-01-21 15:08:20 | DEBUG    | src.api.client:_poll_for_result:214 - Prediction status: starting
2026-01-21 15:08:31 | DEBUG    | src.api.client:_poll_for_result:214 - Prediction status: starting
2026-01-21 15:08:41 | DEBUG    | src.api.client:_poll_for_result:214 - Prediction status: starting
2026-01-21 15:08:51 | DEBUG    | src.api.client:_poll_for_result:214 - Prediction status: starting
2026-01-21 15:09:02 | DEBUG    | src.api.client:_poll_for_result:214 - Prediction status: starting
2026-01-21 15:09:12 | DEBUG    | src.api.client:_poll_for_result:214 - Prediction status: starting
2026-01-21 15:09:22 | DEBUG    | src.api.client:_poll_for_result:214 - Prediction status: starting
2026-01-21 15:09:33 | DEBUG    | src.api.client:_poll_for_result:214 - Prediction status: starting
2026-01-21 15:09:43 | DEBUG    | src.api.client:_poll_for_result:214 - Prediction status: starting
2026-01-21 15:09:53 | DEBUG    | src.api.client:_poll_for_result:214 - Prediction status: starting
2026-01-21 15:10:04 | DEBUG    | src.api.client:_poll_for_result:214 - Prediction status: starting
2026-01-21 15:10:14 | DEBUG    | src.api.client:_poll_for_result:214 - Prediction status: starting
2026-01-21 15:10:24 | DEBUG    | src.api.client:_poll_for_result:214 - Prediction status: starting
2026-01-21 15:10:34 | DEBUG    | src.api.client:_poll_for_result:214 - Prediction status: starting
2026-01-21 15:10:45 | DEBUG    | src.api.client:_poll_for_result:214 - Prediction status: starting
2026-01-21 15:10:56 | DEBUG    | src.api.client:_poll_for_result:214 - Prediction status: starting
2026-01-21 15:11:06 | DEBUG    | src.api.client:_poll_for_result:214 - Prediction status: starting
2026-01-21 15:11:16 | DEBUG    | src.api.client:_poll_for_result:214 - Prediction status: starting
2026-01-21 15:11:27 | DEBUG    | src.api.client:_poll_for_result:214 - Prediction status: starting
2026-01-21 15:11:37 | DEBUG    | src.api.client:_poll_for_result:214 - Prediction status: starting
2026-01-21 15:11:47 | DEBUG    | src.api.client:_poll_for_result:214 - Prediction status: starting
2026-01-21 15:11:58 | DEBUG    | src.api.client:_poll_for_result:214 - Prediction status: starting
2026-01-21 15:12:08 | DEBUG    | src.api.client:_poll_for_result:214 - Prediction status: starting
2026-01-21 15:12:19 | DEBUG    | src.api.client:_poll_for_result:214 - Prediction status: starting
2026-01-21 15:12:29 | DEBUG    | src.api.client:_poll_for_result:214 - Prediction status: starting
2026-01-21 15:12:40 | DEBUG    | src.api.client:_poll_for_result:214 - Prediction status: starting
2026-01-21 15:12:50 | DEBUG    | src.api.client:_poll_for_result:214 - Prediction status: starting
2026-01-21 15:13:01 | DEBUG    | src.api.client:_poll_for_result:214 - Prediction status: starting
2026-01-21 15:13:11 | DEBUG    | src.api.client:_poll_for_result:214 - Prediction status: starting
2026-01-21 15:13:21 | DEBUG    | src.api.client:_poll_for_result:214 - Prediction status: starting
2026-01-21 15:13:32 | DEBUG    | src.api.client:_poll_for_result:214 - Prediction status: starting
2026-01-21 15:13:42 | DEBUG    | src.api.client:_poll_for_result:214 - Prediction status: starting
2026-01-21 15:13:52 | DEBUG    | src.api.client:_poll_for_result:214 - Prediction status: starting
2026-01-21 15:14:03 | DEBUG    | src.api.client:_poll_for_result:214 - Prediction status: starting
2026-01-21 15:14:14 | DEBUG    | src.api.client:_poll_for_result:214 - Prediction status: starting
2026-01-21 15:14:24 | DEBUG    | src.api.client:_poll_for_result:214 - Prediction status: starting
2026-01-21 15:14:34 | DEBUG    | src.api.client:_poll_for_result:214 - Prediction status: starting
2026-01-21 15:14:45 | DEBUG    | src.api.client:_poll_for_result:214 - Prediction status: starting
2026-01-21 15:14:56 | DEBUG    | src.api.client:_poll_for_result:214 - Prediction status: starting
2026-01-21 15:15:06 | DEBUG    | src.api.client:_poll_for_result:214 - Prediction status: starting
2026-01-21 15:15:17 | DEBUG    | src.api.client:_poll_for_result:214 - Prediction status: starting
2026-01-21 15:15:27 | DEBUG    | src.api.client:_poll_for_result:214 - Prediction status: starting
2026-01-21 15:15:37 | DEBUG    | src.api.client:_poll_for_result:214 - Prediction status: starting
2026-01-21 15:15:48 | DEBUG    | src.api.client:_poll_for_result:214 - Prediction status: starting
2026-01-21 15:15:59 | DEBUG    | src.api.client:_poll_for_result:214 - Prediction status: starting
2026-01-21 15:16:09 | DEBUG    | src.api.client:_poll_for_result:214 - Prediction status: starting
2026-01-21 15:16:20 | DEBUG    | src.api.client:_poll_for_result:214 - Prediction status: starting
2026-01-21 15:16:30 | DEBUG    | src.api.client:_poll_for_result:214 - Prediction status: starting
2026-01-21 15:16:40 | ERROR    | src.api.client:_call_with_retry:153 - Error on attempt 3: Prediction timed out after 600 seconds
2026-01-21 15:16:40 | ERROR    | src.processing.processor:_generate_and_save_image:279 - Failed to generate image for frame_2144.md: Prediction timed out after 600 seconds
2026-01-21 15:16:40 | ERROR    | src.processing.processor:_process_single_combination:185 - Failed processing frame_2144.md + WALTZ_OF_BASHIR_lebanon: Prediction timed out after 600 seconds
2026-01-21 15:16:40 | ERROR    | __main__:handle_error:294 - Fatal error: Prediction timed out after 600 seconds
2026-01-21 15:16:40 | INFO     | src.output.writer:write_report:306 - Report saved: USER-FILES/05.OUTPUT/260121_144618_IMAGE/FAILURE.md
2026-01-21 15:16:40 | ERROR    | src.output.reporter:_save_failure_report:79 - Failure report saved
