2026-01-01 18:07:55 | INFO     | src.utils.logging:setup_logging:39 - Logging configured (verbose=False, debug=False)
2026-01-01 18:07:55 | INFO     | __main__:setup_environment:79 - Environment initialized
2026-01-01 18:07:55 | INFO     | __main__:load_and_validate_config:84 - Loading configuration...
2026-01-01 18:07:55 | INFO     | src.config.loader:load_config:42 - Loaded configuration from USER-FILES/01.CONFIG/config.yaml
2026-01-01 18:07:55 | INFO     | __main__:authenticate_for_mode:273 - Authenticating with 1Password...
2026-01-01 18:07:58 | DEBUG    | src.auth.session_manager:ensure_op_auth:39 - 1Password session is active
2026-01-01 18:07:59 | DEBUG    | src.auth.session_manager:ensure_op_auth:39 - 1Password session is active
2026-01-01 18:07:59 | DEBUG    | src.auth.auth:load_auth_config:28 - Using auth config: auth_ruben.yaml
2026-01-01 18:08:01 | DEBUG    | src.auth.auth:get_api_key:77 - Retrieved API key: r8_K...
2026-01-01 18:08:01 | INFO     | __main__:discover_inputs_and_profiles:92 - Discovering inputs...
2026-01-01 18:08:01 | DEBUG    | src.processing.discovery:discover_prompt_files:42 - Found markdown file: frame_0462.md
2026-01-01 18:08:01 | DEBUG    | src.processing.discovery:discover_prompt_files:42 - Found markdown file: frame_1222.md
2026-01-01 18:08:01 | DEBUG    | src.processing.discovery:discover_prompt_files:42 - Found markdown file: frame_2100.md
2026-01-01 18:08:01 | DEBUG    | src.processing.discovery:discover_prompt_files:42 - Found markdown file: frame_1239.md
2026-01-01 18:08:01 | DEBUG    | src.processing.discovery:discover_prompt_files:42 - Found markdown file: frame_2052.md
2026-01-01 18:08:01 | DEBUG    | src.processing.discovery:discover_prompt_files:42 - Found markdown file: frame_1053.md
2026-01-01 18:08:01 | DEBUG    | src.processing.discovery:discover_prompt_files:42 - Found markdown file: frame_1191.md
2026-01-01 18:08:01 | INFO     | src.processing.discovery:discover_prompt_files:47 - Discovered 7 markdown files
2026-01-01 18:08:01 | DEBUG    | src.processing.discovery:discover_profiles:98 - Loaded profile: USER-FILES/03.PROFILES/nano-banano-pro-2k_16x9_wbt_ari_young_israel.yaml
2026-01-01 18:08:01 | INFO     | src.processing.discovery:discover_profiles:102 - Loaded 1 profiles
2026-01-01 18:08:01 | INFO     | src.processing.discovery:get_active_models:148 - Found profile: nano-banano-pro-2k_16x9_wbt_ari_young_israel
2026-01-01 18:08:01 | INFO     | src.processing.discovery:get_active_models:153 - Total profiles to process: 1
2026-01-01 18:08:01 | INFO     | src.config.validator:validate_all:26 - All configuration validation passed
2026-01-01 18:08:01 | INFO     | __main__:initialize_services:186 - Output directory: USER-FILES/05.OUTPUT/260101_180801_IMAGE
2026-01-01 18:08:01 | INFO     | __main__:execute_processing:221 - Starting matrix processing...
2026-01-01 18:08:01 | DEBUG    | src.processing.validator:validate_operational_requirements:30 - Profile 'nano-banano-pro-2k_16x9_wbt_ari_young_israel' operational validation passed
2026-01-01 18:08:01 | INFO     | src.processing.processor:process_all:66 - Processing 7 combinations (7 files × 1 profiles)
2026-01-01 18:08:01 | DEBUG    | src.processing.processor:_process_single_combination:132 - Extracted image URL from markdown: https://f003.backblazeb2.com/file/wbt-bucket/ari_young_israel/frame_0462.jpg
2026-01-01 18:08:01 | INFO     | src.processing.discovery:load_prompts:66 - Extracted prompt from frame_0462.md
2026-01-01 18:08:01 | INFO     | src.processing.processor:_process_single_combination:141 - Processing combination 1/7: frame_0462.md + nano-banano-pro-2k_16x9_wbt_ari_young_israel
2026-01-01 18:08:01 | DEBUG    | src.processing.processor:_process_single_combination:163 - Built image_input array with 2 URL(s): ['https://f003.backblazeb2.com/file/wbt-bucket/ari_young_israel/frame_0462.jpg', 'https://f003.backblazeb2.com/file/wbt-bucket/references/ari_foldman_young.png']
2026-01-01 18:08:01 | DEBUG    | src.processing.processor:_apply_prompt_fixes:235 - Added prefix to prompt: Create an exact, photorealistic version of the provided drawing. The drawing is suppose to depict Ari Foldman in early 1980s Israel. The drawing depicts 
2026-01-01 18:08:01 | DEBUG    | src.processing.processor:_apply_prompt_fixes:239 - Added suffix to prompt: Provided image ari_foldman_young.png show what Ari Foldman actually looks like. The created image should look like it was shot on 35mm film by Roger Deakins.
2026-01-01 18:08:01 | DEBUG    | src.processing.processor:_process_with_context:215 - Processing frame_0462.md: Create an exact, photorealistic version of the pro...
2026-01-01 18:08:01 | DEBUG    | src.api.client:generate_image:85 - CRITICAL DEBUG - Received params: {
  "num_images": 1,
  "aspect_ratio": "16:9",
  "output_format": "png",
  "resolution": "2K",
  "safety_filter_level": "block_only_high",
  "image_input": [
    "https://f003.backblazeb2.com/file/wbt-bucket/ari_young_israel/frame_0462.jpg",
    "https://f003.backblazeb2.com/file/wbt-bucket/references/ari_foldman_young.png"
  ]
}
2026-01-01 18:08:01 | DEBUG    | src.api.client:generate_image:86 - CRITICAL DEBUG - Constructed payload: {
  "num_images": 1,
  "aspect_ratio": "16:9",
  "output_format": "png",
  "resolution": "2K",
  "safety_filter_level": "block_only_high",
  "image_input": [
    "https://f003.backblazeb2.com/file/wbt-bucket/ari_young_israel/frame_0462.jpg",
    "https://f003.backblazeb2.com/file/wbt-bucket/references/ari_foldman_young.png"
  ],
  "prompt": "Create an exact, photorealistic version of the provided drawing. The drawing is suppose to depict Ari Foldman in early 1980s Israel. The drawing depicts  A hand is holding a old early 1980s photograph of Ari Foldman posing with his IMI Galil rifle on his back. Behind him are troops and military vehicles. Provided image ari_foldman_young.png show what Ari Foldman actually looks like. The created image should look like it was shot on 35mm film by Roger Deakins."
}
2026-01-01 18:08:01 | DEBUG    | src.api.client:generate_image:89 - Original prompt: Create an exact, photorealistic version of the provided drawing. The drawing is suppose to depict Ari Foldman in early 1980s Israel. The drawing depicts  A hand is holding a old early 1980s photograph of Ari Foldman posing with his IMI Galil rifle on his back. Behind him are troops and military vehicles. Provided image ari_foldman_young.png show what Ari Foldman actually looks like. The created image should look like it was shot on 35mm film by Roger Deakins.
2026-01-01 18:08:01 | DEBUG    | src.api.client:generate_image:90 - Clean prompt being sent: Create an exact, photorealistic version of the provided drawing. The drawing is suppose to depict Ari Foldman in early 1980s Israel. The drawing depicts  A hand is holding a old early 1980s photograph of Ari Foldman posing with his IMI Galil rifle on his back. Behind him are troops and military vehicles. Provided image ari_foldman_young.png show what Ari Foldman actually looks like. The created image should look like it was shot on 35mm film by Roger Deakins.
2026-01-01 18:08:01 | DEBUG    | src.api.client:generate_image:91 - Clean prompt repr: 'Create an exact, photorealistic version of the provided drawing. The drawing is suppose to depict Ari Foldman in early 1980s Israel. The drawing depicts  A hand is holding a old early 1980s photograph of Ari Foldman posing with his IMI Galil rifle on his back. Behind him are troops and military vehicles. Provided image ari_foldman_young.png show what Ari Foldman actually looks like. The created image should look like it was shot on 35mm film by Roger Deakins.'
2026-01-01 18:08:01 | DEBUG    | src.api.client:_call_with_retry:152 - API call attempt 1/3
2026-01-01 18:08:01 | DEBUG    | src.api.client:_call_with_retry:155 - CRITICAL DEBUG - Payload sent to replicate.run: {
  "num_images": 1,
  "aspect_ratio": "16:9",
  "output_format": "png",
  "resolution": "2K",
  "safety_filter_level": "block_only_high",
  "image_input": [
    "https://f003.backblazeb2.com/file/wbt-bucket/ari_young_israel/frame_0462.jpg",
    "https://f003.backblazeb2.com/file/wbt-bucket/references/ari_foldman_young.png"
  ],
  "prompt": "Create an exact, photorealistic version of the provided drawing. The drawing is suppose to depict Ari Foldman in early 1980s Israel. The drawing depicts  A hand is holding a old early 1980s photograph of Ari Foldman posing with his IMI Galil rifle on his back. Behind him are troops and military vehicles. Provided image ari_foldman_young.png show what Ari Foldman actually looks like. The created image should look like it was shot on 35mm film by Roger Deakins."
}
2026-01-01 18:08:43 | DEBUG    | src.api.client:_call_with_retry:170 - API call successful
2026-01-01 18:08:43 | WARNING  | src.api.client:generate_image:117 - API PARAMETER FILTERING DETECTED:
2026-01-01 18:08:43 | WARNING  | src.api.client:generate_image:118 -   Model: google/nano-banana-pro
2026-01-01 18:08:43 | WARNING  | src.api.client:generate_image:119 -   Filtered parameters: ['image_input']
2026-01-01 18:08:43 | WARNING  | src.api.client:generate_image:120 -   This means the model doesn't support these parameters
2026-01-01 18:08:44 | INFO     | src.output.writer:_save_to_disk:203 - Saved valid image: USER-FILES/05.OUTPUT/260101_180801_IMAGE/260101_180843_frame_0462.png
2026-01-01 18:08:44 | DEBUG    | src.output.writer:_save_payload:270 - Saved payload to USER-FILES/05.OUTPUT/260101_180801_IMAGE/260101_180843_frame_0462.md
2026-01-01 18:08:44 | INFO     | src.processing.processor:_generate_and_save_image:276 - Saved image: USER-FILES/05.OUTPUT/260101_180801_IMAGE/260101_180843_frame_0462.png
2026-01-01 18:08:44 | INFO     | src.processing.processor:_process_with_context:226 - Waiting 1.0 seconds before next request
2026-01-01 18:08:45 | DEBUG    | src.processing.processor:_process_single_combination:132 - Extracted image URL from markdown: https://f003.backblazeb2.com/file/wbt-bucket/ari_young_israel/frame_1053.jpg
2026-01-01 18:08:45 | INFO     | src.processing.discovery:load_prompts:66 - Extracted prompt from frame_1053.md
2026-01-01 18:08:45 | INFO     | src.processing.processor:_process_single_combination:141 - Processing combination 2/7: frame_1053.md + nano-banano-pro-2k_16x9_wbt_ari_young_israel
2026-01-01 18:08:45 | DEBUG    | src.processing.processor:_process_single_combination:163 - Built image_input array with 2 URL(s): ['https://f003.backblazeb2.com/file/wbt-bucket/ari_young_israel/frame_1053.jpg', 'https://f003.backblazeb2.com/file/wbt-bucket/references/ari_foldman_young.png']
2026-01-01 18:08:45 | DEBUG    | src.processing.processor:_apply_prompt_fixes:235 - Added prefix to prompt: Create an exact, photorealistic version of the provided drawing. The drawing is suppose to depict Ari Foldman in early 1980s Israel. The drawing depicts 
2026-01-01 18:08:45 | DEBUG    | src.processing.processor:_apply_prompt_fixes:239 - Added suffix to prompt: Provided image ari_foldman_young.png show what Ari Foldman actually looks like. The created image should look like it was shot on 35mm film by Roger Deakins.
2026-01-01 18:08:45 | DEBUG    | src.processing.processor:_process_with_context:215 - Processing frame_1053.md: Create an exact, photorealistic version of the pro...
2026-01-01 18:08:45 | DEBUG    | src.api.client:generate_image:85 - CRITICAL DEBUG - Received params: {
  "num_images": 1,
  "aspect_ratio": "16:9",
  "output_format": "png",
  "resolution": "2K",
  "safety_filter_level": "block_only_high",
  "image_input": [
    "https://f003.backblazeb2.com/file/wbt-bucket/ari_young_israel/frame_1053.jpg",
    "https://f003.backblazeb2.com/file/wbt-bucket/references/ari_foldman_young.png"
  ]
}
2026-01-01 18:08:45 | DEBUG    | src.api.client:generate_image:86 - CRITICAL DEBUG - Constructed payload: {
  "num_images": 1,
  "aspect_ratio": "16:9",
  "output_format": "png",
  "resolution": "2K",
  "safety_filter_level": "block_only_high",
  "image_input": [
    "https://f003.backblazeb2.com/file/wbt-bucket/ari_young_israel/frame_1053.jpg",
    "https://f003.backblazeb2.com/file/wbt-bucket/references/ari_foldman_young.png"
  ],
  "prompt": "Create an exact, photorealistic version of the provided drawing. The drawing is suppose to depict Ari Foldman in early 1980s Israel. The drawing depicts  The Israeli reserve solider Ari Foldman wears an orange backpack and passes by an electronics shop with TV sets by the windows. The TVs show a punk rock singer shouting into mic. Provided image ari_foldman_young.png show what Ari Foldman actually looks like. The created image should look like it was shot on 35mm film by Roger Deakins."
}
2026-01-01 18:08:45 | DEBUG    | src.api.client:generate_image:89 - Original prompt: Create an exact, photorealistic version of the provided drawing. The drawing is suppose to depict Ari Foldman in early 1980s Israel. The drawing depicts  The Israeli reserve solider Ari Foldman wears an orange backpack and passes by an electronics shop with TV sets by the windows. The TVs show a punk rock singer shouting into mic. Provided image ari_foldman_young.png show what Ari Foldman actually looks like. The created image should look like it was shot on 35mm film by Roger Deakins.
2026-01-01 18:08:45 | DEBUG    | src.api.client:generate_image:90 - Clean prompt being sent: Create an exact, photorealistic version of the provided drawing. The drawing is suppose to depict Ari Foldman in early 1980s Israel. The drawing depicts  The Israeli reserve solider Ari Foldman wears an orange backpack and passes by an electronics shop with TV sets by the windows. The TVs show a punk rock singer shouting into mic. Provided image ari_foldman_young.png show what Ari Foldman actually looks like. The created image should look like it was shot on 35mm film by Roger Deakins.
2026-01-01 18:08:45 | DEBUG    | src.api.client:generate_image:91 - Clean prompt repr: 'Create an exact, photorealistic version of the provided drawing. The drawing is suppose to depict Ari Foldman in early 1980s Israel. The drawing depicts  The Israeli reserve solider Ari Foldman wears an orange backpack and passes by an electronics shop with TV sets by the windows. The TVs show a punk rock singer shouting into mic. Provided image ari_foldman_young.png show what Ari Foldman actually looks like. The created image should look like it was shot on 35mm film by Roger Deakins.'
2026-01-01 18:08:45 | DEBUG    | src.api.client:_call_with_retry:152 - API call attempt 1/3
2026-01-01 18:08:45 | DEBUG    | src.api.client:_call_with_retry:155 - CRITICAL DEBUG - Payload sent to replicate.run: {
  "num_images": 1,
  "aspect_ratio": "16:9",
  "output_format": "png",
  "resolution": "2K",
  "safety_filter_level": "block_only_high",
  "image_input": [
    "https://f003.backblazeb2.com/file/wbt-bucket/ari_young_israel/frame_1053.jpg",
    "https://f003.backblazeb2.com/file/wbt-bucket/references/ari_foldman_young.png"
  ],
  "prompt": "Create an exact, photorealistic version of the provided drawing. The drawing is suppose to depict Ari Foldman in early 1980s Israel. The drawing depicts  The Israeli reserve solider Ari Foldman wears an orange backpack and passes by an electronics shop with TV sets by the windows. The TVs show a punk rock singer shouting into mic. Provided image ari_foldman_young.png show what Ari Foldman actually looks like. The created image should look like it was shot on 35mm film by Roger Deakins."
}
2026-01-01 18:09:20 | DEBUG    | src.api.client:_call_with_retry:170 - API call successful
2026-01-01 18:09:20 | WARNING  | src.api.client:generate_image:117 - API PARAMETER FILTERING DETECTED:
2026-01-01 18:09:20 | WARNING  | src.api.client:generate_image:118 -   Model: google/nano-banana-pro
2026-01-01 18:09:20 | WARNING  | src.api.client:generate_image:119 -   Filtered parameters: ['image_input']
2026-01-01 18:09:20 | WARNING  | src.api.client:generate_image:120 -   This means the model doesn't support these parameters
2026-01-01 18:09:21 | INFO     | src.output.writer:_save_to_disk:203 - Saved valid image: USER-FILES/05.OUTPUT/260101_180801_IMAGE/260101_180920_frame_1053.png
2026-01-01 18:09:21 | DEBUG    | src.output.writer:_save_payload:270 - Saved payload to USER-FILES/05.OUTPUT/260101_180801_IMAGE/260101_180920_frame_1053.md
2026-01-01 18:09:21 | INFO     | src.processing.processor:_generate_and_save_image:276 - Saved image: USER-FILES/05.OUTPUT/260101_180801_IMAGE/260101_180920_frame_1053.png
2026-01-01 18:09:21 | INFO     | src.processing.processor:_process_with_context:226 - Waiting 1.0 seconds before next request
2026-01-01 18:09:22 | DEBUG    | src.processing.processor:_process_single_combination:132 - Extracted image URL from markdown: https://f003.backblazeb2.com/file/wbt-bucket/ari_young_israel/frame_1191.jpg
2026-01-01 18:09:22 | INFO     | src.processing.discovery:load_prompts:66 - Extracted prompt from frame_1191.md
2026-01-01 18:09:22 | INFO     | src.processing.processor:_process_single_combination:141 - Processing combination 3/7: frame_1191.md + nano-banano-pro-2k_16x9_wbt_ari_young_israel
2026-01-01 18:09:22 | DEBUG    | src.processing.processor:_process_single_combination:163 - Built image_input array with 2 URL(s): ['https://f003.backblazeb2.com/file/wbt-bucket/ari_young_israel/frame_1191.jpg', 'https://f003.backblazeb2.com/file/wbt-bucket/references/ari_foldman_young.png']
2026-01-01 18:09:22 | DEBUG    | src.processing.processor:_apply_prompt_fixes:235 - Added prefix to prompt: Create an exact, photorealistic version of the provided drawing. The drawing is suppose to depict Ari Foldman in early 1980s Israel. The drawing depicts 
2026-01-01 18:09:22 | DEBUG    | src.processing.processor:_apply_prompt_fixes:239 - Added suffix to prompt: Provided image ari_foldman_young.png show what Ari Foldman actually looks like. The created image should look like it was shot on 35mm film by Roger Deakins.
2026-01-01 18:09:22 | DEBUG    | src.processing.processor:_process_with_context:215 - Processing frame_1191.md: Create an exact, photorealistic version of the pro...
2026-01-01 18:09:22 | DEBUG    | src.api.client:generate_image:85 - CRITICAL DEBUG - Received params: {
  "num_images": 1,
  "aspect_ratio": "16:9",
  "output_format": "png",
  "resolution": "2K",
  "safety_filter_level": "block_only_high",
  "image_input": [
    "https://f003.backblazeb2.com/file/wbt-bucket/ari_young_israel/frame_1191.jpg",
    "https://f003.backblazeb2.com/file/wbt-bucket/references/ari_foldman_young.png"
  ]
}
2026-01-01 18:09:22 | DEBUG    | src.api.client:generate_image:86 - CRITICAL DEBUG - Constructed payload: {
  "num_images": 1,
  "aspect_ratio": "16:9",
  "output_format": "png",
  "resolution": "2K",
  "safety_filter_level": "block_only_high",
  "image_input": [
    "https://f003.backblazeb2.com/file/wbt-bucket/ari_young_israel/frame_1191.jpg",
    "https://f003.backblazeb2.com/file/wbt-bucket/references/ari_foldman_young.png"
  ],
  "prompt": "Create an exact, photorealistic version of the provided drawing. The drawing is suppose to depict Ari Foldman in early 1980s Israel. The drawing depicts  Daytime scene where reserve soldier Ari Foldman walks with a backpack along the sidewalk. Add cars and other pedestrians. To the right in the distance, a green flagpole with Israeli flags flutter in the wind. Provided image ari_foldman_young.png show what Ari Foldman actually looks like. The created image should look like it was shot on 35mm film by Roger Deakins."
}
2026-01-01 18:09:22 | DEBUG    | src.api.client:generate_image:89 - Original prompt: Create an exact, photorealistic version of the provided drawing. The drawing is suppose to depict Ari Foldman in early 1980s Israel. The drawing depicts  Daytime scene where reserve soldier Ari Foldman walks with a backpack along the sidewalk. Add cars and other pedestrians. To the right in the distance, a green flagpole with Israeli flags flutter in the wind. Provided image ari_foldman_young.png show what Ari Foldman actually looks like. The created image should look like it was shot on 35mm film by Roger Deakins.
2026-01-01 18:09:22 | DEBUG    | src.api.client:generate_image:90 - Clean prompt being sent: Create an exact, photorealistic version of the provided drawing. The drawing is suppose to depict Ari Foldman in early 1980s Israel. The drawing depicts  Daytime scene where reserve soldier Ari Foldman walks with a backpack along the sidewalk. Add cars and other pedestrians. To the right in the distance, a green flagpole with Israeli flags flutter in the wind. Provided image ari_foldman_young.png show what Ari Foldman actually looks like. The created image should look like it was shot on 35mm film by Roger Deakins.
2026-01-01 18:09:22 | DEBUG    | src.api.client:generate_image:91 - Clean prompt repr: 'Create an exact, photorealistic version of the provided drawing. The drawing is suppose to depict Ari Foldman in early 1980s Israel. The drawing depicts  Daytime scene where reserve soldier Ari Foldman walks with a backpack along the sidewalk. Add cars and other pedestrians. To the right in the distance, a green flagpole with Israeli flags flutter in the wind. Provided image ari_foldman_young.png show what Ari Foldman actually looks like. The created image should look like it was shot on 35mm film by Roger Deakins.'
2026-01-01 18:09:22 | DEBUG    | src.api.client:_call_with_retry:152 - API call attempt 1/3
2026-01-01 18:09:22 | DEBUG    | src.api.client:_call_with_retry:155 - CRITICAL DEBUG - Payload sent to replicate.run: {
  "num_images": 1,
  "aspect_ratio": "16:9",
  "output_format": "png",
  "resolution": "2K",
  "safety_filter_level": "block_only_high",
  "image_input": [
    "https://f003.backblazeb2.com/file/wbt-bucket/ari_young_israel/frame_1191.jpg",
    "https://f003.backblazeb2.com/file/wbt-bucket/references/ari_foldman_young.png"
  ],
  "prompt": "Create an exact, photorealistic version of the provided drawing. The drawing is suppose to depict Ari Foldman in early 1980s Israel. The drawing depicts  Daytime scene where reserve soldier Ari Foldman walks with a backpack along the sidewalk. Add cars and other pedestrians. To the right in the distance, a green flagpole with Israeli flags flutter in the wind. Provided image ari_foldman_young.png show what Ari Foldman actually looks like. The created image should look like it was shot on 35mm film by Roger Deakins."
}
2026-01-01 18:10:04 | DEBUG    | src.api.client:_call_with_retry:170 - API call successful
2026-01-01 18:10:04 | WARNING  | src.api.client:generate_image:117 - API PARAMETER FILTERING DETECTED:
2026-01-01 18:10:04 | WARNING  | src.api.client:generate_image:118 -   Model: google/nano-banana-pro
2026-01-01 18:10:04 | WARNING  | src.api.client:generate_image:119 -   Filtered parameters: ['image_input']
2026-01-01 18:10:04 | WARNING  | src.api.client:generate_image:120 -   This means the model doesn't support these parameters
2026-01-01 18:10:06 | INFO     | src.output.writer:_save_to_disk:203 - Saved valid image: USER-FILES/05.OUTPUT/260101_180801_IMAGE/260101_181004_frame_1191.png
2026-01-01 18:10:06 | DEBUG    | src.output.writer:_save_payload:270 - Saved payload to USER-FILES/05.OUTPUT/260101_180801_IMAGE/260101_181004_frame_1191.md
2026-01-01 18:10:06 | INFO     | src.processing.processor:_generate_and_save_image:276 - Saved image: USER-FILES/05.OUTPUT/260101_180801_IMAGE/260101_181004_frame_1191.png
2026-01-01 18:10:06 | INFO     | src.processing.processor:_process_with_context:226 - Waiting 1.0 seconds before next request
2026-01-01 18:10:07 | DEBUG    | src.processing.processor:_process_single_combination:132 - Extracted image URL from markdown: https://f003.backblazeb2.com/file/wbt-bucket/ari_young_israel/frame_1222.jpg
2026-01-01 18:10:07 | INFO     | src.processing.discovery:load_prompts:66 - Extracted prompt from frame_1222.md
2026-01-01 18:10:07 | INFO     | src.processing.processor:_process_single_combination:141 - Processing combination 4/7: frame_1222.md + nano-banano-pro-2k_16x9_wbt_ari_young_israel
2026-01-01 18:10:07 | DEBUG    | src.processing.processor:_process_single_combination:163 - Built image_input array with 2 URL(s): ['https://f003.backblazeb2.com/file/wbt-bucket/ari_young_israel/frame_1222.jpg', 'https://f003.backblazeb2.com/file/wbt-bucket/references/ari_foldman_young.png']
2026-01-01 18:10:07 | DEBUG    | src.processing.processor:_apply_prompt_fixes:235 - Added prefix to prompt: Create an exact, photorealistic version of the provided drawing. The drawing is suppose to depict Ari Foldman in early 1980s Israel. The drawing depicts 
2026-01-01 18:10:07 | DEBUG    | src.processing.processor:_apply_prompt_fixes:239 - Added suffix to prompt: Provided image ari_foldman_young.png show what Ari Foldman actually looks like. The created image should look like it was shot on 35mm film by Roger Deakins.
2026-01-01 18:10:07 | DEBUG    | src.processing.processor:_process_with_context:215 - Processing frame_1222.md: Create an exact, photorealistic version of the pro...
2026-01-01 18:10:07 | DEBUG    | src.api.client:generate_image:85 - CRITICAL DEBUG - Received params: {
  "num_images": 1,
  "aspect_ratio": "16:9",
  "output_format": "png",
  "resolution": "2K",
  "safety_filter_level": "block_only_high",
  "image_input": [
    "https://f003.backblazeb2.com/file/wbt-bucket/ari_young_israel/frame_1222.jpg",
    "https://f003.backblazeb2.com/file/wbt-bucket/references/ari_foldman_young.png"
  ]
}
2026-01-01 18:10:07 | DEBUG    | src.api.client:generate_image:86 - CRITICAL DEBUG - Constructed payload: {
  "num_images": 1,
  "aspect_ratio": "16:9",
  "output_format": "png",
  "resolution": "2K",
  "safety_filter_level": "block_only_high",
  "image_input": [
    "https://f003.backblazeb2.com/file/wbt-bucket/ari_young_israel/frame_1222.jpg",
    "https://f003.backblazeb2.com/file/wbt-bucket/references/ari_foldman_young.png"
  ],
  "prompt": "Create an exact, photorealistic version of the provided drawing. The drawing is suppose to depict Ari Foldman in early 1980s Israel. The drawing depicts  a daytime scene where reserve soldier Ari Foldman passes by a dim arcade where boys play cabinet games. The store next door has 30% off on TV sets. Add more pedestrians. Provided image ari_foldman_young.png show what Ari Foldman actually looks like. The created image should look like it was shot on 35mm film by Roger Deakins."
}
2026-01-01 18:10:07 | DEBUG    | src.api.client:generate_image:89 - Original prompt: Create an exact, photorealistic version of the provided drawing. The drawing is suppose to depict Ari Foldman in early 1980s Israel. The drawing depicts  a daytime scene where reserve soldier Ari Foldman passes by a dim arcade where boys play cabinet games. The store next door has 30% off on TV sets. Add more pedestrians. Provided image ari_foldman_young.png show what Ari Foldman actually looks like. The created image should look like it was shot on 35mm film by Roger Deakins.
2026-01-01 18:10:07 | DEBUG    | src.api.client:generate_image:90 - Clean prompt being sent: Create an exact, photorealistic version of the provided drawing. The drawing is suppose to depict Ari Foldman in early 1980s Israel. The drawing depicts  a daytime scene where reserve soldier Ari Foldman passes by a dim arcade where boys play cabinet games. The store next door has 30% off on TV sets. Add more pedestrians. Provided image ari_foldman_young.png show what Ari Foldman actually looks like. The created image should look like it was shot on 35mm film by Roger Deakins.
2026-01-01 18:10:07 | DEBUG    | src.api.client:generate_image:91 - Clean prompt repr: 'Create an exact, photorealistic version of the provided drawing. The drawing is suppose to depict Ari Foldman in early 1980s Israel. The drawing depicts  a daytime scene where reserve soldier Ari Foldman passes by a dim arcade where boys play cabinet games. The store next door has 30% off on TV sets. Add more pedestrians. Provided image ari_foldman_young.png show what Ari Foldman actually looks like. The created image should look like it was shot on 35mm film by Roger Deakins.'
2026-01-01 18:10:07 | DEBUG    | src.api.client:_call_with_retry:152 - API call attempt 1/3
2026-01-01 18:10:07 | DEBUG    | src.api.client:_call_with_retry:155 - CRITICAL DEBUG - Payload sent to replicate.run: {
  "num_images": 1,
  "aspect_ratio": "16:9",
  "output_format": "png",
  "resolution": "2K",
  "safety_filter_level": "block_only_high",
  "image_input": [
    "https://f003.backblazeb2.com/file/wbt-bucket/ari_young_israel/frame_1222.jpg",
    "https://f003.backblazeb2.com/file/wbt-bucket/references/ari_foldman_young.png"
  ],
  "prompt": "Create an exact, photorealistic version of the provided drawing. The drawing is suppose to depict Ari Foldman in early 1980s Israel. The drawing depicts  a daytime scene where reserve soldier Ari Foldman passes by a dim arcade where boys play cabinet games. The store next door has 30% off on TV sets. Add more pedestrians. Provided image ari_foldman_young.png show what Ari Foldman actually looks like. The created image should look like it was shot on 35mm film by Roger Deakins."
}
2026-01-01 18:10:49 | DEBUG    | src.api.client:_call_with_retry:170 - API call successful
2026-01-01 18:10:49 | WARNING  | src.api.client:generate_image:117 - API PARAMETER FILTERING DETECTED:
2026-01-01 18:10:49 | WARNING  | src.api.client:generate_image:118 -   Model: google/nano-banana-pro
2026-01-01 18:10:49 | WARNING  | src.api.client:generate_image:119 -   Filtered parameters: ['image_input']
2026-01-01 18:10:49 | WARNING  | src.api.client:generate_image:120 -   This means the model doesn't support these parameters
2026-01-01 18:10:51 | INFO     | src.output.writer:_save_to_disk:203 - Saved valid image: USER-FILES/05.OUTPUT/260101_180801_IMAGE/260101_181049_frame_1222.png
2026-01-01 18:10:51 | DEBUG    | src.output.writer:_save_payload:270 - Saved payload to USER-FILES/05.OUTPUT/260101_180801_IMAGE/260101_181049_frame_1222.md
2026-01-01 18:10:51 | INFO     | src.processing.processor:_generate_and_save_image:276 - Saved image: USER-FILES/05.OUTPUT/260101_180801_IMAGE/260101_181049_frame_1222.png
2026-01-01 18:10:51 | INFO     | src.processing.processor:_process_with_context:226 - Waiting 1.0 seconds before next request
2026-01-01 18:10:52 | DEBUG    | src.processing.processor:_process_single_combination:132 - Extracted image URL from markdown: https://f003.backblazeb2.com/file/wbt-bucket/ari_young_israel/frame_1239.jpg
2026-01-01 18:10:52 | INFO     | src.processing.discovery:load_prompts:66 - Extracted prompt from frame_1239.md
2026-01-01 18:10:52 | INFO     | src.processing.processor:_process_single_combination:141 - Processing combination 5/7: frame_1239.md + nano-banano-pro-2k_16x9_wbt_ari_young_israel
2026-01-01 18:10:52 | DEBUG    | src.processing.processor:_process_single_combination:163 - Built image_input array with 2 URL(s): ['https://f003.backblazeb2.com/file/wbt-bucket/ari_young_israel/frame_1239.jpg', 'https://f003.backblazeb2.com/file/wbt-bucket/references/ari_foldman_young.png']
2026-01-01 18:10:52 | DEBUG    | src.processing.processor:_apply_prompt_fixes:235 - Added prefix to prompt: Create an exact, photorealistic version of the provided drawing. The drawing is suppose to depict Ari Foldman in early 1980s Israel. The drawing depicts 
2026-01-01 18:10:52 | DEBUG    | src.processing.processor:_apply_prompt_fixes:239 - Added suffix to prompt: Provided image ari_foldman_young.png show what Ari Foldman actually looks like. The created image should look like it was shot on 35mm film by Roger Deakins.
2026-01-01 18:10:52 | DEBUG    | src.processing.processor:_process_with_context:215 - Processing frame_1239.md: Create an exact, photorealistic version of the pro...
2026-01-01 18:10:52 | DEBUG    | src.api.client:generate_image:85 - CRITICAL DEBUG - Received params: {
  "num_images": 1,
  "aspect_ratio": "16:9",
  "output_format": "png",
  "resolution": "2K",
  "safety_filter_level": "block_only_high",
  "image_input": [
    "https://f003.backblazeb2.com/file/wbt-bucket/ari_young_israel/frame_1239.jpg",
    "https://f003.backblazeb2.com/file/wbt-bucket/references/ari_foldman_young.png"
  ]
}
2026-01-01 18:10:52 | DEBUG    | src.api.client:generate_image:86 - CRITICAL DEBUG - Constructed payload: {
  "num_images": 1,
  "aspect_ratio": "16:9",
  "output_format": "png",
  "resolution": "2K",
  "safety_filter_level": "block_only_high",
  "image_input": [
    "https://f003.backblazeb2.com/file/wbt-bucket/ari_young_israel/frame_1239.jpg",
    "https://f003.backblazeb2.com/file/wbt-bucket/references/ari_foldman_young.png"
  ],
  "prompt": "Create an exact, photorealistic version of the provided drawing. The drawing is suppose to depict Ari Foldman in early 1980s Israel. The drawing depicts  Over-the-shoulder shot from Ari Foldmans as look at boys playing arcade machines in a dim room. The head of Ari is in the foreground to the right, out of focus. Provided image ari_foldman_young.png show what Ari Foldman actually looks like. The created image should look like it was shot on 35mm film by Roger Deakins."
}
2026-01-01 18:10:52 | DEBUG    | src.api.client:generate_image:89 - Original prompt: Create an exact, photorealistic version of the provided drawing. The drawing is suppose to depict Ari Foldman in early 1980s Israel. The drawing depicts  Over-the-shoulder shot from Ari Foldmans as look at boys playing arcade machines in a dim room. The head of Ari is in the foreground to the right, out of focus. Provided image ari_foldman_young.png show what Ari Foldman actually looks like. The created image should look like it was shot on 35mm film by Roger Deakins.
2026-01-01 18:10:52 | DEBUG    | src.api.client:generate_image:90 - Clean prompt being sent: Create an exact, photorealistic version of the provided drawing. The drawing is suppose to depict Ari Foldman in early 1980s Israel. The drawing depicts  Over-the-shoulder shot from Ari Foldmans as look at boys playing arcade machines in a dim room. The head of Ari is in the foreground to the right, out of focus. Provided image ari_foldman_young.png show what Ari Foldman actually looks like. The created image should look like it was shot on 35mm film by Roger Deakins.
2026-01-01 18:10:52 | DEBUG    | src.api.client:generate_image:91 - Clean prompt repr: 'Create an exact, photorealistic version of the provided drawing. The drawing is suppose to depict Ari Foldman in early 1980s Israel. The drawing depicts  Over-the-shoulder shot from Ari Foldmans as look at boys playing arcade machines in a dim room. The head of Ari is in the foreground to the right, out of focus. Provided image ari_foldman_young.png show what Ari Foldman actually looks like. The created image should look like it was shot on 35mm film by Roger Deakins.'
2026-01-01 18:10:52 | DEBUG    | src.api.client:_call_with_retry:152 - API call attempt 1/3
2026-01-01 18:10:52 | DEBUG    | src.api.client:_call_with_retry:155 - CRITICAL DEBUG - Payload sent to replicate.run: {
  "num_images": 1,
  "aspect_ratio": "16:9",
  "output_format": "png",
  "resolution": "2K",
  "safety_filter_level": "block_only_high",
  "image_input": [
    "https://f003.backblazeb2.com/file/wbt-bucket/ari_young_israel/frame_1239.jpg",
    "https://f003.backblazeb2.com/file/wbt-bucket/references/ari_foldman_young.png"
  ],
  "prompt": "Create an exact, photorealistic version of the provided drawing. The drawing is suppose to depict Ari Foldman in early 1980s Israel. The drawing depicts  Over-the-shoulder shot from Ari Foldmans as look at boys playing arcade machines in a dim room. The head of Ari is in the foreground to the right, out of focus. Provided image ari_foldman_young.png show what Ari Foldman actually looks like. The created image should look like it was shot on 35mm film by Roger Deakins."
}
2026-01-01 18:11:32 | DEBUG    | src.api.client:_call_with_retry:170 - API call successful
2026-01-01 18:11:32 | WARNING  | src.api.client:generate_image:117 - API PARAMETER FILTERING DETECTED:
2026-01-01 18:11:32 | WARNING  | src.api.client:generate_image:118 -   Model: google/nano-banana-pro
2026-01-01 18:11:32 | WARNING  | src.api.client:generate_image:119 -   Filtered parameters: ['image_input']
2026-01-01 18:11:32 | WARNING  | src.api.client:generate_image:120 -   This means the model doesn't support these parameters
2026-01-01 18:11:33 | INFO     | src.output.writer:_save_to_disk:203 - Saved valid image: USER-FILES/05.OUTPUT/260101_180801_IMAGE/260101_181132_frame_1239.png
2026-01-01 18:11:33 | DEBUG    | src.output.writer:_save_payload:270 - Saved payload to USER-FILES/05.OUTPUT/260101_180801_IMAGE/260101_181132_frame_1239.md
2026-01-01 18:11:33 | INFO     | src.processing.processor:_generate_and_save_image:276 - Saved image: USER-FILES/05.OUTPUT/260101_180801_IMAGE/260101_181132_frame_1239.png
2026-01-01 18:11:33 | INFO     | src.processing.processor:_process_with_context:226 - Waiting 1.0 seconds before next request
2026-01-01 18:11:34 | DEBUG    | src.processing.processor:_process_single_combination:132 - Extracted image URL from markdown: https://f003.backblazeb2.com/file/wbt-bucket/ari_young_israel/frame_2052.jpg
2026-01-01 18:11:34 | INFO     | src.processing.discovery:load_prompts:66 - Extracted prompt from frame_2052.md
2026-01-01 18:11:34 | INFO     | src.processing.processor:_process_single_combination:141 - Processing combination 6/7: frame_2052.md + nano-banano-pro-2k_16x9_wbt_ari_young_israel
2026-01-01 18:11:34 | DEBUG    | src.processing.processor:_process_single_combination:163 - Built image_input array with 2 URL(s): ['https://f003.backblazeb2.com/file/wbt-bucket/ari_young_israel/frame_2052.jpg', 'https://f003.backblazeb2.com/file/wbt-bucket/references/ari_foldman_young.png']
2026-01-01 18:11:34 | DEBUG    | src.processing.processor:_apply_prompt_fixes:235 - Added prefix to prompt: Create an exact, photorealistic version of the provided drawing. The drawing is suppose to depict Ari Foldman in early 1980s Israel. The drawing depicts 
2026-01-01 18:11:34 | DEBUG    | src.processing.processor:_apply_prompt_fixes:239 - Added suffix to prompt: Provided image ari_foldman_young.png show what Ari Foldman actually looks like. The created image should look like it was shot on 35mm film by Roger Deakins.
2026-01-01 18:11:34 | DEBUG    | src.processing.processor:_process_with_context:215 - Processing frame_2052.md: Create an exact, photorealistic version of the pro...
2026-01-01 18:11:34 | DEBUG    | src.api.client:generate_image:85 - CRITICAL DEBUG - Received params: {
  "num_images": 1,
  "aspect_ratio": "16:9",
  "output_format": "png",
  "resolution": "2K",
  "safety_filter_level": "block_only_high",
  "image_input": [
    "https://f003.backblazeb2.com/file/wbt-bucket/ari_young_israel/frame_2052.jpg",
    "https://f003.backblazeb2.com/file/wbt-bucket/references/ari_foldman_young.png"
  ]
}
2026-01-01 18:11:34 | DEBUG    | src.api.client:generate_image:86 - CRITICAL DEBUG - Constructed payload: {
  "num_images": 1,
  "aspect_ratio": "16:9",
  "output_format": "png",
  "resolution": "2K",
  "safety_filter_level": "block_only_high",
  "image_input": [
    "https://f003.backblazeb2.com/file/wbt-bucket/ari_young_israel/frame_2052.jpg",
    "https://f003.backblazeb2.com/file/wbt-bucket/references/ari_foldman_young.png"
  ],
  "prompt": "Create an exact, photorealistic version of the provided drawing. The drawing is suppose to depict Ari Foldman in early 1980s Israel. The drawing depicts  Ari Foldman walks under the shadow from the wing of a parked airplane. Behind him soldiers gather on an airport tarmac near a planes. Provided image ari_foldman_young.png show what Ari Foldman actually looks like. The created image should look like it was shot on 35mm film by Roger Deakins."
}
2026-01-01 18:11:34 | DEBUG    | src.api.client:generate_image:89 - Original prompt: Create an exact, photorealistic version of the provided drawing. The drawing is suppose to depict Ari Foldman in early 1980s Israel. The drawing depicts  Ari Foldman walks under the shadow from the wing of a parked airplane. Behind him soldiers gather on an airport tarmac near a planes. Provided image ari_foldman_young.png show what Ari Foldman actually looks like. The created image should look like it was shot on 35mm film by Roger Deakins.
2026-01-01 18:11:34 | DEBUG    | src.api.client:generate_image:90 - Clean prompt being sent: Create an exact, photorealistic version of the provided drawing. The drawing is suppose to depict Ari Foldman in early 1980s Israel. The drawing depicts  Ari Foldman walks under the shadow from the wing of a parked airplane. Behind him soldiers gather on an airport tarmac near a planes. Provided image ari_foldman_young.png show what Ari Foldman actually looks like. The created image should look like it was shot on 35mm film by Roger Deakins.
2026-01-01 18:11:34 | DEBUG    | src.api.client:generate_image:91 - Clean prompt repr: 'Create an exact, photorealistic version of the provided drawing. The drawing is suppose to depict Ari Foldman in early 1980s Israel. The drawing depicts  Ari Foldman walks under the shadow from the wing of a parked airplane. Behind him soldiers gather on an airport tarmac near a planes. Provided image ari_foldman_young.png show what Ari Foldman actually looks like. The created image should look like it was shot on 35mm film by Roger Deakins.'
2026-01-01 18:11:34 | DEBUG    | src.api.client:_call_with_retry:152 - API call attempt 1/3
2026-01-01 18:11:34 | DEBUG    | src.api.client:_call_with_retry:155 - CRITICAL DEBUG - Payload sent to replicate.run: {
  "num_images": 1,
  "aspect_ratio": "16:9",
  "output_format": "png",
  "resolution": "2K",
  "safety_filter_level": "block_only_high",
  "image_input": [
    "https://f003.backblazeb2.com/file/wbt-bucket/ari_young_israel/frame_2052.jpg",
    "https://f003.backblazeb2.com/file/wbt-bucket/references/ari_foldman_young.png"
  ],
  "prompt": "Create an exact, photorealistic version of the provided drawing. The drawing is suppose to depict Ari Foldman in early 1980s Israel. The drawing depicts  Ari Foldman walks under the shadow from the wing of a parked airplane. Behind him soldiers gather on an airport tarmac near a planes. Provided image ari_foldman_young.png show what Ari Foldman actually looks like. The created image should look like it was shot on 35mm film by Roger Deakins."
}
2026-01-01 18:12:14 | DEBUG    | src.api.client:_call_with_retry:170 - API call successful
2026-01-01 18:12:14 | WARNING  | src.api.client:generate_image:117 - API PARAMETER FILTERING DETECTED:
2026-01-01 18:12:14 | WARNING  | src.api.client:generate_image:118 -   Model: google/nano-banana-pro
2026-01-01 18:12:14 | WARNING  | src.api.client:generate_image:119 -   Filtered parameters: ['image_input']
2026-01-01 18:12:14 | WARNING  | src.api.client:generate_image:120 -   This means the model doesn't support these parameters
2026-01-01 18:12:16 | INFO     | src.output.writer:_save_to_disk:203 - Saved valid image: USER-FILES/05.OUTPUT/260101_180801_IMAGE/260101_181214_frame_2052.png
2026-01-01 18:12:16 | DEBUG    | src.output.writer:_save_payload:270 - Saved payload to USER-FILES/05.OUTPUT/260101_180801_IMAGE/260101_181214_frame_2052.md
2026-01-01 18:12:16 | INFO     | src.processing.processor:_generate_and_save_image:276 - Saved image: USER-FILES/05.OUTPUT/260101_180801_IMAGE/260101_181214_frame_2052.png
2026-01-01 18:12:16 | INFO     | src.processing.processor:_process_with_context:226 - Waiting 1.0 seconds before next request
2026-01-01 18:12:17 | DEBUG    | src.processing.processor:_process_single_combination:132 - Extracted image URL from markdown: https://f003.backblazeb2.com/file/wbt-bucket/ari_young_israel/frame_2100.jpg
2026-01-01 18:12:17 | INFO     | src.processing.discovery:load_prompts:66 - Extracted prompt from frame_2100.md
2026-01-01 18:12:17 | INFO     | src.processing.processor:_process_single_combination:141 - Processing combination 7/7: frame_2100.md + nano-banano-pro-2k_16x9_wbt_ari_young_israel
2026-01-01 18:12:17 | DEBUG    | src.processing.processor:_process_single_combination:163 - Built image_input array with 2 URL(s): ['https://f003.backblazeb2.com/file/wbt-bucket/ari_young_israel/frame_2100.jpg', 'https://f003.backblazeb2.com/file/wbt-bucket/references/ari_foldman_young.png']
2026-01-01 18:12:17 | DEBUG    | src.processing.processor:_apply_prompt_fixes:235 - Added prefix to prompt: Create an exact, photorealistic version of the provided drawing. The drawing is suppose to depict Ari Foldman in early 1980s Israel. The drawing depicts 
2026-01-01 18:12:17 | DEBUG    | src.processing.processor:_apply_prompt_fixes:239 - Added suffix to prompt: Provided image ari_foldman_young.png show what Ari Foldman actually looks like. The created image should look like it was shot on 35mm film by Roger Deakins.
2026-01-01 18:12:17 | DEBUG    | src.processing.processor:_process_with_context:215 - Processing frame_2100.md: Create an exact, photorealistic version of the pro...
2026-01-01 18:12:17 | DEBUG    | src.api.client:generate_image:85 - CRITICAL DEBUG - Received params: {
  "num_images": 1,
  "aspect_ratio": "16:9",
  "output_format": "png",
  "resolution": "2K",
  "safety_filter_level": "block_only_high",
  "image_input": [
    "https://f003.backblazeb2.com/file/wbt-bucket/ari_young_israel/frame_2100.jpg",
    "https://f003.backblazeb2.com/file/wbt-bucket/references/ari_foldman_young.png"
  ]
}
2026-01-01 18:12:17 | DEBUG    | src.api.client:generate_image:86 - CRITICAL DEBUG - Constructed payload: {
  "num_images": 1,
  "aspect_ratio": "16:9",
  "output_format": "png",
  "resolution": "2K",
  "safety_filter_level": "block_only_high",
  "image_input": [
    "https://f003.backblazeb2.com/file/wbt-bucket/ari_young_israel/frame_2100.jpg",
    "https://f003.backblazeb2.com/file/wbt-bucket/references/ari_foldman_young.png"
  ],
  "prompt": "Create an exact, photorealistic version of the provided drawing. The drawing is suppose to depict Ari Foldman in early 1980s Israel. The drawing depicts  The Israeli soldier Ari Foldman stands before other Israeli soldiers on an airport tarmac. Behind him, above his head is the shadow of an  wing of a parked airplane. Provided image ari_foldman_young.png show what Ari Foldman actually looks like. The created image should look like it was shot on 35mm film by Roger Deakins."
}
2026-01-01 18:12:17 | DEBUG    | src.api.client:generate_image:89 - Original prompt: Create an exact, photorealistic version of the provided drawing. The drawing is suppose to depict Ari Foldman in early 1980s Israel. The drawing depicts  The Israeli soldier Ari Foldman stands before other Israeli soldiers on an airport tarmac. Behind him, above his head is the shadow of an  wing of a parked airplane. Provided image ari_foldman_young.png show what Ari Foldman actually looks like. The created image should look like it was shot on 35mm film by Roger Deakins.
2026-01-01 18:12:17 | DEBUG    | src.api.client:generate_image:90 - Clean prompt being sent: Create an exact, photorealistic version of the provided drawing. The drawing is suppose to depict Ari Foldman in early 1980s Israel. The drawing depicts  The Israeli soldier Ari Foldman stands before other Israeli soldiers on an airport tarmac. Behind him, above his head is the shadow of an  wing of a parked airplane. Provided image ari_foldman_young.png show what Ari Foldman actually looks like. The created image should look like it was shot on 35mm film by Roger Deakins.
2026-01-01 18:12:17 | DEBUG    | src.api.client:generate_image:91 - Clean prompt repr: 'Create an exact, photorealistic version of the provided drawing. The drawing is suppose to depict Ari Foldman in early 1980s Israel. The drawing depicts  The Israeli soldier Ari Foldman stands before other Israeli soldiers on an airport tarmac. Behind him, above his head is the shadow of an  wing of a parked airplane. Provided image ari_foldman_young.png show what Ari Foldman actually looks like. The created image should look like it was shot on 35mm film by Roger Deakins.'
2026-01-01 18:12:17 | DEBUG    | src.api.client:_call_with_retry:152 - API call attempt 1/3
2026-01-01 18:12:17 | DEBUG    | src.api.client:_call_with_retry:155 - CRITICAL DEBUG - Payload sent to replicate.run: {
  "num_images": 1,
  "aspect_ratio": "16:9",
  "output_format": "png",
  "resolution": "2K",
  "safety_filter_level": "block_only_high",
  "image_input": [
    "https://f003.backblazeb2.com/file/wbt-bucket/ari_young_israel/frame_2100.jpg",
    "https://f003.backblazeb2.com/file/wbt-bucket/references/ari_foldman_young.png"
  ],
  "prompt": "Create an exact, photorealistic version of the provided drawing. The drawing is suppose to depict Ari Foldman in early 1980s Israel. The drawing depicts  The Israeli soldier Ari Foldman stands before other Israeli soldiers on an airport tarmac. Behind him, above his head is the shadow of an  wing of a parked airplane. Provided image ari_foldman_young.png show what Ari Foldman actually looks like. The created image should look like it was shot on 35mm film by Roger Deakins."
}
2026-01-01 18:13:14 | DEBUG    | src.api.client:_call_with_retry:170 - API call successful
2026-01-01 18:13:14 | WARNING  | src.api.client:generate_image:117 - API PARAMETER FILTERING DETECTED:
2026-01-01 18:13:14 | WARNING  | src.api.client:generate_image:118 -   Model: google/nano-banana-pro
2026-01-01 18:13:14 | WARNING  | src.api.client:generate_image:119 -   Filtered parameters: ['image_input']
2026-01-01 18:13:14 | WARNING  | src.api.client:generate_image:120 -   This means the model doesn't support these parameters
2026-01-01 18:13:16 | INFO     | src.output.writer:_save_to_disk:203 - Saved valid image: USER-FILES/05.OUTPUT/260101_180801_IMAGE/260101_181314_frame_2100.png
2026-01-01 18:13:16 | DEBUG    | src.output.writer:_save_payload:270 - Saved payload to USER-FILES/05.OUTPUT/260101_180801_IMAGE/260101_181314_frame_2100.md
2026-01-01 18:13:16 | INFO     | src.processing.processor:_generate_and_save_image:276 - Saved image: USER-FILES/05.OUTPUT/260101_180801_IMAGE/260101_181314_frame_2100.png
2026-01-01 18:13:16 | INFO     | src.processing.processor:_process_with_context:226 - Waiting 1.0 seconds before next request
2026-01-01 18:13:17 | INFO     | src.processing.discovery:load_prompts:66 - Extracted prompt from frame_0462.md
2026-01-01 18:13:17 | INFO     | src.processing.discovery:load_prompts:66 - Extracted prompt from frame_1053.md
2026-01-01 18:13:17 | INFO     | src.processing.discovery:load_prompts:66 - Extracted prompt from frame_1191.md
2026-01-01 18:13:17 | INFO     | src.processing.discovery:load_prompts:66 - Extracted prompt from frame_1222.md
2026-01-01 18:13:17 | INFO     | src.processing.discovery:load_prompts:66 - Extracted prompt from frame_1239.md
2026-01-01 18:13:17 | INFO     | src.processing.discovery:load_prompts:66 - Extracted prompt from frame_2052.md
2026-01-01 18:13:17 | INFO     | src.processing.discovery:load_prompts:66 - Extracted prompt from frame_2100.md
2026-01-01 18:13:17 | INFO     | src.output.writer:write_report:306 - Report saved: USER-FILES/05.OUTPUT/260101_180801_IMAGE/SUCCESS.md
2026-01-01 18:13:17 | INFO     | src.output.writer:write_report:306 - Report saved: USER-FILES/05.OUTPUT/260101_180801_IMAGE/COST-REPORT.md
2026-01-01 18:13:17 | INFO     | src.output.writer:write_report:306 - Report saved: USER-FILES/05.OUTPUT/260101_180801_IMAGE/PROFILES-WITH-FIXES.md
2026-01-01 18:13:17 | INFO     | src.output.reporter:_save_success_reports:62 - Reports saved successfully
2026-01-01 18:13:17 | SUCCESS  | __main__:generate_final_reports:264 - ✅ Completed successfully! Generated 7 images
