2026-01-21 15:04:53 | INFO     | src.utils.logging:setup_logging:39 - Logging configured (verbose=False, debug=False)
2026-01-21 15:04:53 | INFO     | __main__:setup_environment:79 - Environment initialized
2026-01-21 15:04:53 | INFO     | __main__:load_and_validate_config:84 - Loading configuration...
2026-01-21 15:04:53 | INFO     | src.config.loader:load_config:45 - Loaded configuration from USER-FILES/01.CONFIG/config.yaml
2026-01-21 15:04:53 | INFO     | __main__:authenticate_for_mode:273 - Authenticating with 1Password...
2026-01-21 15:04:56 | DEBUG    | src.auth.session_manager:ensure_op_auth:39 - 1Password session is active
2026-01-21 15:04:56 | INFO     | __main__:authenticate_for_mode:277 - Validating API key access (dry-run mode)...
2026-01-21 15:04:57 | DEBUG    | src.auth.session_manager:ensure_op_auth:39 - 1Password session is active
2026-01-21 15:04:57 | DEBUG    | src.auth.auth:load_auth_config:28 - Using auth config: auth_ruben.yaml
2026-01-21 15:04:59 | DEBUG    | src.auth.auth:get_api_key:77 - Retrieved API key: r8_K...
2026-01-21 15:04:59 | SUCCESS  | __main__:authenticate_for_mode:279 - ✅ API key validated successfully
2026-01-21 15:04:59 | INFO     | __main__:discover_inputs_and_profiles:92 - Discovering inputs...
2026-01-21 15:04:59 | DEBUG    | src.processing.discovery:discover_prompt_files:42 - Found markdown file: frame_2144.md
2026-01-21 15:04:59 | INFO     | src.processing.discovery:discover_prompt_files:47 - Discovered 1 markdown files
2026-01-21 15:04:59 | DEBUG    | src.processing.discovery:discover_profiles:98 - Loaded profile: USER-FILES/03.PROFILES/WALTZ_OF_BASHIR_lebanon.yaml
2026-01-21 15:04:59 | INFO     | src.processing.discovery:discover_profiles:102 - Loaded 1 profiles
2026-01-21 15:04:59 | INFO     | src.processing.discovery:get_active_models:150 - Found profile: WALTZ_OF_BASHIR_lebanon
2026-01-21 15:04:59 | INFO     | src.processing.discovery:get_active_models:155 - Total profiles to process: 1
2026-01-21 15:04:59 | INFO     | src.config.validator:validate_all:25 - All configuration validation passed
2026-01-21 15:04:59 | INFO     | __main__:initialize_services:186 - Output directory: USER-FILES/05.OUTPUT/260121_150459_IMAGE
2026-01-21 15:04:59 | INFO     | __main__:execute_processing:221 - Starting matrix processing...
2026-01-21 15:04:59 | DEBUG    | src.processing.validator:validate_operational_requirements:30 - Profile 'WALTZ_OF_BASHIR_lebanon' operational validation passed
2026-01-21 15:04:59 | INFO     | src.processing.processor:process_all:67 - Processing 1 combinations (1 files × 1 profiles)
2026-01-21 15:04:59 | DEBUG    | src.processing.processor:_process_single_combination:133 - Extracted image URL from markdown: https://f003.backblazeb2.com/file/wbt-bucket/generic_israel/frame_2144.jpg
2026-01-21 15:04:59 | INFO     | src.processing.discovery:load_prompts:66 - Extracted prompt from frame_2144.md
2026-01-21 15:04:59 | INFO     | src.processing.processor:_process_single_combination:142 - Processing combination 1/1: frame_2144.md + WALTZ_OF_BASHIR_lebanon
2026-01-21 15:04:59 | ERROR    | __main__:handle_error:294 - Fatal error: AliveProgressWrapper.update() got an unexpected keyword argument 'description'
2026-01-21 15:04:59 | INFO     | src.output.writer:write_report:306 - Report saved: USER-FILES/05.OUTPUT/260121_150459_IMAGE/FAILURE.md
2026-01-21 15:04:59 | ERROR    | src.output.reporter:_save_failure_report:79 - Failure report saved
