2025-10-15 17:41:54 | INFO     | src.utils.logging:setup_logging:39 - Logging configured (verbose=False, debug=False)
2025-10-15 17:41:54 | INFO     | __main__:setup_environment:79 - Environment initialized
2025-10-15 17:41:54 | INFO     | __main__:load_and_validate_config:84 - Loading configuration...
2025-10-15 17:41:54 | INFO     | src.config.loader:load_config:42 - Loaded configuration from USER-FILES/01.CONFIG/config.yaml
2025-10-15 17:41:54 | INFO     | __main__:authenticate_for_mode:273 - Authenticating with 1Password...
2025-10-15 17:41:58 | DEBUG    | src.auth.session_manager:ensure_op_auth:39 - 1Password session is active
2025-10-15 17:41:59 | DEBUG    | src.auth.session_manager:ensure_op_auth:39 - 1Password session is active
2025-10-15 17:42:00 | DEBUG    | src.auth.auth:get_api_key:70 - Retrieved API key: r8_V...
2025-10-15 17:42:00 | INFO     | __main__:discover_inputs_and_profiles:92 - Discovering inputs...
2025-10-15 17:42:00 | DEBUG    | src.processing.discovery:discover_prompt_files:40 - Found prompt file: line_0009.txt
2025-10-15 17:42:00 | INFO     | src.processing.discovery:discover_prompt_files:45 - Discovered 1 prompt files
2025-10-15 17:42:00 | DEBUG    | src.processing.discovery:discover_profiles:93 - Loaded profile: USER-FILES/03.PROFILES/nano-banano_9x16_barkbus.yaml
2025-10-15 17:42:00 | INFO     | src.processing.discovery:discover_profiles:97 - Loaded 1 profiles
2025-10-15 17:42:00 | INFO     | src.processing.discovery:get_active_models:135 - Found profile: nano-banano_9x16_barkbus
2025-10-15 17:42:00 | INFO     | src.processing.discovery:get_active_models:140 - Total profiles to process: 1
2025-10-15 17:42:00 | INFO     | src.config.validator:validate_all:26 - All configuration validation passed
2025-10-15 17:42:00 | INFO     | __main__:initialize_services:186 - Output directory: USER-FILES/05.OUTPUT/251015_174200
2025-10-15 17:42:00 | INFO     | __main__:execute_processing:221 - Starting matrix processing...
2025-10-15 17:42:00 | DEBUG    | src.processing.validator:validate_operational_requirements:23 - Profile 'nano-banano_9x16_barkbus' operational validation passed
2025-10-15 17:42:00 | INFO     | src.processing.processor:process_all:60 - Processing 1 combinations (1 files × 1 profiles)
2025-10-15 17:42:00 | INFO     | src.processing.discovery:load_prompts:63 - Loaded prompt from line_0009.txt
2025-10-15 17:42:00 | INFO     | src.processing.processor:_process_single_combination:124 - Processing combination 1/1: line_0009.txt + nano-banano_9x16_barkbus
2025-10-15 17:42:00 | DEBUG    | src.processing.processor:_apply_prompt_fixes:204 - Added suffix to prompt: Provided image is a reference that shows you what the forementions actually look like.
2025-10-15 17:42:00 | DEBUG    | src.processing.processor:_process_with_context:182 - Processing line_0009.txt: Inside Barkbus interior, Close-up of Barkbus Groom...
2025-10-15 17:42:00 | DEBUG    | src.api.client:generate_image:85 - CRITICAL DEBUG - Received params: {
  "aspect_ratio": "match_input_image",
  "image_urls": [
    "https://f003.backblazeb2.com/file/bites-client-ref/Barkbus_Montage.png"
  ],
  "output_format": "png"
}
2025-10-15 17:42:00 | DEBUG    | src.api.client:generate_image:86 - CRITICAL DEBUG - Constructed payload: {
  "aspect_ratio": "match_input_image",
  "image_urls": [
    "https://f003.backblazeb2.com/file/bites-client-ref/Barkbus_Montage.png"
  ],
  "output_format": "png",
  "prompt": "Inside Barkbus interior, Close-up of Barkbus Groomer's hands using electric clippers with a #10 blade to carefully shave around a dense mat on a dog's leg, the blade number visible, bright clean lighting, shallow depth of field, professional technique demonstration. Provided image is a reference that shows you what the forementions actually look like."
}
2025-10-15 17:42:00 | DEBUG    | src.api.client:generate_image:89 - Original prompt: Inside Barkbus interior, Close-up of Barkbus Groomer's hands using electric clippers with a #10 blade to carefully shave around a dense mat on a dog's leg, the blade number visible, bright clean lighting, shallow depth of field, professional technique demonstration. Provided image is a reference that shows you what the forementions actually look like.
2025-10-15 17:42:00 | DEBUG    | src.api.client:generate_image:90 - Clean prompt being sent: Inside Barkbus interior, Close-up of Barkbus Groomer's hands using electric clippers with a #10 blade to carefully shave around a dense mat on a dog's leg, the blade number visible, bright clean lighting, shallow depth of field, professional technique demonstration. Provided image is a reference that shows you what the forementions actually look like.
2025-10-15 17:42:00 | DEBUG    | src.api.client:generate_image:91 - Clean prompt repr: "Inside Barkbus interior, Close-up of Barkbus Groomer's hands using electric clippers with a #10 blade to carefully shave around a dense mat on a dog's leg, the blade number visible, bright clean lighting, shallow depth of field, professional technique demonstration. Provided image is a reference that shows you what the forementions actually look like."
2025-10-15 17:42:00 | DEBUG    | src.api.client:_call_with_retry:152 - API call attempt 1/3
2025-10-15 17:42:00 | DEBUG    | src.api.client:_call_with_retry:155 - CRITICAL DEBUG - Payload sent to replicate.run: {
  "aspect_ratio": "match_input_image",
  "image_urls": [
    "https://f003.backblazeb2.com/file/bites-client-ref/Barkbus_Montage.png"
  ],
  "output_format": "png",
  "prompt": "Inside Barkbus interior, Close-up of Barkbus Groomer's hands using electric clippers with a #10 blade to carefully shave around a dense mat on a dog's leg, the blade number visible, bright clean lighting, shallow depth of field, professional technique demonstration. Provided image is a reference that shows you what the forementions actually look like."
}
2025-10-15 17:42:09 | DEBUG    | src.api.client:_call_with_retry:170 - API call successful
2025-10-15 17:42:09 | WARNING  | src.api.client:generate_image:117 - API PARAMETER FILTERING DETECTED:
2025-10-15 17:42:09 | WARNING  | src.api.client:generate_image:118 -   Model: google/nano-banana
2025-10-15 17:42:09 | WARNING  | src.api.client:generate_image:119 -   Filtered parameters: ['image_urls']
2025-10-15 17:42:09 | WARNING  | src.api.client:generate_image:120 -   This means the model doesn't support these parameters
2025-10-15 17:42:10 | INFO     | src.output.writer:_save_to_disk:201 - Saved valid image: USER-FILES/05.OUTPUT/251015_174200/nano-banano_9x16_barkbus/line_0009_174209_nano-banano_9x16_barkbus_unknownxunknown.png
2025-10-15 17:42:10 | DEBUG    | src.output.writer:_save_payload:266 - Saved payload to USER-FILES/05.OUTPUT/251015_174200/nano-banano_9x16_barkbus/line_0009_174209_nano-banano_9x16_barkbus_unknownxunknown.md
2025-10-15 17:42:10 | INFO     | src.processing.processor:_generate_and_save_image:255 - Saved image: USER-FILES/05.OUTPUT/251015_174200/nano-banano_9x16_barkbus/line_0009_174209_nano-banano_9x16_barkbus_unknownxunknown.png
2025-10-15 17:42:10 | INFO     | src.processing.discovery:load_prompts:63 - Loaded prompt from line_0009.txt
2025-10-15 17:42:10 | INFO     | src.output.writer:write_report:302 - Report saved: USER-FILES/05.OUTPUT/251015_174200/SUCCESS.md
2025-10-15 17:42:10 | INFO     | src.output.writer:write_report:302 - Report saved: USER-FILES/05.OUTPUT/251015_174200/COST-REPORT.md
2025-10-15 17:42:10 | INFO     | src.output.writer:write_report:302 - Report saved: USER-FILES/05.OUTPUT/251015_174200/PROFILES-WITH-FIXES.md
2025-10-15 17:42:10 | INFO     | src.output.reporter:_save_success_reports:62 - Reports saved successfully
2025-10-15 17:42:10 | SUCCESS  | __main__:generate_final_reports:264 - ✅ Completed successfully! Generated 1 images
