2025-09-24 13:29:34 | INFO     | src.utils.logging:setup_logging:39 - Logging configured (verbose=False, debug=False)
2025-09-24 13:29:34 | INFO     | __main__:setup_environment:77 - Environment initialized
2025-09-24 13:29:34 | INFO     | __main__:load_and_validate_config:82 - Loading configuration...
2025-09-24 13:29:34 | INFO     | src.config.loader:load_config:42 - Loaded configuration from USER-FILES/01.CONFIG/config.yaml
2025-09-24 13:29:34 | INFO     | __main__:main:309 - Authenticating with 1Password...
2025-09-24 13:29:37 | DEBUG    | src.auth.onepassword:ensure_op_auth:79 - 1Password session is active
2025-09-24 13:29:38 | DEBUG    | src.auth.onepassword:ensure_op_auth:79 - 1Password session is active
2025-09-24 13:29:39 | DEBUG    | src.auth.onepassword:get_api_key:140 - Retrieved API key: r8_V...
2025-09-24 13:29:39 | INFO     | __main__:discover_inputs_and_profiles:90 - Discovering inputs...
2025-09-24 13:29:39 | DEBUG    | src.processing.discovery:discover_prompt_files:40 - Found prompt file: line_0015.txt
2025-09-24 13:29:39 | INFO     | src.processing.discovery:discover_prompt_files:45 - Discovered 1 prompt files
2025-09-24 13:29:39 | DEBUG    | src.processing.discovery:discover_profiles:93 - Loaded profile: USER-FILES/03.PROFILES/nano-banano.yaml
2025-09-24 13:29:39 | INFO     | src.processing.discovery:discover_profiles:97 - Loaded 1 profiles
2025-09-24 13:29:39 | INFO     | src.processing.discovery:get_active_models:133 - Found profile: nano-banano
2025-09-24 13:29:39 | INFO     | src.processing.discovery:get_active_models:138 - Total profiles to process: 1
2025-09-24 13:29:39 | INFO     | src.config.validator:validate_all:26 - All configuration validation passed
2025-09-24 13:29:39 | INFO     | __main__:initialize_services:184 - Output directory: USER-FILES/05.OUTPUT/250924_132939
2025-09-24 13:29:39 | INFO     | __main__:execute_processing:218 - Starting matrix processing...
2025-09-24 13:29:39 | INFO     | src.processing.processor:process_all:66 - Processing 1 combinations (1 files × 1 profiles)
2025-09-24 13:29:39 | INFO     | src.processing.discovery:load_prompts:63 - Loaded prompt from line_0015.txt
2025-09-24 13:29:39 | INFO     | src.processing.processor:_process_single_combination:138 - Processing combination 1/1: line_0015.txt + nano-banano
2025-09-24 13:29:39 | DEBUG    | src.processing.processor:_process_with_context:196 - Processing line_0015.txt: Group of 2 diverse AWS technicians (Asian man 20s,...
2025-09-24 13:29:39 | DEBUG    | src.api.client:generate_image:84 - Original prompt: Group of 2 diverse AWS technicians (Asian man 20s, White man 30s) all smiling and attentive, listening to briefing, wearing long-sleeved shirts, utilitarian pants, gray safety gloves, safety goggles, and hearing protection over the ears in major data center server room with orange metal cable trays packed with yellow, green, and black fiber optic lines overhead.
2025-09-24 13:29:39 | DEBUG    | src.api.client:generate_image:85 - Clean prompt being sent: Group of 2 diverse AWS technicians (Asian man 20s, White man 30s) all smiling and attentive, listening to briefing, wearing long-sleeved shirts, utilitarian pants, gray safety gloves, safety goggles, and hearing protection over the ears in major data center server room with orange metal cable trays packed with yellow, green, and black fiber optic lines overhead.
2025-09-24 13:29:39 | DEBUG    | src.api.client:generate_image:86 - Clean prompt repr: 'Group of 2 diverse AWS technicians (Asian man 20s, White man 30s) all smiling and attentive, listening to briefing, wearing long-sleeved shirts, utilitarian pants, gray safety gloves, safety goggles, and hearing protection over the ears in major data center server room with orange metal cable trays packed with yellow, green, and black fiber optic lines overhead.'
2025-09-24 13:29:39 | DEBUG    | src.api.client:_call_with_retry:133 - API call attempt 1/3
2025-09-24 13:29:46 | DEBUG    | src.api.client:_call_with_retry:148 - API call successful
2025-09-24 13:29:47 | INFO     | src.output.writer:_save_to_disk:201 - Saved valid image: USER-FILES/05.OUTPUT/250924_132939/nano-banano/line_0015_132946_nano-banano_unknownxunknown.jpeg
2025-09-24 13:29:47 | DEBUG    | src.output.writer:_save_payload:230 - Saved payload to USER-FILES/05.OUTPUT/250924_132939/nano-banano/line_0015_132946_nano-banano_unknownxunknown.md
2025-09-24 13:29:47 | INFO     | src.processing.processor:_generate_and_save_image:269 - Saved image: USER-FILES/05.OUTPUT/250924_132939/nano-banano/line_0015_132946_nano-banano_unknownxunknown.jpeg
2025-09-24 13:29:47 | INFO     | src.processing.discovery:load_prompts:63 - Loaded prompt from line_0015.txt
2025-09-24 13:29:47 | INFO     | src.output.writer:write_report:266 - Report saved: USER-FILES/05.OUTPUT/250924_132939/SUCCESS.md
2025-09-24 13:29:47 | INFO     | src.output.writer:write_report:266 - Report saved: USER-FILES/05.OUTPUT/250924_132939/COST-REPORT.md
2025-09-24 13:29:47 | INFO     | src.output.reporter:_save_success_reports:62 - Reports saved successfully
2025-09-24 13:29:47 | SUCCESS  | __main__:generate_final_reports:261 - ✅ Completed successfully! Generated 1 images
