2025-12-08 15:04:52 | INFO     | src.utils.logging:setup_logging:39 - Logging configured (verbose=False, debug=False)
2025-12-08 15:04:52 | INFO     | __main__:setup_environment:79 - Environment initialized
2025-12-08 15:04:52 | INFO     | __main__:load_and_validate_config:84 - Loading configuration...
2025-12-08 15:04:52 | INFO     | src.config.loader:load_config:42 - Loaded configuration from USER-FILES/01.CONFIG/config.yaml
2025-12-08 15:04:52 | INFO     | __main__:authenticate_for_mode:273 - Authenticating with 1Password...
2025-12-08 15:04:57 | INFO     | src.auth.session_manager:ensure_op_auth:42 - 🔐 1Password authentication required...
2025-12-08 15:04:57 | SUCCESS  | src.auth.session_manager:ensure_op_auth:68 - ✅ 1Password authentication successful
2025-12-08 15:04:58 | DEBUG    | src.auth.session_manager:ensure_op_auth:39 - 1Password session is active
2025-12-08 15:04:58 | DEBUG    | src.auth.auth:load_auth_config:28 - Using auth config: auth_bites.yaml
2025-12-08 15:04:59 | DEBUG    | src.auth.auth:get_api_key:77 - Retrieved API key: r8_V...
2025-12-08 15:04:59 | INFO     | __main__:discover_inputs_and_profiles:92 - Discovering inputs...
2025-12-08 15:04:59 | DEBUG    | src.processing.discovery:discover_prompt_files:40 - Found prompt file: 03_ Conference_Calls/003.txt
2025-12-08 15:04:59 | DEBUG    | src.processing.discovery:discover_prompt_files:40 - Found prompt file: 03_ Conference_Calls/017.txt
2025-12-08 15:04:59 | DEBUG    | src.processing.discovery:discover_prompt_files:40 - Found prompt file: 03_ Conference_Calls/016.txt
2025-12-08 15:04:59 | DEBUG    | src.processing.discovery:discover_prompt_files:40 - Found prompt file: 03_ Conference_Calls/002.txt
2025-12-08 15:04:59 | DEBUG    | src.processing.discovery:discover_prompt_files:40 - Found prompt file: 03_ Conference_Calls/014.txt
2025-12-08 15:04:59 | DEBUG    | src.processing.discovery:discover_prompt_files:40 - Found prompt file: 03_ Conference_Calls/001.txt
2025-12-08 15:04:59 | DEBUG    | src.processing.discovery:discover_prompt_files:40 - Found prompt file: 03_ Conference_Calls/015.txt
2025-12-08 15:04:59 | DEBUG    | src.processing.discovery:discover_prompt_files:40 - Found prompt file: 03_ Conference_Calls/011.txt
2025-12-08 15:04:59 | DEBUG    | src.processing.discovery:discover_prompt_files:40 - Found prompt file: 03_ Conference_Calls/005.txt
2025-12-08 15:04:59 | DEBUG    | src.processing.discovery:discover_prompt_files:40 - Found prompt file: 03_ Conference_Calls/004.txt
2025-12-08 15:04:59 | DEBUG    | src.processing.discovery:discover_prompt_files:40 - Found prompt file: 03_ Conference_Calls/010.txt
2025-12-08 15:04:59 | DEBUG    | src.processing.discovery:discover_prompt_files:40 - Found prompt file: 03_ Conference_Calls/006.txt
2025-12-08 15:04:59 | DEBUG    | src.processing.discovery:discover_prompt_files:40 - Found prompt file: 03_ Conference_Calls/012.txt
2025-12-08 15:04:59 | DEBUG    | src.processing.discovery:discover_prompt_files:40 - Found prompt file: 03_ Conference_Calls/013.txt
2025-12-08 15:04:59 | DEBUG    | src.processing.discovery:discover_prompt_files:40 - Found prompt file: 03_ Conference_Calls/007.txt
2025-12-08 15:04:59 | DEBUG    | src.processing.discovery:discover_prompt_files:40 - Found prompt file: 03_ Conference_Calls/009.txt
2025-12-08 15:04:59 | DEBUG    | src.processing.discovery:discover_prompt_files:40 - Found prompt file: 03_ Conference_Calls/008.txt
2025-12-08 15:04:59 | DEBUG    | src.processing.discovery:discover_prompt_files:40 - Found prompt file: 02_Transfering_Calls/003.txt
2025-12-08 15:04:59 | DEBUG    | src.processing.discovery:discover_prompt_files:40 - Found prompt file: 02_Transfering_Calls/002.txt
2025-12-08 15:04:59 | DEBUG    | src.processing.discovery:discover_prompt_files:40 - Found prompt file: 02_Transfering_Calls/001.txt
2025-12-08 15:04:59 | DEBUG    | src.processing.discovery:discover_prompt_files:40 - Found prompt file: 02_Transfering_Calls/005.txt
2025-12-08 15:04:59 | DEBUG    | src.processing.discovery:discover_prompt_files:40 - Found prompt file: 02_Transfering_Calls/004.txt
2025-12-08 15:04:59 | DEBUG    | src.processing.discovery:discover_prompt_files:40 - Found prompt file: 02_Transfering_Calls/010.txt
2025-12-08 15:04:59 | DEBUG    | src.processing.discovery:discover_prompt_files:40 - Found prompt file: 02_Transfering_Calls/006.txt
2025-12-08 15:04:59 | DEBUG    | src.processing.discovery:discover_prompt_files:40 - Found prompt file: 02_Transfering_Calls/007.txt
2025-12-08 15:04:59 | DEBUG    | src.processing.discovery:discover_prompt_files:40 - Found prompt file: 02_Transfering_Calls/009.txt
2025-12-08 15:04:59 | DEBUG    | src.processing.discovery:discover_prompt_files:40 - Found prompt file: 02_Transfering_Calls/008.txt
2025-12-08 15:04:59 | DEBUG    | src.processing.discovery:discover_prompt_files:40 - Found prompt file: 01_Handling_Calls/003.txt
2025-12-08 15:04:59 | DEBUG    | src.processing.discovery:discover_prompt_files:40 - Found prompt file: 01_Handling_Calls/016.txt
2025-12-08 15:04:59 | DEBUG    | src.processing.discovery:discover_prompt_files:40 - Found prompt file: 01_Handling_Calls/002.txt
2025-12-08 15:04:59 | DEBUG    | src.processing.discovery:discover_prompt_files:40 - Found prompt file: 01_Handling_Calls/014.txt
2025-12-08 15:04:59 | DEBUG    | src.processing.discovery:discover_prompt_files:40 - Found prompt file: 01_Handling_Calls/001.txt
2025-12-08 15:04:59 | DEBUG    | src.processing.discovery:discover_prompt_files:40 - Found prompt file: 01_Handling_Calls/015.txt
2025-12-08 15:04:59 | DEBUG    | src.processing.discovery:discover_prompt_files:40 - Found prompt file: 01_Handling_Calls/011.txt
2025-12-08 15:04:59 | DEBUG    | src.processing.discovery:discover_prompt_files:40 - Found prompt file: 01_Handling_Calls/005.txt
2025-12-08 15:04:59 | DEBUG    | src.processing.discovery:discover_prompt_files:40 - Found prompt file: 01_Handling_Calls/004.txt
2025-12-08 15:04:59 | DEBUG    | src.processing.discovery:discover_prompt_files:40 - Found prompt file: 01_Handling_Calls/010.txt
2025-12-08 15:04:59 | DEBUG    | src.processing.discovery:discover_prompt_files:40 - Found prompt file: 01_Handling_Calls/006.txt
2025-12-08 15:04:59 | DEBUG    | src.processing.discovery:discover_prompt_files:40 - Found prompt file: 01_Handling_Calls/012.txt
2025-12-08 15:04:59 | DEBUG    | src.processing.discovery:discover_prompt_files:40 - Found prompt file: 01_Handling_Calls/013.txt
2025-12-08 15:04:59 | DEBUG    | src.processing.discovery:discover_prompt_files:40 - Found prompt file: 01_Handling_Calls/007.txt
2025-12-08 15:04:59 | DEBUG    | src.processing.discovery:discover_prompt_files:40 - Found prompt file: 01_Handling_Calls/009.txt
2025-12-08 15:04:59 | DEBUG    | src.processing.discovery:discover_prompt_files:40 - Found prompt file: 01_Handling_Calls/008.txt
2025-12-08 15:04:59 | INFO     | src.processing.discovery:discover_prompt_files:45 - Discovered 43 prompt files
2025-12-08 15:04:59 | DEBUG    | src.processing.discovery:discover_profiles:93 - Loaded profile: USER-FILES/03.PROFILES/nano-banano_9x16.yaml
2025-12-08 15:04:59 | INFO     | src.processing.discovery:discover_profiles:97 - Loaded 1 profiles
2025-12-08 15:04:59 | INFO     | src.processing.discovery:get_active_models:135 - Found profile: nano-banano_9x16
2025-12-08 15:04:59 | INFO     | src.processing.discovery:get_active_models:140 - Total profiles to process: 1
2025-12-08 15:04:59 | INFO     | src.config.validator:validate_all:26 - All configuration validation passed
2025-12-08 15:04:59 | INFO     | __main__:initialize_services:186 - Output directory: USER-FILES/05.OUTPUT/251208_150459_IMAGE
2025-12-08 15:04:59 | INFO     | __main__:execute_processing:221 - Starting matrix processing...
2025-12-08 15:04:59 | DEBUG    | src.processing.validator:validate_operational_requirements:23 - Profile 'nano-banano_9x16' operational validation passed
2025-12-08 15:04:59 | INFO     | src.processing.processor:process_all:60 - Processing 43 combinations (43 files × 1 profiles)
2025-12-08 15:04:59 | INFO     | src.processing.discovery:load_prompts:63 - Loaded prompt from 001.txt
2025-12-08 15:04:59 | INFO     | src.processing.processor:_process_single_combination:119 - Processing combination 1/43: 01_Handling_Calls/001.txt + nano-banano_9x16
2025-12-08 15:04:59 | DEBUG    | src.processing.processor:_process_with_context:186 - Processing 01_Handling_Calls/001.txt: Corporate law office, daytime; corporate lawyer (W...
2025-12-08 15:04:59 | DEBUG    | src.api.client:generate_image:85 - CRITICAL DEBUG - Received params: {
  "aspect_ratio": "9:16",
  "output_format": "png",
  "num_images": 1
}
2025-12-08 15:04:59 | DEBUG    | src.api.client:generate_image:86 - CRITICAL DEBUG - Constructed payload: {
  "aspect_ratio": "9:16",
  "output_format": "png",
  "num_images": 1,
  "prompt": "Corporate law office, daytime; corporate lawyer (White female, early 30s) in professional attire seated at a workstation, using a VoIP desk phone to handle calls; tidy desk with laptop and notepad."
}
2025-12-08 15:04:59 | DEBUG    | src.api.client:generate_image:89 - Original prompt: Corporate law office, daytime; corporate lawyer (White female, early 30s) in professional attire seated at a workstation, using a VoIP desk phone to handle calls; tidy desk with laptop and notepad.
2025-12-08 15:04:59 | DEBUG    | src.api.client:generate_image:90 - Clean prompt being sent: Corporate law office, daytime; corporate lawyer (White female, early 30s) in professional attire seated at a workstation, using a VoIP desk phone to handle calls; tidy desk with laptop and notepad.
2025-12-08 15:04:59 | DEBUG    | src.api.client:generate_image:91 - Clean prompt repr: 'Corporate law office, daytime; corporate lawyer (White female, early 30s) in professional attire seated at a workstation, using a VoIP desk phone to handle calls; tidy desk with laptop and notepad.'
2025-12-08 15:04:59 | DEBUG    | src.api.client:_call_with_retry:152 - API call attempt 1/3
2025-12-08 15:04:59 | DEBUG    | src.api.client:_call_with_retry:155 - CRITICAL DEBUG - Payload sent to replicate.run: {
  "aspect_ratio": "9:16",
  "output_format": "png",
  "num_images": 1,
  "prompt": "Corporate law office, daytime; corporate lawyer (White female, early 30s) in professional attire seated at a workstation, using a VoIP desk phone to handle calls; tidy desk with laptop and notepad."
}
2025-12-08 15:05:07 | DEBUG    | src.api.client:_call_with_retry:170 - API call successful
2025-12-08 15:05:08 | INFO     | src.output.writer:_save_to_disk:192 - Saved valid image: USER-FILES/05.OUTPUT/251208_150459_IMAGE/01_Handling_Calls/001_IMAGE_150507_nano-banano_9x16.png
2025-12-08 15:05:08 | DEBUG    | src.output.writer:_save_payload:257 - Saved payload to USER-FILES/05.OUTPUT/251208_150459_IMAGE/01_Handling_Calls/001_IMAGE_150507_nano-banano_9x16.md
2025-12-08 15:05:08 | INFO     | src.processing.processor:_generate_and_save_image:248 - Saved image: USER-FILES/05.OUTPUT/251208_150459_IMAGE/01_Handling_Calls/001_IMAGE_150507_nano-banano_9x16.png
2025-12-08 15:05:08 | INFO     | src.processing.discovery:load_prompts:63 - Loaded prompt from 002.txt
2025-12-08 15:05:08 | INFO     | src.processing.processor:_process_single_combination:119 - Processing combination 2/43: 01_Handling_Calls/002.txt + nano-banano_9x16
2025-12-08 15:05:08 | DEBUG    | src.processing.processor:_process_with_context:186 - Processing 01_Handling_Calls/002.txt: Open-plan law firm office; corporate lawyer (White...
2025-12-08 15:05:08 | DEBUG    | src.api.client:generate_image:85 - CRITICAL DEBUG - Received params: {
  "aspect_ratio": "9:16",
  "output_format": "png",
  "num_images": 1
}
2025-12-08 15:05:08 | DEBUG    | src.api.client:generate_image:86 - CRITICAL DEBUG - Constructed payload: {
  "aspect_ratio": "9:16",
  "output_format": "png",
  "num_images": 1,
  "prompt": "Open-plan law firm office; corporate lawyer (White male, early 40s) at a front desk taking a call on a VoIP phone; confident, efficient demeanor."
}
2025-12-08 15:05:08 | DEBUG    | src.api.client:generate_image:89 - Original prompt: Open-plan law firm office; corporate lawyer (White male, early 40s) at a front desk taking a call on a VoIP phone; confident, efficient demeanor.
2025-12-08 15:05:08 | DEBUG    | src.api.client:generate_image:90 - Clean prompt being sent: Open-plan law firm office; corporate lawyer (White male, early 40s) at a front desk taking a call on a VoIP phone; confident, efficient demeanor.
2025-12-08 15:05:08 | DEBUG    | src.api.client:generate_image:91 - Clean prompt repr: 'Open-plan law firm office; corporate lawyer (White male, early 40s) at a front desk taking a call on a VoIP phone; confident, efficient demeanor.'
2025-12-08 15:05:08 | DEBUG    | src.api.client:_call_with_retry:152 - API call attempt 1/3
2025-12-08 15:05:08 | DEBUG    | src.api.client:_call_with_retry:155 - CRITICAL DEBUG - Payload sent to replicate.run: {
  "aspect_ratio": "9:16",
  "output_format": "png",
  "num_images": 1,
  "prompt": "Open-plan law firm office; corporate lawyer (White male, early 40s) at a front desk taking a call on a VoIP phone; confident, efficient demeanor."
}
2025-12-08 15:05:16 | DEBUG    | src.api.client:_call_with_retry:170 - API call successful
2025-12-08 15:05:17 | INFO     | src.output.writer:_save_to_disk:192 - Saved valid image: USER-FILES/05.OUTPUT/251208_150459_IMAGE/01_Handling_Calls/002_IMAGE_150516_nano-banano_9x16.png
2025-12-08 15:05:17 | DEBUG    | src.output.writer:_save_payload:257 - Saved payload to USER-FILES/05.OUTPUT/251208_150459_IMAGE/01_Handling_Calls/002_IMAGE_150516_nano-banano_9x16.md
2025-12-08 15:05:17 | INFO     | src.processing.processor:_generate_and_save_image:248 - Saved image: USER-FILES/05.OUTPUT/251208_150459_IMAGE/01_Handling_Calls/002_IMAGE_150516_nano-banano_9x16.png
2025-12-08 15:05:17 | INFO     | src.processing.discovery:load_prompts:63 - Loaded prompt from 003.txt
2025-12-08 15:05:17 | INFO     | src.processing.processor:_process_single_combination:119 - Processing combination 3/43: 01_Handling_Calls/003.txt + nano-banano_9x16
2025-12-08 15:05:17 | DEBUG    | src.processing.processor:_process_with_context:186 - Processing 01_Handling_Calls/003.txt: Law firm workstation; corporate lawyer (black fema...
2025-12-08 15:05:17 | DEBUG    | src.api.client:generate_image:85 - CRITICAL DEBUG - Received params: {
  "aspect_ratio": "9:16",
  "output_format": "png",
  "num_images": 1
}
2025-12-08 15:05:17 | DEBUG    | src.api.client:generate_image:86 - CRITICAL DEBUG - Constructed payload: {
  "aspect_ratio": "9:16",
  "output_format": "png",
  "num_images": 1,
  "prompt": "Law firm workstation; corporate lawyer (black female, late 20s) in a navy suit answering a ringing VoIP desk phone; attentive posture."
}
2025-12-08 15:05:17 | DEBUG    | src.api.client:generate_image:89 - Original prompt: Law firm workstation; corporate lawyer (black female, late 20s) in a navy suit answering a ringing VoIP desk phone; attentive posture.
2025-12-08 15:05:17 | DEBUG    | src.api.client:generate_image:90 - Clean prompt being sent: Law firm workstation; corporate lawyer (black female, late 20s) in a navy suit answering a ringing VoIP desk phone; attentive posture.
2025-12-08 15:05:17 | DEBUG    | src.api.client:generate_image:91 - Clean prompt repr: 'Law firm workstation; corporate lawyer (black female, late 20s) in a navy suit answering a ringing VoIP desk phone; attentive posture.'
2025-12-08 15:05:17 | DEBUG    | src.api.client:_call_with_retry:152 - API call attempt 1/3
2025-12-08 15:05:17 | DEBUG    | src.api.client:_call_with_retry:155 - CRITICAL DEBUG - Payload sent to replicate.run: {
  "aspect_ratio": "9:16",
  "output_format": "png",
  "num_images": 1,
  "prompt": "Law firm workstation; corporate lawyer (black female, late 20s) in a navy suit answering a ringing VoIP desk phone; attentive posture."
}
2025-12-08 15:05:26 | DEBUG    | src.api.client:_call_with_retry:170 - API call successful
2025-12-08 15:05:26 | INFO     | src.output.writer:_save_to_disk:192 - Saved valid image: USER-FILES/05.OUTPUT/251208_150459_IMAGE/01_Handling_Calls/003_IMAGE_150526_nano-banano_9x16.png
2025-12-08 15:05:26 | DEBUG    | src.output.writer:_save_payload:257 - Saved payload to USER-FILES/05.OUTPUT/251208_150459_IMAGE/01_Handling_Calls/003_IMAGE_150526_nano-banano_9x16.md
2025-12-08 15:05:26 | INFO     | src.processing.processor:_generate_and_save_image:248 - Saved image: USER-FILES/05.OUTPUT/251208_150459_IMAGE/01_Handling_Calls/003_IMAGE_150526_nano-banano_9x16.png
2025-12-08 15:05:26 | INFO     | src.processing.discovery:load_prompts:63 - Loaded prompt from 004.txt
2025-12-08 15:05:26 | INFO     | src.processing.processor:_process_single_combination:119 - Processing combination 4/43: 01_Handling_Calls/004.txt + nano-banano_9x16
2025-12-08 15:05:26 | DEBUG    | src.processing.processor:_process_with_context:186 - Processing 01_Handling_Calls/004.txt: Corporate law office; corporate lawyer (White male...
2025-12-08 15:05:26 | DEBUG    | src.api.client:generate_image:85 - CRITICAL DEBUG - Received params: {
  "aspect_ratio": "9:16",
  "output_format": "png",
  "num_images": 1
}
2025-12-08 15:05:26 | DEBUG    | src.api.client:generate_image:86 - CRITICAL DEBUG - Constructed payload: {
  "aspect_ratio": "9:16",
  "output_format": "png",
  "num_images": 1,
  "prompt": "Corporate law office; corporate lawyer (White male, mid 30s) speaking on a VoIP desk phone using either handset or speakerphone; organized workspace."
}
2025-12-08 15:05:26 | DEBUG    | src.api.client:generate_image:89 - Original prompt: Corporate law office; corporate lawyer (White male, mid 30s) speaking on a VoIP desk phone using either handset or speakerphone; organized workspace.
2025-12-08 15:05:26 | DEBUG    | src.api.client:generate_image:90 - Clean prompt being sent: Corporate law office; corporate lawyer (White male, mid 30s) speaking on a VoIP desk phone using either handset or speakerphone; organized workspace.
2025-12-08 15:05:26 | DEBUG    | src.api.client:generate_image:91 - Clean prompt repr: 'Corporate law office; corporate lawyer (White male, mid 30s) speaking on a VoIP desk phone using either handset or speakerphone; organized workspace.'
2025-12-08 15:05:26 | DEBUG    | src.api.client:_call_with_retry:152 - API call attempt 1/3
2025-12-08 15:05:26 | DEBUG    | src.api.client:_call_with_retry:155 - CRITICAL DEBUG - Payload sent to replicate.run: {
  "aspect_ratio": "9:16",
  "output_format": "png",
  "num_images": 1,
  "prompt": "Corporate law office; corporate lawyer (White male, mid 30s) speaking on a VoIP desk phone using either handset or speakerphone; organized workspace."
}
2025-12-08 15:05:33 | DEBUG    | src.api.client:_call_with_retry:170 - API call successful
2025-12-08 15:05:34 | INFO     | src.output.writer:_save_to_disk:192 - Saved valid image: USER-FILES/05.OUTPUT/251208_150459_IMAGE/01_Handling_Calls/004_IMAGE_150533_nano-banano_9x16.png
2025-12-08 15:05:34 | DEBUG    | src.output.writer:_save_payload:257 - Saved payload to USER-FILES/05.OUTPUT/251208_150459_IMAGE/01_Handling_Calls/004_IMAGE_150533_nano-banano_9x16.md
2025-12-08 15:05:34 | INFO     | src.processing.processor:_generate_and_save_image:248 - Saved image: USER-FILES/05.OUTPUT/251208_150459_IMAGE/01_Handling_Calls/004_IMAGE_150533_nano-banano_9x16.png
2025-12-08 15:05:34 | INFO     | src.processing.discovery:load_prompts:63 - Loaded prompt from 005.txt
2025-12-08 15:05:34 | INFO     | src.processing.processor:_process_single_combination:119 - Processing combination 5/43: 01_Handling_Calls/005.txt + nano-banano_9x16
2025-12-08 15:05:34 | DEBUG    | src.processing.processor:_process_with_context:186 - Processing 01_Handling_Calls/005.txt: Corporate law office; corporate lawyer (White fema...
2025-12-08 15:05:34 | DEBUG    | src.api.client:generate_image:85 - CRITICAL DEBUG - Received params: {
  "aspect_ratio": "9:16",
  "output_format": "png",
  "num_images": 1
}
2025-12-08 15:05:34 | DEBUG    | src.api.client:generate_image:86 - CRITICAL DEBUG - Constructed payload: {
  "aspect_ratio": "9:16",
  "output_format": "png",
  "num_images": 1,
  "prompt": "Corporate law office; corporate lawyer (White female, early 40s) managing multiple calls on a VoIP phone; focused expression, phone display in view."
}
2025-12-08 15:05:34 | DEBUG    | src.api.client:generate_image:89 - Original prompt: Corporate law office; corporate lawyer (White female, early 40s) managing multiple calls on a VoIP phone; focused expression, phone display in view.
2025-12-08 15:05:34 | DEBUG    | src.api.client:generate_image:90 - Clean prompt being sent: Corporate law office; corporate lawyer (White female, early 40s) managing multiple calls on a VoIP phone; focused expression, phone display in view.
2025-12-08 15:05:34 | DEBUG    | src.api.client:generate_image:91 - Clean prompt repr: 'Corporate law office; corporate lawyer (White female, early 40s) managing multiple calls on a VoIP phone; focused expression, phone display in view.'
2025-12-08 15:05:34 | DEBUG    | src.api.client:_call_with_retry:152 - API call attempt 1/3
2025-12-08 15:05:34 | DEBUG    | src.api.client:_call_with_retry:155 - CRITICAL DEBUG - Payload sent to replicate.run: {
  "aspect_ratio": "9:16",
  "output_format": "png",
  "num_images": 1,
  "prompt": "Corporate law office; corporate lawyer (White female, early 40s) managing multiple calls on a VoIP phone; focused expression, phone display in view."
}
2025-12-08 15:05:41 | DEBUG    | src.api.client:_call_with_retry:170 - API call successful
2025-12-08 15:05:42 | INFO     | src.output.writer:_save_to_disk:192 - Saved valid image: USER-FILES/05.OUTPUT/251208_150459_IMAGE/01_Handling_Calls/005_IMAGE_150541_nano-banano_9x16.png
2025-12-08 15:05:42 | DEBUG    | src.output.writer:_save_payload:257 - Saved payload to USER-FILES/05.OUTPUT/251208_150459_IMAGE/01_Handling_Calls/005_IMAGE_150541_nano-banano_9x16.md
2025-12-08 15:05:42 | INFO     | src.processing.processor:_generate_and_save_image:248 - Saved image: USER-FILES/05.OUTPUT/251208_150459_IMAGE/01_Handling_Calls/005_IMAGE_150541_nano-banano_9x16.png
2025-12-08 15:05:42 | INFO     | src.processing.discovery:load_prompts:63 - Loaded prompt from 006.txt
2025-12-08 15:05:42 | INFO     | src.processing.processor:_process_single_combination:119 - Processing combination 6/43: 01_Handling_Calls/006.txt + nano-banano_9x16
2025-12-08 15:05:42 | DEBUG    | src.processing.processor:_process_with_context:186 - Processing 01_Handling_Calls/006.txt: Corporate law office; corporate lawyer (White male...
2025-12-08 15:05:42 | DEBUG    | src.api.client:generate_image:85 - CRITICAL DEBUG - Received params: {
  "aspect_ratio": "9:16",
  "output_format": "png",
  "num_images": 1
}
2025-12-08 15:05:42 | DEBUG    | src.api.client:generate_image:86 - CRITICAL DEBUG - Constructed payload: {
  "aspect_ratio": "9:16",
  "output_format": "png",
  "num_images": 1,
  "prompt": "Corporate law office; corporate lawyer (White male, late 20s) glancing at the phone display while one call is on hold; continuing work on a laptop."
}
2025-12-08 15:05:42 | DEBUG    | src.api.client:generate_image:89 - Original prompt: Corporate law office; corporate lawyer (White male, late 20s) glancing at the phone display while one call is on hold; continuing work on a laptop.
2025-12-08 15:05:42 | DEBUG    | src.api.client:generate_image:90 - Clean prompt being sent: Corporate law office; corporate lawyer (White male, late 20s) glancing at the phone display while one call is on hold; continuing work on a laptop.
2025-12-08 15:05:42 | DEBUG    | src.api.client:generate_image:91 - Clean prompt repr: 'Corporate law office; corporate lawyer (White male, late 20s) glancing at the phone display while one call is on hold; continuing work on a laptop.'
2025-12-08 15:05:42 | DEBUG    | src.api.client:_call_with_retry:152 - API call attempt 1/3
2025-12-08 15:05:42 | DEBUG    | src.api.client:_call_with_retry:155 - CRITICAL DEBUG - Payload sent to replicate.run: {
  "aspect_ratio": "9:16",
  "output_format": "png",
  "num_images": 1,
  "prompt": "Corporate law office; corporate lawyer (White male, late 20s) glancing at the phone display while one call is on hold; continuing work on a laptop."
}
2025-12-08 15:05:49 | DEBUG    | src.api.client:_call_with_retry:170 - API call successful
2025-12-08 15:05:50 | INFO     | src.output.writer:_save_to_disk:192 - Saved valid image: USER-FILES/05.OUTPUT/251208_150459_IMAGE/01_Handling_Calls/006_IMAGE_150549_nano-banano_9x16.png
2025-12-08 15:05:50 | DEBUG    | src.output.writer:_save_payload:257 - Saved payload to USER-FILES/05.OUTPUT/251208_150459_IMAGE/01_Handling_Calls/006_IMAGE_150549_nano-banano_9x16.md
2025-12-08 15:05:50 | INFO     | src.processing.processor:_generate_and_save_image:248 - Saved image: USER-FILES/05.OUTPUT/251208_150459_IMAGE/01_Handling_Calls/006_IMAGE_150549_nano-banano_9x16.png
2025-12-08 15:05:50 | INFO     | src.processing.discovery:load_prompts:63 - Loaded prompt from 007.txt
2025-12-08 15:05:50 | INFO     | src.processing.processor:_process_single_combination:119 - Processing combination 7/43: 01_Handling_Calls/007.txt + nano-banano_9x16
2025-12-08 15:05:50 | DEBUG    | src.processing.processor:_process_with_context:186 - Processing 01_Handling_Calls/007.txt: Law firm office; corporate lawyer (White female, l...
2025-12-08 15:05:50 | DEBUG    | src.api.client:generate_image:85 - CRITICAL DEBUG - Received params: {
  "aspect_ratio": "9:16",
  "output_format": "png",
  "num_images": 1
}
2025-12-08 15:05:50 | DEBUG    | src.api.client:generate_image:86 - CRITICAL DEBUG - Constructed payload: {
  "aspect_ratio": "9:16",
  "output_format": "png",
  "num_images": 1,
  "prompt": "Law firm office; corporate lawyer (White female, late 30s) smoothly switching between callers on a VoIP phone; calm, composed demeanor."
}
2025-12-08 15:05:50 | DEBUG    | src.api.client:generate_image:89 - Original prompt: Law firm office; corporate lawyer (White female, late 30s) smoothly switching between callers on a VoIP phone; calm, composed demeanor.
2025-12-08 15:05:50 | DEBUG    | src.api.client:generate_image:90 - Clean prompt being sent: Law firm office; corporate lawyer (White female, late 30s) smoothly switching between callers on a VoIP phone; calm, composed demeanor.
2025-12-08 15:05:50 | DEBUG    | src.api.client:generate_image:91 - Clean prompt repr: 'Law firm office; corporate lawyer (White female, late 30s) smoothly switching between callers on a VoIP phone; calm, composed demeanor.'
2025-12-08 15:05:50 | DEBUG    | src.api.client:_call_with_retry:152 - API call attempt 1/3
2025-12-08 15:05:50 | DEBUG    | src.api.client:_call_with_retry:155 - CRITICAL DEBUG - Payload sent to replicate.run: {
  "aspect_ratio": "9:16",
  "output_format": "png",
  "num_images": 1,
  "prompt": "Law firm office; corporate lawyer (White female, late 30s) smoothly switching between callers on a VoIP phone; calm, composed demeanor."
}
2025-12-08 15:05:53 | WARNING  | __main__:main:350 - Interrupted by user
