2025-11-05 22:28:59 | INFO     | src.utils.logging:setup_logging:39 - Logging configured (verbose=False, debug=False)
2025-11-05 22:28:59 | INFO     | __main__:setup_environment:79 - Environment initialized
2025-11-05 22:28:59 | INFO     | __main__:load_and_validate_config:84 - Loading configuration...
2025-11-05 22:28:59 | INFO     | src.config.loader:load_config:42 - Loaded configuration from USER-FILES/01.CONFIG/config.yaml
2025-11-05 22:28:59 | INFO     | __main__:authenticate_for_mode:273 - Authenticating with 1Password...
2025-11-05 22:29:00 | DEBUG    | src.auth.session_manager:ensure_op_auth:39 - 1Password session is active
2025-11-05 22:29:01 | DEBUG    | src.auth.session_manager:ensure_op_auth:39 - 1Password session is active
2025-11-05 22:29:01 | DEBUG    | src.auth.auth:load_auth_config:28 - Using auth config: auth_ruben.yaml
2025-11-05 22:29:03 | DEBUG    | src.auth.auth:get_api_key:77 - Retrieved API key: r8_K...
2025-11-05 22:29:03 | INFO     | __main__:discover_inputs_and_profiles:92 - Discovering inputs...
2025-11-05 22:29:03 | DEBUG    | src.processing.discovery:discover_prompt_files:40 - Found prompt file: purim_party_006.txt
2025-11-05 22:29:03 | DEBUG    | src.processing.discovery:discover_prompt_files:40 - Found prompt file: purim_party_007.txt
2025-11-05 22:29:03 | DEBUG    | src.processing.discovery:discover_prompt_files:40 - Found prompt file: purim_party_005.txt
2025-11-05 22:29:03 | DEBUG    | src.processing.discovery:discover_prompt_files:40 - Found prompt file: purim_party_004.txt
2025-11-05 22:29:03 | DEBUG    | src.processing.discovery:discover_prompt_files:40 - Found prompt file: purim_party_010.txt
2025-11-05 22:29:03 | DEBUG    | src.processing.discovery:discover_prompt_files:40 - Found prompt file: purim_party_001.txt
2025-11-05 22:29:03 | DEBUG    | src.processing.discovery:discover_prompt_files:40 - Found prompt file: purim_party_003.txt
2025-11-05 22:29:03 | DEBUG    | src.processing.discovery:discover_prompt_files:40 - Found prompt file: purim_party_002.txt
2025-11-05 22:29:03 | DEBUG    | src.processing.discovery:discover_prompt_files:40 - Found prompt file: purim_party_009.txt
2025-11-05 22:29:03 | DEBUG    | src.processing.discovery:discover_prompt_files:40 - Found prompt file: purim_party_008.txt
2025-11-05 22:29:03 | INFO     | src.processing.discovery:discover_prompt_files:45 - Discovered 10 prompt files
2025-11-05 22:29:03 | DEBUG    | src.processing.discovery:discover_profiles:93 - Loaded profile: USER-FILES/03.PROFILES/nano-banano16x9_deakins.yaml
2025-11-05 22:29:03 | INFO     | src.processing.discovery:discover_profiles:97 - Loaded 1 profiles
2025-11-05 22:29:03 | INFO     | src.processing.discovery:get_active_models:135 - Found profile: nano-banano16x9_deakins
2025-11-05 22:29:03 | INFO     | src.processing.discovery:get_active_models:140 - Total profiles to process: 1
2025-11-05 22:29:03 | INFO     | src.config.validator:validate_all:26 - All configuration validation passed
2025-11-05 22:29:03 | INFO     | __main__:initialize_services:186 - Output directory: USER-FILES/05.OUTPUT/251105_222903_IMAGE
2025-11-05 22:29:03 | INFO     | __main__:execute_processing:221 - Starting matrix processing...
2025-11-05 22:29:03 | DEBUG    | src.processing.validator:validate_operational_requirements:23 - Profile 'nano-banano16x9_deakins' operational validation passed
2025-11-05 22:29:03 | INFO     | src.processing.processor:process_all:60 - Processing 10 combinations (10 files × 1 profiles)
2025-11-05 22:29:03 | INFO     | src.processing.discovery:load_prompts:63 - Loaded prompt from purim_party_001.txt
2025-11-05 22:29:03 | INFO     | src.processing.processor:_process_single_combination:119 - Processing combination 1/10: purim_party_001.txt + nano-banano16x9_deakins
2025-11-05 22:29:03 | DEBUG    | src.processing.processor:_apply_prompt_fixes:204 - Added prefix to prompt: A cinematic scene from the 
2025-11-05 22:29:03 | DEBUG    | src.processing.processor:_apply_prompt_fixes:208 - Added suffix to prompt: Shot on 35mm film in the style of Roger Deakins. Make the aspect ratio of the generated image the same as provided image
2025-11-05 22:29:03 | DEBUG    | src.processing.processor:_process_with_context:186 - Processing purim_party_001.txt: A cinematic scene from the  1820s Stockholm, a you...
2025-11-05 22:29:03 | DEBUG    | src.api.client:generate_image:85 - CRITICAL DEBUG - Received params: {
  "num_images": 1,
  "image_input": [
    "https://f003.backblazeb2.com/file/aspect-ratio-reference/aspect_ratio_reference_16x9.png"
  ],
  "output_format": "png"
}
2025-11-05 22:29:03 | DEBUG    | src.api.client:generate_image:86 - CRITICAL DEBUG - Constructed payload: {
  "num_images": 1,
  "image_input": [
    "https://f003.backblazeb2.com/file/aspect-ratio-reference/aspect_ratio_reference_16x9.png"
  ],
  "output_format": "png",
  "prompt": "A cinematic scene from the  1820s Stockholm, a young Jewish boy dressed as a king with a handmade paper crown and draped cloth robe running joyfully through a modest candlelit parlor in a private home, his face lit with excitement, while family members sit at a simple wooden table sharing food and quiet laughter in the background. Shot on 35mm film in the style of Roger Deakins. Make the aspect ratio of the generated image the same as provided image"
}
2025-11-05 22:29:03 | DEBUG    | src.api.client:generate_image:89 - Original prompt: A cinematic scene from the  1820s Stockholm, a young Jewish boy dressed as a king with a handmade paper crown and draped cloth robe running joyfully through a modest candlelit parlor in a private home, his face lit with excitement, while family members sit at a simple wooden table sharing food and quiet laughter in the background. Shot on 35mm film in the style of Roger Deakins. Make the aspect ratio of the generated image the same as provided image
2025-11-05 22:29:03 | DEBUG    | src.api.client:generate_image:90 - Clean prompt being sent: A cinematic scene from the  1820s Stockholm, a young Jewish boy dressed as a king with a handmade paper crown and draped cloth robe running joyfully through a modest candlelit parlor in a private home, his face lit with excitement, while family members sit at a simple wooden table sharing food and quiet laughter in the background. Shot on 35mm film in the style of Roger Deakins. Make the aspect ratio of the generated image the same as provided image
2025-11-05 22:29:03 | DEBUG    | src.api.client:generate_image:91 - Clean prompt repr: 'A cinematic scene from the  1820s Stockholm, a young Jewish boy dressed as a king with a handmade paper crown and draped cloth robe running joyfully through a modest candlelit parlor in a private home, his face lit with excitement, while family members sit at a simple wooden table sharing food and quiet laughter in the background. Shot on 35mm film in the style of Roger Deakins. Make the aspect ratio of the generated image the same as provided image'
2025-11-05 22:29:03 | DEBUG    | src.api.client:_call_with_retry:152 - API call attempt 1/3
2025-11-05 22:29:03 | DEBUG    | src.api.client:_call_with_retry:155 - CRITICAL DEBUG - Payload sent to replicate.run: {
  "num_images": 1,
  "image_input": [
    "https://f003.backblazeb2.com/file/aspect-ratio-reference/aspect_ratio_reference_16x9.png"
  ],
  "output_format": "png",
  "prompt": "A cinematic scene from the  1820s Stockholm, a young Jewish boy dressed as a king with a handmade paper crown and draped cloth robe running joyfully through a modest candlelit parlor in a private home, his face lit with excitement, while family members sit at a simple wooden table sharing food and quiet laughter in the background. Shot on 35mm film in the style of Roger Deakins. Make the aspect ratio of the generated image the same as provided image"
}
2025-11-05 22:29:15 | DEBUG    | src.api.client:_call_with_retry:170 - API call successful
2025-11-05 22:29:15 | WARNING  | src.api.client:generate_image:117 - API PARAMETER FILTERING DETECTED:
2025-11-05 22:29:15 | WARNING  | src.api.client:generate_image:118 -   Model: google/nano-banana
2025-11-05 22:29:15 | WARNING  | src.api.client:generate_image:119 -   Filtered parameters: ['image_input']
2025-11-05 22:29:15 | WARNING  | src.api.client:generate_image:120 -   This means the model doesn't support these parameters
2025-11-05 22:29:16 | INFO     | src.output.writer:_save_to_disk:192 - Saved valid image: USER-FILES/05.OUTPUT/251105_222903_IMAGE/purim_party_001_IMAGE_222915_nano-banano16x9_deakins.png
2025-11-05 22:29:16 | DEBUG    | src.output.writer:_save_payload:257 - Saved payload to USER-FILES/05.OUTPUT/251105_222903_IMAGE/purim_party_001_IMAGE_222915_nano-banano16x9_deakins.md
2025-11-05 22:29:16 | INFO     | src.processing.processor:_generate_and_save_image:248 - Saved image: USER-FILES/05.OUTPUT/251105_222903_IMAGE/purim_party_001_IMAGE_222915_nano-banano16x9_deakins.png
2025-11-05 22:29:16 | INFO     | src.processing.discovery:load_prompts:63 - Loaded prompt from purim_party_002.txt
2025-11-05 22:29:16 | INFO     | src.processing.processor:_process_single_combination:119 - Processing combination 2/10: purim_party_002.txt + nano-banano16x9_deakins
2025-11-05 22:29:16 | DEBUG    | src.processing.processor:_apply_prompt_fixes:204 - Added prefix to prompt: A cinematic scene from the 
2025-11-05 22:29:16 | DEBUG    | src.processing.processor:_apply_prompt_fixes:208 - Added suffix to prompt: Shot on 35mm film in the style of Roger Deakins. Make the aspect ratio of the generated image the same as provided image
2025-11-05 22:29:16 | DEBUG    | src.processing.processor:_process_with_context:186 - Processing purim_party_002.txt: A cinematic scene from the  1820s Stockholm, a bea...
2025-11-05 22:29:16 | DEBUG    | src.api.client:generate_image:85 - CRITICAL DEBUG - Received params: {
  "num_images": 1,
  "image_input": [
    "https://f003.backblazeb2.com/file/aspect-ratio-reference/aspect_ratio_reference_16x9.png"
  ],
  "output_format": "png"
}
2025-11-05 22:29:16 | DEBUG    | src.api.client:generate_image:86 - CRITICAL DEBUG - Constructed payload: {
  "num_images": 1,
  "image_input": [
    "https://f003.backblazeb2.com/file/aspect-ratio-reference/aspect_ratio_reference_16x9.png"
  ],
  "output_format": "png",
  "prompt": "A cinematic scene from the  1820s Stockholm, a bearded Jewish father in simple dark clothing and a makeshift turban costume raising a modest glass of wine in a quiet toast at an intimate family gathering in a small dining room, his face warm with joy, while family members sit at a humble table set with hamentashen, pickled fish, and bread behind him. Shot on 35mm film in the style of Roger Deakins. Make the aspect ratio of the generated image the same as provided image"
}
2025-11-05 22:29:16 | DEBUG    | src.api.client:generate_image:89 - Original prompt: A cinematic scene from the  1820s Stockholm, a bearded Jewish father in simple dark clothing and a makeshift turban costume raising a modest glass of wine in a quiet toast at an intimate family gathering in a small dining room, his face warm with joy, while family members sit at a humble table set with hamentashen, pickled fish, and bread behind him. Shot on 35mm film in the style of Roger Deakins. Make the aspect ratio of the generated image the same as provided image
2025-11-05 22:29:16 | DEBUG    | src.api.client:generate_image:90 - Clean prompt being sent: A cinematic scene from the  1820s Stockholm, a bearded Jewish father in simple dark clothing and a makeshift turban costume raising a modest glass of wine in a quiet toast at an intimate family gathering in a small dining room, his face warm with joy, while family members sit at a humble table set with hamentashen, pickled fish, and bread behind him. Shot on 35mm film in the style of Roger Deakins. Make the aspect ratio of the generated image the same as provided image
2025-11-05 22:29:16 | DEBUG    | src.api.client:generate_image:91 - Clean prompt repr: 'A cinematic scene from the  1820s Stockholm, a bearded Jewish father in simple dark clothing and a makeshift turban costume raising a modest glass of wine in a quiet toast at an intimate family gathering in a small dining room, his face warm with joy, while family members sit at a humble table set with hamentashen, pickled fish, and bread behind him. Shot on 35mm film in the style of Roger Deakins. Make the aspect ratio of the generated image the same as provided image'
2025-11-05 22:29:16 | DEBUG    | src.api.client:_call_with_retry:152 - API call attempt 1/3
2025-11-05 22:29:16 | DEBUG    | src.api.client:_call_with_retry:155 - CRITICAL DEBUG - Payload sent to replicate.run: {
  "num_images": 1,
  "image_input": [
    "https://f003.backblazeb2.com/file/aspect-ratio-reference/aspect_ratio_reference_16x9.png"
  ],
  "output_format": "png",
  "prompt": "A cinematic scene from the  1820s Stockholm, a bearded Jewish father in simple dark clothing and a makeshift turban costume raising a modest glass of wine in a quiet toast at an intimate family gathering in a small dining room, his face warm with joy, while family members sit at a humble table set with hamentashen, pickled fish, and bread behind him. Shot on 35mm film in the style of Roger Deakins. Make the aspect ratio of the generated image the same as provided image"
}
2025-11-05 22:29:28 | DEBUG    | src.api.client:_call_with_retry:170 - API call successful
2025-11-05 22:29:28 | WARNING  | src.api.client:generate_image:117 - API PARAMETER FILTERING DETECTED:
2025-11-05 22:29:28 | WARNING  | src.api.client:generate_image:118 -   Model: google/nano-banana
2025-11-05 22:29:28 | WARNING  | src.api.client:generate_image:119 -   Filtered parameters: ['image_input']
2025-11-05 22:29:28 | WARNING  | src.api.client:generate_image:120 -   This means the model doesn't support these parameters
2025-11-05 22:29:29 | INFO     | src.output.writer:_save_to_disk:192 - Saved valid image: USER-FILES/05.OUTPUT/251105_222903_IMAGE/purim_party_002_IMAGE_222928_nano-banano16x9_deakins.png
2025-11-05 22:29:29 | DEBUG    | src.output.writer:_save_payload:257 - Saved payload to USER-FILES/05.OUTPUT/251105_222903_IMAGE/purim_party_002_IMAGE_222928_nano-banano16x9_deakins.md
2025-11-05 22:29:29 | INFO     | src.processing.processor:_generate_and_save_image:248 - Saved image: USER-FILES/05.OUTPUT/251105_222903_IMAGE/purim_party_002_IMAGE_222928_nano-banano16x9_deakins.png
2025-11-05 22:29:29 | INFO     | src.processing.discovery:load_prompts:63 - Loaded prompt from purim_party_003.txt
2025-11-05 22:29:29 | INFO     | src.processing.processor:_process_single_combination:119 - Processing combination 3/10: purim_party_003.txt + nano-banano16x9_deakins
2025-11-05 22:29:29 | DEBUG    | src.processing.processor:_apply_prompt_fixes:204 - Added prefix to prompt: A cinematic scene from the 
2025-11-05 22:29:29 | DEBUG    | src.processing.processor:_apply_prompt_fixes:208 - Added suffix to prompt: Shot on 35mm film in the style of Roger Deakins. Make the aspect ratio of the generated image the same as provided image
2025-11-05 22:29:29 | DEBUG    | src.processing.processor:_process_with_context:186 - Processing purim_party_003.txt: A cinematic scene from the  1820s Stockholm, a Jew...
2025-11-05 22:29:29 | DEBUG    | src.api.client:generate_image:85 - CRITICAL DEBUG - Received params: {
  "num_images": 1,
  "image_input": [
    "https://f003.backblazeb2.com/file/aspect-ratio-reference/aspect_ratio_reference_16x9.png"
  ],
  "output_format": "png"
}
2025-11-05 22:29:29 | DEBUG    | src.api.client:generate_image:86 - CRITICAL DEBUG - Constructed payload: {
  "num_images": 1,
  "image_input": [
    "https://f003.backblazeb2.com/file/aspect-ratio-reference/aspect_ratio_reference_16x9.png"
  ],
  "output_format": "png",
  "prompt": "A cinematic scene from the  1820s Stockholm, a Jewish grandfather in traditional dark coat and hat reading from a worn scroll in the corner of a modest parlor during a private family gathering, his finger following the ancient text, while family members dressed in simple homemade costumes sit quietly listening in the dimly lit room behind him. Shot on 35mm film in the style of Roger Deakins. Make the aspect ratio of the generated image the same as provided image"
}
2025-11-05 22:29:29 | DEBUG    | src.api.client:generate_image:89 - Original prompt: A cinematic scene from the  1820s Stockholm, a Jewish grandfather in traditional dark coat and hat reading from a worn scroll in the corner of a modest parlor during a private family gathering, his finger following the ancient text, while family members dressed in simple homemade costumes sit quietly listening in the dimly lit room behind him. Shot on 35mm film in the style of Roger Deakins. Make the aspect ratio of the generated image the same as provided image
2025-11-05 22:29:29 | DEBUG    | src.api.client:generate_image:90 - Clean prompt being sent: A cinematic scene from the  1820s Stockholm, a Jewish grandfather in traditional dark coat and hat reading from a worn scroll in the corner of a modest parlor during a private family gathering, his finger following the ancient text, while family members dressed in simple homemade costumes sit quietly listening in the dimly lit room behind him. Shot on 35mm film in the style of Roger Deakins. Make the aspect ratio of the generated image the same as provided image
2025-11-05 22:29:29 | DEBUG    | src.api.client:generate_image:91 - Clean prompt repr: 'A cinematic scene from the  1820s Stockholm, a Jewish grandfather in traditional dark coat and hat reading from a worn scroll in the corner of a modest parlor during a private family gathering, his finger following the ancient text, while family members dressed in simple homemade costumes sit quietly listening in the dimly lit room behind him. Shot on 35mm film in the style of Roger Deakins. Make the aspect ratio of the generated image the same as provided image'
2025-11-05 22:29:29 | DEBUG    | src.api.client:_call_with_retry:152 - API call attempt 1/3
2025-11-05 22:29:29 | DEBUG    | src.api.client:_call_with_retry:155 - CRITICAL DEBUG - Payload sent to replicate.run: {
  "num_images": 1,
  "image_input": [
    "https://f003.backblazeb2.com/file/aspect-ratio-reference/aspect_ratio_reference_16x9.png"
  ],
  "output_format": "png",
  "prompt": "A cinematic scene from the  1820s Stockholm, a Jewish grandfather in traditional dark coat and hat reading from a worn scroll in the corner of a modest parlor during a private family gathering, his finger following the ancient text, while family members dressed in simple homemade costumes sit quietly listening in the dimly lit room behind him. Shot on 35mm film in the style of Roger Deakins. Make the aspect ratio of the generated image the same as provided image"
}
2025-11-05 22:29:38 | DEBUG    | src.api.client:_call_with_retry:170 - API call successful
2025-11-05 22:29:38 | WARNING  | src.api.client:generate_image:117 - API PARAMETER FILTERING DETECTED:
2025-11-05 22:29:38 | WARNING  | src.api.client:generate_image:118 -   Model: google/nano-banana
2025-11-05 22:29:38 | WARNING  | src.api.client:generate_image:119 -   Filtered parameters: ['image_input']
2025-11-05 22:29:38 | WARNING  | src.api.client:generate_image:120 -   This means the model doesn't support these parameters
2025-11-05 22:29:39 | INFO     | src.output.writer:_save_to_disk:192 - Saved valid image: USER-FILES/05.OUTPUT/251105_222903_IMAGE/purim_party_003_IMAGE_222938_nano-banano16x9_deakins.png
2025-11-05 22:29:39 | DEBUG    | src.output.writer:_save_payload:257 - Saved payload to USER-FILES/05.OUTPUT/251105_222903_IMAGE/purim_party_003_IMAGE_222938_nano-banano16x9_deakins.md
2025-11-05 22:29:39 | INFO     | src.processing.processor:_generate_and_save_image:248 - Saved image: USER-FILES/05.OUTPUT/251105_222903_IMAGE/purim_party_003_IMAGE_222938_nano-banano16x9_deakins.png
2025-11-05 22:29:39 | INFO     | src.processing.discovery:load_prompts:63 - Loaded prompt from purim_party_004.txt
2025-11-05 22:29:39 | INFO     | src.processing.processor:_process_single_combination:119 - Processing combination 4/10: purim_party_004.txt + nano-banano16x9_deakins
2025-11-05 22:29:39 | DEBUG    | src.processing.processor:_apply_prompt_fixes:204 - Added prefix to prompt: A cinematic scene from the 
2025-11-05 22:29:39 | DEBUG    | src.processing.processor:_apply_prompt_fixes:208 - Added suffix to prompt: Shot on 35mm film in the style of Roger Deakins. Make the aspect ratio of the generated image the same as provided image
2025-11-05 22:29:39 | DEBUG    | src.processing.processor:_process_with_context:186 - Processing purim_party_004.txt: A cinematic scene from the  1820s Stockholm, a you...
2025-11-05 22:29:39 | DEBUG    | src.api.client:generate_image:85 - CRITICAL DEBUG - Received params: {
  "num_images": 1,
  "image_input": [
    "https://f003.backblazeb2.com/file/aspect-ratio-reference/aspect_ratio_reference_16x9.png"
  ],
  "output_format": "png"
}
2025-11-05 22:29:39 | DEBUG    | src.api.client:generate_image:86 - CRITICAL DEBUG - Constructed payload: {
  "num_images": 1,
  "image_input": [
    "https://f003.backblazeb2.com/file/aspect-ratio-reference/aspect_ratio_reference_16x9.png"
  ],
  "output_format": "png",
  "prompt": "A cinematic scene from the  1820s Stockholm, a young Jewish man dressed as a jester with a colorful patched vest and bells playing a fiddle with passionate expression in a small private home, his bow moving swiftly across the strings, while a few family members in simple costumes dance quietly on worn wooden floors behind him with curtains drawn for privacy. Shot on 35mm film in the style of Roger Deakins. Make the aspect ratio of the generated image the same as provided image"
}
2025-11-05 22:29:39 | DEBUG    | src.api.client:generate_image:89 - Original prompt: A cinematic scene from the  1820s Stockholm, a young Jewish man dressed as a jester with a colorful patched vest and bells playing a fiddle with passionate expression in a small private home, his bow moving swiftly across the strings, while a few family members in simple costumes dance quietly on worn wooden floors behind him with curtains drawn for privacy. Shot on 35mm film in the style of Roger Deakins. Make the aspect ratio of the generated image the same as provided image
2025-11-05 22:29:39 | DEBUG    | src.api.client:generate_image:90 - Clean prompt being sent: A cinematic scene from the  1820s Stockholm, a young Jewish man dressed as a jester with a colorful patched vest and bells playing a fiddle with passionate expression in a small private home, his bow moving swiftly across the strings, while a few family members in simple costumes dance quietly on worn wooden floors behind him with curtains drawn for privacy. Shot on 35mm film in the style of Roger Deakins. Make the aspect ratio of the generated image the same as provided image
2025-11-05 22:29:39 | DEBUG    | src.api.client:generate_image:91 - Clean prompt repr: 'A cinematic scene from the  1820s Stockholm, a young Jewish man dressed as a jester with a colorful patched vest and bells playing a fiddle with passionate expression in a small private home, his bow moving swiftly across the strings, while a few family members in simple costumes dance quietly on worn wooden floors behind him with curtains drawn for privacy. Shot on 35mm film in the style of Roger Deakins. Make the aspect ratio of the generated image the same as provided image'
2025-11-05 22:29:39 | DEBUG    | src.api.client:_call_with_retry:152 - API call attempt 1/3
2025-11-05 22:29:39 | DEBUG    | src.api.client:_call_with_retry:155 - CRITICAL DEBUG - Payload sent to replicate.run: {
  "num_images": 1,
  "image_input": [
    "https://f003.backblazeb2.com/file/aspect-ratio-reference/aspect_ratio_reference_16x9.png"
  ],
  "output_format": "png",
  "prompt": "A cinematic scene from the  1820s Stockholm, a young Jewish man dressed as a jester with a colorful patched vest and bells playing a fiddle with passionate expression in a small private home, his bow moving swiftly across the strings, while a few family members in simple costumes dance quietly on worn wooden floors behind him with curtains drawn for privacy. Shot on 35mm film in the style of Roger Deakins. Make the aspect ratio of the generated image the same as provided image"
}
2025-11-05 22:29:49 | DEBUG    | src.api.client:_call_with_retry:170 - API call successful
2025-11-05 22:29:49 | WARNING  | src.api.client:generate_image:117 - API PARAMETER FILTERING DETECTED:
2025-11-05 22:29:49 | WARNING  | src.api.client:generate_image:118 -   Model: google/nano-banana
2025-11-05 22:29:49 | WARNING  | src.api.client:generate_image:119 -   Filtered parameters: ['image_input']
2025-11-05 22:29:49 | WARNING  | src.api.client:generate_image:120 -   This means the model doesn't support these parameters
2025-11-05 22:29:50 | INFO     | src.output.writer:_save_to_disk:192 - Saved valid image: USER-FILES/05.OUTPUT/251105_222903_IMAGE/purim_party_004_IMAGE_222949_nano-banano16x9_deakins.png
2025-11-05 22:29:50 | DEBUG    | src.output.writer:_save_payload:257 - Saved payload to USER-FILES/05.OUTPUT/251105_222903_IMAGE/purim_party_004_IMAGE_222949_nano-banano16x9_deakins.md
2025-11-05 22:29:50 | INFO     | src.processing.processor:_generate_and_save_image:248 - Saved image: USER-FILES/05.OUTPUT/251105_222903_IMAGE/purim_party_004_IMAGE_222949_nano-banano16x9_deakins.png
2025-11-05 22:29:50 | INFO     | src.processing.discovery:load_prompts:63 - Loaded prompt from purim_party_005.txt
2025-11-05 22:29:50 | INFO     | src.processing.processor:_process_single_combination:119 - Processing combination 5/10: purim_party_005.txt + nano-banano16x9_deakins
2025-11-05 22:29:50 | DEBUG    | src.processing.processor:_apply_prompt_fixes:204 - Added prefix to prompt: A cinematic scene from the 
2025-11-05 22:29:50 | DEBUG    | src.processing.processor:_apply_prompt_fixes:208 - Added suffix to prompt: Shot on 35mm film in the style of Roger Deakins. Make the aspect ratio of the generated image the same as provided image
2025-11-05 22:29:50 | DEBUG    | src.processing.processor:_process_with_context:186 - Processing purim_party_005.txt: A cinematic scene from the  1820s Stockholm, a you...
2025-11-05 22:29:50 | DEBUG    | src.api.client:generate_image:85 - CRITICAL DEBUG - Received params: {
  "num_images": 1,
  "image_input": [
    "https://f003.backblazeb2.com/file/aspect-ratio-reference/aspect_ratio_reference_16x9.png"
  ],
  "output_format": "png"
}
2025-11-05 22:29:50 | DEBUG    | src.api.client:generate_image:86 - CRITICAL DEBUG - Constructed payload: {
  "num_images": 1,
  "image_input": [
    "https://f003.backblazeb2.com/file/aspect-ratio-reference/aspect_ratio_reference_16x9.png"
  ],
  "output_format": "png",
  "prompt": "A cinematic scene from the  1820s Stockholm, a young Jewish girl dressed as Queen Esther in a simple white dress with a handmade crown and veil parading through a modest parlor with arms outstretched dramatically, her face glowing with pride, while two other children in humble costumes follow behind her and parents watch quietly from their chairs with gentle smiles. Shot on 35mm film in the style of Roger Deakins. Make the aspect ratio of the generated image the same as provided image"
}
2025-11-05 22:29:50 | DEBUG    | src.api.client:generate_image:89 - Original prompt: A cinematic scene from the  1820s Stockholm, a young Jewish girl dressed as Queen Esther in a simple white dress with a handmade crown and veil parading through a modest parlor with arms outstretched dramatically, her face glowing with pride, while two other children in humble costumes follow behind her and parents watch quietly from their chairs with gentle smiles. Shot on 35mm film in the style of Roger Deakins. Make the aspect ratio of the generated image the same as provided image
2025-11-05 22:29:50 | DEBUG    | src.api.client:generate_image:90 - Clean prompt being sent: A cinematic scene from the  1820s Stockholm, a young Jewish girl dressed as Queen Esther in a simple white dress with a handmade crown and veil parading through a modest parlor with arms outstretched dramatically, her face glowing with pride, while two other children in humble costumes follow behind her and parents watch quietly from their chairs with gentle smiles. Shot on 35mm film in the style of Roger Deakins. Make the aspect ratio of the generated image the same as provided image
2025-11-05 22:29:50 | DEBUG    | src.api.client:generate_image:91 - Clean prompt repr: 'A cinematic scene from the  1820s Stockholm, a young Jewish girl dressed as Queen Esther in a simple white dress with a handmade crown and veil parading through a modest parlor with arms outstretched dramatically, her face glowing with pride, while two other children in humble costumes follow behind her and parents watch quietly from their chairs with gentle smiles. Shot on 35mm film in the style of Roger Deakins. Make the aspect ratio of the generated image the same as provided image'
2025-11-05 22:29:50 | DEBUG    | src.api.client:_call_with_retry:152 - API call attempt 1/3
2025-11-05 22:29:50 | DEBUG    | src.api.client:_call_with_retry:155 - CRITICAL DEBUG - Payload sent to replicate.run: {
  "num_images": 1,
  "image_input": [
    "https://f003.backblazeb2.com/file/aspect-ratio-reference/aspect_ratio_reference_16x9.png"
  ],
  "output_format": "png",
  "prompt": "A cinematic scene from the  1820s Stockholm, a young Jewish girl dressed as Queen Esther in a simple white dress with a handmade crown and veil parading through a modest parlor with arms outstretched dramatically, her face glowing with pride, while two other children in humble costumes follow behind her and parents watch quietly from their chairs with gentle smiles. Shot on 35mm film in the style of Roger Deakins. Make the aspect ratio of the generated image the same as provided image"
}
2025-11-05 22:30:00 | DEBUG    | src.api.client:_call_with_retry:170 - API call successful
2025-11-05 22:30:00 | WARNING  | src.api.client:generate_image:117 - API PARAMETER FILTERING DETECTED:
2025-11-05 22:30:00 | WARNING  | src.api.client:generate_image:118 -   Model: google/nano-banana
2025-11-05 22:30:00 | WARNING  | src.api.client:generate_image:119 -   Filtered parameters: ['image_input']
2025-11-05 22:30:00 | WARNING  | src.api.client:generate_image:120 -   This means the model doesn't support these parameters
2025-11-05 22:30:01 | INFO     | src.output.writer:_save_to_disk:192 - Saved valid image: USER-FILES/05.OUTPUT/251105_222903_IMAGE/purim_party_005_IMAGE_223000_nano-banano16x9_deakins.png
2025-11-05 22:30:01 | DEBUG    | src.output.writer:_save_payload:257 - Saved payload to USER-FILES/05.OUTPUT/251105_222903_IMAGE/purim_party_005_IMAGE_223000_nano-banano16x9_deakins.md
2025-11-05 22:30:01 | INFO     | src.processing.processor:_generate_and_save_image:248 - Saved image: USER-FILES/05.OUTPUT/251105_222903_IMAGE/purim_party_005_IMAGE_223000_nano-banano16x9_deakins.png
2025-11-05 22:30:01 | INFO     | src.processing.discovery:load_prompts:63 - Loaded prompt from purim_party_006.txt
2025-11-05 22:30:01 | INFO     | src.processing.processor:_process_single_combination:119 - Processing combination 6/10: purim_party_006.txt + nano-banano16x9_deakins
2025-11-05 22:30:01 | DEBUG    | src.processing.processor:_apply_prompt_fixes:204 - Added prefix to prompt: A cinematic scene from the 
2025-11-05 22:30:01 | DEBUG    | src.processing.processor:_apply_prompt_fixes:208 - Added suffix to prompt: Shot on 35mm film in the style of Roger Deakins. Make the aspect ratio of the generated image the same as provided image
2025-11-05 22:30:01 | DEBUG    | src.processing.processor:_process_with_context:186 - Processing purim_party_006.txt: A cinematic scene from the  1820s Stockholm, a Jew...
2025-11-05 22:30:01 | DEBUG    | src.api.client:generate_image:85 - CRITICAL DEBUG - Received params: {
  "num_images": 1,
  "image_input": [
    "https://f003.backblazeb2.com/file/aspect-ratio-reference/aspect_ratio_reference_16x9.png"
  ],
  "output_format": "png"
}
2025-11-05 22:30:01 | DEBUG    | src.api.client:generate_image:86 - CRITICAL DEBUG - Constructed payload: {
  "num_images": 1,
  "image_input": [
    "https://f003.backblazeb2.com/file/aspect-ratio-reference/aspect_ratio_reference_16x9.png"
  ],
  "output_format": "png",
  "prompt": "A cinematic scene from the  1820s Stockholm, a Jewish mother in a modest dark dress and simple shawl carefully lighting candles on a small table in her private dining room, the warm glow illuminating her gentle face, while her daughters quietly arrange homemade pastries on worn plates in the shadowy background. Shot on 35mm film in the style of Roger Deakins. Make the aspect ratio of the generated image the same as provided image"
}
2025-11-05 22:30:01 | DEBUG    | src.api.client:generate_image:89 - Original prompt: A cinematic scene from the  1820s Stockholm, a Jewish mother in a modest dark dress and simple shawl carefully lighting candles on a small table in her private dining room, the warm glow illuminating her gentle face, while her daughters quietly arrange homemade pastries on worn plates in the shadowy background. Shot on 35mm film in the style of Roger Deakins. Make the aspect ratio of the generated image the same as provided image
2025-11-05 22:30:01 | DEBUG    | src.api.client:generate_image:90 - Clean prompt being sent: A cinematic scene from the  1820s Stockholm, a Jewish mother in a modest dark dress and simple shawl carefully lighting candles on a small table in her private dining room, the warm glow illuminating her gentle face, while her daughters quietly arrange homemade pastries on worn plates in the shadowy background. Shot on 35mm film in the style of Roger Deakins. Make the aspect ratio of the generated image the same as provided image
2025-11-05 22:30:01 | DEBUG    | src.api.client:generate_image:91 - Clean prompt repr: 'A cinematic scene from the  1820s Stockholm, a Jewish mother in a modest dark dress and simple shawl carefully lighting candles on a small table in her private dining room, the warm glow illuminating her gentle face, while her daughters quietly arrange homemade pastries on worn plates in the shadowy background. Shot on 35mm film in the style of Roger Deakins. Make the aspect ratio of the generated image the same as provided image'
2025-11-05 22:30:01 | DEBUG    | src.api.client:_call_with_retry:152 - API call attempt 1/3
2025-11-05 22:30:01 | DEBUG    | src.api.client:_call_with_retry:155 - CRITICAL DEBUG - Payload sent to replicate.run: {
  "num_images": 1,
  "image_input": [
    "https://f003.backblazeb2.com/file/aspect-ratio-reference/aspect_ratio_reference_16x9.png"
  ],
  "output_format": "png",
  "prompt": "A cinematic scene from the  1820s Stockholm, a Jewish mother in a modest dark dress and simple shawl carefully lighting candles on a small table in her private dining room, the warm glow illuminating her gentle face, while her daughters quietly arrange homemade pastries on worn plates in the shadowy background. Shot on 35mm film in the style of Roger Deakins. Make the aspect ratio of the generated image the same as provided image"
}
2025-11-05 22:30:11 | DEBUG    | src.api.client:_call_with_retry:170 - API call successful
2025-11-05 22:30:11 | WARNING  | src.api.client:generate_image:117 - API PARAMETER FILTERING DETECTED:
2025-11-05 22:30:11 | WARNING  | src.api.client:generate_image:118 -   Model: google/nano-banana
2025-11-05 22:30:11 | WARNING  | src.api.client:generate_image:119 -   Filtered parameters: ['image_input']
2025-11-05 22:30:11 | WARNING  | src.api.client:generate_image:120 -   This means the model doesn't support these parameters
2025-11-05 22:30:12 | INFO     | src.output.writer:_save_to_disk:192 - Saved valid image: USER-FILES/05.OUTPUT/251105_222903_IMAGE/purim_party_006_IMAGE_223011_nano-banano16x9_deakins.png
2025-11-05 22:30:12 | DEBUG    | src.output.writer:_save_payload:257 - Saved payload to USER-FILES/05.OUTPUT/251105_222903_IMAGE/purim_party_006_IMAGE_223011_nano-banano16x9_deakins.md
2025-11-05 22:30:12 | INFO     | src.processing.processor:_generate_and_save_image:248 - Saved image: USER-FILES/05.OUTPUT/251105_222903_IMAGE/purim_party_006_IMAGE_223011_nano-banano16x9_deakins.png
2025-11-05 22:30:12 | INFO     | src.processing.discovery:load_prompts:63 - Loaded prompt from purim_party_007.txt
2025-11-05 22:30:12 | INFO     | src.processing.processor:_process_single_combination:119 - Processing combination 7/10: purim_party_007.txt + nano-banano16x9_deakins
2025-11-05 22:30:12 | DEBUG    | src.processing.processor:_apply_prompt_fixes:204 - Added prefix to prompt: A cinematic scene from the 
2025-11-05 22:30:12 | DEBUG    | src.processing.processor:_apply_prompt_fixes:208 - Added suffix to prompt: Shot on 35mm film in the style of Roger Deakins. Make the aspect ratio of the generated image the same as provided image
2025-11-05 22:30:12 | DEBUG    | src.processing.processor:_process_with_context:186 - Processing purim_party_007.txt: A cinematic scene from the  1820s Stockholm, a Jew...
2025-11-05 22:30:12 | DEBUG    | src.api.client:generate_image:85 - CRITICAL DEBUG - Received params: {
  "num_images": 1,
  "image_input": [
    "https://f003.backblazeb2.com/file/aspect-ratio-reference/aspect_ratio_reference_16x9.png"
  ],
  "output_format": "png"
}
2025-11-05 22:30:12 | DEBUG    | src.api.client:generate_image:86 - CRITICAL DEBUG - Constructed payload: {
  "num_images": 1,
  "image_input": [
    "https://f003.backblazeb2.com/file/aspect-ratio-reference/aspect_ratio_reference_16x9.png"
  ],
  "output_format": "png",
  "prompt": "A cinematic scene from the  1820s Stockholm, a Jewish merchant dressed as a Persian guard with a makeshift cardboard sword and sash laying down cards with a triumphant smile in a cramped parlor, his face animated with quiet laughter, while two other men in simple costumes sit around a small table in the intimate home gathering as thin smoke from a clay pipe curls in the air. Shot on 35mm film in the style of Roger Deakins. Make the aspect ratio of the generated image the same as provided image"
}
2025-11-05 22:30:12 | DEBUG    | src.api.client:generate_image:89 - Original prompt: A cinematic scene from the  1820s Stockholm, a Jewish merchant dressed as a Persian guard with a makeshift cardboard sword and sash laying down cards with a triumphant smile in a cramped parlor, his face animated with quiet laughter, while two other men in simple costumes sit around a small table in the intimate home gathering as thin smoke from a clay pipe curls in the air. Shot on 35mm film in the style of Roger Deakins. Make the aspect ratio of the generated image the same as provided image
2025-11-05 22:30:12 | DEBUG    | src.api.client:generate_image:90 - Clean prompt being sent: A cinematic scene from the  1820s Stockholm, a Jewish merchant dressed as a Persian guard with a makeshift cardboard sword and sash laying down cards with a triumphant smile in a cramped parlor, his face animated with quiet laughter, while two other men in simple costumes sit around a small table in the intimate home gathering as thin smoke from a clay pipe curls in the air. Shot on 35mm film in the style of Roger Deakins. Make the aspect ratio of the generated image the same as provided image
2025-11-05 22:30:12 | DEBUG    | src.api.client:generate_image:91 - Clean prompt repr: 'A cinematic scene from the  1820s Stockholm, a Jewish merchant dressed as a Persian guard with a makeshift cardboard sword and sash laying down cards with a triumphant smile in a cramped parlor, his face animated with quiet laughter, while two other men in simple costumes sit around a small table in the intimate home gathering as thin smoke from a clay pipe curls in the air. Shot on 35mm film in the style of Roger Deakins. Make the aspect ratio of the generated image the same as provided image'
2025-11-05 22:30:12 | DEBUG    | src.api.client:_call_with_retry:152 - API call attempt 1/3
2025-11-05 22:30:12 | DEBUG    | src.api.client:_call_with_retry:155 - CRITICAL DEBUG - Payload sent to replicate.run: {
  "num_images": 1,
  "image_input": [
    "https://f003.backblazeb2.com/file/aspect-ratio-reference/aspect_ratio_reference_16x9.png"
  ],
  "output_format": "png",
  "prompt": "A cinematic scene from the  1820s Stockholm, a Jewish merchant dressed as a Persian guard with a makeshift cardboard sword and sash laying down cards with a triumphant smile in a cramped parlor, his face animated with quiet laughter, while two other men in simple costumes sit around a small table in the intimate home gathering as thin smoke from a clay pipe curls in the air. Shot on 35mm film in the style of Roger Deakins. Make the aspect ratio of the generated image the same as provided image"
}
2025-11-05 22:30:20 | DEBUG    | src.api.client:_call_with_retry:170 - API call successful
2025-11-05 22:30:20 | WARNING  | src.api.client:generate_image:117 - API PARAMETER FILTERING DETECTED:
2025-11-05 22:30:20 | WARNING  | src.api.client:generate_image:118 -   Model: google/nano-banana
2025-11-05 22:30:20 | WARNING  | src.api.client:generate_image:119 -   Filtered parameters: ['image_input']
2025-11-05 22:30:20 | WARNING  | src.api.client:generate_image:120 -   This means the model doesn't support these parameters
2025-11-05 22:30:21 | INFO     | src.output.writer:_save_to_disk:192 - Saved valid image: USER-FILES/05.OUTPUT/251105_222903_IMAGE/purim_party_007_IMAGE_223020_nano-banano16x9_deakins.png
2025-11-05 22:30:21 | DEBUG    | src.output.writer:_save_payload:257 - Saved payload to USER-FILES/05.OUTPUT/251105_222903_IMAGE/purim_party_007_IMAGE_223020_nano-banano16x9_deakins.md
2025-11-05 22:30:21 | INFO     | src.processing.processor:_generate_and_save_image:248 - Saved image: USER-FILES/05.OUTPUT/251105_222903_IMAGE/purim_party_007_IMAGE_223020_nano-banano16x9_deakins.png
2025-11-05 22:30:21 | INFO     | src.processing.discovery:load_prompts:63 - Loaded prompt from purim_party_008.txt
2025-11-05 22:30:21 | INFO     | src.processing.processor:_process_single_combination:119 - Processing combination 8/10: purim_party_008.txt + nano-banano16x9_deakins
2025-11-05 22:30:21 | DEBUG    | src.processing.processor:_apply_prompt_fixes:204 - Added prefix to prompt: A cinematic scene from the 
2025-11-05 22:30:21 | DEBUG    | src.processing.processor:_apply_prompt_fixes:208 - Added suffix to prompt: Shot on 35mm film in the style of Roger Deakins. Make the aspect ratio of the generated image the same as provided image
2025-11-05 22:30:21 | DEBUG    | src.processing.processor:_process_with_context:186 - Processing purim_party_008.txt: A cinematic scene from the  1820s Stockholm, a Jew...
2025-11-05 22:30:21 | DEBUG    | src.api.client:generate_image:85 - CRITICAL DEBUG - Received params: {
  "num_images": 1,
  "image_input": [
    "https://f003.backblazeb2.com/file/aspect-ratio-reference/aspect_ratio_reference_16x9.png"
  ],
  "output_format": "png"
}
2025-11-05 22:30:21 | DEBUG    | src.api.client:generate_image:86 - CRITICAL DEBUG - Constructed payload: {
  "num_images": 1,
  "image_input": [
    "https://f003.backblazeb2.com/file/aspect-ratio-reference/aspect_ratio_reference_16x9.png"
  ],
  "output_format": "png",
  "prompt": "A cinematic scene from the  1820s Stockholm, a Jewish boy dressed as a soldier with a paper hat and wooden sword energetically turning a wooden noisemaker in a small candlelit room, his face full of concentration and glee, while family members in modest homemade costumes sit quietly in the private home behind him during an intimate gathering. Shot on 35mm film in the style of Roger Deakins. Make the aspect ratio of the generated image the same as provided image"
}
2025-11-05 22:30:21 | DEBUG    | src.api.client:generate_image:89 - Original prompt: A cinematic scene from the  1820s Stockholm, a Jewish boy dressed as a soldier with a paper hat and wooden sword energetically turning a wooden noisemaker in a small candlelit room, his face full of concentration and glee, while family members in modest homemade costumes sit quietly in the private home behind him during an intimate gathering. Shot on 35mm film in the style of Roger Deakins. Make the aspect ratio of the generated image the same as provided image
2025-11-05 22:30:21 | DEBUG    | src.api.client:generate_image:90 - Clean prompt being sent: A cinematic scene from the  1820s Stockholm, a Jewish boy dressed as a soldier with a paper hat and wooden sword energetically turning a wooden noisemaker in a small candlelit room, his face full of concentration and glee, while family members in modest homemade costumes sit quietly in the private home behind him during an intimate gathering. Shot on 35mm film in the style of Roger Deakins. Make the aspect ratio of the generated image the same as provided image
2025-11-05 22:30:21 | DEBUG    | src.api.client:generate_image:91 - Clean prompt repr: 'A cinematic scene from the  1820s Stockholm, a Jewish boy dressed as a soldier with a paper hat and wooden sword energetically turning a wooden noisemaker in a small candlelit room, his face full of concentration and glee, while family members in modest homemade costumes sit quietly in the private home behind him during an intimate gathering. Shot on 35mm film in the style of Roger Deakins. Make the aspect ratio of the generated image the same as provided image'
2025-11-05 22:30:21 | DEBUG    | src.api.client:_call_with_retry:152 - API call attempt 1/3
2025-11-05 22:30:21 | DEBUG    | src.api.client:_call_with_retry:155 - CRITICAL DEBUG - Payload sent to replicate.run: {
  "num_images": 1,
  "image_input": [
    "https://f003.backblazeb2.com/file/aspect-ratio-reference/aspect_ratio_reference_16x9.png"
  ],
  "output_format": "png",
  "prompt": "A cinematic scene from the  1820s Stockholm, a Jewish boy dressed as a soldier with a paper hat and wooden sword energetically turning a wooden noisemaker in a small candlelit room, his face full of concentration and glee, while family members in modest homemade costumes sit quietly in the private home behind him during an intimate gathering. Shot on 35mm film in the style of Roger Deakins. Make the aspect ratio of the generated image the same as provided image"
}
2025-11-05 22:30:29 | WARNING  | __main__:main:350 - Interrupted by user
