2025-11-25 18:14:45 | INFO     | src.utils.logging:setup_logging:39 - Logging configured (verbose=True, debug=False)
2025-11-25 18:14:45 | INFO     | __main__:setup_environment:79 - Environment initialized
2025-11-25 18:14:45 | INFO     | __main__:load_and_validate_config:84 - Loading configuration...
2025-11-25 18:14:45 | INFO     | src.config.loader:load_config:42 - Loaded configuration from USER-FILES/01.CONFIG/config.yaml
2025-11-25 18:14:45 | INFO     | __main__:authenticate_for_mode:273 - Authenticating with 1Password...
2025-11-25 18:14:47 | DEBUG    | src.auth.session_manager:ensure_op_auth:39 - 1Password session is active
2025-11-25 18:14:48 | DEBUG    | src.auth.session_manager:ensure_op_auth:39 - 1Password session is active
2025-11-25 18:14:48 | DEBUG    | src.auth.auth:load_auth_config:28 - Using auth config: auth_bites.yaml
2025-11-25 18:14:49 | DEBUG    | src.auth.auth:get_api_key:77 - Retrieved API key: r8_V...
2025-11-25 18:14:49 | INFO     | __main__:discover_inputs_and_profiles:92 - Discovering inputs...
2025-11-25 18:14:49 | DEBUG    | src.processing.discovery:discover_prompt_files:40 - Found prompt file: test_single/01_Why_Monthly_1-on-1s_001.txt
2025-11-25 18:14:49 | DEBUG    | src.processing.discovery:discover_prompt_files:40 - Found prompt file: 01_Why_Monthly_1-on-1s/01_Why_Monthly_1-on-1s_003.txt
2025-11-25 18:14:49 | DEBUG    | src.processing.discovery:discover_prompt_files:40 - Found prompt file: 01_Why_Monthly_1-on-1s/01_Why_Monthly_1-on-1s_017.txt
2025-11-25 18:14:49 | DEBUG    | src.processing.discovery:discover_prompt_files:40 - Found prompt file: 01_Why_Monthly_1-on-1s/01_Why_Monthly_1-on-1s_016.txt
2025-11-25 18:14:49 | DEBUG    | src.processing.discovery:discover_prompt_files:40 - Found prompt file: 01_Why_Monthly_1-on-1s/01_Why_Monthly_1-on-1s_002.txt
2025-11-25 18:14:49 | DEBUG    | src.processing.discovery:discover_prompt_files:40 - Found prompt file: 01_Why_Monthly_1-on-1s/01_Why_Monthly_1-on-1s_014.txt
2025-11-25 18:14:49 | DEBUG    | src.processing.discovery:discover_prompt_files:40 - Found prompt file: 01_Why_Monthly_1-on-1s/01_Why_Monthly_1-on-1s_028.txt
2025-11-25 18:14:49 | DEBUG    | src.processing.discovery:discover_prompt_files:40 - Found prompt file: 01_Why_Monthly_1-on-1s/01_Why_Monthly_1-on-1s_029.txt
2025-11-25 18:14:49 | DEBUG    | src.processing.discovery:discover_prompt_files:40 - Found prompt file: 01_Why_Monthly_1-on-1s/01_Why_Monthly_1-on-1s_001.txt
2025-11-25 18:14:49 | DEBUG    | src.processing.discovery:discover_prompt_files:40 - Found prompt file: 01_Why_Monthly_1-on-1s/01_Why_Monthly_1-on-1s_015.txt
2025-11-25 18:14:49 | DEBUG    | src.processing.discovery:discover_prompt_files:40 - Found prompt file: 01_Why_Monthly_1-on-1s/01_Why_Monthly_1-on-1s_039.txt
2025-11-25 18:14:49 | DEBUG    | src.processing.discovery:discover_prompt_files:40 - Found prompt file: 01_Why_Monthly_1-on-1s/01_Why_Monthly_1-on-1s_011.txt
2025-11-25 18:14:49 | DEBUG    | src.processing.discovery:discover_prompt_files:40 - Found prompt file: 01_Why_Monthly_1-on-1s/01_Why_Monthly_1-on-1s_005.txt
2025-11-25 18:14:49 | DEBUG    | src.processing.discovery:discover_prompt_files:40 - Found prompt file: 01_Why_Monthly_1-on-1s/01_Why_Monthly_1-on-1s_004.txt
2025-11-25 18:14:49 | DEBUG    | src.processing.discovery:discover_prompt_files:40 - Found prompt file: 01_Why_Monthly_1-on-1s/01_Why_Monthly_1-on-1s_010.txt
2025-11-25 18:14:49 | DEBUG    | src.processing.discovery:discover_prompt_files:40 - Found prompt file: 01_Why_Monthly_1-on-1s/01_Why_Monthly_1-on-1s_038.txt
2025-11-25 18:14:49 | DEBUG    | src.processing.discovery:discover_prompt_files:40 - Found prompt file: 01_Why_Monthly_1-on-1s/01_Why_Monthly_1-on-1s_006.txt
2025-11-25 18:14:49 | DEBUG    | src.processing.discovery:discover_prompt_files:40 - Found prompt file: 01_Why_Monthly_1-on-1s/01_Why_Monthly_1-on-1s_012.txt
2025-11-25 18:14:49 | DEBUG    | src.processing.discovery:discover_prompt_files:40 - Found prompt file: 01_Why_Monthly_1-on-1s/01_Why_Monthly_1-on-1s_013.txt
2025-11-25 18:14:49 | DEBUG    | src.processing.discovery:discover_prompt_files:40 - Found prompt file: 01_Why_Monthly_1-on-1s/01_Why_Monthly_1-on-1s_007.txt
2025-11-25 18:14:49 | DEBUG    | src.processing.discovery:discover_prompt_files:40 - Found prompt file: 01_Why_Monthly_1-on-1s/01_Why_Monthly_1-on-1s_041.txt
2025-11-25 18:14:49 | DEBUG    | src.processing.discovery:discover_prompt_files:40 - Found prompt file: 01_Why_Monthly_1-on-1s/01_Why_Monthly_1-on-1s_040.txt
2025-11-25 18:14:49 | DEBUG    | src.processing.discovery:discover_prompt_files:40 - Found prompt file: 01_Why_Monthly_1-on-1s/01_Why_Monthly_1-on-1s_042.txt
2025-11-25 18:14:49 | DEBUG    | src.processing.discovery:discover_prompt_files:40 - Found prompt file: 01_Why_Monthly_1-on-1s/01_Why_Monthly_1-on-1s_043.txt
2025-11-25 18:14:49 | DEBUG    | src.processing.discovery:discover_prompt_files:40 - Found prompt file: 01_Why_Monthly_1-on-1s/01_Why_Monthly_1-on-1s_046.txt
2025-11-25 18:14:49 | DEBUG    | src.processing.discovery:discover_prompt_files:40 - Found prompt file: 01_Why_Monthly_1-on-1s/01_Why_Monthly_1-on-1s_044.txt
2025-11-25 18:14:49 | DEBUG    | src.processing.discovery:discover_prompt_files:40 - Found prompt file: 01_Why_Monthly_1-on-1s/01_Why_Monthly_1-on-1s_045.txt
2025-11-25 18:14:49 | DEBUG    | src.processing.discovery:discover_prompt_files:40 - Found prompt file: 01_Why_Monthly_1-on-1s/01_Why_Monthly_1-on-1s_022.txt
2025-11-25 18:14:49 | DEBUG    | src.processing.discovery:discover_prompt_files:40 - Found prompt file: 01_Why_Monthly_1-on-1s/01_Why_Monthly_1-on-1s_036.txt
2025-11-25 18:14:49 | DEBUG    | src.processing.discovery:discover_prompt_files:40 - Found prompt file: 01_Why_Monthly_1-on-1s/01_Why_Monthly_1-on-1s_037.txt
2025-11-25 18:14:49 | DEBUG    | src.processing.discovery:discover_prompt_files:40 - Found prompt file: 01_Why_Monthly_1-on-1s/01_Why_Monthly_1-on-1s_023.txt
2025-11-25 18:14:49 | DEBUG    | src.processing.discovery:discover_prompt_files:40 - Found prompt file: 01_Why_Monthly_1-on-1s/01_Why_Monthly_1-on-1s_035.txt
2025-11-25 18:14:49 | DEBUG    | src.processing.discovery:discover_prompt_files:40 - Found prompt file: 01_Why_Monthly_1-on-1s/01_Why_Monthly_1-on-1s_021.txt
2025-11-25 18:14:49 | DEBUG    | src.processing.discovery:discover_prompt_files:40 - Found prompt file: 01_Why_Monthly_1-on-1s/01_Why_Monthly_1-on-1s_009.txt
2025-11-25 18:14:49 | DEBUG    | src.processing.discovery:discover_prompt_files:40 - Found prompt file: 01_Why_Monthly_1-on-1s/01_Why_Monthly_1-on-1s_008.txt
2025-11-25 18:14:49 | DEBUG    | src.processing.discovery:discover_prompt_files:40 - Found prompt file: 01_Why_Monthly_1-on-1s/01_Why_Monthly_1-on-1s_020.txt
2025-11-25 18:14:49 | DEBUG    | src.processing.discovery:discover_prompt_files:40 - Found prompt file: 01_Why_Monthly_1-on-1s/01_Why_Monthly_1-on-1s_034.txt
2025-11-25 18:14:49 | DEBUG    | src.processing.discovery:discover_prompt_files:40 - Found prompt file: 01_Why_Monthly_1-on-1s/01_Why_Monthly_1-on-1s_018.txt
2025-11-25 18:14:49 | DEBUG    | src.processing.discovery:discover_prompt_files:40 - Found prompt file: 01_Why_Monthly_1-on-1s/01_Why_Monthly_1-on-1s_030.txt
2025-11-25 18:14:49 | DEBUG    | src.processing.discovery:discover_prompt_files:40 - Found prompt file: 01_Why_Monthly_1-on-1s/01_Why_Monthly_1-on-1s_024.txt
2025-11-25 18:14:49 | DEBUG    | src.processing.discovery:discover_prompt_files:40 - Found prompt file: 01_Why_Monthly_1-on-1s/01_Why_Monthly_1-on-1s_025.txt
2025-11-25 18:14:49 | DEBUG    | src.processing.discovery:discover_prompt_files:40 - Found prompt file: 01_Why_Monthly_1-on-1s/01_Why_Monthly_1-on-1s_031.txt
2025-11-25 18:14:49 | DEBUG    | src.processing.discovery:discover_prompt_files:40 - Found prompt file: 01_Why_Monthly_1-on-1s/01_Why_Monthly_1-on-1s_019.txt
2025-11-25 18:14:49 | DEBUG    | src.processing.discovery:discover_prompt_files:40 - Found prompt file: 01_Why_Monthly_1-on-1s/01_Why_Monthly_1-on-1s_027.txt
2025-11-25 18:14:49 | DEBUG    | src.processing.discovery:discover_prompt_files:40 - Found prompt file: 01_Why_Monthly_1-on-1s/01_Why_Monthly_1-on-1s_033.txt
2025-11-25 18:14:49 | DEBUG    | src.processing.discovery:discover_prompt_files:40 - Found prompt file: 01_Why_Monthly_1-on-1s/01_Why_Monthly_1-on-1s_032.txt
2025-11-25 18:14:49 | DEBUG    | src.processing.discovery:discover_prompt_files:40 - Found prompt file: 01_Why_Monthly_1-on-1s/01_Why_Monthly_1-on-1s_026.txt
2025-11-25 18:14:49 | DEBUG    | src.processing.discovery:discover_prompt_files:40 - Found prompt file: 02_How_Monthly_1-on-1s_Work/02_How_Monthly_1-on-1s_Work_004.txt
2025-11-25 18:14:49 | DEBUG    | src.processing.discovery:discover_prompt_files:40 - Found prompt file: 02_How_Monthly_1-on-1s_Work/02_How_Monthly_1-on-1s_Work_010.txt
2025-11-25 18:14:49 | DEBUG    | src.processing.discovery:discover_prompt_files:40 - Found prompt file: 02_How_Monthly_1-on-1s_Work/02_How_Monthly_1-on-1s_Work_011.txt
2025-11-25 18:14:49 | DEBUG    | src.processing.discovery:discover_prompt_files:40 - Found prompt file: 02_How_Monthly_1-on-1s_Work/02_How_Monthly_1-on-1s_Work_005.txt
2025-11-25 18:14:49 | DEBUG    | src.processing.discovery:discover_prompt_files:40 - Found prompt file: 02_How_Monthly_1-on-1s_Work/02_How_Monthly_1-on-1s_Work_013.txt
2025-11-25 18:14:49 | DEBUG    | src.processing.discovery:discover_prompt_files:40 - Found prompt file: 02_How_Monthly_1-on-1s_Work/02_How_Monthly_1-on-1s_Work_007.txt
2025-11-25 18:14:49 | DEBUG    | src.processing.discovery:discover_prompt_files:40 - Found prompt file: 02_How_Monthly_1-on-1s_Work/02_How_Monthly_1-on-1s_Work_006.txt
2025-11-25 18:14:49 | DEBUG    | src.processing.discovery:discover_prompt_files:40 - Found prompt file: 02_How_Monthly_1-on-1s_Work/02_How_Monthly_1-on-1s_Work_012.txt
2025-11-25 18:14:49 | DEBUG    | src.processing.discovery:discover_prompt_files:40 - Found prompt file: 02_How_Monthly_1-on-1s_Work/02_How_Monthly_1-on-1s_Work_016.txt
2025-11-25 18:14:49 | DEBUG    | src.processing.discovery:discover_prompt_files:40 - Found prompt file: 02_How_Monthly_1-on-1s_Work/02_How_Monthly_1-on-1s_Work_002.txt
2025-11-25 18:14:49 | DEBUG    | src.processing.discovery:discover_prompt_files:40 - Found prompt file: 02_How_Monthly_1-on-1s_Work/02_How_Monthly_1-on-1s_Work_003.txt
2025-11-25 18:14:49 | DEBUG    | src.processing.discovery:discover_prompt_files:40 - Found prompt file: 02_How_Monthly_1-on-1s_Work/02_How_Monthly_1-on-1s_Work_017.txt
2025-11-25 18:14:49 | DEBUG    | src.processing.discovery:discover_prompt_files:40 - Found prompt file: 02_How_Monthly_1-on-1s_Work/02_How_Monthly_1-on-1s_Work_001.txt
2025-11-25 18:14:49 | DEBUG    | src.processing.discovery:discover_prompt_files:40 - Found prompt file: 02_How_Monthly_1-on-1s_Work/02_How_Monthly_1-on-1s_Work_015.txt
2025-11-25 18:14:49 | DEBUG    | src.processing.discovery:discover_prompt_files:40 - Found prompt file: 02_How_Monthly_1-on-1s_Work/02_How_Monthly_1-on-1s_Work_028.txt
2025-11-25 18:14:49 | DEBUG    | src.processing.discovery:discover_prompt_files:40 - Found prompt file: 02_How_Monthly_1-on-1s_Work/02_How_Monthly_1-on-1s_Work_014.txt
2025-11-25 18:14:49 | DEBUG    | src.processing.discovery:discover_prompt_files:40 - Found prompt file: 02_How_Monthly_1-on-1s_Work/02_How_Monthly_1-on-1s_Work_019.txt
2025-11-25 18:14:49 | DEBUG    | src.processing.discovery:discover_prompt_files:40 - Found prompt file: 02_How_Monthly_1-on-1s_Work/02_How_Monthly_1-on-1s_Work_025.txt
2025-11-25 18:14:49 | DEBUG    | src.processing.discovery:discover_prompt_files:40 - Found prompt file: 02_How_Monthly_1-on-1s_Work/02_How_Monthly_1-on-1s_Work_024.txt
2025-11-25 18:14:49 | DEBUG    | src.processing.discovery:discover_prompt_files:40 - Found prompt file: 02_How_Monthly_1-on-1s_Work/02_How_Monthly_1-on-1s_Work_018.txt
2025-11-25 18:14:49 | DEBUG    | src.processing.discovery:discover_prompt_files:40 - Found prompt file: 02_How_Monthly_1-on-1s_Work/02_How_Monthly_1-on-1s_Work_026.txt
2025-11-25 18:14:49 | DEBUG    | src.processing.discovery:discover_prompt_files:40 - Found prompt file: 02_How_Monthly_1-on-1s_Work/02_How_Monthly_1-on-1s_Work_027.txt
2025-11-25 18:14:49 | DEBUG    | src.processing.discovery:discover_prompt_files:40 - Found prompt file: 02_How_Monthly_1-on-1s_Work/02_How_Monthly_1-on-1s_Work_023.txt
2025-11-25 18:14:49 | DEBUG    | src.processing.discovery:discover_prompt_files:40 - Found prompt file: 02_How_Monthly_1-on-1s_Work/02_How_Monthly_1-on-1s_Work_022.txt
2025-11-25 18:14:49 | DEBUG    | src.processing.discovery:discover_prompt_files:40 - Found prompt file: 02_How_Monthly_1-on-1s_Work/02_How_Monthly_1-on-1s_Work_020.txt
2025-11-25 18:14:49 | DEBUG    | src.processing.discovery:discover_prompt_files:40 - Found prompt file: 02_How_Monthly_1-on-1s_Work/02_How_Monthly_1-on-1s_Work_008.txt
2025-11-25 18:14:49 | DEBUG    | src.processing.discovery:discover_prompt_files:40 - Found prompt file: 02_How_Monthly_1-on-1s_Work/02_How_Monthly_1-on-1s_Work_009.txt
2025-11-25 18:14:49 | DEBUG    | src.processing.discovery:discover_prompt_files:40 - Found prompt file: 02_How_Monthly_1-on-1s_Work/02_How_Monthly_1-on-1s_Work_021.txt
2025-11-25 18:14:49 | INFO     | src.processing.discovery:discover_prompt_files:45 - Discovered 75 prompt files
2025-11-25 18:14:49 | DEBUG    | src.processing.discovery:discover_profiles:93 - Loaded profile: USER-FILES/03.PROFILES/nano-banano-pro_2k_9x16_glico.yaml
2025-11-25 18:14:49 | INFO     | src.processing.discovery:discover_profiles:97 - Loaded 1 profiles
2025-11-25 18:14:49 | INFO     | src.processing.discovery:get_active_models:135 - Found profile: nano-banano-pro_2k_9x16_glico
2025-11-25 18:14:49 | INFO     | src.processing.discovery:get_active_models:140 - Total profiles to process: 1
2025-11-25 18:14:49 | INFO     | src.config.validator:validate_all:26 - All configuration validation passed
2025-11-25 18:14:49 | INFO     | __main__:initialize_services:186 - Output directory: USER-FILES/05.OUTPUT/251125_181449_IMAGE
2025-11-25 18:14:49 | INFO     | __main__:execute_processing:221 - Starting matrix processing...
2025-11-25 18:14:49 | DEBUG    | src.processing.validator:validate_operational_requirements:23 - Profile 'nano-banano-pro_2k_9x16_glico' operational validation passed
2025-11-25 18:14:49 | INFO     | src.processing.processor:process_all:60 - Processing 75 combinations (75 files × 1 profiles)
2025-11-25 18:14:49 | INFO     | src.processing.discovery:load_prompts:63 - Loaded prompt from 01_Why_Monthly_1-on-1s_001.txt
2025-11-25 18:14:49 | INFO     | src.processing.processor:_process_single_combination:119 - Processing combination 1/75: 01_Why_Monthly_1-on-1s/01_Why_Monthly_1-on-1s_001.txt + nano-banano-pro_2k_9x16_glico
2025-11-25 18:14:49 | DEBUG    | src.processing.processor:_apply_prompt_fixes:208 - Added suffix to prompt: Provided image shows you what the Glico logo actually look like.
2025-11-25 18:14:49 | DEBUG    | src.processing.processor:_process_with_context:186 - Processing 01_Why_Monthly_1-on-1s/01_Why_Monthly_1-on-1s_001.txt: Medium shot in Glico office in Japan conference ro...
2025-11-25 18:14:49 | DEBUG    | src.api.client:generate_image:85 - CRITICAL DEBUG - Received params: {
  "aspect_ratio": "9:16",
  "output_format": "png",
  "num_images": 1,
  "resolution": "2K",
  "safety_filter_level": "block_only_high"
}
2025-11-25 18:14:49 | DEBUG    | src.api.client:generate_image:86 - CRITICAL DEBUG - Constructed payload: {
  "aspect_ratio": "9:16",
  "output_format": "png",
  "num_images": 1,
  "resolution": "2K",
  "safety_filter_level": "block_only_high",
  "prompt": "Medium shot in Glico office in Japan conference room of Japanese female Glico employee in her early 30s, working intently at desk with focused expression, natural window lighting, shallow depth of field. Provided image shows you what the Glico logo actually look like."
}
2025-11-25 18:14:49 | DEBUG    | src.api.client:generate_image:89 - Original prompt: Medium shot in Glico office in Japan conference room of Japanese female Glico employee in her early 30s, working intently at desk with focused expression, natural window lighting, shallow depth of field. Provided image shows you what the Glico logo actually look like.
2025-11-25 18:14:49 | DEBUG    | src.api.client:generate_image:90 - Clean prompt being sent: Medium shot in Glico office in Japan conference room of Japanese female Glico employee in her early 30s, working intently at desk with focused expression, natural window lighting, shallow depth of field. Provided image shows you what the Glico logo actually look like.
2025-11-25 18:14:49 | DEBUG    | src.api.client:generate_image:91 - Clean prompt repr: 'Medium shot in Glico office in Japan conference room of Japanese female Glico employee in her early 30s, working intently at desk with focused expression, natural window lighting, shallow depth of field. Provided image shows you what the Glico logo actually look like.'
2025-11-25 18:14:49 | DEBUG    | src.api.client:_call_with_retry:152 - API call attempt 1/3
2025-11-25 18:14:49 | DEBUG    | src.api.client:_call_with_retry:155 - CRITICAL DEBUG - Payload sent to replicate.run: {
  "aspect_ratio": "9:16",
  "output_format": "png",
  "num_images": 1,
  "resolution": "2K",
  "safety_filter_level": "block_only_high",
  "prompt": "Medium shot in Glico office in Japan conference room of Japanese female Glico employee in her early 30s, working intently at desk with focused expression, natural window lighting, shallow depth of field. Provided image shows you what the Glico logo actually look like."
}
2025-11-25 18:15:49 | DEBUG    | src.api.client:_call_with_retry:170 - API call successful
2025-11-25 18:15:51 | INFO     | src.output.writer:_save_to_disk:192 - Saved valid image: USER-FILES/05.OUTPUT/251125_181449_IMAGE/01_Why_Monthly_1-on-1s/01_Why_Monthly_1-on-1s_001_IMAGE_181549_nano-banano-pro_2k_9x16_glico.png
2025-11-25 18:15:51 | DEBUG    | src.output.writer:_save_payload:257 - Saved payload to USER-FILES/05.OUTPUT/251125_181449_IMAGE/01_Why_Monthly_1-on-1s/01_Why_Monthly_1-on-1s_001_IMAGE_181549_nano-banano-pro_2k_9x16_glico.md
2025-11-25 18:15:51 | INFO     | src.processing.processor:_generate_and_save_image:248 - Saved image: USER-FILES/05.OUTPUT/251125_181449_IMAGE/01_Why_Monthly_1-on-1s/01_Why_Monthly_1-on-1s_001_IMAGE_181549_nano-banano-pro_2k_9x16_glico.png
2025-11-25 18:15:51 | INFO     | src.processing.processor:_process_with_context:197 - Waiting 1.0 seconds before next request
2025-11-25 18:15:52 | INFO     | src.processing.discovery:load_prompts:63 - Loaded prompt from 01_Why_Monthly_1-on-1s_002.txt
2025-11-25 18:15:52 | INFO     | src.processing.processor:_process_single_combination:119 - Processing combination 2/75: 01_Why_Monthly_1-on-1s/01_Why_Monthly_1-on-1s_002.txt + nano-banano-pro_2k_9x16_glico
2025-11-25 18:15:52 | DEBUG    | src.processing.processor:_apply_prompt_fixes:208 - Added suffix to prompt: Provided image shows you what the Glico logo actually look like.
2025-11-25 18:15:52 | DEBUG    | src.processing.processor:_process_with_context:186 - Processing 01_Why_Monthly_1-on-1s/01_Why_Monthly_1-on-1s_002.txt: Medium shot in Glico office in Japan meeting space...
2025-11-25 18:15:52 | DEBUG    | src.api.client:generate_image:85 - CRITICAL DEBUG - Received params: {
  "aspect_ratio": "9:16",
  "output_format": "png",
  "num_images": 1,
  "resolution": "2K",
  "safety_filter_level": "block_only_high"
}
2025-11-25 18:15:52 | DEBUG    | src.api.client:generate_image:86 - CRITICAL DEBUG - Constructed payload: {
  "aspect_ratio": "9:16",
  "output_format": "png",
  "num_images": 1,
  "resolution": "2K",
  "safety_filter_level": "block_only_high",
  "prompt": "Medium shot in Glico office in Japan meeting space of Korean male Glico manager in his 40s at a small table, leaning forward with an engaged expression, soft diffused lighting. Provided image shows you what the Glico logo actually look like."
}
2025-11-25 18:15:52 | DEBUG    | src.api.client:generate_image:89 - Original prompt: Medium shot in Glico office in Japan meeting space of Korean male Glico manager in his 40s at a small table, leaning forward with an engaged expression, soft diffused lighting. Provided image shows you what the Glico logo actually look like.
2025-11-25 18:15:52 | DEBUG    | src.api.client:generate_image:90 - Clean prompt being sent: Medium shot in Glico office in Japan meeting space of Korean male Glico manager in his 40s at a small table, leaning forward with an engaged expression, soft diffused lighting. Provided image shows you what the Glico logo actually look like.
2025-11-25 18:15:52 | DEBUG    | src.api.client:generate_image:91 - Clean prompt repr: 'Medium shot in Glico office in Japan meeting space of Korean male Glico manager in his 40s at a small table, leaning forward with an engaged expression, soft diffused lighting. Provided image shows you what the Glico logo actually look like.'
2025-11-25 18:15:52 | DEBUG    | src.api.client:_call_with_retry:152 - API call attempt 1/3
2025-11-25 18:15:52 | DEBUG    | src.api.client:_call_with_retry:155 - CRITICAL DEBUG - Payload sent to replicate.run: {
  "aspect_ratio": "9:16",
  "output_format": "png",
  "num_images": 1,
  "resolution": "2K",
  "safety_filter_level": "block_only_high",
  "prompt": "Medium shot in Glico office in Japan meeting space of Korean male Glico manager in his 40s at a small table, leaning forward with an engaged expression, soft diffused lighting. Provided image shows you what the Glico logo actually look like."
}
