2026-01-01 18:17:09 | INFO     | src.utils.logging:setup_logging:39 - Logging configured (verbose=False, debug=False)
2026-01-01 18:17:09 | INFO     | __main__:setup_environment:79 - Environment initialized
2026-01-01 18:17:09 | INFO     | __main__:load_and_validate_config:84 - Loading configuration...
2026-01-01 18:17:09 | INFO     | src.config.loader:load_config:42 - Loaded configuration from USER-FILES/01.CONFIG/config.yaml
2026-01-01 18:17:09 | INFO     | __main__:authenticate_for_mode:273 - Authenticating with 1Password...
2026-01-01 18:17:10 | DEBUG    | src.auth.session_manager:ensure_op_auth:39 - 1Password session is active
2026-01-01 18:17:11 | DEBUG    | src.auth.session_manager:ensure_op_auth:39 - 1Password session is active
2026-01-01 18:17:11 | DEBUG    | src.auth.auth:load_auth_config:28 - Using auth config: auth_ruben.yaml
2026-01-01 18:17:13 | DEBUG    | src.auth.auth:get_api_key:77 - Retrieved API key: r8_K...
2026-01-01 18:17:13 | INFO     | __main__:discover_inputs_and_profiles:92 - Discovering inputs...
2026-01-01 18:17:13 | DEBUG    | src.processing.discovery:discover_prompt_files:42 - Found markdown file: frame_1151.md
2026-01-01 18:17:13 | DEBUG    | src.processing.discovery:discover_prompt_files:42 - Found markdown file: frame_1391.md
2026-01-01 18:17:13 | DEBUG    | src.processing.discovery:discover_prompt_files:42 - Found markdown file: frame_1257.md
2026-01-01 18:17:13 | DEBUG    | src.processing.discovery:discover_prompt_files:42 - Found markdown file: frame_0970.md
2026-01-01 18:17:13 | INFO     | src.processing.discovery:discover_prompt_files:47 - Discovered 4 markdown files
2026-01-01 18:17:13 | DEBUG    | src.processing.discovery:discover_profiles:98 - Loaded profile: USER-FILES/03.PROFILES/nano-banano-pro-2k_16x9_wbt_israel.yaml
2026-01-01 18:17:13 | INFO     | src.processing.discovery:discover_profiles:102 - Loaded 1 profiles
2026-01-01 18:17:13 | INFO     | src.processing.discovery:get_active_models:148 - Found profile: nano-banano-pro-2k_16x9_wbt_israel
2026-01-01 18:17:13 | INFO     | src.processing.discovery:get_active_models:153 - Total profiles to process: 1
2026-01-01 18:17:13 | INFO     | src.config.validator:validate_all:26 - All configuration validation passed
2026-01-01 18:17:13 | INFO     | __main__:initialize_services:186 - Output directory: USER-FILES/05.OUTPUT/260101_181713_IMAGE
2026-01-01 18:17:13 | INFO     | __main__:execute_processing:221 - Starting matrix processing...
2026-01-01 18:17:13 | DEBUG    | src.processing.validator:validate_operational_requirements:30 - Profile 'nano-banano-pro-2k_16x9_wbt_israel' operational validation passed
2026-01-01 18:17:13 | INFO     | src.processing.processor:process_all:66 - Processing 4 combinations (4 files × 1 profiles)
2026-01-01 18:17:13 | DEBUG    | src.processing.processor:_process_single_combination:132 - Extracted image URL from markdown: https://f003.backblazeb2.com/file/wbt-bucket/generic_lebanon/frame_0970.jpg
2026-01-01 18:17:13 | INFO     | src.processing.discovery:load_prompts:66 - Extracted prompt from frame_0970.md
2026-01-01 18:17:13 | INFO     | src.processing.processor:_process_single_combination:141 - Processing combination 1/4: frame_0970.md + nano-banano-pro-2k_16x9_wbt_israel
2026-01-01 18:17:13 | DEBUG    | src.processing.processor:_process_single_combination:163 - Built image_input array with 1 URL(s): ['https://f003.backblazeb2.com/file/wbt-bucket/generic_lebanon/frame_0970.jpg']
2026-01-01 18:17:13 | DEBUG    | src.processing.processor:_apply_prompt_fixes:235 - Added prefix to prompt: Create an exact, photorealistic version of the provided drawing. The the drawing is suppose to depict life in Israel in the early 1980s. The drawing depicts 
2026-01-01 18:17:13 | DEBUG    | src.processing.processor:_apply_prompt_fixes:239 - Added suffix to prompt: The created image should look like it was shot on 35mm film by Roger Deakins.
2026-01-01 18:17:13 | DEBUG    | src.processing.processor:_process_with_context:215 - Processing frame_0970.md: Create an exact, photorealistic version of the pro...
2026-01-01 18:17:13 | DEBUG    | src.api.client:generate_image:85 - CRITICAL DEBUG - Received params: {
  "num_images": 1,
  "aspect_ratio": "16:9",
  "output_format": "png",
  "resolution": "2K",
  "safety_filter_level": "block_only_high",
  "image_input": [
    "https://f003.backblazeb2.com/file/wbt-bucket/generic_lebanon/frame_0970.jpg"
  ]
}
2026-01-01 18:17:13 | DEBUG    | src.api.client:generate_image:86 - CRITICAL DEBUG - Constructed payload: {
  "num_images": 1,
  "aspect_ratio": "16:9",
  "output_format": "png",
  "resolution": "2K",
  "safety_filter_level": "block_only_high",
  "image_input": [
    "https://f003.backblazeb2.com/file/wbt-bucket/generic_lebanon/frame_0970.jpg"
  ],
  "prompt": "Create an exact, photorealistic version of the provided drawing. The the drawing is suppose to depict life in Israel in the early 1980s. The drawing depicts  Multiple vintage TVs sets in window of an electronics store show broadcast speech of then Israeli Prime Minister Menachem Begin in the early 1980s. Slight reflection of Israeli street in store window. The created image should look like it was shot on 35mm film by Roger Deakins."
}
2026-01-01 18:17:13 | DEBUG    | src.api.client:generate_image:89 - Original prompt: Create an exact, photorealistic version of the provided drawing. The the drawing is suppose to depict life in Israel in the early 1980s. The drawing depicts  Multiple vintage TVs sets in window of an electronics store show broadcast speech of then Israeli Prime Minister Menachem Begin in the early 1980s. Slight reflection of Israeli street in store window. The created image should look like it was shot on 35mm film by Roger Deakins.
2026-01-01 18:17:13 | DEBUG    | src.api.client:generate_image:90 - Clean prompt being sent: Create an exact, photorealistic version of the provided drawing. The the drawing is suppose to depict life in Israel in the early 1980s. The drawing depicts  Multiple vintage TVs sets in window of an electronics store show broadcast speech of then Israeli Prime Minister Menachem Begin in the early 1980s. Slight reflection of Israeli street in store window. The created image should look like it was shot on 35mm film by Roger Deakins.
2026-01-01 18:17:13 | DEBUG    | src.api.client:generate_image:91 - Clean prompt repr: 'Create an exact, photorealistic version of the provided drawing. The the drawing is suppose to depict life in Israel in the early 1980s. The drawing depicts  Multiple vintage TVs sets in window of an electronics store show broadcast speech of then Israeli Prime Minister Menachem Begin in the early 1980s. Slight reflection of Israeli street in store window. The created image should look like it was shot on 35mm film by Roger Deakins.'
2026-01-01 18:17:13 | DEBUG    | src.api.client:_call_with_retry:152 - API call attempt 1/3
2026-01-01 18:17:13 | DEBUG    | src.api.client:_call_with_retry:155 - CRITICAL DEBUG - Payload sent to replicate.run: {
  "num_images": 1,
  "aspect_ratio": "16:9",
  "output_format": "png",
  "resolution": "2K",
  "safety_filter_level": "block_only_high",
  "image_input": [
    "https://f003.backblazeb2.com/file/wbt-bucket/generic_lebanon/frame_0970.jpg"
  ],
  "prompt": "Create an exact, photorealistic version of the provided drawing. The the drawing is suppose to depict life in Israel in the early 1980s. The drawing depicts  Multiple vintage TVs sets in window of an electronics store show broadcast speech of then Israeli Prime Minister Menachem Begin in the early 1980s. Slight reflection of Israeli street in store window. The created image should look like it was shot on 35mm film by Roger Deakins."
}
2026-01-01 18:17:47 | DEBUG    | src.api.client:_call_with_retry:170 - API call successful
2026-01-01 18:17:47 | WARNING  | src.api.client:generate_image:117 - API PARAMETER FILTERING DETECTED:
2026-01-01 18:17:47 | WARNING  | src.api.client:generate_image:118 -   Model: google/nano-banana-pro
2026-01-01 18:17:47 | WARNING  | src.api.client:generate_image:119 -   Filtered parameters: ['image_input']
2026-01-01 18:17:47 | WARNING  | src.api.client:generate_image:120 -   This means the model doesn't support these parameters
2026-01-01 18:17:48 | INFO     | src.output.writer:_save_to_disk:203 - Saved valid image: USER-FILES/05.OUTPUT/260101_181713_IMAGE/260101_181747_frame_0970.png
2026-01-01 18:17:48 | DEBUG    | src.output.writer:_save_payload:270 - Saved payload to USER-FILES/05.OUTPUT/260101_181713_IMAGE/260101_181747_frame_0970.md
2026-01-01 18:17:48 | INFO     | src.processing.processor:_generate_and_save_image:276 - Saved image: USER-FILES/05.OUTPUT/260101_181713_IMAGE/260101_181747_frame_0970.png
2026-01-01 18:17:48 | INFO     | src.processing.processor:_process_with_context:226 - Waiting 1.0 seconds before next request
2026-01-01 18:17:49 | DEBUG    | src.processing.processor:_process_single_combination:132 - Extracted image URL from markdown: https://f003.backblazeb2.com/file/wbt-bucket/generic_lebanon/frame_1151.jpg
2026-01-01 18:17:49 | INFO     | src.processing.discovery:load_prompts:66 - Extracted prompt from frame_1151.md
2026-01-01 18:17:49 | INFO     | src.processing.processor:_process_single_combination:141 - Processing combination 2/4: frame_1151.md + nano-banano-pro-2k_16x9_wbt_israel
2026-01-01 18:17:49 | DEBUG    | src.processing.processor:_process_single_combination:163 - Built image_input array with 1 URL(s): ['https://f003.backblazeb2.com/file/wbt-bucket/generic_lebanon/frame_1151.jpg']
2026-01-01 18:17:49 | DEBUG    | src.processing.processor:_apply_prompt_fixes:235 - Added prefix to prompt: Create an exact, photorealistic version of the provided drawing. The the drawing is suppose to depict life in Israel in the early 1980s. The drawing depicts 
2026-01-01 18:17:49 | DEBUG    | src.processing.processor:_apply_prompt_fixes:239 - Added suffix to prompt: The created image should look like it was shot on 35mm film by Roger Deakins.
2026-01-01 18:17:49 | DEBUG    | src.processing.processor:_process_with_context:215 - Processing frame_1151.md: Create an exact, photorealistic version of the pro...
2026-01-01 18:17:49 | DEBUG    | src.api.client:generate_image:85 - CRITICAL DEBUG - Received params: {
  "num_images": 1,
  "aspect_ratio": "16:9",
  "output_format": "png",
  "resolution": "2K",
  "safety_filter_level": "block_only_high",
  "image_input": [
    "https://f003.backblazeb2.com/file/wbt-bucket/generic_lebanon/frame_1151.jpg"
  ]
}
2026-01-01 18:17:49 | DEBUG    | src.api.client:generate_image:86 - CRITICAL DEBUG - Constructed payload: {
  "num_images": 1,
  "aspect_ratio": "16:9",
  "output_format": "png",
  "resolution": "2K",
  "safety_filter_level": "block_only_high",
  "image_input": [
    "https://f003.backblazeb2.com/file/wbt-bucket/generic_lebanon/frame_1151.jpg"
  ],
  "prompt": "Create an exact, photorealistic version of the provided drawing. The the drawing is suppose to depict life in Israel in the early 1980s. The drawing depicts  Closeup on vintage TV set as it shows a TV-broadcast of a early 1980s punk rock bass player riffing away in a music video. The created image should look like it was shot on 35mm film by Roger Deakins."
}
2026-01-01 18:17:49 | DEBUG    | src.api.client:generate_image:89 - Original prompt: Create an exact, photorealistic version of the provided drawing. The the drawing is suppose to depict life in Israel in the early 1980s. The drawing depicts  Closeup on vintage TV set as it shows a TV-broadcast of a early 1980s punk rock bass player riffing away in a music video. The created image should look like it was shot on 35mm film by Roger Deakins.
2026-01-01 18:17:49 | DEBUG    | src.api.client:generate_image:90 - Clean prompt being sent: Create an exact, photorealistic version of the provided drawing. The the drawing is suppose to depict life in Israel in the early 1980s. The drawing depicts  Closeup on vintage TV set as it shows a TV-broadcast of a early 1980s punk rock bass player riffing away in a music video. The created image should look like it was shot on 35mm film by Roger Deakins.
2026-01-01 18:17:49 | DEBUG    | src.api.client:generate_image:91 - Clean prompt repr: 'Create an exact, photorealistic version of the provided drawing. The the drawing is suppose to depict life in Israel in the early 1980s. The drawing depicts  Closeup on vintage TV set as it shows a TV-broadcast of a early 1980s punk rock bass player riffing away in a music video. The created image should look like it was shot on 35mm film by Roger Deakins.'
2026-01-01 18:17:49 | DEBUG    | src.api.client:_call_with_retry:152 - API call attempt 1/3
2026-01-01 18:17:49 | DEBUG    | src.api.client:_call_with_retry:155 - CRITICAL DEBUG - Payload sent to replicate.run: {
  "num_images": 1,
  "aspect_ratio": "16:9",
  "output_format": "png",
  "resolution": "2K",
  "safety_filter_level": "block_only_high",
  "image_input": [
    "https://f003.backblazeb2.com/file/wbt-bucket/generic_lebanon/frame_1151.jpg"
  ],
  "prompt": "Create an exact, photorealistic version of the provided drawing. The the drawing is suppose to depict life in Israel in the early 1980s. The drawing depicts  Closeup on vintage TV set as it shows a TV-broadcast of a early 1980s punk rock bass player riffing away in a music video. The created image should look like it was shot on 35mm film by Roger Deakins."
}
2026-01-01 18:18:20 | DEBUG    | src.api.client:_call_with_retry:170 - API call successful
2026-01-01 18:18:20 | WARNING  | src.api.client:generate_image:117 - API PARAMETER FILTERING DETECTED:
2026-01-01 18:18:20 | WARNING  | src.api.client:generate_image:118 -   Model: google/nano-banana-pro
2026-01-01 18:18:20 | WARNING  | src.api.client:generate_image:119 -   Filtered parameters: ['image_input']
2026-01-01 18:18:20 | WARNING  | src.api.client:generate_image:120 -   This means the model doesn't support these parameters
2026-01-01 18:18:22 | INFO     | src.output.writer:_save_to_disk:203 - Saved valid image: USER-FILES/05.OUTPUT/260101_181713_IMAGE/260101_181820_frame_1151.png
2026-01-01 18:18:22 | DEBUG    | src.output.writer:_save_payload:270 - Saved payload to USER-FILES/05.OUTPUT/260101_181713_IMAGE/260101_181820_frame_1151.md
2026-01-01 18:18:22 | INFO     | src.processing.processor:_generate_and_save_image:276 - Saved image: USER-FILES/05.OUTPUT/260101_181713_IMAGE/260101_181820_frame_1151.png
2026-01-01 18:18:22 | INFO     | src.processing.processor:_process_with_context:226 - Waiting 1.0 seconds before next request
2026-01-01 18:18:23 | DEBUG    | src.processing.processor:_process_single_combination:132 - Extracted image URL from markdown: https://f003.backblazeb2.com/file/wbt-bucket/generic_lebanon/frame_1257.jpg
2026-01-01 18:18:23 | INFO     | src.processing.discovery:load_prompts:66 - Extracted prompt from frame_1257.md
2026-01-01 18:18:23 | INFO     | src.processing.processor:_process_single_combination:141 - Processing combination 3/4: frame_1257.md + nano-banano-pro-2k_16x9_wbt_israel
2026-01-01 18:18:23 | DEBUG    | src.processing.processor:_process_single_combination:163 - Built image_input array with 1 URL(s): ['https://f003.backblazeb2.com/file/wbt-bucket/generic_lebanon/frame_1257.jpg']
2026-01-01 18:18:23 | DEBUG    | src.processing.processor:_apply_prompt_fixes:235 - Added prefix to prompt: Create an exact, photorealistic version of the provided drawing. The the drawing is suppose to depict life in Israel in the early 1980s. The drawing depicts 
2026-01-01 18:18:23 | DEBUG    | src.processing.processor:_apply_prompt_fixes:239 - Added suffix to prompt: The created image should look like it was shot on 35mm film by Roger Deakins.
2026-01-01 18:18:23 | DEBUG    | src.processing.processor:_process_with_context:215 - Processing frame_1257.md: Create an exact, photorealistic version of the pro...
2026-01-01 18:18:23 | DEBUG    | src.api.client:generate_image:85 - CRITICAL DEBUG - Received params: {
  "num_images": 1,
  "aspect_ratio": "16:9",
  "output_format": "png",
  "resolution": "2K",
  "safety_filter_level": "block_only_high",
  "image_input": [
    "https://f003.backblazeb2.com/file/wbt-bucket/generic_lebanon/frame_1257.jpg"
  ]
}
2026-01-01 18:18:23 | DEBUG    | src.api.client:generate_image:86 - CRITICAL DEBUG - Constructed payload: {
  "num_images": 1,
  "aspect_ratio": "16:9",
  "output_format": "png",
  "resolution": "2K",
  "safety_filter_level": "block_only_high",
  "image_input": [
    "https://f003.backblazeb2.com/file/wbt-bucket/generic_lebanon/frame_1257.jpg"
  ],
  "prompt": "Create an exact, photorealistic version of the provided drawing. The the drawing is suppose to depict life in Israel in the early 1980s. The drawing depicts  The back of a 14-year-old boy playing early 1980s arcade game Desert Patrol in a dark room. Dim daylight from the side on the shoulder of the boy. The created image should look like it was shot on 35mm film by Roger Deakins."
}
2026-01-01 18:18:23 | DEBUG    | src.api.client:generate_image:89 - Original prompt: Create an exact, photorealistic version of the provided drawing. The the drawing is suppose to depict life in Israel in the early 1980s. The drawing depicts  The back of a 14-year-old boy playing early 1980s arcade game Desert Patrol in a dark room. Dim daylight from the side on the shoulder of the boy. The created image should look like it was shot on 35mm film by Roger Deakins.
2026-01-01 18:18:23 | DEBUG    | src.api.client:generate_image:90 - Clean prompt being sent: Create an exact, photorealistic version of the provided drawing. The the drawing is suppose to depict life in Israel in the early 1980s. The drawing depicts  The back of a 14-year-old boy playing early 1980s arcade game Desert Patrol in a dark room. Dim daylight from the side on the shoulder of the boy. The created image should look like it was shot on 35mm film by Roger Deakins.
2026-01-01 18:18:23 | DEBUG    | src.api.client:generate_image:91 - Clean prompt repr: 'Create an exact, photorealistic version of the provided drawing. The the drawing is suppose to depict life in Israel in the early 1980s. The drawing depicts  The back of a 14-year-old boy playing early 1980s arcade game Desert Patrol in a dark room. Dim daylight from the side on the shoulder of the boy. The created image should look like it was shot on 35mm film by Roger Deakins.'
2026-01-01 18:18:23 | DEBUG    | src.api.client:_call_with_retry:152 - API call attempt 1/3
2026-01-01 18:18:23 | DEBUG    | src.api.client:_call_with_retry:155 - CRITICAL DEBUG - Payload sent to replicate.run: {
  "num_images": 1,
  "aspect_ratio": "16:9",
  "output_format": "png",
  "resolution": "2K",
  "safety_filter_level": "block_only_high",
  "image_input": [
    "https://f003.backblazeb2.com/file/wbt-bucket/generic_lebanon/frame_1257.jpg"
  ],
  "prompt": "Create an exact, photorealistic version of the provided drawing. The the drawing is suppose to depict life in Israel in the early 1980s. The drawing depicts  The back of a 14-year-old boy playing early 1980s arcade game Desert Patrol in a dark room. Dim daylight from the side on the shoulder of the boy. The created image should look like it was shot on 35mm film by Roger Deakins."
}
2026-01-01 18:19:01 | DEBUG    | src.api.client:_call_with_retry:170 - API call successful
2026-01-01 18:19:01 | WARNING  | src.api.client:generate_image:117 - API PARAMETER FILTERING DETECTED:
2026-01-01 18:19:01 | WARNING  | src.api.client:generate_image:118 -   Model: google/nano-banana-pro
2026-01-01 18:19:01 | WARNING  | src.api.client:generate_image:119 -   Filtered parameters: ['image_input']
2026-01-01 18:19:01 | WARNING  | src.api.client:generate_image:120 -   This means the model doesn't support these parameters
2026-01-01 18:19:02 | INFO     | src.output.writer:_save_to_disk:203 - Saved valid image: USER-FILES/05.OUTPUT/260101_181713_IMAGE/260101_181901_frame_1257.png
2026-01-01 18:19:02 | DEBUG    | src.output.writer:_save_payload:270 - Saved payload to USER-FILES/05.OUTPUT/260101_181713_IMAGE/260101_181901_frame_1257.md
2026-01-01 18:19:02 | INFO     | src.processing.processor:_generate_and_save_image:276 - Saved image: USER-FILES/05.OUTPUT/260101_181713_IMAGE/260101_181901_frame_1257.png
2026-01-01 18:19:02 | INFO     | src.processing.processor:_process_with_context:226 - Waiting 1.0 seconds before next request
2026-01-01 18:19:03 | DEBUG    | src.processing.processor:_process_single_combination:132 - Extracted image URL from markdown: https://f003.backblazeb2.com/file/wbt-bucket/generic_lebanon/frame_1391.jpg
2026-01-01 18:19:03 | INFO     | src.processing.discovery:load_prompts:66 - Extracted prompt from frame_1391.md
2026-01-01 18:19:03 | INFO     | src.processing.processor:_process_single_combination:141 - Processing combination 4/4: frame_1391.md + nano-banano-pro-2k_16x9_wbt_israel
2026-01-01 18:19:03 | DEBUG    | src.processing.processor:_process_single_combination:163 - Built image_input array with 1 URL(s): ['https://f003.backblazeb2.com/file/wbt-bucket/generic_lebanon/frame_1391.jpg']
2026-01-01 18:19:03 | DEBUG    | src.processing.processor:_apply_prompt_fixes:235 - Added prefix to prompt: Create an exact, photorealistic version of the provided drawing. The the drawing is suppose to depict life in Israel in the early 1980s. The drawing depicts 
2026-01-01 18:19:03 | DEBUG    | src.processing.processor:_apply_prompt_fixes:239 - Added suffix to prompt: The created image should look like it was shot on 35mm film by Roger Deakins.
2026-01-01 18:19:03 | DEBUG    | src.processing.processor:_process_with_context:215 - Processing frame_1391.md: Create an exact, photorealistic version of the pro...
2026-01-01 18:19:03 | DEBUG    | src.api.client:generate_image:85 - CRITICAL DEBUG - Received params: {
  "num_images": 1,
  "aspect_ratio": "16:9",
  "output_format": "png",
  "resolution": "2K",
  "safety_filter_level": "block_only_high",
  "image_input": [
    "https://f003.backblazeb2.com/file/wbt-bucket/generic_lebanon/frame_1391.jpg"
  ]
}
2026-01-01 18:19:03 | DEBUG    | src.api.client:generate_image:86 - CRITICAL DEBUG - Constructed payload: {
  "num_images": 1,
  "aspect_ratio": "16:9",
  "output_format": "png",
  "resolution": "2K",
  "safety_filter_level": "block_only_high",
  "image_input": [
    "https://f003.backblazeb2.com/file/wbt-bucket/generic_lebanon/frame_1391.jpg"
  ],
  "prompt": "Create an exact, photorealistic version of the provided drawing. The the drawing is suppose to depict life in Israel in the early 1980s. The drawing depicts  Early 1980s New Romantic night club where an Israeli girl in her early 20s dances in the red light. The created image should look like it was shot on 35mm film by Roger Deakins."
}
2026-01-01 18:19:03 | DEBUG    | src.api.client:generate_image:89 - Original prompt: Create an exact, photorealistic version of the provided drawing. The the drawing is suppose to depict life in Israel in the early 1980s. The drawing depicts  Early 1980s New Romantic night club where an Israeli girl in her early 20s dances in the red light. The created image should look like it was shot on 35mm film by Roger Deakins.
2026-01-01 18:19:03 | DEBUG    | src.api.client:generate_image:90 - Clean prompt being sent: Create an exact, photorealistic version of the provided drawing. The the drawing is suppose to depict life in Israel in the early 1980s. The drawing depicts  Early 1980s New Romantic night club where an Israeli girl in her early 20s dances in the red light. The created image should look like it was shot on 35mm film by Roger Deakins.
2026-01-01 18:19:03 | DEBUG    | src.api.client:generate_image:91 - Clean prompt repr: 'Create an exact, photorealistic version of the provided drawing. The the drawing is suppose to depict life in Israel in the early 1980s. The drawing depicts  Early 1980s New Romantic night club where an Israeli girl in her early 20s dances in the red light. The created image should look like it was shot on 35mm film by Roger Deakins.'
2026-01-01 18:19:03 | DEBUG    | src.api.client:_call_with_retry:152 - API call attempt 1/3
2026-01-01 18:19:03 | DEBUG    | src.api.client:_call_with_retry:155 - CRITICAL DEBUG - Payload sent to replicate.run: {
  "num_images": 1,
  "aspect_ratio": "16:9",
  "output_format": "png",
  "resolution": "2K",
  "safety_filter_level": "block_only_high",
  "image_input": [
    "https://f003.backblazeb2.com/file/wbt-bucket/generic_lebanon/frame_1391.jpg"
  ],
  "prompt": "Create an exact, photorealistic version of the provided drawing. The the drawing is suppose to depict life in Israel in the early 1980s. The drawing depicts  Early 1980s New Romantic night club where an Israeli girl in her early 20s dances in the red light. The created image should look like it was shot on 35mm film by Roger Deakins."
}
2026-01-01 18:19:54 | DEBUG    | src.api.client:_call_with_retry:170 - API call successful
2026-01-01 18:19:54 | WARNING  | src.api.client:generate_image:117 - API PARAMETER FILTERING DETECTED:
2026-01-01 18:19:54 | WARNING  | src.api.client:generate_image:118 -   Model: google/nano-banana-pro
2026-01-01 18:19:54 | WARNING  | src.api.client:generate_image:119 -   Filtered parameters: ['image_input']
2026-01-01 18:19:54 | WARNING  | src.api.client:generate_image:120 -   This means the model doesn't support these parameters
2026-01-01 18:19:55 | INFO     | src.output.writer:_save_to_disk:203 - Saved valid image: USER-FILES/05.OUTPUT/260101_181713_IMAGE/260101_181954_frame_1391.png
2026-01-01 18:19:55 | DEBUG    | src.output.writer:_save_payload:270 - Saved payload to USER-FILES/05.OUTPUT/260101_181713_IMAGE/260101_181954_frame_1391.md
2026-01-01 18:19:55 | INFO     | src.processing.processor:_generate_and_save_image:276 - Saved image: USER-FILES/05.OUTPUT/260101_181713_IMAGE/260101_181954_frame_1391.png
2026-01-01 18:19:55 | INFO     | src.processing.processor:_process_with_context:226 - Waiting 1.0 seconds before next request
2026-01-01 18:19:56 | INFO     | src.processing.discovery:load_prompts:66 - Extracted prompt from frame_0970.md
2026-01-01 18:19:56 | INFO     | src.processing.discovery:load_prompts:66 - Extracted prompt from frame_1151.md
2026-01-01 18:19:56 | INFO     | src.processing.discovery:load_prompts:66 - Extracted prompt from frame_1257.md
2026-01-01 18:19:56 | INFO     | src.processing.discovery:load_prompts:66 - Extracted prompt from frame_1391.md
2026-01-01 18:19:56 | INFO     | src.output.writer:write_report:306 - Report saved: USER-FILES/05.OUTPUT/260101_181713_IMAGE/SUCCESS.md
2026-01-01 18:19:56 | INFO     | src.output.writer:write_report:306 - Report saved: USER-FILES/05.OUTPUT/260101_181713_IMAGE/COST-REPORT.md
2026-01-01 18:19:56 | INFO     | src.output.writer:write_report:306 - Report saved: USER-FILES/05.OUTPUT/260101_181713_IMAGE/PROFILES-WITH-FIXES.md
2026-01-01 18:19:56 | INFO     | src.output.reporter:_save_success_reports:62 - Reports saved successfully
2026-01-01 18:19:56 | SUCCESS  | __main__:generate_final_reports:264 - ✅ Completed successfully! Generated 4 images
