2025-12-03 14:55:12 | INFO     | src.utils.logging:setup_logging:39 - Logging configured (verbose=False, debug=False)
2025-12-03 14:55:12 | INFO     | __main__:setup_environment:79 - Environment initialized
2025-12-03 14:55:12 | INFO     | __main__:load_and_validate_config:84 - Loading configuration...
2025-12-03 14:55:12 | INFO     | src.config.loader:load_config:42 - Loaded configuration from USER-FILES/01.CONFIG/config.yaml
2025-12-03 14:55:12 | INFO     | __main__:authenticate_for_mode:273 - Authenticating with 1Password...
2025-12-03 14:55:16 | DEBUG    | src.auth.session_manager:ensure_op_auth:39 - 1Password session is active
2025-12-03 14:55:17 | DEBUG    | src.auth.session_manager:ensure_op_auth:39 - 1Password session is active
2025-12-03 14:55:17 | DEBUG    | src.auth.auth:load_auth_config:28 - Using auth config: auth_bites.yaml
2025-12-03 14:55:18 | DEBUG    | src.auth.auth:get_api_key:77 - Retrieved API key: r8_V...
2025-12-03 14:55:18 | INFO     | __main__:discover_inputs_and_profiles:92 - Discovering inputs...
2025-12-03 14:55:18 | DEBUG    | src.processing.discovery:discover_prompt_files:40 - Found prompt file: roles&responsibilities_of_a_server_with_prompts_022.txt
2025-12-03 14:55:18 | DEBUG    | src.processing.discovery:discover_prompt_files:40 - Found prompt file: roles&responsibilities_of_a_server_with_prompts_023.txt
2025-12-03 14:55:18 | DEBUG    | src.processing.discovery:discover_prompt_files:40 - Found prompt file: roles&responsibilities_of_a_server_with_prompts_009.txt
2025-12-03 14:55:18 | DEBUG    | src.processing.discovery:discover_prompt_files:40 - Found prompt file: roles&responsibilities_of_a_server_with_prompts_021.txt
2025-12-03 14:55:18 | DEBUG    | src.processing.discovery:discover_prompt_files:40 - Found prompt file: roles&responsibilities_of_a_server_with_prompts_020.txt
2025-12-03 14:55:18 | DEBUG    | src.processing.discovery:discover_prompt_files:40 - Found prompt file: roles&responsibilities_of_a_server_with_prompts_008.txt
2025-12-03 14:55:18 | DEBUG    | src.processing.discovery:discover_prompt_files:40 - Found prompt file: roles&responsibilities_of_a_server_with_prompts_018.txt
2025-12-03 14:55:18 | DEBUG    | src.processing.discovery:discover_prompt_files:40 - Found prompt file: roles&responsibilities_of_a_server_with_prompts_019.txt
2025-12-03 14:55:18 | DEBUG    | src.processing.discovery:discover_prompt_files:40 - Found prompt file: roles&responsibilities_of_a_server_with_prompts_003.txt
2025-12-03 14:55:18 | DEBUG    | src.processing.discovery:discover_prompt_files:40 - Found prompt file: roles&responsibilities_of_a_server_with_prompts_017.txt
2025-12-03 14:55:18 | DEBUG    | src.processing.discovery:discover_prompt_files:40 - Found prompt file: roles&responsibilities_of_a_server_with_prompts_016.txt
2025-12-03 14:55:18 | DEBUG    | src.processing.discovery:discover_prompt_files:40 - Found prompt file: roles&responsibilities_of_a_server_with_prompts_002.txt
2025-12-03 14:55:18 | DEBUG    | src.processing.discovery:discover_prompt_files:40 - Found prompt file: roles&responsibilities_of_a_server_with_prompts_014.txt
2025-12-03 14:55:18 | DEBUG    | src.processing.discovery:discover_prompt_files:40 - Found prompt file: roles&responsibilities_of_a_server_with_prompts_001.txt
2025-12-03 14:55:18 | DEBUG    | src.processing.discovery:discover_prompt_files:40 - Found prompt file: roles&responsibilities_of_a_server_with_prompts_015.txt
2025-12-03 14:55:18 | DEBUG    | src.processing.discovery:discover_prompt_files:40 - Found prompt file: roles&responsibilities_of_a_server_with_prompts_011.txt
2025-12-03 14:55:18 | DEBUG    | src.processing.discovery:discover_prompt_files:40 - Found prompt file: roles&responsibilities_of_a_server_with_prompts_005.txt
2025-12-03 14:55:18 | DEBUG    | src.processing.discovery:discover_prompt_files:40 - Found prompt file: roles&responsibilities_of_a_server_with_prompts_004.txt
2025-12-03 14:55:18 | DEBUG    | src.processing.discovery:discover_prompt_files:40 - Found prompt file: roles&responsibilities_of_a_server_with_prompts_010.txt
2025-12-03 14:55:18 | DEBUG    | src.processing.discovery:discover_prompt_files:40 - Found prompt file: roles&responsibilities_of_a_server_with_prompts_006.txt
2025-12-03 14:55:18 | DEBUG    | src.processing.discovery:discover_prompt_files:40 - Found prompt file: roles&responsibilities_of_a_server_with_prompts_012.txt
2025-12-03 14:55:18 | DEBUG    | src.processing.discovery:discover_prompt_files:40 - Found prompt file: roles&responsibilities_of_a_server_with_prompts_013.txt
2025-12-03 14:55:18 | DEBUG    | src.processing.discovery:discover_prompt_files:40 - Found prompt file: roles&responsibilities_of_a_server_with_prompts_007.txt
2025-12-03 14:55:18 | INFO     | src.processing.discovery:discover_prompt_files:45 - Discovered 23 prompt files
2025-12-03 14:55:18 | DEBUG    | src.processing.discovery:discover_profiles:93 - Loaded profile: USER-FILES/03.PROFILES/nano-banano-pro_2k_9x16_droply_1.yaml
2025-12-03 14:55:18 | INFO     | src.processing.discovery:discover_profiles:97 - Loaded 1 profiles
2025-12-03 14:55:18 | INFO     | src.processing.discovery:get_active_models:135 - Found profile: nano-banano-pro_2k_9x16_droply_1
2025-12-03 14:55:18 | INFO     | src.processing.discovery:get_active_models:140 - Total profiles to process: 1
2025-12-03 14:55:18 | INFO     | src.config.validator:validate_all:26 - All configuration validation passed
2025-12-03 14:55:18 | INFO     | __main__:initialize_services:186 - Output directory: USER-FILES/05.OUTPUT/251203_145518_IMAGE
2025-12-03 14:55:18 | INFO     | __main__:execute_processing:221 - Starting matrix processing...
2025-12-03 14:55:18 | DEBUG    | src.processing.validator:validate_operational_requirements:23 - Profile 'nano-banano-pro_2k_9x16_droply_1' operational validation passed
2025-12-03 14:55:18 | INFO     | src.processing.processor:process_all:60 - Processing 23 combinations (23 files × 1 profiles)
2025-12-03 14:55:18 | INFO     | src.processing.discovery:load_prompts:63 - Loaded prompt from roles&responsibilities_of_a_server_with_prompts_001.txt
2025-12-03 14:55:18 | INFO     | src.processing.processor:_process_single_combination:119 - Processing combination 1/23: roles&responsibilities_of_a_server_with_prompts_001.txt + nano-banano-pro_2k_9x16_droply_1
2025-12-03 14:55:18 | DEBUG    | src.processing.processor:_process_with_context:186 - Processing roles&responsibilities_of_a_server_with_prompts_001.txt: England, wide shot in mixer tent at Royal Ascot of...
2025-12-03 14:55:18 | DEBUG    | src.api.client:generate_image:85 - CRITICAL DEBUG - Received params: {
  "aspect_ratio": "9:16",
  "output_format": "png",
  "num_images": 1
}
2025-12-03 14:55:18 | DEBUG    | src.api.client:generate_image:86 - CRITICAL DEBUG - Constructed payload: {
  "aspect_ratio": "9:16",
  "output_format": "png",
  "num_images": 1,
  "prompt": "England, wide shot in mixer tent at Royal Ascot of diverse guests at elegantly set tables, Asian female server in white shirt and black apron moving between tables serving drinks and snacks with subtle smile, warm ambient lighting, shallow depth of field."
}
2025-12-03 14:55:18 | DEBUG    | src.api.client:generate_image:89 - Original prompt: England, wide shot in mixer tent at Royal Ascot of diverse guests at elegantly set tables, Asian female server in white shirt and black apron moving between tables serving drinks and snacks with subtle smile, warm ambient lighting, shallow depth of field.
2025-12-03 14:55:18 | DEBUG    | src.api.client:generate_image:90 - Clean prompt being sent: England, wide shot in mixer tent at Royal Ascot of diverse guests at elegantly set tables, Asian female server in white shirt and black apron moving between tables serving drinks and snacks with subtle smile, warm ambient lighting, shallow depth of field.
2025-12-03 14:55:18 | DEBUG    | src.api.client:generate_image:91 - Clean prompt repr: 'England, wide shot in mixer tent at Royal Ascot of diverse guests at elegantly set tables, Asian female server in white shirt and black apron moving between tables serving drinks and snacks with subtle smile, warm ambient lighting, shallow depth of field.'
2025-12-03 14:55:18 | DEBUG    | src.api.client:_call_with_retry:152 - API call attempt 1/3
2025-12-03 14:55:18 | DEBUG    | src.api.client:_call_with_retry:155 - CRITICAL DEBUG - Payload sent to replicate.run: {
  "aspect_ratio": "9:16",
  "output_format": "png",
  "num_images": 1,
  "prompt": "England, wide shot in mixer tent at Royal Ascot of diverse guests at elegantly set tables, Asian female server in white shirt and black apron moving between tables serving drinks and snacks with subtle smile, warm ambient lighting, shallow depth of field."
}
2025-12-03 14:55:28 | DEBUG    | src.api.client:_call_with_retry:170 - API call successful
2025-12-03 14:55:29 | INFO     | src.output.writer:_save_to_disk:192 - Saved valid image: USER-FILES/05.OUTPUT/251203_145518_IMAGE/roles&responsibilities_of_a_server_with_prompts_001_IMAGE_145528_nano-banano-pro_2k_9x16_droply_1.png
2025-12-03 14:55:29 | DEBUG    | src.output.writer:_save_payload:257 - Saved payload to USER-FILES/05.OUTPUT/251203_145518_IMAGE/roles&responsibilities_of_a_server_with_prompts_001_IMAGE_145528_nano-banano-pro_2k_9x16_droply_1.md
2025-12-03 14:55:29 | INFO     | src.processing.processor:_generate_and_save_image:248 - Saved image: USER-FILES/05.OUTPUT/251203_145518_IMAGE/roles&responsibilities_of_a_server_with_prompts_001_IMAGE_145528_nano-banano-pro_2k_9x16_droply_1.png
2025-12-03 14:55:29 | INFO     | src.processing.discovery:load_prompts:63 - Loaded prompt from roles&responsibilities_of_a_server_with_prompts_002.txt
2025-12-03 14:55:29 | INFO     | src.processing.processor:_process_single_combination:119 - Processing combination 2/23: roles&responsibilities_of_a_server_with_prompts_002.txt + nano-banano-pro_2k_9x16_droply_1
2025-12-03 14:55:29 | DEBUG    | src.processing.processor:_process_with_context:186 - Processing roles&responsibilities_of_a_server_with_prompts_002.txt: England, medium shot in mixer tent at Royal Ascot ...
2025-12-03 14:55:29 | DEBUG    | src.api.client:generate_image:85 - CRITICAL DEBUG - Received params: {
  "aspect_ratio": "9:16",
  "output_format": "png",
  "num_images": 1
}
2025-12-03 14:55:29 | DEBUG    | src.api.client:generate_image:86 - CRITICAL DEBUG - Constructed payload: {
  "aspect_ratio": "9:16",
  "output_format": "png",
  "num_images": 1,
  "prompt": "England, medium shot in mixer tent at Royal Ascot of White male server in his late 20s wearing white shirt, black trousers, and black apron, standing beside table serving drinks and snacks with attentive posture, natural tent lighting."
}
2025-12-03 14:55:29 | DEBUG    | src.api.client:generate_image:89 - Original prompt: England, medium shot in mixer tent at Royal Ascot of White male server in his late 20s wearing white shirt, black trousers, and black apron, standing beside table serving drinks and snacks with attentive posture, natural tent lighting.
2025-12-03 14:55:29 | DEBUG    | src.api.client:generate_image:90 - Clean prompt being sent: England, medium shot in mixer tent at Royal Ascot of White male server in his late 20s wearing white shirt, black trousers, and black apron, standing beside table serving drinks and snacks with attentive posture, natural tent lighting.
2025-12-03 14:55:29 | DEBUG    | src.api.client:generate_image:91 - Clean prompt repr: 'England, medium shot in mixer tent at Royal Ascot of White male server in his late 20s wearing white shirt, black trousers, and black apron, standing beside table serving drinks and snacks with attentive posture, natural tent lighting.'
2025-12-03 14:55:29 | DEBUG    | src.api.client:_call_with_retry:152 - API call attempt 1/3
2025-12-03 14:55:29 | DEBUG    | src.api.client:_call_with_retry:155 - CRITICAL DEBUG - Payload sent to replicate.run: {
  "aspect_ratio": "9:16",
  "output_format": "png",
  "num_images": 1,
  "prompt": "England, medium shot in mixer tent at Royal Ascot of White male server in his late 20s wearing white shirt, black trousers, and black apron, standing beside table serving drinks and snacks with attentive posture, natural tent lighting."
}
2025-12-03 14:55:37 | DEBUG    | src.api.client:_call_with_retry:170 - API call successful
2025-12-03 14:55:38 | INFO     | src.output.writer:_save_to_disk:192 - Saved valid image: USER-FILES/05.OUTPUT/251203_145518_IMAGE/roles&responsibilities_of_a_server_with_prompts_002_IMAGE_145537_nano-banano-pro_2k_9x16_droply_1.png
2025-12-03 14:55:38 | DEBUG    | src.output.writer:_save_payload:257 - Saved payload to USER-FILES/05.OUTPUT/251203_145518_IMAGE/roles&responsibilities_of_a_server_with_prompts_002_IMAGE_145537_nano-banano-pro_2k_9x16_droply_1.md
2025-12-03 14:55:38 | INFO     | src.processing.processor:_generate_and_save_image:248 - Saved image: USER-FILES/05.OUTPUT/251203_145518_IMAGE/roles&responsibilities_of_a_server_with_prompts_002_IMAGE_145537_nano-banano-pro_2k_9x16_droply_1.png
2025-12-03 14:55:38 | INFO     | src.processing.discovery:load_prompts:63 - Loaded prompt from roles&responsibilities_of_a_server_with_prompts_003.txt
2025-12-03 14:55:38 | INFO     | src.processing.processor:_process_single_combination:119 - Processing combination 3/23: roles&responsibilities_of_a_server_with_prompts_003.txt + nano-banano-pro_2k_9x16_droply_1
2025-12-03 14:55:38 | DEBUG    | src.processing.processor:_process_with_context:186 - Processing roles&responsibilities_of_a_server_with_prompts_003.txt: England, close-up in mixer tent at Royal Ascot of ...
2025-12-03 14:55:38 | DEBUG    | src.api.client:generate_image:85 - CRITICAL DEBUG - Received params: {
  "aspect_ratio": "9:16",
  "output_format": "png",
  "num_images": 1
}
2025-12-03 14:55:38 | DEBUG    | src.api.client:generate_image:86 - CRITICAL DEBUG - Constructed payload: {
  "aspect_ratio": "9:16",
  "output_format": "png",
  "num_images": 1,
  "prompt": "England, close-up in mixer tent at Royal Ascot of Black female server's face in her early 30s wearing white shirt with focused and friendly expression, soft diffused lighting."
}
2025-12-03 14:55:38 | DEBUG    | src.api.client:generate_image:89 - Original prompt: England, close-up in mixer tent at Royal Ascot of Black female server's face in her early 30s wearing white shirt with focused and friendly expression, soft diffused lighting.
2025-12-03 14:55:38 | DEBUG    | src.api.client:generate_image:90 - Clean prompt being sent: England, close-up in mixer tent at Royal Ascot of Black female server's face in her early 30s wearing white shirt with focused and friendly expression, soft diffused lighting.
2025-12-03 14:55:38 | DEBUG    | src.api.client:generate_image:91 - Clean prompt repr: "England, close-up in mixer tent at Royal Ascot of Black female server's face in her early 30s wearing white shirt with focused and friendly expression, soft diffused lighting."
2025-12-03 14:55:38 | DEBUG    | src.api.client:_call_with_retry:152 - API call attempt 1/3
2025-12-03 14:55:38 | DEBUG    | src.api.client:_call_with_retry:155 - CRITICAL DEBUG - Payload sent to replicate.run: {
  "aspect_ratio": "9:16",
  "output_format": "png",
  "num_images": 1,
  "prompt": "England, close-up in mixer tent at Royal Ascot of Black female server's face in her early 30s wearing white shirt with focused and friendly expression, soft diffused lighting."
}
2025-12-03 14:55:45 | DEBUG    | src.api.client:_call_with_retry:170 - API call successful
2025-12-03 14:55:47 | INFO     | src.output.writer:_save_to_disk:192 - Saved valid image: USER-FILES/05.OUTPUT/251203_145518_IMAGE/roles&responsibilities_of_a_server_with_prompts_003_IMAGE_145545_nano-banano-pro_2k_9x16_droply_1.png
2025-12-03 14:55:47 | DEBUG    | src.output.writer:_save_payload:257 - Saved payload to USER-FILES/05.OUTPUT/251203_145518_IMAGE/roles&responsibilities_of_a_server_with_prompts_003_IMAGE_145545_nano-banano-pro_2k_9x16_droply_1.md
2025-12-03 14:55:47 | INFO     | src.processing.processor:_generate_and_save_image:248 - Saved image: USER-FILES/05.OUTPUT/251203_145518_IMAGE/roles&responsibilities_of_a_server_with_prompts_003_IMAGE_145545_nano-banano-pro_2k_9x16_droply_1.png
2025-12-03 14:55:47 | INFO     | src.processing.discovery:load_prompts:63 - Loaded prompt from roles&responsibilities_of_a_server_with_prompts_004.txt
2025-12-03 14:55:47 | INFO     | src.processing.processor:_process_single_combination:119 - Processing combination 4/23: roles&responsibilities_of_a_server_with_prompts_004.txt + nano-banano-pro_2k_9x16_droply_1
2025-12-03 14:55:47 | DEBUG    | src.processing.processor:_process_with_context:186 - Processing roles&responsibilities_of_a_server_with_prompts_004.txt: England, medium shot in mixer tent at Royal Ascot ...
2025-12-03 14:55:47 | DEBUG    | src.api.client:generate_image:85 - CRITICAL DEBUG - Received params: {
  "aspect_ratio": "9:16",
  "output_format": "png",
  "num_images": 1
}
2025-12-03 14:55:47 | DEBUG    | src.api.client:generate_image:86 - CRITICAL DEBUG - Constructed payload: {
  "aspect_ratio": "9:16",
  "output_format": "png",
  "num_images": 1,
  "prompt": "England, medium shot in mixer tent at Royal Ascot of Hispanic male server in mid-20s wearing white shirt, black apron, and bow tie, gesturing welcomingly toward guests with subtle smile, bright clean lighting."
}
2025-12-03 14:55:47 | DEBUG    | src.api.client:generate_image:89 - Original prompt: England, medium shot in mixer tent at Royal Ascot of Hispanic male server in mid-20s wearing white shirt, black apron, and bow tie, gesturing welcomingly toward guests with subtle smile, bright clean lighting.
2025-12-03 14:55:47 | DEBUG    | src.api.client:generate_image:90 - Clean prompt being sent: England, medium shot in mixer tent at Royal Ascot of Hispanic male server in mid-20s wearing white shirt, black apron, and bow tie, gesturing welcomingly toward guests with subtle smile, bright clean lighting.
2025-12-03 14:55:47 | DEBUG    | src.api.client:generate_image:91 - Clean prompt repr: 'England, medium shot in mixer tent at Royal Ascot of Hispanic male server in mid-20s wearing white shirt, black apron, and bow tie, gesturing welcomingly toward guests with subtle smile, bright clean lighting.'
2025-12-03 14:55:47 | DEBUG    | src.api.client:_call_with_retry:152 - API call attempt 1/3
2025-12-03 14:55:47 | DEBUG    | src.api.client:_call_with_retry:155 - CRITICAL DEBUG - Payload sent to replicate.run: {
  "aspect_ratio": "9:16",
  "output_format": "png",
  "num_images": 1,
  "prompt": "England, medium shot in mixer tent at Royal Ascot of Hispanic male server in mid-20s wearing white shirt, black apron, and bow tie, gesturing welcomingly toward guests with subtle smile, bright clean lighting."
}
2025-12-03 14:55:55 | DEBUG    | src.api.client:_call_with_retry:170 - API call successful
2025-12-03 14:55:56 | INFO     | src.output.writer:_save_to_disk:192 - Saved valid image: USER-FILES/05.OUTPUT/251203_145518_IMAGE/roles&responsibilities_of_a_server_with_prompts_004_IMAGE_145555_nano-banano-pro_2k_9x16_droply_1.png
2025-12-03 14:55:56 | DEBUG    | src.output.writer:_save_payload:257 - Saved payload to USER-FILES/05.OUTPUT/251203_145518_IMAGE/roles&responsibilities_of_a_server_with_prompts_004_IMAGE_145555_nano-banano-pro_2k_9x16_droply_1.md
2025-12-03 14:55:56 | INFO     | src.processing.processor:_generate_and_save_image:248 - Saved image: USER-FILES/05.OUTPUT/251203_145518_IMAGE/roles&responsibilities_of_a_server_with_prompts_004_IMAGE_145555_nano-banano-pro_2k_9x16_droply_1.png
2025-12-03 14:55:56 | INFO     | src.processing.discovery:load_prompts:63 - Loaded prompt from roles&responsibilities_of_a_server_with_prompts_005.txt
2025-12-03 14:55:56 | INFO     | src.processing.processor:_process_single_combination:119 - Processing combination 5/23: roles&responsibilities_of_a_server_with_prompts_005.txt + nano-banano-pro_2k_9x16_droply_1
2025-12-03 14:55:56 | DEBUG    | src.processing.processor:_process_with_context:186 - Processing roles&responsibilities_of_a_server_with_prompts_005.txt: England, medium shot in mixer tent at Royal Ascot ...
2025-12-03 14:55:56 | DEBUG    | src.api.client:generate_image:85 - CRITICAL DEBUG - Received params: {
  "aspect_ratio": "9:16",
  "output_format": "png",
  "num_images": 1
}
2025-12-03 14:55:56 | DEBUG    | src.api.client:generate_image:86 - CRITICAL DEBUG - Constructed payload: {
  "aspect_ratio": "9:16",
  "output_format": "png",
  "num_images": 1,
  "prompt": "England, medium shot in mixer tent at Royal Ascot of Mixed-race female server in her late 20s wearing white shirt and black apron, holding notepad while standing beside table taking drink and snack orders with genuine smile, guests visible in background, natural lighting."
}
2025-12-03 14:55:56 | DEBUG    | src.api.client:generate_image:89 - Original prompt: England, medium shot in mixer tent at Royal Ascot of Mixed-race female server in her late 20s wearing white shirt and black apron, holding notepad while standing beside table taking drink and snack orders with genuine smile, guests visible in background, natural lighting.
2025-12-03 14:55:56 | DEBUG    | src.api.client:generate_image:90 - Clean prompt being sent: England, medium shot in mixer tent at Royal Ascot of Mixed-race female server in her late 20s wearing white shirt and black apron, holding notepad while standing beside table taking drink and snack orders with genuine smile, guests visible in background, natural lighting.
2025-12-03 14:55:56 | DEBUG    | src.api.client:generate_image:91 - Clean prompt repr: 'England, medium shot in mixer tent at Royal Ascot of Mixed-race female server in her late 20s wearing white shirt and black apron, holding notepad while standing beside table taking drink and snack orders with genuine smile, guests visible in background, natural lighting.'
2025-12-03 14:55:56 | DEBUG    | src.api.client:_call_with_retry:152 - API call attempt 1/3
2025-12-03 14:55:56 | DEBUG    | src.api.client:_call_with_retry:155 - CRITICAL DEBUG - Payload sent to replicate.run: {
  "aspect_ratio": "9:16",
  "output_format": "png",
  "num_images": 1,
  "prompt": "England, medium shot in mixer tent at Royal Ascot of Mixed-race female server in her late 20s wearing white shirt and black apron, holding notepad while standing beside table taking drink and snack orders with genuine smile, guests visible in background, natural lighting."
}
2025-12-03 14:56:04 | DEBUG    | src.api.client:_call_with_retry:170 - API call successful
2025-12-03 14:56:05 | INFO     | src.output.writer:_save_to_disk:192 - Saved valid image: USER-FILES/05.OUTPUT/251203_145518_IMAGE/roles&responsibilities_of_a_server_with_prompts_005_IMAGE_145604_nano-banano-pro_2k_9x16_droply_1.png
2025-12-03 14:56:05 | DEBUG    | src.output.writer:_save_payload:257 - Saved payload to USER-FILES/05.OUTPUT/251203_145518_IMAGE/roles&responsibilities_of_a_server_with_prompts_005_IMAGE_145604_nano-banano-pro_2k_9x16_droply_1.md
2025-12-03 14:56:05 | INFO     | src.processing.processor:_generate_and_save_image:248 - Saved image: USER-FILES/05.OUTPUT/251203_145518_IMAGE/roles&responsibilities_of_a_server_with_prompts_005_IMAGE_145604_nano-banano-pro_2k_9x16_droply_1.png
2025-12-03 14:56:05 | INFO     | src.processing.discovery:load_prompts:63 - Loaded prompt from roles&responsibilities_of_a_server_with_prompts_006.txt
2025-12-03 14:56:05 | INFO     | src.processing.processor:_process_single_combination:119 - Processing combination 6/23: roles&responsibilities_of_a_server_with_prompts_006.txt + nano-banano-pro_2k_9x16_droply_1
2025-12-03 14:56:05 | DEBUG    | src.processing.processor:_process_with_context:186 - Processing roles&responsibilities_of_a_server_with_prompts_006.txt: England, close-up in mixer tent at Royal Ascot of ...
2025-12-03 14:56:05 | DEBUG    | src.api.client:generate_image:85 - CRITICAL DEBUG - Received params: {
  "aspect_ratio": "9:16",
  "output_format": "png",
  "num_images": 1
}
2025-12-03 14:56:05 | DEBUG    | src.api.client:generate_image:86 - CRITICAL DEBUG - Constructed payload: {
  "aspect_ratio": "9:16",
  "output_format": "png",
  "num_images": 1,
  "prompt": "England, close-up in mixer tent at Royal Ascot of White female server's hands in her early 30s holding pen and notepad, writing notes, soft diffused lighting, shallow depth of field."
}
2025-12-03 14:56:05 | DEBUG    | src.api.client:generate_image:89 - Original prompt: England, close-up in mixer tent at Royal Ascot of White female server's hands in her early 30s holding pen and notepad, writing notes, soft diffused lighting, shallow depth of field.
2025-12-03 14:56:05 | DEBUG    | src.api.client:generate_image:90 - Clean prompt being sent: England, close-up in mixer tent at Royal Ascot of White female server's hands in her early 30s holding pen and notepad, writing notes, soft diffused lighting, shallow depth of field.
2025-12-03 14:56:05 | DEBUG    | src.api.client:generate_image:91 - Clean prompt repr: "England, close-up in mixer tent at Royal Ascot of White female server's hands in her early 30s holding pen and notepad, writing notes, soft diffused lighting, shallow depth of field."
2025-12-03 14:56:05 | DEBUG    | src.api.client:_call_with_retry:152 - API call attempt 1/3
2025-12-03 14:56:05 | DEBUG    | src.api.client:_call_with_retry:155 - CRITICAL DEBUG - Payload sent to replicate.run: {
  "aspect_ratio": "9:16",
  "output_format": "png",
  "num_images": 1,
  "prompt": "England, close-up in mixer tent at Royal Ascot of White female server's hands in her early 30s holding pen and notepad, writing notes, soft diffused lighting, shallow depth of field."
}
2025-12-03 14:56:13 | DEBUG    | src.api.client:_call_with_retry:170 - API call successful
2025-12-03 14:56:15 | INFO     | src.output.writer:_save_to_disk:192 - Saved valid image: USER-FILES/05.OUTPUT/251203_145518_IMAGE/roles&responsibilities_of_a_server_with_prompts_006_IMAGE_145613_nano-banano-pro_2k_9x16_droply_1.png
2025-12-03 14:56:15 | DEBUG    | src.output.writer:_save_payload:257 - Saved payload to USER-FILES/05.OUTPUT/251203_145518_IMAGE/roles&responsibilities_of_a_server_with_prompts_006_IMAGE_145613_nano-banano-pro_2k_9x16_droply_1.md
2025-12-03 14:56:15 | INFO     | src.processing.processor:_generate_and_save_image:248 - Saved image: USER-FILES/05.OUTPUT/251203_145518_IMAGE/roles&responsibilities_of_a_server_with_prompts_006_IMAGE_145613_nano-banano-pro_2k_9x16_droply_1.png
2025-12-03 14:56:15 | INFO     | src.processing.discovery:load_prompts:63 - Loaded prompt from roles&responsibilities_of_a_server_with_prompts_007.txt
2025-12-03 14:56:15 | INFO     | src.processing.processor:_process_single_combination:119 - Processing combination 7/23: roles&responsibilities_of_a_server_with_prompts_007.txt + nano-banano-pro_2k_9x16_droply_1
2025-12-03 14:56:15 | DEBUG    | src.processing.processor:_process_with_context:186 - Processing roles&responsibilities_of_a_server_with_prompts_007.txt: England, close-up in mixer tent at Royal Ascot of ...
2025-12-03 14:56:15 | DEBUG    | src.api.client:generate_image:85 - CRITICAL DEBUG - Received params: {
  "aspect_ratio": "9:16",
  "output_format": "png",
  "num_images": 1
}
2025-12-03 14:56:15 | DEBUG    | src.api.client:generate_image:86 - CRITICAL DEBUG - Constructed payload: {
  "aspect_ratio": "9:16",
  "output_format": "png",
  "num_images": 1,
  "prompt": "England, close-up in mixer tent at Royal Ascot of Middle Eastern male server's face in his mid-30s looking down at notepad with concentrated expression, natural tent lighting."
}
2025-12-03 14:56:15 | DEBUG    | src.api.client:generate_image:89 - Original prompt: England, close-up in mixer tent at Royal Ascot of Middle Eastern male server's face in his mid-30s looking down at notepad with concentrated expression, natural tent lighting.
2025-12-03 14:56:15 | DEBUG    | src.api.client:generate_image:90 - Clean prompt being sent: England, close-up in mixer tent at Royal Ascot of Middle Eastern male server's face in his mid-30s looking down at notepad with concentrated expression, natural tent lighting.
2025-12-03 14:56:15 | DEBUG    | src.api.client:generate_image:91 - Clean prompt repr: "England, close-up in mixer tent at Royal Ascot of Middle Eastern male server's face in his mid-30s looking down at notepad with concentrated expression, natural tent lighting."
2025-12-03 14:56:15 | DEBUG    | src.api.client:_call_with_retry:152 - API call attempt 1/3
2025-12-03 14:56:15 | DEBUG    | src.api.client:_call_with_retry:155 - CRITICAL DEBUG - Payload sent to replicate.run: {
  "aspect_ratio": "9:16",
  "output_format": "png",
  "num_images": 1,
  "prompt": "England, close-up in mixer tent at Royal Ascot of Middle Eastern male server's face in his mid-30s looking down at notepad with concentrated expression, natural tent lighting."
}
2025-12-03 14:56:22 | DEBUG    | src.api.client:_call_with_retry:170 - API call successful
2025-12-03 14:56:23 | INFO     | src.output.writer:_save_to_disk:192 - Saved valid image: USER-FILES/05.OUTPUT/251203_145518_IMAGE/roles&responsibilities_of_a_server_with_prompts_007_IMAGE_145622_nano-banano-pro_2k_9x16_droply_1.png
2025-12-03 14:56:23 | DEBUG    | src.output.writer:_save_payload:257 - Saved payload to USER-FILES/05.OUTPUT/251203_145518_IMAGE/roles&responsibilities_of_a_server_with_prompts_007_IMAGE_145622_nano-banano-pro_2k_9x16_droply_1.md
2025-12-03 14:56:23 | INFO     | src.processing.processor:_generate_and_save_image:248 - Saved image: USER-FILES/05.OUTPUT/251203_145518_IMAGE/roles&responsibilities_of_a_server_with_prompts_007_IMAGE_145622_nano-banano-pro_2k_9x16_droply_1.png
2025-12-03 14:56:23 | INFO     | src.processing.discovery:load_prompts:63 - Loaded prompt from roles&responsibilities_of_a_server_with_prompts_008.txt
2025-12-03 14:56:23 | INFO     | src.processing.processor:_process_single_combination:119 - Processing combination 8/23: roles&responsibilities_of_a_server_with_prompts_008.txt + nano-banano-pro_2k_9x16_droply_1
2025-12-03 14:56:23 | DEBUG    | src.processing.processor:_process_with_context:186 - Processing roles&responsibilities_of_a_server_with_prompts_008.txt: England, medium shot in mixer tent at Royal Ascot ...
2025-12-03 14:56:23 | DEBUG    | src.api.client:generate_image:85 - CRITICAL DEBUG - Received params: {
  "aspect_ratio": "9:16",
  "output_format": "png",
  "num_images": 1
}
2025-12-03 14:56:23 | DEBUG    | src.api.client:generate_image:86 - CRITICAL DEBUG - Constructed payload: {
  "aspect_ratio": "9:16",
  "output_format": "png",
  "num_images": 1,
  "prompt": "England, medium shot in mixer tent at Royal Ascot of Asian male server in his late 20s wearing white shirt and black apron, carrying drinks and snacks with proper technique, balanced posture, bright clean lighting."
}
2025-12-03 14:56:23 | DEBUG    | src.api.client:generate_image:89 - Original prompt: England, medium shot in mixer tent at Royal Ascot of Asian male server in his late 20s wearing white shirt and black apron, carrying drinks and snacks with proper technique, balanced posture, bright clean lighting.
2025-12-03 14:56:23 | DEBUG    | src.api.client:generate_image:90 - Clean prompt being sent: England, medium shot in mixer tent at Royal Ascot of Asian male server in his late 20s wearing white shirt and black apron, carrying drinks and snacks with proper technique, balanced posture, bright clean lighting.
2025-12-03 14:56:23 | DEBUG    | src.api.client:generate_image:91 - Clean prompt repr: 'England, medium shot in mixer tent at Royal Ascot of Asian male server in his late 20s wearing white shirt and black apron, carrying drinks and snacks with proper technique, balanced posture, bright clean lighting.'
2025-12-03 14:56:23 | DEBUG    | src.api.client:_call_with_retry:152 - API call attempt 1/3
2025-12-03 14:56:23 | DEBUG    | src.api.client:_call_with_retry:155 - CRITICAL DEBUG - Payload sent to replicate.run: {
  "aspect_ratio": "9:16",
  "output_format": "png",
  "num_images": 1,
  "prompt": "England, medium shot in mixer tent at Royal Ascot of Asian male server in his late 20s wearing white shirt and black apron, carrying drinks and snacks with proper technique, balanced posture, bright clean lighting."
}
2025-12-03 14:56:30 | DEBUG    | src.api.client:_call_with_retry:170 - API call successful
2025-12-03 14:56:31 | INFO     | src.output.writer:_save_to_disk:192 - Saved valid image: USER-FILES/05.OUTPUT/251203_145518_IMAGE/roles&responsibilities_of_a_server_with_prompts_008_IMAGE_145630_nano-banano-pro_2k_9x16_droply_1.png
2025-12-03 14:56:31 | DEBUG    | src.output.writer:_save_payload:257 - Saved payload to USER-FILES/05.OUTPUT/251203_145518_IMAGE/roles&responsibilities_of_a_server_with_prompts_008_IMAGE_145630_nano-banano-pro_2k_9x16_droply_1.md
2025-12-03 14:56:31 | INFO     | src.processing.processor:_generate_and_save_image:248 - Saved image: USER-FILES/05.OUTPUT/251203_145518_IMAGE/roles&responsibilities_of_a_server_with_prompts_008_IMAGE_145630_nano-banano-pro_2k_9x16_droply_1.png
2025-12-03 14:56:31 | INFO     | src.processing.discovery:load_prompts:63 - Loaded prompt from roles&responsibilities_of_a_server_with_prompts_009.txt
2025-12-03 14:56:31 | INFO     | src.processing.processor:_process_single_combination:119 - Processing combination 9/23: roles&responsibilities_of_a_server_with_prompts_009.txt + nano-banano-pro_2k_9x16_droply_1
2025-12-03 14:56:31 | DEBUG    | src.processing.processor:_process_with_context:186 - Processing roles&responsibilities_of_a_server_with_prompts_009.txt: England, close-up in mixer tent at Royal Ascot of ...
2025-12-03 14:56:31 | DEBUG    | src.api.client:generate_image:85 - CRITICAL DEBUG - Received params: {
  "aspect_ratio": "9:16",
  "output_format": "png",
  "num_images": 1
}
2025-12-03 14:56:31 | DEBUG    | src.api.client:generate_image:86 - CRITICAL DEBUG - Constructed payload: {
  "aspect_ratio": "9:16",
  "output_format": "png",
  "num_images": 1,
  "prompt": "England, close-up in mixer tent at Royal Ascot of Black female server's hands holding wine glasses by stems with proper grip technique, soft diffused lighting, shallow depth of field."
}
2025-12-03 14:56:31 | DEBUG    | src.api.client:generate_image:89 - Original prompt: England, close-up in mixer tent at Royal Ascot of Black female server's hands holding wine glasses by stems with proper grip technique, soft diffused lighting, shallow depth of field.
2025-12-03 14:56:31 | DEBUG    | src.api.client:generate_image:90 - Clean prompt being sent: England, close-up in mixer tent at Royal Ascot of Black female server's hands holding wine glasses by stems with proper grip technique, soft diffused lighting, shallow depth of field.
2025-12-03 14:56:31 | DEBUG    | src.api.client:generate_image:91 - Clean prompt repr: "England, close-up in mixer tent at Royal Ascot of Black female server's hands holding wine glasses by stems with proper grip technique, soft diffused lighting, shallow depth of field."
2025-12-03 14:56:31 | DEBUG    | src.api.client:_call_with_retry:152 - API call attempt 1/3
2025-12-03 14:56:31 | DEBUG    | src.api.client:_call_with_retry:155 - CRITICAL DEBUG - Payload sent to replicate.run: {
  "aspect_ratio": "9:16",
  "output_format": "png",
  "num_images": 1,
  "prompt": "England, close-up in mixer tent at Royal Ascot of Black female server's hands holding wine glasses by stems with proper grip technique, soft diffused lighting, shallow depth of field."
}
2025-12-03 14:56:38 | DEBUG    | src.api.client:_call_with_retry:170 - API call successful
2025-12-03 14:56:39 | INFO     | src.output.writer:_save_to_disk:192 - Saved valid image: USER-FILES/05.OUTPUT/251203_145518_IMAGE/roles&responsibilities_of_a_server_with_prompts_009_IMAGE_145638_nano-banano-pro_2k_9x16_droply_1.png
2025-12-03 14:56:39 | DEBUG    | src.output.writer:_save_payload:257 - Saved payload to USER-FILES/05.OUTPUT/251203_145518_IMAGE/roles&responsibilities_of_a_server_with_prompts_009_IMAGE_145638_nano-banano-pro_2k_9x16_droply_1.md
2025-12-03 14:56:39 | INFO     | src.processing.processor:_generate_and_save_image:248 - Saved image: USER-FILES/05.OUTPUT/251203_145518_IMAGE/roles&responsibilities_of_a_server_with_prompts_009_IMAGE_145638_nano-banano-pro_2k_9x16_droply_1.png
2025-12-03 14:56:39 | INFO     | src.processing.discovery:load_prompts:63 - Loaded prompt from roles&responsibilities_of_a_server_with_prompts_010.txt
2025-12-03 14:56:39 | INFO     | src.processing.processor:_process_single_combination:119 - Processing combination 10/23: roles&responsibilities_of_a_server_with_prompts_010.txt + nano-banano-pro_2k_9x16_droply_1
2025-12-03 14:56:39 | DEBUG    | src.processing.processor:_process_with_context:186 - Processing roles&responsibilities_of_a_server_with_prompts_010.txt: England, medium shot in mixer tent at Royal Ascot ...
2025-12-03 14:56:39 | DEBUG    | src.api.client:generate_image:85 - CRITICAL DEBUG - Received params: {
  "aspect_ratio": "9:16",
  "output_format": "png",
  "num_images": 1
}
2025-12-03 14:56:39 | DEBUG    | src.api.client:generate_image:86 - CRITICAL DEBUG - Constructed payload: {
  "aspect_ratio": "9:16",
  "output_format": "png",
  "num_images": 1,
  "prompt": "England, medium shot in mixer tent at Royal Ascot of White male server in his early 30s wearing white shirt, black apron, and bow tie, gesturing toward drinks and snacks menu while speaking with guests at table, natural lighting."
}
2025-12-03 14:56:39 | DEBUG    | src.api.client:generate_image:89 - Original prompt: England, medium shot in mixer tent at Royal Ascot of White male server in his early 30s wearing white shirt, black apron, and bow tie, gesturing toward drinks and snacks menu while speaking with guests at table, natural lighting.
2025-12-03 14:56:39 | DEBUG    | src.api.client:generate_image:90 - Clean prompt being sent: England, medium shot in mixer tent at Royal Ascot of White male server in his early 30s wearing white shirt, black apron, and bow tie, gesturing toward drinks and snacks menu while speaking with guests at table, natural lighting.
2025-12-03 14:56:39 | DEBUG    | src.api.client:generate_image:91 - Clean prompt repr: 'England, medium shot in mixer tent at Royal Ascot of White male server in his early 30s wearing white shirt, black apron, and bow tie, gesturing toward drinks and snacks menu while speaking with guests at table, natural lighting.'
2025-12-03 14:56:39 | DEBUG    | src.api.client:_call_with_retry:152 - API call attempt 1/3
2025-12-03 14:56:39 | DEBUG    | src.api.client:_call_with_retry:155 - CRITICAL DEBUG - Payload sent to replicate.run: {
  "aspect_ratio": "9:16",
  "output_format": "png",
  "num_images": 1,
  "prompt": "England, medium shot in mixer tent at Royal Ascot of White male server in his early 30s wearing white shirt, black apron, and bow tie, gesturing toward drinks and snacks menu while speaking with guests at table, natural lighting."
}
2025-12-03 14:56:47 | DEBUG    | src.api.client:_call_with_retry:170 - API call successful
2025-12-03 14:56:48 | INFO     | src.output.writer:_save_to_disk:192 - Saved valid image: USER-FILES/05.OUTPUT/251203_145518_IMAGE/roles&responsibilities_of_a_server_with_prompts_010_IMAGE_145647_nano-banano-pro_2k_9x16_droply_1.png
2025-12-03 14:56:48 | DEBUG    | src.output.writer:_save_payload:257 - Saved payload to USER-FILES/05.OUTPUT/251203_145518_IMAGE/roles&responsibilities_of_a_server_with_prompts_010_IMAGE_145647_nano-banano-pro_2k_9x16_droply_1.md
2025-12-03 14:56:48 | INFO     | src.processing.processor:_generate_and_save_image:248 - Saved image: USER-FILES/05.OUTPUT/251203_145518_IMAGE/roles&responsibilities_of_a_server_with_prompts_010_IMAGE_145647_nano-banano-pro_2k_9x16_droply_1.png
2025-12-03 14:56:48 | INFO     | src.processing.discovery:load_prompts:63 - Loaded prompt from roles&responsibilities_of_a_server_with_prompts_011.txt
2025-12-03 14:56:48 | INFO     | src.processing.processor:_process_single_combination:119 - Processing combination 11/23: roles&responsibilities_of_a_server_with_prompts_011.txt + nano-banano-pro_2k_9x16_droply_1
2025-12-03 14:56:48 | DEBUG    | src.processing.processor:_process_with_context:186 - Processing roles&responsibilities_of_a_server_with_prompts_011.txt: England, medium shot in mixer tent at Royal Ascot ...
2025-12-03 14:56:48 | DEBUG    | src.api.client:generate_image:85 - CRITICAL DEBUG - Received params: {
  "aspect_ratio": "9:16",
  "output_format": "png",
  "num_images": 1
}
2025-12-03 14:56:48 | DEBUG    | src.api.client:generate_image:86 - CRITICAL DEBUG - Constructed payload: {
  "aspect_ratio": "9:16",
  "output_format": "png",
  "num_images": 1,
  "prompt": "England, medium shot in mixer tent at Royal Ascot of Hispanic female server in her mid-20s wearing white shirt and black apron, leaning slightly forward with engaged expression while gesturing, warm ambient lighting."
}
2025-12-03 14:56:48 | DEBUG    | src.api.client:generate_image:89 - Original prompt: England, medium shot in mixer tent at Royal Ascot of Hispanic female server in her mid-20s wearing white shirt and black apron, leaning slightly forward with engaged expression while gesturing, warm ambient lighting.
2025-12-03 14:56:48 | DEBUG    | src.api.client:generate_image:90 - Clean prompt being sent: England, medium shot in mixer tent at Royal Ascot of Hispanic female server in her mid-20s wearing white shirt and black apron, leaning slightly forward with engaged expression while gesturing, warm ambient lighting.
2025-12-03 14:56:48 | DEBUG    | src.api.client:generate_image:91 - Clean prompt repr: 'England, medium shot in mixer tent at Royal Ascot of Hispanic female server in her mid-20s wearing white shirt and black apron, leaning slightly forward with engaged expression while gesturing, warm ambient lighting.'
2025-12-03 14:56:48 | DEBUG    | src.api.client:_call_with_retry:152 - API call attempt 1/3
2025-12-03 14:56:48 | DEBUG    | src.api.client:_call_with_retry:155 - CRITICAL DEBUG - Payload sent to replicate.run: {
  "aspect_ratio": "9:16",
  "output_format": "png",
  "num_images": 1,
  "prompt": "England, medium shot in mixer tent at Royal Ascot of Hispanic female server in her mid-20s wearing white shirt and black apron, leaning slightly forward with engaged expression while gesturing, warm ambient lighting."
}
2025-12-03 14:56:55 | DEBUG    | src.api.client:_call_with_retry:170 - API call successful
2025-12-03 14:56:56 | INFO     | src.output.writer:_save_to_disk:192 - Saved valid image: USER-FILES/05.OUTPUT/251203_145518_IMAGE/roles&responsibilities_of_a_server_with_prompts_011_IMAGE_145655_nano-banano-pro_2k_9x16_droply_1.png
2025-12-03 14:56:56 | DEBUG    | src.output.writer:_save_payload:257 - Saved payload to USER-FILES/05.OUTPUT/251203_145518_IMAGE/roles&responsibilities_of_a_server_with_prompts_011_IMAGE_145655_nano-banano-pro_2k_9x16_droply_1.md
2025-12-03 14:56:56 | INFO     | src.processing.processor:_generate_and_save_image:248 - Saved image: USER-FILES/05.OUTPUT/251203_145518_IMAGE/roles&responsibilities_of_a_server_with_prompts_011_IMAGE_145655_nano-banano-pro_2k_9x16_droply_1.png
2025-12-03 14:56:56 | INFO     | src.processing.discovery:load_prompts:63 - Loaded prompt from roles&responsibilities_of_a_server_with_prompts_012.txt
2025-12-03 14:56:56 | INFO     | src.processing.processor:_process_single_combination:119 - Processing combination 12/23: roles&responsibilities_of_a_server_with_prompts_012.txt + nano-banano-pro_2k_9x16_droply_1
2025-12-03 14:56:56 | DEBUG    | src.processing.processor:_process_with_context:186 - Processing roles&responsibilities_of_a_server_with_prompts_012.txt: England, close-up in mixer tent at Royal Ascot of ...
2025-12-03 14:56:56 | DEBUG    | src.api.client:generate_image:85 - CRITICAL DEBUG - Received params: {
  "aspect_ratio": "9:16",
  "output_format": "png",
  "num_images": 1
}
2025-12-03 14:56:56 | DEBUG    | src.api.client:generate_image:86 - CRITICAL DEBUG - Constructed payload: {
  "aspect_ratio": "9:16",
  "output_format": "png",
  "num_images": 1,
  "prompt": "England, close-up in mixer tent at Royal Ascot of Mixed-race male server's hands in his late 20s pouring water from pitcher into glass with controlled pour technique, natural tent lighting, shallow depth of field."
}
2025-12-03 14:56:56 | DEBUG    | src.api.client:generate_image:89 - Original prompt: England, close-up in mixer tent at Royal Ascot of Mixed-race male server's hands in his late 20s pouring water from pitcher into glass with controlled pour technique, natural tent lighting, shallow depth of field.
2025-12-03 14:56:56 | DEBUG    | src.api.client:generate_image:90 - Clean prompt being sent: England, close-up in mixer tent at Royal Ascot of Mixed-race male server's hands in his late 20s pouring water from pitcher into glass with controlled pour technique, natural tent lighting, shallow depth of field.
2025-12-03 14:56:56 | DEBUG    | src.api.client:generate_image:91 - Clean prompt repr: "England, close-up in mixer tent at Royal Ascot of Mixed-race male server's hands in his late 20s pouring water from pitcher into glass with controlled pour technique, natural tent lighting, shallow depth of field."
2025-12-03 14:56:56 | DEBUG    | src.api.client:_call_with_retry:152 - API call attempt 1/3
2025-12-03 14:56:56 | DEBUG    | src.api.client:_call_with_retry:155 - CRITICAL DEBUG - Payload sent to replicate.run: {
  "aspect_ratio": "9:16",
  "output_format": "png",
  "num_images": 1,
  "prompt": "England, close-up in mixer tent at Royal Ascot of Mixed-race male server's hands in his late 20s pouring water from pitcher into glass with controlled pour technique, natural tent lighting, shallow depth of field."
}
2025-12-03 14:57:03 | DEBUG    | src.api.client:_call_with_retry:170 - API call successful
2025-12-03 14:57:04 | INFO     | src.output.writer:_save_to_disk:192 - Saved valid image: USER-FILES/05.OUTPUT/251203_145518_IMAGE/roles&responsibilities_of_a_server_with_prompts_012_IMAGE_145703_nano-banano-pro_2k_9x16_droply_1.png
2025-12-03 14:57:04 | DEBUG    | src.output.writer:_save_payload:257 - Saved payload to USER-FILES/05.OUTPUT/251203_145518_IMAGE/roles&responsibilities_of_a_server_with_prompts_012_IMAGE_145703_nano-banano-pro_2k_9x16_droply_1.md
2025-12-03 14:57:04 | INFO     | src.processing.processor:_generate_and_save_image:248 - Saved image: USER-FILES/05.OUTPUT/251203_145518_IMAGE/roles&responsibilities_of_a_server_with_prompts_012_IMAGE_145703_nano-banano-pro_2k_9x16_droply_1.png
2025-12-03 14:57:04 | INFO     | src.processing.discovery:load_prompts:63 - Loaded prompt from roles&responsibilities_of_a_server_with_prompts_013.txt
2025-12-03 14:57:04 | INFO     | src.processing.processor:_process_single_combination:119 - Processing combination 13/23: roles&responsibilities_of_a_server_with_prompts_013.txt + nano-banano-pro_2k_9x16_droply_1
2025-12-03 14:57:04 | DEBUG    | src.processing.processor:_process_with_context:186 - Processing roles&responsibilities_of_a_server_with_prompts_013.txt: England, medium shot in mixer tent at Royal Ascot ...
2025-12-03 14:57:04 | DEBUG    | src.api.client:generate_image:85 - CRITICAL DEBUG - Received params: {
  "aspect_ratio": "9:16",
  "output_format": "png",
  "num_images": 1
}
2025-12-03 14:57:04 | DEBUG    | src.api.client:generate_image:86 - CRITICAL DEBUG - Constructed payload: {
  "aspect_ratio": "9:16",
  "output_format": "png",
  "num_images": 1,
  "prompt": "England, medium shot in mixer tent at Royal Ascot of Asian female server in her early 30s wearing white shirt and black apron, efficiently clearing empty glasses and snack plates from table, bright clean lighting."
}
2025-12-03 14:57:04 | DEBUG    | src.api.client:generate_image:89 - Original prompt: England, medium shot in mixer tent at Royal Ascot of Asian female server in her early 30s wearing white shirt and black apron, efficiently clearing empty glasses and snack plates from table, bright clean lighting.
2025-12-03 14:57:04 | DEBUG    | src.api.client:generate_image:90 - Clean prompt being sent: England, medium shot in mixer tent at Royal Ascot of Asian female server in her early 30s wearing white shirt and black apron, efficiently clearing empty glasses and snack plates from table, bright clean lighting.
2025-12-03 14:57:04 | DEBUG    | src.api.client:generate_image:91 - Clean prompt repr: 'England, medium shot in mixer tent at Royal Ascot of Asian female server in her early 30s wearing white shirt and black apron, efficiently clearing empty glasses and snack plates from table, bright clean lighting.'
2025-12-03 14:57:04 | DEBUG    | src.api.client:_call_with_retry:152 - API call attempt 1/3
2025-12-03 14:57:04 | DEBUG    | src.api.client:_call_with_retry:155 - CRITICAL DEBUG - Payload sent to replicate.run: {
  "aspect_ratio": "9:16",
  "output_format": "png",
  "num_images": 1,
  "prompt": "England, medium shot in mixer tent at Royal Ascot of Asian female server in her early 30s wearing white shirt and black apron, efficiently clearing empty glasses and snack plates from table, bright clean lighting."
}
2025-12-03 14:57:12 | DEBUG    | src.api.client:_call_with_retry:170 - API call successful
2025-12-03 14:57:13 | INFO     | src.output.writer:_save_to_disk:192 - Saved valid image: USER-FILES/05.OUTPUT/251203_145518_IMAGE/roles&responsibilities_of_a_server_with_prompts_013_IMAGE_145712_nano-banano-pro_2k_9x16_droply_1.png
2025-12-03 14:57:13 | DEBUG    | src.output.writer:_save_payload:257 - Saved payload to USER-FILES/05.OUTPUT/251203_145518_IMAGE/roles&responsibilities_of_a_server_with_prompts_013_IMAGE_145712_nano-banano-pro_2k_9x16_droply_1.md
2025-12-03 14:57:13 | INFO     | src.processing.processor:_generate_and_save_image:248 - Saved image: USER-FILES/05.OUTPUT/251203_145518_IMAGE/roles&responsibilities_of_a_server_with_prompts_013_IMAGE_145712_nano-banano-pro_2k_9x16_droply_1.png
2025-12-03 14:57:13 | INFO     | src.processing.discovery:load_prompts:63 - Loaded prompt from roles&responsibilities_of_a_server_with_prompts_014.txt
2025-12-03 14:57:13 | INFO     | src.processing.processor:_process_single_combination:119 - Processing combination 14/23: roles&responsibilities_of_a_server_with_prompts_014.txt + nano-banano-pro_2k_9x16_droply_1
2025-12-03 14:57:13 | DEBUG    | src.processing.processor:_process_with_context:186 - Processing roles&responsibilities_of_a_server_with_prompts_014.txt: England, medium shot in mixer tent at Royal Ascot ...
2025-12-03 14:57:13 | DEBUG    | src.api.client:generate_image:85 - CRITICAL DEBUG - Received params: {
  "aspect_ratio": "9:16",
  "output_format": "png",
  "num_images": 1
}
2025-12-03 14:57:13 | DEBUG    | src.api.client:generate_image:86 - CRITICAL DEBUG - Constructed payload: {
  "aspect_ratio": "9:16",
  "output_format": "png",
  "num_images": 1,
  "prompt": "England, medium shot in mixer tent at Royal Ascot of White female server in her late 20s wearing white shirt and black apron, holding card payment terminal with professional demeanor, soft diffused lighting."
}
2025-12-03 14:57:13 | DEBUG    | src.api.client:generate_image:89 - Original prompt: England, medium shot in mixer tent at Royal Ascot of White female server in her late 20s wearing white shirt and black apron, holding card payment terminal with professional demeanor, soft diffused lighting.
2025-12-03 14:57:13 | DEBUG    | src.api.client:generate_image:90 - Clean prompt being sent: England, medium shot in mixer tent at Royal Ascot of White female server in her late 20s wearing white shirt and black apron, holding card payment terminal with professional demeanor, soft diffused lighting.
2025-12-03 14:57:13 | DEBUG    | src.api.client:generate_image:91 - Clean prompt repr: 'England, medium shot in mixer tent at Royal Ascot of White female server in her late 20s wearing white shirt and black apron, holding card payment terminal with professional demeanor, soft diffused lighting.'
2025-12-03 14:57:13 | DEBUG    | src.api.client:_call_with_retry:152 - API call attempt 1/3
2025-12-03 14:57:13 | DEBUG    | src.api.client:_call_with_retry:155 - CRITICAL DEBUG - Payload sent to replicate.run: {
  "aspect_ratio": "9:16",
  "output_format": "png",
  "num_images": 1,
  "prompt": "England, medium shot in mixer tent at Royal Ascot of White female server in her late 20s wearing white shirt and black apron, holding card payment terminal with professional demeanor, soft diffused lighting."
}
2025-12-03 14:57:20 | DEBUG    | src.api.client:_call_with_retry:170 - API call successful
2025-12-03 14:57:21 | INFO     | src.output.writer:_save_to_disk:192 - Saved valid image: USER-FILES/05.OUTPUT/251203_145518_IMAGE/roles&responsibilities_of_a_server_with_prompts_014_IMAGE_145720_nano-banano-pro_2k_9x16_droply_1.png
2025-12-03 14:57:21 | DEBUG    | src.output.writer:_save_payload:257 - Saved payload to USER-FILES/05.OUTPUT/251203_145518_IMAGE/roles&responsibilities_of_a_server_with_prompts_014_IMAGE_145720_nano-banano-pro_2k_9x16_droply_1.md
2025-12-03 14:57:21 | INFO     | src.processing.processor:_generate_and_save_image:248 - Saved image: USER-FILES/05.OUTPUT/251203_145518_IMAGE/roles&responsibilities_of_a_server_with_prompts_014_IMAGE_145720_nano-banano-pro_2k_9x16_droply_1.png
2025-12-03 14:57:21 | INFO     | src.processing.discovery:load_prompts:63 - Loaded prompt from roles&responsibilities_of_a_server_with_prompts_015.txt
2025-12-03 14:57:21 | INFO     | src.processing.processor:_process_single_combination:119 - Processing combination 15/23: roles&responsibilities_of_a_server_with_prompts_015.txt + nano-banano-pro_2k_9x16_droply_1
2025-12-03 14:57:21 | DEBUG    | src.processing.processor:_process_with_context:186 - Processing roles&responsibilities_of_a_server_with_prompts_015.txt: England, medium shot in mixer tent bar area at Roy...
2025-12-03 14:57:21 | DEBUG    | src.api.client:generate_image:85 - CRITICAL DEBUG - Received params: {
  "aspect_ratio": "9:16",
  "output_format": "png",
  "num_images": 1
}
2025-12-03 14:57:21 | DEBUG    | src.api.client:generate_image:86 - CRITICAL DEBUG - Constructed payload: {
  "aspect_ratio": "9:16",
  "output_format": "png",
  "num_images": 1,
  "prompt": "England, medium shot in mixer tent bar area at Royal Ascot of Black male server in his mid-30s wearing white shirt and black apron, standing at POS terminal with focused expression, fingers on touchscreen, bright LED lighting."
}
2025-12-03 14:57:21 | DEBUG    | src.api.client:generate_image:89 - Original prompt: England, medium shot in mixer tent bar area at Royal Ascot of Black male server in his mid-30s wearing white shirt and black apron, standing at POS terminal with focused expression, fingers on touchscreen, bright LED lighting.
2025-12-03 14:57:21 | DEBUG    | src.api.client:generate_image:90 - Clean prompt being sent: England, medium shot in mixer tent bar area at Royal Ascot of Black male server in his mid-30s wearing white shirt and black apron, standing at POS terminal with focused expression, fingers on touchscreen, bright LED lighting.
2025-12-03 14:57:21 | DEBUG    | src.api.client:generate_image:91 - Clean prompt repr: 'England, medium shot in mixer tent bar area at Royal Ascot of Black male server in his mid-30s wearing white shirt and black apron, standing at POS terminal with focused expression, fingers on touchscreen, bright LED lighting.'
2025-12-03 14:57:21 | DEBUG    | src.api.client:_call_with_retry:152 - API call attempt 1/3
2025-12-03 14:57:21 | DEBUG    | src.api.client:_call_with_retry:155 - CRITICAL DEBUG - Payload sent to replicate.run: {
  "aspect_ratio": "9:16",
  "output_format": "png",
  "num_images": 1,
  "prompt": "England, medium shot in mixer tent bar area at Royal Ascot of Black male server in his mid-30s wearing white shirt and black apron, standing at POS terminal with focused expression, fingers on touchscreen, bright LED lighting."
}
2025-12-03 14:57:30 | DEBUG    | src.api.client:_call_with_retry:170 - API call successful
2025-12-03 14:57:31 | INFO     | src.output.writer:_save_to_disk:192 - Saved valid image: USER-FILES/05.OUTPUT/251203_145518_IMAGE/roles&responsibilities_of_a_server_with_prompts_015_IMAGE_145730_nano-banano-pro_2k_9x16_droply_1.png
2025-12-03 14:57:31 | DEBUG    | src.output.writer:_save_payload:257 - Saved payload to USER-FILES/05.OUTPUT/251203_145518_IMAGE/roles&responsibilities_of_a_server_with_prompts_015_IMAGE_145730_nano-banano-pro_2k_9x16_droply_1.md
2025-12-03 14:57:31 | INFO     | src.processing.processor:_generate_and_save_image:248 - Saved image: USER-FILES/05.OUTPUT/251203_145518_IMAGE/roles&responsibilities_of_a_server_with_prompts_015_IMAGE_145730_nano-banano-pro_2k_9x16_droply_1.png
2025-12-03 14:57:31 | INFO     | src.processing.discovery:load_prompts:63 - Loaded prompt from roles&responsibilities_of_a_server_with_prompts_016.txt
2025-12-03 14:57:31 | INFO     | src.processing.processor:_process_single_combination:119 - Processing combination 16/23: roles&responsibilities_of_a_server_with_prompts_016.txt + nano-banano-pro_2k_9x16_droply_1
2025-12-03 14:57:31 | DEBUG    | src.processing.processor:_process_with_context:186 - Processing roles&responsibilities_of_a_server_with_prompts_016.txt: England, wide shot in mixer tent at Royal Ascot of...
2025-12-03 14:57:31 | DEBUG    | src.api.client:generate_image:85 - CRITICAL DEBUG - Received params: {
  "aspect_ratio": "9:16",
  "output_format": "png",
  "num_images": 1
}
2025-12-03 14:57:31 | DEBUG    | src.api.client:generate_image:86 - CRITICAL DEBUG - Constructed payload: {
  "aspect_ratio": "9:16",
  "output_format": "png",
  "num_images": 1,
  "prompt": "England, wide shot in mixer tent at Royal Ascot of Middle Eastern female server in her late 20s wearing white shirt and black apron, arranging place settings on table with careful placement, natural tent lighting."
}
2025-12-03 14:57:31 | DEBUG    | src.api.client:generate_image:89 - Original prompt: England, wide shot in mixer tent at Royal Ascot of Middle Eastern female server in her late 20s wearing white shirt and black apron, arranging place settings on table with careful placement, natural tent lighting.
2025-12-03 14:57:31 | DEBUG    | src.api.client:generate_image:90 - Clean prompt being sent: England, wide shot in mixer tent at Royal Ascot of Middle Eastern female server in her late 20s wearing white shirt and black apron, arranging place settings on table with careful placement, natural tent lighting.
2025-12-03 14:57:31 | DEBUG    | src.api.client:generate_image:91 - Clean prompt repr: 'England, wide shot in mixer tent at Royal Ascot of Middle Eastern female server in her late 20s wearing white shirt and black apron, arranging place settings on table with careful placement, natural tent lighting.'
2025-12-03 14:57:31 | DEBUG    | src.api.client:_call_with_retry:152 - API call attempt 1/3
2025-12-03 14:57:31 | DEBUG    | src.api.client:_call_with_retry:155 - CRITICAL DEBUG - Payload sent to replicate.run: {
  "aspect_ratio": "9:16",
  "output_format": "png",
  "num_images": 1,
  "prompt": "England, wide shot in mixer tent at Royal Ascot of Middle Eastern female server in her late 20s wearing white shirt and black apron, arranging place settings on table with careful placement, natural tent lighting."
}
2025-12-03 14:57:39 | DEBUG    | src.api.client:_call_with_retry:170 - API call successful
2025-12-03 14:57:40 | INFO     | src.output.writer:_save_to_disk:192 - Saved valid image: USER-FILES/05.OUTPUT/251203_145518_IMAGE/roles&responsibilities_of_a_server_with_prompts_016_IMAGE_145739_nano-banano-pro_2k_9x16_droply_1.png
2025-12-03 14:57:40 | DEBUG    | src.output.writer:_save_payload:257 - Saved payload to USER-FILES/05.OUTPUT/251203_145518_IMAGE/roles&responsibilities_of_a_server_with_prompts_016_IMAGE_145739_nano-banano-pro_2k_9x16_droply_1.md
2025-12-03 14:57:40 | INFO     | src.processing.processor:_generate_and_save_image:248 - Saved image: USER-FILES/05.OUTPUT/251203_145518_IMAGE/roles&responsibilities_of_a_server_with_prompts_016_IMAGE_145739_nano-banano-pro_2k_9x16_droply_1.png
2025-12-03 14:57:40 | INFO     | src.processing.discovery:load_prompts:63 - Loaded prompt from roles&responsibilities_of_a_server_with_prompts_017.txt
2025-12-03 14:57:40 | INFO     | src.processing.processor:_process_single_combination:119 - Processing combination 17/23: roles&responsibilities_of_a_server_with_prompts_017.txt + nano-banano-pro_2k_9x16_droply_1
2025-12-03 14:57:40 | DEBUG    | src.processing.processor:_process_with_context:186 - Processing roles&responsibilities_of_a_server_with_prompts_017.txt: England, medium shot in mixer tent bar area at Roy...
2025-12-03 14:57:40 | DEBUG    | src.api.client:generate_image:85 - CRITICAL DEBUG - Received params: {
  "aspect_ratio": "9:16",
  "output_format": "png",
  "num_images": 1
}
2025-12-03 14:57:40 | DEBUG    | src.api.client:generate_image:86 - CRITICAL DEBUG - Constructed payload: {
  "aspect_ratio": "9:16",
  "output_format": "png",
  "num_images": 1,
  "prompt": "England, medium shot in mixer tent bar area at Royal Ascot of Hispanic male server in his early 30s wearing white shirt and black apron, carrying stack of clean napkins and placing them in service station, bright clean lighting."
}
2025-12-03 14:57:40 | DEBUG    | src.api.client:generate_image:89 - Original prompt: England, medium shot in mixer tent bar area at Royal Ascot of Hispanic male server in his early 30s wearing white shirt and black apron, carrying stack of clean napkins and placing them in service station, bright clean lighting.
2025-12-03 14:57:40 | DEBUG    | src.api.client:generate_image:90 - Clean prompt being sent: England, medium shot in mixer tent bar area at Royal Ascot of Hispanic male server in his early 30s wearing white shirt and black apron, carrying stack of clean napkins and placing them in service station, bright clean lighting.
2025-12-03 14:57:40 | DEBUG    | src.api.client:generate_image:91 - Clean prompt repr: 'England, medium shot in mixer tent bar area at Royal Ascot of Hispanic male server in his early 30s wearing white shirt and black apron, carrying stack of clean napkins and placing them in service station, bright clean lighting.'
2025-12-03 14:57:40 | DEBUG    | src.api.client:_call_with_retry:152 - API call attempt 1/3
2025-12-03 14:57:40 | DEBUG    | src.api.client:_call_with_retry:155 - CRITICAL DEBUG - Payload sent to replicate.run: {
  "aspect_ratio": "9:16",
  "output_format": "png",
  "num_images": 1,
  "prompt": "England, medium shot in mixer tent bar area at Royal Ascot of Hispanic male server in his early 30s wearing white shirt and black apron, carrying stack of clean napkins and placing them in service station, bright clean lighting."
}
2025-12-03 14:57:47 | DEBUG    | src.api.client:_call_with_retry:170 - API call successful
2025-12-03 14:57:48 | INFO     | src.output.writer:_save_to_disk:192 - Saved valid image: USER-FILES/05.OUTPUT/251203_145518_IMAGE/roles&responsibilities_of_a_server_with_prompts_017_IMAGE_145747_nano-banano-pro_2k_9x16_droply_1.png
2025-12-03 14:57:48 | DEBUG    | src.output.writer:_save_payload:257 - Saved payload to USER-FILES/05.OUTPUT/251203_145518_IMAGE/roles&responsibilities_of_a_server_with_prompts_017_IMAGE_145747_nano-banano-pro_2k_9x16_droply_1.md
2025-12-03 14:57:48 | INFO     | src.processing.processor:_generate_and_save_image:248 - Saved image: USER-FILES/05.OUTPUT/251203_145518_IMAGE/roles&responsibilities_of_a_server_with_prompts_017_IMAGE_145747_nano-banano-pro_2k_9x16_droply_1.png
2025-12-03 14:57:48 | INFO     | src.processing.discovery:load_prompts:63 - Loaded prompt from roles&responsibilities_of_a_server_with_prompts_018.txt
2025-12-03 14:57:48 | INFO     | src.processing.processor:_process_single_combination:119 - Processing combination 18/23: roles&responsibilities_of_a_server_with_prompts_018.txt + nano-banano-pro_2k_9x16_droply_1
2025-12-03 14:57:48 | DEBUG    | src.processing.processor:_process_with_context:186 - Processing roles&responsibilities_of_a_server_with_prompts_018.txt: England, medium shot in mixer tent service station...
2025-12-03 14:57:48 | DEBUG    | src.api.client:generate_image:85 - CRITICAL DEBUG - Received params: {
  "aspect_ratio": "9:16",
  "output_format": "png",
  "num_images": 1
}
2025-12-03 14:57:48 | DEBUG    | src.api.client:generate_image:86 - CRITICAL DEBUG - Constructed payload: {
  "aspect_ratio": "9:16",
  "output_format": "png",
  "num_images": 1,
  "prompt": "England, medium shot in mixer tent service station at Royal Ascot of two servers \u2014 White male and Asian female both in mid-20s wearing white shirts and black aprons \u2014 standing side by side with collaborative posture, natural lighting."
}
2025-12-03 14:57:48 | DEBUG    | src.api.client:generate_image:89 - Original prompt: England, medium shot in mixer tent service station at Royal Ascot of two servers — White male and Asian female both in mid-20s wearing white shirts and black aprons — standing side by side with collaborative posture, natural lighting.
2025-12-03 14:57:48 | DEBUG    | src.api.client:generate_image:90 - Clean prompt being sent: England, medium shot in mixer tent service station at Royal Ascot of two servers — White male and Asian female both in mid-20s wearing white shirts and black aprons — standing side by side with collaborative posture, natural lighting.
2025-12-03 14:57:48 | DEBUG    | src.api.client:generate_image:91 - Clean prompt repr: 'England, medium shot in mixer tent service station at Royal Ascot of two servers — White male and Asian female both in mid-20s wearing white shirts and black aprons — standing side by side with collaborative posture, natural lighting.'
2025-12-03 14:57:48 | DEBUG    | src.api.client:_call_with_retry:152 - API call attempt 1/3
2025-12-03 14:57:48 | DEBUG    | src.api.client:_call_with_retry:155 - CRITICAL DEBUG - Payload sent to replicate.run: {
  "aspect_ratio": "9:16",
  "output_format": "png",
  "num_images": 1,
  "prompt": "England, medium shot in mixer tent service station at Royal Ascot of two servers \u2014 White male and Asian female both in mid-20s wearing white shirts and black aprons \u2014 standing side by side with collaborative posture, natural lighting."
}
2025-12-03 14:57:57 | DEBUG    | src.api.client:_call_with_retry:170 - API call successful
2025-12-03 14:57:58 | INFO     | src.output.writer:_save_to_disk:192 - Saved valid image: USER-FILES/05.OUTPUT/251203_145518_IMAGE/roles&responsibilities_of_a_server_with_prompts_018_IMAGE_145757_nano-banano-pro_2k_9x16_droply_1.png
2025-12-03 14:57:58 | DEBUG    | src.output.writer:_save_payload:257 - Saved payload to USER-FILES/05.OUTPUT/251203_145518_IMAGE/roles&responsibilities_of_a_server_with_prompts_018_IMAGE_145757_nano-banano-pro_2k_9x16_droply_1.md
2025-12-03 14:57:58 | INFO     | src.processing.processor:_generate_and_save_image:248 - Saved image: USER-FILES/05.OUTPUT/251203_145518_IMAGE/roles&responsibilities_of_a_server_with_prompts_018_IMAGE_145757_nano-banano-pro_2k_9x16_droply_1.png
2025-12-03 14:57:58 | INFO     | src.processing.discovery:load_prompts:63 - Loaded prompt from roles&responsibilities_of_a_server_with_prompts_019.txt
2025-12-03 14:57:58 | INFO     | src.processing.processor:_process_single_combination:119 - Processing combination 19/23: roles&responsibilities_of_a_server_with_prompts_019.txt + nano-banano-pro_2k_9x16_droply_1
2025-12-03 14:57:58 | DEBUG    | src.processing.processor:_process_with_context:186 - Processing roles&responsibilities_of_a_server_with_prompts_019.txt: England, medium shot in mixer tent at Royal Ascot ...
2025-12-03 14:57:58 | DEBUG    | src.api.client:generate_image:85 - CRITICAL DEBUG - Received params: {
  "aspect_ratio": "9:16",
  "output_format": "png",
  "num_images": 1
}
2025-12-03 14:57:58 | DEBUG    | src.api.client:generate_image:86 - CRITICAL DEBUG - Constructed payload: {
  "aspect_ratio": "9:16",
  "output_format": "png",
  "num_images": 1,
  "prompt": "England, medium shot in mixer tent at Royal Ascot of Mixed-race female server in her late 20s wearing white shirt and black apron, helping Black male colleague carry drinks and snacks, both with focused expressions, soft diffused lighting."
}
2025-12-03 14:57:58 | DEBUG    | src.api.client:generate_image:89 - Original prompt: England, medium shot in mixer tent at Royal Ascot of Mixed-race female server in her late 20s wearing white shirt and black apron, helping Black male colleague carry drinks and snacks, both with focused expressions, soft diffused lighting.
2025-12-03 14:57:58 | DEBUG    | src.api.client:generate_image:90 - Clean prompt being sent: England, medium shot in mixer tent at Royal Ascot of Mixed-race female server in her late 20s wearing white shirt and black apron, helping Black male colleague carry drinks and snacks, both with focused expressions, soft diffused lighting.
2025-12-03 14:57:58 | DEBUG    | src.api.client:generate_image:91 - Clean prompt repr: 'England, medium shot in mixer tent at Royal Ascot of Mixed-race female server in her late 20s wearing white shirt and black apron, helping Black male colleague carry drinks and snacks, both with focused expressions, soft diffused lighting.'
2025-12-03 14:57:58 | DEBUG    | src.api.client:_call_with_retry:152 - API call attempt 1/3
2025-12-03 14:57:58 | DEBUG    | src.api.client:_call_with_retry:155 - CRITICAL DEBUG - Payload sent to replicate.run: {
  "aspect_ratio": "9:16",
  "output_format": "png",
  "num_images": 1,
  "prompt": "England, medium shot in mixer tent at Royal Ascot of Mixed-race female server in her late 20s wearing white shirt and black apron, helping Black male colleague carry drinks and snacks, both with focused expressions, soft diffused lighting."
}
2025-12-03 14:58:05 | DEBUG    | src.api.client:_call_with_retry:170 - API call successful
2025-12-03 14:58:07 | INFO     | src.output.writer:_save_to_disk:192 - Saved valid image: USER-FILES/05.OUTPUT/251203_145518_IMAGE/roles&responsibilities_of_a_server_with_prompts_019_IMAGE_145805_nano-banano-pro_2k_9x16_droply_1.png
2025-12-03 14:58:07 | DEBUG    | src.output.writer:_save_payload:257 - Saved payload to USER-FILES/05.OUTPUT/251203_145518_IMAGE/roles&responsibilities_of_a_server_with_prompts_019_IMAGE_145805_nano-banano-pro_2k_9x16_droply_1.md
2025-12-03 14:58:07 | INFO     | src.processing.processor:_generate_and_save_image:248 - Saved image: USER-FILES/05.OUTPUT/251203_145518_IMAGE/roles&responsibilities_of_a_server_with_prompts_019_IMAGE_145805_nano-banano-pro_2k_9x16_droply_1.png
2025-12-03 14:58:07 | INFO     | src.processing.discovery:load_prompts:63 - Loaded prompt from roles&responsibilities_of_a_server_with_prompts_020.txt
2025-12-03 14:58:07 | INFO     | src.processing.processor:_process_single_combination:119 - Processing combination 20/23: roles&responsibilities_of_a_server_with_prompts_020.txt + nano-banano-pro_2k_9x16_droply_1
2025-12-03 14:58:07 | DEBUG    | src.processing.processor:_process_with_context:186 - Processing roles&responsibilities_of_a_server_with_prompts_020.txt: England, medium shot at mixer tent service window ...
2025-12-03 14:58:07 | DEBUG    | src.api.client:generate_image:85 - CRITICAL DEBUG - Received params: {
  "aspect_ratio": "9:16",
  "output_format": "png",
  "num_images": 1
}
2025-12-03 14:58:07 | DEBUG    | src.api.client:generate_image:86 - CRITICAL DEBUG - Constructed payload: {
  "aspect_ratio": "9:16",
  "output_format": "png",
  "num_images": 1,
  "prompt": "England, medium shot at mixer tent service window at Royal Ascot of White male server in his early 30s wearing white shirt and black apron, reaching for drinks and snacks from service window with attentive expression, bright LED lighting."
}
2025-12-03 14:58:07 | DEBUG    | src.api.client:generate_image:89 - Original prompt: England, medium shot at mixer tent service window at Royal Ascot of White male server in his early 30s wearing white shirt and black apron, reaching for drinks and snacks from service window with attentive expression, bright LED lighting.
2025-12-03 14:58:07 | DEBUG    | src.api.client:generate_image:90 - Clean prompt being sent: England, medium shot at mixer tent service window at Royal Ascot of White male server in his early 30s wearing white shirt and black apron, reaching for drinks and snacks from service window with attentive expression, bright LED lighting.
2025-12-03 14:58:07 | DEBUG    | src.api.client:generate_image:91 - Clean prompt repr: 'England, medium shot at mixer tent service window at Royal Ascot of White male server in his early 30s wearing white shirt and black apron, reaching for drinks and snacks from service window with attentive expression, bright LED lighting.'
2025-12-03 14:58:07 | DEBUG    | src.api.client:_call_with_retry:152 - API call attempt 1/3
2025-12-03 14:58:07 | DEBUG    | src.api.client:_call_with_retry:155 - CRITICAL DEBUG - Payload sent to replicate.run: {
  "aspect_ratio": "9:16",
  "output_format": "png",
  "num_images": 1,
  "prompt": "England, medium shot at mixer tent service window at Royal Ascot of White male server in his early 30s wearing white shirt and black apron, reaching for drinks and snacks from service window with attentive expression, bright LED lighting."
}
2025-12-03 14:58:14 | DEBUG    | src.api.client:_call_with_retry:170 - API call successful
2025-12-03 14:58:15 | INFO     | src.output.writer:_save_to_disk:192 - Saved valid image: USER-FILES/05.OUTPUT/251203_145518_IMAGE/roles&responsibilities_of_a_server_with_prompts_020_IMAGE_145814_nano-banano-pro_2k_9x16_droply_1.png
2025-12-03 14:58:15 | DEBUG    | src.output.writer:_save_payload:257 - Saved payload to USER-FILES/05.OUTPUT/251203_145518_IMAGE/roles&responsibilities_of_a_server_with_prompts_020_IMAGE_145814_nano-banano-pro_2k_9x16_droply_1.md
2025-12-03 14:58:15 | INFO     | src.processing.processor:_generate_and_save_image:248 - Saved image: USER-FILES/05.OUTPUT/251203_145518_IMAGE/roles&responsibilities_of_a_server_with_prompts_020_IMAGE_145814_nano-banano-pro_2k_9x16_droply_1.png
2025-12-03 14:58:15 | INFO     | src.processing.discovery:load_prompts:63 - Loaded prompt from roles&responsibilities_of_a_server_with_prompts_021.txt
2025-12-03 14:58:15 | INFO     | src.processing.processor:_process_single_combination:119 - Processing combination 21/23: roles&responsibilities_of_a_server_with_prompts_021.txt + nano-banano-pro_2k_9x16_droply_1
2025-12-03 14:58:15 | DEBUG    | src.processing.processor:_process_with_context:186 - Processing roles&responsibilities_of_a_server_with_prompts_021.txt: England, full-length shot in mixer tent at Royal A...
2025-12-03 14:58:15 | DEBUG    | src.api.client:generate_image:85 - CRITICAL DEBUG - Received params: {
  "aspect_ratio": "9:16",
  "output_format": "png",
  "num_images": 1
}
2025-12-03 14:58:15 | DEBUG    | src.api.client:generate_image:86 - CRITICAL DEBUG - Constructed payload: {
  "aspect_ratio": "9:16",
  "output_format": "png",
  "num_images": 1,
  "prompt": "England, full-length shot in mixer tent at Royal Ascot of Hispanic female server in her mid-20s wearing crisp white shirt, pressed black trousers, black apron, and bow tie, standing with confident posture and subtle smile, natural tent lighting, deep focus."
}
2025-12-03 14:58:15 | DEBUG    | src.api.client:generate_image:89 - Original prompt: England, full-length shot in mixer tent at Royal Ascot of Hispanic female server in her mid-20s wearing crisp white shirt, pressed black trousers, black apron, and bow tie, standing with confident posture and subtle smile, natural tent lighting, deep focus.
2025-12-03 14:58:15 | DEBUG    | src.api.client:generate_image:90 - Clean prompt being sent: England, full-length shot in mixer tent at Royal Ascot of Hispanic female server in her mid-20s wearing crisp white shirt, pressed black trousers, black apron, and bow tie, standing with confident posture and subtle smile, natural tent lighting, deep focus.
2025-12-03 14:58:15 | DEBUG    | src.api.client:generate_image:91 - Clean prompt repr: 'England, full-length shot in mixer tent at Royal Ascot of Hispanic female server in her mid-20s wearing crisp white shirt, pressed black trousers, black apron, and bow tie, standing with confident posture and subtle smile, natural tent lighting, deep focus.'
2025-12-03 14:58:15 | DEBUG    | src.api.client:_call_with_retry:152 - API call attempt 1/3
2025-12-03 14:58:15 | DEBUG    | src.api.client:_call_with_retry:155 - CRITICAL DEBUG - Payload sent to replicate.run: {
  "aspect_ratio": "9:16",
  "output_format": "png",
  "num_images": 1,
  "prompt": "England, full-length shot in mixer tent at Royal Ascot of Hispanic female server in her mid-20s wearing crisp white shirt, pressed black trousers, black apron, and bow tie, standing with confident posture and subtle smile, natural tent lighting, deep focus."
}
2025-12-03 14:58:23 | DEBUG    | src.api.client:_call_with_retry:170 - API call successful
2025-12-03 14:58:24 | INFO     | src.output.writer:_save_to_disk:192 - Saved valid image: USER-FILES/05.OUTPUT/251203_145518_IMAGE/roles&responsibilities_of_a_server_with_prompts_021_IMAGE_145823_nano-banano-pro_2k_9x16_droply_1.png
2025-12-03 14:58:24 | DEBUG    | src.output.writer:_save_payload:257 - Saved payload to USER-FILES/05.OUTPUT/251203_145518_IMAGE/roles&responsibilities_of_a_server_with_prompts_021_IMAGE_145823_nano-banano-pro_2k_9x16_droply_1.md
2025-12-03 14:58:24 | INFO     | src.processing.processor:_generate_and_save_image:248 - Saved image: USER-FILES/05.OUTPUT/251203_145518_IMAGE/roles&responsibilities_of_a_server_with_prompts_021_IMAGE_145823_nano-banano-pro_2k_9x16_droply_1.png
2025-12-03 14:58:24 | INFO     | src.processing.discovery:load_prompts:63 - Loaded prompt from roles&responsibilities_of_a_server_with_prompts_022.txt
2025-12-03 14:58:24 | INFO     | src.processing.processor:_process_single_combination:119 - Processing combination 22/23: roles&responsibilities_of_a_server_with_prompts_022.txt + nano-banano-pro_2k_9x16_droply_1
2025-12-03 14:58:24 | DEBUG    | src.processing.processor:_process_with_context:186 - Processing roles&responsibilities_of_a_server_with_prompts_022.txt: England, medium shot in mixer tent at Royal Ascot ...
2025-12-03 14:58:24 | DEBUG    | src.api.client:generate_image:85 - CRITICAL DEBUG - Received params: {
  "aspect_ratio": "9:16",
  "output_format": "png",
  "num_images": 1
}
2025-12-03 14:58:24 | DEBUG    | src.api.client:generate_image:86 - CRITICAL DEBUG - Constructed payload: {
  "aspect_ratio": "9:16",
  "output_format": "png",
  "num_images": 1,
  "prompt": "England, medium shot in mixer tent at Royal Ascot of Asian male server in his late 20s wearing white shirt and black apron, standing beside table with guests displaying satisfied expressions, warm ambient lighting."
}
2025-12-03 14:58:24 | DEBUG    | src.api.client:generate_image:89 - Original prompt: England, medium shot in mixer tent at Royal Ascot of Asian male server in his late 20s wearing white shirt and black apron, standing beside table with guests displaying satisfied expressions, warm ambient lighting.
2025-12-03 14:58:24 | DEBUG    | src.api.client:generate_image:90 - Clean prompt being sent: England, medium shot in mixer tent at Royal Ascot of Asian male server in his late 20s wearing white shirt and black apron, standing beside table with guests displaying satisfied expressions, warm ambient lighting.
2025-12-03 14:58:24 | DEBUG    | src.api.client:generate_image:91 - Clean prompt repr: 'England, medium shot in mixer tent at Royal Ascot of Asian male server in his late 20s wearing white shirt and black apron, standing beside table with guests displaying satisfied expressions, warm ambient lighting.'
2025-12-03 14:58:24 | DEBUG    | src.api.client:_call_with_retry:152 - API call attempt 1/3
2025-12-03 14:58:24 | DEBUG    | src.api.client:_call_with_retry:155 - CRITICAL DEBUG - Payload sent to replicate.run: {
  "aspect_ratio": "9:16",
  "output_format": "png",
  "num_images": 1,
  "prompt": "England, medium shot in mixer tent at Royal Ascot of Asian male server in his late 20s wearing white shirt and black apron, standing beside table with guests displaying satisfied expressions, warm ambient lighting."
}
2025-12-03 14:58:32 | DEBUG    | src.api.client:_call_with_retry:170 - API call successful
2025-12-03 14:58:34 | INFO     | src.output.writer:_save_to_disk:192 - Saved valid image: USER-FILES/05.OUTPUT/251203_145518_IMAGE/roles&responsibilities_of_a_server_with_prompts_022_IMAGE_145832_nano-banano-pro_2k_9x16_droply_1.png
2025-12-03 14:58:34 | DEBUG    | src.output.writer:_save_payload:257 - Saved payload to USER-FILES/05.OUTPUT/251203_145518_IMAGE/roles&responsibilities_of_a_server_with_prompts_022_IMAGE_145832_nano-banano-pro_2k_9x16_droply_1.md
2025-12-03 14:58:34 | INFO     | src.processing.processor:_generate_and_save_image:248 - Saved image: USER-FILES/05.OUTPUT/251203_145518_IMAGE/roles&responsibilities_of_a_server_with_prompts_022_IMAGE_145832_nano-banano-pro_2k_9x16_droply_1.png
2025-12-03 14:58:34 | INFO     | src.processing.discovery:load_prompts:63 - Loaded prompt from roles&responsibilities_of_a_server_with_prompts_023.txt
2025-12-03 14:58:34 | INFO     | src.processing.processor:_process_single_combination:119 - Processing combination 23/23: roles&responsibilities_of_a_server_with_prompts_023.txt + nano-banano-pro_2k_9x16_droply_1
2025-12-03 14:58:34 | DEBUG    | src.processing.processor:_process_with_context:186 - Processing roles&responsibilities_of_a_server_with_prompts_023.txt: England, wide shot in mixer tent at Royal Ascot of...
2025-12-03 14:58:34 | DEBUG    | src.api.client:generate_image:85 - CRITICAL DEBUG - Received params: {
  "aspect_ratio": "9:16",
  "output_format": "png",
  "num_images": 1
}
2025-12-03 14:58:34 | DEBUG    | src.api.client:generate_image:86 - CRITICAL DEBUG - Constructed payload: {
  "aspect_ratio": "9:16",
  "output_format": "png",
  "num_images": 1,
  "prompt": "England, wide shot in mixer tent at Royal Ascot of diverse guests at tables with Black female server in her early 30s wearing white shirt and black apron moving through mixer tent serving drinks and snacks with subtle smile, creating welcoming environment, soft diffused lighting, shallow depth of field."
}
2025-12-03 14:58:34 | DEBUG    | src.api.client:generate_image:89 - Original prompt: England, wide shot in mixer tent at Royal Ascot of diverse guests at tables with Black female server in her early 30s wearing white shirt and black apron moving through mixer tent serving drinks and snacks with subtle smile, creating welcoming environment, soft diffused lighting, shallow depth of field.
2025-12-03 14:58:34 | DEBUG    | src.api.client:generate_image:90 - Clean prompt being sent: England, wide shot in mixer tent at Royal Ascot of diverse guests at tables with Black female server in her early 30s wearing white shirt and black apron moving through mixer tent serving drinks and snacks with subtle smile, creating welcoming environment, soft diffused lighting, shallow depth of field.
2025-12-03 14:58:34 | DEBUG    | src.api.client:generate_image:91 - Clean prompt repr: 'England, wide shot in mixer tent at Royal Ascot of diverse guests at tables with Black female server in her early 30s wearing white shirt and black apron moving through mixer tent serving drinks and snacks with subtle smile, creating welcoming environment, soft diffused lighting, shallow depth of field.'
2025-12-03 14:58:34 | DEBUG    | src.api.client:_call_with_retry:152 - API call attempt 1/3
2025-12-03 14:58:34 | DEBUG    | src.api.client:_call_with_retry:155 - CRITICAL DEBUG - Payload sent to replicate.run: {
  "aspect_ratio": "9:16",
  "output_format": "png",
  "num_images": 1,
  "prompt": "England, wide shot in mixer tent at Royal Ascot of diverse guests at tables with Black female server in her early 30s wearing white shirt and black apron moving through mixer tent serving drinks and snacks with subtle smile, creating welcoming environment, soft diffused lighting, shallow depth of field."
}
2025-12-03 14:58:41 | DEBUG    | src.api.client:_call_with_retry:170 - API call successful
2025-12-03 14:58:42 | INFO     | src.output.writer:_save_to_disk:192 - Saved valid image: USER-FILES/05.OUTPUT/251203_145518_IMAGE/roles&responsibilities_of_a_server_with_prompts_023_IMAGE_145841_nano-banano-pro_2k_9x16_droply_1.png
2025-12-03 14:58:42 | DEBUG    | src.output.writer:_save_payload:257 - Saved payload to USER-FILES/05.OUTPUT/251203_145518_IMAGE/roles&responsibilities_of_a_server_with_prompts_023_IMAGE_145841_nano-banano-pro_2k_9x16_droply_1.md
2025-12-03 14:58:42 | INFO     | src.processing.processor:_generate_and_save_image:248 - Saved image: USER-FILES/05.OUTPUT/251203_145518_IMAGE/roles&responsibilities_of_a_server_with_prompts_023_IMAGE_145841_nano-banano-pro_2k_9x16_droply_1.png
2025-12-03 14:58:42 | INFO     | src.processing.discovery:load_prompts:63 - Loaded prompt from roles&responsibilities_of_a_server_with_prompts_001.txt
2025-12-03 14:58:42 | INFO     | src.processing.discovery:load_prompts:63 - Loaded prompt from roles&responsibilities_of_a_server_with_prompts_002.txt
2025-12-03 14:58:42 | INFO     | src.processing.discovery:load_prompts:63 - Loaded prompt from roles&responsibilities_of_a_server_with_prompts_003.txt
2025-12-03 14:58:42 | INFO     | src.processing.discovery:load_prompts:63 - Loaded prompt from roles&responsibilities_of_a_server_with_prompts_004.txt
2025-12-03 14:58:42 | INFO     | src.processing.discovery:load_prompts:63 - Loaded prompt from roles&responsibilities_of_a_server_with_prompts_005.txt
2025-12-03 14:58:42 | INFO     | src.processing.discovery:load_prompts:63 - Loaded prompt from roles&responsibilities_of_a_server_with_prompts_006.txt
2025-12-03 14:58:42 | INFO     | src.processing.discovery:load_prompts:63 - Loaded prompt from roles&responsibilities_of_a_server_with_prompts_007.txt
2025-12-03 14:58:42 | INFO     | src.processing.discovery:load_prompts:63 - Loaded prompt from roles&responsibilities_of_a_server_with_prompts_008.txt
2025-12-03 14:58:42 | INFO     | src.processing.discovery:load_prompts:63 - Loaded prompt from roles&responsibilities_of_a_server_with_prompts_009.txt
2025-12-03 14:58:42 | INFO     | src.processing.discovery:load_prompts:63 - Loaded prompt from roles&responsibilities_of_a_server_with_prompts_010.txt
2025-12-03 14:58:42 | INFO     | src.processing.discovery:load_prompts:63 - Loaded prompt from roles&responsibilities_of_a_server_with_prompts_011.txt
2025-12-03 14:58:42 | INFO     | src.processing.discovery:load_prompts:63 - Loaded prompt from roles&responsibilities_of_a_server_with_prompts_012.txt
2025-12-03 14:58:42 | INFO     | src.processing.discovery:load_prompts:63 - Loaded prompt from roles&responsibilities_of_a_server_with_prompts_013.txt
2025-12-03 14:58:42 | INFO     | src.processing.discovery:load_prompts:63 - Loaded prompt from roles&responsibilities_of_a_server_with_prompts_014.txt
2025-12-03 14:58:42 | INFO     | src.processing.discovery:load_prompts:63 - Loaded prompt from roles&responsibilities_of_a_server_with_prompts_015.txt
2025-12-03 14:58:42 | INFO     | src.processing.discovery:load_prompts:63 - Loaded prompt from roles&responsibilities_of_a_server_with_prompts_016.txt
2025-12-03 14:58:42 | INFO     | src.processing.discovery:load_prompts:63 - Loaded prompt from roles&responsibilities_of_a_server_with_prompts_017.txt
2025-12-03 14:58:42 | INFO     | src.processing.discovery:load_prompts:63 - Loaded prompt from roles&responsibilities_of_a_server_with_prompts_018.txt
2025-12-03 14:58:42 | INFO     | src.processing.discovery:load_prompts:63 - Loaded prompt from roles&responsibilities_of_a_server_with_prompts_019.txt
2025-12-03 14:58:42 | INFO     | src.processing.discovery:load_prompts:63 - Loaded prompt from roles&responsibilities_of_a_server_with_prompts_020.txt
2025-12-03 14:58:42 | INFO     | src.processing.discovery:load_prompts:63 - Loaded prompt from roles&responsibilities_of_a_server_with_prompts_021.txt
2025-12-03 14:58:42 | INFO     | src.processing.discovery:load_prompts:63 - Loaded prompt from roles&responsibilities_of_a_server_with_prompts_022.txt
2025-12-03 14:58:42 | INFO     | src.processing.discovery:load_prompts:63 - Loaded prompt from roles&responsibilities_of_a_server_with_prompts_023.txt
2025-12-03 14:58:42 | INFO     | src.output.writer:write_report:293 - Report saved: USER-FILES/05.OUTPUT/251203_145518_IMAGE/SUCCESS.md
2025-12-03 14:58:42 | INFO     | src.output.writer:write_report:293 - Report saved: USER-FILES/05.OUTPUT/251203_145518_IMAGE/COST-REPORT.md
2025-12-03 14:58:42 | INFO     | src.output.reporter:_save_success_reports:62 - Reports saved successfully
2025-12-03 14:58:42 | SUCCESS  | __main__:generate_final_reports:264 - ✅ Completed successfully! Generated 23 images
