2026-01-21 16:09:47 | INFO     | src.utils.logging:setup_logging:39 - Logging configured (verbose=False, debug=False)
2026-01-21 16:09:47 | INFO     | __main__:setup_environment:79 - Environment initialized
2026-01-21 16:09:47 | INFO     | __main__:load_and_validate_config:84 - Loading configuration...
2026-01-21 16:09:47 | INFO     | src.config.loader:load_config:45 - Loaded configuration from USER-FILES/01.CONFIG/config.yaml
2026-01-21 16:09:47 | INFO     | __main__:authenticate_for_mode:273 - Authenticating with 1Password...
2026-01-21 16:09:52 | INFO     | src.auth.session_manager:ensure_op_auth:42 - 🔐 1Password authentication required...
2026-01-21 16:09:52 | SUCCESS  | src.auth.session_manager:ensure_op_auth:68 - ✅ 1Password authentication successful
2026-01-21 16:09:53 | DEBUG    | src.auth.session_manager:ensure_op_auth:39 - 1Password session is active
2026-01-21 16:09:53 | DEBUG    | src.auth.auth:load_auth_config:28 - Using auth config: auth_ruben.yaml
2026-01-21 16:09:54 | DEBUG    | src.auth.auth:get_api_key:77 - Retrieved API key: r8_K...
2026-01-21 16:09:54 | INFO     | __main__:discover_inputs_and_profiles:92 - Discovering inputs...
2026-01-21 16:09:54 | DEBUG    | src.processing.discovery:discover_prompt_files:42 - Found markdown file: frame_2144.md
2026-01-21 16:09:54 | INFO     | src.processing.discovery:discover_prompt_files:47 - Discovered 1 markdown files
2026-01-21 16:09:54 | DEBUG    | src.processing.discovery:discover_profiles:98 - Loaded profile: USER-FILES/03.PROFILES/WALTZ_TEST_nano-banana.yaml
2026-01-21 16:09:54 | DEBUG    | src.processing.discovery:discover_profiles:98 - Loaded profile: USER-FILES/03.PROFILES/WALTZ_OF_BASHIR_lebanon.yaml
2026-01-21 16:09:54 | INFO     | src.processing.discovery:discover_profiles:102 - Loaded 2 profiles
2026-01-21 16:09:54 | INFO     | src.processing.discovery:get_active_models:150 - Found profile: WALTZ_TEST_nano-banana
2026-01-21 16:09:54 | INFO     | src.processing.discovery:get_active_models:150 - Found profile: WALTZ_OF_BASHIR_lebanon
2026-01-21 16:09:54 | INFO     | src.processing.discovery:get_active_models:155 - Total profiles to process: 2
2026-01-21 16:09:54 | INFO     | src.config.validator:validate_all:25 - All configuration validation passed
2026-01-21 16:09:54 | INFO     | __main__:initialize_services:186 - Output directory: USER-FILES/05.OUTPUT/260121_160954_IMAGE
2026-01-21 16:09:54 | INFO     | __main__:execute_processing:221 - Starting matrix processing...
2026-01-21 16:09:54 | DEBUG    | src.processing.validator:validate_operational_requirements:30 - Profile 'WALTZ_TEST_nano-banana' operational validation passed
2026-01-21 16:09:54 | DEBUG    | src.processing.validator:validate_operational_requirements:30 - Profile 'WALTZ_OF_BASHIR_lebanon' operational validation passed
2026-01-21 16:09:54 | INFO     | src.processing.processor:process_all:67 - Processing 2 combinations (1 files × 2 profiles)
2026-01-21 16:09:55 | DEBUG    | src.processing.processor:_process_single_combination:133 - Extracted image URL from markdown: https://f003.backblazeb2.com/file/wbt-bucket/generic_israel/frame_2144.jpg
2026-01-21 16:09:55 | INFO     | src.processing.discovery:load_prompts:66 - Extracted prompt from frame_2144.md
2026-01-21 16:09:55 | INFO     | src.processing.processor:_process_single_combination:142 - Processing combination 1/1: frame_2144.md + WALTZ_TEST_nano-banana
2026-01-21 16:09:55 | DEBUG    | src.processing.processor:_process_single_combination:164 - Built image_input array with 1 URL(s): ['https://f003.backblazeb2.com/file/wbt-bucket/generic_israel/frame_2144.jpg']
2026-01-21 16:09:55 | DEBUG    | src.processing.processor:_apply_prompt_fixes:236 - Added prefix to prompt: Create an exact, photorealistic version of the provided drawing. The drawing is suppose to depict a scene from 1982 civil war in Lebanon war. The drawing shows 
2026-01-21 16:09:55 | DEBUG    | src.processing.processor:_apply_prompt_fixes:240 - Added suffix to prompt: The created image should look like it was shot on 35mm film by Roger Deakins.
2026-01-21 16:09:55 | DEBUG    | src.processing.processor:_process_with_context:216 - Processing frame_2144.md: Create an exact, photorealistic version of the pro...
2026-01-21 16:09:55 | DEBUG    | src.api.client:generate_image:83 - Payload: {
  "num_images": 1,
  "aspect_ratio": "16:9",
  "output_format": "png",
  "resolution": "2K",
  "safety_filter_level": "block_only_high",
  "image_input": [
    "https://f003.backblazeb2.com/file/wbt-bucket/generic_israel/frame_2144.jpg"
  ],
  "prompt": "Create an exact, photorealistic version of the provided drawing. The drawing is suppose to depict a scene from 1982 civil war in Lebanon war. The drawing shows  A murky scene of an Israeli soldier firing a rifle in a dim urban setting, with dappled sunlight. Shells come out of the rifle and land on the ground as he fires away. Behind him are the war-torn Beirut building. The created image should look like it was shot on 35mm film by Roger Deakins."
}
2026-01-21 16:09:55 | DEBUG    | src.api.client:_call_with_retry:128 - API call attempt 1/3
2026-01-21 16:09:56 | INFO     | src.api.client:_call_with_retry:131 - Created prediction: vz9kpdzvpsrmt0cvw3hsk858e4
2026-01-21 16:09:56 | DEBUG    | src.api.client:_poll_for_result:257 - Prediction status: starting
2026-01-21 16:09:57 | DEBUG    | src.api.client:_poll_for_result:257 - Prediction status: processing
2026-01-21 16:09:59 | DEBUG    | src.api.client:_poll_for_result:257 - Prediction status: processing
2026-01-21 16:10:02 | DEBUG    | src.api.client:_poll_for_result:257 - Prediction status: processing
2026-01-21 16:10:05 | DEBUG    | src.api.client:_poll_for_result:257 - Prediction status: succeeded
2026-01-21 16:10:05 | DEBUG    | src.api.client:_call_with_retry:140 - API call successful
2026-01-21 16:10:06 | INFO     | src.output.writer:_save_to_disk:203 - Saved valid image: USER-FILES/05.OUTPUT/260121_160954_IMAGE/frame_2144-260121_161005.png
2026-01-21 16:10:06 | DEBUG    | src.output.writer:_save_payload:270 - Saved payload to USER-FILES/05.OUTPUT/260121_160954_IMAGE/frame_2144-260121_161005.md
2026-01-21 16:10:06 | INFO     | src.processing.processor:_generate_and_save_image:277 - Saved image: USER-FILES/05.OUTPUT/260121_160954_IMAGE/frame_2144-260121_161005.png
2026-01-21 16:10:06 | INFO     | src.processing.processor:_process_with_context:227 - Waiting 1.0 seconds before next request
2026-01-21 16:10:07 | DEBUG    | src.processing.processor:_process_single_combination:133 - Extracted image URL from markdown: https://f003.backblazeb2.com/file/wbt-bucket/generic_israel/frame_2144.jpg
2026-01-21 16:10:07 | INFO     | src.processing.discovery:load_prompts:66 - Extracted prompt from frame_2144.md
2026-01-21 16:10:07 | INFO     | src.processing.processor:_process_single_combination:142 - Processing combination 2/1: frame_2144.md + WALTZ_OF_BASHIR_lebanon
2026-01-21 16:10:07 | DEBUG    | src.processing.processor:_process_single_combination:164 - Built image_input array with 1 URL(s): ['https://f003.backblazeb2.com/file/wbt-bucket/generic_israel/frame_2144.jpg']
2026-01-21 16:10:07 | DEBUG    | src.processing.processor:_apply_prompt_fixes:236 - Added prefix to prompt: Create an exact, photorealistic version of the provided drawing. The drawing is suppose to depict a scene from 1982 civil war in Lebanon war. The drawing shows 
2026-01-21 16:10:07 | DEBUG    | src.processing.processor:_apply_prompt_fixes:240 - Added suffix to prompt: The created image should look like it was shot on 35mm film by Roger Deakins.
2026-01-21 16:10:07 | DEBUG    | src.processing.processor:_process_with_context:216 - Processing frame_2144.md: Create an exact, photorealistic version of the pro...
2026-01-21 16:10:07 | DEBUG    | src.api.client:generate_image:83 - Payload: {
  "num_images": 1,
  "aspect_ratio": "16:9",
  "output_format": "png",
  "resolution": "2K",
  "safety_filter_level": "block_only_high",
  "image_input": [
    "https://f003.backblazeb2.com/file/wbt-bucket/generic_israel/frame_2144.jpg"
  ],
  "prompt": "Create an exact, photorealistic version of the provided drawing. The drawing is suppose to depict a scene from 1982 civil war in Lebanon war. The drawing shows  A murky scene of an Israeli soldier firing a rifle in a dim urban setting, with dappled sunlight. Shells come out of the rifle and land on the ground as he fires away. Behind him are the war-torn Beirut building. The created image should look like it was shot on 35mm film by Roger Deakins."
}
2026-01-21 16:10:07 | DEBUG    | src.api.client:_call_with_retry:128 - API call attempt 1/3
2026-01-21 16:10:08 | INFO     | src.api.client:_call_with_retry:131 - Created prediction: s5h0n71bk9rmt0cvw3j8r9vnzr
2026-01-21 16:10:08 | DEBUG    | src.api.client:_poll_for_result:257 - Prediction status: starting
2026-01-21 16:10:09 | DEBUG    | src.api.client:_poll_for_result:257 - Prediction status: starting
2026-01-21 16:10:11 | DEBUG    | src.api.client:_poll_for_result:257 - Prediction status: starting
2026-01-21 16:10:14 | DEBUG    | src.api.client:_poll_for_result:257 - Prediction status: starting
2026-01-21 16:10:17 | DEBUG    | src.api.client:_poll_for_result:257 - Prediction status: starting
2026-01-21 16:10:23 | DEBUG    | src.api.client:_poll_for_result:257 - Prediction status: starting
2026-01-21 16:10:31 | DEBUG    | src.api.client:_poll_for_result:257 - Prediction status: starting
2026-01-21 16:10:41 | DEBUG    | src.api.client:_poll_for_result:257 - Prediction status: starting
