2025-09-15 08:45:37 | INFO     | src.utils.logging:setup_logging:39 - Logging configured (verbose=False, debug=True)
2025-09-15 08:45:37 | INFO     | __main__:setup_environment:77 - Environment initialized
2025-09-15 08:45:37 | INFO     | __main__:load_and_validate_config:82 - Loading configuration...
2025-09-15 08:45:37 | INFO     | src.config.loader:load_config:42 - Loaded configuration from USER-FILES/01.CONFIG/config.yaml
2025-09-15 08:45:37 | INFO     | __main__:main:309 - Authenticating...
2025-09-15 08:45:37 | DEBUG    | src.auth.env:get_replicate_api_key_from_env:19 - Loaded environment from /Users/ruben/08_-_DEVELOPMENT/ISOF_IMAGE_WORKFLOW/text-to-image_tool/.env
2025-09-15 08:45:37 | INFO     | src.auth.env:get_replicate_api_key_from_env:25 - Successfully retrieved Replicate API token from environment
2025-09-15 08:45:37 | INFO     | __main__:discover_inputs_and_profiles:90 - Discovering inputs...
2025-09-15 08:45:37 | DEBUG    | src.processing.discovery:discover_prompt_files:40 - Found prompt file: test_prompt.txt
2025-09-15 08:45:37 | DEBUG    | src.processing.discovery:discover_prompt_files:40 - Found prompt file: line_0015.txt
2025-09-15 08:45:37 | INFO     | src.processing.discovery:discover_prompt_files:45 - Discovered 2 prompt files
2025-09-15 08:45:37 | DEBUG    | src.processing.discovery:discover_profiles:93 - Loaded profile: USER-FILES/03.PROFILES/flux-schnell.yaml
2025-09-15 08:45:37 | DEBUG    | src.processing.discovery:discover_profiles:93 - Loaded profile: USER-FILES/03.PROFILES/test-flux.yaml
2025-09-15 08:45:37 | INFO     | src.processing.discovery:discover_profiles:97 - Loaded 2 profiles
2025-09-15 08:45:37 | INFO     | src.processing.discovery:get_active_models:133 - Found profile: flux-schnell
2025-09-15 08:45:37 | INFO     | src.processing.discovery:get_active_models:133 - Found profile: test-flux
2025-09-15 08:45:37 | INFO     | src.processing.discovery:get_active_models:138 - Total profiles to process: 2
2025-09-15 08:45:37 | ERROR    | __main__:handle_error:276 - Fatal error: Configuration is empty
2025-09-15 08:45:37 | ERROR    | __main__:handle_error:289 - Full traceback:
Traceback (most recent call last):

  File "/Library/Developer/CommandLineTools/Library/Frameworks/Python3.framework/Versions/3.9/lib/python3.9/runpy.py", line 197, in _run_module_as_main
    return _run_code(code, main_globals, None,
           │         │     └ {'__name__': '__main__', '__doc__': 'Main entry point for Replicate wrapper.', '__package__': 'src', '__loader__': <_frozen_i...
           │         └ <code object <module> at 0x1013ae030, file "/Users/ruben/08_-_DEVELOPMENT/ISOF_IMAGE_WORKFLOW/text-to-image_tool/src/main.py"...
           └ <function _run_code at 0x101198b80>
  File "/Library/Developer/CommandLineTools/Library/Frameworks/Python3.framework/Versions/3.9/lib/python3.9/runpy.py", line 87, in _run_code
    exec(code, run_globals)
         │     └ {'__name__': '__main__', '__doc__': 'Main entry point for Replicate wrapper.', '__package__': 'src', '__loader__': <_frozen_i...
         └ <code object <module> at 0x1013ae030, file "/Users/ruben/08_-_DEVELOPMENT/ISOF_IMAGE_WORKFLOW/text-to-image_tool/src/main.py"...

  File "/Users/ruben/08_-_DEVELOPMENT/ISOF_IMAGE_WORKFLOW/text-to-image_tool/src/main.py", line 341, in <module>
    sys.exit(main())
    │   │    └ <function main at 0x1044a3670>
    │   └ <built-in function exit>
    └ <module 'sys' (built-in)>

> File "/Users/ruben/08_-_DEVELOPMENT/ISOF_IMAGE_WORKFLOW/text-to-image_tool/src/main.py", line 313, in main
    prompt_files, active_models = discover_inputs_and_profiles()
                                  └ <function discover_inputs_and_profiles at 0x1044a3280>

  File "/Users/ruben/08_-_DEVELOPMENT/ISOF_IMAGE_WORKFLOW/text-to-image_tool/src/main.py", line 102, in discover_inputs_and_profiles
    validator.validate_all({}, profiles)
    │         │                └ {'USER-FILES/03.PROFILES/flux-schnell.yaml': {'model_id': 'black-forest-labs/flux-schnell', 'description': 'FLUX Schnell - Fa...
    │         └ <function ConfigValidator.validate_all at 0x10320a0d0>
    └ <src.config.validator.ConfigValidator object at 0x1044a2d30>

  File "/Users/ruben/08_-_DEVELOPMENT/ISOF_IMAGE_WORKFLOW/text-to-image_tool/src/config/validator.py", line 24, in validate_all
    self._validate_config_structure(config)
    │    │                          └ {}
    │    └ <function ConfigValidator._validate_config_structure at 0x10320a160>
    └ <src.config.validator.ConfigValidator object at 0x1044a2d30>

  File "/Users/ruben/08_-_DEVELOPMENT/ISOF_IMAGE_WORKFLOW/text-to-image_tool/src/config/validator.py", line 31, in _validate_config_structure
    raise ValueError("Configuration is empty")

ValueError: Configuration is empty
