2025-12-02 17:37:19 | INFO     | src.utils.logging:setup_logging:39 - Logging configured (verbose=False, debug=False)
2025-12-02 17:37:19 | INFO     | __main__:setup_environment:79 - Environment initialized
2025-12-02 17:37:19 | INFO     | __main__:load_and_validate_config:84 - Loading configuration...
2025-12-02 17:37:19 | INFO     | src.config.loader:load_config:42 - Loaded configuration from USER-FILES/01.CONFIG/config.yaml
2025-12-02 17:37:19 | INFO     | __main__:authenticate_for_mode:273 - Authenticating with 1Password...
2025-12-02 17:37:24 | INFO     | src.auth.session_manager:ensure_op_auth:42 - 🔐 1Password authentication required...
2025-12-02 17:37:41 | SUCCESS  | src.auth.session_manager:ensure_op_auth:68 - ✅ 1Password authentication successful
2025-12-02 17:37:42 | DEBUG    | src.auth.session_manager:ensure_op_auth:39 - 1Password session is active
2025-12-02 17:37:42 | DEBUG    | src.auth.auth:load_auth_config:28 - Using auth config: auth_bites.yaml
2025-12-02 17:37:45 | DEBUG    | src.auth.auth:get_api_key:77 - Retrieved API key: r8_V...
2025-12-02 17:37:45 | INFO     | __main__:discover_inputs_and_profiles:92 - Discovering inputs...
2025-12-02 17:37:45 | DEBUG    | src.processing.discovery:discover_prompt_files:40 - Found prompt file: Bite4_wrap_it_up/Bite4_wrap_it_up_016.txt
2025-12-02 17:37:45 | DEBUG    | src.processing.discovery:discover_prompt_files:40 - Found prompt file: Bite4_wrap_it_up/Bite4_wrap_it_up_002.txt
2025-12-02 17:37:45 | DEBUG    | src.processing.discovery:discover_prompt_files:40 - Found prompt file: Bite4_wrap_it_up/Bite4_wrap_it_up_003.txt
2025-12-02 17:37:45 | DEBUG    | src.processing.discovery:discover_prompt_files:40 - Found prompt file: Bite4_wrap_it_up/Bite4_wrap_it_up_017.txt
2025-12-02 17:37:45 | DEBUG    | src.processing.discovery:discover_prompt_files:40 - Found prompt file: Bite4_wrap_it_up/Bite4_wrap_it_up_001.txt
2025-12-02 17:37:45 | DEBUG    | src.processing.discovery:discover_prompt_files:40 - Found prompt file: Bite4_wrap_it_up/Bite4_wrap_it_up_015.txt
2025-12-02 17:37:45 | DEBUG    | src.processing.discovery:discover_prompt_files:40 - Found prompt file: Bite4_wrap_it_up/Bite4_wrap_it_up_014.txt
2025-12-02 17:37:45 | DEBUG    | src.processing.discovery:discover_prompt_files:40 - Found prompt file: Bite4_wrap_it_up/Bite4_wrap_it_up_004.txt
2025-12-02 17:37:45 | DEBUG    | src.processing.discovery:discover_prompt_files:40 - Found prompt file: Bite4_wrap_it_up/Bite4_wrap_it_up_010.txt
2025-12-02 17:37:45 | DEBUG    | src.processing.discovery:discover_prompt_files:40 - Found prompt file: Bite4_wrap_it_up/Bite4_wrap_it_up_011.txt
2025-12-02 17:37:45 | DEBUG    | src.processing.discovery:discover_prompt_files:40 - Found prompt file: Bite4_wrap_it_up/Bite4_wrap_it_up_005.txt
2025-12-02 17:37:45 | DEBUG    | src.processing.discovery:discover_prompt_files:40 - Found prompt file: Bite4_wrap_it_up/Bite4_wrap_it_up_013.txt
2025-12-02 17:37:45 | DEBUG    | src.processing.discovery:discover_prompt_files:40 - Found prompt file: Bite4_wrap_it_up/Bite4_wrap_it_up_007.txt
2025-12-02 17:37:45 | DEBUG    | src.processing.discovery:discover_prompt_files:40 - Found prompt file: Bite4_wrap_it_up/Bite4_wrap_it_up_006.txt
2025-12-02 17:37:45 | DEBUG    | src.processing.discovery:discover_prompt_files:40 - Found prompt file: Bite4_wrap_it_up/Bite4_wrap_it_up_012.txt
2025-12-02 17:37:45 | DEBUG    | src.processing.discovery:discover_prompt_files:40 - Found prompt file: Bite4_wrap_it_up/Bite4_wrap_it_up_020.txt
2025-12-02 17:37:45 | DEBUG    | src.processing.discovery:discover_prompt_files:40 - Found prompt file: Bite4_wrap_it_up/Bite4_wrap_it_up_008.txt
2025-12-02 17:37:45 | DEBUG    | src.processing.discovery:discover_prompt_files:40 - Found prompt file: Bite4_wrap_it_up/Bite4_wrap_it_up_009.txt
2025-12-02 17:37:45 | DEBUG    | src.processing.discovery:discover_prompt_files:40 - Found prompt file: Bite4_wrap_it_up/Bite4_wrap_it_up_021.txt
2025-12-02 17:37:45 | DEBUG    | src.processing.discovery:discover_prompt_files:40 - Found prompt file: Bite4_wrap_it_up/Bite4_wrap_it_up_019.txt
2025-12-02 17:37:45 | DEBUG    | src.processing.discovery:discover_prompt_files:40 - Found prompt file: Bite4_wrap_it_up/Bite4_wrap_it_up_018.txt
2025-12-02 17:37:45 | DEBUG    | src.processing.discovery:discover_prompt_files:40 - Found prompt file: Bite3_Safety_Awareness/Bite3_Safety_Awareness_011.txt
2025-12-02 17:37:45 | DEBUG    | src.processing.discovery:discover_prompt_files:40 - Found prompt file: Bite3_Safety_Awareness/Bite3_Safety_Awareness_005.txt
2025-12-02 17:37:45 | DEBUG    | src.processing.discovery:discover_prompt_files:40 - Found prompt file: Bite3_Safety_Awareness/Bite3_Safety_Awareness_004.txt
2025-12-02 17:37:45 | DEBUG    | src.processing.discovery:discover_prompt_files:40 - Found prompt file: Bite3_Safety_Awareness/Bite3_Safety_Awareness_010.txt
2025-12-02 17:37:45 | DEBUG    | src.processing.discovery:discover_prompt_files:40 - Found prompt file: Bite3_Safety_Awareness/Bite3_Safety_Awareness_006.txt
2025-12-02 17:37:45 | DEBUG    | src.processing.discovery:discover_prompt_files:40 - Found prompt file: Bite3_Safety_Awareness/Bite3_Safety_Awareness_012.txt
2025-12-02 17:37:45 | DEBUG    | src.processing.discovery:discover_prompt_files:40 - Found prompt file: Bite3_Safety_Awareness/Bite3_Safety_Awareness_013.txt
2025-12-02 17:37:45 | DEBUG    | src.processing.discovery:discover_prompt_files:40 - Found prompt file: Bite3_Safety_Awareness/Bite3_Safety_Awareness_007.txt
2025-12-02 17:37:45 | DEBUG    | src.processing.discovery:discover_prompt_files:40 - Found prompt file: Bite3_Safety_Awareness/Bite3_Safety_Awareness_003.txt
2025-12-02 17:37:45 | DEBUG    | src.processing.discovery:discover_prompt_files:40 - Found prompt file: Bite3_Safety_Awareness/Bite3_Safety_Awareness_017.txt
2025-12-02 17:37:45 | DEBUG    | src.processing.discovery:discover_prompt_files:40 - Found prompt file: Bite3_Safety_Awareness/Bite3_Safety_Awareness_016.txt
2025-12-02 17:37:45 | DEBUG    | src.processing.discovery:discover_prompt_files:40 - Found prompt file: Bite3_Safety_Awareness/Bite3_Safety_Awareness_002.txt
2025-12-02 17:37:45 | DEBUG    | src.processing.discovery:discover_prompt_files:40 - Found prompt file: Bite3_Safety_Awareness/Bite3_Safety_Awareness_014.txt
2025-12-02 17:37:45 | DEBUG    | src.processing.discovery:discover_prompt_files:40 - Found prompt file: Bite3_Safety_Awareness/Bite3_Safety_Awareness_028.txt
2025-12-02 17:37:45 | DEBUG    | src.processing.discovery:discover_prompt_files:40 - Found prompt file: Bite3_Safety_Awareness/Bite3_Safety_Awareness_001.txt
2025-12-02 17:37:45 | DEBUG    | src.processing.discovery:discover_prompt_files:40 - Found prompt file: Bite3_Safety_Awareness/Bite3_Safety_Awareness_015.txt
2025-12-02 17:37:45 | DEBUG    | src.processing.discovery:discover_prompt_files:40 - Found prompt file: Bite3_Safety_Awareness/Bite3_Safety_Awareness_018.txt
2025-12-02 17:37:45 | DEBUG    | src.processing.discovery:discover_prompt_files:40 - Found prompt file: Bite3_Safety_Awareness/Bite3_Safety_Awareness_024.txt
2025-12-02 17:37:45 | DEBUG    | src.processing.discovery:discover_prompt_files:40 - Found prompt file: Bite3_Safety_Awareness/Bite3_Safety_Awareness_025.txt
2025-12-02 17:37:45 | DEBUG    | src.processing.discovery:discover_prompt_files:40 - Found prompt file: Bite3_Safety_Awareness/Bite3_Safety_Awareness_019.txt
2025-12-02 17:37:45 | DEBUG    | src.processing.discovery:discover_prompt_files:40 - Found prompt file: Bite3_Safety_Awareness/Bite3_Safety_Awareness_027.txt
2025-12-02 17:37:45 | DEBUG    | src.processing.discovery:discover_prompt_files:40 - Found prompt file: Bite3_Safety_Awareness/Bite3_Safety_Awareness_026.txt
2025-12-02 17:37:45 | DEBUG    | src.processing.discovery:discover_prompt_files:40 - Found prompt file: Bite3_Safety_Awareness/Bite3_Safety_Awareness_022.txt
2025-12-02 17:37:45 | DEBUG    | src.processing.discovery:discover_prompt_files:40 - Found prompt file: Bite3_Safety_Awareness/Bite3_Safety_Awareness_023.txt
2025-12-02 17:37:45 | DEBUG    | src.processing.discovery:discover_prompt_files:40 - Found prompt file: Bite3_Safety_Awareness/Bite3_Safety_Awareness_021.txt
2025-12-02 17:37:45 | DEBUG    | src.processing.discovery:discover_prompt_files:40 - Found prompt file: Bite3_Safety_Awareness/Bite3_Safety_Awareness_009.txt
2025-12-02 17:37:45 | DEBUG    | src.processing.discovery:discover_prompt_files:40 - Found prompt file: Bite3_Safety_Awareness/Bite3_Safety_Awareness_008.txt
2025-12-02 17:37:45 | DEBUG    | src.processing.discovery:discover_prompt_files:40 - Found prompt file: Bite3_Safety_Awareness/Bite3_Safety_Awareness_020.txt
2025-12-02 17:37:45 | DEBUG    | src.processing.discovery:discover_prompt_files:40 - Found prompt file: Bite2_Load_Smart/Bite2_Load_Smart_009.txt
2025-12-02 17:37:45 | DEBUG    | src.processing.discovery:discover_prompt_files:40 - Found prompt file: Bite2_Load_Smart/Bite2_Load_Smart_021.txt
2025-12-02 17:37:45 | DEBUG    | src.processing.discovery:discover_prompt_files:40 - Found prompt file: Bite2_Load_Smart/Bite2_Load_Smart_020.txt
2025-12-02 17:37:45 | DEBUG    | src.processing.discovery:discover_prompt_files:40 - Found prompt file: Bite2_Load_Smart/Bite2_Load_Smart_008.txt
2025-12-02 17:37:45 | DEBUG    | src.processing.discovery:discover_prompt_files:40 - Found prompt file: Bite2_Load_Smart/Bite2_Load_Smart_018.txt
2025-12-02 17:37:45 | DEBUG    | src.processing.discovery:discover_prompt_files:40 - Found prompt file: Bite2_Load_Smart/Bite2_Load_Smart_019.txt
2025-12-02 17:37:45 | DEBUG    | src.processing.discovery:discover_prompt_files:40 - Found prompt file: Bite2_Load_Smart/Bite2_Load_Smart_017.txt
2025-12-02 17:37:45 | DEBUG    | src.processing.discovery:discover_prompt_files:40 - Found prompt file: Bite2_Load_Smart/Bite2_Load_Smart_003.txt
2025-12-02 17:37:45 | DEBUG    | src.processing.discovery:discover_prompt_files:40 - Found prompt file: Bite2_Load_Smart/Bite2_Load_Smart_002.txt
2025-12-02 17:37:45 | DEBUG    | src.processing.discovery:discover_prompt_files:40 - Found prompt file: Bite2_Load_Smart/Bite2_Load_Smart_016.txt
2025-12-02 17:37:45 | DEBUG    | src.processing.discovery:discover_prompt_files:40 - Found prompt file: Bite2_Load_Smart/Bite2_Load_Smart_014.txt
2025-12-02 17:37:45 | DEBUG    | src.processing.discovery:discover_prompt_files:40 - Found prompt file: Bite2_Load_Smart/Bite2_Load_Smart_015.txt
2025-12-02 17:37:45 | DEBUG    | src.processing.discovery:discover_prompt_files:40 - Found prompt file: Bite2_Load_Smart/Bite2_Load_Smart_001.txt
2025-12-02 17:37:45 | DEBUG    | src.processing.discovery:discover_prompt_files:40 - Found prompt file: Bite2_Load_Smart/Bite2_Load_Smart_005.txt
2025-12-02 17:37:45 | DEBUG    | src.processing.discovery:discover_prompt_files:40 - Found prompt file: Bite2_Load_Smart/Bite2_Load_Smart_011.txt
2025-12-02 17:37:45 | DEBUG    | src.processing.discovery:discover_prompt_files:40 - Found prompt file: Bite2_Load_Smart/Bite2_Load_Smart_010.txt
2025-12-02 17:37:45 | DEBUG    | src.processing.discovery:discover_prompt_files:40 - Found prompt file: Bite2_Load_Smart/Bite2_Load_Smart_004.txt
2025-12-02 17:37:45 | DEBUG    | src.processing.discovery:discover_prompt_files:40 - Found prompt file: Bite2_Load_Smart/Bite2_Load_Smart_012.txt
2025-12-02 17:37:45 | DEBUG    | src.processing.discovery:discover_prompt_files:40 - Found prompt file: Bite2_Load_Smart/Bite2_Load_Smart_006.txt
2025-12-02 17:37:45 | DEBUG    | src.processing.discovery:discover_prompt_files:40 - Found prompt file: Bite2_Load_Smart/Bite2_Load_Smart_007.txt
2025-12-02 17:37:45 | DEBUG    | src.processing.discovery:discover_prompt_files:40 - Found prompt file: Bite2_Load_Smart/Bite2_Load_Smart_013.txt
2025-12-02 17:37:45 | DEBUG    | src.processing.discovery:discover_prompt_files:40 - Found prompt file: Bite1_Arriving/Bite1_Arriving_014.txt
2025-12-02 17:37:45 | DEBUG    | src.processing.discovery:discover_prompt_files:40 - Found prompt file: Bite1_Arriving/Bite1_Arriving_015.txt
2025-12-02 17:37:45 | DEBUG    | src.processing.discovery:discover_prompt_files:40 - Found prompt file: Bite1_Arriving/Bite1_Arriving_001.txt
2025-12-02 17:37:45 | DEBUG    | src.processing.discovery:discover_prompt_files:40 - Found prompt file: Bite1_Arriving/Bite1_Arriving_017.txt
2025-12-02 17:37:45 | DEBUG    | src.processing.discovery:discover_prompt_files:40 - Found prompt file: Bite1_Arriving/Bite1_Arriving_003.txt
2025-12-02 17:37:45 | DEBUG    | src.processing.discovery:discover_prompt_files:40 - Found prompt file: Bite1_Arriving/Bite1_Arriving_002.txt
2025-12-02 17:37:45 | DEBUG    | src.processing.discovery:discover_prompt_files:40 - Found prompt file: Bite1_Arriving/Bite1_Arriving_016.txt
2025-12-02 17:37:45 | DEBUG    | src.processing.discovery:discover_prompt_files:40 - Found prompt file: Bite1_Arriving/Bite1_Arriving_012.txt
2025-12-02 17:37:45 | DEBUG    | src.processing.discovery:discover_prompt_files:40 - Found prompt file: Bite1_Arriving/Bite1_Arriving_006.txt
2025-12-02 17:37:45 | DEBUG    | src.processing.discovery:discover_prompt_files:40 - Found prompt file: Bite1_Arriving/Bite1_Arriving_007.txt
2025-12-02 17:37:45 | DEBUG    | src.processing.discovery:discover_prompt_files:40 - Found prompt file: Bite1_Arriving/Bite1_Arriving_013.txt
2025-12-02 17:37:45 | DEBUG    | src.processing.discovery:discover_prompt_files:40 - Found prompt file: Bite1_Arriving/Bite1_Arriving_005.txt
2025-12-02 17:37:45 | DEBUG    | src.processing.discovery:discover_prompt_files:40 - Found prompt file: Bite1_Arriving/Bite1_Arriving_011.txt
2025-12-02 17:37:45 | DEBUG    | src.processing.discovery:discover_prompt_files:40 - Found prompt file: Bite1_Arriving/Bite1_Arriving_010.txt
2025-12-02 17:37:45 | DEBUG    | src.processing.discovery:discover_prompt_files:40 - Found prompt file: Bite1_Arriving/Bite1_Arriving_004.txt
2025-12-02 17:37:45 | DEBUG    | src.processing.discovery:discover_prompt_files:40 - Found prompt file: Bite1_Arriving/Bite1_Arriving_009.txt
2025-12-02 17:37:45 | DEBUG    | src.processing.discovery:discover_prompt_files:40 - Found prompt file: Bite1_Arriving/Bite1_Arriving_021.txt
2025-12-02 17:37:45 | DEBUG    | src.processing.discovery:discover_prompt_files:40 - Found prompt file: Bite1_Arriving/Bite1_Arriving_020.txt
2025-12-02 17:37:45 | DEBUG    | src.processing.discovery:discover_prompt_files:40 - Found prompt file: Bite1_Arriving/Bite1_Arriving_008.txt
2025-12-02 17:37:45 | DEBUG    | src.processing.discovery:discover_prompt_files:40 - Found prompt file: Bite1_Arriving/Bite1_Arriving_022.txt
2025-12-02 17:37:45 | DEBUG    | src.processing.discovery:discover_prompt_files:40 - Found prompt file: Bite1_Arriving/Bite1_Arriving_018.txt
2025-12-02 17:37:45 | DEBUG    | src.processing.discovery:discover_prompt_files:40 - Found prompt file: Bite1_Arriving/Bite1_Arriving_019.txt
2025-12-02 17:37:45 | INFO     | src.processing.discovery:discover_prompt_files:45 - Discovered 92 prompt files
2025-12-02 17:37:45 | DEBUG    | src.processing.discovery:discover_profiles:93 - Loaded profile: USER-FILES/03.PROFILES/nano-banano-pro_2k_9x16_droply.yaml
2025-12-02 17:37:45 | INFO     | src.processing.discovery:discover_profiles:97 - Loaded 1 profiles
2025-12-02 17:37:45 | INFO     | src.processing.discovery:get_active_models:135 - Found profile: nano-banano-pro_2k_9x16_droply
2025-12-02 17:37:45 | INFO     | src.processing.discovery:get_active_models:140 - Total profiles to process: 1
2025-12-02 17:37:45 | INFO     | src.config.validator:validate_all:26 - All configuration validation passed
2025-12-02 17:37:45 | INFO     | __main__:initialize_services:186 - Output directory: USER-FILES/05.OUTPUT/251202_173745_IMAGE
2025-12-02 17:37:45 | INFO     | __main__:execute_processing:221 - Starting matrix processing...
2025-12-02 17:37:45 | DEBUG    | src.processing.validator:validate_operational_requirements:23 - Profile 'nano-banano-pro_2k_9x16_droply' operational validation passed
2025-12-02 17:37:45 | INFO     | src.processing.processor:process_all:60 - Processing 92 combinations (92 files × 1 profiles)
2025-12-02 17:37:45 | INFO     | src.processing.discovery:load_prompts:63 - Loaded prompt from Bite1_Arriving_001.txt
2025-12-02 17:37:45 | INFO     | src.processing.processor:_process_single_combination:119 - Processing combination 1/92: Bite1_Arriving/Bite1_Arriving_001.txt + nano-banano-pro_2k_9x16_droply
2025-12-02 17:37:45 | DEBUG    | src.processing.processor:_process_single_combination:138 - Added image_input to params: ['https://f003.backblazeb2.com/file/bites-client-ref/droply_montage.png']
2025-12-02 17:37:45 | DEBUG    | src.processing.processor:_apply_prompt_fixes:208 - Added suffix to prompt: Provided image shows branding of Droply uniforms, logo, drone, van and pickup box
2025-12-02 17:37:45 | DEBUG    | src.processing.processor:_process_with_context:186 - Processing Bite1_Arriving/Bite1_Arriving_001.txt: Wide shot in Droply warehouse facility of a Droply...
2025-12-02 17:37:45 | DEBUG    | src.api.client:generate_image:85 - CRITICAL DEBUG - Received params: {
  "aspect_ratio": "9:16",
  "output_format": "png",
  "num_images": 1,
  "resolution": "2K",
  "safety_filter_level": "block_only_high",
  "image_input": [
    "https://f003.backblazeb2.com/file/bites-client-ref/droply_montage.png"
  ]
}
2025-12-02 17:37:45 | DEBUG    | src.api.client:generate_image:86 - CRITICAL DEBUG - Constructed payload: {
  "aspect_ratio": "9:16",
  "output_format": "png",
  "num_images": 1,
  "resolution": "2K",
  "safety_filter_level": "block_only_high",
  "image_input": [
    "https://f003.backblazeb2.com/file/bites-client-ref/droply_montage.png"
  ],
  "prompt": "Wide shot in Droply warehouse facility of a Droply driver wearing Droply uniform stepping onto a painted pedestrian walkway at the entrance, deep focus, rule of thirds composition. Provided image shows branding of Droply uniforms, logo, drone, van and pickup box"
}
2025-12-02 17:37:45 | DEBUG    | src.api.client:generate_image:89 - Original prompt: Wide shot in Droply warehouse facility of a Droply driver wearing Droply uniform stepping onto a painted pedestrian walkway at the entrance, deep focus, rule of thirds composition. Provided image shows branding of Droply uniforms, logo, drone, van and pickup box
2025-12-02 17:37:45 | DEBUG    | src.api.client:generate_image:90 - Clean prompt being sent: Wide shot in Droply warehouse facility of a Droply driver wearing Droply uniform stepping onto a painted pedestrian walkway at the entrance, deep focus, rule of thirds composition. Provided image shows branding of Droply uniforms, logo, drone, van and pickup box
2025-12-02 17:37:45 | DEBUG    | src.api.client:generate_image:91 - Clean prompt repr: 'Wide shot in Droply warehouse facility of a Droply driver wearing Droply uniform stepping onto a painted pedestrian walkway at the entrance, deep focus, rule of thirds composition. Provided image shows branding of Droply uniforms, logo, drone, van and pickup box'
2025-12-02 17:37:45 | DEBUG    | src.api.client:_call_with_retry:152 - API call attempt 1/3
2025-12-02 17:37:45 | DEBUG    | src.api.client:_call_with_retry:155 - CRITICAL DEBUG - Payload sent to replicate.run: {
  "aspect_ratio": "9:16",
  "output_format": "png",
  "num_images": 1,
  "resolution": "2K",
  "safety_filter_level": "block_only_high",
  "image_input": [
    "https://f003.backblazeb2.com/file/bites-client-ref/droply_montage.png"
  ],
  "prompt": "Wide shot in Droply warehouse facility of a Droply driver wearing Droply uniform stepping onto a painted pedestrian walkway at the entrance, deep focus, rule of thirds composition. Provided image shows branding of Droply uniforms, logo, drone, van and pickup box"
}
2025-12-02 17:39:49 | ERROR    | src.api.client:_call_with_retry:184 - Error on attempt 1: None
2025-12-02 17:39:49 | INFO     | src.api.client:_call_with_retry:188 - Retrying in 2s...
2025-12-02 17:39:51 | DEBUG    | src.api.client:_call_with_retry:152 - API call attempt 2/3
2025-12-02 17:39:51 | DEBUG    | src.api.client:_call_with_retry:155 - CRITICAL DEBUG - Payload sent to replicate.run: {
  "aspect_ratio": "9:16",
  "output_format": "png",
  "num_images": 1,
  "resolution": "2K",
  "safety_filter_level": "block_only_high",
  "image_input": [
    "https://f003.backblazeb2.com/file/bites-client-ref/droply_montage.png"
  ],
  "prompt": "Wide shot in Droply warehouse facility of a Droply driver wearing Droply uniform stepping onto a painted pedestrian walkway at the entrance, deep focus, rule of thirds composition. Provided image shows branding of Droply uniforms, logo, drone, van and pickup box"
}
2025-12-02 17:40:42 | DEBUG    | src.api.client:_call_with_retry:170 - API call successful
2025-12-02 17:40:42 | WARNING  | src.api.client:generate_image:117 - API PARAMETER FILTERING DETECTED:
2025-12-02 17:40:42 | WARNING  | src.api.client:generate_image:118 -   Model: google/nano-banana-pro
2025-12-02 17:40:42 | WARNING  | src.api.client:generate_image:119 -   Filtered parameters: ['image_input']
2025-12-02 17:40:42 | WARNING  | src.api.client:generate_image:120 -   This means the model doesn't support these parameters
2025-12-02 17:40:44 | INFO     | src.output.writer:_save_to_disk:192 - Saved valid image: USER-FILES/05.OUTPUT/251202_173745_IMAGE/Bite1_Arriving/Bite1_Arriving_001_IMAGE_174042_nano-banano-pro_2k_9x16_droply.png
2025-12-02 17:40:44 | DEBUG    | src.output.writer:_save_payload:257 - Saved payload to USER-FILES/05.OUTPUT/251202_173745_IMAGE/Bite1_Arriving/Bite1_Arriving_001_IMAGE_174042_nano-banano-pro_2k_9x16_droply.md
2025-12-02 17:40:44 | INFO     | src.processing.processor:_generate_and_save_image:248 - Saved image: USER-FILES/05.OUTPUT/251202_173745_IMAGE/Bite1_Arriving/Bite1_Arriving_001_IMAGE_174042_nano-banano-pro_2k_9x16_droply.png
2025-12-02 17:40:44 | INFO     | src.processing.processor:_process_with_context:197 - Waiting 1.0 seconds before next request
2025-12-02 17:40:45 | INFO     | src.processing.discovery:load_prompts:63 - Loaded prompt from Bite1_Arriving_002.txt
2025-12-02 17:40:45 | INFO     | src.processing.processor:_process_single_combination:119 - Processing combination 2/92: Bite1_Arriving/Bite1_Arriving_002.txt + nano-banano-pro_2k_9x16_droply
2025-12-02 17:40:45 | DEBUG    | src.processing.processor:_process_single_combination:138 - Added image_input to params: ['https://f003.backblazeb2.com/file/bites-client-ref/droply_montage.png']
2025-12-02 17:40:45 | DEBUG    | src.processing.processor:_apply_prompt_fixes:208 - Added suffix to prompt: Provided image shows branding of Droply uniforms, logo, drone, van and pickup box
2025-12-02 17:40:45 | DEBUG    | src.processing.processor:_process_with_context:186 - Processing Bite1_Arriving/Bite1_Arriving_002.txt: Wide shot in Droply warehouse facility of moving f...
2025-12-02 17:40:45 | DEBUG    | src.api.client:generate_image:85 - CRITICAL DEBUG - Received params: {
  "aspect_ratio": "9:16",
  "output_format": "png",
  "num_images": 1,
  "resolution": "2K",
  "safety_filter_level": "block_only_high",
  "image_input": [
    "https://f003.backblazeb2.com/file/bites-client-ref/droply_montage.png"
  ]
}
2025-12-02 17:40:45 | DEBUG    | src.api.client:generate_image:86 - CRITICAL DEBUG - Constructed payload: {
  "aspect_ratio": "9:16",
  "output_format": "png",
  "num_images": 1,
  "resolution": "2K",
  "safety_filter_level": "block_only_high",
  "image_input": [
    "https://f003.backblazeb2.com/file/bites-client-ref/droply_montage.png"
  ],
  "prompt": "Wide shot in Droply warehouse facility of moving forklifts and Droply drivers wearing Droply uniforms crossing designated walkways, slight motion blur on forklifts, deep focus. Provided image shows branding of Droply uniforms, logo, drone, van and pickup box"
}
2025-12-02 17:40:45 | DEBUG    | src.api.client:generate_image:89 - Original prompt: Wide shot in Droply warehouse facility of moving forklifts and Droply drivers wearing Droply uniforms crossing designated walkways, slight motion blur on forklifts, deep focus. Provided image shows branding of Droply uniforms, logo, drone, van and pickup box
2025-12-02 17:40:45 | DEBUG    | src.api.client:generate_image:90 - Clean prompt being sent: Wide shot in Droply warehouse facility of moving forklifts and Droply drivers wearing Droply uniforms crossing designated walkways, slight motion blur on forklifts, deep focus. Provided image shows branding of Droply uniforms, logo, drone, van and pickup box
2025-12-02 17:40:45 | DEBUG    | src.api.client:generate_image:91 - Clean prompt repr: 'Wide shot in Droply warehouse facility of moving forklifts and Droply drivers wearing Droply uniforms crossing designated walkways, slight motion blur on forklifts, deep focus. Provided image shows branding of Droply uniforms, logo, drone, van and pickup box'
2025-12-02 17:40:45 | DEBUG    | src.api.client:_call_with_retry:152 - API call attempt 1/3
2025-12-02 17:40:45 | DEBUG    | src.api.client:_call_with_retry:155 - CRITICAL DEBUG - Payload sent to replicate.run: {
  "aspect_ratio": "9:16",
  "output_format": "png",
  "num_images": 1,
  "resolution": "2K",
  "safety_filter_level": "block_only_high",
  "image_input": [
    "https://f003.backblazeb2.com/file/bites-client-ref/droply_montage.png"
  ],
  "prompt": "Wide shot in Droply warehouse facility of moving forklifts and Droply drivers wearing Droply uniforms crossing designated walkways, slight motion blur on forklifts, deep focus. Provided image shows branding of Droply uniforms, logo, drone, van and pickup box"
}
2025-12-02 17:42:47 | ERROR    | src.api.client:_call_with_retry:184 - Error on attempt 1: None
2025-12-02 17:42:47 | INFO     | src.api.client:_call_with_retry:188 - Retrying in 2s...
2025-12-02 17:42:49 | DEBUG    | src.api.client:_call_with_retry:152 - API call attempt 2/3
2025-12-02 17:42:49 | DEBUG    | src.api.client:_call_with_retry:155 - CRITICAL DEBUG - Payload sent to replicate.run: {
  "aspect_ratio": "9:16",
  "output_format": "png",
  "num_images": 1,
  "resolution": "2K",
  "safety_filter_level": "block_only_high",
  "image_input": [
    "https://f003.backblazeb2.com/file/bites-client-ref/droply_montage.png"
  ],
  "prompt": "Wide shot in Droply warehouse facility of moving forklifts and Droply drivers wearing Droply uniforms crossing designated walkways, slight motion blur on forklifts, deep focus. Provided image shows branding of Droply uniforms, logo, drone, van and pickup box"
}
2025-12-02 17:45:32 | DEBUG    | src.api.client:_call_with_retry:170 - API call successful
2025-12-02 17:45:32 | WARNING  | src.api.client:generate_image:117 - API PARAMETER FILTERING DETECTED:
2025-12-02 17:45:32 | WARNING  | src.api.client:generate_image:118 -   Model: google/nano-banana-pro
2025-12-02 17:45:32 | WARNING  | src.api.client:generate_image:119 -   Filtered parameters: ['image_input']
2025-12-02 17:45:32 | WARNING  | src.api.client:generate_image:120 -   This means the model doesn't support these parameters
2025-12-02 17:45:33 | INFO     | src.output.writer:_save_to_disk:192 - Saved valid image: USER-FILES/05.OUTPUT/251202_173745_IMAGE/Bite1_Arriving/Bite1_Arriving_002_IMAGE_174532_nano-banano-pro_2k_9x16_droply.png
2025-12-02 17:45:33 | DEBUG    | src.output.writer:_save_payload:257 - Saved payload to USER-FILES/05.OUTPUT/251202_173745_IMAGE/Bite1_Arriving/Bite1_Arriving_002_IMAGE_174532_nano-banano-pro_2k_9x16_droply.md
2025-12-02 17:45:33 | INFO     | src.processing.processor:_generate_and_save_image:248 - Saved image: USER-FILES/05.OUTPUT/251202_173745_IMAGE/Bite1_Arriving/Bite1_Arriving_002_IMAGE_174532_nano-banano-pro_2k_9x16_droply.png
2025-12-02 17:45:33 | INFO     | src.processing.processor:_process_with_context:197 - Waiting 1.0 seconds before next request
2025-12-02 17:45:34 | INFO     | src.processing.discovery:load_prompts:63 - Loaded prompt from Bite1_Arriving_003.txt
2025-12-02 17:45:34 | INFO     | src.processing.processor:_process_single_combination:119 - Processing combination 3/92: Bite1_Arriving/Bite1_Arriving_003.txt + nano-banano-pro_2k_9x16_droply
2025-12-02 17:45:34 | DEBUG    | src.processing.processor:_process_single_combination:138 - Added image_input to params: ['https://f003.backblazeb2.com/file/bites-client-ref/droply_montage.png']
2025-12-02 17:45:34 | DEBUG    | src.processing.processor:_apply_prompt_fixes:208 - Added suffix to prompt: Provided image shows branding of Droply uniforms, logo, drone, van and pickup box
2025-12-02 17:45:34 | DEBUG    | src.processing.processor:_process_with_context:186 - Processing Bite1_Arriving/Bite1_Arriving_003.txt: Medium wide shot in Droply warehouse facility of f...
2025-12-02 17:45:34 | DEBUG    | src.api.client:generate_image:85 - CRITICAL DEBUG - Received params: {
  "aspect_ratio": "9:16",
  "output_format": "png",
  "num_images": 1,
  "resolution": "2K",
  "safety_filter_level": "block_only_high",
  "image_input": [
    "https://f003.backblazeb2.com/file/bites-client-ref/droply_montage.png"
  ]
}
2025-12-02 17:45:34 | DEBUG    | src.api.client:generate_image:86 - CRITICAL DEBUG - Constructed payload: {
  "aspect_ratio": "9:16",
  "output_format": "png",
  "num_images": 1,
  "resolution": "2K",
  "safety_filter_level": "block_only_high",
  "image_input": [
    "https://f003.backblazeb2.com/file/bites-client-ref/droply_montage.png"
  ],
  "prompt": "Medium wide shot in Droply warehouse facility of forklifts and pallet jacks passing stacked Droply parcels on shelving, clean aisles, deep focus. Provided image shows branding of Droply uniforms, logo, drone, van and pickup box"
}
2025-12-02 17:45:34 | DEBUG    | src.api.client:generate_image:89 - Original prompt: Medium wide shot in Droply warehouse facility of forklifts and pallet jacks passing stacked Droply parcels on shelving, clean aisles, deep focus. Provided image shows branding of Droply uniforms, logo, drone, van and pickup box
2025-12-02 17:45:34 | DEBUG    | src.api.client:generate_image:90 - Clean prompt being sent: Medium wide shot in Droply warehouse facility of forklifts and pallet jacks passing stacked Droply parcels on shelving, clean aisles, deep focus. Provided image shows branding of Droply uniforms, logo, drone, van and pickup box
2025-12-02 17:45:34 | DEBUG    | src.api.client:generate_image:91 - Clean prompt repr: 'Medium wide shot in Droply warehouse facility of forklifts and pallet jacks passing stacked Droply parcels on shelving, clean aisles, deep focus. Provided image shows branding of Droply uniforms, logo, drone, van and pickup box'
2025-12-02 17:45:34 | DEBUG    | src.api.client:_call_with_retry:152 - API call attempt 1/3
2025-12-02 17:45:34 | DEBUG    | src.api.client:_call_with_retry:155 - CRITICAL DEBUG - Payload sent to replicate.run: {
  "aspect_ratio": "9:16",
  "output_format": "png",
  "num_images": 1,
  "resolution": "2K",
  "safety_filter_level": "block_only_high",
  "image_input": [
    "https://f003.backblazeb2.com/file/bites-client-ref/droply_montage.png"
  ],
  "prompt": "Medium wide shot in Droply warehouse facility of forklifts and pallet jacks passing stacked Droply parcels on shelving, clean aisles, deep focus. Provided image shows branding of Droply uniforms, logo, drone, van and pickup box"
}
2025-12-02 17:45:36 | ERROR    | src.api.client:_call_with_retry:184 - Error on attempt 1: Director: unexpected error handling prediction (E9243)
2025-12-02 17:45:36 | INFO     | src.api.client:_call_with_retry:188 - Retrying in 2s...
2025-12-02 17:45:38 | DEBUG    | src.api.client:_call_with_retry:152 - API call attempt 2/3
2025-12-02 17:45:38 | DEBUG    | src.api.client:_call_with_retry:155 - CRITICAL DEBUG - Payload sent to replicate.run: {
  "aspect_ratio": "9:16",
  "output_format": "png",
  "num_images": 1,
  "resolution": "2K",
  "safety_filter_level": "block_only_high",
  "image_input": [
    "https://f003.backblazeb2.com/file/bites-client-ref/droply_montage.png"
  ],
  "prompt": "Medium wide shot in Droply warehouse facility of forklifts and pallet jacks passing stacked Droply parcels on shelving, clean aisles, deep focus. Provided image shows branding of Droply uniforms, logo, drone, van and pickup box"
}
2025-12-02 17:46:51 | WARNING  | __main__:main:350 - Interrupted by user
