2025-12-31 13:16:01 | INFO     | src.utils.logging:setup_logging:39 - Logging configured (verbose=False, debug=False)
2025-12-31 13:16:01 | INFO     | __main__:setup_environment:79 - Environment initialized
2025-12-31 13:16:01 | INFO     | __main__:load_and_validate_config:84 - Loading configuration...
2025-12-31 13:16:01 | INFO     | src.config.loader:load_config:42 - Loaded configuration from USER-FILES/01.CONFIG/config.yaml
2025-12-31 13:16:01 | INFO     | __main__:authenticate_for_mode:273 - Authenticating with 1Password...
2025-12-31 13:16:05 | DEBUG    | src.auth.session_manager:ensure_op_auth:39 - 1Password session is active
2025-12-31 13:16:05 | INFO     | __main__:authenticate_for_mode:277 - Validating API key access (dry-run mode)...
2025-12-31 13:16:06 | DEBUG    | src.auth.session_manager:ensure_op_auth:39 - 1Password session is active
2025-12-31 13:16:06 | DEBUG    | src.auth.auth:load_auth_config:28 - Using auth config: auth.yaml
2025-12-31 13:16:08 | DEBUG    | src.auth.auth:get_api_key:77 - Retrieved API key: r8_K...
2025-12-31 13:16:08 | SUCCESS  | __main__:authenticate_for_mode:279 - ✅ API key validated successfully
2025-12-31 13:16:08 | INFO     | __main__:discover_inputs_and_profiles:92 - Discovering inputs...
2025-12-31 13:16:08 | DEBUG    | src.processing.discovery:discover_prompt_files:42 - Found markdown file: example1.md
2025-12-31 13:16:08 | INFO     | src.processing.discovery:discover_prompt_files:47 - Discovered 1 markdown files
2025-12-31 13:16:08 | DEBUG    | src.processing.discovery:discover_profiles:98 - Loaded profile: USER-FILES/03.PROFILES/nano-banano-pro_9x16_2k_RUBEN.yaml
2025-12-31 13:16:08 | INFO     | src.processing.discovery:discover_profiles:102 - Loaded 1 profiles
2025-12-31 13:16:08 | INFO     | src.processing.discovery:get_active_models:148 - Found profile: nano-banano-pro_9x16_2k_RUBEN
2025-12-31 13:16:08 | INFO     | src.processing.discovery:get_active_models:153 - Total profiles to process: 1
2025-12-31 13:16:08 | INFO     | src.config.validator:validate_all:26 - All configuration validation passed
2025-12-31 13:16:08 | INFO     | __main__:initialize_services:186 - Output directory: USER-FILES/05.OUTPUT/251231_131608_IMAGE
2025-12-31 13:16:08 | INFO     | __main__:execute_processing:221 - Starting matrix processing...
2025-12-31 13:16:08 | DEBUG    | src.processing.validator:validate_operational_requirements:23 - Profile 'nano-banano-pro_9x16_2k_RUBEN' operational validation passed
2025-12-31 13:16:08 | INFO     | src.processing.processor:process_all:66 - Processing 1 combinations (1 files × 1 profiles)
2025-12-31 13:16:08 | DEBUG    | src.processing.processor:_process_single_combination:132 - Extracted image URL from markdown: https://f003.backblazeb2.com/file/isof-bucket/batch6_upscaled/prompt09.0.png
2025-12-31 13:16:08 | INFO     | src.processing.discovery:load_prompts:66 - Extracted prompt from example1.md
2025-12-31 13:16:08 | INFO     | src.processing.processor:_process_single_combination:141 - Processing combination 1/1: example1.md + nano-banano-pro_9x16_2k_RUBEN
2025-12-31 13:16:08 | DEBUG    | src.processing.processor:_process_single_combination:163 - Built image_input array with 2 URL(s): ['https://f003.backblazeb2.com/file/isof-bucket/batch6_upscaled/prompt09.0.png', 'https://f003.backblazeb2.com/file/bites-client-ref/ruben_montage9x16.png']
2025-12-31 13:16:08 | DEBUG    | src.processing.processor:_apply_prompt_fixes:239 - Added suffix to prompt: Provided image shows what Ruben actually looks like.
2025-12-31 13:16:08 | DEBUG    | src.processing.processor:_process_with_context:215 - Processing example1.md: A man carries heavy bags on a ship dock. Provided ...
2025-12-31 13:16:08 | INFO     | src.processing.processor:_process_with_context:218 - [DRY RUN] Would generate image for example1.md
2025-12-31 13:16:08 | INFO     | src.processing.discovery:load_prompts:66 - Extracted prompt from example1.md
2025-12-31 13:16:08 | INFO     | src.output.writer:write_report:306 - Report saved: USER-FILES/05.OUTPUT/251231_131608_IMAGE/SUCCESS.md
2025-12-31 13:16:08 | INFO     | src.output.writer:write_report:306 - Report saved: USER-FILES/05.OUTPUT/251231_131608_IMAGE/PROFILES-WITH-FIXES.md
2025-12-31 13:16:08 | INFO     | src.output.reporter:_save_success_reports:62 - Reports saved successfully
2025-12-31 13:16:08 | SUCCESS  | __main__:generate_final_reports:264 - ✅ Completed successfully! Generated 0 images
