2025-11-25 20:04:42 | INFO     | src.utils.logging:setup_logging:39 - Logging configured (verbose=False, debug=False)
2025-11-25 20:04:42 | INFO     | __main__:setup_environment:79 - Environment initialized
2025-11-25 20:04:42 | INFO     | __main__:load_and_validate_config:84 - Loading configuration...
2025-11-25 20:04:42 | INFO     | src.config.loader:load_config:42 - Loaded configuration from USER-FILES/01.CONFIG/config.yaml
2025-11-25 20:04:42 | INFO     | __main__:authenticate_for_mode:273 - Authenticating with 1Password...
2025-11-25 20:04:47 | DEBUG    | src.auth.session_manager:ensure_op_auth:39 - 1Password session is active
2025-11-25 20:04:48 | DEBUG    | src.auth.session_manager:ensure_op_auth:39 - 1Password session is active
2025-11-25 20:04:48 | DEBUG    | src.auth.auth:load_auth_config:28 - Using auth config: auth_bites.yaml
2025-11-25 20:04:50 | DEBUG    | src.auth.auth:get_api_key:77 - Retrieved API key: r8_V...
2025-11-25 20:04:50 | INFO     | __main__:discover_inputs_and_profiles:92 - Discovering inputs...
2025-11-25 20:04:50 | DEBUG    | src.processing.discovery:discover_prompt_files:40 - Found prompt file: test_image/test_001.txt
2025-11-25 20:04:50 | DEBUG    | src.processing.discovery:discover_prompt_files:40 - Found prompt file: 02_How_Monthly_1-on-1s_Work/02_How_Monthly_1-on-1s_Work_028.txt
2025-11-25 20:04:50 | DEBUG    | src.processing.discovery:discover_prompt_files:40 - Found prompt file: 02_How_Monthly_1-on-1s_Work/02_How_Monthly_1-on-1s_Work_019.txt
2025-11-25 20:04:50 | DEBUG    | src.processing.discovery:discover_prompt_files:40 - Found prompt file: 02_How_Monthly_1-on-1s_Work/02_How_Monthly_1-on-1s_Work_025.txt
2025-11-25 20:04:50 | DEBUG    | src.processing.discovery:discover_prompt_files:40 - Found prompt file: 02_How_Monthly_1-on-1s_Work/02_How_Monthly_1-on-1s_Work_024.txt
2025-11-25 20:04:50 | DEBUG    | src.processing.discovery:discover_prompt_files:40 - Found prompt file: 02_How_Monthly_1-on-1s_Work/02_How_Monthly_1-on-1s_Work_026.txt
2025-11-25 20:04:50 | DEBUG    | src.processing.discovery:discover_prompt_files:40 - Found prompt file: 02_How_Monthly_1-on-1s_Work/02_How_Monthly_1-on-1s_Work_027.txt
2025-11-25 20:04:50 | DEBUG    | src.processing.discovery:discover_prompt_files:40 - Found prompt file: 02_How_Monthly_1-on-1s_Work/02_How_Monthly_1-on-1s_Work_023.txt
2025-11-25 20:04:50 | DEBUG    | src.processing.discovery:discover_prompt_files:40 - Found prompt file: 02_How_Monthly_1-on-1s_Work/02_How_Monthly_1-on-1s_Work_022.txt
2025-11-25 20:04:50 | DEBUG    | src.processing.discovery:discover_prompt_files:40 - Found prompt file: 02_How_Monthly_1-on-1s_Work/02_How_Monthly_1-on-1s_Work_020.txt
2025-11-25 20:04:50 | DEBUG    | src.processing.discovery:discover_prompt_files:40 - Found prompt file: 02_How_Monthly_1-on-1s_Work/02_How_Monthly_1-on-1s_Work_021.txt
2025-11-25 20:04:50 | INFO     | src.processing.discovery:discover_prompt_files:45 - Discovered 11 prompt files
2025-11-25 20:04:50 | DEBUG    | src.processing.discovery:discover_profiles:93 - Loaded profile: USER-FILES/03.PROFILES/nano-banano-pro_2k_9x16_glico.yaml
2025-11-25 20:04:50 | INFO     | src.processing.discovery:discover_profiles:97 - Loaded 1 profiles
2025-11-25 20:04:50 | INFO     | src.processing.discovery:get_active_models:135 - Found profile: nano-banano-pro_2k_9x16_glico
2025-11-25 20:04:50 | INFO     | src.processing.discovery:get_active_models:140 - Total profiles to process: 1
2025-11-25 20:04:50 | INFO     | src.config.validator:validate_all:26 - All configuration validation passed
2025-11-25 20:04:50 | INFO     | __main__:initialize_services:186 - Output directory: USER-FILES/05.OUTPUT/251125_200450_IMAGE
2025-11-25 20:04:50 | INFO     | __main__:execute_processing:221 - Starting matrix processing...
2025-11-25 20:04:50 | DEBUG    | src.processing.validator:validate_operational_requirements:23 - Profile 'nano-banano-pro_2k_9x16_glico' operational validation passed
2025-11-25 20:04:50 | INFO     | src.processing.processor:process_all:60 - Processing 11 combinations (11 files × 1 profiles)
2025-11-25 20:04:50 | INFO     | src.processing.discovery:load_prompts:63 - Loaded prompt from 02_How_Monthly_1-on-1s_Work_019.txt
2025-11-25 20:04:50 | INFO     | src.processing.processor:_process_single_combination:119 - Processing combination 1/11: 02_How_Monthly_1-on-1s_Work/02_How_Monthly_1-on-1s_Work_019.txt + nano-banano-pro_2k_9x16_glico
2025-11-25 20:04:50 | DEBUG    | src.processing.processor:_process_single_combination:138 - Added image_input to params: ['https://f003.backblazeb2.com/file/bites-client-ref/glico-logo-png_seeklogo-327156.png']
2025-11-25 20:04:50 | DEBUG    | src.processing.processor:_apply_prompt_fixes:208 - Added suffix to prompt: Provided image shows you what the Glico logo actually look like.
2025-11-25 20:04:50 | DEBUG    | src.processing.processor:_process_with_context:186 - Processing 02_How_Monthly_1-on-1s_Work/02_How_Monthly_1-on-1s_Work_019.txt: Medium shot in Glico office in Japan private meeti...
2025-11-25 20:04:50 | DEBUG    | src.api.client:generate_image:85 - CRITICAL DEBUG - Received params: {
  "aspect_ratio": "9:16",
  "output_format": "png",
  "num_images": 1,
  "resolution": "2K",
  "safety_filter_level": "block_only_high",
  "image_input": [
    "https://f003.backblazeb2.com/file/bites-client-ref/glico-logo-png_seeklogo-327156.png"
  ]
}
2025-11-25 20:04:50 | DEBUG    | src.api.client:generate_image:86 - CRITICAL DEBUG - Constructed payload: {
  "aspect_ratio": "9:16",
  "output_format": "png",
  "num_images": 1,
  "resolution": "2K",
  "safety_filter_level": "block_only_high",
  "image_input": [
    "https://f003.backblazeb2.com/file/bites-client-ref/glico-logo-png_seeklogo-327156.png"
  ],
  "prompt": "Medium shot in Glico office in Japan private meeting space of Korean female Glico manager in her 40s at a table, open expression and engaged body language, soft diffused lighting. Provided image shows you what the Glico logo actually look like."
}
2025-11-25 20:04:50 | DEBUG    | src.api.client:generate_image:89 - Original prompt: Medium shot in Glico office in Japan private meeting space of Korean female Glico manager in her 40s at a table, open expression and engaged body language, soft diffused lighting. Provided image shows you what the Glico logo actually look like.
2025-11-25 20:04:50 | DEBUG    | src.api.client:generate_image:90 - Clean prompt being sent: Medium shot in Glico office in Japan private meeting space of Korean female Glico manager in her 40s at a table, open expression and engaged body language, soft diffused lighting. Provided image shows you what the Glico logo actually look like.
2025-11-25 20:04:50 | DEBUG    | src.api.client:generate_image:91 - Clean prompt repr: 'Medium shot in Glico office in Japan private meeting space of Korean female Glico manager in her 40s at a table, open expression and engaged body language, soft diffused lighting. Provided image shows you what the Glico logo actually look like.'
2025-11-25 20:04:50 | DEBUG    | src.api.client:_call_with_retry:152 - API call attempt 1/3
2025-11-25 20:04:50 | DEBUG    | src.api.client:_call_with_retry:155 - CRITICAL DEBUG - Payload sent to replicate.run: {
  "aspect_ratio": "9:16",
  "output_format": "png",
  "num_images": 1,
  "resolution": "2K",
  "safety_filter_level": "block_only_high",
  "image_input": [
    "https://f003.backblazeb2.com/file/bites-client-ref/glico-logo-png_seeklogo-327156.png"
  ],
  "prompt": "Medium shot in Glico office in Japan private meeting space of Korean female Glico manager in her 40s at a table, open expression and engaged body language, soft diffused lighting. Provided image shows you what the Glico logo actually look like."
}
2025-11-25 20:06:51 | ERROR    | src.api.client:_call_with_retry:184 - Error on attempt 1: None
2025-11-25 20:06:51 | INFO     | src.api.client:_call_with_retry:188 - Retrying in 2s...
2025-11-25 20:06:53 | DEBUG    | src.api.client:_call_with_retry:152 - API call attempt 2/3
2025-11-25 20:06:53 | DEBUG    | src.api.client:_call_with_retry:155 - CRITICAL DEBUG - Payload sent to replicate.run: {
  "aspect_ratio": "9:16",
  "output_format": "png",
  "num_images": 1,
  "resolution": "2K",
  "safety_filter_level": "block_only_high",
  "image_input": [
    "https://f003.backblazeb2.com/file/bites-client-ref/glico-logo-png_seeklogo-327156.png"
  ],
  "prompt": "Medium shot in Glico office in Japan private meeting space of Korean female Glico manager in her 40s at a table, open expression and engaged body language, soft diffused lighting. Provided image shows you what the Glico logo actually look like."
}
2025-11-25 20:07:46 | DEBUG    | src.api.client:_call_with_retry:170 - API call successful
2025-11-25 20:07:46 | WARNING  | src.api.client:generate_image:117 - API PARAMETER FILTERING DETECTED:
2025-11-25 20:07:46 | WARNING  | src.api.client:generate_image:118 -   Model: google/nano-banana-pro
2025-11-25 20:07:46 | WARNING  | src.api.client:generate_image:119 -   Filtered parameters: ['image_input']
2025-11-25 20:07:46 | WARNING  | src.api.client:generate_image:120 -   This means the model doesn't support these parameters
2025-11-25 20:07:48 | INFO     | src.output.writer:_save_to_disk:192 - Saved valid image: USER-FILES/05.OUTPUT/251125_200450_IMAGE/02_How_Monthly_1-on-1s_Work/02_How_Monthly_1-on-1s_Work_019_IMAGE_200746_nano-banano-pro_2k_9x16_glico.png
2025-11-25 20:07:48 | DEBUG    | src.output.writer:_save_payload:257 - Saved payload to USER-FILES/05.OUTPUT/251125_200450_IMAGE/02_How_Monthly_1-on-1s_Work/02_How_Monthly_1-on-1s_Work_019_IMAGE_200746_nano-banano-pro_2k_9x16_glico.md
2025-11-25 20:07:48 | INFO     | src.processing.processor:_generate_and_save_image:248 - Saved image: USER-FILES/05.OUTPUT/251125_200450_IMAGE/02_How_Monthly_1-on-1s_Work/02_How_Monthly_1-on-1s_Work_019_IMAGE_200746_nano-banano-pro_2k_9x16_glico.png
2025-11-25 20:07:48 | INFO     | src.processing.processor:_process_with_context:197 - Waiting 1.0 seconds before next request
2025-11-25 20:07:49 | INFO     | src.processing.discovery:load_prompts:63 - Loaded prompt from 02_How_Monthly_1-on-1s_Work_020.txt
2025-11-25 20:07:49 | INFO     | src.processing.processor:_process_single_combination:119 - Processing combination 2/11: 02_How_Monthly_1-on-1s_Work/02_How_Monthly_1-on-1s_Work_020.txt + nano-banano-pro_2k_9x16_glico
2025-11-25 20:07:49 | DEBUG    | src.processing.processor:_process_single_combination:138 - Added image_input to params: ['https://f003.backblazeb2.com/file/bites-client-ref/glico-logo-png_seeklogo-327156.png']
2025-11-25 20:07:49 | DEBUG    | src.processing.processor:_apply_prompt_fixes:208 - Added suffix to prompt: Provided image shows you what the Glico logo actually look like.
2025-11-25 20:07:49 | DEBUG    | src.processing.processor:_process_with_context:186 - Processing 02_How_Monthly_1-on-1s_Work/02_How_Monthly_1-on-1s_Work_020.txt: Medium shot in Glico office in Japan private meeti...
2025-11-25 20:07:49 | DEBUG    | src.api.client:generate_image:85 - CRITICAL DEBUG - Received params: {
  "aspect_ratio": "9:16",
  "output_format": "png",
  "num_images": 1,
  "resolution": "2K",
  "safety_filter_level": "block_only_high",
  "image_input": [
    "https://f003.backblazeb2.com/file/bites-client-ref/glico-logo-png_seeklogo-327156.png"
  ]
}
2025-11-25 20:07:49 | DEBUG    | src.api.client:generate_image:86 - CRITICAL DEBUG - Constructed payload: {
  "aspect_ratio": "9:16",
  "output_format": "png",
  "num_images": 1,
  "resolution": "2K",
  "safety_filter_level": "block_only_high",
  "image_input": [
    "https://f003.backblazeb2.com/file/bites-client-ref/glico-logo-png_seeklogo-327156.png"
  ],
  "prompt": "Medium shot in Glico office in Japan private meeting space of Japanese female Glico employee in her late 20s at a table, open expression and engaged body language, soft diffused lighting. Provided image shows you what the Glico logo actually look like."
}
2025-11-25 20:07:49 | DEBUG    | src.api.client:generate_image:89 - Original prompt: Medium shot in Glico office in Japan private meeting space of Japanese female Glico employee in her late 20s at a table, open expression and engaged body language, soft diffused lighting. Provided image shows you what the Glico logo actually look like.
2025-11-25 20:07:49 | DEBUG    | src.api.client:generate_image:90 - Clean prompt being sent: Medium shot in Glico office in Japan private meeting space of Japanese female Glico employee in her late 20s at a table, open expression and engaged body language, soft diffused lighting. Provided image shows you what the Glico logo actually look like.
2025-11-25 20:07:49 | DEBUG    | src.api.client:generate_image:91 - Clean prompt repr: 'Medium shot in Glico office in Japan private meeting space of Japanese female Glico employee in her late 20s at a table, open expression and engaged body language, soft diffused lighting. Provided image shows you what the Glico logo actually look like.'
2025-11-25 20:07:49 | DEBUG    | src.api.client:_call_with_retry:152 - API call attempt 1/3
2025-11-25 20:07:49 | DEBUG    | src.api.client:_call_with_retry:155 - CRITICAL DEBUG - Payload sent to replicate.run: {
  "aspect_ratio": "9:16",
  "output_format": "png",
  "num_images": 1,
  "resolution": "2K",
  "safety_filter_level": "block_only_high",
  "image_input": [
    "https://f003.backblazeb2.com/file/bites-client-ref/glico-logo-png_seeklogo-327156.png"
  ],
  "prompt": "Medium shot in Glico office in Japan private meeting space of Japanese female Glico employee in her late 20s at a table, open expression and engaged body language, soft diffused lighting. Provided image shows you what the Glico logo actually look like."
}
2025-11-25 20:08:26 | DEBUG    | src.api.client:_call_with_retry:170 - API call successful
2025-11-25 20:08:26 | WARNING  | src.api.client:generate_image:117 - API PARAMETER FILTERING DETECTED:
2025-11-25 20:08:26 | WARNING  | src.api.client:generate_image:118 -   Model: google/nano-banana-pro
2025-11-25 20:08:26 | WARNING  | src.api.client:generate_image:119 -   Filtered parameters: ['image_input']
2025-11-25 20:08:26 | WARNING  | src.api.client:generate_image:120 -   This means the model doesn't support these parameters
2025-11-25 20:08:27 | INFO     | src.output.writer:_save_to_disk:192 - Saved valid image: USER-FILES/05.OUTPUT/251125_200450_IMAGE/02_How_Monthly_1-on-1s_Work/02_How_Monthly_1-on-1s_Work_020_IMAGE_200826_nano-banano-pro_2k_9x16_glico.png
2025-11-25 20:08:27 | DEBUG    | src.output.writer:_save_payload:257 - Saved payload to USER-FILES/05.OUTPUT/251125_200450_IMAGE/02_How_Monthly_1-on-1s_Work/02_How_Monthly_1-on-1s_Work_020_IMAGE_200826_nano-banano-pro_2k_9x16_glico.md
2025-11-25 20:08:27 | INFO     | src.processing.processor:_generate_and_save_image:248 - Saved image: USER-FILES/05.OUTPUT/251125_200450_IMAGE/02_How_Monthly_1-on-1s_Work/02_How_Monthly_1-on-1s_Work_020_IMAGE_200826_nano-banano-pro_2k_9x16_glico.png
2025-11-25 20:08:27 | INFO     | src.processing.processor:_process_with_context:197 - Waiting 1.0 seconds before next request
2025-11-25 20:08:28 | INFO     | src.processing.discovery:load_prompts:63 - Loaded prompt from 02_How_Monthly_1-on-1s_Work_021.txt
2025-11-25 20:08:28 | INFO     | src.processing.processor:_process_single_combination:119 - Processing combination 3/11: 02_How_Monthly_1-on-1s_Work/02_How_Monthly_1-on-1s_Work_021.txt + nano-banano-pro_2k_9x16_glico
2025-11-25 20:08:28 | DEBUG    | src.processing.processor:_process_single_combination:138 - Added image_input to params: ['https://f003.backblazeb2.com/file/bites-client-ref/glico-logo-png_seeklogo-327156.png']
2025-11-25 20:08:28 | DEBUG    | src.processing.processor:_apply_prompt_fixes:208 - Added suffix to prompt: Provided image shows you what the Glico logo actually look like.
2025-11-25 20:08:28 | DEBUG    | src.processing.processor:_process_with_context:186 - Processing 02_How_Monthly_1-on-1s_Work/02_How_Monthly_1-on-1s_Work_021.txt: Medium shot in Glico office in Japan meeting room ...
2025-11-25 20:08:28 | DEBUG    | src.api.client:generate_image:85 - CRITICAL DEBUG - Received params: {
  "aspect_ratio": "9:16",
  "output_format": "png",
  "num_images": 1,
  "resolution": "2K",
  "safety_filter_level": "block_only_high",
  "image_input": [
    "https://f003.backblazeb2.com/file/bites-client-ref/glico-logo-png_seeklogo-327156.png"
  ]
}
2025-11-25 20:08:28 | DEBUG    | src.api.client:generate_image:86 - CRITICAL DEBUG - Constructed payload: {
  "aspect_ratio": "9:16",
  "output_format": "png",
  "num_images": 1,
  "resolution": "2K",
  "safety_filter_level": "block_only_high",
  "image_input": [
    "https://f003.backblazeb2.com/file/bites-client-ref/glico-logo-png_seeklogo-327156.png"
  ],
  "prompt": "Medium shot in Glico office in Japan meeting room of Japanese male Glico manager in his late 40s gesturing with purposeful expression near a table, natural window lighting. Provided image shows you what the Glico logo actually look like."
}
2025-11-25 20:08:28 | DEBUG    | src.api.client:generate_image:89 - Original prompt: Medium shot in Glico office in Japan meeting room of Japanese male Glico manager in his late 40s gesturing with purposeful expression near a table, natural window lighting. Provided image shows you what the Glico logo actually look like.
2025-11-25 20:08:28 | DEBUG    | src.api.client:generate_image:90 - Clean prompt being sent: Medium shot in Glico office in Japan meeting room of Japanese male Glico manager in his late 40s gesturing with purposeful expression near a table, natural window lighting. Provided image shows you what the Glico logo actually look like.
2025-11-25 20:08:28 | DEBUG    | src.api.client:generate_image:91 - Clean prompt repr: 'Medium shot in Glico office in Japan meeting room of Japanese male Glico manager in his late 40s gesturing with purposeful expression near a table, natural window lighting. Provided image shows you what the Glico logo actually look like.'
2025-11-25 20:08:28 | DEBUG    | src.api.client:_call_with_retry:152 - API call attempt 1/3
2025-11-25 20:08:28 | DEBUG    | src.api.client:_call_with_retry:155 - CRITICAL DEBUG - Payload sent to replicate.run: {
  "aspect_ratio": "9:16",
  "output_format": "png",
  "num_images": 1,
  "resolution": "2K",
  "safety_filter_level": "block_only_high",
  "image_input": [
    "https://f003.backblazeb2.com/file/bites-client-ref/glico-logo-png_seeklogo-327156.png"
  ],
  "prompt": "Medium shot in Glico office in Japan meeting room of Japanese male Glico manager in his late 40s gesturing with purposeful expression near a table, natural window lighting. Provided image shows you what the Glico logo actually look like."
}
2025-11-25 20:09:59 | DEBUG    | src.api.client:_call_with_retry:170 - API call successful
2025-11-25 20:09:59 | WARNING  | src.api.client:generate_image:117 - API PARAMETER FILTERING DETECTED:
2025-11-25 20:09:59 | WARNING  | src.api.client:generate_image:118 -   Model: google/nano-banana-pro
2025-11-25 20:09:59 | WARNING  | src.api.client:generate_image:119 -   Filtered parameters: ['image_input']
2025-11-25 20:09:59 | WARNING  | src.api.client:generate_image:120 -   This means the model doesn't support these parameters
2025-11-25 20:10:01 | INFO     | src.output.writer:_save_to_disk:192 - Saved valid image: USER-FILES/05.OUTPUT/251125_200450_IMAGE/02_How_Monthly_1-on-1s_Work/02_How_Monthly_1-on-1s_Work_021_IMAGE_200959_nano-banano-pro_2k_9x16_glico.png
2025-11-25 20:10:01 | DEBUG    | src.output.writer:_save_payload:257 - Saved payload to USER-FILES/05.OUTPUT/251125_200450_IMAGE/02_How_Monthly_1-on-1s_Work/02_How_Monthly_1-on-1s_Work_021_IMAGE_200959_nano-banano-pro_2k_9x16_glico.md
2025-11-25 20:10:01 | INFO     | src.processing.processor:_generate_and_save_image:248 - Saved image: USER-FILES/05.OUTPUT/251125_200450_IMAGE/02_How_Monthly_1-on-1s_Work/02_How_Monthly_1-on-1s_Work_021_IMAGE_200959_nano-banano-pro_2k_9x16_glico.png
2025-11-25 20:10:01 | INFO     | src.processing.processor:_process_with_context:197 - Waiting 1.0 seconds before next request
2025-11-25 20:10:02 | INFO     | src.processing.discovery:load_prompts:63 - Loaded prompt from 02_How_Monthly_1-on-1s_Work_022.txt
2025-11-25 20:10:02 | INFO     | src.processing.processor:_process_single_combination:119 - Processing combination 4/11: 02_How_Monthly_1-on-1s_Work/02_How_Monthly_1-on-1s_Work_022.txt + nano-banano-pro_2k_9x16_glico
2025-11-25 20:10:02 | DEBUG    | src.processing.processor:_process_single_combination:138 - Added image_input to params: ['https://f003.backblazeb2.com/file/bites-client-ref/glico-logo-png_seeklogo-327156.png']
2025-11-25 20:10:02 | DEBUG    | src.processing.processor:_apply_prompt_fixes:208 - Added suffix to prompt: Provided image shows you what the Glico logo actually look like.
2025-11-25 20:10:02 | DEBUG    | src.processing.processor:_process_with_context:186 - Processing 02_How_Monthly_1-on-1s_Work/02_How_Monthly_1-on-1s_Work_022.txt: Medium shot in Glico office in Japan meeting room ...
2025-11-25 20:10:02 | DEBUG    | src.api.client:generate_image:85 - CRITICAL DEBUG - Received params: {
  "aspect_ratio": "9:16",
  "output_format": "png",
  "num_images": 1,
  "resolution": "2K",
  "safety_filter_level": "block_only_high",
  "image_input": [
    "https://f003.backblazeb2.com/file/bites-client-ref/glico-logo-png_seeklogo-327156.png"
  ]
}
2025-11-25 20:10:02 | DEBUG    | src.api.client:generate_image:86 - CRITICAL DEBUG - Constructed payload: {
  "aspect_ratio": "9:16",
  "output_format": "png",
  "num_images": 1,
  "resolution": "2K",
  "safety_filter_level": "block_only_high",
  "image_input": [
    "https://f003.backblazeb2.com/file/bites-client-ref/glico-logo-png_seeklogo-327156.png"
  ],
  "prompt": "Medium shot in Glico office in Japan meeting room of Han Chinese female Glico employee in her early 30s listening with focused expression near a table, natural window lighting. Provided image shows you what the Glico logo actually look like."
}
2025-11-25 20:10:02 | DEBUG    | src.api.client:generate_image:89 - Original prompt: Medium shot in Glico office in Japan meeting room of Han Chinese female Glico employee in her early 30s listening with focused expression near a table, natural window lighting. Provided image shows you what the Glico logo actually look like.
2025-11-25 20:10:02 | DEBUG    | src.api.client:generate_image:90 - Clean prompt being sent: Medium shot in Glico office in Japan meeting room of Han Chinese female Glico employee in her early 30s listening with focused expression near a table, natural window lighting. Provided image shows you what the Glico logo actually look like.
2025-11-25 20:10:02 | DEBUG    | src.api.client:generate_image:91 - Clean prompt repr: 'Medium shot in Glico office in Japan meeting room of Han Chinese female Glico employee in her early 30s listening with focused expression near a table, natural window lighting. Provided image shows you what the Glico logo actually look like.'
2025-11-25 20:10:02 | DEBUG    | src.api.client:_call_with_retry:152 - API call attempt 1/3
2025-11-25 20:10:02 | DEBUG    | src.api.client:_call_with_retry:155 - CRITICAL DEBUG - Payload sent to replicate.run: {
  "aspect_ratio": "9:16",
  "output_format": "png",
  "num_images": 1,
  "resolution": "2K",
  "safety_filter_level": "block_only_high",
  "image_input": [
    "https://f003.backblazeb2.com/file/bites-client-ref/glico-logo-png_seeklogo-327156.png"
  ],
  "prompt": "Medium shot in Glico office in Japan meeting room of Han Chinese female Glico employee in her early 30s listening with focused expression near a table, natural window lighting. Provided image shows you what the Glico logo actually look like."
}
2025-11-25 20:10:52 | DEBUG    | src.api.client:_call_with_retry:170 - API call successful
2025-11-25 20:10:52 | WARNING  | src.api.client:generate_image:117 - API PARAMETER FILTERING DETECTED:
2025-11-25 20:10:52 | WARNING  | src.api.client:generate_image:118 -   Model: google/nano-banana-pro
2025-11-25 20:10:52 | WARNING  | src.api.client:generate_image:119 -   Filtered parameters: ['image_input']
2025-11-25 20:10:52 | WARNING  | src.api.client:generate_image:120 -   This means the model doesn't support these parameters
2025-11-25 20:10:54 | INFO     | src.output.writer:_save_to_disk:192 - Saved valid image: USER-FILES/05.OUTPUT/251125_200450_IMAGE/02_How_Monthly_1-on-1s_Work/02_How_Monthly_1-on-1s_Work_022_IMAGE_201052_nano-banano-pro_2k_9x16_glico.png
2025-11-25 20:10:54 | DEBUG    | src.output.writer:_save_payload:257 - Saved payload to USER-FILES/05.OUTPUT/251125_200450_IMAGE/02_How_Monthly_1-on-1s_Work/02_How_Monthly_1-on-1s_Work_022_IMAGE_201052_nano-banano-pro_2k_9x16_glico.md
2025-11-25 20:10:54 | INFO     | src.processing.processor:_generate_and_save_image:248 - Saved image: USER-FILES/05.OUTPUT/251125_200450_IMAGE/02_How_Monthly_1-on-1s_Work/02_How_Monthly_1-on-1s_Work_022_IMAGE_201052_nano-banano-pro_2k_9x16_glico.png
2025-11-25 20:10:54 | INFO     | src.processing.processor:_process_with_context:197 - Waiting 1.0 seconds before next request
2025-11-25 20:10:55 | INFO     | src.processing.discovery:load_prompts:63 - Loaded prompt from 02_How_Monthly_1-on-1s_Work_023.txt
2025-11-25 20:10:55 | INFO     | src.processing.processor:_process_single_combination:119 - Processing combination 5/11: 02_How_Monthly_1-on-1s_Work/02_How_Monthly_1-on-1s_Work_023.txt + nano-banano-pro_2k_9x16_glico
2025-11-25 20:10:55 | DEBUG    | src.processing.processor:_process_single_combination:138 - Added image_input to params: ['https://f003.backblazeb2.com/file/bites-client-ref/glico-logo-png_seeklogo-327156.png']
2025-11-25 20:10:55 | DEBUG    | src.processing.processor:_apply_prompt_fixes:208 - Added suffix to prompt: Provided image shows you what the Glico logo actually look like.
2025-11-25 20:10:55 | DEBUG    | src.processing.processor:_process_with_context:186 - Processing 02_How_Monthly_1-on-1s_Work/02_How_Monthly_1-on-1s_Work_023.txt: Wide shot in Glico office in Japan workspace of Ja...
2025-11-25 20:10:55 | DEBUG    | src.api.client:generate_image:85 - CRITICAL DEBUG - Received params: {
  "aspect_ratio": "9:16",
  "output_format": "png",
  "num_images": 1,
  "resolution": "2K",
  "safety_filter_level": "block_only_high",
  "image_input": [
    "https://f003.backblazeb2.com/file/bites-client-ref/glico-logo-png_seeklogo-327156.png"
  ]
}
2025-11-25 20:10:55 | DEBUG    | src.api.client:generate_image:86 - CRITICAL DEBUG - Constructed payload: {
  "aspect_ratio": "9:16",
  "output_format": "png",
  "num_images": 1,
  "resolution": "2K",
  "safety_filter_level": "block_only_high",
  "image_input": [
    "https://f003.backblazeb2.com/file/bites-client-ref/glico-logo-png_seeklogo-327156.png"
  ],
  "prompt": "Wide shot in Glico office in Japan workspace of Japanese male Glico manager in his 40s seated at a desk, collaborative posture while reviewing documents, bright clean lighting. Provided image shows you what the Glico logo actually look like."
}
2025-11-25 20:10:55 | DEBUG    | src.api.client:generate_image:89 - Original prompt: Wide shot in Glico office in Japan workspace of Japanese male Glico manager in his 40s seated at a desk, collaborative posture while reviewing documents, bright clean lighting. Provided image shows you what the Glico logo actually look like.
2025-11-25 20:10:55 | DEBUG    | src.api.client:generate_image:90 - Clean prompt being sent: Wide shot in Glico office in Japan workspace of Japanese male Glico manager in his 40s seated at a desk, collaborative posture while reviewing documents, bright clean lighting. Provided image shows you what the Glico logo actually look like.
2025-11-25 20:10:55 | DEBUG    | src.api.client:generate_image:91 - Clean prompt repr: 'Wide shot in Glico office in Japan workspace of Japanese male Glico manager in his 40s seated at a desk, collaborative posture while reviewing documents, bright clean lighting. Provided image shows you what the Glico logo actually look like.'
2025-11-25 20:10:55 | DEBUG    | src.api.client:_call_with_retry:152 - API call attempt 1/3
2025-11-25 20:10:55 | DEBUG    | src.api.client:_call_with_retry:155 - CRITICAL DEBUG - Payload sent to replicate.run: {
  "aspect_ratio": "9:16",
  "output_format": "png",
  "num_images": 1,
  "resolution": "2K",
  "safety_filter_level": "block_only_high",
  "image_input": [
    "https://f003.backblazeb2.com/file/bites-client-ref/glico-logo-png_seeklogo-327156.png"
  ],
  "prompt": "Wide shot in Glico office in Japan workspace of Japanese male Glico manager in his 40s seated at a desk, collaborative posture while reviewing documents, bright clean lighting. Provided image shows you what the Glico logo actually look like."
}
2025-11-25 20:11:33 | DEBUG    | src.api.client:_call_with_retry:170 - API call successful
2025-11-25 20:11:33 | WARNING  | src.api.client:generate_image:117 - API PARAMETER FILTERING DETECTED:
2025-11-25 20:11:33 | WARNING  | src.api.client:generate_image:118 -   Model: google/nano-banana-pro
2025-11-25 20:11:33 | WARNING  | src.api.client:generate_image:119 -   Filtered parameters: ['image_input']
2025-11-25 20:11:33 | WARNING  | src.api.client:generate_image:120 -   This means the model doesn't support these parameters
2025-11-25 20:11:34 | INFO     | src.output.writer:_save_to_disk:192 - Saved valid image: USER-FILES/05.OUTPUT/251125_200450_IMAGE/02_How_Monthly_1-on-1s_Work/02_How_Monthly_1-on-1s_Work_023_IMAGE_201133_nano-banano-pro_2k_9x16_glico.png
2025-11-25 20:11:34 | DEBUG    | src.output.writer:_save_payload:257 - Saved payload to USER-FILES/05.OUTPUT/251125_200450_IMAGE/02_How_Monthly_1-on-1s_Work/02_How_Monthly_1-on-1s_Work_023_IMAGE_201133_nano-banano-pro_2k_9x16_glico.md
2025-11-25 20:11:34 | INFO     | src.processing.processor:_generate_and_save_image:248 - Saved image: USER-FILES/05.OUTPUT/251125_200450_IMAGE/02_How_Monthly_1-on-1s_Work/02_How_Monthly_1-on-1s_Work_023_IMAGE_201133_nano-banano-pro_2k_9x16_glico.png
2025-11-25 20:11:34 | INFO     | src.processing.processor:_process_with_context:197 - Waiting 1.0 seconds before next request
2025-11-25 20:11:35 | INFO     | src.processing.discovery:load_prompts:63 - Loaded prompt from 02_How_Monthly_1-on-1s_Work_024.txt
2025-11-25 20:11:35 | INFO     | src.processing.processor:_process_single_combination:119 - Processing combination 6/11: 02_How_Monthly_1-on-1s_Work/02_How_Monthly_1-on-1s_Work_024.txt + nano-banano-pro_2k_9x16_glico
2025-11-25 20:11:35 | DEBUG    | src.processing.processor:_process_single_combination:138 - Added image_input to params: ['https://f003.backblazeb2.com/file/bites-client-ref/glico-logo-png_seeklogo-327156.png']
2025-11-25 20:11:35 | DEBUG    | src.processing.processor:_apply_prompt_fixes:208 - Added suffix to prompt: Provided image shows you what the Glico logo actually look like.
2025-11-25 20:11:35 | DEBUG    | src.processing.processor:_process_with_context:186 - Processing 02_How_Monthly_1-on-1s_Work/02_How_Monthly_1-on-1s_Work_024.txt: Wide shot in Glico office in Japan workspace of Th...
2025-11-25 20:11:35 | DEBUG    | src.api.client:generate_image:85 - CRITICAL DEBUG - Received params: {
  "aspect_ratio": "9:16",
  "output_format": "png",
  "num_images": 1,
  "resolution": "2K",
  "safety_filter_level": "block_only_high",
  "image_input": [
    "https://f003.backblazeb2.com/file/bites-client-ref/glico-logo-png_seeklogo-327156.png"
  ]
}
2025-11-25 20:11:35 | DEBUG    | src.api.client:generate_image:86 - CRITICAL DEBUG - Constructed payload: {
  "aspect_ratio": "9:16",
  "output_format": "png",
  "num_images": 1,
  "resolution": "2K",
  "safety_filter_level": "block_only_high",
  "image_input": [
    "https://f003.backblazeb2.com/file/bites-client-ref/glico-logo-png_seeklogo-327156.png"
  ],
  "prompt": "Wide shot in Glico office in Japan workspace of Thai male Glico employee in his late 20s seated at a desk, collaborative posture while reviewing documents, bright clean lighting. Provided image shows you what the Glico logo actually look like."
}
2025-11-25 20:11:35 | DEBUG    | src.api.client:generate_image:89 - Original prompt: Wide shot in Glico office in Japan workspace of Thai male Glico employee in his late 20s seated at a desk, collaborative posture while reviewing documents, bright clean lighting. Provided image shows you what the Glico logo actually look like.
2025-11-25 20:11:35 | DEBUG    | src.api.client:generate_image:90 - Clean prompt being sent: Wide shot in Glico office in Japan workspace of Thai male Glico employee in his late 20s seated at a desk, collaborative posture while reviewing documents, bright clean lighting. Provided image shows you what the Glico logo actually look like.
2025-11-25 20:11:35 | DEBUG    | src.api.client:generate_image:91 - Clean prompt repr: 'Wide shot in Glico office in Japan workspace of Thai male Glico employee in his late 20s seated at a desk, collaborative posture while reviewing documents, bright clean lighting. Provided image shows you what the Glico logo actually look like.'
2025-11-25 20:11:35 | DEBUG    | src.api.client:_call_with_retry:152 - API call attempt 1/3
2025-11-25 20:11:35 | DEBUG    | src.api.client:_call_with_retry:155 - CRITICAL DEBUG - Payload sent to replicate.run: {
  "aspect_ratio": "9:16",
  "output_format": "png",
  "num_images": 1,
  "resolution": "2K",
  "safety_filter_level": "block_only_high",
  "image_input": [
    "https://f003.backblazeb2.com/file/bites-client-ref/glico-logo-png_seeklogo-327156.png"
  ],
  "prompt": "Wide shot in Glico office in Japan workspace of Thai male Glico employee in his late 20s seated at a desk, collaborative posture while reviewing documents, bright clean lighting. Provided image shows you what the Glico logo actually look like."
}
2025-11-25 20:13:37 | ERROR    | src.api.client:_call_with_retry:184 - Error on attempt 1: None
2025-11-25 20:13:37 | INFO     | src.api.client:_call_with_retry:188 - Retrying in 2s...
2025-11-25 20:13:39 | DEBUG    | src.api.client:_call_with_retry:152 - API call attempt 2/3
2025-11-25 20:13:39 | DEBUG    | src.api.client:_call_with_retry:155 - CRITICAL DEBUG - Payload sent to replicate.run: {
  "aspect_ratio": "9:16",
  "output_format": "png",
  "num_images": 1,
  "resolution": "2K",
  "safety_filter_level": "block_only_high",
  "image_input": [
    "https://f003.backblazeb2.com/file/bites-client-ref/glico-logo-png_seeklogo-327156.png"
  ],
  "prompt": "Wide shot in Glico office in Japan workspace of Thai male Glico employee in his late 20s seated at a desk, collaborative posture while reviewing documents, bright clean lighting. Provided image shows you what the Glico logo actually look like."
}
2025-11-25 20:14:16 | DEBUG    | src.api.client:_call_with_retry:170 - API call successful
2025-11-25 20:14:16 | WARNING  | src.api.client:generate_image:117 - API PARAMETER FILTERING DETECTED:
2025-11-25 20:14:16 | WARNING  | src.api.client:generate_image:118 -   Model: google/nano-banana-pro
2025-11-25 20:14:16 | WARNING  | src.api.client:generate_image:119 -   Filtered parameters: ['image_input']
2025-11-25 20:14:16 | WARNING  | src.api.client:generate_image:120 -   This means the model doesn't support these parameters
2025-11-25 20:14:17 | INFO     | src.output.writer:_save_to_disk:192 - Saved valid image: USER-FILES/05.OUTPUT/251125_200450_IMAGE/02_How_Monthly_1-on-1s_Work/02_How_Monthly_1-on-1s_Work_024_IMAGE_201416_nano-banano-pro_2k_9x16_glico.png
2025-11-25 20:14:17 | DEBUG    | src.output.writer:_save_payload:257 - Saved payload to USER-FILES/05.OUTPUT/251125_200450_IMAGE/02_How_Monthly_1-on-1s_Work/02_How_Monthly_1-on-1s_Work_024_IMAGE_201416_nano-banano-pro_2k_9x16_glico.md
2025-11-25 20:14:17 | INFO     | src.processing.processor:_generate_and_save_image:248 - Saved image: USER-FILES/05.OUTPUT/251125_200450_IMAGE/02_How_Monthly_1-on-1s_Work/02_How_Monthly_1-on-1s_Work_024_IMAGE_201416_nano-banano-pro_2k_9x16_glico.png
2025-11-25 20:14:17 | INFO     | src.processing.processor:_process_with_context:197 - Waiting 1.0 seconds before next request
2025-11-25 20:14:18 | INFO     | src.processing.discovery:load_prompts:63 - Loaded prompt from 02_How_Monthly_1-on-1s_Work_025.txt
2025-11-25 20:14:18 | INFO     | src.processing.processor:_process_single_combination:119 - Processing combination 7/11: 02_How_Monthly_1-on-1s_Work/02_How_Monthly_1-on-1s_Work_025.txt + nano-banano-pro_2k_9x16_glico
2025-11-25 20:14:18 | DEBUG    | src.processing.processor:_process_single_combination:138 - Added image_input to params: ['https://f003.backblazeb2.com/file/bites-client-ref/glico-logo-png_seeklogo-327156.png']
2025-11-25 20:14:18 | DEBUG    | src.processing.processor:_apply_prompt_fixes:208 - Added suffix to prompt: Provided image shows you what the Glico logo actually look like.
2025-11-25 20:14:18 | DEBUG    | src.processing.processor:_process_with_context:186 - Processing 02_How_Monthly_1-on-1s_Work/02_How_Monthly_1-on-1s_Work_025.txt: Medium shot in Glico office in Japan meeting space...
2025-11-25 20:14:18 | DEBUG    | src.api.client:generate_image:85 - CRITICAL DEBUG - Received params: {
  "aspect_ratio": "9:16",
  "output_format": "png",
  "num_images": 1,
  "resolution": "2K",
  "safety_filter_level": "block_only_high",
  "image_input": [
    "https://f003.backblazeb2.com/file/bites-client-ref/glico-logo-png_seeklogo-327156.png"
  ]
}
2025-11-25 20:14:18 | DEBUG    | src.api.client:generate_image:86 - CRITICAL DEBUG - Constructed payload: {
  "aspect_ratio": "9:16",
  "output_format": "png",
  "num_images": 1,
  "resolution": "2K",
  "safety_filter_level": "block_only_high",
  "image_input": [
    "https://f003.backblazeb2.com/file/bites-client-ref/glico-logo-png_seeklogo-327156.png"
  ],
  "prompt": "Medium shot in Glico office in Japan meeting space of Japanese female Glico manager in her late 30s making notes on paper with a satisfied expression, natural lighting. Provided image shows you what the Glico logo actually look like."
}
2025-11-25 20:14:18 | DEBUG    | src.api.client:generate_image:89 - Original prompt: Medium shot in Glico office in Japan meeting space of Japanese female Glico manager in her late 30s making notes on paper with a satisfied expression, natural lighting. Provided image shows you what the Glico logo actually look like.
2025-11-25 20:14:18 | DEBUG    | src.api.client:generate_image:90 - Clean prompt being sent: Medium shot in Glico office in Japan meeting space of Japanese female Glico manager in her late 30s making notes on paper with a satisfied expression, natural lighting. Provided image shows you what the Glico logo actually look like.
2025-11-25 20:14:18 | DEBUG    | src.api.client:generate_image:91 - Clean prompt repr: 'Medium shot in Glico office in Japan meeting space of Japanese female Glico manager in her late 30s making notes on paper with a satisfied expression, natural lighting. Provided image shows you what the Glico logo actually look like.'
2025-11-25 20:14:18 | DEBUG    | src.api.client:_call_with_retry:152 - API call attempt 1/3
2025-11-25 20:14:18 | DEBUG    | src.api.client:_call_with_retry:155 - CRITICAL DEBUG - Payload sent to replicate.run: {
  "aspect_ratio": "9:16",
  "output_format": "png",
  "num_images": 1,
  "resolution": "2K",
  "safety_filter_level": "block_only_high",
  "image_input": [
    "https://f003.backblazeb2.com/file/bites-client-ref/glico-logo-png_seeklogo-327156.png"
  ],
  "prompt": "Medium shot in Glico office in Japan meeting space of Japanese female Glico manager in her late 30s making notes on paper with a satisfied expression, natural lighting. Provided image shows you what the Glico logo actually look like."
}
2025-11-25 20:16:17 | DEBUG    | src.api.client:_call_with_retry:170 - API call successful
2025-11-25 20:16:17 | WARNING  | src.api.client:generate_image:117 - API PARAMETER FILTERING DETECTED:
2025-11-25 20:16:17 | WARNING  | src.api.client:generate_image:118 -   Model: google/nano-banana-pro
2025-11-25 20:16:17 | WARNING  | src.api.client:generate_image:119 -   Filtered parameters: ['image_input']
2025-11-25 20:16:17 | WARNING  | src.api.client:generate_image:120 -   This means the model doesn't support these parameters
2025-11-25 20:16:18 | INFO     | src.output.writer:_save_to_disk:192 - Saved valid image: USER-FILES/05.OUTPUT/251125_200450_IMAGE/02_How_Monthly_1-on-1s_Work/02_How_Monthly_1-on-1s_Work_025_IMAGE_201617_nano-banano-pro_2k_9x16_glico.png
2025-11-25 20:16:18 | DEBUG    | src.output.writer:_save_payload:257 - Saved payload to USER-FILES/05.OUTPUT/251125_200450_IMAGE/02_How_Monthly_1-on-1s_Work/02_How_Monthly_1-on-1s_Work_025_IMAGE_201617_nano-banano-pro_2k_9x16_glico.md
2025-11-25 20:16:18 | INFO     | src.processing.processor:_generate_and_save_image:248 - Saved image: USER-FILES/05.OUTPUT/251125_200450_IMAGE/02_How_Monthly_1-on-1s_Work/02_How_Monthly_1-on-1s_Work_025_IMAGE_201617_nano-banano-pro_2k_9x16_glico.png
2025-11-25 20:16:18 | INFO     | src.processing.processor:_process_with_context:197 - Waiting 1.0 seconds before next request
2025-11-25 20:16:19 | INFO     | src.processing.discovery:load_prompts:63 - Loaded prompt from 02_How_Monthly_1-on-1s_Work_026.txt
2025-11-25 20:16:19 | INFO     | src.processing.processor:_process_single_combination:119 - Processing combination 8/11: 02_How_Monthly_1-on-1s_Work/02_How_Monthly_1-on-1s_Work_026.txt + nano-banano-pro_2k_9x16_glico
2025-11-25 20:16:19 | DEBUG    | src.processing.processor:_process_single_combination:138 - Added image_input to params: ['https://f003.backblazeb2.com/file/bites-client-ref/glico-logo-png_seeklogo-327156.png']
2025-11-25 20:16:19 | DEBUG    | src.processing.processor:_apply_prompt_fixes:208 - Added suffix to prompt: Provided image shows you what the Glico logo actually look like.
2025-11-25 20:16:19 | DEBUG    | src.processing.processor:_process_with_context:186 - Processing 02_How_Monthly_1-on-1s_Work/02_How_Monthly_1-on-1s_Work_026.txt: Medium shot in Glico office in Japan meeting space...
2025-11-25 20:16:19 | DEBUG    | src.api.client:generate_image:85 - CRITICAL DEBUG - Received params: {
  "aspect_ratio": "9:16",
  "output_format": "png",
  "num_images": 1,
  "resolution": "2K",
  "safety_filter_level": "block_only_high",
  "image_input": [
    "https://f003.backblazeb2.com/file/bites-client-ref/glico-logo-png_seeklogo-327156.png"
  ]
}
2025-11-25 20:16:19 | DEBUG    | src.api.client:generate_image:86 - CRITICAL DEBUG - Constructed payload: {
  "aspect_ratio": "9:16",
  "output_format": "png",
  "num_images": 1,
  "resolution": "2K",
  "safety_filter_level": "block_only_high",
  "image_input": [
    "https://f003.backblazeb2.com/file/bites-client-ref/glico-logo-png_seeklogo-327156.png"
  ],
  "prompt": "Medium shot in Glico office in Japan meeting space of Korean male Glico employee in his early 30s nodding with a satisfied expression, natural lighting. Provided image shows you what the Glico logo actually look like."
}
2025-11-25 20:16:19 | DEBUG    | src.api.client:generate_image:89 - Original prompt: Medium shot in Glico office in Japan meeting space of Korean male Glico employee in his early 30s nodding with a satisfied expression, natural lighting. Provided image shows you what the Glico logo actually look like.
2025-11-25 20:16:19 | DEBUG    | src.api.client:generate_image:90 - Clean prompt being sent: Medium shot in Glico office in Japan meeting space of Korean male Glico employee in his early 30s nodding with a satisfied expression, natural lighting. Provided image shows you what the Glico logo actually look like.
2025-11-25 20:16:19 | DEBUG    | src.api.client:generate_image:91 - Clean prompt repr: 'Medium shot in Glico office in Japan meeting space of Korean male Glico employee in his early 30s nodding with a satisfied expression, natural lighting. Provided image shows you what the Glico logo actually look like.'
2025-11-25 20:16:19 | DEBUG    | src.api.client:_call_with_retry:152 - API call attempt 1/3
2025-11-25 20:16:19 | DEBUG    | src.api.client:_call_with_retry:155 - CRITICAL DEBUG - Payload sent to replicate.run: {
  "aspect_ratio": "9:16",
  "output_format": "png",
  "num_images": 1,
  "resolution": "2K",
  "safety_filter_level": "block_only_high",
  "image_input": [
    "https://f003.backblazeb2.com/file/bites-client-ref/glico-logo-png_seeklogo-327156.png"
  ],
  "prompt": "Medium shot in Glico office in Japan meeting space of Korean male Glico employee in his early 30s nodding with a satisfied expression, natural lighting. Provided image shows you what the Glico logo actually look like."
}
2025-11-25 20:17:01 | DEBUG    | src.api.client:_call_with_retry:170 - API call successful
2025-11-25 20:17:01 | WARNING  | src.api.client:generate_image:117 - API PARAMETER FILTERING DETECTED:
2025-11-25 20:17:01 | WARNING  | src.api.client:generate_image:118 -   Model: google/nano-banana-pro
2025-11-25 20:17:01 | WARNING  | src.api.client:generate_image:119 -   Filtered parameters: ['image_input']
2025-11-25 20:17:01 | WARNING  | src.api.client:generate_image:120 -   This means the model doesn't support these parameters
2025-11-25 20:17:03 | INFO     | src.output.writer:_save_to_disk:192 - Saved valid image: USER-FILES/05.OUTPUT/251125_200450_IMAGE/02_How_Monthly_1-on-1s_Work/02_How_Monthly_1-on-1s_Work_026_IMAGE_201701_nano-banano-pro_2k_9x16_glico.png
2025-11-25 20:17:03 | DEBUG    | src.output.writer:_save_payload:257 - Saved payload to USER-FILES/05.OUTPUT/251125_200450_IMAGE/02_How_Monthly_1-on-1s_Work/02_How_Monthly_1-on-1s_Work_026_IMAGE_201701_nano-banano-pro_2k_9x16_glico.md
2025-11-25 20:17:03 | INFO     | src.processing.processor:_generate_and_save_image:248 - Saved image: USER-FILES/05.OUTPUT/251125_200450_IMAGE/02_How_Monthly_1-on-1s_Work/02_How_Monthly_1-on-1s_Work_026_IMAGE_201701_nano-banano-pro_2k_9x16_glico.png
2025-11-25 20:17:03 | INFO     | src.processing.processor:_process_with_context:197 - Waiting 1.0 seconds before next request
2025-11-25 20:17:04 | INFO     | src.processing.discovery:load_prompts:63 - Loaded prompt from 02_How_Monthly_1-on-1s_Work_027.txt
2025-11-25 20:17:04 | INFO     | src.processing.processor:_process_single_combination:119 - Processing combination 9/11: 02_How_Monthly_1-on-1s_Work/02_How_Monthly_1-on-1s_Work_027.txt + nano-banano-pro_2k_9x16_glico
2025-11-25 20:17:04 | DEBUG    | src.processing.processor:_process_single_combination:138 - Added image_input to params: ['https://f003.backblazeb2.com/file/bites-client-ref/glico-logo-png_seeklogo-327156.png']
2025-11-25 20:17:04 | DEBUG    | src.processing.processor:_apply_prompt_fixes:208 - Added suffix to prompt: Provided image shows you what the Glico logo actually look like.
2025-11-25 20:17:04 | DEBUG    | src.processing.processor:_process_with_context:186 - Processing 02_How_Monthly_1-on-1s_Work/02_How_Monthly_1-on-1s_Work_027.txt: Close-up in Glico office in Japan workspace of Jap...
2025-11-25 20:17:04 | DEBUG    | src.api.client:generate_image:85 - CRITICAL DEBUG - Received params: {
  "aspect_ratio": "9:16",
  "output_format": "png",
  "num_images": 1,
  "resolution": "2K",
  "safety_filter_level": "block_only_high",
  "image_input": [
    "https://f003.backblazeb2.com/file/bites-client-ref/glico-logo-png_seeklogo-327156.png"
  ]
}
2025-11-25 20:17:04 | DEBUG    | src.api.client:generate_image:86 - CRITICAL DEBUG - Constructed payload: {
  "aspect_ratio": "9:16",
  "output_format": "png",
  "num_images": 1,
  "resolution": "2K",
  "safety_filter_level": "block_only_high",
  "image_input": [
    "https://f003.backblazeb2.com/file/bites-client-ref/glico-logo-png_seeklogo-327156.png"
  ],
  "prompt": "Close-up in Glico office in Japan workspace of Japanese female Glico employee in her early 30s at desk with confident expression and subtle smile, shoulders back, natural window lighting, shallow depth of field. Provided image shows you what the Glico logo actually look like."
}
2025-11-25 20:17:04 | DEBUG    | src.api.client:generate_image:89 - Original prompt: Close-up in Glico office in Japan workspace of Japanese female Glico employee in her early 30s at desk with confident expression and subtle smile, shoulders back, natural window lighting, shallow depth of field. Provided image shows you what the Glico logo actually look like.
2025-11-25 20:17:04 | DEBUG    | src.api.client:generate_image:90 - Clean prompt being sent: Close-up in Glico office in Japan workspace of Japanese female Glico employee in her early 30s at desk with confident expression and subtle smile, shoulders back, natural window lighting, shallow depth of field. Provided image shows you what the Glico logo actually look like.
2025-11-25 20:17:04 | DEBUG    | src.api.client:generate_image:91 - Clean prompt repr: 'Close-up in Glico office in Japan workspace of Japanese female Glico employee in her early 30s at desk with confident expression and subtle smile, shoulders back, natural window lighting, shallow depth of field. Provided image shows you what the Glico logo actually look like.'
2025-11-25 20:17:04 | DEBUG    | src.api.client:_call_with_retry:152 - API call attempt 1/3
2025-11-25 20:17:04 | DEBUG    | src.api.client:_call_with_retry:155 - CRITICAL DEBUG - Payload sent to replicate.run: {
  "aspect_ratio": "9:16",
  "output_format": "png",
  "num_images": 1,
  "resolution": "2K",
  "safety_filter_level": "block_only_high",
  "image_input": [
    "https://f003.backblazeb2.com/file/bites-client-ref/glico-logo-png_seeklogo-327156.png"
  ],
  "prompt": "Close-up in Glico office in Japan workspace of Japanese female Glico employee in her early 30s at desk with confident expression and subtle smile, shoulders back, natural window lighting, shallow depth of field. Provided image shows you what the Glico logo actually look like."
}
2025-11-25 20:17:50 | DEBUG    | src.api.client:_call_with_retry:170 - API call successful
2025-11-25 20:17:50 | WARNING  | src.api.client:generate_image:117 - API PARAMETER FILTERING DETECTED:
2025-11-25 20:17:50 | WARNING  | src.api.client:generate_image:118 -   Model: google/nano-banana-pro
2025-11-25 20:17:50 | WARNING  | src.api.client:generate_image:119 -   Filtered parameters: ['image_input']
2025-11-25 20:17:50 | WARNING  | src.api.client:generate_image:120 -   This means the model doesn't support these parameters
2025-11-25 20:17:52 | INFO     | src.output.writer:_save_to_disk:192 - Saved valid image: USER-FILES/05.OUTPUT/251125_200450_IMAGE/02_How_Monthly_1-on-1s_Work/02_How_Monthly_1-on-1s_Work_027_IMAGE_201750_nano-banano-pro_2k_9x16_glico.png
2025-11-25 20:17:52 | DEBUG    | src.output.writer:_save_payload:257 - Saved payload to USER-FILES/05.OUTPUT/251125_200450_IMAGE/02_How_Monthly_1-on-1s_Work/02_How_Monthly_1-on-1s_Work_027_IMAGE_201750_nano-banano-pro_2k_9x16_glico.md
2025-11-25 20:17:52 | INFO     | src.processing.processor:_generate_and_save_image:248 - Saved image: USER-FILES/05.OUTPUT/251125_200450_IMAGE/02_How_Monthly_1-on-1s_Work/02_How_Monthly_1-on-1s_Work_027_IMAGE_201750_nano-banano-pro_2k_9x16_glico.png
2025-11-25 20:17:52 | INFO     | src.processing.processor:_process_with_context:197 - Waiting 1.0 seconds before next request
2025-11-25 20:17:53 | INFO     | src.processing.discovery:load_prompts:63 - Loaded prompt from 02_How_Monthly_1-on-1s_Work_028.txt
2025-11-25 20:17:53 | INFO     | src.processing.processor:_process_single_combination:119 - Processing combination 10/11: 02_How_Monthly_1-on-1s_Work/02_How_Monthly_1-on-1s_Work_028.txt + nano-banano-pro_2k_9x16_glico
2025-11-25 20:17:53 | DEBUG    | src.processing.processor:_process_single_combination:138 - Added image_input to params: ['https://f003.backblazeb2.com/file/bites-client-ref/glico-logo-png_seeklogo-327156.png']
2025-11-25 20:17:53 | DEBUG    | src.processing.processor:_apply_prompt_fixes:208 - Added suffix to prompt: Provided image shows you what the Glico logo actually look like.
2025-11-25 20:17:53 | DEBUG    | src.processing.processor:_process_with_context:186 - Processing 02_How_Monthly_1-on-1s_Work/02_How_Monthly_1-on-1s_Work_028.txt: Medium shot in Glico office in Japan training room...
2025-11-25 20:17:53 | DEBUG    | src.api.client:generate_image:85 - CRITICAL DEBUG - Received params: {
  "aspect_ratio": "9:16",
  "output_format": "png",
  "num_images": 1,
  "resolution": "2K",
  "safety_filter_level": "block_only_high",
  "image_input": [
    "https://f003.backblazeb2.com/file/bites-client-ref/glico-logo-png_seeklogo-327156.png"
  ]
}
2025-11-25 20:17:53 | DEBUG    | src.api.client:generate_image:86 - CRITICAL DEBUG - Constructed payload: {
  "aspect_ratio": "9:16",
  "output_format": "png",
  "num_images": 1,
  "resolution": "2K",
  "safety_filter_level": "block_only_high",
  "image_input": [
    "https://f003.backblazeb2.com/file/bites-client-ref/glico-logo-png_seeklogo-327156.png"
  ],
  "prompt": "Medium shot in Glico office in Japan training room of Han Chinese male Glico employee in his late 30s sitting at table with pen in hand, attentive expression looking forward, soft diffused lighting. Provided image shows you what the Glico logo actually look like."
}
2025-11-25 20:17:53 | DEBUG    | src.api.client:generate_image:89 - Original prompt: Medium shot in Glico office in Japan training room of Han Chinese male Glico employee in his late 30s sitting at table with pen in hand, attentive expression looking forward, soft diffused lighting. Provided image shows you what the Glico logo actually look like.
2025-11-25 20:17:53 | DEBUG    | src.api.client:generate_image:90 - Clean prompt being sent: Medium shot in Glico office in Japan training room of Han Chinese male Glico employee in his late 30s sitting at table with pen in hand, attentive expression looking forward, soft diffused lighting. Provided image shows you what the Glico logo actually look like.
2025-11-25 20:17:53 | DEBUG    | src.api.client:generate_image:91 - Clean prompt repr: 'Medium shot in Glico office in Japan training room of Han Chinese male Glico employee in his late 30s sitting at table with pen in hand, attentive expression looking forward, soft diffused lighting. Provided image shows you what the Glico logo actually look like.'
2025-11-25 20:17:53 | DEBUG    | src.api.client:_call_with_retry:152 - API call attempt 1/3
2025-11-25 20:17:53 | DEBUG    | src.api.client:_call_with_retry:155 - CRITICAL DEBUG - Payload sent to replicate.run: {
  "aspect_ratio": "9:16",
  "output_format": "png",
  "num_images": 1,
  "resolution": "2K",
  "safety_filter_level": "block_only_high",
  "image_input": [
    "https://f003.backblazeb2.com/file/bites-client-ref/glico-logo-png_seeklogo-327156.png"
  ],
  "prompt": "Medium shot in Glico office in Japan training room of Han Chinese male Glico employee in his late 30s sitting at table with pen in hand, attentive expression looking forward, soft diffused lighting. Provided image shows you what the Glico logo actually look like."
}
2025-11-25 20:18:38 | DEBUG    | src.api.client:_call_with_retry:170 - API call successful
2025-11-25 20:18:38 | WARNING  | src.api.client:generate_image:117 - API PARAMETER FILTERING DETECTED:
2025-11-25 20:18:38 | WARNING  | src.api.client:generate_image:118 -   Model: google/nano-banana-pro
2025-11-25 20:18:38 | WARNING  | src.api.client:generate_image:119 -   Filtered parameters: ['image_input']
2025-11-25 20:18:38 | WARNING  | src.api.client:generate_image:120 -   This means the model doesn't support these parameters
2025-11-25 20:18:40 | INFO     | src.output.writer:_save_to_disk:192 - Saved valid image: USER-FILES/05.OUTPUT/251125_200450_IMAGE/02_How_Monthly_1-on-1s_Work/02_How_Monthly_1-on-1s_Work_028_IMAGE_201838_nano-banano-pro_2k_9x16_glico.png
2025-11-25 20:18:40 | DEBUG    | src.output.writer:_save_payload:257 - Saved payload to USER-FILES/05.OUTPUT/251125_200450_IMAGE/02_How_Monthly_1-on-1s_Work/02_How_Monthly_1-on-1s_Work_028_IMAGE_201838_nano-banano-pro_2k_9x16_glico.md
2025-11-25 20:18:40 | INFO     | src.processing.processor:_generate_and_save_image:248 - Saved image: USER-FILES/05.OUTPUT/251125_200450_IMAGE/02_How_Monthly_1-on-1s_Work/02_How_Monthly_1-on-1s_Work_028_IMAGE_201838_nano-banano-pro_2k_9x16_glico.png
2025-11-25 20:18:40 | INFO     | src.processing.processor:_process_with_context:197 - Waiting 1.0 seconds before next request
2025-11-25 20:18:41 | INFO     | src.processing.discovery:load_prompts:63 - Loaded prompt from test_001.txt
2025-11-25 20:18:41 | INFO     | src.processing.processor:_process_single_combination:119 - Processing combination 11/11: test_image/test_001.txt + nano-banano-pro_2k_9x16_glico
2025-11-25 20:18:41 | DEBUG    | src.processing.processor:_process_single_combination:138 - Added image_input to params: ['https://f003.backblazeb2.com/file/bites-client-ref/glico-logo-png_seeklogo-327156.png']
2025-11-25 20:18:41 | DEBUG    | src.processing.processor:_apply_prompt_fixes:208 - Added suffix to prompt: Provided image shows you what the Glico logo actually look like.
2025-11-25 20:18:41 | DEBUG    | src.processing.processor:_process_with_context:186 - Processing test_image/test_001.txt: A professional corporate photo showing the Glico l...
2025-11-25 20:18:41 | DEBUG    | src.api.client:generate_image:85 - CRITICAL DEBUG - Received params: {
  "aspect_ratio": "9:16",
  "output_format": "png",
  "num_images": 1,
  "resolution": "2K",
  "safety_filter_level": "block_only_high",
  "image_input": [
    "https://f003.backblazeb2.com/file/bites-client-ref/glico-logo-png_seeklogo-327156.png"
  ]
}
2025-11-25 20:18:41 | DEBUG    | src.api.client:generate_image:86 - CRITICAL DEBUG - Constructed payload: {
  "aspect_ratio": "9:16",
  "output_format": "png",
  "num_images": 1,
  "resolution": "2K",
  "safety_filter_level": "block_only_high",
  "image_input": [
    "https://f003.backblazeb2.com/file/bites-client-ref/glico-logo-png_seeklogo-327156.png"
  ],
  "prompt": "A professional corporate photo showing the Glico logo prominently displayed. Provided image shows you what the Glico logo actually look like."
}
2025-11-25 20:18:41 | DEBUG    | src.api.client:generate_image:89 - Original prompt: A professional corporate photo showing the Glico logo prominently displayed. Provided image shows you what the Glico logo actually look like.
2025-11-25 20:18:41 | DEBUG    | src.api.client:generate_image:90 - Clean prompt being sent: A professional corporate photo showing the Glico logo prominently displayed. Provided image shows you what the Glico logo actually look like.
2025-11-25 20:18:41 | DEBUG    | src.api.client:generate_image:91 - Clean prompt repr: 'A professional corporate photo showing the Glico logo prominently displayed. Provided image shows you what the Glico logo actually look like.'
2025-11-25 20:18:41 | DEBUG    | src.api.client:_call_with_retry:152 - API call attempt 1/3
2025-11-25 20:18:41 | DEBUG    | src.api.client:_call_with_retry:155 - CRITICAL DEBUG - Payload sent to replicate.run: {
  "aspect_ratio": "9:16",
  "output_format": "png",
  "num_images": 1,
  "resolution": "2K",
  "safety_filter_level": "block_only_high",
  "image_input": [
    "https://f003.backblazeb2.com/file/bites-client-ref/glico-logo-png_seeklogo-327156.png"
  ],
  "prompt": "A professional corporate photo showing the Glico logo prominently displayed. Provided image shows you what the Glico logo actually look like."
}
2025-11-25 20:19:26 | DEBUG    | src.api.client:_call_with_retry:170 - API call successful
2025-11-25 20:19:26 | WARNING  | src.api.client:generate_image:117 - API PARAMETER FILTERING DETECTED:
2025-11-25 20:19:26 | WARNING  | src.api.client:generate_image:118 -   Model: google/nano-banana-pro
2025-11-25 20:19:26 | WARNING  | src.api.client:generate_image:119 -   Filtered parameters: ['image_input']
2025-11-25 20:19:26 | WARNING  | src.api.client:generate_image:120 -   This means the model doesn't support these parameters
2025-11-25 20:19:26 | INFO     | src.output.writer:_save_to_disk:192 - Saved valid image: USER-FILES/05.OUTPUT/251125_200450_IMAGE/test_image/test_001_IMAGE_201926_nano-banano-pro_2k_9x16_glico.png
2025-11-25 20:19:26 | DEBUG    | src.output.writer:_save_payload:257 - Saved payload to USER-FILES/05.OUTPUT/251125_200450_IMAGE/test_image/test_001_IMAGE_201926_nano-banano-pro_2k_9x16_glico.md
2025-11-25 20:19:26 | INFO     | src.processing.processor:_generate_and_save_image:248 - Saved image: USER-FILES/05.OUTPUT/251125_200450_IMAGE/test_image/test_001_IMAGE_201926_nano-banano-pro_2k_9x16_glico.png
2025-11-25 20:19:26 | INFO     | src.processing.processor:_process_with_context:197 - Waiting 1.0 seconds before next request
2025-11-25 20:19:27 | INFO     | src.processing.discovery:load_prompts:63 - Loaded prompt from 02_How_Monthly_1-on-1s_Work_019.txt
2025-11-25 20:19:27 | INFO     | src.processing.discovery:load_prompts:63 - Loaded prompt from 02_How_Monthly_1-on-1s_Work_020.txt
2025-11-25 20:19:27 | INFO     | src.processing.discovery:load_prompts:63 - Loaded prompt from 02_How_Monthly_1-on-1s_Work_021.txt
2025-11-25 20:19:27 | INFO     | src.processing.discovery:load_prompts:63 - Loaded prompt from 02_How_Monthly_1-on-1s_Work_022.txt
2025-11-25 20:19:27 | INFO     | src.processing.discovery:load_prompts:63 - Loaded prompt from 02_How_Monthly_1-on-1s_Work_023.txt
2025-11-25 20:19:27 | INFO     | src.processing.discovery:load_prompts:63 - Loaded prompt from 02_How_Monthly_1-on-1s_Work_024.txt
2025-11-25 20:19:27 | INFO     | src.processing.discovery:load_prompts:63 - Loaded prompt from 02_How_Monthly_1-on-1s_Work_025.txt
2025-11-25 20:19:27 | INFO     | src.processing.discovery:load_prompts:63 - Loaded prompt from 02_How_Monthly_1-on-1s_Work_026.txt
2025-11-25 20:19:27 | INFO     | src.processing.discovery:load_prompts:63 - Loaded prompt from 02_How_Monthly_1-on-1s_Work_027.txt
2025-11-25 20:19:27 | INFO     | src.processing.discovery:load_prompts:63 - Loaded prompt from 02_How_Monthly_1-on-1s_Work_028.txt
2025-11-25 20:19:27 | INFO     | src.processing.discovery:load_prompts:63 - Loaded prompt from test_001.txt
2025-11-25 20:19:27 | INFO     | src.output.writer:write_report:293 - Report saved: USER-FILES/05.OUTPUT/251125_200450_IMAGE/SUCCESS.md
2025-11-25 20:19:27 | INFO     | src.output.writer:write_report:293 - Report saved: USER-FILES/05.OUTPUT/251125_200450_IMAGE/COST-REPORT.md
2025-11-25 20:19:27 | INFO     | src.output.writer:write_report:293 - Report saved: USER-FILES/05.OUTPUT/251125_200450_IMAGE/PROFILES-WITH-FIXES.md
2025-11-25 20:19:27 | INFO     | src.output.reporter:_save_success_reports:62 - Reports saved successfully
2025-11-25 20:19:27 | SUCCESS  | __main__:generate_final_reports:264 - ✅ Completed successfully! Generated 11 images
