2025-11-05 22:07:04 | INFO     | src.utils.logging:setup_logging:39 - Logging configured (verbose=False, debug=False)
2025-11-05 22:07:04 | INFO     | __main__:setup_environment:79 - Environment initialized
2025-11-05 22:07:04 | INFO     | __main__:load_and_validate_config:84 - Loading configuration...
2025-11-05 22:07:04 | INFO     | src.config.loader:load_config:42 - Loaded configuration from USER-FILES/01.CONFIG/config.yaml
2025-11-05 22:07:04 | INFO     | __main__:authenticate_for_mode:273 - Authenticating with 1Password...
2025-11-05 22:07:05 | DEBUG    | src.auth.session_manager:ensure_op_auth:39 - 1Password session is active
2025-11-05 22:07:06 | DEBUG    | src.auth.session_manager:ensure_op_auth:39 - 1Password session is active
2025-11-05 22:07:06 | DEBUG    | src.auth.auth:load_auth_config:28 - Using auth config: auth_ruben.yaml
2025-11-05 22:07:08 | DEBUG    | src.auth.auth:get_api_key:77 - Retrieved API key: r8_K...
2025-11-05 22:07:08 | INFO     | __main__:discover_inputs_and_profiles:92 - Discovering inputs...
2025-11-05 22:07:08 | DEBUG    | src.processing.discovery:discover_prompt_files:40 - Found prompt file: purim_party_006.txt
2025-11-05 22:07:08 | DEBUG    | src.processing.discovery:discover_prompt_files:40 - Found prompt file: purim_party_007.txt
2025-11-05 22:07:08 | DEBUG    | src.processing.discovery:discover_prompt_files:40 - Found prompt file: purim_party_005.txt
2025-11-05 22:07:08 | DEBUG    | src.processing.discovery:discover_prompt_files:40 - Found prompt file: purim_party_004.txt
2025-11-05 22:07:08 | DEBUG    | src.processing.discovery:discover_prompt_files:40 - Found prompt file: purim_party_010.txt
2025-11-05 22:07:08 | DEBUG    | src.processing.discovery:discover_prompt_files:40 - Found prompt file: purim_party_001.txt
2025-11-05 22:07:08 | DEBUG    | src.processing.discovery:discover_prompt_files:40 - Found prompt file: purim_party_003.txt
2025-11-05 22:07:08 | DEBUG    | src.processing.discovery:discover_prompt_files:40 - Found prompt file: purim_party_002.txt
2025-11-05 22:07:08 | DEBUG    | src.processing.discovery:discover_prompt_files:40 - Found prompt file: purim_party_009.txt
2025-11-05 22:07:08 | DEBUG    | src.processing.discovery:discover_prompt_files:40 - Found prompt file: purim_party_008.txt
2025-11-05 22:07:08 | INFO     | src.processing.discovery:discover_prompt_files:45 - Discovered 10 prompt files
2025-11-05 22:07:08 | DEBUG    | src.processing.discovery:discover_profiles:93 - Loaded profile: USER-FILES/03.PROFILES/nano-banano16x9_deakins.yaml
2025-11-05 22:07:08 | INFO     | src.processing.discovery:discover_profiles:97 - Loaded 1 profiles
2025-11-05 22:07:08 | INFO     | src.processing.discovery:get_active_models:135 - Found profile: nano-banano16x9_deakins
2025-11-05 22:07:08 | INFO     | src.processing.discovery:get_active_models:140 - Total profiles to process: 1
2025-11-05 22:07:08 | INFO     | src.config.validator:validate_all:26 - All configuration validation passed
2025-11-05 22:07:08 | INFO     | __main__:initialize_services:186 - Output directory: USER-FILES/05.OUTPUT/251105_220708_IMAGE
2025-11-05 22:07:08 | INFO     | __main__:execute_processing:221 - Starting matrix processing...
2025-11-05 22:07:08 | DEBUG    | src.processing.validator:validate_operational_requirements:23 - Profile 'nano-banano16x9_deakins' operational validation passed
2025-11-05 22:07:08 | INFO     | src.processing.processor:process_all:60 - Processing 10 combinations (10 files × 1 profiles)
2025-11-05 22:07:08 | INFO     | src.processing.discovery:load_prompts:63 - Loaded prompt from purim_party_001.txt
2025-11-05 22:07:08 | INFO     | src.processing.processor:_process_single_combination:119 - Processing combination 1/10: purim_party_001.txt + nano-banano16x9_deakins
2025-11-05 22:07:08 | DEBUG    | src.processing.processor:_apply_prompt_fixes:204 - Added prefix to prompt: A cinematic scene from the 
2025-11-05 22:07:08 | DEBUG    | src.processing.processor:_apply_prompt_fixes:208 - Added suffix to prompt: Shot on 35mm film in the style of Roger Deakins. Make the aspect ratio of the generated image the same as provided image
2025-11-05 22:07:08 | DEBUG    | src.processing.processor:_process_with_context:186 - Processing purim_party_001.txt: A cinematic scene from the  1820s Stockholm, a you...
2025-11-05 22:07:08 | DEBUG    | src.api.client:generate_image:85 - CRITICAL DEBUG - Received params: {
  "num_images": 1,
  "image_input": [
    "https://f003.backblazeb2.com/file/aspect-ratio-reference/aspect_ratio_reference_16x9.png"
  ],
  "output_format": "png"
}
2025-11-05 22:07:08 | DEBUG    | src.api.client:generate_image:86 - CRITICAL DEBUG - Constructed payload: {
  "num_images": 1,
  "image_input": [
    "https://f003.backblazeb2.com/file/aspect-ratio-reference/aspect_ratio_reference_16x9.png"
  ],
  "output_format": "png",
  "prompt": "A cinematic scene from the  1820s Stockholm, a young Jewish boy in a paper crown running joyfully through a candlelit room, his face lit with excitement, while Jewish families celebrate with a masquerade party, laughter and music filling the air as other children run between tables in the background. Shot on 35mm film in the style of Roger Deakins. Make the aspect ratio of the generated image the same as provided image"
}
2025-11-05 22:07:08 | DEBUG    | src.api.client:generate_image:89 - Original prompt: A cinematic scene from the  1820s Stockholm, a young Jewish boy in a paper crown running joyfully through a candlelit room, his face lit with excitement, while Jewish families celebrate with a masquerade party, laughter and music filling the air as other children run between tables in the background. Shot on 35mm film in the style of Roger Deakins. Make the aspect ratio of the generated image the same as provided image
2025-11-05 22:07:08 | DEBUG    | src.api.client:generate_image:90 - Clean prompt being sent: A cinematic scene from the  1820s Stockholm, a young Jewish boy in a paper crown running joyfully through a candlelit room, his face lit with excitement, while Jewish families celebrate with a masquerade party, laughter and music filling the air as other children run between tables in the background. Shot on 35mm film in the style of Roger Deakins. Make the aspect ratio of the generated image the same as provided image
2025-11-05 22:07:08 | DEBUG    | src.api.client:generate_image:91 - Clean prompt repr: 'A cinematic scene from the  1820s Stockholm, a young Jewish boy in a paper crown running joyfully through a candlelit room, his face lit with excitement, while Jewish families celebrate with a masquerade party, laughter and music filling the air as other children run between tables in the background. Shot on 35mm film in the style of Roger Deakins. Make the aspect ratio of the generated image the same as provided image'
2025-11-05 22:07:08 | DEBUG    | src.api.client:_call_with_retry:152 - API call attempt 1/3
2025-11-05 22:07:08 | DEBUG    | src.api.client:_call_with_retry:155 - CRITICAL DEBUG - Payload sent to replicate.run: {
  "num_images": 1,
  "image_input": [
    "https://f003.backblazeb2.com/file/aspect-ratio-reference/aspect_ratio_reference_16x9.png"
  ],
  "output_format": "png",
  "prompt": "A cinematic scene from the  1820s Stockholm, a young Jewish boy in a paper crown running joyfully through a candlelit room, his face lit with excitement, while Jewish families celebrate with a masquerade party, laughter and music filling the air as other children run between tables in the background. Shot on 35mm film in the style of Roger Deakins. Make the aspect ratio of the generated image the same as provided image"
}
2025-11-05 22:07:18 | DEBUG    | src.api.client:_call_with_retry:170 - API call successful
2025-11-05 22:07:18 | WARNING  | src.api.client:generate_image:117 - API PARAMETER FILTERING DETECTED:
2025-11-05 22:07:18 | WARNING  | src.api.client:generate_image:118 -   Model: google/nano-banana
2025-11-05 22:07:18 | WARNING  | src.api.client:generate_image:119 -   Filtered parameters: ['image_input']
2025-11-05 22:07:18 | WARNING  | src.api.client:generate_image:120 -   This means the model doesn't support these parameters
2025-11-05 22:07:19 | INFO     | src.output.writer:_save_to_disk:192 - Saved valid image: USER-FILES/05.OUTPUT/251105_220708_IMAGE/purim_party_001_IMAGE_220718_nano-banano16x9_deakins.png
2025-11-05 22:07:19 | DEBUG    | src.output.writer:_save_payload:257 - Saved payload to USER-FILES/05.OUTPUT/251105_220708_IMAGE/purim_party_001_IMAGE_220718_nano-banano16x9_deakins.md
2025-11-05 22:07:19 | INFO     | src.processing.processor:_generate_and_save_image:248 - Saved image: USER-FILES/05.OUTPUT/251105_220708_IMAGE/purim_party_001_IMAGE_220718_nano-banano16x9_deakins.png
2025-11-05 22:07:19 | INFO     | src.processing.discovery:load_prompts:63 - Loaded prompt from purim_party_002.txt
2025-11-05 22:07:19 | INFO     | src.processing.processor:_process_single_combination:119 - Processing combination 2/10: purim_party_002.txt + nano-banano16x9_deakins
2025-11-05 22:07:19 | DEBUG    | src.processing.processor:_apply_prompt_fixes:204 - Added prefix to prompt: A cinematic scene from the 
2025-11-05 22:07:19 | DEBUG    | src.processing.processor:_apply_prompt_fixes:208 - Added suffix to prompt: Shot on 35mm film in the style of Roger Deakins. Make the aspect ratio of the generated image the same as provided image
2025-11-05 22:07:19 | DEBUG    | src.processing.processor:_process_with_context:186 - Processing purim_party_002.txt: A cinematic scene from the  1820s Stockholm, a bea...
2025-11-05 22:07:19 | DEBUG    | src.api.client:generate_image:85 - CRITICAL DEBUG - Received params: {
  "num_images": 1,
  "image_input": [
    "https://f003.backblazeb2.com/file/aspect-ratio-reference/aspect_ratio_reference_16x9.png"
  ],
  "output_format": "png"
}
2025-11-05 22:07:19 | DEBUG    | src.api.client:generate_image:86 - CRITICAL DEBUG - Constructed payload: {
  "num_images": 1,
  "image_input": [
    "https://f003.backblazeb2.com/file/aspect-ratio-reference/aspect_ratio_reference_16x9.png"
  ],
  "output_format": "png",
  "prompt": "A cinematic scene from the  1820s Stockholm, a bearded Jewish man in formal attire raising his glass of wine in a toast at a masquerade celebration, his face warm with joy, while a long table laden with hamentashen, pickled fish, and bread stretches behind him with other guests raising their glasses. Shot on 35mm film in the style of Roger Deakins. Make the aspect ratio of the generated image the same as provided image"
}
2025-11-05 22:07:19 | DEBUG    | src.api.client:generate_image:89 - Original prompt: A cinematic scene from the  1820s Stockholm, a bearded Jewish man in formal attire raising his glass of wine in a toast at a masquerade celebration, his face warm with joy, while a long table laden with hamentashen, pickled fish, and bread stretches behind him with other guests raising their glasses. Shot on 35mm film in the style of Roger Deakins. Make the aspect ratio of the generated image the same as provided image
2025-11-05 22:07:19 | DEBUG    | src.api.client:generate_image:90 - Clean prompt being sent: A cinematic scene from the  1820s Stockholm, a bearded Jewish man in formal attire raising his glass of wine in a toast at a masquerade celebration, his face warm with joy, while a long table laden with hamentashen, pickled fish, and bread stretches behind him with other guests raising their glasses. Shot on 35mm film in the style of Roger Deakins. Make the aspect ratio of the generated image the same as provided image
2025-11-05 22:07:19 | DEBUG    | src.api.client:generate_image:91 - Clean prompt repr: 'A cinematic scene from the  1820s Stockholm, a bearded Jewish man in formal attire raising his glass of wine in a toast at a masquerade celebration, his face warm with joy, while a long table laden with hamentashen, pickled fish, and bread stretches behind him with other guests raising their glasses. Shot on 35mm film in the style of Roger Deakins. Make the aspect ratio of the generated image the same as provided image'
2025-11-05 22:07:19 | DEBUG    | src.api.client:_call_with_retry:152 - API call attempt 1/3
2025-11-05 22:07:19 | DEBUG    | src.api.client:_call_with_retry:155 - CRITICAL DEBUG - Payload sent to replicate.run: {
  "num_images": 1,
  "image_input": [
    "https://f003.backblazeb2.com/file/aspect-ratio-reference/aspect_ratio_reference_16x9.png"
  ],
  "output_format": "png",
  "prompt": "A cinematic scene from the  1820s Stockholm, a bearded Jewish man in formal attire raising his glass of wine in a toast at a masquerade celebration, his face warm with joy, while a long table laden with hamentashen, pickled fish, and bread stretches behind him with other guests raising their glasses. Shot on 35mm film in the style of Roger Deakins. Make the aspect ratio of the generated image the same as provided image"
}
2025-11-05 22:07:28 | DEBUG    | src.api.client:_call_with_retry:170 - API call successful
2025-11-05 22:07:28 | WARNING  | src.api.client:generate_image:117 - API PARAMETER FILTERING DETECTED:
2025-11-05 22:07:28 | WARNING  | src.api.client:generate_image:118 -   Model: google/nano-banana
2025-11-05 22:07:28 | WARNING  | src.api.client:generate_image:119 -   Filtered parameters: ['image_input']
2025-11-05 22:07:28 | WARNING  | src.api.client:generate_image:120 -   This means the model doesn't support these parameters
2025-11-05 22:07:30 | INFO     | src.output.writer:_save_to_disk:192 - Saved valid image: USER-FILES/05.OUTPUT/251105_220708_IMAGE/purim_party_002_IMAGE_220728_nano-banano16x9_deakins.png
2025-11-05 22:07:30 | DEBUG    | src.output.writer:_save_payload:257 - Saved payload to USER-FILES/05.OUTPUT/251105_220708_IMAGE/purim_party_002_IMAGE_220728_nano-banano16x9_deakins.md
2025-11-05 22:07:30 | INFO     | src.processing.processor:_generate_and_save_image:248 - Saved image: USER-FILES/05.OUTPUT/251105_220708_IMAGE/purim_party_002_IMAGE_220728_nano-banano16x9_deakins.png
2025-11-05 22:07:30 | INFO     | src.processing.discovery:load_prompts:63 - Loaded prompt from purim_party_003.txt
2025-11-05 22:07:30 | INFO     | src.processing.processor:_process_single_combination:119 - Processing combination 3/10: purim_party_003.txt + nano-banano16x9_deakins
2025-11-05 22:07:30 | DEBUG    | src.processing.processor:_apply_prompt_fixes:204 - Added prefix to prompt: A cinematic scene from the 
2025-11-05 22:07:30 | DEBUG    | src.processing.processor:_apply_prompt_fixes:208 - Added suffix to prompt: Shot on 35mm film in the style of Roger Deakins. Make the aspect ratio of the generated image the same as provided image
2025-11-05 22:07:30 | DEBUG    | src.processing.processor:_process_with_context:186 - Processing purim_party_003.txt: A cinematic scene from the  1820s Stockholm, a rab...
2025-11-05 22:07:30 | DEBUG    | src.api.client:generate_image:85 - CRITICAL DEBUG - Received params: {
  "num_images": 1,
  "image_input": [
    "https://f003.backblazeb2.com/file/aspect-ratio-reference/aspect_ratio_reference_16x9.png"
  ],
  "output_format": "png"
}
2025-11-05 22:07:30 | DEBUG    | src.api.client:generate_image:86 - CRITICAL DEBUG - Constructed payload: {
  "num_images": 1,
  "image_input": [
    "https://f003.backblazeb2.com/file/aspect-ratio-reference/aspect_ratio_reference_16x9.png"
  ],
  "output_format": "png",
  "prompt": "A cinematic scene from the  1820s Stockholm, a rabbi in traditional garments standing near a small ark reading from an ancient scroll during a Jewish masquerade celebration, his finger following the text, while a crowd listens intently behind him. Shot on 35mm film in the style of Roger Deakins. Make the aspect ratio of the generated image the same as provided image"
}
2025-11-05 22:07:30 | DEBUG    | src.api.client:generate_image:89 - Original prompt: A cinematic scene from the  1820s Stockholm, a rabbi in traditional garments standing near a small ark reading from an ancient scroll during a Jewish masquerade celebration, his finger following the text, while a crowd listens intently behind him. Shot on 35mm film in the style of Roger Deakins. Make the aspect ratio of the generated image the same as provided image
2025-11-05 22:07:30 | DEBUG    | src.api.client:generate_image:90 - Clean prompt being sent: A cinematic scene from the  1820s Stockholm, a rabbi in traditional garments standing near a small ark reading from an ancient scroll during a Jewish masquerade celebration, his finger following the text, while a crowd listens intently behind him. Shot on 35mm film in the style of Roger Deakins. Make the aspect ratio of the generated image the same as provided image
2025-11-05 22:07:30 | DEBUG    | src.api.client:generate_image:91 - Clean prompt repr: 'A cinematic scene from the  1820s Stockholm, a rabbi in traditional garments standing near a small ark reading from an ancient scroll during a Jewish masquerade celebration, his finger following the text, while a crowd listens intently behind him. Shot on 35mm film in the style of Roger Deakins. Make the aspect ratio of the generated image the same as provided image'
2025-11-05 22:07:30 | DEBUG    | src.api.client:_call_with_retry:152 - API call attempt 1/3
2025-11-05 22:07:30 | DEBUG    | src.api.client:_call_with_retry:155 - CRITICAL DEBUG - Payload sent to replicate.run: {
  "num_images": 1,
  "image_input": [
    "https://f003.backblazeb2.com/file/aspect-ratio-reference/aspect_ratio_reference_16x9.png"
  ],
  "output_format": "png",
  "prompt": "A cinematic scene from the  1820s Stockholm, a rabbi in traditional garments standing near a small ark reading from an ancient scroll during a Jewish masquerade celebration, his finger following the text, while a crowd listens intently behind him. Shot on 35mm film in the style of Roger Deakins. Make the aspect ratio of the generated image the same as provided image"
}
2025-11-05 22:07:39 | DEBUG    | src.api.client:_call_with_retry:170 - API call successful
2025-11-05 22:07:39 | WARNING  | src.api.client:generate_image:117 - API PARAMETER FILTERING DETECTED:
2025-11-05 22:07:39 | WARNING  | src.api.client:generate_image:118 -   Model: google/nano-banana
2025-11-05 22:07:39 | WARNING  | src.api.client:generate_image:119 -   Filtered parameters: ['image_input']
2025-11-05 22:07:39 | WARNING  | src.api.client:generate_image:120 -   This means the model doesn't support these parameters
2025-11-05 22:07:40 | INFO     | src.output.writer:_save_to_disk:192 - Saved valid image: USER-FILES/05.OUTPUT/251105_220708_IMAGE/purim_party_003_IMAGE_220739_nano-banano16x9_deakins.png
2025-11-05 22:07:40 | DEBUG    | src.output.writer:_save_payload:257 - Saved payload to USER-FILES/05.OUTPUT/251105_220708_IMAGE/purim_party_003_IMAGE_220739_nano-banano16x9_deakins.md
2025-11-05 22:07:40 | INFO     | src.processing.processor:_generate_and_save_image:248 - Saved image: USER-FILES/05.OUTPUT/251105_220708_IMAGE/purim_party_003_IMAGE_220739_nano-banano16x9_deakins.png
2025-11-05 22:07:40 | INFO     | src.processing.discovery:load_prompts:63 - Loaded prompt from purim_party_004.txt
2025-11-05 22:07:40 | INFO     | src.processing.processor:_process_single_combination:119 - Processing combination 4/10: purim_party_004.txt + nano-banano16x9_deakins
2025-11-05 22:07:40 | DEBUG    | src.processing.processor:_apply_prompt_fixes:204 - Added prefix to prompt: A cinematic scene from the 
2025-11-05 22:07:40 | DEBUG    | src.processing.processor:_apply_prompt_fixes:208 - Added suffix to prompt: Shot on 35mm film in the style of Roger Deakins. Make the aspect ratio of the generated image the same as provided image
2025-11-05 22:07:40 | DEBUG    | src.processing.processor:_process_with_context:186 - Processing purim_party_004.txt: A cinematic scene from the  1820s Stockholm, a Jew...
2025-11-05 22:07:40 | DEBUG    | src.api.client:generate_image:85 - CRITICAL DEBUG - Received params: {
  "num_images": 1,
  "image_input": [
    "https://f003.backblazeb2.com/file/aspect-ratio-reference/aspect_ratio_reference_16x9.png"
  ],
  "output_format": "png"
}
2025-11-05 22:07:40 | DEBUG    | src.api.client:generate_image:86 - CRITICAL DEBUG - Constructed payload: {
  "num_images": 1,
  "image_input": [
    "https://f003.backblazeb2.com/file/aspect-ratio-reference/aspect_ratio_reference_16x9.png"
  ],
  "output_format": "png",
  "prompt": "A cinematic scene from the  1820s Stockholm, a Jewish fiddler in simple clothing playing a lively tune with passionate expression at a masquerade celebration, his bow moving swiftly across the strings, while couples dance in circles on worn wooden floors behind him. Shot on 35mm film in the style of Roger Deakins. Make the aspect ratio of the generated image the same as provided image"
}
2025-11-05 22:07:40 | DEBUG    | src.api.client:generate_image:89 - Original prompt: A cinematic scene from the  1820s Stockholm, a Jewish fiddler in simple clothing playing a lively tune with passionate expression at a masquerade celebration, his bow moving swiftly across the strings, while couples dance in circles on worn wooden floors behind him. Shot on 35mm film in the style of Roger Deakins. Make the aspect ratio of the generated image the same as provided image
2025-11-05 22:07:40 | DEBUG    | src.api.client:generate_image:90 - Clean prompt being sent: A cinematic scene from the  1820s Stockholm, a Jewish fiddler in simple clothing playing a lively tune with passionate expression at a masquerade celebration, his bow moving swiftly across the strings, while couples dance in circles on worn wooden floors behind him. Shot on 35mm film in the style of Roger Deakins. Make the aspect ratio of the generated image the same as provided image
2025-11-05 22:07:40 | DEBUG    | src.api.client:generate_image:91 - Clean prompt repr: 'A cinematic scene from the  1820s Stockholm, a Jewish fiddler in simple clothing playing a lively tune with passionate expression at a masquerade celebration, his bow moving swiftly across the strings, while couples dance in circles on worn wooden floors behind him. Shot on 35mm film in the style of Roger Deakins. Make the aspect ratio of the generated image the same as provided image'
2025-11-05 22:07:40 | DEBUG    | src.api.client:_call_with_retry:152 - API call attempt 1/3
2025-11-05 22:07:40 | DEBUG    | src.api.client:_call_with_retry:155 - CRITICAL DEBUG - Payload sent to replicate.run: {
  "num_images": 1,
  "image_input": [
    "https://f003.backblazeb2.com/file/aspect-ratio-reference/aspect_ratio_reference_16x9.png"
  ],
  "output_format": "png",
  "prompt": "A cinematic scene from the  1820s Stockholm, a Jewish fiddler in simple clothing playing a lively tune with passionate expression at a masquerade celebration, his bow moving swiftly across the strings, while couples dance in circles on worn wooden floors behind him. Shot on 35mm film in the style of Roger Deakins. Make the aspect ratio of the generated image the same as provided image"
}
2025-11-05 22:07:49 | DEBUG    | src.api.client:_call_with_retry:170 - API call successful
2025-11-05 22:07:49 | WARNING  | src.api.client:generate_image:117 - API PARAMETER FILTERING DETECTED:
2025-11-05 22:07:49 | WARNING  | src.api.client:generate_image:118 -   Model: google/nano-banana
2025-11-05 22:07:49 | WARNING  | src.api.client:generate_image:119 -   Filtered parameters: ['image_input']
2025-11-05 22:07:49 | WARNING  | src.api.client:generate_image:120 -   This means the model doesn't support these parameters
2025-11-05 22:07:50 | INFO     | src.output.writer:_save_to_disk:192 - Saved valid image: USER-FILES/05.OUTPUT/251105_220708_IMAGE/purim_party_004_IMAGE_220749_nano-banano16x9_deakins.png
2025-11-05 22:07:50 | DEBUG    | src.output.writer:_save_payload:257 - Saved payload to USER-FILES/05.OUTPUT/251105_220708_IMAGE/purim_party_004_IMAGE_220749_nano-banano16x9_deakins.md
2025-11-05 22:07:50 | INFO     | src.processing.processor:_generate_and_save_image:248 - Saved image: USER-FILES/05.OUTPUT/251105_220708_IMAGE/purim_party_004_IMAGE_220749_nano-banano16x9_deakins.png
2025-11-05 22:07:50 | INFO     | src.processing.discovery:load_prompts:63 - Loaded prompt from purim_party_005.txt
2025-11-05 22:07:50 | INFO     | src.processing.processor:_process_single_combination:119 - Processing combination 5/10: purim_party_005.txt + nano-banano16x9_deakins
2025-11-05 22:07:50 | DEBUG    | src.processing.processor:_apply_prompt_fixes:204 - Added prefix to prompt: A cinematic scene from the 
2025-11-05 22:07:50 | DEBUG    | src.processing.processor:_apply_prompt_fixes:208 - Added suffix to prompt: Shot on 35mm film in the style of Roger Deakins. Make the aspect ratio of the generated image the same as provided image
2025-11-05 22:07:50 | DEBUG    | src.processing.processor:_process_with_context:186 - Processing purim_party_005.txt: A cinematic scene from the  1820s Stockholm, a you...
2025-11-05 22:07:50 | DEBUG    | src.api.client:generate_image:85 - CRITICAL DEBUG - Received params: {
  "num_images": 1,
  "image_input": [
    "https://f003.backblazeb2.com/file/aspect-ratio-reference/aspect_ratio_reference_16x9.png"
  ],
  "output_format": "png"
}
2025-11-05 22:07:50 | DEBUG    | src.api.client:generate_image:86 - CRITICAL DEBUG - Constructed payload: {
  "num_images": 1,
  "image_input": [
    "https://f003.backblazeb2.com/file/aspect-ratio-reference/aspect_ratio_reference_16x9.png"
  ],
  "output_format": "png",
  "prompt": "A cinematic scene from the  1820s Stockholm, a young Jewish girl in a colorful homemade costume and mask leading a masquerade parade, her arms outstretched dramatically, while other costumed children follow behind her and adults watch with delight from the sides. Shot on 35mm film in the style of Roger Deakins. Make the aspect ratio of the generated image the same as provided image"
}
2025-11-05 22:07:50 | DEBUG    | src.api.client:generate_image:89 - Original prompt: A cinematic scene from the  1820s Stockholm, a young Jewish girl in a colorful homemade costume and mask leading a masquerade parade, her arms outstretched dramatically, while other costumed children follow behind her and adults watch with delight from the sides. Shot on 35mm film in the style of Roger Deakins. Make the aspect ratio of the generated image the same as provided image
2025-11-05 22:07:50 | DEBUG    | src.api.client:generate_image:90 - Clean prompt being sent: A cinematic scene from the  1820s Stockholm, a young Jewish girl in a colorful homemade costume and mask leading a masquerade parade, her arms outstretched dramatically, while other costumed children follow behind her and adults watch with delight from the sides. Shot on 35mm film in the style of Roger Deakins. Make the aspect ratio of the generated image the same as provided image
2025-11-05 22:07:50 | DEBUG    | src.api.client:generate_image:91 - Clean prompt repr: 'A cinematic scene from the  1820s Stockholm, a young Jewish girl in a colorful homemade costume and mask leading a masquerade parade, her arms outstretched dramatically, while other costumed children follow behind her and adults watch with delight from the sides. Shot on 35mm film in the style of Roger Deakins. Make the aspect ratio of the generated image the same as provided image'
2025-11-05 22:07:50 | DEBUG    | src.api.client:_call_with_retry:152 - API call attempt 1/3
2025-11-05 22:07:50 | DEBUG    | src.api.client:_call_with_retry:155 - CRITICAL DEBUG - Payload sent to replicate.run: {
  "num_images": 1,
  "image_input": [
    "https://f003.backblazeb2.com/file/aspect-ratio-reference/aspect_ratio_reference_16x9.png"
  ],
  "output_format": "png",
  "prompt": "A cinematic scene from the  1820s Stockholm, a young Jewish girl in a colorful homemade costume and mask leading a masquerade parade, her arms outstretched dramatically, while other costumed children follow behind her and adults watch with delight from the sides. Shot on 35mm film in the style of Roger Deakins. Make the aspect ratio of the generated image the same as provided image"
}
2025-11-05 22:07:59 | DEBUG    | src.api.client:_call_with_retry:170 - API call successful
2025-11-05 22:07:59 | WARNING  | src.api.client:generate_image:117 - API PARAMETER FILTERING DETECTED:
2025-11-05 22:07:59 | WARNING  | src.api.client:generate_image:118 -   Model: google/nano-banana
2025-11-05 22:07:59 | WARNING  | src.api.client:generate_image:119 -   Filtered parameters: ['image_input']
2025-11-05 22:07:59 | WARNING  | src.api.client:generate_image:120 -   This means the model doesn't support these parameters
2025-11-05 22:08:00 | INFO     | src.output.writer:_save_to_disk:192 - Saved valid image: USER-FILES/05.OUTPUT/251105_220708_IMAGE/purim_party_005_IMAGE_220759_nano-banano16x9_deakins.png
2025-11-05 22:08:00 | DEBUG    | src.output.writer:_save_payload:257 - Saved payload to USER-FILES/05.OUTPUT/251105_220708_IMAGE/purim_party_005_IMAGE_220759_nano-banano16x9_deakins.md
2025-11-05 22:08:00 | INFO     | src.processing.processor:_generate_and_save_image:248 - Saved image: USER-FILES/05.OUTPUT/251105_220708_IMAGE/purim_party_005_IMAGE_220759_nano-banano16x9_deakins.png
2025-11-05 22:08:00 | INFO     | src.processing.discovery:load_prompts:63 - Loaded prompt from purim_party_006.txt
2025-11-05 22:08:00 | INFO     | src.processing.processor:_process_single_combination:119 - Processing combination 6/10: purim_party_006.txt + nano-banano16x9_deakins
2025-11-05 22:08:00 | DEBUG    | src.processing.processor:_apply_prompt_fixes:204 - Added prefix to prompt: A cinematic scene from the 
2025-11-05 22:08:00 | DEBUG    | src.processing.processor:_apply_prompt_fixes:208 - Added suffix to prompt: Shot on 35mm film in the style of Roger Deakins. Make the aspect ratio of the generated image the same as provided image
2025-11-05 22:08:00 | DEBUG    | src.processing.processor:_process_with_context:186 - Processing purim_party_006.txt: A cinematic scene from the  1820s Stockholm, a Jew...
2025-11-05 22:08:00 | DEBUG    | src.api.client:generate_image:85 - CRITICAL DEBUG - Received params: {
  "num_images": 1,
  "image_input": [
    "https://f003.backblazeb2.com/file/aspect-ratio-reference/aspect_ratio_reference_16x9.png"
  ],
  "output_format": "png"
}
2025-11-05 22:08:00 | DEBUG    | src.api.client:generate_image:86 - CRITICAL DEBUG - Constructed payload: {
  "num_images": 1,
  "image_input": [
    "https://f003.backblazeb2.com/file/aspect-ratio-reference/aspect_ratio_reference_16x9.png"
  ],
  "output_format": "png",
  "prompt": "A cinematic scene from the  1820s Stockholm, a Jewish woman in a modest dress carefully lighting candles at a masquerade celebration, the warm glow illuminating her face, while other women serve pastries from trays in the background. Shot on 35mm film in the style of Roger Deakins. Make the aspect ratio of the generated image the same as provided image"
}
2025-11-05 22:08:00 | DEBUG    | src.api.client:generate_image:89 - Original prompt: A cinematic scene from the  1820s Stockholm, a Jewish woman in a modest dress carefully lighting candles at a masquerade celebration, the warm glow illuminating her face, while other women serve pastries from trays in the background. Shot on 35mm film in the style of Roger Deakins. Make the aspect ratio of the generated image the same as provided image
2025-11-05 22:08:00 | DEBUG    | src.api.client:generate_image:90 - Clean prompt being sent: A cinematic scene from the  1820s Stockholm, a Jewish woman in a modest dress carefully lighting candles at a masquerade celebration, the warm glow illuminating her face, while other women serve pastries from trays in the background. Shot on 35mm film in the style of Roger Deakins. Make the aspect ratio of the generated image the same as provided image
2025-11-05 22:08:00 | DEBUG    | src.api.client:generate_image:91 - Clean prompt repr: 'A cinematic scene from the  1820s Stockholm, a Jewish woman in a modest dress carefully lighting candles at a masquerade celebration, the warm glow illuminating her face, while other women serve pastries from trays in the background. Shot on 35mm film in the style of Roger Deakins. Make the aspect ratio of the generated image the same as provided image'
2025-11-05 22:08:00 | DEBUG    | src.api.client:_call_with_retry:152 - API call attempt 1/3
2025-11-05 22:08:00 | DEBUG    | src.api.client:_call_with_retry:155 - CRITICAL DEBUG - Payload sent to replicate.run: {
  "num_images": 1,
  "image_input": [
    "https://f003.backblazeb2.com/file/aspect-ratio-reference/aspect_ratio_reference_16x9.png"
  ],
  "output_format": "png",
  "prompt": "A cinematic scene from the  1820s Stockholm, a Jewish woman in a modest dress carefully lighting candles at a masquerade celebration, the warm glow illuminating her face, while other women serve pastries from trays in the background. Shot on 35mm film in the style of Roger Deakins. Make the aspect ratio of the generated image the same as provided image"
}
2025-11-05 22:08:09 | DEBUG    | src.api.client:_call_with_retry:170 - API call successful
2025-11-05 22:08:09 | WARNING  | src.api.client:generate_image:117 - API PARAMETER FILTERING DETECTED:
2025-11-05 22:08:09 | WARNING  | src.api.client:generate_image:118 -   Model: google/nano-banana
2025-11-05 22:08:09 | WARNING  | src.api.client:generate_image:119 -   Filtered parameters: ['image_input']
2025-11-05 22:08:09 | WARNING  | src.api.client:generate_image:120 -   This means the model doesn't support these parameters
2025-11-05 22:08:10 | INFO     | src.output.writer:_save_to_disk:192 - Saved valid image: USER-FILES/05.OUTPUT/251105_220708_IMAGE/purim_party_006_IMAGE_220809_nano-banano16x9_deakins.png
2025-11-05 22:08:10 | DEBUG    | src.output.writer:_save_payload:257 - Saved payload to USER-FILES/05.OUTPUT/251105_220708_IMAGE/purim_party_006_IMAGE_220809_nano-banano16x9_deakins.md
2025-11-05 22:08:10 | INFO     | src.processing.processor:_generate_and_save_image:248 - Saved image: USER-FILES/05.OUTPUT/251105_220708_IMAGE/purim_party_006_IMAGE_220809_nano-banano16x9_deakins.png
2025-11-05 22:08:10 | INFO     | src.processing.discovery:load_prompts:63 - Loaded prompt from purim_party_007.txt
2025-11-05 22:08:10 | INFO     | src.processing.processor:_process_single_combination:119 - Processing combination 7/10: purim_party_007.txt + nano-banano16x9_deakins
2025-11-05 22:08:10 | DEBUG    | src.processing.processor:_apply_prompt_fixes:204 - Added prefix to prompt: A cinematic scene from the 
2025-11-05 22:08:10 | DEBUG    | src.processing.processor:_apply_prompt_fixes:208 - Added suffix to prompt: Shot on 35mm film in the style of Roger Deakins. Make the aspect ratio of the generated image the same as provided image
2025-11-05 22:08:10 | DEBUG    | src.processing.processor:_process_with_context:186 - Processing purim_party_007.txt: A cinematic scene from the  1820s Stockholm, a Jew...
2025-11-05 22:08:10 | DEBUG    | src.api.client:generate_image:85 - CRITICAL DEBUG - Received params: {
  "num_images": 1,
  "image_input": [
    "https://f003.backblazeb2.com/file/aspect-ratio-reference/aspect_ratio_reference_16x9.png"
  ],
  "output_format": "png"
}
2025-11-05 22:08:10 | DEBUG    | src.api.client:generate_image:86 - CRITICAL DEBUG - Constructed payload: {
  "num_images": 1,
  "image_input": [
    "https://f003.backblazeb2.com/file/aspect-ratio-reference/aspect_ratio_reference_16x9.png"
  ],
  "output_format": "png",
  "prompt": "A cinematic scene from the  1820s Stockholm, a Jewish man at a masquerade celebration laying down cards with a triumphant smile, his face animated with laughter, while other men sit around the small table and smoke from clay pipes curls in the air behind him. Shot on 35mm film in the style of Roger Deakins. Make the aspect ratio of the generated image the same as provided image"
}
2025-11-05 22:08:10 | DEBUG    | src.api.client:generate_image:89 - Original prompt: A cinematic scene from the  1820s Stockholm, a Jewish man at a masquerade celebration laying down cards with a triumphant smile, his face animated with laughter, while other men sit around the small table and smoke from clay pipes curls in the air behind him. Shot on 35mm film in the style of Roger Deakins. Make the aspect ratio of the generated image the same as provided image
2025-11-05 22:08:10 | DEBUG    | src.api.client:generate_image:90 - Clean prompt being sent: A cinematic scene from the  1820s Stockholm, a Jewish man at a masquerade celebration laying down cards with a triumphant smile, his face animated with laughter, while other men sit around the small table and smoke from clay pipes curls in the air behind him. Shot on 35mm film in the style of Roger Deakins. Make the aspect ratio of the generated image the same as provided image
2025-11-05 22:08:10 | DEBUG    | src.api.client:generate_image:91 - Clean prompt repr: 'A cinematic scene from the  1820s Stockholm, a Jewish man at a masquerade celebration laying down cards with a triumphant smile, his face animated with laughter, while other men sit around the small table and smoke from clay pipes curls in the air behind him. Shot on 35mm film in the style of Roger Deakins. Make the aspect ratio of the generated image the same as provided image'
2025-11-05 22:08:10 | DEBUG    | src.api.client:_call_with_retry:152 - API call attempt 1/3
2025-11-05 22:08:10 | DEBUG    | src.api.client:_call_with_retry:155 - CRITICAL DEBUG - Payload sent to replicate.run: {
  "num_images": 1,
  "image_input": [
    "https://f003.backblazeb2.com/file/aspect-ratio-reference/aspect_ratio_reference_16x9.png"
  ],
  "output_format": "png",
  "prompt": "A cinematic scene from the  1820s Stockholm, a Jewish man at a masquerade celebration laying down cards with a triumphant smile, his face animated with laughter, while other men sit around the small table and smoke from clay pipes curls in the air behind him. Shot on 35mm film in the style of Roger Deakins. Make the aspect ratio of the generated image the same as provided image"
}
2025-11-05 22:08:20 | DEBUG    | src.api.client:_call_with_retry:170 - API call successful
2025-11-05 22:08:20 | WARNING  | src.api.client:generate_image:117 - API PARAMETER FILTERING DETECTED:
2025-11-05 22:08:20 | WARNING  | src.api.client:generate_image:118 -   Model: google/nano-banana
2025-11-05 22:08:20 | WARNING  | src.api.client:generate_image:119 -   Filtered parameters: ['image_input']
2025-11-05 22:08:20 | WARNING  | src.api.client:generate_image:120 -   This means the model doesn't support these parameters
2025-11-05 22:08:21 | INFO     | src.output.writer:_save_to_disk:192 - Saved valid image: USER-FILES/05.OUTPUT/251105_220708_IMAGE/purim_party_007_IMAGE_220820_nano-banano16x9_deakins.png
2025-11-05 22:08:21 | DEBUG    | src.output.writer:_save_payload:257 - Saved payload to USER-FILES/05.OUTPUT/251105_220708_IMAGE/purim_party_007_IMAGE_220820_nano-banano16x9_deakins.md
2025-11-05 22:08:21 | INFO     | src.processing.processor:_generate_and_save_image:248 - Saved image: USER-FILES/05.OUTPUT/251105_220708_IMAGE/purim_party_007_IMAGE_220820_nano-banano16x9_deakins.png
2025-11-05 22:08:21 | INFO     | src.processing.discovery:load_prompts:63 - Loaded prompt from purim_party_008.txt
2025-11-05 22:08:21 | INFO     | src.processing.processor:_process_single_combination:119 - Processing combination 8/10: purim_party_008.txt + nano-banano16x9_deakins
2025-11-05 22:08:21 | DEBUG    | src.processing.processor:_apply_prompt_fixes:204 - Added prefix to prompt: A cinematic scene from the 
2025-11-05 22:08:21 | DEBUG    | src.processing.processor:_apply_prompt_fixes:208 - Added suffix to prompt: Shot on 35mm film in the style of Roger Deakins. Make the aspect ratio of the generated image the same as provided image
2025-11-05 22:08:21 | DEBUG    | src.processing.processor:_process_with_context:186 - Processing purim_party_008.txt: A cinematic scene from the  1820s Stockholm, a Jew...
2025-11-05 22:08:21 | DEBUG    | src.api.client:generate_image:85 - CRITICAL DEBUG - Received params: {
  "num_images": 1,
  "image_input": [
    "https://f003.backblazeb2.com/file/aspect-ratio-reference/aspect_ratio_reference_16x9.png"
  ],
  "output_format": "png"
}
2025-11-05 22:08:21 | DEBUG    | src.api.client:generate_image:86 - CRITICAL DEBUG - Constructed payload: {
  "num_images": 1,
  "image_input": [
    "https://f003.backblazeb2.com/file/aspect-ratio-reference/aspect_ratio_reference_16x9.png"
  ],
  "output_format": "png",
  "prompt": "A cinematic scene from the  1820s Stockholm, a Jewish child energetically turning a wooden noisemaker at a masquerade celebration, his face full of concentration and glee, while adults in festive costumes and masks stand behind him listening to a reading. Shot on 35mm film in the style of Roger Deakins. Make the aspect ratio of the generated image the same as provided image"
}
2025-11-05 22:08:21 | DEBUG    | src.api.client:generate_image:89 - Original prompt: A cinematic scene from the  1820s Stockholm, a Jewish child energetically turning a wooden noisemaker at a masquerade celebration, his face full of concentration and glee, while adults in festive costumes and masks stand behind him listening to a reading. Shot on 35mm film in the style of Roger Deakins. Make the aspect ratio of the generated image the same as provided image
2025-11-05 22:08:21 | DEBUG    | src.api.client:generate_image:90 - Clean prompt being sent: A cinematic scene from the  1820s Stockholm, a Jewish child energetically turning a wooden noisemaker at a masquerade celebration, his face full of concentration and glee, while adults in festive costumes and masks stand behind him listening to a reading. Shot on 35mm film in the style of Roger Deakins. Make the aspect ratio of the generated image the same as provided image
2025-11-05 22:08:21 | DEBUG    | src.api.client:generate_image:91 - Clean prompt repr: 'A cinematic scene from the  1820s Stockholm, a Jewish child energetically turning a wooden noisemaker at a masquerade celebration, his face full of concentration and glee, while adults in festive costumes and masks stand behind him listening to a reading. Shot on 35mm film in the style of Roger Deakins. Make the aspect ratio of the generated image the same as provided image'
2025-11-05 22:08:21 | DEBUG    | src.api.client:_call_with_retry:152 - API call attempt 1/3
2025-11-05 22:08:21 | DEBUG    | src.api.client:_call_with_retry:155 - CRITICAL DEBUG - Payload sent to replicate.run: {
  "num_images": 1,
  "image_input": [
    "https://f003.backblazeb2.com/file/aspect-ratio-reference/aspect_ratio_reference_16x9.png"
  ],
  "output_format": "png",
  "prompt": "A cinematic scene from the  1820s Stockholm, a Jewish child energetically turning a wooden noisemaker at a masquerade celebration, his face full of concentration and glee, while adults in festive costumes and masks stand behind him listening to a reading. Shot on 35mm film in the style of Roger Deakins. Make the aspect ratio of the generated image the same as provided image"
}
2025-11-05 22:08:23 | WARNING  | __main__:main:350 - Interrupted by user
