2025-11-05 23:03:38 | INFO     | src.utils.logging:setup_logging:39 - Logging configured (verbose=False, debug=False)
2025-11-05 23:03:38 | INFO     | __main__:setup_environment:79 - Environment initialized
2025-11-05 23:03:38 | INFO     | __main__:load_and_validate_config:84 - Loading configuration...
2025-11-05 23:03:38 | INFO     | src.config.loader:load_config:42 - Loaded configuration from USER-FILES/01.CONFIG/config.yaml
2025-11-05 23:03:38 | INFO     | __main__:authenticate_for_mode:273 - Authenticating with 1Password...
2025-11-05 23:03:42 | DEBUG    | src.auth.session_manager:ensure_op_auth:39 - 1Password session is active
2025-11-05 23:03:43 | DEBUG    | src.auth.session_manager:ensure_op_auth:39 - 1Password session is active
2025-11-05 23:03:43 | DEBUG    | src.auth.auth:load_auth_config:28 - Using auth config: auth_ruben.yaml
2025-11-05 23:03:45 | DEBUG    | src.auth.auth:get_api_key:77 - Retrieved API key: r8_K...
2025-11-05 23:03:45 | INFO     | __main__:discover_inputs_and_profiles:92 - Discovering inputs...
2025-11-05 23:03:45 | DEBUG    | src.processing.discovery:discover_prompt_files:40 - Found prompt file: purim_party_006.txt
2025-11-05 23:03:45 | DEBUG    | src.processing.discovery:discover_prompt_files:40 - Found prompt file: purim_party_007.txt
2025-11-05 23:03:45 | DEBUG    | src.processing.discovery:discover_prompt_files:40 - Found prompt file: purim_party_005.txt
2025-11-05 23:03:45 | DEBUG    | src.processing.discovery:discover_prompt_files:40 - Found prompt file: purim_party_004.txt
2025-11-05 23:03:45 | DEBUG    | src.processing.discovery:discover_prompt_files:40 - Found prompt file: purim_party_010.txt
2025-11-05 23:03:45 | DEBUG    | src.processing.discovery:discover_prompt_files:40 - Found prompt file: purim_party_001.txt
2025-11-05 23:03:45 | DEBUG    | src.processing.discovery:discover_prompt_files:40 - Found prompt file: purim_party_003.txt
2025-11-05 23:03:45 | DEBUG    | src.processing.discovery:discover_prompt_files:40 - Found prompt file: purim_party_002.txt
2025-11-05 23:03:45 | DEBUG    | src.processing.discovery:discover_prompt_files:40 - Found prompt file: purim_party_009.txt
2025-11-05 23:03:45 | DEBUG    | src.processing.discovery:discover_prompt_files:40 - Found prompt file: purim_party_008.txt
2025-11-05 23:03:45 | INFO     | src.processing.discovery:discover_prompt_files:45 - Discovered 10 prompt files
2025-11-05 23:03:45 | DEBUG    | src.processing.discovery:discover_profiles:93 - Loaded profile: USER-FILES/03.PROFILES/nano-banano16x9_deakins.yaml
2025-11-05 23:03:45 | INFO     | src.processing.discovery:discover_profiles:97 - Loaded 1 profiles
2025-11-05 23:03:45 | INFO     | src.processing.discovery:get_active_models:135 - Found profile: nano-banano16x9_deakins
2025-11-05 23:03:45 | INFO     | src.processing.discovery:get_active_models:140 - Total profiles to process: 1
2025-11-05 23:03:45 | INFO     | src.config.validator:validate_all:26 - All configuration validation passed
2025-11-05 23:03:45 | INFO     | __main__:initialize_services:186 - Output directory: USER-FILES/05.OUTPUT/251105_230345_IMAGE
2025-11-05 23:03:45 | INFO     | __main__:execute_processing:221 - Starting matrix processing...
2025-11-05 23:03:45 | DEBUG    | src.processing.validator:validate_operational_requirements:23 - Profile 'nano-banano16x9_deakins' operational validation passed
2025-11-05 23:03:45 | INFO     | src.processing.processor:process_all:60 - Processing 10 combinations (10 files × 1 profiles)
2025-11-05 23:03:45 | INFO     | src.processing.discovery:load_prompts:63 - Loaded prompt from purim_party_001.txt
2025-11-05 23:03:45 | INFO     | src.processing.processor:_process_single_combination:119 - Processing combination 1/10: purim_party_001.txt + nano-banano16x9_deakins
2025-11-05 23:03:45 | DEBUG    | src.processing.processor:_apply_prompt_fixes:204 - Added prefix to prompt: A cinematic scene from the 
2025-11-05 23:03:45 | DEBUG    | src.processing.processor:_apply_prompt_fixes:208 - Added suffix to prompt: Handheld shot on 35mm film in the style of Roger Deakins. Diagonal room composition Make the aspect ratio of the generated image the same as provided image
2025-11-05 23:03:45 | DEBUG    | src.processing.processor:_process_with_context:186 - Processing purim_party_001.txt: A cinematic scene from the  Handheld POV shot foll...
2025-11-05 23:03:45 | DEBUG    | src.api.client:generate_image:85 - CRITICAL DEBUG - Received params: {
  "num_images": 1,
  "image_input": [
    "https://f003.backblazeb2.com/file/aspect-ratio-reference/aspect_ratio_reference_16x9.png"
  ],
  "output_format": "png"
}
2025-11-05 23:03:45 | DEBUG    | src.api.client:generate_image:86 - CRITICAL DEBUG - Constructed payload: {
  "num_images": 1,
  "image_input": [
    "https://f003.backblazeb2.com/file/aspect-ratio-reference/aspect_ratio_reference_16x9.png"
  ],
  "output_format": "png",
  "prompt": "A cinematic scene from the  Handheld POV shot following behind the back of a young Jewish boy dressed as a Maharaja with an ornate turban and richly embroidered vest running joyfully through a lavish candlelit parlor in a wealthy private home in 1820s Stockholm, waving a wooden noisemaker in the air. We only see from the middle of his back to the top of his head. Elegantly dressed family members in elaborate oriental and masked villain costumes mingle around an opulent table laden with food in the background in motion blur, documentary style, extreme radial motion blur. Handheld shot on 35mm film in the style of Roger Deakins. Diagonal room composition Make the aspect ratio of the generated image the same as provided image"
}
2025-11-05 23:03:45 | DEBUG    | src.api.client:generate_image:89 - Original prompt: A cinematic scene from the  Handheld POV shot following behind the back of a young Jewish boy dressed as a Maharaja with an ornate turban and richly embroidered vest running joyfully through a lavish candlelit parlor in a wealthy private home in 1820s Stockholm, waving a wooden noisemaker in the air. We only see from the middle of his back to the top of his head. Elegantly dressed family members in elaborate oriental and masked villain costumes mingle around an opulent table laden with food in the background in motion blur, documentary style, extreme radial motion blur. Handheld shot on 35mm film in the style of Roger Deakins. Diagonal room composition Make the aspect ratio of the generated image the same as provided image
2025-11-05 23:03:45 | DEBUG    | src.api.client:generate_image:90 - Clean prompt being sent: A cinematic scene from the  Handheld POV shot following behind the back of a young Jewish boy dressed as a Maharaja with an ornate turban and richly embroidered vest running joyfully through a lavish candlelit parlor in a wealthy private home in 1820s Stockholm, waving a wooden noisemaker in the air. We only see from the middle of his back to the top of his head. Elegantly dressed family members in elaborate oriental and masked villain costumes mingle around an opulent table laden with food in the background in motion blur, documentary style, extreme radial motion blur. Handheld shot on 35mm film in the style of Roger Deakins. Diagonal room composition Make the aspect ratio of the generated image the same as provided image
2025-11-05 23:03:45 | DEBUG    | src.api.client:generate_image:91 - Clean prompt repr: 'A cinematic scene from the  Handheld POV shot following behind the back of a young Jewish boy dressed as a Maharaja with an ornate turban and richly embroidered vest running joyfully through a lavish candlelit parlor in a wealthy private home in 1820s Stockholm, waving a wooden noisemaker in the air. We only see from the middle of his back to the top of his head. Elegantly dressed family members in elaborate oriental and masked villain costumes mingle around an opulent table laden with food in the background in motion blur, documentary style, extreme radial motion blur. Handheld shot on 35mm film in the style of Roger Deakins. Diagonal room composition Make the aspect ratio of the generated image the same as provided image'
2025-11-05 23:03:45 | DEBUG    | src.api.client:_call_with_retry:152 - API call attempt 1/3
2025-11-05 23:03:45 | DEBUG    | src.api.client:_call_with_retry:155 - CRITICAL DEBUG - Payload sent to replicate.run: {
  "num_images": 1,
  "image_input": [
    "https://f003.backblazeb2.com/file/aspect-ratio-reference/aspect_ratio_reference_16x9.png"
  ],
  "output_format": "png",
  "prompt": "A cinematic scene from the  Handheld POV shot following behind the back of a young Jewish boy dressed as a Maharaja with an ornate turban and richly embroidered vest running joyfully through a lavish candlelit parlor in a wealthy private home in 1820s Stockholm, waving a wooden noisemaker in the air. We only see from the middle of his back to the top of his head. Elegantly dressed family members in elaborate oriental and masked villain costumes mingle around an opulent table laden with food in the background in motion blur, documentary style, extreme radial motion blur. Handheld shot on 35mm film in the style of Roger Deakins. Diagonal room composition Make the aspect ratio of the generated image the same as provided image"
}
2025-11-05 23:03:57 | DEBUG    | src.api.client:_call_with_retry:170 - API call successful
2025-11-05 23:03:57 | WARNING  | src.api.client:generate_image:117 - API PARAMETER FILTERING DETECTED:
2025-11-05 23:03:57 | WARNING  | src.api.client:generate_image:118 -   Model: google/nano-banana
2025-11-05 23:03:57 | WARNING  | src.api.client:generate_image:119 -   Filtered parameters: ['image_input']
2025-11-05 23:03:57 | WARNING  | src.api.client:generate_image:120 -   This means the model doesn't support these parameters
2025-11-05 23:03:58 | INFO     | src.output.writer:_save_to_disk:192 - Saved valid image: USER-FILES/05.OUTPUT/251105_230345_IMAGE/purim_party_001_IMAGE_230357_nano-banano16x9_deakins.png
2025-11-05 23:03:58 | DEBUG    | src.output.writer:_save_payload:257 - Saved payload to USER-FILES/05.OUTPUT/251105_230345_IMAGE/purim_party_001_IMAGE_230357_nano-banano16x9_deakins.md
2025-11-05 23:03:58 | INFO     | src.processing.processor:_generate_and_save_image:248 - Saved image: USER-FILES/05.OUTPUT/251105_230345_IMAGE/purim_party_001_IMAGE_230357_nano-banano16x9_deakins.png
2025-11-05 23:03:58 | INFO     | src.processing.discovery:load_prompts:63 - Loaded prompt from purim_party_002.txt
2025-11-05 23:03:58 | INFO     | src.processing.processor:_process_single_combination:119 - Processing combination 2/10: purim_party_002.txt + nano-banano16x9_deakins
2025-11-05 23:03:58 | DEBUG    | src.processing.processor:_apply_prompt_fixes:204 - Added prefix to prompt: A cinematic scene from the 
2025-11-05 23:03:58 | DEBUG    | src.processing.processor:_apply_prompt_fixes:208 - Added suffix to prompt: Handheld shot on 35mm film in the style of Roger Deakins. Diagonal room composition Make the aspect ratio of the generated image the same as provided image
2025-11-05 23:03:58 | DEBUG    | src.processing.processor:_process_with_context:186 - Processing purim_party_002.txt: A cinematic scene from the  Handheld POV shot foll...
2025-11-05 23:03:58 | DEBUG    | src.api.client:generate_image:85 - CRITICAL DEBUG - Received params: {
  "num_images": 1,
  "image_input": [
    "https://f003.backblazeb2.com/file/aspect-ratio-reference/aspect_ratio_reference_16x9.png"
  ],
  "output_format": "png"
}
2025-11-05 23:03:58 | DEBUG    | src.api.client:generate_image:86 - CRITICAL DEBUG - Constructed payload: {
  "num_images": 1,
  "image_input": [
    "https://f003.backblazeb2.com/file/aspect-ratio-reference/aspect_ratio_reference_16x9.png"
  ],
  "output_format": "png",
  "prompt": "A cinematic scene from the  Handheld POV shot following behind the back of a bearded Jewish father dressed as a Persian sultan with an elaborate turban and flowing robes walking into a grand dining room in 1820s Stockholm where he raises a crystal glass of wine in an exuberant toast. We only see from the middle of his back to the top of his head. Costumed guests in jester outfits and oriental costumes raise their glasses around a lavish table overflowing with hamentashen, delicacies, and fine dishes. Warm, festive atmosphere with period-appropriate furnishings and elegant interior lighting, documentary style, extreme radial motion blur. Handheld shot on 35mm film in the style of Roger Deakins. Diagonal room composition Make the aspect ratio of the generated image the same as provided image"
}
2025-11-05 23:03:58 | DEBUG    | src.api.client:generate_image:89 - Original prompt: A cinematic scene from the  Handheld POV shot following behind the back of a bearded Jewish father dressed as a Persian sultan with an elaborate turban and flowing robes walking into a grand dining room in 1820s Stockholm where he raises a crystal glass of wine in an exuberant toast. We only see from the middle of his back to the top of his head. Costumed guests in jester outfits and oriental costumes raise their glasses around a lavish table overflowing with hamentashen, delicacies, and fine dishes. Warm, festive atmosphere with period-appropriate furnishings and elegant interior lighting, documentary style, extreme radial motion blur. Handheld shot on 35mm film in the style of Roger Deakins. Diagonal room composition Make the aspect ratio of the generated image the same as provided image
2025-11-05 23:03:58 | DEBUG    | src.api.client:generate_image:90 - Clean prompt being sent: A cinematic scene from the  Handheld POV shot following behind the back of a bearded Jewish father dressed as a Persian sultan with an elaborate turban and flowing robes walking into a grand dining room in 1820s Stockholm where he raises a crystal glass of wine in an exuberant toast. We only see from the middle of his back to the top of his head. Costumed guests in jester outfits and oriental costumes raise their glasses around a lavish table overflowing with hamentashen, delicacies, and fine dishes. Warm, festive atmosphere with period-appropriate furnishings and elegant interior lighting, documentary style, extreme radial motion blur. Handheld shot on 35mm film in the style of Roger Deakins. Diagonal room composition Make the aspect ratio of the generated image the same as provided image
2025-11-05 23:03:58 | DEBUG    | src.api.client:generate_image:91 - Clean prompt repr: 'A cinematic scene from the  Handheld POV shot following behind the back of a bearded Jewish father dressed as a Persian sultan with an elaborate turban and flowing robes walking into a grand dining room in 1820s Stockholm where he raises a crystal glass of wine in an exuberant toast. We only see from the middle of his back to the top of his head. Costumed guests in jester outfits and oriental costumes raise their glasses around a lavish table overflowing with hamentashen, delicacies, and fine dishes. Warm, festive atmosphere with period-appropriate furnishings and elegant interior lighting, documentary style, extreme radial motion blur. Handheld shot on 35mm film in the style of Roger Deakins. Diagonal room composition Make the aspect ratio of the generated image the same as provided image'
2025-11-05 23:03:58 | DEBUG    | src.api.client:_call_with_retry:152 - API call attempt 1/3
2025-11-05 23:03:58 | DEBUG    | src.api.client:_call_with_retry:155 - CRITICAL DEBUG - Payload sent to replicate.run: {
  "num_images": 1,
  "image_input": [
    "https://f003.backblazeb2.com/file/aspect-ratio-reference/aspect_ratio_reference_16x9.png"
  ],
  "output_format": "png",
  "prompt": "A cinematic scene from the  Handheld POV shot following behind the back of a bearded Jewish father dressed as a Persian sultan with an elaborate turban and flowing robes walking into a grand dining room in 1820s Stockholm where he raises a crystal glass of wine in an exuberant toast. We only see from the middle of his back to the top of his head. Costumed guests in jester outfits and oriental costumes raise their glasses around a lavish table overflowing with hamentashen, delicacies, and fine dishes. Warm, festive atmosphere with period-appropriate furnishings and elegant interior lighting, documentary style, extreme radial motion blur. Handheld shot on 35mm film in the style of Roger Deakins. Diagonal room composition Make the aspect ratio of the generated image the same as provided image"
}
2025-11-05 23:04:07 | DEBUG    | src.api.client:_call_with_retry:170 - API call successful
2025-11-05 23:04:07 | WARNING  | src.api.client:generate_image:117 - API PARAMETER FILTERING DETECTED:
2025-11-05 23:04:07 | WARNING  | src.api.client:generate_image:118 -   Model: google/nano-banana
2025-11-05 23:04:07 | WARNING  | src.api.client:generate_image:119 -   Filtered parameters: ['image_input']
2025-11-05 23:04:07 | WARNING  | src.api.client:generate_image:120 -   This means the model doesn't support these parameters
2025-11-05 23:04:08 | INFO     | src.output.writer:_save_to_disk:192 - Saved valid image: USER-FILES/05.OUTPUT/251105_230345_IMAGE/purim_party_002_IMAGE_230407_nano-banano16x9_deakins.png
2025-11-05 23:04:08 | DEBUG    | src.output.writer:_save_payload:257 - Saved payload to USER-FILES/05.OUTPUT/251105_230345_IMAGE/purim_party_002_IMAGE_230407_nano-banano16x9_deakins.md
2025-11-05 23:04:08 | INFO     | src.processing.processor:_generate_and_save_image:248 - Saved image: USER-FILES/05.OUTPUT/251105_230345_IMAGE/purim_party_002_IMAGE_230407_nano-banano16x9_deakins.png
2025-11-05 23:04:08 | INFO     | src.processing.discovery:load_prompts:63 - Loaded prompt from purim_party_003.txt
2025-11-05 23:04:08 | INFO     | src.processing.processor:_process_single_combination:119 - Processing combination 3/10: purim_party_003.txt + nano-banano16x9_deakins
2025-11-05 23:04:08 | DEBUG    | src.processing.processor:_apply_prompt_fixes:204 - Added prefix to prompt: A cinematic scene from the 
2025-11-05 23:04:08 | DEBUG    | src.processing.processor:_apply_prompt_fixes:208 - Added suffix to prompt: Handheld shot on 35mm film in the style of Roger Deakins. Diagonal room composition Make the aspect ratio of the generated image the same as provided image
2025-11-05 23:04:08 | DEBUG    | src.processing.processor:_process_with_context:186 - Processing purim_party_003.txt: A cinematic scene from the  Handheld POV shot foll...
2025-11-05 23:04:08 | DEBUG    | src.api.client:generate_image:85 - CRITICAL DEBUG - Received params: {
  "num_images": 1,
  "image_input": [
    "https://f003.backblazeb2.com/file/aspect-ratio-reference/aspect_ratio_reference_16x9.png"
  ],
  "output_format": "png"
}
2025-11-05 23:04:08 | DEBUG    | src.api.client:generate_image:86 - CRITICAL DEBUG - Constructed payload: {
  "num_images": 1,
  "image_input": [
    "https://f003.backblazeb2.com/file/aspect-ratio-reference/aspect_ratio_reference_16x9.png"
  ],
  "output_format": "png",
  "prompt": "A cinematic scene from the  Handheld POV shot following behind the back of a distinguished Jewish grandfather in traditional dark coat and hat walking into an elegant parlor during a lavish private masquerade in 1820s Stockholm, reading dramatically from an ornate scroll. We only see from the middle of his back to the top of his head. Family members dressed as clowns, orientals, and masked villains sit listening in the richly decorated room, children with wooden noisemakers ready in their hands, documentary style, extreme radial motion blur. Handheld shot on 35mm film in the style of Roger Deakins. Diagonal room composition Make the aspect ratio of the generated image the same as provided image"
}
2025-11-05 23:04:08 | DEBUG    | src.api.client:generate_image:89 - Original prompt: A cinematic scene from the  Handheld POV shot following behind the back of a distinguished Jewish grandfather in traditional dark coat and hat walking into an elegant parlor during a lavish private masquerade in 1820s Stockholm, reading dramatically from an ornate scroll. We only see from the middle of his back to the top of his head. Family members dressed as clowns, orientals, and masked villains sit listening in the richly decorated room, children with wooden noisemakers ready in their hands, documentary style, extreme radial motion blur. Handheld shot on 35mm film in the style of Roger Deakins. Diagonal room composition Make the aspect ratio of the generated image the same as provided image
2025-11-05 23:04:08 | DEBUG    | src.api.client:generate_image:90 - Clean prompt being sent: A cinematic scene from the  Handheld POV shot following behind the back of a distinguished Jewish grandfather in traditional dark coat and hat walking into an elegant parlor during a lavish private masquerade in 1820s Stockholm, reading dramatically from an ornate scroll. We only see from the middle of his back to the top of his head. Family members dressed as clowns, orientals, and masked villains sit listening in the richly decorated room, children with wooden noisemakers ready in their hands, documentary style, extreme radial motion blur. Handheld shot on 35mm film in the style of Roger Deakins. Diagonal room composition Make the aspect ratio of the generated image the same as provided image
2025-11-05 23:04:08 | DEBUG    | src.api.client:generate_image:91 - Clean prompt repr: 'A cinematic scene from the  Handheld POV shot following behind the back of a distinguished Jewish grandfather in traditional dark coat and hat walking into an elegant parlor during a lavish private masquerade in 1820s Stockholm, reading dramatically from an ornate scroll. We only see from the middle of his back to the top of his head. Family members dressed as clowns, orientals, and masked villains sit listening in the richly decorated room, children with wooden noisemakers ready in their hands, documentary style, extreme radial motion blur. Handheld shot on 35mm film in the style of Roger Deakins. Diagonal room composition Make the aspect ratio of the generated image the same as provided image'
2025-11-05 23:04:08 | DEBUG    | src.api.client:_call_with_retry:152 - API call attempt 1/3
2025-11-05 23:04:08 | DEBUG    | src.api.client:_call_with_retry:155 - CRITICAL DEBUG - Payload sent to replicate.run: {
  "num_images": 1,
  "image_input": [
    "https://f003.backblazeb2.com/file/aspect-ratio-reference/aspect_ratio_reference_16x9.png"
  ],
  "output_format": "png",
  "prompt": "A cinematic scene from the  Handheld POV shot following behind the back of a distinguished Jewish grandfather in traditional dark coat and hat walking into an elegant parlor during a lavish private masquerade in 1820s Stockholm, reading dramatically from an ornate scroll. We only see from the middle of his back to the top of his head. Family members dressed as clowns, orientals, and masked villains sit listening in the richly decorated room, children with wooden noisemakers ready in their hands, documentary style, extreme radial motion blur. Handheld shot on 35mm film in the style of Roger Deakins. Diagonal room composition Make the aspect ratio of the generated image the same as provided image"
}
2025-11-05 23:04:17 | DEBUG    | src.api.client:_call_with_retry:170 - API call successful
2025-11-05 23:04:17 | WARNING  | src.api.client:generate_image:117 - API PARAMETER FILTERING DETECTED:
2025-11-05 23:04:17 | WARNING  | src.api.client:generate_image:118 -   Model: google/nano-banana
2025-11-05 23:04:17 | WARNING  | src.api.client:generate_image:119 -   Filtered parameters: ['image_input']
2025-11-05 23:04:17 | WARNING  | src.api.client:generate_image:120 -   This means the model doesn't support these parameters
2025-11-05 23:04:18 | INFO     | src.output.writer:_save_to_disk:192 - Saved valid image: USER-FILES/05.OUTPUT/251105_230345_IMAGE/purim_party_003_IMAGE_230417_nano-banano16x9_deakins.png
2025-11-05 23:04:18 | DEBUG    | src.output.writer:_save_payload:257 - Saved payload to USER-FILES/05.OUTPUT/251105_230345_IMAGE/purim_party_003_IMAGE_230417_nano-banano16x9_deakins.md
2025-11-05 23:04:18 | INFO     | src.processing.processor:_generate_and_save_image:248 - Saved image: USER-FILES/05.OUTPUT/251105_230345_IMAGE/purim_party_003_IMAGE_230417_nano-banano16x9_deakins.png
2025-11-05 23:04:18 | INFO     | src.processing.discovery:load_prompts:63 - Loaded prompt from purim_party_004.txt
2025-11-05 23:04:18 | INFO     | src.processing.processor:_process_single_combination:119 - Processing combination 4/10: purim_party_004.txt + nano-banano16x9_deakins
2025-11-05 23:04:18 | DEBUG    | src.processing.processor:_apply_prompt_fixes:204 - Added prefix to prompt: A cinematic scene from the 
2025-11-05 23:04:18 | DEBUG    | src.processing.processor:_apply_prompt_fixes:208 - Added suffix to prompt: Handheld shot on 35mm film in the style of Roger Deakins. Diagonal room composition Make the aspect ratio of the generated image the same as provided image
2025-11-05 23:04:18 | DEBUG    | src.processing.processor:_process_with_context:186 - Processing purim_party_004.txt: A cinematic scene from the  Handheld POV shot foll...
2025-11-05 23:04:18 | DEBUG    | src.api.client:generate_image:85 - CRITICAL DEBUG - Received params: {
  "num_images": 1,
  "image_input": [
    "https://f003.backblazeb2.com/file/aspect-ratio-reference/aspect_ratio_reference_16x9.png"
  ],
  "output_format": "png"
}
2025-11-05 23:04:18 | DEBUG    | src.api.client:generate_image:86 - CRITICAL DEBUG - Constructed payload: {
  "num_images": 1,
  "image_input": [
    "https://f003.backblazeb2.com/file/aspect-ratio-reference/aspect_ratio_reference_16x9.png"
  ],
  "output_format": "png",
  "prompt": "A cinematic scene from the  Handheld POV shot following behind the back of a young Jewish man dressed as a colorful jester with a diamond-patterned costume and jingling bells walking into a spacious private ballroom in 1820s Stockholm playing a fiddle, his bow moving swiftly across the strings. We only see from the middle of his back to the top of his head. Guests dressed as Maharajas, oriental dancers, and masked villains dance energetically on polished wooden floors behind him with heavy velvet curtains drawn for privacy, documentary style, extreme radial motion blur. Handheld shot on 35mm film in the style of Roger Deakins. Diagonal room composition Make the aspect ratio of the generated image the same as provided image"
}
2025-11-05 23:04:18 | DEBUG    | src.api.client:generate_image:89 - Original prompt: A cinematic scene from the  Handheld POV shot following behind the back of a young Jewish man dressed as a colorful jester with a diamond-patterned costume and jingling bells walking into a spacious private ballroom in 1820s Stockholm playing a fiddle, his bow moving swiftly across the strings. We only see from the middle of his back to the top of his head. Guests dressed as Maharajas, oriental dancers, and masked villains dance energetically on polished wooden floors behind him with heavy velvet curtains drawn for privacy, documentary style, extreme radial motion blur. Handheld shot on 35mm film in the style of Roger Deakins. Diagonal room composition Make the aspect ratio of the generated image the same as provided image
2025-11-05 23:04:18 | DEBUG    | src.api.client:generate_image:90 - Clean prompt being sent: A cinematic scene from the  Handheld POV shot following behind the back of a young Jewish man dressed as a colorful jester with a diamond-patterned costume and jingling bells walking into a spacious private ballroom in 1820s Stockholm playing a fiddle, his bow moving swiftly across the strings. We only see from the middle of his back to the top of his head. Guests dressed as Maharajas, oriental dancers, and masked villains dance energetically on polished wooden floors behind him with heavy velvet curtains drawn for privacy, documentary style, extreme radial motion blur. Handheld shot on 35mm film in the style of Roger Deakins. Diagonal room composition Make the aspect ratio of the generated image the same as provided image
2025-11-05 23:04:18 | DEBUG    | src.api.client:generate_image:91 - Clean prompt repr: 'A cinematic scene from the  Handheld POV shot following behind the back of a young Jewish man dressed as a colorful jester with a diamond-patterned costume and jingling bells walking into a spacious private ballroom in 1820s Stockholm playing a fiddle, his bow moving swiftly across the strings. We only see from the middle of his back to the top of his head. Guests dressed as Maharajas, oriental dancers, and masked villains dance energetically on polished wooden floors behind him with heavy velvet curtains drawn for privacy, documentary style, extreme radial motion blur. Handheld shot on 35mm film in the style of Roger Deakins. Diagonal room composition Make the aspect ratio of the generated image the same as provided image'
2025-11-05 23:04:18 | DEBUG    | src.api.client:_call_with_retry:152 - API call attempt 1/3
2025-11-05 23:04:18 | DEBUG    | src.api.client:_call_with_retry:155 - CRITICAL DEBUG - Payload sent to replicate.run: {
  "num_images": 1,
  "image_input": [
    "https://f003.backblazeb2.com/file/aspect-ratio-reference/aspect_ratio_reference_16x9.png"
  ],
  "output_format": "png",
  "prompt": "A cinematic scene from the  Handheld POV shot following behind the back of a young Jewish man dressed as a colorful jester with a diamond-patterned costume and jingling bells walking into a spacious private ballroom in 1820s Stockholm playing a fiddle, his bow moving swiftly across the strings. We only see from the middle of his back to the top of his head. Guests dressed as Maharajas, oriental dancers, and masked villains dance energetically on polished wooden floors behind him with heavy velvet curtains drawn for privacy, documentary style, extreme radial motion blur. Handheld shot on 35mm film in the style of Roger Deakins. Diagonal room composition Make the aspect ratio of the generated image the same as provided image"
}
2025-11-05 23:04:28 | DEBUG    | src.api.client:_call_with_retry:170 - API call successful
2025-11-05 23:04:28 | WARNING  | src.api.client:generate_image:117 - API PARAMETER FILTERING DETECTED:
2025-11-05 23:04:28 | WARNING  | src.api.client:generate_image:118 -   Model: google/nano-banana
2025-11-05 23:04:28 | WARNING  | src.api.client:generate_image:119 -   Filtered parameters: ['image_input']
2025-11-05 23:04:28 | WARNING  | src.api.client:generate_image:120 -   This means the model doesn't support these parameters
2025-11-05 23:04:30 | INFO     | src.output.writer:_save_to_disk:192 - Saved valid image: USER-FILES/05.OUTPUT/251105_230345_IMAGE/purim_party_004_IMAGE_230428_nano-banano16x9_deakins.png
2025-11-05 23:04:30 | DEBUG    | src.output.writer:_save_payload:257 - Saved payload to USER-FILES/05.OUTPUT/251105_230345_IMAGE/purim_party_004_IMAGE_230428_nano-banano16x9_deakins.md
2025-11-05 23:04:30 | INFO     | src.processing.processor:_generate_and_save_image:248 - Saved image: USER-FILES/05.OUTPUT/251105_230345_IMAGE/purim_party_004_IMAGE_230428_nano-banano16x9_deakins.png
2025-11-05 23:04:30 | INFO     | src.processing.discovery:load_prompts:63 - Loaded prompt from purim_party_005.txt
2025-11-05 23:04:30 | INFO     | src.processing.processor:_process_single_combination:119 - Processing combination 5/10: purim_party_005.txt + nano-banano16x9_deakins
2025-11-05 23:04:30 | DEBUG    | src.processing.processor:_apply_prompt_fixes:204 - Added prefix to prompt: A cinematic scene from the 
2025-11-05 23:04:30 | DEBUG    | src.processing.processor:_apply_prompt_fixes:208 - Added suffix to prompt: Handheld shot on 35mm film in the style of Roger Deakins. Diagonal room composition Make the aspect ratio of the generated image the same as provided image
2025-11-05 23:04:30 | DEBUG    | src.processing.processor:_process_with_context:186 - Processing purim_party_005.txt: A cinematic scene from the  Handheld POV shot foll...
2025-11-05 23:04:30 | DEBUG    | src.api.client:generate_image:85 - CRITICAL DEBUG - Received params: {
  "num_images": 1,
  "image_input": [
    "https://f003.backblazeb2.com/file/aspect-ratio-reference/aspect_ratio_reference_16x9.png"
  ],
  "output_format": "png"
}
2025-11-05 23:04:30 | DEBUG    | src.api.client:generate_image:86 - CRITICAL DEBUG - Constructed payload: {
  "num_images": 1,
  "image_input": [
    "https://f003.backblazeb2.com/file/aspect-ratio-reference/aspect_ratio_reference_16x9.png"
  ],
  "output_format": "png",
  "prompt": "A cinematic scene from the  Handheld POV shot following behind the back of a young Jewish girl dressed as Queen Esther in an elaborate silk gown with a jeweled crown and flowing veil walking through a grand parlor in 1820s Stockholm with arms outstretched dramatically. We only see from the middle of her back to the top of her head. Other children dressed as clowns, oriental princes, and jesters follow behind her waving noisemakers in motion blur, and adults in lavish costumes watch with delight from ornate furniture also in motion blur. Warm candlelight illuminates the ornate parlor with period-appropriate furnishings and decorative elements, documentary style, extreme radial motion blur. Handheld shot on 35mm film in the style of Roger Deakins. Diagonal room composition Make the aspect ratio of the generated image the same as provided image"
}
2025-11-05 23:04:30 | DEBUG    | src.api.client:generate_image:89 - Original prompt: A cinematic scene from the  Handheld POV shot following behind the back of a young Jewish girl dressed as Queen Esther in an elaborate silk gown with a jeweled crown and flowing veil walking through a grand parlor in 1820s Stockholm with arms outstretched dramatically. We only see from the middle of her back to the top of her head. Other children dressed as clowns, oriental princes, and jesters follow behind her waving noisemakers in motion blur, and adults in lavish costumes watch with delight from ornate furniture also in motion blur. Warm candlelight illuminates the ornate parlor with period-appropriate furnishings and decorative elements, documentary style, extreme radial motion blur. Handheld shot on 35mm film in the style of Roger Deakins. Diagonal room composition Make the aspect ratio of the generated image the same as provided image
2025-11-05 23:04:30 | DEBUG    | src.api.client:generate_image:90 - Clean prompt being sent: A cinematic scene from the  Handheld POV shot following behind the back of a young Jewish girl dressed as Queen Esther in an elaborate silk gown with a jeweled crown and flowing veil walking through a grand parlor in 1820s Stockholm with arms outstretched dramatically. We only see from the middle of her back to the top of her head. Other children dressed as clowns, oriental princes, and jesters follow behind her waving noisemakers in motion blur, and adults in lavish costumes watch with delight from ornate furniture also in motion blur. Warm candlelight illuminates the ornate parlor with period-appropriate furnishings and decorative elements, documentary style, extreme radial motion blur. Handheld shot on 35mm film in the style of Roger Deakins. Diagonal room composition Make the aspect ratio of the generated image the same as provided image
2025-11-05 23:04:30 | DEBUG    | src.api.client:generate_image:91 - Clean prompt repr: 'A cinematic scene from the  Handheld POV shot following behind the back of a young Jewish girl dressed as Queen Esther in an elaborate silk gown with a jeweled crown and flowing veil walking through a grand parlor in 1820s Stockholm with arms outstretched dramatically. We only see from the middle of her back to the top of her head. Other children dressed as clowns, oriental princes, and jesters follow behind her waving noisemakers in motion blur, and adults in lavish costumes watch with delight from ornate furniture also in motion blur. Warm candlelight illuminates the ornate parlor with period-appropriate furnishings and decorative elements, documentary style, extreme radial motion blur. Handheld shot on 35mm film in the style of Roger Deakins. Diagonal room composition Make the aspect ratio of the generated image the same as provided image'
2025-11-05 23:04:30 | DEBUG    | src.api.client:_call_with_retry:152 - API call attempt 1/3
2025-11-05 23:04:30 | DEBUG    | src.api.client:_call_with_retry:155 - CRITICAL DEBUG - Payload sent to replicate.run: {
  "num_images": 1,
  "image_input": [
    "https://f003.backblazeb2.com/file/aspect-ratio-reference/aspect_ratio_reference_16x9.png"
  ],
  "output_format": "png",
  "prompt": "A cinematic scene from the  Handheld POV shot following behind the back of a young Jewish girl dressed as Queen Esther in an elaborate silk gown with a jeweled crown and flowing veil walking through a grand parlor in 1820s Stockholm with arms outstretched dramatically. We only see from the middle of her back to the top of her head. Other children dressed as clowns, oriental princes, and jesters follow behind her waving noisemakers in motion blur, and adults in lavish costumes watch with delight from ornate furniture also in motion blur. Warm candlelight illuminates the ornate parlor with period-appropriate furnishings and decorative elements, documentary style, extreme radial motion blur. Handheld shot on 35mm film in the style of Roger Deakins. Diagonal room composition Make the aspect ratio of the generated image the same as provided image"
}
2025-11-05 23:04:39 | DEBUG    | src.api.client:_call_with_retry:170 - API call successful
2025-11-05 23:04:39 | WARNING  | src.api.client:generate_image:117 - API PARAMETER FILTERING DETECTED:
2025-11-05 23:04:39 | WARNING  | src.api.client:generate_image:118 -   Model: google/nano-banana
2025-11-05 23:04:39 | WARNING  | src.api.client:generate_image:119 -   Filtered parameters: ['image_input']
2025-11-05 23:04:39 | WARNING  | src.api.client:generate_image:120 -   This means the model doesn't support these parameters
2025-11-05 23:04:40 | INFO     | src.output.writer:_save_to_disk:192 - Saved valid image: USER-FILES/05.OUTPUT/251105_230345_IMAGE/purim_party_005_IMAGE_230439_nano-banano16x9_deakins.png
2025-11-05 23:04:40 | DEBUG    | src.output.writer:_save_payload:257 - Saved payload to USER-FILES/05.OUTPUT/251105_230345_IMAGE/purim_party_005_IMAGE_230439_nano-banano16x9_deakins.md
2025-11-05 23:04:40 | INFO     | src.processing.processor:_generate_and_save_image:248 - Saved image: USER-FILES/05.OUTPUT/251105_230345_IMAGE/purim_party_005_IMAGE_230439_nano-banano16x9_deakins.png
2025-11-05 23:04:40 | INFO     | src.processing.discovery:load_prompts:63 - Loaded prompt from purim_party_006.txt
2025-11-05 23:04:40 | INFO     | src.processing.processor:_process_single_combination:119 - Processing combination 6/10: purim_party_006.txt + nano-banano16x9_deakins
2025-11-05 23:04:40 | DEBUG    | src.processing.processor:_apply_prompt_fixes:204 - Added prefix to prompt: A cinematic scene from the 
2025-11-05 23:04:40 | DEBUG    | src.processing.processor:_apply_prompt_fixes:208 - Added suffix to prompt: Handheld shot on 35mm film in the style of Roger Deakins. Diagonal room composition Make the aspect ratio of the generated image the same as provided image
2025-11-05 23:04:40 | DEBUG    | src.processing.processor:_process_with_context:186 - Processing purim_party_006.txt: A cinematic scene from the  Handheld POV shot foll...
2025-11-05 23:04:40 | DEBUG    | src.api.client:generate_image:85 - CRITICAL DEBUG - Received params: {
  "num_images": 1,
  "image_input": [
    "https://f003.backblazeb2.com/file/aspect-ratio-reference/aspect_ratio_reference_16x9.png"
  ],
  "output_format": "png"
}
2025-11-05 23:04:40 | DEBUG    | src.api.client:generate_image:86 - CRITICAL DEBUG - Constructed payload: {
  "num_images": 1,
  "image_input": [
    "https://f003.backblazeb2.com/file/aspect-ratio-reference/aspect_ratio_reference_16x9.png"
  ],
  "output_format": "png",
  "prompt": "A cinematic scene from the  Handheld POV shot following behind the back of a wealthy Jewish matriarch dressed as an oriental empress with an elaborate headdress and silk robes walking into her opulent private dining room in 1820s Stockholm, carefully lighting silver candelabras. We only see from the middle of her back to the top of her head. The warm glow illuminates the richly appointed room while servants and family members dressed as masked villains and jesters arrange elaborate pastries and delicacies on fine china in the background, documentary style, extreme radial motion blur. Handheld shot on 35mm film in the style of Roger Deakins. Diagonal room composition Make the aspect ratio of the generated image the same as provided image"
}
2025-11-05 23:04:40 | DEBUG    | src.api.client:generate_image:89 - Original prompt: A cinematic scene from the  Handheld POV shot following behind the back of a wealthy Jewish matriarch dressed as an oriental empress with an elaborate headdress and silk robes walking into her opulent private dining room in 1820s Stockholm, carefully lighting silver candelabras. We only see from the middle of her back to the top of her head. The warm glow illuminates the richly appointed room while servants and family members dressed as masked villains and jesters arrange elaborate pastries and delicacies on fine china in the background, documentary style, extreme radial motion blur. Handheld shot on 35mm film in the style of Roger Deakins. Diagonal room composition Make the aspect ratio of the generated image the same as provided image
2025-11-05 23:04:40 | DEBUG    | src.api.client:generate_image:90 - Clean prompt being sent: A cinematic scene from the  Handheld POV shot following behind the back of a wealthy Jewish matriarch dressed as an oriental empress with an elaborate headdress and silk robes walking into her opulent private dining room in 1820s Stockholm, carefully lighting silver candelabras. We only see from the middle of her back to the top of her head. The warm glow illuminates the richly appointed room while servants and family members dressed as masked villains and jesters arrange elaborate pastries and delicacies on fine china in the background, documentary style, extreme radial motion blur. Handheld shot on 35mm film in the style of Roger Deakins. Diagonal room composition Make the aspect ratio of the generated image the same as provided image
2025-11-05 23:04:40 | DEBUG    | src.api.client:generate_image:91 - Clean prompt repr: 'A cinematic scene from the  Handheld POV shot following behind the back of a wealthy Jewish matriarch dressed as an oriental empress with an elaborate headdress and silk robes walking into her opulent private dining room in 1820s Stockholm, carefully lighting silver candelabras. We only see from the middle of her back to the top of her head. The warm glow illuminates the richly appointed room while servants and family members dressed as masked villains and jesters arrange elaborate pastries and delicacies on fine china in the background, documentary style, extreme radial motion blur. Handheld shot on 35mm film in the style of Roger Deakins. Diagonal room composition Make the aspect ratio of the generated image the same as provided image'
2025-11-05 23:04:40 | DEBUG    | src.api.client:_call_with_retry:152 - API call attempt 1/3
2025-11-05 23:04:40 | DEBUG    | src.api.client:_call_with_retry:155 - CRITICAL DEBUG - Payload sent to replicate.run: {
  "num_images": 1,
  "image_input": [
    "https://f003.backblazeb2.com/file/aspect-ratio-reference/aspect_ratio_reference_16x9.png"
  ],
  "output_format": "png",
  "prompt": "A cinematic scene from the  Handheld POV shot following behind the back of a wealthy Jewish matriarch dressed as an oriental empress with an elaborate headdress and silk robes walking into her opulent private dining room in 1820s Stockholm, carefully lighting silver candelabras. We only see from the middle of her back to the top of her head. The warm glow illuminates the richly appointed room while servants and family members dressed as masked villains and jesters arrange elaborate pastries and delicacies on fine china in the background, documentary style, extreme radial motion blur. Handheld shot on 35mm film in the style of Roger Deakins. Diagonal room composition Make the aspect ratio of the generated image the same as provided image"
}
2025-11-05 23:04:49 | DEBUG    | src.api.client:_call_with_retry:170 - API call successful
2025-11-05 23:04:49 | WARNING  | src.api.client:generate_image:117 - API PARAMETER FILTERING DETECTED:
2025-11-05 23:04:49 | WARNING  | src.api.client:generate_image:118 -   Model: google/nano-banana
2025-11-05 23:04:49 | WARNING  | src.api.client:generate_image:119 -   Filtered parameters: ['image_input']
2025-11-05 23:04:49 | WARNING  | src.api.client:generate_image:120 -   This means the model doesn't support these parameters
2025-11-05 23:04:50 | INFO     | src.output.writer:_save_to_disk:192 - Saved valid image: USER-FILES/05.OUTPUT/251105_230345_IMAGE/purim_party_006_IMAGE_230449_nano-banano16x9_deakins.png
2025-11-05 23:04:50 | DEBUG    | src.output.writer:_save_payload:257 - Saved payload to USER-FILES/05.OUTPUT/251105_230345_IMAGE/purim_party_006_IMAGE_230449_nano-banano16x9_deakins.md
2025-11-05 23:04:50 | INFO     | src.processing.processor:_generate_and_save_image:248 - Saved image: USER-FILES/05.OUTPUT/251105_230345_IMAGE/purim_party_006_IMAGE_230449_nano-banano16x9_deakins.png
2025-11-05 23:04:50 | INFO     | src.processing.discovery:load_prompts:63 - Loaded prompt from purim_party_007.txt
2025-11-05 23:04:50 | INFO     | src.processing.processor:_process_single_combination:119 - Processing combination 7/10: purim_party_007.txt + nano-banano16x9_deakins
2025-11-05 23:04:50 | DEBUG    | src.processing.processor:_apply_prompt_fixes:204 - Added prefix to prompt: A cinematic scene from the 
2025-11-05 23:04:50 | DEBUG    | src.processing.processor:_apply_prompt_fixes:208 - Added suffix to prompt: Handheld shot on 35mm film in the style of Roger Deakins. Diagonal room composition Make the aspect ratio of the generated image the same as provided image
2025-11-05 23:04:50 | DEBUG    | src.processing.processor:_process_with_context:186 - Processing purim_party_007.txt: A cinematic scene from the  Handheld POV shot foll...
2025-11-05 23:04:50 | DEBUG    | src.api.client:generate_image:85 - CRITICAL DEBUG - Received params: {
  "num_images": 1,
  "image_input": [
    "https://f003.backblazeb2.com/file/aspect-ratio-reference/aspect_ratio_reference_16x9.png"
  ],
  "output_format": "png"
}
2025-11-05 23:04:50 | DEBUG    | src.api.client:generate_image:86 - CRITICAL DEBUG - Constructed payload: {
  "num_images": 1,
  "image_input": [
    "https://f003.backblazeb2.com/file/aspect-ratio-reference/aspect_ratio_reference_16x9.png"
  ],
  "output_format": "png",
  "prompt": "A cinematic scene from the  Handheld POV shot following behind the back of a wealthy Jewish merchant dressed as a masked villain with a dramatic black cape and ornate mask walking into a luxurious parlor in 1820s Stockholm where he is laying down cards at an elegant card table. We only see from the middle of his back to the top of his head. Other men dressed as Maharajas, clowns, and oriental sultans sit around the card table as smoke from fine pipes curls in the air. Children with noisemakers run past in the background in motion blur, documentary style, extreme radial motion blur. Handheld shot on 35mm film in the style of Roger Deakins. Diagonal room composition Make the aspect ratio of the generated image the same as provided image"
}
2025-11-05 23:04:50 | DEBUG    | src.api.client:generate_image:89 - Original prompt: A cinematic scene from the  Handheld POV shot following behind the back of a wealthy Jewish merchant dressed as a masked villain with a dramatic black cape and ornate mask walking into a luxurious parlor in 1820s Stockholm where he is laying down cards at an elegant card table. We only see from the middle of his back to the top of his head. Other men dressed as Maharajas, clowns, and oriental sultans sit around the card table as smoke from fine pipes curls in the air. Children with noisemakers run past in the background in motion blur, documentary style, extreme radial motion blur. Handheld shot on 35mm film in the style of Roger Deakins. Diagonal room composition Make the aspect ratio of the generated image the same as provided image
2025-11-05 23:04:50 | DEBUG    | src.api.client:generate_image:90 - Clean prompt being sent: A cinematic scene from the  Handheld POV shot following behind the back of a wealthy Jewish merchant dressed as a masked villain with a dramatic black cape and ornate mask walking into a luxurious parlor in 1820s Stockholm where he is laying down cards at an elegant card table. We only see from the middle of his back to the top of his head. Other men dressed as Maharajas, clowns, and oriental sultans sit around the card table as smoke from fine pipes curls in the air. Children with noisemakers run past in the background in motion blur, documentary style, extreme radial motion blur. Handheld shot on 35mm film in the style of Roger Deakins. Diagonal room composition Make the aspect ratio of the generated image the same as provided image
2025-11-05 23:04:50 | DEBUG    | src.api.client:generate_image:91 - Clean prompt repr: 'A cinematic scene from the  Handheld POV shot following behind the back of a wealthy Jewish merchant dressed as a masked villain with a dramatic black cape and ornate mask walking into a luxurious parlor in 1820s Stockholm where he is laying down cards at an elegant card table. We only see from the middle of his back to the top of his head. Other men dressed as Maharajas, clowns, and oriental sultans sit around the card table as smoke from fine pipes curls in the air. Children with noisemakers run past in the background in motion blur, documentary style, extreme radial motion blur. Handheld shot on 35mm film in the style of Roger Deakins. Diagonal room composition Make the aspect ratio of the generated image the same as provided image'
2025-11-05 23:04:50 | DEBUG    | src.api.client:_call_with_retry:152 - API call attempt 1/3
2025-11-05 23:04:50 | DEBUG    | src.api.client:_call_with_retry:155 - CRITICAL DEBUG - Payload sent to replicate.run: {
  "num_images": 1,
  "image_input": [
    "https://f003.backblazeb2.com/file/aspect-ratio-reference/aspect_ratio_reference_16x9.png"
  ],
  "output_format": "png",
  "prompt": "A cinematic scene from the  Handheld POV shot following behind the back of a wealthy Jewish merchant dressed as a masked villain with a dramatic black cape and ornate mask walking into a luxurious parlor in 1820s Stockholm where he is laying down cards at an elegant card table. We only see from the middle of his back to the top of his head. Other men dressed as Maharajas, clowns, and oriental sultans sit around the card table as smoke from fine pipes curls in the air. Children with noisemakers run past in the background in motion blur, documentary style, extreme radial motion blur. Handheld shot on 35mm film in the style of Roger Deakins. Diagonal room composition Make the aspect ratio of the generated image the same as provided image"
}
2025-11-05 23:05:00 | DEBUG    | src.api.client:_call_with_retry:170 - API call successful
2025-11-05 23:05:00 | WARNING  | src.api.client:generate_image:117 - API PARAMETER FILTERING DETECTED:
2025-11-05 23:05:00 | WARNING  | src.api.client:generate_image:118 -   Model: google/nano-banana
2025-11-05 23:05:00 | WARNING  | src.api.client:generate_image:119 -   Filtered parameters: ['image_input']
2025-11-05 23:05:00 | WARNING  | src.api.client:generate_image:120 -   This means the model doesn't support these parameters
2025-11-05 23:05:01 | INFO     | src.output.writer:_save_to_disk:192 - Saved valid image: USER-FILES/05.OUTPUT/251105_230345_IMAGE/purim_party_007_IMAGE_230500_nano-banano16x9_deakins.png
2025-11-05 23:05:01 | DEBUG    | src.output.writer:_save_payload:257 - Saved payload to USER-FILES/05.OUTPUT/251105_230345_IMAGE/purim_party_007_IMAGE_230500_nano-banano16x9_deakins.md
2025-11-05 23:05:01 | INFO     | src.processing.processor:_generate_and_save_image:248 - Saved image: USER-FILES/05.OUTPUT/251105_230345_IMAGE/purim_party_007_IMAGE_230500_nano-banano16x9_deakins.png
2025-11-05 23:05:01 | INFO     | src.processing.discovery:load_prompts:63 - Loaded prompt from purim_party_008.txt
2025-11-05 23:05:01 | INFO     | src.processing.processor:_process_single_combination:119 - Processing combination 8/10: purim_party_008.txt + nano-banano16x9_deakins
2025-11-05 23:05:01 | DEBUG    | src.processing.processor:_apply_prompt_fixes:204 - Added prefix to prompt: A cinematic scene from the 
2025-11-05 23:05:01 | DEBUG    | src.processing.processor:_apply_prompt_fixes:208 - Added suffix to prompt: Handheld shot on 35mm film in the style of Roger Deakins. Diagonal room composition Make the aspect ratio of the generated image the same as provided image
2025-11-05 23:05:01 | DEBUG    | src.processing.processor:_process_with_context:186 - Processing purim_party_008.txt: A cinematic scene from the  Handheld POV shot foll...
2025-11-05 23:05:01 | DEBUG    | src.api.client:generate_image:85 - CRITICAL DEBUG - Received params: {
  "num_images": 1,
  "image_input": [
    "https://f003.backblazeb2.com/file/aspect-ratio-reference/aspect_ratio_reference_16x9.png"
  ],
  "output_format": "png"
}
2025-11-05 23:05:01 | DEBUG    | src.api.client:generate_image:86 - CRITICAL DEBUG - Constructed payload: {
  "num_images": 1,
  "image_input": [
    "https://f003.backblazeb2.com/file/aspect-ratio-reference/aspect_ratio_reference_16x9.png"
  ],
  "output_format": "png",
  "prompt": "A cinematic scene from the  Handheld POV shot following behind the back of a Jewish boy dressed as a colorful clown with ruffled collar walking into a grand candlelit ballroom in a lavish private home in 1820s Stockholm, energetically spinning a wooden grogger noisemaker above his head. We only see from the middle of his back to the top of his head. Elaborately costumed adults dressed as orientals, jesters, and masked villains react dramatically to the loud rattling in the ballroom behind him. Candlelit atmosphere illuminates the grand space, documentary style, extreme radial motion blur. Handheld shot on 35mm film in the style of Roger Deakins. Diagonal room composition Make the aspect ratio of the generated image the same as provided image"
}
2025-11-05 23:05:01 | DEBUG    | src.api.client:generate_image:89 - Original prompt: A cinematic scene from the  Handheld POV shot following behind the back of a Jewish boy dressed as a colorful clown with ruffled collar walking into a grand candlelit ballroom in a lavish private home in 1820s Stockholm, energetically spinning a wooden grogger noisemaker above his head. We only see from the middle of his back to the top of his head. Elaborately costumed adults dressed as orientals, jesters, and masked villains react dramatically to the loud rattling in the ballroom behind him. Candlelit atmosphere illuminates the grand space, documentary style, extreme radial motion blur. Handheld shot on 35mm film in the style of Roger Deakins. Diagonal room composition Make the aspect ratio of the generated image the same as provided image
2025-11-05 23:05:01 | DEBUG    | src.api.client:generate_image:90 - Clean prompt being sent: A cinematic scene from the  Handheld POV shot following behind the back of a Jewish boy dressed as a colorful clown with ruffled collar walking into a grand candlelit ballroom in a lavish private home in 1820s Stockholm, energetically spinning a wooden grogger noisemaker above his head. We only see from the middle of his back to the top of his head. Elaborately costumed adults dressed as orientals, jesters, and masked villains react dramatically to the loud rattling in the ballroom behind him. Candlelit atmosphere illuminates the grand space, documentary style, extreme radial motion blur. Handheld shot on 35mm film in the style of Roger Deakins. Diagonal room composition Make the aspect ratio of the generated image the same as provided image
2025-11-05 23:05:01 | DEBUG    | src.api.client:generate_image:91 - Clean prompt repr: 'A cinematic scene from the  Handheld POV shot following behind the back of a Jewish boy dressed as a colorful clown with ruffled collar walking into a grand candlelit ballroom in a lavish private home in 1820s Stockholm, energetically spinning a wooden grogger noisemaker above his head. We only see from the middle of his back to the top of his head. Elaborately costumed adults dressed as orientals, jesters, and masked villains react dramatically to the loud rattling in the ballroom behind him. Candlelit atmosphere illuminates the grand space, documentary style, extreme radial motion blur. Handheld shot on 35mm film in the style of Roger Deakins. Diagonal room composition Make the aspect ratio of the generated image the same as provided image'
2025-11-05 23:05:01 | DEBUG    | src.api.client:_call_with_retry:152 - API call attempt 1/3
2025-11-05 23:05:01 | DEBUG    | src.api.client:_call_with_retry:155 - CRITICAL DEBUG - Payload sent to replicate.run: {
  "num_images": 1,
  "image_input": [
    "https://f003.backblazeb2.com/file/aspect-ratio-reference/aspect_ratio_reference_16x9.png"
  ],
  "output_format": "png",
  "prompt": "A cinematic scene from the  Handheld POV shot following behind the back of a Jewish boy dressed as a colorful clown with ruffled collar walking into a grand candlelit ballroom in a lavish private home in 1820s Stockholm, energetically spinning a wooden grogger noisemaker above his head. We only see from the middle of his back to the top of his head. Elaborately costumed adults dressed as orientals, jesters, and masked villains react dramatically to the loud rattling in the ballroom behind him. Candlelit atmosphere illuminates the grand space, documentary style, extreme radial motion blur. Handheld shot on 35mm film in the style of Roger Deakins. Diagonal room composition Make the aspect ratio of the generated image the same as provided image"
}
2025-11-05 23:05:09 | ERROR    | src.api.client:_call_with_retry:184 - Error on attempt 1: Service is temporarily unavailable. Please try again later. (E004) (1cah9wlWR9)
2025-11-05 23:05:09 | INFO     | src.api.client:_call_with_retry:188 - Retrying in 2s...
2025-11-05 23:05:11 | DEBUG    | src.api.client:_call_with_retry:152 - API call attempt 2/3
2025-11-05 23:05:11 | DEBUG    | src.api.client:_call_with_retry:155 - CRITICAL DEBUG - Payload sent to replicate.run: {
  "num_images": 1,
  "image_input": [
    "https://f003.backblazeb2.com/file/aspect-ratio-reference/aspect_ratio_reference_16x9.png"
  ],
  "output_format": "png",
  "prompt": "A cinematic scene from the  Handheld POV shot following behind the back of a Jewish boy dressed as a colorful clown with ruffled collar walking into a grand candlelit ballroom in a lavish private home in 1820s Stockholm, energetically spinning a wooden grogger noisemaker above his head. We only see from the middle of his back to the top of his head. Elaborately costumed adults dressed as orientals, jesters, and masked villains react dramatically to the loud rattling in the ballroom behind him. Candlelit atmosphere illuminates the grand space, documentary style, extreme radial motion blur. Handheld shot on 35mm film in the style of Roger Deakins. Diagonal room composition Make the aspect ratio of the generated image the same as provided image"
}
2025-11-05 23:05:19 | ERROR    | src.api.client:_call_with_retry:184 - Error on attempt 2: Service is temporarily unavailable. Please try again later. (E004) (1cah9wlWR9)
2025-11-05 23:05:19 | INFO     | src.api.client:_call_with_retry:188 - Retrying in 4s...
2025-11-05 23:05:23 | DEBUG    | src.api.client:_call_with_retry:152 - API call attempt 3/3
2025-11-05 23:05:23 | DEBUG    | src.api.client:_call_with_retry:155 - CRITICAL DEBUG - Payload sent to replicate.run: {
  "num_images": 1,
  "image_input": [
    "https://f003.backblazeb2.com/file/aspect-ratio-reference/aspect_ratio_reference_16x9.png"
  ],
  "output_format": "png",
  "prompt": "A cinematic scene from the  Handheld POV shot following behind the back of a Jewish boy dressed as a colorful clown with ruffled collar walking into a grand candlelit ballroom in a lavish private home in 1820s Stockholm, energetically spinning a wooden grogger noisemaker above his head. We only see from the middle of his back to the top of his head. Elaborately costumed adults dressed as orientals, jesters, and masked villains react dramatically to the loud rattling in the ballroom behind him. Candlelit atmosphere illuminates the grand space, documentary style, extreme radial motion blur. Handheld shot on 35mm film in the style of Roger Deakins. Diagonal room composition Make the aspect ratio of the generated image the same as provided image"
}
2025-11-05 23:05:32 | DEBUG    | src.api.client:_call_with_retry:170 - API call successful
2025-11-05 23:05:32 | WARNING  | src.api.client:generate_image:117 - API PARAMETER FILTERING DETECTED:
2025-11-05 23:05:32 | WARNING  | src.api.client:generate_image:118 -   Model: google/nano-banana
2025-11-05 23:05:32 | WARNING  | src.api.client:generate_image:119 -   Filtered parameters: ['image_input']
2025-11-05 23:05:32 | WARNING  | src.api.client:generate_image:120 -   This means the model doesn't support these parameters
2025-11-05 23:05:33 | INFO     | src.output.writer:_save_to_disk:192 - Saved valid image: USER-FILES/05.OUTPUT/251105_230345_IMAGE/purim_party_008_IMAGE_230532_nano-banano16x9_deakins.png
2025-11-05 23:05:33 | DEBUG    | src.output.writer:_save_payload:257 - Saved payload to USER-FILES/05.OUTPUT/251105_230345_IMAGE/purim_party_008_IMAGE_230532_nano-banano16x9_deakins.md
2025-11-05 23:05:33 | INFO     | src.processing.processor:_generate_and_save_image:248 - Saved image: USER-FILES/05.OUTPUT/251105_230345_IMAGE/purim_party_008_IMAGE_230532_nano-banano16x9_deakins.png
2025-11-05 23:05:33 | INFO     | src.processing.discovery:load_prompts:63 - Loaded prompt from purim_party_009.txt
2025-11-05 23:05:33 | INFO     | src.processing.processor:_process_single_combination:119 - Processing combination 9/10: purim_party_009.txt + nano-banano16x9_deakins
2025-11-05 23:05:33 | DEBUG    | src.processing.processor:_apply_prompt_fixes:204 - Added prefix to prompt: A cinematic scene from the 
2025-11-05 23:05:33 | DEBUG    | src.processing.processor:_apply_prompt_fixes:208 - Added suffix to prompt: Handheld shot on 35mm film in the style of Roger Deakins. Diagonal room composition Make the aspect ratio of the generated image the same as provided image
2025-11-05 23:05:33 | DEBUG    | src.processing.processor:_process_with_context:186 - Processing purim_party_009.txt: A cinematic scene from the  Handheld POV shot foll...
2025-11-05 23:05:33 | DEBUG    | src.api.client:generate_image:85 - CRITICAL DEBUG - Received params: {
  "num_images": 1,
  "image_input": [
    "https://f003.backblazeb2.com/file/aspect-ratio-reference/aspect_ratio_reference_16x9.png"
  ],
  "output_format": "png"
}
2025-11-05 23:05:33 | DEBUG    | src.api.client:generate_image:86 - CRITICAL DEBUG - Constructed payload: {
  "num_images": 1,
  "image_input": [
    "https://f003.backblazeb2.com/file/aspect-ratio-reference/aspect_ratio_reference_16x9.png"
  ],
  "output_format": "png",
  "prompt": "A cinematic scene from the  Handheld POV shot following behind the back of a young Jewish woman dressed as an oriental princess with jeweled silks and an ornate feathered mask walking into an opulent dressing room in a wealthy private home in 1820s Stockholm. We only see from the middle of her back to the top of her head. She adjusts her elaborate disguise in a gilt-framed mirror. Other guests in Maharaja costumes and jester outfits pass by the doorway chattering excitedly in motion blur, documentary style, extreme radial motion blur. Handheld shot on 35mm film in the style of Roger Deakins. Diagonal room composition Make the aspect ratio of the generated image the same as provided image"
}
2025-11-05 23:05:33 | DEBUG    | src.api.client:generate_image:89 - Original prompt: A cinematic scene from the  Handheld POV shot following behind the back of a young Jewish woman dressed as an oriental princess with jeweled silks and an ornate feathered mask walking into an opulent dressing room in a wealthy private home in 1820s Stockholm. We only see from the middle of her back to the top of her head. She adjusts her elaborate disguise in a gilt-framed mirror. Other guests in Maharaja costumes and jester outfits pass by the doorway chattering excitedly in motion blur, documentary style, extreme radial motion blur. Handheld shot on 35mm film in the style of Roger Deakins. Diagonal room composition Make the aspect ratio of the generated image the same as provided image
2025-11-05 23:05:33 | DEBUG    | src.api.client:generate_image:90 - Clean prompt being sent: A cinematic scene from the  Handheld POV shot following behind the back of a young Jewish woman dressed as an oriental princess with jeweled silks and an ornate feathered mask walking into an opulent dressing room in a wealthy private home in 1820s Stockholm. We only see from the middle of her back to the top of her head. She adjusts her elaborate disguise in a gilt-framed mirror. Other guests in Maharaja costumes and jester outfits pass by the doorway chattering excitedly in motion blur, documentary style, extreme radial motion blur. Handheld shot on 35mm film in the style of Roger Deakins. Diagonal room composition Make the aspect ratio of the generated image the same as provided image
2025-11-05 23:05:33 | DEBUG    | src.api.client:generate_image:91 - Clean prompt repr: 'A cinematic scene from the  Handheld POV shot following behind the back of a young Jewish woman dressed as an oriental princess with jeweled silks and an ornate feathered mask walking into an opulent dressing room in a wealthy private home in 1820s Stockholm. We only see from the middle of her back to the top of her head. She adjusts her elaborate disguise in a gilt-framed mirror. Other guests in Maharaja costumes and jester outfits pass by the doorway chattering excitedly in motion blur, documentary style, extreme radial motion blur. Handheld shot on 35mm film in the style of Roger Deakins. Diagonal room composition Make the aspect ratio of the generated image the same as provided image'
2025-11-05 23:05:33 | DEBUG    | src.api.client:_call_with_retry:152 - API call attempt 1/3
2025-11-05 23:05:33 | DEBUG    | src.api.client:_call_with_retry:155 - CRITICAL DEBUG - Payload sent to replicate.run: {
  "num_images": 1,
  "image_input": [
    "https://f003.backblazeb2.com/file/aspect-ratio-reference/aspect_ratio_reference_16x9.png"
  ],
  "output_format": "png",
  "prompt": "A cinematic scene from the  Handheld POV shot following behind the back of a young Jewish woman dressed as an oriental princess with jeweled silks and an ornate feathered mask walking into an opulent dressing room in a wealthy private home in 1820s Stockholm. We only see from the middle of her back to the top of her head. She adjusts her elaborate disguise in a gilt-framed mirror. Other guests in Maharaja costumes and jester outfits pass by the doorway chattering excitedly in motion blur, documentary style, extreme radial motion blur. Handheld shot on 35mm film in the style of Roger Deakins. Diagonal room composition Make the aspect ratio of the generated image the same as provided image"
}
2025-11-05 23:05:42 | DEBUG    | src.api.client:_call_with_retry:170 - API call successful
2025-11-05 23:05:42 | WARNING  | src.api.client:generate_image:117 - API PARAMETER FILTERING DETECTED:
2025-11-05 23:05:42 | WARNING  | src.api.client:generate_image:118 -   Model: google/nano-banana
2025-11-05 23:05:42 | WARNING  | src.api.client:generate_image:119 -   Filtered parameters: ['image_input']
2025-11-05 23:05:42 | WARNING  | src.api.client:generate_image:120 -   This means the model doesn't support these parameters
2025-11-05 23:05:44 | INFO     | src.output.writer:_save_to_disk:192 - Saved valid image: USER-FILES/05.OUTPUT/251105_230345_IMAGE/purim_party_009_IMAGE_230542_nano-banano16x9_deakins.png
2025-11-05 23:05:44 | DEBUG    | src.output.writer:_save_payload:257 - Saved payload to USER-FILES/05.OUTPUT/251105_230345_IMAGE/purim_party_009_IMAGE_230542_nano-banano16x9_deakins.md
2025-11-05 23:05:44 | INFO     | src.processing.processor:_generate_and_save_image:248 - Saved image: USER-FILES/05.OUTPUT/251105_230345_IMAGE/purim_party_009_IMAGE_230542_nano-banano16x9_deakins.png
2025-11-05 23:05:44 | INFO     | src.processing.discovery:load_prompts:63 - Loaded prompt from purim_party_010.txt
2025-11-05 23:05:44 | INFO     | src.processing.processor:_process_single_combination:119 - Processing combination 10/10: purim_party_010.txt + nano-banano16x9_deakins
2025-11-05 23:05:44 | DEBUG    | src.processing.processor:_apply_prompt_fixes:204 - Added prefix to prompt: A cinematic scene from the 
2025-11-05 23:05:44 | DEBUG    | src.processing.processor:_apply_prompt_fixes:208 - Added suffix to prompt: Handheld shot on 35mm film in the style of Roger Deakins. Diagonal room composition Make the aspect ratio of the generated image the same as provided image
2025-11-05 23:05:44 | DEBUG    | src.processing.processor:_process_with_context:186 - Processing purim_party_010.txt: A cinematic scene from the  Handheld POV shot foll...
2025-11-05 23:05:44 | DEBUG    | src.api.client:generate_image:85 - CRITICAL DEBUG - Received params: {
  "num_images": 1,
  "image_input": [
    "https://f003.backblazeb2.com/file/aspect-ratio-reference/aspect_ratio_reference_16x9.png"
  ],
  "output_format": "png"
}
2025-11-05 23:05:44 | DEBUG    | src.api.client:generate_image:86 - CRITICAL DEBUG - Constructed payload: {
  "num_images": 1,
  "image_input": [
    "https://f003.backblazeb2.com/file/aspect-ratio-reference/aspect_ratio_reference_16x9.png"
  ],
  "output_format": "png",
  "prompt": "A cinematic scene from the  Handheld POV shot following behind the back of a Jewish man dressed as a Maharaja with elaborate turban, flowing silks, and ornate mask pushed up on his head walking into a private snow-covered garden behind their grand townhouse in 1820s Stockholm. We only see from the middle of his back to the top of his head. Beside him walks a woman dressed as an oriental dancer with elaborate turban, flowing silks, and ornate mask pushed up on her head. Through the tall windows behind them costumed guests dressed as clowns, jesters, and masked villains can be seen celebrating in the warm, chandelier-lit rooms in motion blur, documentary style, extreme radial motion blur. Handheld shot on 35mm film in the style of Roger Deakins. Diagonal room composition Make the aspect ratio of the generated image the same as provided image"
}
2025-11-05 23:05:44 | DEBUG    | src.api.client:generate_image:89 - Original prompt: A cinematic scene from the  Handheld POV shot following behind the back of a Jewish man dressed as a Maharaja with elaborate turban, flowing silks, and ornate mask pushed up on his head walking into a private snow-covered garden behind their grand townhouse in 1820s Stockholm. We only see from the middle of his back to the top of his head. Beside him walks a woman dressed as an oriental dancer with elaborate turban, flowing silks, and ornate mask pushed up on her head. Through the tall windows behind them costumed guests dressed as clowns, jesters, and masked villains can be seen celebrating in the warm, chandelier-lit rooms in motion blur, documentary style, extreme radial motion blur. Handheld shot on 35mm film in the style of Roger Deakins. Diagonal room composition Make the aspect ratio of the generated image the same as provided image
2025-11-05 23:05:44 | DEBUG    | src.api.client:generate_image:90 - Clean prompt being sent: A cinematic scene from the  Handheld POV shot following behind the back of a Jewish man dressed as a Maharaja with elaborate turban, flowing silks, and ornate mask pushed up on his head walking into a private snow-covered garden behind their grand townhouse in 1820s Stockholm. We only see from the middle of his back to the top of his head. Beside him walks a woman dressed as an oriental dancer with elaborate turban, flowing silks, and ornate mask pushed up on her head. Through the tall windows behind them costumed guests dressed as clowns, jesters, and masked villains can be seen celebrating in the warm, chandelier-lit rooms in motion blur, documentary style, extreme radial motion blur. Handheld shot on 35mm film in the style of Roger Deakins. Diagonal room composition Make the aspect ratio of the generated image the same as provided image
2025-11-05 23:05:44 | DEBUG    | src.api.client:generate_image:91 - Clean prompt repr: 'A cinematic scene from the  Handheld POV shot following behind the back of a Jewish man dressed as a Maharaja with elaborate turban, flowing silks, and ornate mask pushed up on his head walking into a private snow-covered garden behind their grand townhouse in 1820s Stockholm. We only see from the middle of his back to the top of his head. Beside him walks a woman dressed as an oriental dancer with elaborate turban, flowing silks, and ornate mask pushed up on her head. Through the tall windows behind them costumed guests dressed as clowns, jesters, and masked villains can be seen celebrating in the warm, chandelier-lit rooms in motion blur, documentary style, extreme radial motion blur. Handheld shot on 35mm film in the style of Roger Deakins. Diagonal room composition Make the aspect ratio of the generated image the same as provided image'
2025-11-05 23:05:44 | DEBUG    | src.api.client:_call_with_retry:152 - API call attempt 1/3
2025-11-05 23:05:44 | DEBUG    | src.api.client:_call_with_retry:155 - CRITICAL DEBUG - Payload sent to replicate.run: {
  "num_images": 1,
  "image_input": [
    "https://f003.backblazeb2.com/file/aspect-ratio-reference/aspect_ratio_reference_16x9.png"
  ],
  "output_format": "png",
  "prompt": "A cinematic scene from the  Handheld POV shot following behind the back of a Jewish man dressed as a Maharaja with elaborate turban, flowing silks, and ornate mask pushed up on his head walking into a private snow-covered garden behind their grand townhouse in 1820s Stockholm. We only see from the middle of his back to the top of his head. Beside him walks a woman dressed as an oriental dancer with elaborate turban, flowing silks, and ornate mask pushed up on her head. Through the tall windows behind them costumed guests dressed as clowns, jesters, and masked villains can be seen celebrating in the warm, chandelier-lit rooms in motion blur, documentary style, extreme radial motion blur. Handheld shot on 35mm film in the style of Roger Deakins. Diagonal room composition Make the aspect ratio of the generated image the same as provided image"
}
2025-11-05 23:05:53 | DEBUG    | src.api.client:_call_with_retry:170 - API call successful
2025-11-05 23:05:53 | WARNING  | src.api.client:generate_image:117 - API PARAMETER FILTERING DETECTED:
2025-11-05 23:05:53 | WARNING  | src.api.client:generate_image:118 -   Model: google/nano-banana
2025-11-05 23:05:53 | WARNING  | src.api.client:generate_image:119 -   Filtered parameters: ['image_input']
2025-11-05 23:05:53 | WARNING  | src.api.client:generate_image:120 -   This means the model doesn't support these parameters
2025-11-05 23:05:54 | INFO     | src.output.writer:_save_to_disk:192 - Saved valid image: USER-FILES/05.OUTPUT/251105_230345_IMAGE/purim_party_010_IMAGE_230553_nano-banano16x9_deakins.png
2025-11-05 23:05:54 | DEBUG    | src.output.writer:_save_payload:257 - Saved payload to USER-FILES/05.OUTPUT/251105_230345_IMAGE/purim_party_010_IMAGE_230553_nano-banano16x9_deakins.md
2025-11-05 23:05:54 | INFO     | src.processing.processor:_generate_and_save_image:248 - Saved image: USER-FILES/05.OUTPUT/251105_230345_IMAGE/purim_party_010_IMAGE_230553_nano-banano16x9_deakins.png
2025-11-05 23:05:54 | INFO     | src.processing.discovery:load_prompts:63 - Loaded prompt from purim_party_001.txt
2025-11-05 23:05:54 | INFO     | src.processing.discovery:load_prompts:63 - Loaded prompt from purim_party_002.txt
2025-11-05 23:05:54 | INFO     | src.processing.discovery:load_prompts:63 - Loaded prompt from purim_party_003.txt
2025-11-05 23:05:54 | INFO     | src.processing.discovery:load_prompts:63 - Loaded prompt from purim_party_004.txt
2025-11-05 23:05:54 | INFO     | src.processing.discovery:load_prompts:63 - Loaded prompt from purim_party_005.txt
2025-11-05 23:05:54 | INFO     | src.processing.discovery:load_prompts:63 - Loaded prompt from purim_party_006.txt
2025-11-05 23:05:54 | INFO     | src.processing.discovery:load_prompts:63 - Loaded prompt from purim_party_007.txt
2025-11-05 23:05:54 | INFO     | src.processing.discovery:load_prompts:63 - Loaded prompt from purim_party_008.txt
2025-11-05 23:05:54 | INFO     | src.processing.discovery:load_prompts:63 - Loaded prompt from purim_party_009.txt
2025-11-05 23:05:54 | INFO     | src.processing.discovery:load_prompts:63 - Loaded prompt from purim_party_010.txt
2025-11-05 23:05:54 | INFO     | src.output.writer:write_report:293 - Report saved: USER-FILES/05.OUTPUT/251105_230345_IMAGE/SUCCESS.md
2025-11-05 23:05:54 | INFO     | src.output.writer:write_report:293 - Report saved: USER-FILES/05.OUTPUT/251105_230345_IMAGE/COST-REPORT.md
2025-11-05 23:05:54 | INFO     | src.output.writer:write_report:293 - Report saved: USER-FILES/05.OUTPUT/251105_230345_IMAGE/PROFILES-WITH-FIXES.md
2025-11-05 23:05:54 | INFO     | src.output.reporter:_save_success_reports:62 - Reports saved successfully
2025-11-05 23:05:54 | SUCCESS  | __main__:generate_final_reports:264 - ✅ Completed successfully! Generated 10 images
