2025-09-15 08:46:52 | INFO     | src.utils.logging:setup_logging:39 - Logging configured (verbose=False, debug=False)
2025-09-15 08:46:52 | INFO     | __main__:setup_environment:77 - Environment initialized
2025-09-15 08:46:52 | INFO     | __main__:load_and_validate_config:82 - Loading configuration...
2025-09-15 08:46:52 | INFO     | src.config.loader:load_config:42 - Loaded configuration from USER-FILES/01.CONFIG/config.yaml
2025-09-15 08:46:52 | INFO     | __main__:main:309 - Authenticating...
2025-09-15 08:46:52 | DEBUG    | src.auth.env:get_replicate_api_key_from_env:19 - Loaded environment from /Users/ruben/08_-_DEVELOPMENT/ISOF_IMAGE_WORKFLOW/text-to-image_tool/.env
2025-09-15 08:46:52 | INFO     | src.auth.env:get_replicate_api_key_from_env:25 - Successfully retrieved Replicate API token from environment
2025-09-15 08:46:52 | INFO     | __main__:discover_inputs_and_profiles:90 - Discovering inputs...
2025-09-15 08:46:52 | DEBUG    | src.processing.discovery:discover_prompt_files:40 - Found prompt file: test_prompt.txt
2025-09-15 08:46:52 | DEBUG    | src.processing.discovery:discover_prompt_files:40 - Found prompt file: line_0015.txt
2025-09-15 08:46:52 | INFO     | src.processing.discovery:discover_prompt_files:45 - Discovered 2 prompt files
2025-09-15 08:46:52 | DEBUG    | src.processing.discovery:discover_profiles:93 - Loaded profile: USER-FILES/03.PROFILES/flux-schnell.yaml
2025-09-15 08:46:52 | DEBUG    | src.processing.discovery:discover_profiles:93 - Loaded profile: USER-FILES/03.PROFILES/test-flux.yaml
2025-09-15 08:46:52 | INFO     | src.processing.discovery:discover_profiles:97 - Loaded 2 profiles
2025-09-15 08:46:52 | INFO     | src.processing.discovery:get_active_models:133 - Found profile: flux-schnell
2025-09-15 08:46:52 | INFO     | src.processing.discovery:get_active_models:133 - Found profile: test-flux
2025-09-15 08:46:52 | INFO     | src.processing.discovery:get_active_models:138 - Total profiles to process: 2
2025-09-15 08:46:52 | INFO     | src.config.validator:validate_all:26 - All configuration validation passed
2025-09-15 08:46:52 | INFO     | __main__:initialize_services:184 - Output directory: USER-FILES/05.OUTPUT/250915_084652
2025-09-15 08:46:52 | INFO     | __main__:execute_processing:218 - Starting matrix processing...
2025-09-15 08:46:52 | INFO     | src.processing.processor:process_all:66 - Processing 4 combinations (2 files × 2 profiles)
2025-09-15 08:46:52 | INFO     | src.processing.discovery:load_prompts:63 - Loaded prompt from line_0015.txt
2025-09-15 08:46:52 | INFO     | src.processing.processor:_process_single_combination:138 - Processing combination 1/4: line_0015.txt + flux-schnell
2025-09-15 08:46:52 | DEBUG    | src.processing.processor:_process_with_context:196 - Processing line_0015.txt: Group of 2 diverse AWS technicians (Asian man 20s,...
2025-09-15 08:46:52 | INFO     | src.processing.processor:_process_with_context:199 - [DRY RUN] Would generate image for line_0015.txt
2025-09-15 08:46:52 | INFO     | src.processing.discovery:load_prompts:63 - Loaded prompt from test_prompt.txt
2025-09-15 08:46:52 | INFO     | src.processing.processor:_process_single_combination:138 - Processing combination 2/4: test_prompt.txt + flux-schnell
2025-09-15 08:46:52 | DEBUG    | src.processing.processor:_process_with_context:196 - Processing test_prompt.txt: A serene mountain landscape at sunset with snow-ca...
2025-09-15 08:46:52 | INFO     | src.processing.processor:_process_with_context:199 - [DRY RUN] Would generate image for test_prompt.txt
2025-09-15 08:46:52 | INFO     | src.processing.discovery:load_prompts:63 - Loaded prompt from line_0015.txt
2025-09-15 08:46:52 | INFO     | src.processing.processor:_process_single_combination:138 - Processing combination 3/4: line_0015.txt + test-flux
2025-09-15 08:46:52 | DEBUG    | src.processing.processor:_process_with_context:196 - Processing line_0015.txt: Group of 2 diverse AWS technicians (Asian man 20s,...
2025-09-15 08:46:52 | INFO     | src.processing.processor:_process_with_context:199 - [DRY RUN] Would generate image for line_0015.txt
2025-09-15 08:46:52 | INFO     | src.processing.discovery:load_prompts:63 - Loaded prompt from test_prompt.txt
2025-09-15 08:46:52 | INFO     | src.processing.processor:_process_single_combination:138 - Processing combination 4/4: test_prompt.txt + test-flux
2025-09-15 08:46:52 | DEBUG    | src.processing.processor:_process_with_context:196 - Processing test_prompt.txt: A serene mountain landscape at sunset with snow-ca...
2025-09-15 08:46:52 | INFO     | src.processing.processor:_process_with_context:199 - [DRY RUN] Would generate image for test_prompt.txt
2025-09-15 08:46:52 | INFO     | src.processing.discovery:load_prompts:63 - Loaded prompt from line_0015.txt
2025-09-15 08:46:52 | INFO     | src.processing.discovery:load_prompts:63 - Loaded prompt from test_prompt.txt
2025-09-15 08:46:52 | INFO     | src.output.writer:write_report:266 - Report saved: USER-FILES/05.OUTPUT/250915_084652/SUCCESS.md
2025-09-15 08:46:52 | INFO     | src.output.reporter:_save_success_reports:62 - Reports saved successfully
2025-09-15 08:46:52 | SUCCESS  | __main__:generate_final_reports:261 - ✅ Completed successfully! Generated 0 images
