2025-09-25 22:08:06 | INFO     | src.utils.logging:setup_logging:39 - Logging configured (verbose=False, debug=False)
2025-09-25 22:08:06 | INFO     | __main__:setup_environment:79 - Environment initialized
2025-09-25 22:08:06 | INFO     | __main__:load_and_validate_config:84 - Loading configuration...
2025-09-25 22:08:06 | INFO     | src.config.loader:load_config:42 - Loaded configuration from USER-FILES/01.CONFIG/config.yaml
2025-09-25 22:08:06 | INFO     | __main__:authenticate_for_mode:273 - Authenticating with 1Password...
2025-09-25 22:08:07 | DEBUG    | src.auth.session_manager:ensure_op_auth:39 - 1Password session is active
2025-09-25 22:08:08 | DEBUG    | src.auth.session_manager:ensure_op_auth:39 - 1Password session is active
2025-09-25 22:08:10 | DEBUG    | src.auth.auth:get_api_key:70 - Retrieved API key: r8_V...
2025-09-25 22:08:10 | INFO     | __main__:discover_inputs_and_profiles:92 - Discovering inputs...
2025-09-25 22:08:10 | DEBUG    | src.processing.discovery:discover_prompt_files:40 - Found prompt file: line_0015.txt
2025-09-25 22:08:10 | INFO     | src.processing.discovery:discover_prompt_files:45 - Discovered 1 prompt files
2025-09-25 22:08:10 | DEBUG    | src.processing.discovery:discover_profiles:93 - Loaded profile: USER-FILES/03.PROFILES/nano-banano9x16.yaml
2025-09-25 22:08:10 | INFO     | src.processing.discovery:discover_profiles:97 - Loaded 1 profiles
2025-09-25 22:08:10 | INFO     | src.processing.discovery:get_active_models:135 - Found profile: nano-banano9x16
2025-09-25 22:08:10 | INFO     | src.processing.discovery:get_active_models:140 - Total profiles to process: 1
2025-09-25 22:08:10 | INFO     | src.config.validator:validate_all:26 - All configuration validation passed
2025-09-25 22:08:10 | INFO     | __main__:initialize_services:186 - Output directory: USER-FILES/05.OUTPUT/250925_220810
2025-09-25 22:08:10 | INFO     | __main__:execute_processing:221 - Starting matrix processing...
2025-09-25 22:08:10 | INFO     | src.processing.processor:process_all:60 - Processing 1 combinations (1 files × 1 profiles)
2025-09-25 22:08:10 | INFO     | src.processing.discovery:load_prompts:63 - Loaded prompt from line_0015.txt
2025-09-25 22:08:10 | INFO     | src.processing.processor:_process_single_combination:124 - Processing combination 1/1: line_0015.txt + nano-banano9x16
2025-09-25 22:08:10 | DEBUG    | src.processing.processor:_apply_prompt_fixes:206 - Added suffix to prompt: Make the aspect ratio of the generated image the same as attached image called "aspect_ratio_reference_9x16.png"
2025-09-25 22:08:10 | DEBUG    | src.processing.processor:_process_with_context:184 - Processing line_0015.txt: Group of 2 diverse AWS technicians (Asian man 20s,...
2025-09-25 22:08:10 | DEBUG    | src.api.client:generate_image:96 - Original prompt: Group of 2 diverse AWS technicians (Asian man 20s, White man 30s) all smiling and attentive, listening to briefing, wearing long-sleeved shirts, utilitarian pants, gray safety gloves, safety goggles, and hearing protection over the ears in major data center server room with orange metal cable trays packed with yellow, green, and black fiber optic lines overhead. Make the aspect ratio of the generated image the same as attached image called "aspect_ratio_reference_9x16.png"
2025-09-25 22:08:10 | DEBUG    | src.api.client:generate_image:97 - Clean prompt being sent: Group of 2 diverse AWS technicians (Asian man 20s, White man 30s) all smiling and attentive, listening to briefing, wearing long-sleeved shirts, utilitarian pants, gray safety gloves, safety goggles, and hearing protection over the ears in major data center server room with orange metal cable trays packed with yellow, green, and black fiber optic lines overhead. Make the aspect ratio of the generated image the same as attached image called "aspect_ratio_reference_9x16.png"
2025-09-25 22:08:10 | DEBUG    | src.api.client:generate_image:98 - Clean prompt repr: 'Group of 2 diverse AWS technicians (Asian man 20s, White man 30s) all smiling and attentive, listening to briefing, wearing long-sleeved shirts, utilitarian pants, gray safety gloves, safety goggles, and hearing protection over the ears in major data center server room with orange metal cable trays packed with yellow, green, and black fiber optic lines overhead. Make the aspect ratio of the generated image the same as attached image called "aspect_ratio_reference_9x16.png"'
2025-09-25 22:08:10 | DEBUG    | src.api.client:_call_with_retry:145 - API call attempt 1/3
2025-09-25 22:08:19 | DEBUG    | src.api.client:_call_with_retry:160 - API call successful
2025-09-25 22:08:20 | INFO     | src.output.writer:_save_to_disk:201 - Saved valid image: USER-FILES/05.OUTPUT/250925_220810/nano-banano9x16/line_0015_220819_nano-banano9x16_unknownxunknown.png
2025-09-25 22:08:20 | DEBUG    | src.output.writer:_save_payload:230 - Saved payload to USER-FILES/05.OUTPUT/250925_220810/nano-banano9x16/line_0015_220819_nano-banano9x16_unknownxunknown.md
2025-09-25 22:08:20 | INFO     | src.processing.processor:_generate_and_save_image:259 - Saved image: USER-FILES/05.OUTPUT/250925_220810/nano-banano9x16/line_0015_220819_nano-banano9x16_unknownxunknown.png
2025-09-25 22:08:20 | INFO     | src.processing.discovery:load_prompts:63 - Loaded prompt from line_0015.txt
2025-09-25 22:08:20 | INFO     | src.output.writer:write_report:266 - Report saved: USER-FILES/05.OUTPUT/250925_220810/SUCCESS.md
2025-09-25 22:08:20 | INFO     | src.output.writer:write_report:266 - Report saved: USER-FILES/05.OUTPUT/250925_220810/COST-REPORT.md
2025-09-25 22:08:20 | INFO     | src.output.writer:write_report:266 - Report saved: USER-FILES/05.OUTPUT/250925_220810/PROFILES-WITH-FIXES.md
2025-09-25 22:08:20 | INFO     | src.output.reporter:_save_success_reports:62 - Reports saved successfully
2025-09-25 22:08:20 | SUCCESS  | __main__:generate_final_reports:264 - ✅ Completed successfully! Generated 1 images
