2025-09-25 22:25:29 | INFO     | src.utils.logging:setup_logging:39 - Logging configured (verbose=False, debug=False)
2025-09-25 22:25:29 | INFO     | __main__:setup_environment:79 - Environment initialized
2025-09-25 22:25:29 | INFO     | __main__:load_and_validate_config:84 - Loading configuration...
2025-09-25 22:25:29 | INFO     | src.config.loader:load_config:42 - Loaded configuration from USER-FILES/01.CONFIG/config.yaml
2025-09-25 22:25:29 | INFO     | __main__:authenticate_for_mode:273 - Authenticating with 1Password...
2025-09-25 22:25:31 | DEBUG    | src.auth.session_manager:ensure_op_auth:39 - 1Password session is active
2025-09-25 22:25:32 | DEBUG    | src.auth.session_manager:ensure_op_auth:39 - 1Password session is active
2025-09-25 22:25:33 | DEBUG    | src.auth.auth:get_api_key:70 - Retrieved API key: r8_V...
2025-09-25 22:25:33 | INFO     | __main__:discover_inputs_and_profiles:92 - Discovering inputs...
2025-09-25 22:25:33 | DEBUG    | src.processing.discovery:discover_prompt_files:40 - Found prompt file: staff prompts/line_0008.txt
2025-09-25 22:25:33 | DEBUG    | src.processing.discovery:discover_prompt_files:40 - Found prompt file: staff prompts/line_0009.txt
2025-09-25 22:25:33 | DEBUG    | src.processing.discovery:discover_prompt_files:40 - Found prompt file: staff prompts/line_0013.txt
2025-09-25 22:25:33 | DEBUG    | src.processing.discovery:discover_prompt_files:40 - Found prompt file: staff prompts/line_0007.txt
2025-09-25 22:25:33 | DEBUG    | src.processing.discovery:discover_prompt_files:40 - Found prompt file: staff prompts/line_0006.txt
2025-09-25 22:25:33 | DEBUG    | src.processing.discovery:discover_prompt_files:40 - Found prompt file: staff prompts/line_0012.txt
2025-09-25 22:25:33 | DEBUG    | src.processing.discovery:discover_prompt_files:40 - Found prompt file: staff prompts/line_0004.txt
2025-09-25 22:25:33 | DEBUG    | src.processing.discovery:discover_prompt_files:40 - Found prompt file: staff prompts/line_0010.txt
2025-09-25 22:25:33 | DEBUG    | src.processing.discovery:discover_prompt_files:40 - Found prompt file: staff prompts/line_0011.txt
2025-09-25 22:25:33 | DEBUG    | src.processing.discovery:discover_prompt_files:40 - Found prompt file: staff prompts/line_0005.txt
2025-09-25 22:25:33 | DEBUG    | src.processing.discovery:discover_prompt_files:40 - Found prompt file: staff prompts/line_0001.txt
2025-09-25 22:25:33 | DEBUG    | src.processing.discovery:discover_prompt_files:40 - Found prompt file: staff prompts/line_0014.txt
2025-09-25 22:25:33 | DEBUG    | src.processing.discovery:discover_prompt_files:40 - Found prompt file: staff prompts/line_0002.txt
2025-09-25 22:25:33 | DEBUG    | src.processing.discovery:discover_prompt_files:40 - Found prompt file: staff prompts/line_0003.txt
2025-09-25 22:25:33 | INFO     | src.processing.discovery:discover_prompt_files:45 - Discovered 14 prompt files
2025-09-25 22:25:33 | DEBUG    | src.processing.discovery:discover_profiles:93 - Loaded profile: USER-FILES/03.PROFILES/nano-banano9x16.yaml
2025-09-25 22:25:33 | INFO     | src.processing.discovery:discover_profiles:97 - Loaded 1 profiles
2025-09-25 22:25:33 | INFO     | src.processing.discovery:get_active_models:135 - Found profile: nano-banano9x16
2025-09-25 22:25:33 | INFO     | src.processing.discovery:get_active_models:140 - Total profiles to process: 1
2025-09-25 22:25:33 | INFO     | src.config.validator:validate_all:26 - All configuration validation passed
2025-09-25 22:25:33 | INFO     | __main__:initialize_services:186 - Output directory: USER-FILES/05.OUTPUT/250925_222533
2025-09-25 22:25:33 | INFO     | __main__:execute_processing:221 - Starting matrix processing...
2025-09-25 22:25:33 | INFO     | src.processing.processor:process_all:60 - Processing 14 combinations (14 files × 1 profiles)
2025-09-25 22:25:33 | INFO     | src.processing.discovery:load_prompts:63 - Loaded prompt from line_0001.txt
2025-09-25 22:25:33 | INFO     | src.processing.processor:_process_single_combination:124 - Processing combination 1/14: staff prompts/line_0001.txt + nano-banano9x16
2025-09-25 22:25:33 | DEBUG    | src.processing.processor:_apply_prompt_fixes:206 - Added suffix to prompt: Make the aspect ratio of the generated image the same as attached image called "aspect_ratio_reference_9x16.png"
2025-09-25 22:25:33 | DEBUG    | src.processing.processor:_process_with_context:184 - Processing staff prompts/line_0001.txt: Back-of-House Culinary Staff, Male, He wears a bla...
2025-09-25 22:25:33 | DEBUG    | src.api.client:generate_image:96 - Original prompt: Back-of-House Culinary Staff, Male, He wears a black crew tee beneath a clean, pressed white chef coat, with solid black pants and black socks above the ankle. His slip-resistant, ergonomic black shoes provide safety and comfort. He is clean-shaven, with neatly styled hair, completing the professional and disciplined kitchen look. Standing straight in front of a white studio background. Subtle smile. Make the aspect ratio of the generated image the same as attached image called "aspect_ratio_reference_9x16.png"
2025-09-25 22:25:33 | DEBUG    | src.api.client:generate_image:97 - Clean prompt being sent: Back-of-House Culinary Staff, Male, He wears a black crew tee beneath a clean, pressed white chef coat, with solid black pants and black socks above the ankle. His slip-resistant, ergonomic black shoes provide safety and comfort. He is clean-shaven, with neatly styled hair, completing the professional and disciplined kitchen look. Standing straight in front of a white studio background. Subtle smile. Make the aspect ratio of the generated image the same as attached image called "aspect_ratio_reference_9x16.png"
2025-09-25 22:25:33 | DEBUG    | src.api.client:generate_image:98 - Clean prompt repr: 'Back-of-House Culinary Staff, Male, He wears a black crew tee beneath a clean, pressed white chef coat, with solid black pants and black socks above the ankle. His slip-resistant, ergonomic black shoes provide safety and comfort. He is clean-shaven, with neatly styled hair, completing the professional and disciplined kitchen look. Standing straight in front of a white studio background. Subtle smile. Make the aspect ratio of the generated image the same as attached image called "aspect_ratio_reference_9x16.png"'
2025-09-25 22:25:33 | DEBUG    | src.api.client:_call_with_retry:145 - API call attempt 1/3
2025-09-25 22:25:45 | DEBUG    | src.api.client:_call_with_retry:160 - API call successful
2025-09-25 22:25:45 | INFO     | src.output.writer:_save_to_disk:201 - Saved valid image: USER-FILES/05.OUTPUT/250925_222533/nano-banano9x16/staff prompts/line_0001_222545_nano-banano9x16_unknownxunknown.png
2025-09-25 22:25:45 | DEBUG    | src.output.writer:_save_payload:230 - Saved payload to USER-FILES/05.OUTPUT/250925_222533/nano-banano9x16/staff prompts/line_0001_222545_nano-banano9x16_unknownxunknown.md
2025-09-25 22:25:45 | INFO     | src.processing.processor:_generate_and_save_image:259 - Saved image: USER-FILES/05.OUTPUT/250925_222533/nano-banano9x16/staff prompts/line_0001_222545_nano-banano9x16_unknownxunknown.png
2025-09-25 22:25:45 | INFO     | src.processing.discovery:load_prompts:63 - Loaded prompt from line_0002.txt
2025-09-25 22:25:45 | INFO     | src.processing.processor:_process_single_combination:124 - Processing combination 2/14: staff prompts/line_0002.txt + nano-banano9x16
2025-09-25 22:25:45 | DEBUG    | src.processing.processor:_apply_prompt_fixes:206 - Added suffix to prompt: Make the aspect ratio of the generated image the same as attached image called "aspect_ratio_reference_9x16.png"
2025-09-25 22:25:45 | DEBUG    | src.processing.processor:_process_with_context:184 - Processing staff prompts/line_0002.txt: Back-of-House Culinary Staff, Female, She matches ...
2025-09-25 22:25:45 | DEBUG    | src.api.client:generate_image:96 - Original prompt: Back-of-House Culinary Staff, Female, She matches the same uniform — black crew tee, white chef coat, black pants, and black socks — with slip-resistant, ergonomic black shoes. Her hair is tied neatly back with a neutral band, and she wears only small stud earrings. Subtle makeup and short, clean nails finish her polished and professional kitchen-ready appearance. Standing straight in front of a white studio background. Subtle smile. Make the aspect ratio of the generated image the same as attached image called "aspect_ratio_reference_9x16.png"
2025-09-25 22:25:45 | DEBUG    | src.api.client:generate_image:97 - Clean prompt being sent: Back-of-House Culinary Staff, Female, She matches the same uniform — black crew tee, white chef coat, black pants, and black socks — with slip-resistant, ergonomic black shoes. Her hair is tied neatly back with a neutral band, and she wears only small stud earrings. Subtle makeup and short, clean nails finish her polished and professional kitchen-ready appearance. Standing straight in front of a white studio background. Subtle smile. Make the aspect ratio of the generated image the same as attached image called "aspect_ratio_reference_9x16.png"
2025-09-25 22:25:45 | DEBUG    | src.api.client:generate_image:98 - Clean prompt repr: 'Back-of-House Culinary Staff, Female, She matches the same uniform — black crew tee, white chef coat, black pants, and black socks — with slip-resistant, ergonomic black shoes. Her hair is tied neatly back with a neutral band, and she wears only small stud earrings. Subtle makeup and short, clean nails finish her polished and professional kitchen-ready appearance. Standing straight in front of a white studio background. Subtle smile. Make the aspect ratio of the generated image the same as attached image called "aspect_ratio_reference_9x16.png"'
2025-09-25 22:25:45 | DEBUG    | src.api.client:_call_with_retry:145 - API call attempt 1/3
2025-09-25 22:25:54 | DEBUG    | src.api.client:_call_with_retry:160 - API call successful
2025-09-25 22:25:55 | INFO     | src.output.writer:_save_to_disk:201 - Saved valid image: USER-FILES/05.OUTPUT/250925_222533/nano-banano9x16/staff prompts/line_0002_222554_nano-banano9x16_unknownxunknown.png
2025-09-25 22:25:55 | DEBUG    | src.output.writer:_save_payload:230 - Saved payload to USER-FILES/05.OUTPUT/250925_222533/nano-banano9x16/staff prompts/line_0002_222554_nano-banano9x16_unknownxunknown.md
2025-09-25 22:25:55 | INFO     | src.processing.processor:_generate_and_save_image:259 - Saved image: USER-FILES/05.OUTPUT/250925_222533/nano-banano9x16/staff prompts/line_0002_222554_nano-banano9x16_unknownxunknown.png
2025-09-25 22:25:55 | INFO     | src.processing.discovery:load_prompts:63 - Loaded prompt from line_0003.txt
2025-09-25 22:25:55 | INFO     | src.processing.processor:_process_single_combination:124 - Processing combination 3/14: staff prompts/line_0003.txt + nano-banano9x16
2025-09-25 22:25:55 | DEBUG    | src.processing.processor:_apply_prompt_fixes:206 - Added suffix to prompt: Make the aspect ratio of the generated image the same as attached image called "aspect_ratio_reference_9x16.png"
2025-09-25 22:25:55 | DEBUG    | src.processing.processor:_process_with_context:184 - Processing staff prompts/line_0003.txt: Front-of-House Staff, White Male, He presents a sh...
2025-09-25 22:25:55 | DEBUG    | src.api.client:generate_image:96 - Original prompt: Front-of-House Staff, White Male, He presents a sharp, guest-ready image in the company’s black fusion shirt paired with a neatly tied black tie. His tailored black pants, secured with a plain black leather belt, and polished black leather shoes complete the look. His clean-shaven face and well-groomed style ensure a professional presence. Standing straight in front of a white studio background. Subtle smile. Standing straight in front of a white studio background. Subtle smile. Make the aspect ratio of the generated image the same as attached image called "aspect_ratio_reference_9x16.png"
2025-09-25 22:25:55 | DEBUG    | src.api.client:generate_image:97 - Clean prompt being sent: Front-of-House Staff, White Male, He presents a sharp, guest-ready image in the company’s black fusion shirt paired with a neatly tied black tie. His tailored black pants, secured with a plain black leather belt, and polished black leather shoes complete the look. His clean-shaven face and well-groomed style ensure a professional presence. Standing straight in front of a white studio background. Subtle smile. Standing straight in front of a white studio background. Subtle smile. Make the aspect ratio of the generated image the same as attached image called "aspect_ratio_reference_9x16.png"
2025-09-25 22:25:55 | DEBUG    | src.api.client:generate_image:98 - Clean prompt repr: 'Front-of-House Staff, White Male, He presents a sharp, guest-ready image in the company’s black fusion shirt paired with a neatly tied black tie. His tailored black pants, secured with a plain black leather belt, and polished black leather shoes complete the look. His clean-shaven face and well-groomed style ensure a professional presence. Standing straight in front of a white studio background. Subtle smile. Standing straight in front of a white studio background. Subtle smile. Make the aspect ratio of the generated image the same as attached image called "aspect_ratio_reference_9x16.png"'
2025-09-25 22:25:55 | DEBUG    | src.api.client:_call_with_retry:145 - API call attempt 1/3
2025-09-25 22:26:05 | DEBUG    | src.api.client:_call_with_retry:160 - API call successful
2025-09-25 22:26:06 | INFO     | src.output.writer:_save_to_disk:201 - Saved valid image: USER-FILES/05.OUTPUT/250925_222533/nano-banano9x16/staff prompts/line_0003_222605_nano-banano9x16_unknownxunknown.png
2025-09-25 22:26:06 | DEBUG    | src.output.writer:_save_payload:230 - Saved payload to USER-FILES/05.OUTPUT/250925_222533/nano-banano9x16/staff prompts/line_0003_222605_nano-banano9x16_unknownxunknown.md
2025-09-25 22:26:06 | INFO     | src.processing.processor:_generate_and_save_image:259 - Saved image: USER-FILES/05.OUTPUT/250925_222533/nano-banano9x16/staff prompts/line_0003_222605_nano-banano9x16_unknownxunknown.png
2025-09-25 22:26:06 | INFO     | src.processing.discovery:load_prompts:63 - Loaded prompt from line_0004.txt
2025-09-25 22:26:06 | INFO     | src.processing.processor:_process_single_combination:124 - Processing combination 4/14: staff prompts/line_0004.txt + nano-banano9x16
2025-09-25 22:26:06 | DEBUG    | src.processing.processor:_apply_prompt_fixes:206 - Added suffix to prompt: Make the aspect ratio of the generated image the same as attached image called "aspect_ratio_reference_9x16.png"
2025-09-25 22:26:06 | DEBUG    | src.processing.processor:_process_with_context:184 - Processing staff prompts/line_0004.txt: Front-of-House Staff, Black Female, She wears the ...
2025-09-25 22:26:06 | DEBUG    | src.api.client:generate_image:96 - Original prompt: Front-of-House Staff, Black Female, She wears the same black fusion shirt and tie with tailored black pants and a plain black belt. Her black slip-resistant shoes are polished and scuff-free. Her hair is styled neatly off her shoulders, with subtle jewelry — small stud earrings and a watch — and natural makeup that enhances her professional and welcoming presence. Standing straight in front of a white studio background. Subtle smile. Make the aspect ratio of the generated image the same as attached image called "aspect_ratio_reference_9x16.png"
2025-09-25 22:26:06 | DEBUG    | src.api.client:generate_image:97 - Clean prompt being sent: Front-of-House Staff, Black Female, She wears the same black fusion shirt and tie with tailored black pants and a plain black belt. Her black slip-resistant shoes are polished and scuff-free. Her hair is styled neatly off her shoulders, with subtle jewelry — small stud earrings and a watch — and natural makeup that enhances her professional and welcoming presence. Standing straight in front of a white studio background. Subtle smile. Make the aspect ratio of the generated image the same as attached image called "aspect_ratio_reference_9x16.png"
2025-09-25 22:26:06 | DEBUG    | src.api.client:generate_image:98 - Clean prompt repr: 'Front-of-House Staff, Black Female, She wears the same black fusion shirt and tie with tailored black pants and a plain black belt. Her black slip-resistant shoes are polished and scuff-free. Her hair is styled neatly off her shoulders, with subtle jewelry — small stud earrings and a watch — and natural makeup that enhances her professional and welcoming presence. Standing straight in front of a white studio background. Subtle smile. Make the aspect ratio of the generated image the same as attached image called "aspect_ratio_reference_9x16.png"'
2025-09-25 22:26:06 | DEBUG    | src.api.client:_call_with_retry:145 - API call attempt 1/3
2025-09-25 22:26:15 | DEBUG    | src.api.client:_call_with_retry:160 - API call successful
2025-09-25 22:26:16 | INFO     | src.output.writer:_save_to_disk:201 - Saved valid image: USER-FILES/05.OUTPUT/250925_222533/nano-banano9x16/staff prompts/line_0004_222615_nano-banano9x16_unknownxunknown.png
2025-09-25 22:26:16 | DEBUG    | src.output.writer:_save_payload:230 - Saved payload to USER-FILES/05.OUTPUT/250925_222533/nano-banano9x16/staff prompts/line_0004_222615_nano-banano9x16_unknownxunknown.md
2025-09-25 22:26:16 | INFO     | src.processing.processor:_generate_and_save_image:259 - Saved image: USER-FILES/05.OUTPUT/250925_222533/nano-banano9x16/staff prompts/line_0004_222615_nano-banano9x16_unknownxunknown.png
2025-09-25 22:26:16 | INFO     | src.processing.discovery:load_prompts:63 - Loaded prompt from line_0005.txt
2025-09-25 22:26:16 | INFO     | src.processing.processor:_process_single_combination:124 - Processing combination 5/14: staff prompts/line_0005.txt + nano-banano9x16
2025-09-25 22:26:16 | DEBUG    | src.processing.processor:_apply_prompt_fixes:206 - Added suffix to prompt: Make the aspect ratio of the generated image the same as attached image called "aspect_ratio_reference_9x16.png"
2025-09-25 22:26:16 | DEBUG    | src.processing.processor:_process_with_context:184 - Processing staff prompts/line_0005.txt: Yacht Waitstaff, Black Male, He wears a crisp pilo...
2025-09-25 22:26:16 | DEBUG    | src.api.client:generate_image:96 - Original prompt: Yacht Waitstaff, Black Male, He wears a crisp pilot shirt with a cross tie and silver epaulettes, paired with a required white undershirt. His solid black slip-resistant shoes add polish to his appearance, and his clean-shaven look reflects discipline and pride in guest service.  Standing straight in front of a white studio background. Subtle smile. Make the aspect ratio of the generated image the same as attached image called "aspect_ratio_reference_9x16.png"
2025-09-25 22:26:16 | DEBUG    | src.api.client:generate_image:97 - Clean prompt being sent: Yacht Waitstaff, Black Male, He wears a crisp pilot shirt with a cross tie and silver epaulettes, paired with a required white undershirt. His solid black slip-resistant shoes add polish to his appearance, and his clean-shaven look reflects discipline and pride in guest service.  Standing straight in front of a white studio background. Subtle smile. Make the aspect ratio of the generated image the same as attached image called "aspect_ratio_reference_9x16.png"
2025-09-25 22:26:16 | DEBUG    | src.api.client:generate_image:98 - Clean prompt repr: 'Yacht Waitstaff, Black Male, He wears a crisp pilot shirt with a cross tie and silver epaulettes, paired with a required white undershirt. His solid black slip-resistant shoes add polish to his appearance, and his clean-shaven look reflects discipline and pride in guest service.  Standing straight in front of a white studio background. Subtle smile. Make the aspect ratio of the generated image the same as attached image called "aspect_ratio_reference_9x16.png"'
2025-09-25 22:26:16 | DEBUG    | src.api.client:_call_with_retry:145 - API call attempt 1/3
2025-09-25 22:26:26 | DEBUG    | src.api.client:_call_with_retry:160 - API call successful
2025-09-25 22:26:27 | INFO     | src.output.writer:_save_to_disk:201 - Saved valid image: USER-FILES/05.OUTPUT/250925_222533/nano-banano9x16/staff prompts/line_0005_222626_nano-banano9x16_unknownxunknown.png
2025-09-25 22:26:27 | DEBUG    | src.output.writer:_save_payload:230 - Saved payload to USER-FILES/05.OUTPUT/250925_222533/nano-banano9x16/staff prompts/line_0005_222626_nano-banano9x16_unknownxunknown.md
2025-09-25 22:26:27 | INFO     | src.processing.processor:_generate_and_save_image:259 - Saved image: USER-FILES/05.OUTPUT/250925_222533/nano-banano9x16/staff prompts/line_0005_222626_nano-banano9x16_unknownxunknown.png
2025-09-25 22:26:27 | INFO     | src.processing.discovery:load_prompts:63 - Loaded prompt from line_0006.txt
2025-09-25 22:26:27 | INFO     | src.processing.processor:_process_single_combination:124 - Processing combination 6/14: staff prompts/line_0006.txt + nano-banano9x16
2025-09-25 22:26:27 | DEBUG    | src.processing.processor:_apply_prompt_fixes:206 - Added suffix to prompt: Make the aspect ratio of the generated image the same as attached image called "aspect_ratio_reference_9x16.png"
2025-09-25 22:26:27 | DEBUG    | src.processing.processor:_process_with_context:184 - Processing staff prompts/line_0006.txt: Yacht Waitstaff, White Female, She wears the same ...
2025-09-25 22:26:27 | DEBUG    | src.api.client:generate_image:96 - Original prompt: Yacht Waitstaff, White Female, She wears the same pilot shirt with a cross tie and silver epaulettes, along with a white undershirt. Her hair is tied neatly back, and she accessorizes only with small stud earrings. Her black slip-resistant shoes and subtle, professional makeup present a refined, guest-ready image. Standing straight in front of a white studio background. Subtle smile. Make the aspect ratio of the generated image the same as attached image called "aspect_ratio_reference_9x16.png"
2025-09-25 22:26:27 | DEBUG    | src.api.client:generate_image:97 - Clean prompt being sent: Yacht Waitstaff, White Female, She wears the same pilot shirt with a cross tie and silver epaulettes, along with a white undershirt. Her hair is tied neatly back, and she accessorizes only with small stud earrings. Her black slip-resistant shoes and subtle, professional makeup present a refined, guest-ready image. Standing straight in front of a white studio background. Subtle smile. Make the aspect ratio of the generated image the same as attached image called "aspect_ratio_reference_9x16.png"
2025-09-25 22:26:27 | DEBUG    | src.api.client:generate_image:98 - Clean prompt repr: 'Yacht Waitstaff, White Female, She wears the same pilot shirt with a cross tie and silver epaulettes, along with a white undershirt. Her hair is tied neatly back, and she accessorizes only with small stud earrings. Her black slip-resistant shoes and subtle, professional makeup present a refined, guest-ready image. Standing straight in front of a white studio background. Subtle smile. Make the aspect ratio of the generated image the same as attached image called "aspect_ratio_reference_9x16.png"'
2025-09-25 22:26:27 | DEBUG    | src.api.client:_call_with_retry:145 - API call attempt 1/3
2025-09-25 22:26:37 | DEBUG    | src.api.client:_call_with_retry:160 - API call successful
2025-09-25 22:26:39 | INFO     | src.output.writer:_save_to_disk:201 - Saved valid image: USER-FILES/05.OUTPUT/250925_222533/nano-banano9x16/staff prompts/line_0006_222637_nano-banano9x16_unknownxunknown.png
2025-09-25 22:26:39 | DEBUG    | src.output.writer:_save_payload:230 - Saved payload to USER-FILES/05.OUTPUT/250925_222533/nano-banano9x16/staff prompts/line_0006_222637_nano-banano9x16_unknownxunknown.md
2025-09-25 22:26:39 | INFO     | src.processing.processor:_generate_and_save_image:259 - Saved image: USER-FILES/05.OUTPUT/250925_222533/nano-banano9x16/staff prompts/line_0006_222637_nano-banano9x16_unknownxunknown.png
2025-09-25 22:26:39 | INFO     | src.processing.discovery:load_prompts:63 - Loaded prompt from line_0007.txt
2025-09-25 22:26:39 | INFO     | src.processing.processor:_process_single_combination:124 - Processing combination 7/14: staff prompts/line_0007.txt + nano-banano9x16
2025-09-25 22:26:39 | DEBUG    | src.processing.processor:_apply_prompt_fixes:206 - Added suffix to prompt: Make the aspect ratio of the generated image the same as attached image called "aspect_ratio_reference_9x16.png"
2025-09-25 22:26:39 | DEBUG    | src.processing.processor:_process_with_context:184 - Processing staff prompts/line_0007.txt: Yacht Bartenders , Latino Male, He is dressed in a...
2025-09-25 22:26:39 | DEBUG    | src.api.client:generate_image:96 - Original prompt: Yacht Bartenders , Latino Male, He is dressed in a pilot shirt with clip-on tie and silver epaulettes, layered over a required white undershirt. His black slip-resistant shoes ensure safety behind the bar, while his clean-shaven face and polished uniform present a professional and approachable look. Standing straight in front of a white studio background. Subtle smile. Make the aspect ratio of the generated image the same as attached image called "aspect_ratio_reference_9x16.png"
2025-09-25 22:26:39 | DEBUG    | src.api.client:generate_image:97 - Clean prompt being sent: Yacht Bartenders , Latino Male, He is dressed in a pilot shirt with clip-on tie and silver epaulettes, layered over a required white undershirt. His black slip-resistant shoes ensure safety behind the bar, while his clean-shaven face and polished uniform present a professional and approachable look. Standing straight in front of a white studio background. Subtle smile. Make the aspect ratio of the generated image the same as attached image called "aspect_ratio_reference_9x16.png"
2025-09-25 22:26:39 | DEBUG    | src.api.client:generate_image:98 - Clean prompt repr: 'Yacht Bartenders , Latino Male, He is dressed in a pilot shirt with clip-on tie and silver epaulettes, layered over a required white undershirt. His black slip-resistant shoes ensure safety behind the bar, while his clean-shaven face and polished uniform present a professional and approachable look. Standing straight in front of a white studio background. Subtle smile. Make the aspect ratio of the generated image the same as attached image called "aspect_ratio_reference_9x16.png"'
2025-09-25 22:26:39 | DEBUG    | src.api.client:_call_with_retry:145 - API call attempt 1/3
2025-09-25 22:26:50 | DEBUG    | src.api.client:_call_with_retry:160 - API call successful
2025-09-25 22:26:51 | INFO     | src.output.writer:_save_to_disk:201 - Saved valid image: USER-FILES/05.OUTPUT/250925_222533/nano-banano9x16/staff prompts/line_0007_222650_nano-banano9x16_unknownxunknown.png
2025-09-25 22:26:51 | DEBUG    | src.output.writer:_save_payload:230 - Saved payload to USER-FILES/05.OUTPUT/250925_222533/nano-banano9x16/staff prompts/line_0007_222650_nano-banano9x16_unknownxunknown.md
2025-09-25 22:26:51 | INFO     | src.processing.processor:_generate_and_save_image:259 - Saved image: USER-FILES/05.OUTPUT/250925_222533/nano-banano9x16/staff prompts/line_0007_222650_nano-banano9x16_unknownxunknown.png
2025-09-25 22:26:51 | INFO     | src.processing.discovery:load_prompts:63 - Loaded prompt from line_0008.txt
2025-09-25 22:26:51 | INFO     | src.processing.processor:_process_single_combination:124 - Processing combination 8/14: staff prompts/line_0008.txt + nano-banano9x16
2025-09-25 22:26:51 | DEBUG    | src.processing.processor:_apply_prompt_fixes:206 - Added suffix to prompt: Make the aspect ratio of the generated image the same as attached image called "aspect_ratio_reference_9x16.png"
2025-09-25 22:26:51 | DEBUG    | src.processing.processor:_process_with_context:184 - Processing staff prompts/line_0008.txt: Yacht Bartenders, Asian Female, She wears the same...
2025-09-25 22:26:51 | DEBUG    | src.api.client:generate_image:96 - Original prompt: Yacht Bartenders, Asian Female, She wears the same crisp pilot shirt and silver epaulettes, with a neat cross tie and white undershirt. Her hair is secured back neatly, paired with subtle stud earrings and natural makeup. Slip-resistant black shoes complete her polished bartender’s presentation. Standing straight in front of a white studio background. Subtle smile. Make the aspect ratio of the generated image the same as attached image called "aspect_ratio_reference_9x16.png"
2025-09-25 22:26:51 | DEBUG    | src.api.client:generate_image:97 - Clean prompt being sent: Yacht Bartenders, Asian Female, She wears the same crisp pilot shirt and silver epaulettes, with a neat cross tie and white undershirt. Her hair is secured back neatly, paired with subtle stud earrings and natural makeup. Slip-resistant black shoes complete her polished bartender’s presentation. Standing straight in front of a white studio background. Subtle smile. Make the aspect ratio of the generated image the same as attached image called "aspect_ratio_reference_9x16.png"
2025-09-25 22:26:51 | DEBUG    | src.api.client:generate_image:98 - Clean prompt repr: 'Yacht Bartenders, Asian Female, She wears the same crisp pilot shirt and silver epaulettes, with a neat cross tie and white undershirt. Her hair is secured back neatly, paired with subtle stud earrings and natural makeup. Slip-resistant black shoes complete her polished bartender’s presentation. Standing straight in front of a white studio background. Subtle smile. Make the aspect ratio of the generated image the same as attached image called "aspect_ratio_reference_9x16.png"'
2025-09-25 22:26:51 | DEBUG    | src.api.client:_call_with_retry:145 - API call attempt 1/3
2025-09-25 22:27:01 | DEBUG    | src.api.client:_call_with_retry:160 - API call successful
2025-09-25 22:27:01 | INFO     | src.output.writer:_save_to_disk:201 - Saved valid image: USER-FILES/05.OUTPUT/250925_222533/nano-banano9x16/staff prompts/line_0008_222701_nano-banano9x16_unknownxunknown.png
2025-09-25 22:27:01 | DEBUG    | src.output.writer:_save_payload:230 - Saved payload to USER-FILES/05.OUTPUT/250925_222533/nano-banano9x16/staff prompts/line_0008_222701_nano-banano9x16_unknownxunknown.md
2025-09-25 22:27:01 | INFO     | src.processing.processor:_generate_and_save_image:259 - Saved image: USER-FILES/05.OUTPUT/250925_222533/nano-banano9x16/staff prompts/line_0008_222701_nano-banano9x16_unknownxunknown.png
2025-09-25 22:27:01 | INFO     | src.processing.discovery:load_prompts:63 - Loaded prompt from line_0009.txt
2025-09-25 22:27:01 | INFO     | src.processing.processor:_process_single_combination:124 - Processing combination 9/14: staff prompts/line_0009.txt + nano-banano9x16
2025-09-25 22:27:01 | DEBUG    | src.processing.processor:_apply_prompt_fixes:206 - Added suffix to prompt: Make the aspect ratio of the generated image the same as attached image called "aspect_ratio_reference_9x16.png"
2025-09-25 22:27:01 | DEBUG    | src.processing.processor:_process_with_context:184 - Processing staff prompts/line_0009.txt: Yacht Deck Crew, White Male, He wears the official...
2025-09-25 22:27:01 | DEBUG    | src.api.client:generate_image:96 - Original prompt: Yacht Deck Crew, White Male, He wears the official pilot shirt with cross tie and gold epaulettes, paired with a white undershirt. His uniform is completed with slip-resistant black shoes, and his clean-shaven grooming underscores his professional, disciplined look on deck. Standing straight in front of a white studio background. Subtle smile. Make the aspect ratio of the generated image the same as attached image called "aspect_ratio_reference_9x16.png"
2025-09-25 22:27:01 | DEBUG    | src.api.client:generate_image:97 - Clean prompt being sent: Yacht Deck Crew, White Male, He wears the official pilot shirt with cross tie and gold epaulettes, paired with a white undershirt. His uniform is completed with slip-resistant black shoes, and his clean-shaven grooming underscores his professional, disciplined look on deck. Standing straight in front of a white studio background. Subtle smile. Make the aspect ratio of the generated image the same as attached image called "aspect_ratio_reference_9x16.png"
2025-09-25 22:27:01 | DEBUG    | src.api.client:generate_image:98 - Clean prompt repr: 'Yacht Deck Crew, White Male, He wears the official pilot shirt with cross tie and gold epaulettes, paired with a white undershirt. His uniform is completed with slip-resistant black shoes, and his clean-shaven grooming underscores his professional, disciplined look on deck. Standing straight in front of a white studio background. Subtle smile. Make the aspect ratio of the generated image the same as attached image called "aspect_ratio_reference_9x16.png"'
2025-09-25 22:27:01 | DEBUG    | src.api.client:_call_with_retry:145 - API call attempt 1/3
2025-09-25 22:27:11 | DEBUG    | src.api.client:_call_with_retry:160 - API call successful
2025-09-25 22:27:12 | INFO     | src.output.writer:_save_to_disk:201 - Saved valid image: USER-FILES/05.OUTPUT/250925_222533/nano-banano9x16/staff prompts/line_0009_222711_nano-banano9x16_unknownxunknown.png
2025-09-25 22:27:12 | DEBUG    | src.output.writer:_save_payload:230 - Saved payload to USER-FILES/05.OUTPUT/250925_222533/nano-banano9x16/staff prompts/line_0009_222711_nano-banano9x16_unknownxunknown.md
2025-09-25 22:27:12 | INFO     | src.processing.processor:_generate_and_save_image:259 - Saved image: USER-FILES/05.OUTPUT/250925_222533/nano-banano9x16/staff prompts/line_0009_222711_nano-banano9x16_unknownxunknown.png
2025-09-25 22:27:12 | INFO     | src.processing.discovery:load_prompts:63 - Loaded prompt from line_0010.txt
2025-09-25 22:27:12 | INFO     | src.processing.processor:_process_single_combination:124 - Processing combination 10/14: staff prompts/line_0010.txt + nano-banano9x16
2025-09-25 22:27:12 | DEBUG    | src.processing.processor:_apply_prompt_fixes:206 - Added suffix to prompt: Make the aspect ratio of the generated image the same as attached image called "aspect_ratio_reference_9x16.png"
2025-09-25 22:27:12 | DEBUG    | src.processing.processor:_process_with_context:184 - Processing staff prompts/line_0010.txt: Yacht Deck Crew. Mixed Female, She wears the same ...
2025-09-25 22:27:12 | DEBUG    | src.api.client:generate_image:96 - Original prompt: Yacht Deck Crew. Mixed Female, She wears the same pilot shirt and tie with gold epaulettes, her hair neatly styled back for safety and polish. Minimal jewelry, a natural makeup style, and slip-resistant black shoes support her confident, professional presence in a deck role. Standing straight in front of a white studio background. Subtle smile. Make the aspect ratio of the generated image the same as attached image called "aspect_ratio_reference_9x16.png"
2025-09-25 22:27:12 | DEBUG    | src.api.client:generate_image:97 - Clean prompt being sent: Yacht Deck Crew. Mixed Female, She wears the same pilot shirt and tie with gold epaulettes, her hair neatly styled back for safety and polish. Minimal jewelry, a natural makeup style, and slip-resistant black shoes support her confident, professional presence in a deck role. Standing straight in front of a white studio background. Subtle smile. Make the aspect ratio of the generated image the same as attached image called "aspect_ratio_reference_9x16.png"
2025-09-25 22:27:12 | DEBUG    | src.api.client:generate_image:98 - Clean prompt repr: 'Yacht Deck Crew. Mixed Female, She wears the same pilot shirt and tie with gold epaulettes, her hair neatly styled back for safety and polish. Minimal jewelry, a natural makeup style, and slip-resistant black shoes support her confident, professional presence in a deck role. Standing straight in front of a white studio background. Subtle smile. Make the aspect ratio of the generated image the same as attached image called "aspect_ratio_reference_9x16.png"'
2025-09-25 22:27:12 | DEBUG    | src.api.client:_call_with_retry:145 - API call attempt 1/3
2025-09-25 22:27:22 | DEBUG    | src.api.client:_call_with_retry:160 - API call successful
2025-09-25 22:27:22 | INFO     | src.output.writer:_save_to_disk:201 - Saved valid image: USER-FILES/05.OUTPUT/250925_222533/nano-banano9x16/staff prompts/line_0010_222722_nano-banano9x16_unknownxunknown.png
2025-09-25 22:27:22 | DEBUG    | src.output.writer:_save_payload:230 - Saved payload to USER-FILES/05.OUTPUT/250925_222533/nano-banano9x16/staff prompts/line_0010_222722_nano-banano9x16_unknownxunknown.md
2025-09-25 22:27:22 | INFO     | src.processing.processor:_generate_and_save_image:259 - Saved image: USER-FILES/05.OUTPUT/250925_222533/nano-banano9x16/staff prompts/line_0010_222722_nano-banano9x16_unknownxunknown.png
2025-09-25 22:27:22 | INFO     | src.processing.discovery:load_prompts:63 - Loaded prompt from line_0011.txt
2025-09-25 22:27:22 | INFO     | src.processing.processor:_process_single_combination:124 - Processing combination 11/14: staff prompts/line_0011.txt + nano-banano9x16
2025-09-25 22:27:22 | DEBUG    | src.processing.processor:_apply_prompt_fixes:206 - Added suffix to prompt: Make the aspect ratio of the generated image the same as attached image called "aspect_ratio_reference_9x16.png"
2025-09-25 22:27:22 | DEBUG    | src.processing.processor:_process_with_context:184 - Processing staff prompts/line_0011.txt: Yacht Captains, White Male, He commands presence i...
2025-09-25 22:27:22 | DEBUG    | src.api.client:generate_image:96 - Original prompt: Yacht Captains, White Male, He commands presence in a pilot shirt with gold epaulettes, a cross tie, and the formal captain’s hat. His white undershirt and slip-resistant black shoes complete a polished, authoritative look. His clean-shaven appearance reinforces leadership and professionalism. Standing straight in front of a white studio background. Subtle smile. Make the aspect ratio of the generated image the same as attached image called "aspect_ratio_reference_9x16.png"
2025-09-25 22:27:22 | DEBUG    | src.api.client:generate_image:97 - Clean prompt being sent: Yacht Captains, White Male, He commands presence in a pilot shirt with gold epaulettes, a cross tie, and the formal captain’s hat. His white undershirt and slip-resistant black shoes complete a polished, authoritative look. His clean-shaven appearance reinforces leadership and professionalism. Standing straight in front of a white studio background. Subtle smile. Make the aspect ratio of the generated image the same as attached image called "aspect_ratio_reference_9x16.png"
2025-09-25 22:27:22 | DEBUG    | src.api.client:generate_image:98 - Clean prompt repr: 'Yacht Captains, White Male, He commands presence in a pilot shirt with gold epaulettes, a cross tie, and the formal captain’s hat. His white undershirt and slip-resistant black shoes complete a polished, authoritative look. His clean-shaven appearance reinforces leadership and professionalism. Standing straight in front of a white studio background. Subtle smile. Make the aspect ratio of the generated image the same as attached image called "aspect_ratio_reference_9x16.png"'
2025-09-25 22:27:22 | DEBUG    | src.api.client:_call_with_retry:145 - API call attempt 1/3
2025-09-25 22:27:33 | DEBUG    | src.api.client:_call_with_retry:160 - API call successful
2025-09-25 22:27:34 | INFO     | src.output.writer:_save_to_disk:201 - Saved valid image: USER-FILES/05.OUTPUT/250925_222533/nano-banano9x16/staff prompts/line_0011_222733_nano-banano9x16_unknownxunknown.png
2025-09-25 22:27:34 | DEBUG    | src.output.writer:_save_payload:230 - Saved payload to USER-FILES/05.OUTPUT/250925_222533/nano-banano9x16/staff prompts/line_0011_222733_nano-banano9x16_unknownxunknown.md
2025-09-25 22:27:34 | INFO     | src.processing.processor:_generate_and_save_image:259 - Saved image: USER-FILES/05.OUTPUT/250925_222533/nano-banano9x16/staff prompts/line_0011_222733_nano-banano9x16_unknownxunknown.png
2025-09-25 22:27:34 | INFO     | src.processing.discovery:load_prompts:63 - Loaded prompt from line_0012.txt
2025-09-25 22:27:34 | INFO     | src.processing.processor:_process_single_combination:124 - Processing combination 12/14: staff prompts/line_0012.txt + nano-banano9x16
2025-09-25 22:27:34 | DEBUG    | src.processing.processor:_apply_prompt_fixes:206 - Added suffix to prompt: Make the aspect ratio of the generated image the same as attached image called "aspect_ratio_reference_9x16.png"
2025-09-25 22:27:34 | DEBUG    | src.processing.processor:_process_with_context:184 - Processing staff prompts/line_0012.txt: Yacht Captains, Black Female, She wears the same c...
2025-09-25 22:27:34 | DEBUG    | src.api.client:generate_image:96 - Original prompt: Yacht Captains, Black Female, She wears the same captain’s uniform with gold epaulettes, cross tie, and the formal captain’s hat. Her hair is neatly secured, paired with small stud earrings. Subtle, professional makeup and slip-resistant black shoes finish her polished and authoritative presentation. Standing straight in front of a white studio background. Subtle smile. Make the aspect ratio of the generated image the same as attached image called "aspect_ratio_reference_9x16.png"
2025-09-25 22:27:34 | DEBUG    | src.api.client:generate_image:97 - Clean prompt being sent: Yacht Captains, Black Female, She wears the same captain’s uniform with gold epaulettes, cross tie, and the formal captain’s hat. Her hair is neatly secured, paired with small stud earrings. Subtle, professional makeup and slip-resistant black shoes finish her polished and authoritative presentation. Standing straight in front of a white studio background. Subtle smile. Make the aspect ratio of the generated image the same as attached image called "aspect_ratio_reference_9x16.png"
2025-09-25 22:27:34 | DEBUG    | src.api.client:generate_image:98 - Clean prompt repr: 'Yacht Captains, Black Female, She wears the same captain’s uniform with gold epaulettes, cross tie, and the formal captain’s hat. Her hair is neatly secured, paired with small stud earrings. Subtle, professional makeup and slip-resistant black shoes finish her polished and authoritative presentation. Standing straight in front of a white studio background. Subtle smile. Make the aspect ratio of the generated image the same as attached image called "aspect_ratio_reference_9x16.png"'
2025-09-25 22:27:34 | DEBUG    | src.api.client:_call_with_retry:145 - API call attempt 1/3
2025-09-25 22:27:45 | DEBUG    | src.api.client:_call_with_retry:160 - API call successful
2025-09-25 22:27:46 | INFO     | src.output.writer:_save_to_disk:201 - Saved valid image: USER-FILES/05.OUTPUT/250925_222533/nano-banano9x16/staff prompts/line_0012_222745_nano-banano9x16_unknownxunknown.png
2025-09-25 22:27:46 | DEBUG    | src.output.writer:_save_payload:230 - Saved payload to USER-FILES/05.OUTPUT/250925_222533/nano-banano9x16/staff prompts/line_0012_222745_nano-banano9x16_unknownxunknown.md
2025-09-25 22:27:46 | INFO     | src.processing.processor:_generate_and_save_image:259 - Saved image: USER-FILES/05.OUTPUT/250925_222533/nano-banano9x16/staff prompts/line_0012_222745_nano-banano9x16_unknownxunknown.png
2025-09-25 22:27:46 | INFO     | src.processing.discovery:load_prompts:63 - Loaded prompt from line_0013.txt
2025-09-25 22:27:46 | INFO     | src.processing.processor:_process_single_combination:124 - Processing combination 13/14: staff prompts/line_0013.txt + nano-banano9x16
2025-09-25 22:27:46 | DEBUG    | src.processing.processor:_apply_prompt_fixes:206 - Added suffix to prompt: Make the aspect ratio of the generated image the same as attached image called "aspect_ratio_reference_9x16.png"
2025-09-25 22:27:46 | DEBUG    | src.processing.processor:_process_with_context:184 - Processing staff prompts/line_0013.txt: Yacht Galley Staff, Asian Male, He wears the black...
2025-09-25 22:27:46 | DEBUG    | src.api.client:generate_image:96 - Original prompt: Yacht Galley Staff, Asian Male, He wears the black crew tee beneath a crisp white chef coat, with solid black pants, black socks, and ergonomic slip-resistant black shoes. His bistro hat completes the look, and his clean-shaven grooming ensures a polished, kitchen-ready presentation. Standing straight in front of a white studio background. Subtle smile. Make the aspect ratio of the generated image the same as attached image called "aspect_ratio_reference_9x16.png"
2025-09-25 22:27:46 | DEBUG    | src.api.client:generate_image:97 - Clean prompt being sent: Yacht Galley Staff, Asian Male, He wears the black crew tee beneath a crisp white chef coat, with solid black pants, black socks, and ergonomic slip-resistant black shoes. His bistro hat completes the look, and his clean-shaven grooming ensures a polished, kitchen-ready presentation. Standing straight in front of a white studio background. Subtle smile. Make the aspect ratio of the generated image the same as attached image called "aspect_ratio_reference_9x16.png"
2025-09-25 22:27:46 | DEBUG    | src.api.client:generate_image:98 - Clean prompt repr: 'Yacht Galley Staff, Asian Male, He wears the black crew tee beneath a crisp white chef coat, with solid black pants, black socks, and ergonomic slip-resistant black shoes. His bistro hat completes the look, and his clean-shaven grooming ensures a polished, kitchen-ready presentation. Standing straight in front of a white studio background. Subtle smile. Make the aspect ratio of the generated image the same as attached image called "aspect_ratio_reference_9x16.png"'
2025-09-25 22:27:46 | DEBUG    | src.api.client:_call_with_retry:145 - API call attempt 1/3
2025-09-25 22:27:58 | DEBUG    | src.api.client:_call_with_retry:160 - API call successful
2025-09-25 22:27:59 | INFO     | src.output.writer:_save_to_disk:201 - Saved valid image: USER-FILES/05.OUTPUT/250925_222533/nano-banano9x16/staff prompts/line_0013_222758_nano-banano9x16_unknownxunknown.png
2025-09-25 22:27:59 | DEBUG    | src.output.writer:_save_payload:230 - Saved payload to USER-FILES/05.OUTPUT/250925_222533/nano-banano9x16/staff prompts/line_0013_222758_nano-banano9x16_unknownxunknown.md
2025-09-25 22:27:59 | INFO     | src.processing.processor:_generate_and_save_image:259 - Saved image: USER-FILES/05.OUTPUT/250925_222533/nano-banano9x16/staff prompts/line_0013_222758_nano-banano9x16_unknownxunknown.png
2025-09-25 22:27:59 | INFO     | src.processing.discovery:load_prompts:63 - Loaded prompt from line_0014.txt
2025-09-25 22:27:59 | INFO     | src.processing.processor:_process_single_combination:124 - Processing combination 14/14: staff prompts/line_0014.txt + nano-banano9x16
2025-09-25 22:27:59 | DEBUG    | src.processing.processor:_apply_prompt_fixes:206 - Added suffix to prompt: Make the aspect ratio of the generated image the same as attached image called "aspect_ratio_reference_9x16.png"
2025-09-25 22:27:59 | DEBUG    | src.processing.processor:_process_with_context:184 - Processing staff prompts/line_0014.txt: Yacht Galley Staff, mixed Female, She matches the ...
2025-09-25 22:27:59 | DEBUG    | src.api.client:generate_image:96 - Original prompt: Yacht Galley Staff, mixed Female, She matches the same galley uniform — black crew tee, white chef coat, black pants, black socks, and slip-resistant shoes. Her hair is tied neatly back with a neutral band, and she wears minimal jewelry. Her subtle makeup and short, clean nails project professionalism and pride in her galley role. Standing straight in front of a white studio background. Subtle smile. Make the aspect ratio of the generated image the same as attached image called "aspect_ratio_reference_9x16.png"
2025-09-25 22:27:59 | DEBUG    | src.api.client:generate_image:97 - Clean prompt being sent: Yacht Galley Staff, mixed Female, She matches the same galley uniform — black crew tee, white chef coat, black pants, black socks, and slip-resistant shoes. Her hair is tied neatly back with a neutral band, and she wears minimal jewelry. Her subtle makeup and short, clean nails project professionalism and pride in her galley role. Standing straight in front of a white studio background. Subtle smile. Make the aspect ratio of the generated image the same as attached image called "aspect_ratio_reference_9x16.png"
2025-09-25 22:27:59 | DEBUG    | src.api.client:generate_image:98 - Clean prompt repr: 'Yacht Galley Staff, mixed Female, She matches the same galley uniform — black crew tee, white chef coat, black pants, black socks, and slip-resistant shoes. Her hair is tied neatly back with a neutral band, and she wears minimal jewelry. Her subtle makeup and short, clean nails project professionalism and pride in her galley role. Standing straight in front of a white studio background. Subtle smile. Make the aspect ratio of the generated image the same as attached image called "aspect_ratio_reference_9x16.png"'
2025-09-25 22:27:59 | DEBUG    | src.api.client:_call_with_retry:145 - API call attempt 1/3
2025-09-25 22:28:08 | DEBUG    | src.api.client:_call_with_retry:160 - API call successful
2025-09-25 22:28:09 | INFO     | src.output.writer:_save_to_disk:201 - Saved valid image: USER-FILES/05.OUTPUT/250925_222533/nano-banano9x16/staff prompts/line_0014_222808_nano-banano9x16_unknownxunknown.png
2025-09-25 22:28:09 | DEBUG    | src.output.writer:_save_payload:230 - Saved payload to USER-FILES/05.OUTPUT/250925_222533/nano-banano9x16/staff prompts/line_0014_222808_nano-banano9x16_unknownxunknown.md
2025-09-25 22:28:09 | INFO     | src.processing.processor:_generate_and_save_image:259 - Saved image: USER-FILES/05.OUTPUT/250925_222533/nano-banano9x16/staff prompts/line_0014_222808_nano-banano9x16_unknownxunknown.png
2025-09-25 22:28:09 | INFO     | src.processing.discovery:load_prompts:63 - Loaded prompt from line_0001.txt
2025-09-25 22:28:09 | INFO     | src.processing.discovery:load_prompts:63 - Loaded prompt from line_0002.txt
2025-09-25 22:28:09 | INFO     | src.processing.discovery:load_prompts:63 - Loaded prompt from line_0003.txt
2025-09-25 22:28:09 | INFO     | src.processing.discovery:load_prompts:63 - Loaded prompt from line_0004.txt
2025-09-25 22:28:09 | INFO     | src.processing.discovery:load_prompts:63 - Loaded prompt from line_0005.txt
2025-09-25 22:28:09 | INFO     | src.processing.discovery:load_prompts:63 - Loaded prompt from line_0006.txt
2025-09-25 22:28:09 | INFO     | src.processing.discovery:load_prompts:63 - Loaded prompt from line_0007.txt
2025-09-25 22:28:09 | INFO     | src.processing.discovery:load_prompts:63 - Loaded prompt from line_0008.txt
2025-09-25 22:28:09 | INFO     | src.processing.discovery:load_prompts:63 - Loaded prompt from line_0009.txt
2025-09-25 22:28:09 | INFO     | src.processing.discovery:load_prompts:63 - Loaded prompt from line_0010.txt
2025-09-25 22:28:09 | INFO     | src.processing.discovery:load_prompts:63 - Loaded prompt from line_0011.txt
2025-09-25 22:28:09 | INFO     | src.processing.discovery:load_prompts:63 - Loaded prompt from line_0012.txt
2025-09-25 22:28:09 | INFO     | src.processing.discovery:load_prompts:63 - Loaded prompt from line_0013.txt
2025-09-25 22:28:09 | INFO     | src.processing.discovery:load_prompts:63 - Loaded prompt from line_0014.txt
2025-09-25 22:28:09 | INFO     | src.output.writer:write_report:266 - Report saved: USER-FILES/05.OUTPUT/250925_222533/SUCCESS.md
2025-09-25 22:28:09 | INFO     | src.output.writer:write_report:266 - Report saved: USER-FILES/05.OUTPUT/250925_222533/COST-REPORT.md
2025-09-25 22:28:09 | INFO     | src.output.writer:write_report:266 - Report saved: USER-FILES/05.OUTPUT/250925_222533/PROFILES-WITH-FIXES.md
2025-09-25 22:28:09 | INFO     | src.output.reporter:_save_success_reports:62 - Reports saved successfully
2025-09-25 22:28:09 | SUCCESS  | __main__:generate_final_reports:264 - ✅ Completed successfully! Generated 14 images
