2025-11-05 22:37:49 | INFO     | src.utils.logging:setup_logging:39 - Logging configured (verbose=False, debug=False)
2025-11-05 22:37:49 | INFO     | __main__:setup_environment:79 - Environment initialized
2025-11-05 22:37:49 | INFO     | __main__:load_and_validate_config:84 - Loading configuration...
2025-11-05 22:37:49 | INFO     | src.config.loader:load_config:42 - Loaded configuration from USER-FILES/01.CONFIG/config.yaml
2025-11-05 22:37:49 | INFO     | __main__:authenticate_for_mode:273 - Authenticating with 1Password...
2025-11-05 22:37:50 | DEBUG    | src.auth.session_manager:ensure_op_auth:39 - 1Password session is active
2025-11-05 22:37:51 | DEBUG    | src.auth.session_manager:ensure_op_auth:39 - 1Password session is active
2025-11-05 22:37:51 | DEBUG    | src.auth.auth:load_auth_config:28 - Using auth config: auth_ruben.yaml
2025-11-05 22:37:52 | DEBUG    | src.auth.auth:get_api_key:77 - Retrieved API key: r8_K...
2025-11-05 22:37:52 | INFO     | __main__:discover_inputs_and_profiles:92 - Discovering inputs...
2025-11-05 22:37:52 | DEBUG    | src.processing.discovery:discover_prompt_files:40 - Found prompt file: purim_party_006.txt
2025-11-05 22:37:52 | DEBUG    | src.processing.discovery:discover_prompt_files:40 - Found prompt file: purim_party_007.txt
2025-11-05 22:37:52 | DEBUG    | src.processing.discovery:discover_prompt_files:40 - Found prompt file: purim_party_005.txt
2025-11-05 22:37:52 | DEBUG    | src.processing.discovery:discover_prompt_files:40 - Found prompt file: purim_party_004.txt
2025-11-05 22:37:52 | DEBUG    | src.processing.discovery:discover_prompt_files:40 - Found prompt file: purim_party_010.txt
2025-11-05 22:37:52 | DEBUG    | src.processing.discovery:discover_prompt_files:40 - Found prompt file: purim_party_001.txt
2025-11-05 22:37:52 | DEBUG    | src.processing.discovery:discover_prompt_files:40 - Found prompt file: purim_party_003.txt
2025-11-05 22:37:52 | DEBUG    | src.processing.discovery:discover_prompt_files:40 - Found prompt file: purim_party_002.txt
2025-11-05 22:37:52 | DEBUG    | src.processing.discovery:discover_prompt_files:40 - Found prompt file: purim_party_009.txt
2025-11-05 22:37:52 | DEBUG    | src.processing.discovery:discover_prompt_files:40 - Found prompt file: purim_party_008.txt
2025-11-05 22:37:52 | INFO     | src.processing.discovery:discover_prompt_files:45 - Discovered 10 prompt files
2025-11-05 22:37:52 | DEBUG    | src.processing.discovery:discover_profiles:93 - Loaded profile: USER-FILES/03.PROFILES/nano-banano16x9_deakins.yaml
2025-11-05 22:37:52 | INFO     | src.processing.discovery:discover_profiles:97 - Loaded 1 profiles
2025-11-05 22:37:52 | INFO     | src.processing.discovery:get_active_models:135 - Found profile: nano-banano16x9_deakins
2025-11-05 22:37:52 | INFO     | src.processing.discovery:get_active_models:140 - Total profiles to process: 1
2025-11-05 22:37:52 | INFO     | src.config.validator:validate_all:26 - All configuration validation passed
2025-11-05 22:37:52 | INFO     | __main__:initialize_services:186 - Output directory: USER-FILES/05.OUTPUT/251105_223752_IMAGE
2025-11-05 22:37:52 | INFO     | __main__:execute_processing:221 - Starting matrix processing...
2025-11-05 22:37:52 | DEBUG    | src.processing.validator:validate_operational_requirements:23 - Profile 'nano-banano16x9_deakins' operational validation passed
2025-11-05 22:37:52 | INFO     | src.processing.processor:process_all:60 - Processing 10 combinations (10 files × 1 profiles)
2025-11-05 22:37:52 | INFO     | src.processing.discovery:load_prompts:63 - Loaded prompt from purim_party_001.txt
2025-11-05 22:37:52 | INFO     | src.processing.processor:_process_single_combination:119 - Processing combination 1/10: purim_party_001.txt + nano-banano16x9_deakins
2025-11-05 22:37:52 | DEBUG    | src.processing.processor:_apply_prompt_fixes:204 - Added prefix to prompt: A cinematic scene from the 
2025-11-05 22:37:52 | DEBUG    | src.processing.processor:_apply_prompt_fixes:208 - Added suffix to prompt: Handheld shot on 35mm film in the style of Roger Deakins. Diagonal room composition Make the aspect ratio of the generated image the same as provided image
2025-11-05 22:37:52 | DEBUG    | src.processing.processor:_process_with_context:186 - Processing purim_party_001.txt: A cinematic scene from the  1820s Stockholm, a you...
2025-11-05 22:37:52 | DEBUG    | src.api.client:generate_image:85 - CRITICAL DEBUG - Received params: {
  "num_images": 1,
  "image_input": [
    "https://f003.backblazeb2.com/file/aspect-ratio-reference/aspect_ratio_reference_16x9.png"
  ],
  "output_format": "png"
}
2025-11-05 22:37:52 | DEBUG    | src.api.client:generate_image:86 - CRITICAL DEBUG - Constructed payload: {
  "num_images": 1,
  "image_input": [
    "https://f003.backblazeb2.com/file/aspect-ratio-reference/aspect_ratio_reference_16x9.png"
  ],
  "output_format": "png",
  "prompt": "A cinematic scene from the  1820s Stockholm, a young Jewish boy dressed as a Maharaja with an ornate turban and richly embroidered vest running joyfully through a lavish candlelit parlor in a wealthy private home, waving a wooden noisemaker in the air, while elegantly dressed family members in elaborate oriental and masked villain costumes mingle around an opulent table laden with food in the background. Handheld shot on 35mm film in the style of Roger Deakins. Diagonal room composition Make the aspect ratio of the generated image the same as provided image"
}
2025-11-05 22:37:52 | DEBUG    | src.api.client:generate_image:89 - Original prompt: A cinematic scene from the  1820s Stockholm, a young Jewish boy dressed as a Maharaja with an ornate turban and richly embroidered vest running joyfully through a lavish candlelit parlor in a wealthy private home, waving a wooden noisemaker in the air, while elegantly dressed family members in elaborate oriental and masked villain costumes mingle around an opulent table laden with food in the background. Handheld shot on 35mm film in the style of Roger Deakins. Diagonal room composition Make the aspect ratio of the generated image the same as provided image
2025-11-05 22:37:52 | DEBUG    | src.api.client:generate_image:90 - Clean prompt being sent: A cinematic scene from the  1820s Stockholm, a young Jewish boy dressed as a Maharaja with an ornate turban and richly embroidered vest running joyfully through a lavish candlelit parlor in a wealthy private home, waving a wooden noisemaker in the air, while elegantly dressed family members in elaborate oriental and masked villain costumes mingle around an opulent table laden with food in the background. Handheld shot on 35mm film in the style of Roger Deakins. Diagonal room composition Make the aspect ratio of the generated image the same as provided image
2025-11-05 22:37:52 | DEBUG    | src.api.client:generate_image:91 - Clean prompt repr: 'A cinematic scene from the  1820s Stockholm, a young Jewish boy dressed as a Maharaja with an ornate turban and richly embroidered vest running joyfully through a lavish candlelit parlor in a wealthy private home, waving a wooden noisemaker in the air, while elegantly dressed family members in elaborate oriental and masked villain costumes mingle around an opulent table laden with food in the background. Handheld shot on 35mm film in the style of Roger Deakins. Diagonal room composition Make the aspect ratio of the generated image the same as provided image'
2025-11-05 22:37:52 | DEBUG    | src.api.client:_call_with_retry:152 - API call attempt 1/3
2025-11-05 22:37:52 | DEBUG    | src.api.client:_call_with_retry:155 - CRITICAL DEBUG - Payload sent to replicate.run: {
  "num_images": 1,
  "image_input": [
    "https://f003.backblazeb2.com/file/aspect-ratio-reference/aspect_ratio_reference_16x9.png"
  ],
  "output_format": "png",
  "prompt": "A cinematic scene from the  1820s Stockholm, a young Jewish boy dressed as a Maharaja with an ornate turban and richly embroidered vest running joyfully through a lavish candlelit parlor in a wealthy private home, waving a wooden noisemaker in the air, while elegantly dressed family members in elaborate oriental and masked villain costumes mingle around an opulent table laden with food in the background. Handheld shot on 35mm film in the style of Roger Deakins. Diagonal room composition Make the aspect ratio of the generated image the same as provided image"
}
2025-11-05 22:38:02 | DEBUG    | src.api.client:_call_with_retry:170 - API call successful
2025-11-05 22:38:02 | WARNING  | src.api.client:generate_image:117 - API PARAMETER FILTERING DETECTED:
2025-11-05 22:38:02 | WARNING  | src.api.client:generate_image:118 -   Model: google/nano-banana
2025-11-05 22:38:02 | WARNING  | src.api.client:generate_image:119 -   Filtered parameters: ['image_input']
2025-11-05 22:38:02 | WARNING  | src.api.client:generate_image:120 -   This means the model doesn't support these parameters
2025-11-05 22:38:04 | INFO     | src.output.writer:_save_to_disk:192 - Saved valid image: USER-FILES/05.OUTPUT/251105_223752_IMAGE/purim_party_001_IMAGE_223802_nano-banano16x9_deakins.png
2025-11-05 22:38:04 | DEBUG    | src.output.writer:_save_payload:257 - Saved payload to USER-FILES/05.OUTPUT/251105_223752_IMAGE/purim_party_001_IMAGE_223802_nano-banano16x9_deakins.md
2025-11-05 22:38:04 | INFO     | src.processing.processor:_generate_and_save_image:248 - Saved image: USER-FILES/05.OUTPUT/251105_223752_IMAGE/purim_party_001_IMAGE_223802_nano-banano16x9_deakins.png
2025-11-05 22:38:04 | INFO     | src.processing.discovery:load_prompts:63 - Loaded prompt from purim_party_002.txt
2025-11-05 22:38:04 | INFO     | src.processing.processor:_process_single_combination:119 - Processing combination 2/10: purim_party_002.txt + nano-banano16x9_deakins
2025-11-05 22:38:04 | DEBUG    | src.processing.processor:_apply_prompt_fixes:204 - Added prefix to prompt: A cinematic scene from the 
2025-11-05 22:38:04 | DEBUG    | src.processing.processor:_apply_prompt_fixes:208 - Added suffix to prompt: Handheld shot on 35mm film in the style of Roger Deakins. Diagonal room composition Make the aspect ratio of the generated image the same as provided image
2025-11-05 22:38:04 | DEBUG    | src.processing.processor:_process_with_context:186 - Processing purim_party_002.txt: A cinematic scene from the  1820s Stockholm, a bea...
2025-11-05 22:38:04 | DEBUG    | src.api.client:generate_image:85 - CRITICAL DEBUG - Received params: {
  "num_images": 1,
  "image_input": [
    "https://f003.backblazeb2.com/file/aspect-ratio-reference/aspect_ratio_reference_16x9.png"
  ],
  "output_format": "png"
}
2025-11-05 22:38:04 | DEBUG    | src.api.client:generate_image:86 - CRITICAL DEBUG - Constructed payload: {
  "num_images": 1,
  "image_input": [
    "https://f003.backblazeb2.com/file/aspect-ratio-reference/aspect_ratio_reference_16x9.png"
  ],
  "output_format": "png",
  "prompt": "A cinematic scene from the  1820s Stockholm, a bearded Jewish father dressed as a Persian sultan with an elaborate turban and flowing robes raising a crystal glass of wine in an exuberant toast in a grand dining room, his face warm with joy, while costumed guests in jester outfits and oriental costumes raise their glasses around a lavish table overflowing with hamentashen, delicacies, and fine dishes behind him. Handheld shot on 35mm film in the style of Roger Deakins. Diagonal room composition Make the aspect ratio of the generated image the same as provided image"
}
2025-11-05 22:38:04 | DEBUG    | src.api.client:generate_image:89 - Original prompt: A cinematic scene from the  1820s Stockholm, a bearded Jewish father dressed as a Persian sultan with an elaborate turban and flowing robes raising a crystal glass of wine in an exuberant toast in a grand dining room, his face warm with joy, while costumed guests in jester outfits and oriental costumes raise their glasses around a lavish table overflowing with hamentashen, delicacies, and fine dishes behind him. Handheld shot on 35mm film in the style of Roger Deakins. Diagonal room composition Make the aspect ratio of the generated image the same as provided image
2025-11-05 22:38:04 | DEBUG    | src.api.client:generate_image:90 - Clean prompt being sent: A cinematic scene from the  1820s Stockholm, a bearded Jewish father dressed as a Persian sultan with an elaborate turban and flowing robes raising a crystal glass of wine in an exuberant toast in a grand dining room, his face warm with joy, while costumed guests in jester outfits and oriental costumes raise their glasses around a lavish table overflowing with hamentashen, delicacies, and fine dishes behind him. Handheld shot on 35mm film in the style of Roger Deakins. Diagonal room composition Make the aspect ratio of the generated image the same as provided image
2025-11-05 22:38:04 | DEBUG    | src.api.client:generate_image:91 - Clean prompt repr: 'A cinematic scene from the  1820s Stockholm, a bearded Jewish father dressed as a Persian sultan with an elaborate turban and flowing robes raising a crystal glass of wine in an exuberant toast in a grand dining room, his face warm with joy, while costumed guests in jester outfits and oriental costumes raise their glasses around a lavish table overflowing with hamentashen, delicacies, and fine dishes behind him. Handheld shot on 35mm film in the style of Roger Deakins. Diagonal room composition Make the aspect ratio of the generated image the same as provided image'
2025-11-05 22:38:04 | DEBUG    | src.api.client:_call_with_retry:152 - API call attempt 1/3
2025-11-05 22:38:04 | DEBUG    | src.api.client:_call_with_retry:155 - CRITICAL DEBUG - Payload sent to replicate.run: {
  "num_images": 1,
  "image_input": [
    "https://f003.backblazeb2.com/file/aspect-ratio-reference/aspect_ratio_reference_16x9.png"
  ],
  "output_format": "png",
  "prompt": "A cinematic scene from the  1820s Stockholm, a bearded Jewish father dressed as a Persian sultan with an elaborate turban and flowing robes raising a crystal glass of wine in an exuberant toast in a grand dining room, his face warm with joy, while costumed guests in jester outfits and oriental costumes raise their glasses around a lavish table overflowing with hamentashen, delicacies, and fine dishes behind him. Handheld shot on 35mm film in the style of Roger Deakins. Diagonal room composition Make the aspect ratio of the generated image the same as provided image"
}
2025-11-05 22:38:13 | DEBUG    | src.api.client:_call_with_retry:170 - API call successful
2025-11-05 22:38:13 | WARNING  | src.api.client:generate_image:117 - API PARAMETER FILTERING DETECTED:
2025-11-05 22:38:13 | WARNING  | src.api.client:generate_image:118 -   Model: google/nano-banana
2025-11-05 22:38:13 | WARNING  | src.api.client:generate_image:119 -   Filtered parameters: ['image_input']
2025-11-05 22:38:13 | WARNING  | src.api.client:generate_image:120 -   This means the model doesn't support these parameters
2025-11-05 22:38:14 | INFO     | src.output.writer:_save_to_disk:192 - Saved valid image: USER-FILES/05.OUTPUT/251105_223752_IMAGE/purim_party_002_IMAGE_223813_nano-banano16x9_deakins.png
2025-11-05 22:38:14 | DEBUG    | src.output.writer:_save_payload:257 - Saved payload to USER-FILES/05.OUTPUT/251105_223752_IMAGE/purim_party_002_IMAGE_223813_nano-banano16x9_deakins.md
2025-11-05 22:38:14 | INFO     | src.processing.processor:_generate_and_save_image:248 - Saved image: USER-FILES/05.OUTPUT/251105_223752_IMAGE/purim_party_002_IMAGE_223813_nano-banano16x9_deakins.png
2025-11-05 22:38:14 | INFO     | src.processing.discovery:load_prompts:63 - Loaded prompt from purim_party_003.txt
2025-11-05 22:38:14 | INFO     | src.processing.processor:_process_single_combination:119 - Processing combination 3/10: purim_party_003.txt + nano-banano16x9_deakins
2025-11-05 22:38:14 | DEBUG    | src.processing.processor:_apply_prompt_fixes:204 - Added prefix to prompt: A cinematic scene from the 
2025-11-05 22:38:14 | DEBUG    | src.processing.processor:_apply_prompt_fixes:208 - Added suffix to prompt: Handheld shot on 35mm film in the style of Roger Deakins. Diagonal room composition Make the aspect ratio of the generated image the same as provided image
2025-11-05 22:38:14 | DEBUG    | src.processing.processor:_process_with_context:186 - Processing purim_party_003.txt: A cinematic scene from the  1820s Stockholm, a dis...
2025-11-05 22:38:14 | DEBUG    | src.api.client:generate_image:85 - CRITICAL DEBUG - Received params: {
  "num_images": 1,
  "image_input": [
    "https://f003.backblazeb2.com/file/aspect-ratio-reference/aspect_ratio_reference_16x9.png"
  ],
  "output_format": "png"
}
2025-11-05 22:38:14 | DEBUG    | src.api.client:generate_image:86 - CRITICAL DEBUG - Constructed payload: {
  "num_images": 1,
  "image_input": [
    "https://f003.backblazeb2.com/file/aspect-ratio-reference/aspect_ratio_reference_16x9.png"
  ],
  "output_format": "png",
  "prompt": "A cinematic scene from the  1820s Stockholm, a distinguished Jewish grandfather in traditional dark coat and hat reading dramatically from an ornate scroll in an elegant parlor during a lavish private masquerade, his finger following the ancient text, while family members dressed as clowns, orientals, and masked villains sit listening in the richly decorated room behind him, children with wooden noisemakers ready in their hands. Handheld shot on 35mm film in the style of Roger Deakins. Diagonal room composition Make the aspect ratio of the generated image the same as provided image"
}
2025-11-05 22:38:14 | DEBUG    | src.api.client:generate_image:89 - Original prompt: A cinematic scene from the  1820s Stockholm, a distinguished Jewish grandfather in traditional dark coat and hat reading dramatically from an ornate scroll in an elegant parlor during a lavish private masquerade, his finger following the ancient text, while family members dressed as clowns, orientals, and masked villains sit listening in the richly decorated room behind him, children with wooden noisemakers ready in their hands. Handheld shot on 35mm film in the style of Roger Deakins. Diagonal room composition Make the aspect ratio of the generated image the same as provided image
2025-11-05 22:38:14 | DEBUG    | src.api.client:generate_image:90 - Clean prompt being sent: A cinematic scene from the  1820s Stockholm, a distinguished Jewish grandfather in traditional dark coat and hat reading dramatically from an ornate scroll in an elegant parlor during a lavish private masquerade, his finger following the ancient text, while family members dressed as clowns, orientals, and masked villains sit listening in the richly decorated room behind him, children with wooden noisemakers ready in their hands. Handheld shot on 35mm film in the style of Roger Deakins. Diagonal room composition Make the aspect ratio of the generated image the same as provided image
2025-11-05 22:38:14 | DEBUG    | src.api.client:generate_image:91 - Clean prompt repr: 'A cinematic scene from the  1820s Stockholm, a distinguished Jewish grandfather in traditional dark coat and hat reading dramatically from an ornate scroll in an elegant parlor during a lavish private masquerade, his finger following the ancient text, while family members dressed as clowns, orientals, and masked villains sit listening in the richly decorated room behind him, children with wooden noisemakers ready in their hands. Handheld shot on 35mm film in the style of Roger Deakins. Diagonal room composition Make the aspect ratio of the generated image the same as provided image'
2025-11-05 22:38:14 | DEBUG    | src.api.client:_call_with_retry:152 - API call attempt 1/3
2025-11-05 22:38:14 | DEBUG    | src.api.client:_call_with_retry:155 - CRITICAL DEBUG - Payload sent to replicate.run: {
  "num_images": 1,
  "image_input": [
    "https://f003.backblazeb2.com/file/aspect-ratio-reference/aspect_ratio_reference_16x9.png"
  ],
  "output_format": "png",
  "prompt": "A cinematic scene from the  1820s Stockholm, a distinguished Jewish grandfather in traditional dark coat and hat reading dramatically from an ornate scroll in an elegant parlor during a lavish private masquerade, his finger following the ancient text, while family members dressed as clowns, orientals, and masked villains sit listening in the richly decorated room behind him, children with wooden noisemakers ready in their hands. Handheld shot on 35mm film in the style of Roger Deakins. Diagonal room composition Make the aspect ratio of the generated image the same as provided image"
}
2025-11-05 22:38:26 | DEBUG    | src.api.client:_call_with_retry:170 - API call successful
2025-11-05 22:38:26 | WARNING  | src.api.client:generate_image:117 - API PARAMETER FILTERING DETECTED:
2025-11-05 22:38:26 | WARNING  | src.api.client:generate_image:118 -   Model: google/nano-banana
2025-11-05 22:38:26 | WARNING  | src.api.client:generate_image:119 -   Filtered parameters: ['image_input']
2025-11-05 22:38:26 | WARNING  | src.api.client:generate_image:120 -   This means the model doesn't support these parameters
2025-11-05 22:38:27 | INFO     | src.output.writer:_save_to_disk:192 - Saved valid image: USER-FILES/05.OUTPUT/251105_223752_IMAGE/purim_party_003_IMAGE_223826_nano-banano16x9_deakins.png
2025-11-05 22:38:27 | DEBUG    | src.output.writer:_save_payload:257 - Saved payload to USER-FILES/05.OUTPUT/251105_223752_IMAGE/purim_party_003_IMAGE_223826_nano-banano16x9_deakins.md
2025-11-05 22:38:27 | INFO     | src.processing.processor:_generate_and_save_image:248 - Saved image: USER-FILES/05.OUTPUT/251105_223752_IMAGE/purim_party_003_IMAGE_223826_nano-banano16x9_deakins.png
2025-11-05 22:38:27 | INFO     | src.processing.discovery:load_prompts:63 - Loaded prompt from purim_party_004.txt
2025-11-05 22:38:27 | INFO     | src.processing.processor:_process_single_combination:119 - Processing combination 4/10: purim_party_004.txt + nano-banano16x9_deakins
2025-11-05 22:38:27 | DEBUG    | src.processing.processor:_apply_prompt_fixes:204 - Added prefix to prompt: A cinematic scene from the 
2025-11-05 22:38:27 | DEBUG    | src.processing.processor:_apply_prompt_fixes:208 - Added suffix to prompt: Handheld shot on 35mm film in the style of Roger Deakins. Diagonal room composition Make the aspect ratio of the generated image the same as provided image
2025-11-05 22:38:27 | DEBUG    | src.processing.processor:_process_with_context:186 - Processing purim_party_004.txt: A cinematic scene from the  1820s Stockholm, a you...
2025-11-05 22:38:27 | DEBUG    | src.api.client:generate_image:85 - CRITICAL DEBUG - Received params: {
  "num_images": 1,
  "image_input": [
    "https://f003.backblazeb2.com/file/aspect-ratio-reference/aspect_ratio_reference_16x9.png"
  ],
  "output_format": "png"
}
2025-11-05 22:38:27 | DEBUG    | src.api.client:generate_image:86 - CRITICAL DEBUG - Constructed payload: {
  "num_images": 1,
  "image_input": [
    "https://f003.backblazeb2.com/file/aspect-ratio-reference/aspect_ratio_reference_16x9.png"
  ],
  "output_format": "png",
  "prompt": "A cinematic scene from the  1820s Stockholm, a young Jewish man dressed as a colorful jester with a diamond-patterned costume and jingling bells playing a fiddle with passionate expression in a spacious private ballroom, his bow moving swiftly across the strings, while guests dressed as Maharajas, oriental dancers, and masked villains dance energetically on polished wooden floors behind him with heavy velvet curtains drawn for privacy. Handheld shot on 35mm film in the style of Roger Deakins. Diagonal room composition Make the aspect ratio of the generated image the same as provided image"
}
2025-11-05 22:38:27 | DEBUG    | src.api.client:generate_image:89 - Original prompt: A cinematic scene from the  1820s Stockholm, a young Jewish man dressed as a colorful jester with a diamond-patterned costume and jingling bells playing a fiddle with passionate expression in a spacious private ballroom, his bow moving swiftly across the strings, while guests dressed as Maharajas, oriental dancers, and masked villains dance energetically on polished wooden floors behind him with heavy velvet curtains drawn for privacy. Handheld shot on 35mm film in the style of Roger Deakins. Diagonal room composition Make the aspect ratio of the generated image the same as provided image
2025-11-05 22:38:27 | DEBUG    | src.api.client:generate_image:90 - Clean prompt being sent: A cinematic scene from the  1820s Stockholm, a young Jewish man dressed as a colorful jester with a diamond-patterned costume and jingling bells playing a fiddle with passionate expression in a spacious private ballroom, his bow moving swiftly across the strings, while guests dressed as Maharajas, oriental dancers, and masked villains dance energetically on polished wooden floors behind him with heavy velvet curtains drawn for privacy. Handheld shot on 35mm film in the style of Roger Deakins. Diagonal room composition Make the aspect ratio of the generated image the same as provided image
2025-11-05 22:38:27 | DEBUG    | src.api.client:generate_image:91 - Clean prompt repr: 'A cinematic scene from the  1820s Stockholm, a young Jewish man dressed as a colorful jester with a diamond-patterned costume and jingling bells playing a fiddle with passionate expression in a spacious private ballroom, his bow moving swiftly across the strings, while guests dressed as Maharajas, oriental dancers, and masked villains dance energetically on polished wooden floors behind him with heavy velvet curtains drawn for privacy. Handheld shot on 35mm film in the style of Roger Deakins. Diagonal room composition Make the aspect ratio of the generated image the same as provided image'
2025-11-05 22:38:27 | DEBUG    | src.api.client:_call_with_retry:152 - API call attempt 1/3
2025-11-05 22:38:27 | DEBUG    | src.api.client:_call_with_retry:155 - CRITICAL DEBUG - Payload sent to replicate.run: {
  "num_images": 1,
  "image_input": [
    "https://f003.backblazeb2.com/file/aspect-ratio-reference/aspect_ratio_reference_16x9.png"
  ],
  "output_format": "png",
  "prompt": "A cinematic scene from the  1820s Stockholm, a young Jewish man dressed as a colorful jester with a diamond-patterned costume and jingling bells playing a fiddle with passionate expression in a spacious private ballroom, his bow moving swiftly across the strings, while guests dressed as Maharajas, oriental dancers, and masked villains dance energetically on polished wooden floors behind him with heavy velvet curtains drawn for privacy. Handheld shot on 35mm film in the style of Roger Deakins. Diagonal room composition Make the aspect ratio of the generated image the same as provided image"
}
2025-11-05 22:38:39 | DEBUG    | src.api.client:_call_with_retry:170 - API call successful
2025-11-05 22:38:39 | WARNING  | src.api.client:generate_image:117 - API PARAMETER FILTERING DETECTED:
2025-11-05 22:38:39 | WARNING  | src.api.client:generate_image:118 -   Model: google/nano-banana
2025-11-05 22:38:39 | WARNING  | src.api.client:generate_image:119 -   Filtered parameters: ['image_input']
2025-11-05 22:38:39 | WARNING  | src.api.client:generate_image:120 -   This means the model doesn't support these parameters
2025-11-05 22:38:41 | INFO     | src.output.writer:_save_to_disk:192 - Saved valid image: USER-FILES/05.OUTPUT/251105_223752_IMAGE/purim_party_004_IMAGE_223839_nano-banano16x9_deakins.png
2025-11-05 22:38:41 | DEBUG    | src.output.writer:_save_payload:257 - Saved payload to USER-FILES/05.OUTPUT/251105_223752_IMAGE/purim_party_004_IMAGE_223839_nano-banano16x9_deakins.md
2025-11-05 22:38:41 | INFO     | src.processing.processor:_generate_and_save_image:248 - Saved image: USER-FILES/05.OUTPUT/251105_223752_IMAGE/purim_party_004_IMAGE_223839_nano-banano16x9_deakins.png
2025-11-05 22:38:41 | INFO     | src.processing.discovery:load_prompts:63 - Loaded prompt from purim_party_005.txt
2025-11-05 22:38:41 | INFO     | src.processing.processor:_process_single_combination:119 - Processing combination 5/10: purim_party_005.txt + nano-banano16x9_deakins
2025-11-05 22:38:41 | DEBUG    | src.processing.processor:_apply_prompt_fixes:204 - Added prefix to prompt: A cinematic scene from the 
2025-11-05 22:38:41 | DEBUG    | src.processing.processor:_apply_prompt_fixes:208 - Added suffix to prompt: Handheld shot on 35mm film in the style of Roger Deakins. Diagonal room composition Make the aspect ratio of the generated image the same as provided image
2025-11-05 22:38:41 | DEBUG    | src.processing.processor:_process_with_context:186 - Processing purim_party_005.txt: A cinematic scene from the  1820s Stockholm, a you...
2025-11-05 22:38:41 | DEBUG    | src.api.client:generate_image:85 - CRITICAL DEBUG - Received params: {
  "num_images": 1,
  "image_input": [
    "https://f003.backblazeb2.com/file/aspect-ratio-reference/aspect_ratio_reference_16x9.png"
  ],
  "output_format": "png"
}
2025-11-05 22:38:41 | DEBUG    | src.api.client:generate_image:86 - CRITICAL DEBUG - Constructed payload: {
  "num_images": 1,
  "image_input": [
    "https://f003.backblazeb2.com/file/aspect-ratio-reference/aspect_ratio_reference_16x9.png"
  ],
  "output_format": "png",
  "prompt": "A cinematic scene from the  1820s Stockholm, a young Jewish girl dressed as Queen Esther in an elaborate silk gown with a jeweled crown and flowing veil parading through a grand parlor with arms outstretched dramatically, her face glowing with pride, while other children dressed as clowns, oriental princes, and jesters follow behind her waving noisemakers, and adults in lavish costumes watch with delight from ornate furniture. Handheld shot on 35mm film in the style of Roger Deakins. Diagonal room composition Make the aspect ratio of the generated image the same as provided image"
}
2025-11-05 22:38:41 | DEBUG    | src.api.client:generate_image:89 - Original prompt: A cinematic scene from the  1820s Stockholm, a young Jewish girl dressed as Queen Esther in an elaborate silk gown with a jeweled crown and flowing veil parading through a grand parlor with arms outstretched dramatically, her face glowing with pride, while other children dressed as clowns, oriental princes, and jesters follow behind her waving noisemakers, and adults in lavish costumes watch with delight from ornate furniture. Handheld shot on 35mm film in the style of Roger Deakins. Diagonal room composition Make the aspect ratio of the generated image the same as provided image
2025-11-05 22:38:41 | DEBUG    | src.api.client:generate_image:90 - Clean prompt being sent: A cinematic scene from the  1820s Stockholm, a young Jewish girl dressed as Queen Esther in an elaborate silk gown with a jeweled crown and flowing veil parading through a grand parlor with arms outstretched dramatically, her face glowing with pride, while other children dressed as clowns, oriental princes, and jesters follow behind her waving noisemakers, and adults in lavish costumes watch with delight from ornate furniture. Handheld shot on 35mm film in the style of Roger Deakins. Diagonal room composition Make the aspect ratio of the generated image the same as provided image
2025-11-05 22:38:41 | DEBUG    | src.api.client:generate_image:91 - Clean prompt repr: 'A cinematic scene from the  1820s Stockholm, a young Jewish girl dressed as Queen Esther in an elaborate silk gown with a jeweled crown and flowing veil parading through a grand parlor with arms outstretched dramatically, her face glowing with pride, while other children dressed as clowns, oriental princes, and jesters follow behind her waving noisemakers, and adults in lavish costumes watch with delight from ornate furniture. Handheld shot on 35mm film in the style of Roger Deakins. Diagonal room composition Make the aspect ratio of the generated image the same as provided image'
2025-11-05 22:38:41 | DEBUG    | src.api.client:_call_with_retry:152 - API call attempt 1/3
2025-11-05 22:38:41 | DEBUG    | src.api.client:_call_with_retry:155 - CRITICAL DEBUG - Payload sent to replicate.run: {
  "num_images": 1,
  "image_input": [
    "https://f003.backblazeb2.com/file/aspect-ratio-reference/aspect_ratio_reference_16x9.png"
  ],
  "output_format": "png",
  "prompt": "A cinematic scene from the  1820s Stockholm, a young Jewish girl dressed as Queen Esther in an elaborate silk gown with a jeweled crown and flowing veil parading through a grand parlor with arms outstretched dramatically, her face glowing with pride, while other children dressed as clowns, oriental princes, and jesters follow behind her waving noisemakers, and adults in lavish costumes watch with delight from ornate furniture. Handheld shot on 35mm film in the style of Roger Deakins. Diagonal room composition Make the aspect ratio of the generated image the same as provided image"
}
2025-11-05 22:38:51 | DEBUG    | src.api.client:_call_with_retry:170 - API call successful
2025-11-05 22:38:51 | WARNING  | src.api.client:generate_image:117 - API PARAMETER FILTERING DETECTED:
2025-11-05 22:38:51 | WARNING  | src.api.client:generate_image:118 -   Model: google/nano-banana
2025-11-05 22:38:51 | WARNING  | src.api.client:generate_image:119 -   Filtered parameters: ['image_input']
2025-11-05 22:38:51 | WARNING  | src.api.client:generate_image:120 -   This means the model doesn't support these parameters
2025-11-05 22:38:53 | INFO     | src.output.writer:_save_to_disk:192 - Saved valid image: USER-FILES/05.OUTPUT/251105_223752_IMAGE/purim_party_005_IMAGE_223851_nano-banano16x9_deakins.png
2025-11-05 22:38:53 | DEBUG    | src.output.writer:_save_payload:257 - Saved payload to USER-FILES/05.OUTPUT/251105_223752_IMAGE/purim_party_005_IMAGE_223851_nano-banano16x9_deakins.md
2025-11-05 22:38:53 | INFO     | src.processing.processor:_generate_and_save_image:248 - Saved image: USER-FILES/05.OUTPUT/251105_223752_IMAGE/purim_party_005_IMAGE_223851_nano-banano16x9_deakins.png
2025-11-05 22:38:53 | INFO     | src.processing.discovery:load_prompts:63 - Loaded prompt from purim_party_006.txt
2025-11-05 22:38:53 | INFO     | src.processing.processor:_process_single_combination:119 - Processing combination 6/10: purim_party_006.txt + nano-banano16x9_deakins
2025-11-05 22:38:53 | DEBUG    | src.processing.processor:_apply_prompt_fixes:204 - Added prefix to prompt: A cinematic scene from the 
2025-11-05 22:38:53 | DEBUG    | src.processing.processor:_apply_prompt_fixes:208 - Added suffix to prompt: Handheld shot on 35mm film in the style of Roger Deakins. Diagonal room composition Make the aspect ratio of the generated image the same as provided image
2025-11-05 22:38:53 | DEBUG    | src.processing.processor:_process_with_context:186 - Processing purim_party_006.txt: A cinematic scene from the  1820s Stockholm, a wea...
2025-11-05 22:38:53 | DEBUG    | src.api.client:generate_image:85 - CRITICAL DEBUG - Received params: {
  "num_images": 1,
  "image_input": [
    "https://f003.backblazeb2.com/file/aspect-ratio-reference/aspect_ratio_reference_16x9.png"
  ],
  "output_format": "png"
}
2025-11-05 22:38:53 | DEBUG    | src.api.client:generate_image:86 - CRITICAL DEBUG - Constructed payload: {
  "num_images": 1,
  "image_input": [
    "https://f003.backblazeb2.com/file/aspect-ratio-reference/aspect_ratio_reference_16x9.png"
  ],
  "output_format": "png",
  "prompt": "A cinematic scene from the  1820s Stockholm, a wealthy Jewish matriarch dressed as an oriental empress with an elaborate headdress and silk robes carefully lighting silver candelabras in her opulent private dining room, the warm glow illuminating her elegant face, while servants and family members dressed as masked villains and jesters arrange elaborate pastries and delicacies on fine china in the richly appointed background. Handheld shot on 35mm film in the style of Roger Deakins. Diagonal room composition Make the aspect ratio of the generated image the same as provided image"
}
2025-11-05 22:38:53 | DEBUG    | src.api.client:generate_image:89 - Original prompt: A cinematic scene from the  1820s Stockholm, a wealthy Jewish matriarch dressed as an oriental empress with an elaborate headdress and silk robes carefully lighting silver candelabras in her opulent private dining room, the warm glow illuminating her elegant face, while servants and family members dressed as masked villains and jesters arrange elaborate pastries and delicacies on fine china in the richly appointed background. Handheld shot on 35mm film in the style of Roger Deakins. Diagonal room composition Make the aspect ratio of the generated image the same as provided image
2025-11-05 22:38:53 | DEBUG    | src.api.client:generate_image:90 - Clean prompt being sent: A cinematic scene from the  1820s Stockholm, a wealthy Jewish matriarch dressed as an oriental empress with an elaborate headdress and silk robes carefully lighting silver candelabras in her opulent private dining room, the warm glow illuminating her elegant face, while servants and family members dressed as masked villains and jesters arrange elaborate pastries and delicacies on fine china in the richly appointed background. Handheld shot on 35mm film in the style of Roger Deakins. Diagonal room composition Make the aspect ratio of the generated image the same as provided image
2025-11-05 22:38:53 | DEBUG    | src.api.client:generate_image:91 - Clean prompt repr: 'A cinematic scene from the  1820s Stockholm, a wealthy Jewish matriarch dressed as an oriental empress with an elaborate headdress and silk robes carefully lighting silver candelabras in her opulent private dining room, the warm glow illuminating her elegant face, while servants and family members dressed as masked villains and jesters arrange elaborate pastries and delicacies on fine china in the richly appointed background. Handheld shot on 35mm film in the style of Roger Deakins. Diagonal room composition Make the aspect ratio of the generated image the same as provided image'
2025-11-05 22:38:53 | DEBUG    | src.api.client:_call_with_retry:152 - API call attempt 1/3
2025-11-05 22:38:53 | DEBUG    | src.api.client:_call_with_retry:155 - CRITICAL DEBUG - Payload sent to replicate.run: {
  "num_images": 1,
  "image_input": [
    "https://f003.backblazeb2.com/file/aspect-ratio-reference/aspect_ratio_reference_16x9.png"
  ],
  "output_format": "png",
  "prompt": "A cinematic scene from the  1820s Stockholm, a wealthy Jewish matriarch dressed as an oriental empress with an elaborate headdress and silk robes carefully lighting silver candelabras in her opulent private dining room, the warm glow illuminating her elegant face, while servants and family members dressed as masked villains and jesters arrange elaborate pastries and delicacies on fine china in the richly appointed background. Handheld shot on 35mm film in the style of Roger Deakins. Diagonal room composition Make the aspect ratio of the generated image the same as provided image"
}
2025-11-05 22:39:03 | DEBUG    | src.api.client:_call_with_retry:170 - API call successful
2025-11-05 22:39:03 | WARNING  | src.api.client:generate_image:117 - API PARAMETER FILTERING DETECTED:
2025-11-05 22:39:03 | WARNING  | src.api.client:generate_image:118 -   Model: google/nano-banana
2025-11-05 22:39:03 | WARNING  | src.api.client:generate_image:119 -   Filtered parameters: ['image_input']
2025-11-05 22:39:03 | WARNING  | src.api.client:generate_image:120 -   This means the model doesn't support these parameters
2025-11-05 22:39:04 | INFO     | src.output.writer:_save_to_disk:192 - Saved valid image: USER-FILES/05.OUTPUT/251105_223752_IMAGE/purim_party_006_IMAGE_223903_nano-banano16x9_deakins.png
2025-11-05 22:39:04 | DEBUG    | src.output.writer:_save_payload:257 - Saved payload to USER-FILES/05.OUTPUT/251105_223752_IMAGE/purim_party_006_IMAGE_223903_nano-banano16x9_deakins.md
2025-11-05 22:39:04 | INFO     | src.processing.processor:_generate_and_save_image:248 - Saved image: USER-FILES/05.OUTPUT/251105_223752_IMAGE/purim_party_006_IMAGE_223903_nano-banano16x9_deakins.png
2025-11-05 22:39:04 | INFO     | src.processing.discovery:load_prompts:63 - Loaded prompt from purim_party_007.txt
2025-11-05 22:39:04 | INFO     | src.processing.processor:_process_single_combination:119 - Processing combination 7/10: purim_party_007.txt + nano-banano16x9_deakins
2025-11-05 22:39:04 | DEBUG    | src.processing.processor:_apply_prompt_fixes:204 - Added prefix to prompt: A cinematic scene from the 
2025-11-05 22:39:04 | DEBUG    | src.processing.processor:_apply_prompt_fixes:208 - Added suffix to prompt: Handheld shot on 35mm film in the style of Roger Deakins. Diagonal room composition Make the aspect ratio of the generated image the same as provided image
2025-11-05 22:39:04 | DEBUG    | src.processing.processor:_process_with_context:186 - Processing purim_party_007.txt: A cinematic scene from the  1820s Stockholm, a wea...
2025-11-05 22:39:04 | DEBUG    | src.api.client:generate_image:85 - CRITICAL DEBUG - Received params: {
  "num_images": 1,
  "image_input": [
    "https://f003.backblazeb2.com/file/aspect-ratio-reference/aspect_ratio_reference_16x9.png"
  ],
  "output_format": "png"
}
2025-11-05 22:39:04 | DEBUG    | src.api.client:generate_image:86 - CRITICAL DEBUG - Constructed payload: {
  "num_images": 1,
  "image_input": [
    "https://f003.backblazeb2.com/file/aspect-ratio-reference/aspect_ratio_reference_16x9.png"
  ],
  "output_format": "png",
  "prompt": "A cinematic scene from the  1820s Stockholm, a wealthy Jewish merchant dressed as a masked villain with a dramatic black cape and ornate mask laying down cards with a triumphant smile in a luxurious parlor, his face animated with laughter, while other men dressed as Maharajas, clowns, and oriental sultans sit around an elegant card table as smoke from fine pipes curls in the air and children with noisemakers run past in the background. Handheld shot on 35mm film in the style of Roger Deakins. Diagonal room composition Make the aspect ratio of the generated image the same as provided image"
}
2025-11-05 22:39:04 | DEBUG    | src.api.client:generate_image:89 - Original prompt: A cinematic scene from the  1820s Stockholm, a wealthy Jewish merchant dressed as a masked villain with a dramatic black cape and ornate mask laying down cards with a triumphant smile in a luxurious parlor, his face animated with laughter, while other men dressed as Maharajas, clowns, and oriental sultans sit around an elegant card table as smoke from fine pipes curls in the air and children with noisemakers run past in the background. Handheld shot on 35mm film in the style of Roger Deakins. Diagonal room composition Make the aspect ratio of the generated image the same as provided image
2025-11-05 22:39:04 | DEBUG    | src.api.client:generate_image:90 - Clean prompt being sent: A cinematic scene from the  1820s Stockholm, a wealthy Jewish merchant dressed as a masked villain with a dramatic black cape and ornate mask laying down cards with a triumphant smile in a luxurious parlor, his face animated with laughter, while other men dressed as Maharajas, clowns, and oriental sultans sit around an elegant card table as smoke from fine pipes curls in the air and children with noisemakers run past in the background. Handheld shot on 35mm film in the style of Roger Deakins. Diagonal room composition Make the aspect ratio of the generated image the same as provided image
2025-11-05 22:39:04 | DEBUG    | src.api.client:generate_image:91 - Clean prompt repr: 'A cinematic scene from the  1820s Stockholm, a wealthy Jewish merchant dressed as a masked villain with a dramatic black cape and ornate mask laying down cards with a triumphant smile in a luxurious parlor, his face animated with laughter, while other men dressed as Maharajas, clowns, and oriental sultans sit around an elegant card table as smoke from fine pipes curls in the air and children with noisemakers run past in the background. Handheld shot on 35mm film in the style of Roger Deakins. Diagonal room composition Make the aspect ratio of the generated image the same as provided image'
2025-11-05 22:39:04 | DEBUG    | src.api.client:_call_with_retry:152 - API call attempt 1/3
2025-11-05 22:39:04 | DEBUG    | src.api.client:_call_with_retry:155 - CRITICAL DEBUG - Payload sent to replicate.run: {
  "num_images": 1,
  "image_input": [
    "https://f003.backblazeb2.com/file/aspect-ratio-reference/aspect_ratio_reference_16x9.png"
  ],
  "output_format": "png",
  "prompt": "A cinematic scene from the  1820s Stockholm, a wealthy Jewish merchant dressed as a masked villain with a dramatic black cape and ornate mask laying down cards with a triumphant smile in a luxurious parlor, his face animated with laughter, while other men dressed as Maharajas, clowns, and oriental sultans sit around an elegant card table as smoke from fine pipes curls in the air and children with noisemakers run past in the background. Handheld shot on 35mm film in the style of Roger Deakins. Diagonal room composition Make the aspect ratio of the generated image the same as provided image"
}
2025-11-05 22:39:13 | DEBUG    | src.api.client:_call_with_retry:170 - API call successful
2025-11-05 22:39:13 | WARNING  | src.api.client:generate_image:117 - API PARAMETER FILTERING DETECTED:
2025-11-05 22:39:13 | WARNING  | src.api.client:generate_image:118 -   Model: google/nano-banana
2025-11-05 22:39:13 | WARNING  | src.api.client:generate_image:119 -   Filtered parameters: ['image_input']
2025-11-05 22:39:13 | WARNING  | src.api.client:generate_image:120 -   This means the model doesn't support these parameters
2025-11-05 22:39:14 | INFO     | src.output.writer:_save_to_disk:192 - Saved valid image: USER-FILES/05.OUTPUT/251105_223752_IMAGE/purim_party_007_IMAGE_223913_nano-banano16x9_deakins.png
2025-11-05 22:39:14 | DEBUG    | src.output.writer:_save_payload:257 - Saved payload to USER-FILES/05.OUTPUT/251105_223752_IMAGE/purim_party_007_IMAGE_223913_nano-banano16x9_deakins.md
2025-11-05 22:39:14 | INFO     | src.processing.processor:_generate_and_save_image:248 - Saved image: USER-FILES/05.OUTPUT/251105_223752_IMAGE/purim_party_007_IMAGE_223913_nano-banano16x9_deakins.png
2025-11-05 22:39:14 | INFO     | src.processing.discovery:load_prompts:63 - Loaded prompt from purim_party_008.txt
2025-11-05 22:39:14 | INFO     | src.processing.processor:_process_single_combination:119 - Processing combination 8/10: purim_party_008.txt + nano-banano16x9_deakins
2025-11-05 22:39:14 | DEBUG    | src.processing.processor:_apply_prompt_fixes:204 - Added prefix to prompt: A cinematic scene from the 
2025-11-05 22:39:14 | DEBUG    | src.processing.processor:_apply_prompt_fixes:208 - Added suffix to prompt: Handheld shot on 35mm film in the style of Roger Deakins. Diagonal room composition Make the aspect ratio of the generated image the same as provided image
2025-11-05 22:39:14 | DEBUG    | src.processing.processor:_process_with_context:186 - Processing purim_party_008.txt: A cinematic scene from the  1820s Stockholm, a Jew...
2025-11-05 22:39:14 | DEBUG    | src.api.client:generate_image:85 - CRITICAL DEBUG - Received params: {
  "num_images": 1,
  "image_input": [
    "https://f003.backblazeb2.com/file/aspect-ratio-reference/aspect_ratio_reference_16x9.png"
  ],
  "output_format": "png"
}
2025-11-05 22:39:14 | DEBUG    | src.api.client:generate_image:86 - CRITICAL DEBUG - Constructed payload: {
  "num_images": 1,
  "image_input": [
    "https://f003.backblazeb2.com/file/aspect-ratio-reference/aspect_ratio_reference_16x9.png"
  ],
  "output_format": "png",
  "prompt": "A cinematic scene from the  1820s Stockholm, a Jewish boy dressed as a colorful clown with painted face and ruffled collar energetically spinning a wooden grogger noisemaker above his head in a grand candlelit ballroom, his face full of glee and mischief, while elaborately costumed adults dressed as orientals, jesters, and masked villains react dramatically to the loud rattling in the lavish private home behind him. Handheld shot on 35mm film in the style of Roger Deakins. Diagonal room composition Make the aspect ratio of the generated image the same as provided image"
}
2025-11-05 22:39:14 | DEBUG    | src.api.client:generate_image:89 - Original prompt: A cinematic scene from the  1820s Stockholm, a Jewish boy dressed as a colorful clown with painted face and ruffled collar energetically spinning a wooden grogger noisemaker above his head in a grand candlelit ballroom, his face full of glee and mischief, while elaborately costumed adults dressed as orientals, jesters, and masked villains react dramatically to the loud rattling in the lavish private home behind him. Handheld shot on 35mm film in the style of Roger Deakins. Diagonal room composition Make the aspect ratio of the generated image the same as provided image
2025-11-05 22:39:14 | DEBUG    | src.api.client:generate_image:90 - Clean prompt being sent: A cinematic scene from the  1820s Stockholm, a Jewish boy dressed as a colorful clown with painted face and ruffled collar energetically spinning a wooden grogger noisemaker above his head in a grand candlelit ballroom, his face full of glee and mischief, while elaborately costumed adults dressed as orientals, jesters, and masked villains react dramatically to the loud rattling in the lavish private home behind him. Handheld shot on 35mm film in the style of Roger Deakins. Diagonal room composition Make the aspect ratio of the generated image the same as provided image
2025-11-05 22:39:14 | DEBUG    | src.api.client:generate_image:91 - Clean prompt repr: 'A cinematic scene from the  1820s Stockholm, a Jewish boy dressed as a colorful clown with painted face and ruffled collar energetically spinning a wooden grogger noisemaker above his head in a grand candlelit ballroom, his face full of glee and mischief, while elaborately costumed adults dressed as orientals, jesters, and masked villains react dramatically to the loud rattling in the lavish private home behind him. Handheld shot on 35mm film in the style of Roger Deakins. Diagonal room composition Make the aspect ratio of the generated image the same as provided image'
2025-11-05 22:39:14 | DEBUG    | src.api.client:_call_with_retry:152 - API call attempt 1/3
2025-11-05 22:39:14 | DEBUG    | src.api.client:_call_with_retry:155 - CRITICAL DEBUG - Payload sent to replicate.run: {
  "num_images": 1,
  "image_input": [
    "https://f003.backblazeb2.com/file/aspect-ratio-reference/aspect_ratio_reference_16x9.png"
  ],
  "output_format": "png",
  "prompt": "A cinematic scene from the  1820s Stockholm, a Jewish boy dressed as a colorful clown with painted face and ruffled collar energetically spinning a wooden grogger noisemaker above his head in a grand candlelit ballroom, his face full of glee and mischief, while elaborately costumed adults dressed as orientals, jesters, and masked villains react dramatically to the loud rattling in the lavish private home behind him. Handheld shot on 35mm film in the style of Roger Deakins. Diagonal room composition Make the aspect ratio of the generated image the same as provided image"
}
2025-11-05 22:39:24 | DEBUG    | src.api.client:_call_with_retry:170 - API call successful
2025-11-05 22:39:24 | WARNING  | src.api.client:generate_image:117 - API PARAMETER FILTERING DETECTED:
2025-11-05 22:39:24 | WARNING  | src.api.client:generate_image:118 -   Model: google/nano-banana
2025-11-05 22:39:24 | WARNING  | src.api.client:generate_image:119 -   Filtered parameters: ['image_input']
2025-11-05 22:39:24 | WARNING  | src.api.client:generate_image:120 -   This means the model doesn't support these parameters
2025-11-05 22:39:25 | INFO     | src.output.writer:_save_to_disk:192 - Saved valid image: USER-FILES/05.OUTPUT/251105_223752_IMAGE/purim_party_008_IMAGE_223924_nano-banano16x9_deakins.png
2025-11-05 22:39:25 | DEBUG    | src.output.writer:_save_payload:257 - Saved payload to USER-FILES/05.OUTPUT/251105_223752_IMAGE/purim_party_008_IMAGE_223924_nano-banano16x9_deakins.md
2025-11-05 22:39:25 | INFO     | src.processing.processor:_generate_and_save_image:248 - Saved image: USER-FILES/05.OUTPUT/251105_223752_IMAGE/purim_party_008_IMAGE_223924_nano-banano16x9_deakins.png
2025-11-05 22:39:25 | INFO     | src.processing.discovery:load_prompts:63 - Loaded prompt from purim_party_009.txt
2025-11-05 22:39:25 | INFO     | src.processing.processor:_process_single_combination:119 - Processing combination 9/10: purim_party_009.txt + nano-banano16x9_deakins
2025-11-05 22:39:25 | DEBUG    | src.processing.processor:_apply_prompt_fixes:204 - Added prefix to prompt: A cinematic scene from the 
2025-11-05 22:39:25 | DEBUG    | src.processing.processor:_apply_prompt_fixes:208 - Added suffix to prompt: Handheld shot on 35mm film in the style of Roger Deakins. Diagonal room composition Make the aspect ratio of the generated image the same as provided image
2025-11-05 22:39:25 | DEBUG    | src.processing.processor:_process_with_context:186 - Processing purim_party_009.txt: A cinematic scene from the  1820s Stockholm, a you...
2025-11-05 22:39:25 | DEBUG    | src.api.client:generate_image:85 - CRITICAL DEBUG - Received params: {
  "num_images": 1,
  "image_input": [
    "https://f003.backblazeb2.com/file/aspect-ratio-reference/aspect_ratio_reference_16x9.png"
  ],
  "output_format": "png"
}
2025-11-05 22:39:25 | DEBUG    | src.api.client:generate_image:86 - CRITICAL DEBUG - Constructed payload: {
  "num_images": 1,
  "image_input": [
    "https://f003.backblazeb2.com/file/aspect-ratio-reference/aspect_ratio_reference_16x9.png"
  ],
  "output_format": "png",
  "prompt": "A cinematic scene from the  1820s Stockholm, a young Jewish woman dressed as an oriental princess with jeweled silks and an ornate feathered mask adjusting her elaborate disguise in a gilt-framed mirror in an opulent dressing room, her eyes sparkling through the mask as she checks her reflection, while other guests in Maharaja costumes and jester outfits pass by the doorway chattering excitedly in the wealthy private home behind her. Handheld shot on 35mm film in the style of Roger Deakins. Diagonal room composition Make the aspect ratio of the generated image the same as provided image"
}
2025-11-05 22:39:25 | DEBUG    | src.api.client:generate_image:89 - Original prompt: A cinematic scene from the  1820s Stockholm, a young Jewish woman dressed as an oriental princess with jeweled silks and an ornate feathered mask adjusting her elaborate disguise in a gilt-framed mirror in an opulent dressing room, her eyes sparkling through the mask as she checks her reflection, while other guests in Maharaja costumes and jester outfits pass by the doorway chattering excitedly in the wealthy private home behind her. Handheld shot on 35mm film in the style of Roger Deakins. Diagonal room composition Make the aspect ratio of the generated image the same as provided image
2025-11-05 22:39:25 | DEBUG    | src.api.client:generate_image:90 - Clean prompt being sent: A cinematic scene from the  1820s Stockholm, a young Jewish woman dressed as an oriental princess with jeweled silks and an ornate feathered mask adjusting her elaborate disguise in a gilt-framed mirror in an opulent dressing room, her eyes sparkling through the mask as she checks her reflection, while other guests in Maharaja costumes and jester outfits pass by the doorway chattering excitedly in the wealthy private home behind her. Handheld shot on 35mm film in the style of Roger Deakins. Diagonal room composition Make the aspect ratio of the generated image the same as provided image
2025-11-05 22:39:25 | DEBUG    | src.api.client:generate_image:91 - Clean prompt repr: 'A cinematic scene from the  1820s Stockholm, a young Jewish woman dressed as an oriental princess with jeweled silks and an ornate feathered mask adjusting her elaborate disguise in a gilt-framed mirror in an opulent dressing room, her eyes sparkling through the mask as she checks her reflection, while other guests in Maharaja costumes and jester outfits pass by the doorway chattering excitedly in the wealthy private home behind her. Handheld shot on 35mm film in the style of Roger Deakins. Diagonal room composition Make the aspect ratio of the generated image the same as provided image'
2025-11-05 22:39:25 | DEBUG    | src.api.client:_call_with_retry:152 - API call attempt 1/3
2025-11-05 22:39:25 | DEBUG    | src.api.client:_call_with_retry:155 - CRITICAL DEBUG - Payload sent to replicate.run: {
  "num_images": 1,
  "image_input": [
    "https://f003.backblazeb2.com/file/aspect-ratio-reference/aspect_ratio_reference_16x9.png"
  ],
  "output_format": "png",
  "prompt": "A cinematic scene from the  1820s Stockholm, a young Jewish woman dressed as an oriental princess with jeweled silks and an ornate feathered mask adjusting her elaborate disguise in a gilt-framed mirror in an opulent dressing room, her eyes sparkling through the mask as she checks her reflection, while other guests in Maharaja costumes and jester outfits pass by the doorway chattering excitedly in the wealthy private home behind her. Handheld shot on 35mm film in the style of Roger Deakins. Diagonal room composition Make the aspect ratio of the generated image the same as provided image"
}
2025-11-05 22:39:34 | DEBUG    | src.api.client:_call_with_retry:170 - API call successful
2025-11-05 22:39:34 | WARNING  | src.api.client:generate_image:117 - API PARAMETER FILTERING DETECTED:
2025-11-05 22:39:34 | WARNING  | src.api.client:generate_image:118 -   Model: google/nano-banana
2025-11-05 22:39:34 | WARNING  | src.api.client:generate_image:119 -   Filtered parameters: ['image_input']
2025-11-05 22:39:34 | WARNING  | src.api.client:generate_image:120 -   This means the model doesn't support these parameters
2025-11-05 22:39:35 | INFO     | src.output.writer:_save_to_disk:192 - Saved valid image: USER-FILES/05.OUTPUT/251105_223752_IMAGE/purim_party_009_IMAGE_223934_nano-banano16x9_deakins.png
2025-11-05 22:39:35 | DEBUG    | src.output.writer:_save_payload:257 - Saved payload to USER-FILES/05.OUTPUT/251105_223752_IMAGE/purim_party_009_IMAGE_223934_nano-banano16x9_deakins.md
2025-11-05 22:39:35 | INFO     | src.processing.processor:_generate_and_save_image:248 - Saved image: USER-FILES/05.OUTPUT/251105_223752_IMAGE/purim_party_009_IMAGE_223934_nano-banano16x9_deakins.png
2025-11-05 22:39:35 | INFO     | src.processing.discovery:load_prompts:63 - Loaded prompt from purim_party_010.txt
2025-11-05 22:39:35 | INFO     | src.processing.processor:_process_single_combination:119 - Processing combination 10/10: purim_party_010.txt + nano-banano16x9_deakins
2025-11-05 22:39:35 | DEBUG    | src.processing.processor:_apply_prompt_fixes:204 - Added prefix to prompt: A cinematic scene from the 
2025-11-05 22:39:35 | DEBUG    | src.processing.processor:_apply_prompt_fixes:208 - Added suffix to prompt: Handheld shot on 35mm film in the style of Roger Deakins. Diagonal room composition Make the aspect ratio of the generated image the same as provided image
2025-11-05 22:39:35 | DEBUG    | src.processing.processor:_process_with_context:186 - Processing purim_party_010.txt: A cinematic scene from the  1820s Stockholm, a Jew...
2025-11-05 22:39:35 | DEBUG    | src.api.client:generate_image:85 - CRITICAL DEBUG - Received params: {
  "num_images": 1,
  "image_input": [
    "https://f003.backblazeb2.com/file/aspect-ratio-reference/aspect_ratio_reference_16x9.png"
  ],
  "output_format": "png"
}
2025-11-05 22:39:35 | DEBUG    | src.api.client:generate_image:86 - CRITICAL DEBUG - Constructed payload: {
  "num_images": 1,
  "image_input": [
    "https://f003.backblazeb2.com/file/aspect-ratio-reference/aspect_ratio_reference_16x9.png"
  ],
  "output_format": "png",
  "prompt": "A cinematic scene from the  1820s Stockholm, a Jewish couple dressed as a Maharaja and oriental dancer with elaborate turbans, flowing silks, and ornate masks stepping into a private snow-covered garden behind their grand townhouse, their masks pushed up on their heads revealing flushed joyful faces, while through the tall windows behind them costumed guests dressed as clowns, jesters, and masked villains can be seen celebrating in the warm, chandelier-lit rooms. Handheld shot on 35mm film in the style of Roger Deakins. Diagonal room composition Make the aspect ratio of the generated image the same as provided image"
}
2025-11-05 22:39:35 | DEBUG    | src.api.client:generate_image:89 - Original prompt: A cinematic scene from the  1820s Stockholm, a Jewish couple dressed as a Maharaja and oriental dancer with elaborate turbans, flowing silks, and ornate masks stepping into a private snow-covered garden behind their grand townhouse, their masks pushed up on their heads revealing flushed joyful faces, while through the tall windows behind them costumed guests dressed as clowns, jesters, and masked villains can be seen celebrating in the warm, chandelier-lit rooms. Handheld shot on 35mm film in the style of Roger Deakins. Diagonal room composition Make the aspect ratio of the generated image the same as provided image
2025-11-05 22:39:35 | DEBUG    | src.api.client:generate_image:90 - Clean prompt being sent: A cinematic scene from the  1820s Stockholm, a Jewish couple dressed as a Maharaja and oriental dancer with elaborate turbans, flowing silks, and ornate masks stepping into a private snow-covered garden behind their grand townhouse, their masks pushed up on their heads revealing flushed joyful faces, while through the tall windows behind them costumed guests dressed as clowns, jesters, and masked villains can be seen celebrating in the warm, chandelier-lit rooms. Handheld shot on 35mm film in the style of Roger Deakins. Diagonal room composition Make the aspect ratio of the generated image the same as provided image
2025-11-05 22:39:35 | DEBUG    | src.api.client:generate_image:91 - Clean prompt repr: 'A cinematic scene from the  1820s Stockholm, a Jewish couple dressed as a Maharaja and oriental dancer with elaborate turbans, flowing silks, and ornate masks stepping into a private snow-covered garden behind their grand townhouse, their masks pushed up on their heads revealing flushed joyful faces, while through the tall windows behind them costumed guests dressed as clowns, jesters, and masked villains can be seen celebrating in the warm, chandelier-lit rooms. Handheld shot on 35mm film in the style of Roger Deakins. Diagonal room composition Make the aspect ratio of the generated image the same as provided image'
2025-11-05 22:39:35 | DEBUG    | src.api.client:_call_with_retry:152 - API call attempt 1/3
2025-11-05 22:39:35 | DEBUG    | src.api.client:_call_with_retry:155 - CRITICAL DEBUG - Payload sent to replicate.run: {
  "num_images": 1,
  "image_input": [
    "https://f003.backblazeb2.com/file/aspect-ratio-reference/aspect_ratio_reference_16x9.png"
  ],
  "output_format": "png",
  "prompt": "A cinematic scene from the  1820s Stockholm, a Jewish couple dressed as a Maharaja and oriental dancer with elaborate turbans, flowing silks, and ornate masks stepping into a private snow-covered garden behind their grand townhouse, their masks pushed up on their heads revealing flushed joyful faces, while through the tall windows behind them costumed guests dressed as clowns, jesters, and masked villains can be seen celebrating in the warm, chandelier-lit rooms. Handheld shot on 35mm film in the style of Roger Deakins. Diagonal room composition Make the aspect ratio of the generated image the same as provided image"
}
2025-11-05 22:39:44 | DEBUG    | src.api.client:_call_with_retry:170 - API call successful
2025-11-05 22:39:44 | WARNING  | src.api.client:generate_image:117 - API PARAMETER FILTERING DETECTED:
2025-11-05 22:39:44 | WARNING  | src.api.client:generate_image:118 -   Model: google/nano-banana
2025-11-05 22:39:44 | WARNING  | src.api.client:generate_image:119 -   Filtered parameters: ['image_input']
2025-11-05 22:39:44 | WARNING  | src.api.client:generate_image:120 -   This means the model doesn't support these parameters
2025-11-05 22:39:46 | INFO     | src.output.writer:_save_to_disk:192 - Saved valid image: USER-FILES/05.OUTPUT/251105_223752_IMAGE/purim_party_010_IMAGE_223944_nano-banano16x9_deakins.png
2025-11-05 22:39:46 | DEBUG    | src.output.writer:_save_payload:257 - Saved payload to USER-FILES/05.OUTPUT/251105_223752_IMAGE/purim_party_010_IMAGE_223944_nano-banano16x9_deakins.md
2025-11-05 22:39:46 | INFO     | src.processing.processor:_generate_and_save_image:248 - Saved image: USER-FILES/05.OUTPUT/251105_223752_IMAGE/purim_party_010_IMAGE_223944_nano-banano16x9_deakins.png
2025-11-05 22:39:46 | INFO     | src.processing.discovery:load_prompts:63 - Loaded prompt from purim_party_001.txt
2025-11-05 22:39:46 | INFO     | src.processing.discovery:load_prompts:63 - Loaded prompt from purim_party_002.txt
2025-11-05 22:39:46 | INFO     | src.processing.discovery:load_prompts:63 - Loaded prompt from purim_party_003.txt
2025-11-05 22:39:46 | INFO     | src.processing.discovery:load_prompts:63 - Loaded prompt from purim_party_004.txt
2025-11-05 22:39:46 | INFO     | src.processing.discovery:load_prompts:63 - Loaded prompt from purim_party_005.txt
2025-11-05 22:39:46 | INFO     | src.processing.discovery:load_prompts:63 - Loaded prompt from purim_party_006.txt
2025-11-05 22:39:46 | INFO     | src.processing.discovery:load_prompts:63 - Loaded prompt from purim_party_007.txt
2025-11-05 22:39:46 | INFO     | src.processing.discovery:load_prompts:63 - Loaded prompt from purim_party_008.txt
2025-11-05 22:39:46 | INFO     | src.processing.discovery:load_prompts:63 - Loaded prompt from purim_party_009.txt
2025-11-05 22:39:46 | INFO     | src.processing.discovery:load_prompts:63 - Loaded prompt from purim_party_010.txt
2025-11-05 22:39:46 | INFO     | src.output.writer:write_report:293 - Report saved: USER-FILES/05.OUTPUT/251105_223752_IMAGE/SUCCESS.md
2025-11-05 22:39:46 | INFO     | src.output.writer:write_report:293 - Report saved: USER-FILES/05.OUTPUT/251105_223752_IMAGE/COST-REPORT.md
2025-11-05 22:39:46 | INFO     | src.output.writer:write_report:293 - Report saved: USER-FILES/05.OUTPUT/251105_223752_IMAGE/PROFILES-WITH-FIXES.md
2025-11-05 22:39:46 | INFO     | src.output.reporter:_save_success_reports:62 - Reports saved successfully
2025-11-05 22:39:46 | SUCCESS  | __main__:generate_final_reports:264 - ✅ Completed successfully! Generated 10 images
