2025-11-25 18:14:23 | INFO     | src.utils.logging:setup_logging:39 - Logging configured (verbose=False, debug=False)
2025-11-25 18:14:23 | INFO     | __main__:setup_environment:79 - Environment initialized
2025-11-25 18:14:23 | INFO     | __main__:load_and_validate_config:84 - Loading configuration...
2025-11-25 18:14:23 | INFO     | src.config.loader:load_config:42 - Loaded configuration from USER-FILES/01.CONFIG/config.yaml
2025-11-25 18:14:23 | INFO     | __main__:authenticate_for_mode:273 - Authenticating with 1Password...
2025-11-25 18:14:28 | INFO     | src.auth.session_manager:ensure_op_auth:42 - 🔐 1Password authentication required...
2025-11-25 18:14:34 | SUCCESS  | src.auth.session_manager:ensure_op_auth:68 - ✅ 1Password authentication successful
2025-11-25 18:14:34 | INFO     | __main__:authenticate_for_mode:277 - Validating API key access (dry-run mode)...
2025-11-25 18:14:35 | DEBUG    | src.auth.session_manager:ensure_op_auth:39 - 1Password session is active
2025-11-25 18:14:35 | DEBUG    | src.auth.auth:load_auth_config:28 - Using auth config: auth_bites.yaml
2025-11-25 18:14:36 | DEBUG    | src.auth.auth:get_api_key:77 - Retrieved API key: r8_V...
2025-11-25 18:14:36 | SUCCESS  | __main__:authenticate_for_mode:279 - ✅ API key validated successfully
2025-11-25 18:14:36 | INFO     | __main__:discover_inputs_and_profiles:92 - Discovering inputs...
2025-11-25 18:14:36 | DEBUG    | src.processing.discovery:discover_prompt_files:40 - Found prompt file: 01_Why_Monthly_1-on-1s/01_Why_Monthly_1-on-1s_003.txt
2025-11-25 18:14:36 | DEBUG    | src.processing.discovery:discover_prompt_files:40 - Found prompt file: 01_Why_Monthly_1-on-1s/01_Why_Monthly_1-on-1s_017.txt
2025-11-25 18:14:36 | DEBUG    | src.processing.discovery:discover_prompt_files:40 - Found prompt file: 01_Why_Monthly_1-on-1s/01_Why_Monthly_1-on-1s_016.txt
2025-11-25 18:14:36 | DEBUG    | src.processing.discovery:discover_prompt_files:40 - Found prompt file: 01_Why_Monthly_1-on-1s/01_Why_Monthly_1-on-1s_002.txt
2025-11-25 18:14:36 | DEBUG    | src.processing.discovery:discover_prompt_files:40 - Found prompt file: 01_Why_Monthly_1-on-1s/01_Why_Monthly_1-on-1s_014.txt
2025-11-25 18:14:36 | DEBUG    | src.processing.discovery:discover_prompt_files:40 - Found prompt file: 01_Why_Monthly_1-on-1s/01_Why_Monthly_1-on-1s_028.txt
2025-11-25 18:14:36 | DEBUG    | src.processing.discovery:discover_prompt_files:40 - Found prompt file: 01_Why_Monthly_1-on-1s/01_Why_Monthly_1-on-1s_029.txt
2025-11-25 18:14:36 | DEBUG    | src.processing.discovery:discover_prompt_files:40 - Found prompt file: 01_Why_Monthly_1-on-1s/01_Why_Monthly_1-on-1s_001.txt
2025-11-25 18:14:36 | DEBUG    | src.processing.discovery:discover_prompt_files:40 - Found prompt file: 01_Why_Monthly_1-on-1s/01_Why_Monthly_1-on-1s_015.txt
2025-11-25 18:14:36 | DEBUG    | src.processing.discovery:discover_prompt_files:40 - Found prompt file: 01_Why_Monthly_1-on-1s/01_Why_Monthly_1-on-1s_039.txt
2025-11-25 18:14:36 | DEBUG    | src.processing.discovery:discover_prompt_files:40 - Found prompt file: 01_Why_Monthly_1-on-1s/01_Why_Monthly_1-on-1s_011.txt
2025-11-25 18:14:36 | DEBUG    | src.processing.discovery:discover_prompt_files:40 - Found prompt file: 01_Why_Monthly_1-on-1s/01_Why_Monthly_1-on-1s_005.txt
2025-11-25 18:14:36 | DEBUG    | src.processing.discovery:discover_prompt_files:40 - Found prompt file: 01_Why_Monthly_1-on-1s/01_Why_Monthly_1-on-1s_004.txt
2025-11-25 18:14:36 | DEBUG    | src.processing.discovery:discover_prompt_files:40 - Found prompt file: 01_Why_Monthly_1-on-1s/01_Why_Monthly_1-on-1s_010.txt
2025-11-25 18:14:36 | DEBUG    | src.processing.discovery:discover_prompt_files:40 - Found prompt file: 01_Why_Monthly_1-on-1s/01_Why_Monthly_1-on-1s_038.txt
2025-11-25 18:14:36 | DEBUG    | src.processing.discovery:discover_prompt_files:40 - Found prompt file: 01_Why_Monthly_1-on-1s/01_Why_Monthly_1-on-1s_006.txt
2025-11-25 18:14:36 | DEBUG    | src.processing.discovery:discover_prompt_files:40 - Found prompt file: 01_Why_Monthly_1-on-1s/01_Why_Monthly_1-on-1s_012.txt
2025-11-25 18:14:36 | DEBUG    | src.processing.discovery:discover_prompt_files:40 - Found prompt file: 01_Why_Monthly_1-on-1s/01_Why_Monthly_1-on-1s_013.txt
2025-11-25 18:14:36 | DEBUG    | src.processing.discovery:discover_prompt_files:40 - Found prompt file: 01_Why_Monthly_1-on-1s/01_Why_Monthly_1-on-1s_007.txt
2025-11-25 18:14:36 | DEBUG    | src.processing.discovery:discover_prompt_files:40 - Found prompt file: 01_Why_Monthly_1-on-1s/01_Why_Monthly_1-on-1s_041.txt
2025-11-25 18:14:36 | DEBUG    | src.processing.discovery:discover_prompt_files:40 - Found prompt file: 01_Why_Monthly_1-on-1s/01_Why_Monthly_1-on-1s_040.txt
2025-11-25 18:14:36 | DEBUG    | src.processing.discovery:discover_prompt_files:40 - Found prompt file: 01_Why_Monthly_1-on-1s/01_Why_Monthly_1-on-1s_042.txt
2025-11-25 18:14:36 | DEBUG    | src.processing.discovery:discover_prompt_files:40 - Found prompt file: 01_Why_Monthly_1-on-1s/01_Why_Monthly_1-on-1s_043.txt
2025-11-25 18:14:36 | DEBUG    | src.processing.discovery:discover_prompt_files:40 - Found prompt file: 01_Why_Monthly_1-on-1s/01_Why_Monthly_1-on-1s_046.txt
2025-11-25 18:14:36 | DEBUG    | src.processing.discovery:discover_prompt_files:40 - Found prompt file: 01_Why_Monthly_1-on-1s/01_Why_Monthly_1-on-1s_044.txt
2025-11-25 18:14:36 | DEBUG    | src.processing.discovery:discover_prompt_files:40 - Found prompt file: 01_Why_Monthly_1-on-1s/01_Why_Monthly_1-on-1s_045.txt
2025-11-25 18:14:36 | DEBUG    | src.processing.discovery:discover_prompt_files:40 - Found prompt file: 01_Why_Monthly_1-on-1s/01_Why_Monthly_1-on-1s_022.txt
2025-11-25 18:14:36 | DEBUG    | src.processing.discovery:discover_prompt_files:40 - Found prompt file: 01_Why_Monthly_1-on-1s/01_Why_Monthly_1-on-1s_036.txt
2025-11-25 18:14:36 | DEBUG    | src.processing.discovery:discover_prompt_files:40 - Found prompt file: 01_Why_Monthly_1-on-1s/01_Why_Monthly_1-on-1s_037.txt
2025-11-25 18:14:36 | DEBUG    | src.processing.discovery:discover_prompt_files:40 - Found prompt file: 01_Why_Monthly_1-on-1s/01_Why_Monthly_1-on-1s_023.txt
2025-11-25 18:14:36 | DEBUG    | src.processing.discovery:discover_prompt_files:40 - Found prompt file: 01_Why_Monthly_1-on-1s/01_Why_Monthly_1-on-1s_035.txt
2025-11-25 18:14:36 | DEBUG    | src.processing.discovery:discover_prompt_files:40 - Found prompt file: 01_Why_Monthly_1-on-1s/01_Why_Monthly_1-on-1s_021.txt
2025-11-25 18:14:36 | DEBUG    | src.processing.discovery:discover_prompt_files:40 - Found prompt file: 01_Why_Monthly_1-on-1s/01_Why_Monthly_1-on-1s_009.txt
2025-11-25 18:14:36 | DEBUG    | src.processing.discovery:discover_prompt_files:40 - Found prompt file: 01_Why_Monthly_1-on-1s/01_Why_Monthly_1-on-1s_008.txt
2025-11-25 18:14:36 | DEBUG    | src.processing.discovery:discover_prompt_files:40 - Found prompt file: 01_Why_Monthly_1-on-1s/01_Why_Monthly_1-on-1s_020.txt
2025-11-25 18:14:36 | DEBUG    | src.processing.discovery:discover_prompt_files:40 - Found prompt file: 01_Why_Monthly_1-on-1s/01_Why_Monthly_1-on-1s_034.txt
2025-11-25 18:14:36 | DEBUG    | src.processing.discovery:discover_prompt_files:40 - Found prompt file: 01_Why_Monthly_1-on-1s/01_Why_Monthly_1-on-1s_018.txt
2025-11-25 18:14:36 | DEBUG    | src.processing.discovery:discover_prompt_files:40 - Found prompt file: 01_Why_Monthly_1-on-1s/01_Why_Monthly_1-on-1s_030.txt
2025-11-25 18:14:36 | DEBUG    | src.processing.discovery:discover_prompt_files:40 - Found prompt file: 01_Why_Monthly_1-on-1s/01_Why_Monthly_1-on-1s_024.txt
2025-11-25 18:14:36 | DEBUG    | src.processing.discovery:discover_prompt_files:40 - Found prompt file: 01_Why_Monthly_1-on-1s/01_Why_Monthly_1-on-1s_025.txt
2025-11-25 18:14:36 | DEBUG    | src.processing.discovery:discover_prompt_files:40 - Found prompt file: 01_Why_Monthly_1-on-1s/01_Why_Monthly_1-on-1s_031.txt
2025-11-25 18:14:36 | DEBUG    | src.processing.discovery:discover_prompt_files:40 - Found prompt file: 01_Why_Monthly_1-on-1s/01_Why_Monthly_1-on-1s_019.txt
2025-11-25 18:14:36 | DEBUG    | src.processing.discovery:discover_prompt_files:40 - Found prompt file: 01_Why_Monthly_1-on-1s/01_Why_Monthly_1-on-1s_027.txt
2025-11-25 18:14:36 | DEBUG    | src.processing.discovery:discover_prompt_files:40 - Found prompt file: 01_Why_Monthly_1-on-1s/01_Why_Monthly_1-on-1s_033.txt
2025-11-25 18:14:36 | DEBUG    | src.processing.discovery:discover_prompt_files:40 - Found prompt file: 01_Why_Monthly_1-on-1s/01_Why_Monthly_1-on-1s_032.txt
2025-11-25 18:14:36 | DEBUG    | src.processing.discovery:discover_prompt_files:40 - Found prompt file: 01_Why_Monthly_1-on-1s/01_Why_Monthly_1-on-1s_026.txt
2025-11-25 18:14:36 | DEBUG    | src.processing.discovery:discover_prompt_files:40 - Found prompt file: 02_How_Monthly_1-on-1s_Work/02_How_Monthly_1-on-1s_Work_004.txt
2025-11-25 18:14:36 | DEBUG    | src.processing.discovery:discover_prompt_files:40 - Found prompt file: 02_How_Monthly_1-on-1s_Work/02_How_Monthly_1-on-1s_Work_010.txt
2025-11-25 18:14:36 | DEBUG    | src.processing.discovery:discover_prompt_files:40 - Found prompt file: 02_How_Monthly_1-on-1s_Work/02_How_Monthly_1-on-1s_Work_011.txt
2025-11-25 18:14:36 | DEBUG    | src.processing.discovery:discover_prompt_files:40 - Found prompt file: 02_How_Monthly_1-on-1s_Work/02_How_Monthly_1-on-1s_Work_005.txt
2025-11-25 18:14:36 | DEBUG    | src.processing.discovery:discover_prompt_files:40 - Found prompt file: 02_How_Monthly_1-on-1s_Work/02_How_Monthly_1-on-1s_Work_013.txt
2025-11-25 18:14:36 | DEBUG    | src.processing.discovery:discover_prompt_files:40 - Found prompt file: 02_How_Monthly_1-on-1s_Work/02_How_Monthly_1-on-1s_Work_007.txt
2025-11-25 18:14:36 | DEBUG    | src.processing.discovery:discover_prompt_files:40 - Found prompt file: 02_How_Monthly_1-on-1s_Work/02_How_Monthly_1-on-1s_Work_006.txt
2025-11-25 18:14:36 | DEBUG    | src.processing.discovery:discover_prompt_files:40 - Found prompt file: 02_How_Monthly_1-on-1s_Work/02_How_Monthly_1-on-1s_Work_012.txt
2025-11-25 18:14:36 | DEBUG    | src.processing.discovery:discover_prompt_files:40 - Found prompt file: 02_How_Monthly_1-on-1s_Work/02_How_Monthly_1-on-1s_Work_016.txt
2025-11-25 18:14:36 | DEBUG    | src.processing.discovery:discover_prompt_files:40 - Found prompt file: 02_How_Monthly_1-on-1s_Work/02_How_Monthly_1-on-1s_Work_002.txt
2025-11-25 18:14:36 | DEBUG    | src.processing.discovery:discover_prompt_files:40 - Found prompt file: 02_How_Monthly_1-on-1s_Work/02_How_Monthly_1-on-1s_Work_003.txt
2025-11-25 18:14:36 | DEBUG    | src.processing.discovery:discover_prompt_files:40 - Found prompt file: 02_How_Monthly_1-on-1s_Work/02_How_Monthly_1-on-1s_Work_017.txt
2025-11-25 18:14:36 | DEBUG    | src.processing.discovery:discover_prompt_files:40 - Found prompt file: 02_How_Monthly_1-on-1s_Work/02_How_Monthly_1-on-1s_Work_001.txt
2025-11-25 18:14:36 | DEBUG    | src.processing.discovery:discover_prompt_files:40 - Found prompt file: 02_How_Monthly_1-on-1s_Work/02_How_Monthly_1-on-1s_Work_015.txt
2025-11-25 18:14:36 | DEBUG    | src.processing.discovery:discover_prompt_files:40 - Found prompt file: 02_How_Monthly_1-on-1s_Work/02_How_Monthly_1-on-1s_Work_028.txt
2025-11-25 18:14:36 | DEBUG    | src.processing.discovery:discover_prompt_files:40 - Found prompt file: 02_How_Monthly_1-on-1s_Work/02_How_Monthly_1-on-1s_Work_014.txt
2025-11-25 18:14:36 | DEBUG    | src.processing.discovery:discover_prompt_files:40 - Found prompt file: 02_How_Monthly_1-on-1s_Work/02_How_Monthly_1-on-1s_Work_019.txt
2025-11-25 18:14:36 | DEBUG    | src.processing.discovery:discover_prompt_files:40 - Found prompt file: 02_How_Monthly_1-on-1s_Work/02_How_Monthly_1-on-1s_Work_025.txt
2025-11-25 18:14:36 | DEBUG    | src.processing.discovery:discover_prompt_files:40 - Found prompt file: 02_How_Monthly_1-on-1s_Work/02_How_Monthly_1-on-1s_Work_024.txt
2025-11-25 18:14:36 | DEBUG    | src.processing.discovery:discover_prompt_files:40 - Found prompt file: 02_How_Monthly_1-on-1s_Work/02_How_Monthly_1-on-1s_Work_018.txt
2025-11-25 18:14:36 | DEBUG    | src.processing.discovery:discover_prompt_files:40 - Found prompt file: 02_How_Monthly_1-on-1s_Work/02_How_Monthly_1-on-1s_Work_026.txt
2025-11-25 18:14:36 | DEBUG    | src.processing.discovery:discover_prompt_files:40 - Found prompt file: 02_How_Monthly_1-on-1s_Work/02_How_Monthly_1-on-1s_Work_027.txt
2025-11-25 18:14:36 | DEBUG    | src.processing.discovery:discover_prompt_files:40 - Found prompt file: 02_How_Monthly_1-on-1s_Work/02_How_Monthly_1-on-1s_Work_023.txt
2025-11-25 18:14:36 | DEBUG    | src.processing.discovery:discover_prompt_files:40 - Found prompt file: 02_How_Monthly_1-on-1s_Work/02_How_Monthly_1-on-1s_Work_022.txt
2025-11-25 18:14:36 | DEBUG    | src.processing.discovery:discover_prompt_files:40 - Found prompt file: 02_How_Monthly_1-on-1s_Work/02_How_Monthly_1-on-1s_Work_020.txt
2025-11-25 18:14:36 | DEBUG    | src.processing.discovery:discover_prompt_files:40 - Found prompt file: 02_How_Monthly_1-on-1s_Work/02_How_Monthly_1-on-1s_Work_008.txt
2025-11-25 18:14:36 | DEBUG    | src.processing.discovery:discover_prompt_files:40 - Found prompt file: 02_How_Monthly_1-on-1s_Work/02_How_Monthly_1-on-1s_Work_009.txt
2025-11-25 18:14:36 | DEBUG    | src.processing.discovery:discover_prompt_files:40 - Found prompt file: 02_How_Monthly_1-on-1s_Work/02_How_Monthly_1-on-1s_Work_021.txt
2025-11-25 18:14:36 | INFO     | src.processing.discovery:discover_prompt_files:45 - Discovered 74 prompt files
2025-11-25 18:14:36 | DEBUG    | src.processing.discovery:discover_profiles:93 - Loaded profile: USER-FILES/03.PROFILES/nano-banano-pro_2k_9x16_glico.yaml
2025-11-25 18:14:36 | INFO     | src.processing.discovery:discover_profiles:97 - Loaded 1 profiles
2025-11-25 18:14:36 | INFO     | src.processing.discovery:get_active_models:135 - Found profile: nano-banano-pro_2k_9x16_glico
2025-11-25 18:14:36 | INFO     | src.processing.discovery:get_active_models:140 - Total profiles to process: 1
2025-11-25 18:14:36 | INFO     | src.config.validator:validate_all:26 - All configuration validation passed
2025-11-25 18:14:36 | INFO     | __main__:initialize_services:186 - Output directory: USER-FILES/05.OUTPUT/251125_181436_IMAGE
2025-11-25 18:14:36 | INFO     | __main__:execute_processing:221 - Starting matrix processing...
2025-11-25 18:14:36 | DEBUG    | src.processing.validator:validate_operational_requirements:23 - Profile 'nano-banano-pro_2k_9x16_glico' operational validation passed
2025-11-25 18:14:36 | INFO     | src.processing.processor:process_all:60 - Processing 74 combinations (74 files × 1 profiles)
2025-11-25 18:14:36 | INFO     | src.processing.discovery:load_prompts:63 - Loaded prompt from 01_Why_Monthly_1-on-1s_001.txt
2025-11-25 18:14:36 | INFO     | src.processing.processor:_process_single_combination:119 - Processing combination 1/74: 01_Why_Monthly_1-on-1s/01_Why_Monthly_1-on-1s_001.txt + nano-banano-pro_2k_9x16_glico
2025-11-25 18:14:36 | DEBUG    | src.processing.processor:_apply_prompt_fixes:208 - Added suffix to prompt: Provided image shows you what the Glico logo actually look like.
2025-11-25 18:14:36 | DEBUG    | src.processing.processor:_process_with_context:186 - Processing 01_Why_Monthly_1-on-1s/01_Why_Monthly_1-on-1s_001.txt: Medium shot in Glico office in Japan conference ro...
2025-11-25 18:14:36 | INFO     | src.processing.processor:_process_with_context:189 - [DRY RUN] Would generate image for 01_Why_Monthly_1-on-1s/01_Why_Monthly_1-on-1s_001.txt
2025-11-25 18:14:36 | INFO     | src.processing.discovery:load_prompts:63 - Loaded prompt from 01_Why_Monthly_1-on-1s_002.txt
2025-11-25 18:14:36 | INFO     | src.processing.processor:_process_single_combination:119 - Processing combination 2/74: 01_Why_Monthly_1-on-1s/01_Why_Monthly_1-on-1s_002.txt + nano-banano-pro_2k_9x16_glico
2025-11-25 18:14:36 | DEBUG    | src.processing.processor:_apply_prompt_fixes:208 - Added suffix to prompt: Provided image shows you what the Glico logo actually look like.
2025-11-25 18:14:36 | DEBUG    | src.processing.processor:_process_with_context:186 - Processing 01_Why_Monthly_1-on-1s/01_Why_Monthly_1-on-1s_002.txt: Medium shot in Glico office in Japan meeting space...
2025-11-25 18:14:36 | INFO     | src.processing.processor:_process_with_context:189 - [DRY RUN] Would generate image for 01_Why_Monthly_1-on-1s/01_Why_Monthly_1-on-1s_002.txt
2025-11-25 18:14:36 | INFO     | src.processing.discovery:load_prompts:63 - Loaded prompt from 01_Why_Monthly_1-on-1s_003.txt
2025-11-25 18:14:36 | INFO     | src.processing.processor:_process_single_combination:119 - Processing combination 3/74: 01_Why_Monthly_1-on-1s/01_Why_Monthly_1-on-1s_003.txt + nano-banano-pro_2k_9x16_glico
2025-11-25 18:14:36 | DEBUG    | src.processing.processor:_apply_prompt_fixes:208 - Added suffix to prompt: Provided image shows you what the Glico logo actually look like.
2025-11-25 18:14:36 | DEBUG    | src.processing.processor:_process_with_context:186 - Processing 01_Why_Monthly_1-on-1s/01_Why_Monthly_1-on-1s_003.txt: Medium shot in Glico office in Japan meeting space...
2025-11-25 18:14:36 | INFO     | src.processing.processor:_process_with_context:189 - [DRY RUN] Would generate image for 01_Why_Monthly_1-on-1s/01_Why_Monthly_1-on-1s_003.txt
2025-11-25 18:14:36 | INFO     | src.processing.discovery:load_prompts:63 - Loaded prompt from 01_Why_Monthly_1-on-1s_004.txt
2025-11-25 18:14:36 | INFO     | src.processing.processor:_process_single_combination:119 - Processing combination 4/74: 01_Why_Monthly_1-on-1s/01_Why_Monthly_1-on-1s_004.txt + nano-banano-pro_2k_9x16_glico
2025-11-25 18:14:36 | DEBUG    | src.processing.processor:_apply_prompt_fixes:208 - Added suffix to prompt: Provided image shows you what the Glico logo actually look like.
2025-11-25 18:14:36 | DEBUG    | src.processing.processor:_process_with_context:186 - Processing 01_Why_Monthly_1-on-1s/01_Why_Monthly_1-on-1s_004.txt: Medium shot in Glico office in Japan conference ro...
2025-11-25 18:14:36 | INFO     | src.processing.processor:_process_with_context:189 - [DRY RUN] Would generate image for 01_Why_Monthly_1-on-1s/01_Why_Monthly_1-on-1s_004.txt
2025-11-25 18:14:36 | INFO     | src.processing.discovery:load_prompts:63 - Loaded prompt from 01_Why_Monthly_1-on-1s_005.txt
2025-11-25 18:14:36 | INFO     | src.processing.processor:_process_single_combination:119 - Processing combination 5/74: 01_Why_Monthly_1-on-1s/01_Why_Monthly_1-on-1s_005.txt + nano-banano-pro_2k_9x16_glico
2025-11-25 18:14:36 | DEBUG    | src.processing.processor:_apply_prompt_fixes:208 - Added suffix to prompt: Provided image shows you what the Glico logo actually look like.
2025-11-25 18:14:36 | DEBUG    | src.processing.processor:_process_with_context:186 - Processing 01_Why_Monthly_1-on-1s/01_Why_Monthly_1-on-1s_005.txt: Medium shot in Glico office in Japan conference ro...
2025-11-25 18:14:36 | INFO     | src.processing.processor:_process_with_context:189 - [DRY RUN] Would generate image for 01_Why_Monthly_1-on-1s/01_Why_Monthly_1-on-1s_005.txt
2025-11-25 18:14:36 | INFO     | src.processing.discovery:load_prompts:63 - Loaded prompt from 01_Why_Monthly_1-on-1s_006.txt
2025-11-25 18:14:36 | INFO     | src.processing.processor:_process_single_combination:119 - Processing combination 6/74: 01_Why_Monthly_1-on-1s/01_Why_Monthly_1-on-1s_006.txt + nano-banano-pro_2k_9x16_glico
2025-11-25 18:14:36 | DEBUG    | src.processing.processor:_apply_prompt_fixes:208 - Added suffix to prompt: Provided image shows you what the Glico logo actually look like.
2025-11-25 18:14:36 | DEBUG    | src.processing.processor:_process_with_context:186 - Processing 01_Why_Monthly_1-on-1s/01_Why_Monthly_1-on-1s_006.txt: Medium shot in Glico office in Japan conference ro...
2025-11-25 18:14:36 | INFO     | src.processing.processor:_process_with_context:189 - [DRY RUN] Would generate image for 01_Why_Monthly_1-on-1s/01_Why_Monthly_1-on-1s_006.txt
2025-11-25 18:14:36 | INFO     | src.processing.discovery:load_prompts:63 - Loaded prompt from 01_Why_Monthly_1-on-1s_007.txt
2025-11-25 18:14:36 | INFO     | src.processing.processor:_process_single_combination:119 - Processing combination 7/74: 01_Why_Monthly_1-on-1s/01_Why_Monthly_1-on-1s_007.txt + nano-banano-pro_2k_9x16_glico
2025-11-25 18:14:36 | DEBUG    | src.processing.processor:_apply_prompt_fixes:208 - Added suffix to prompt: Provided image shows you what the Glico logo actually look like.
2025-11-25 18:14:36 | DEBUG    | src.processing.processor:_process_with_context:186 - Processing 01_Why_Monthly_1-on-1s/01_Why_Monthly_1-on-1s_007.txt: Medium shot in Glico office in Japan workspace of ...
2025-11-25 18:14:36 | INFO     | src.processing.processor:_process_with_context:189 - [DRY RUN] Would generate image for 01_Why_Monthly_1-on-1s/01_Why_Monthly_1-on-1s_007.txt
2025-11-25 18:14:36 | INFO     | src.processing.discovery:load_prompts:63 - Loaded prompt from 01_Why_Monthly_1-on-1s_008.txt
2025-11-25 18:14:36 | INFO     | src.processing.processor:_process_single_combination:119 - Processing combination 8/74: 01_Why_Monthly_1-on-1s/01_Why_Monthly_1-on-1s_008.txt + nano-banano-pro_2k_9x16_glico
2025-11-25 18:14:36 | DEBUG    | src.processing.processor:_apply_prompt_fixes:208 - Added suffix to prompt: Provided image shows you what the Glico logo actually look like.
2025-11-25 18:14:36 | DEBUG    | src.processing.processor:_process_with_context:186 - Processing 01_Why_Monthly_1-on-1s/01_Why_Monthly_1-on-1s_008.txt: Close-up in Glico office in Japan workspace of Kor...
2025-11-25 18:14:36 | INFO     | src.processing.processor:_process_with_context:189 - [DRY RUN] Would generate image for 01_Why_Monthly_1-on-1s/01_Why_Monthly_1-on-1s_008.txt
2025-11-25 18:14:36 | INFO     | src.processing.discovery:load_prompts:63 - Loaded prompt from 01_Why_Monthly_1-on-1s_009.txt
2025-11-25 18:14:36 | INFO     | src.processing.processor:_process_single_combination:119 - Processing combination 9/74: 01_Why_Monthly_1-on-1s/01_Why_Monthly_1-on-1s_009.txt + nano-banano-pro_2k_9x16_glico
2025-11-25 18:14:36 | DEBUG    | src.processing.processor:_apply_prompt_fixes:208 - Added suffix to prompt: Provided image shows you what the Glico logo actually look like.
2025-11-25 18:14:36 | DEBUG    | src.processing.processor:_process_with_context:186 - Processing 01_Why_Monthly_1-on-1s/01_Why_Monthly_1-on-1s_009.txt: Medium shot in Glico office in Japan presentation ...
2025-11-25 18:14:36 | INFO     | src.processing.processor:_process_with_context:189 - [DRY RUN] Would generate image for 01_Why_Monthly_1-on-1s/01_Why_Monthly_1-on-1s_009.txt
2025-11-25 18:14:36 | INFO     | src.processing.discovery:load_prompts:63 - Loaded prompt from 01_Why_Monthly_1-on-1s_010.txt
2025-11-25 18:14:36 | INFO     | src.processing.processor:_process_single_combination:119 - Processing combination 10/74: 01_Why_Monthly_1-on-1s/01_Why_Monthly_1-on-1s_010.txt + nano-banano-pro_2k_9x16_glico
2025-11-25 18:14:36 | DEBUG    | src.processing.processor:_apply_prompt_fixes:208 - Added suffix to prompt: Provided image shows you what the Glico logo actually look like.
2025-11-25 18:14:36 | DEBUG    | src.processing.processor:_process_with_context:186 - Processing 01_Why_Monthly_1-on-1s/01_Why_Monthly_1-on-1s_010.txt: Medium shot in Glico office in Japan presentation ...
2025-11-25 18:14:36 | INFO     | src.processing.processor:_process_with_context:189 - [DRY RUN] Would generate image for 01_Why_Monthly_1-on-1s/01_Why_Monthly_1-on-1s_010.txt
2025-11-25 18:14:36 | INFO     | src.processing.discovery:load_prompts:63 - Loaded prompt from 01_Why_Monthly_1-on-1s_011.txt
2025-11-25 18:14:36 | INFO     | src.processing.processor:_process_single_combination:119 - Processing combination 11/74: 01_Why_Monthly_1-on-1s/01_Why_Monthly_1-on-1s_011.txt + nano-banano-pro_2k_9x16_glico
2025-11-25 18:14:36 | DEBUG    | src.processing.processor:_apply_prompt_fixes:208 - Added suffix to prompt: Provided image shows you what the Glico logo actually look like.
2025-11-25 18:14:36 | DEBUG    | src.processing.processor:_process_with_context:186 - Processing 01_Why_Monthly_1-on-1s/01_Why_Monthly_1-on-1s_011.txt: Medium shot in Glico office in Japan presentation ...
2025-11-25 18:14:36 | INFO     | src.processing.processor:_process_with_context:189 - [DRY RUN] Would generate image for 01_Why_Monthly_1-on-1s/01_Why_Monthly_1-on-1s_011.txt
2025-11-25 18:14:36 | INFO     | src.processing.discovery:load_prompts:63 - Loaded prompt from 01_Why_Monthly_1-on-1s_012.txt
2025-11-25 18:14:36 | INFO     | src.processing.processor:_process_single_combination:119 - Processing combination 12/74: 01_Why_Monthly_1-on-1s/01_Why_Monthly_1-on-1s_012.txt + nano-banano-pro_2k_9x16_glico
2025-11-25 18:14:36 | DEBUG    | src.processing.processor:_apply_prompt_fixes:208 - Added suffix to prompt: Provided image shows you what the Glico logo actually look like.
2025-11-25 18:14:36 | DEBUG    | src.processing.processor:_process_with_context:186 - Processing 01_Why_Monthly_1-on-1s/01_Why_Monthly_1-on-1s_012.txt: Medium shot in Glico office in Japan breakroom of ...
2025-11-25 18:14:36 | INFO     | src.processing.processor:_process_with_context:189 - [DRY RUN] Would generate image for 01_Why_Monthly_1-on-1s/01_Why_Monthly_1-on-1s_012.txt
2025-11-25 18:14:36 | INFO     | src.processing.discovery:load_prompts:63 - Loaded prompt from 01_Why_Monthly_1-on-1s_013.txt
2025-11-25 18:14:36 | INFO     | src.processing.processor:_process_single_combination:119 - Processing combination 13/74: 01_Why_Monthly_1-on-1s/01_Why_Monthly_1-on-1s_013.txt + nano-banano-pro_2k_9x16_glico
2025-11-25 18:14:36 | DEBUG    | src.processing.processor:_apply_prompt_fixes:208 - Added suffix to prompt: Provided image shows you what the Glico logo actually look like.
2025-11-25 18:14:36 | DEBUG    | src.processing.processor:_process_with_context:186 - Processing 01_Why_Monthly_1-on-1s/01_Why_Monthly_1-on-1s_013.txt: Medium shot in Glico office in Japan breakroom of ...
2025-11-25 18:14:36 | INFO     | src.processing.processor:_process_with_context:189 - [DRY RUN] Would generate image for 01_Why_Monthly_1-on-1s/01_Why_Monthly_1-on-1s_013.txt
2025-11-25 18:14:36 | INFO     | src.processing.discovery:load_prompts:63 - Loaded prompt from 01_Why_Monthly_1-on-1s_014.txt
2025-11-25 18:14:36 | INFO     | src.processing.processor:_process_single_combination:119 - Processing combination 14/74: 01_Why_Monthly_1-on-1s/01_Why_Monthly_1-on-1s_014.txt + nano-banano-pro_2k_9x16_glico
2025-11-25 18:14:36 | DEBUG    | src.processing.processor:_apply_prompt_fixes:208 - Added suffix to prompt: Provided image shows you what the Glico logo actually look like.
2025-11-25 18:14:36 | DEBUG    | src.processing.processor:_process_with_context:186 - Processing 01_Why_Monthly_1-on-1s/01_Why_Monthly_1-on-1s_014.txt: Medium shot in Glico office in Japan breakroom of ...
2025-11-25 18:14:36 | INFO     | src.processing.processor:_process_with_context:189 - [DRY RUN] Would generate image for 01_Why_Monthly_1-on-1s/01_Why_Monthly_1-on-1s_014.txt
2025-11-25 18:14:36 | INFO     | src.processing.discovery:load_prompts:63 - Loaded prompt from 01_Why_Monthly_1-on-1s_015.txt
2025-11-25 18:14:36 | INFO     | src.processing.processor:_process_single_combination:119 - Processing combination 15/74: 01_Why_Monthly_1-on-1s/01_Why_Monthly_1-on-1s_015.txt + nano-banano-pro_2k_9x16_glico
2025-11-25 18:14:36 | DEBUG    | src.processing.processor:_apply_prompt_fixes:208 - Added suffix to prompt: Provided image shows you what the Glico logo actually look like.
2025-11-25 18:14:36 | DEBUG    | src.processing.processor:_process_with_context:186 - Processing 01_Why_Monthly_1-on-1s/01_Why_Monthly_1-on-1s_015.txt: Close-up in Glico office in Japan workspace of Jap...
2025-11-25 18:14:36 | INFO     | src.processing.processor:_process_with_context:189 - [DRY RUN] Would generate image for 01_Why_Monthly_1-on-1s/01_Why_Monthly_1-on-1s_015.txt
2025-11-25 18:14:36 | INFO     | src.processing.discovery:load_prompts:63 - Loaded prompt from 01_Why_Monthly_1-on-1s_016.txt
2025-11-25 18:14:36 | INFO     | src.processing.processor:_process_single_combination:119 - Processing combination 16/74: 01_Why_Monthly_1-on-1s/01_Why_Monthly_1-on-1s_016.txt + nano-banano-pro_2k_9x16_glico
2025-11-25 18:14:36 | DEBUG    | src.processing.processor:_apply_prompt_fixes:208 - Added suffix to prompt: Provided image shows you what the Glico logo actually look like.
2025-11-25 18:14:36 | DEBUG    | src.processing.processor:_process_with_context:186 - Processing 01_Why_Monthly_1-on-1s/01_Why_Monthly_1-on-1s_016.txt: Close-up in Glico office in Japan workspace of Kor...
2025-11-25 18:14:36 | INFO     | src.processing.processor:_process_with_context:189 - [DRY RUN] Would generate image for 01_Why_Monthly_1-on-1s/01_Why_Monthly_1-on-1s_016.txt
2025-11-25 18:14:36 | INFO     | src.processing.discovery:load_prompts:63 - Loaded prompt from 01_Why_Monthly_1-on-1s_017.txt
2025-11-25 18:14:36 | INFO     | src.processing.processor:_process_single_combination:119 - Processing combination 17/74: 01_Why_Monthly_1-on-1s/01_Why_Monthly_1-on-1s_017.txt + nano-banano-pro_2k_9x16_glico
2025-11-25 18:14:36 | DEBUG    | src.processing.processor:_apply_prompt_fixes:208 - Added suffix to prompt: Provided image shows you what the Glico logo actually look like.
2025-11-25 18:14:36 | DEBUG    | src.processing.processor:_process_with_context:186 - Processing 01_Why_Monthly_1-on-1s/01_Why_Monthly_1-on-1s_017.txt: Medium shot in Glico office in Japan conference ro...
2025-11-25 18:14:36 | INFO     | src.processing.processor:_process_with_context:189 - [DRY RUN] Would generate image for 01_Why_Monthly_1-on-1s/01_Why_Monthly_1-on-1s_017.txt
2025-11-25 18:14:36 | INFO     | src.processing.discovery:load_prompts:63 - Loaded prompt from 01_Why_Monthly_1-on-1s_018.txt
2025-11-25 18:14:36 | INFO     | src.processing.processor:_process_single_combination:119 - Processing combination 18/74: 01_Why_Monthly_1-on-1s/01_Why_Monthly_1-on-1s_018.txt + nano-banano-pro_2k_9x16_glico
2025-11-25 18:14:36 | DEBUG    | src.processing.processor:_apply_prompt_fixes:208 - Added suffix to prompt: Provided image shows you what the Glico logo actually look like.
2025-11-25 18:14:36 | DEBUG    | src.processing.processor:_process_with_context:186 - Processing 01_Why_Monthly_1-on-1s/01_Why_Monthly_1-on-1s_018.txt: Medium shot in Glico office in Japan conference ro...
2025-11-25 18:14:36 | INFO     | src.processing.processor:_process_with_context:189 - [DRY RUN] Would generate image for 01_Why_Monthly_1-on-1s/01_Why_Monthly_1-on-1s_018.txt
2025-11-25 18:14:36 | INFO     | src.processing.discovery:load_prompts:63 - Loaded prompt from 01_Why_Monthly_1-on-1s_019.txt
2025-11-25 18:14:36 | INFO     | src.processing.processor:_process_single_combination:119 - Processing combination 19/74: 01_Why_Monthly_1-on-1s/01_Why_Monthly_1-on-1s_019.txt + nano-banano-pro_2k_9x16_glico
2025-11-25 18:14:36 | DEBUG    | src.processing.processor:_apply_prompt_fixes:208 - Added suffix to prompt: Provided image shows you what the Glico logo actually look like.
2025-11-25 18:14:36 | DEBUG    | src.processing.processor:_process_with_context:186 - Processing 01_Why_Monthly_1-on-1s/01_Why_Monthly_1-on-1s_019.txt: Medium shot in Glico office in Japan conference ro...
2025-11-25 18:14:36 | INFO     | src.processing.processor:_process_with_context:189 - [DRY RUN] Would generate image for 01_Why_Monthly_1-on-1s/01_Why_Monthly_1-on-1s_019.txt
2025-11-25 18:14:36 | INFO     | src.processing.discovery:load_prompts:63 - Loaded prompt from 01_Why_Monthly_1-on-1s_020.txt
2025-11-25 18:14:36 | INFO     | src.processing.processor:_process_single_combination:119 - Processing combination 20/74: 01_Why_Monthly_1-on-1s/01_Why_Monthly_1-on-1s_020.txt + nano-banano-pro_2k_9x16_glico
2025-11-25 18:14:36 | DEBUG    | src.processing.processor:_apply_prompt_fixes:208 - Added suffix to prompt: Provided image shows you what the Glico logo actually look like.
2025-11-25 18:14:36 | DEBUG    | src.processing.processor:_process_with_context:186 - Processing 01_Why_Monthly_1-on-1s/01_Why_Monthly_1-on-1s_020.txt: Medium shot in Glico office in Japan conference ro...
2025-11-25 18:14:36 | INFO     | src.processing.processor:_process_with_context:189 - [DRY RUN] Would generate image for 01_Why_Monthly_1-on-1s/01_Why_Monthly_1-on-1s_020.txt
2025-11-25 18:14:36 | INFO     | src.processing.discovery:load_prompts:63 - Loaded prompt from 01_Why_Monthly_1-on-1s_021.txt
2025-11-25 18:14:36 | INFO     | src.processing.processor:_process_single_combination:119 - Processing combination 21/74: 01_Why_Monthly_1-on-1s/01_Why_Monthly_1-on-1s_021.txt + nano-banano-pro_2k_9x16_glico
2025-11-25 18:14:36 | DEBUG    | src.processing.processor:_apply_prompt_fixes:208 - Added suffix to prompt: Provided image shows you what the Glico logo actually look like.
2025-11-25 18:14:36 | DEBUG    | src.processing.processor:_process_with_context:186 - Processing 01_Why_Monthly_1-on-1s/01_Why_Monthly_1-on-1s_021.txt: Medium shot in Glico office in Japan private meeti...
2025-11-25 18:14:36 | INFO     | src.processing.processor:_process_with_context:189 - [DRY RUN] Would generate image for 01_Why_Monthly_1-on-1s/01_Why_Monthly_1-on-1s_021.txt
2025-11-25 18:14:36 | INFO     | src.processing.discovery:load_prompts:63 - Loaded prompt from 01_Why_Monthly_1-on-1s_022.txt
2025-11-25 18:14:36 | INFO     | src.processing.processor:_process_single_combination:119 - Processing combination 22/74: 01_Why_Monthly_1-on-1s/01_Why_Monthly_1-on-1s_022.txt + nano-banano-pro_2k_9x16_glico
2025-11-25 18:14:36 | DEBUG    | src.processing.processor:_apply_prompt_fixes:208 - Added suffix to prompt: Provided image shows you what the Glico logo actually look like.
2025-11-25 18:14:36 | DEBUG    | src.processing.processor:_process_with_context:186 - Processing 01_Why_Monthly_1-on-1s/01_Why_Monthly_1-on-1s_022.txt: Medium shot in Glico office in Japan private meeti...
2025-11-25 18:14:36 | INFO     | src.processing.processor:_process_with_context:189 - [DRY RUN] Would generate image for 01_Why_Monthly_1-on-1s/01_Why_Monthly_1-on-1s_022.txt
2025-11-25 18:14:36 | INFO     | src.processing.discovery:load_prompts:63 - Loaded prompt from 01_Why_Monthly_1-on-1s_023.txt
2025-11-25 18:14:36 | INFO     | src.processing.processor:_process_single_combination:119 - Processing combination 23/74: 01_Why_Monthly_1-on-1s/01_Why_Monthly_1-on-1s_023.txt + nano-banano-pro_2k_9x16_glico
2025-11-25 18:14:36 | DEBUG    | src.processing.processor:_apply_prompt_fixes:208 - Added suffix to prompt: Provided image shows you what the Glico logo actually look like.
2025-11-25 18:14:36 | DEBUG    | src.processing.processor:_process_with_context:186 - Processing 01_Why_Monthly_1-on-1s/01_Why_Monthly_1-on-1s_023.txt: Close-up in Glico office in Japan workspace of Jap...
2025-11-25 18:14:36 | INFO     | src.processing.processor:_process_with_context:189 - [DRY RUN] Would generate image for 01_Why_Monthly_1-on-1s/01_Why_Monthly_1-on-1s_023.txt
2025-11-25 18:14:36 | INFO     | src.processing.discovery:load_prompts:63 - Loaded prompt from 01_Why_Monthly_1-on-1s_024.txt
2025-11-25 18:14:36 | INFO     | src.processing.processor:_process_single_combination:119 - Processing combination 24/74: 01_Why_Monthly_1-on-1s/01_Why_Monthly_1-on-1s_024.txt + nano-banano-pro_2k_9x16_glico
2025-11-25 18:14:36 | DEBUG    | src.processing.processor:_apply_prompt_fixes:208 - Added suffix to prompt: Provided image shows you what the Glico logo actually look like.
2025-11-25 18:14:36 | DEBUG    | src.processing.processor:_process_with_context:186 - Processing 01_Why_Monthly_1-on-1s/01_Why_Monthly_1-on-1s_024.txt: Close-up in Glico office in Japan workspace of Kor...
2025-11-25 18:14:36 | INFO     | src.processing.processor:_process_with_context:189 - [DRY RUN] Would generate image for 01_Why_Monthly_1-on-1s/01_Why_Monthly_1-on-1s_024.txt
2025-11-25 18:14:36 | INFO     | src.processing.discovery:load_prompts:63 - Loaded prompt from 01_Why_Monthly_1-on-1s_025.txt
2025-11-25 18:14:36 | INFO     | src.processing.processor:_process_single_combination:119 - Processing combination 25/74: 01_Why_Monthly_1-on-1s/01_Why_Monthly_1-on-1s_025.txt + nano-banano-pro_2k_9x16_glico
2025-11-25 18:14:36 | DEBUG    | src.processing.processor:_apply_prompt_fixes:208 - Added suffix to prompt: Provided image shows you what the Glico logo actually look like.
2025-11-25 18:14:36 | DEBUG    | src.processing.processor:_process_with_context:186 - Processing 01_Why_Monthly_1-on-1s/01_Why_Monthly_1-on-1s_025.txt: Medium shot in Glico office in Japan meeting space...
2025-11-25 18:14:36 | INFO     | src.processing.processor:_process_with_context:189 - [DRY RUN] Would generate image for 01_Why_Monthly_1-on-1s/01_Why_Monthly_1-on-1s_025.txt
2025-11-25 18:14:36 | INFO     | src.processing.discovery:load_prompts:63 - Loaded prompt from 01_Why_Monthly_1-on-1s_026.txt
2025-11-25 18:14:36 | INFO     | src.processing.processor:_process_single_combination:119 - Processing combination 26/74: 01_Why_Monthly_1-on-1s/01_Why_Monthly_1-on-1s_026.txt + nano-banano-pro_2k_9x16_glico
2025-11-25 18:14:36 | DEBUG    | src.processing.processor:_apply_prompt_fixes:208 - Added suffix to prompt: Provided image shows you what the Glico logo actually look like.
2025-11-25 18:14:36 | DEBUG    | src.processing.processor:_process_with_context:186 - Processing 01_Why_Monthly_1-on-1s/01_Why_Monthly_1-on-1s_026.txt: Medium shot in Glico office in Japan meeting space...
2025-11-25 18:14:36 | INFO     | src.processing.processor:_process_with_context:189 - [DRY RUN] Would generate image for 01_Why_Monthly_1-on-1s/01_Why_Monthly_1-on-1s_026.txt
2025-11-25 18:14:36 | INFO     | src.processing.discovery:load_prompts:63 - Loaded prompt from 01_Why_Monthly_1-on-1s_027.txt
2025-11-25 18:14:36 | INFO     | src.processing.processor:_process_single_combination:119 - Processing combination 27/74: 01_Why_Monthly_1-on-1s/01_Why_Monthly_1-on-1s_027.txt + nano-banano-pro_2k_9x16_glico
2025-11-25 18:14:36 | DEBUG    | src.processing.processor:_apply_prompt_fixes:208 - Added suffix to prompt: Provided image shows you what the Glico logo actually look like.
2025-11-25 18:14:36 | DEBUG    | src.processing.processor:_process_with_context:186 - Processing 01_Why_Monthly_1-on-1s/01_Why_Monthly_1-on-1s_027.txt: Wide shot in Glico R&D lab of Han Chinese male Gli...
2025-11-25 18:14:36 | INFO     | src.processing.processor:_process_with_context:189 - [DRY RUN] Would generate image for 01_Why_Monthly_1-on-1s/01_Why_Monthly_1-on-1s_027.txt
2025-11-25 18:14:36 | INFO     | src.processing.discovery:load_prompts:63 - Loaded prompt from 01_Why_Monthly_1-on-1s_028.txt
2025-11-25 18:14:36 | INFO     | src.processing.processor:_process_single_combination:119 - Processing combination 28/74: 01_Why_Monthly_1-on-1s/01_Why_Monthly_1-on-1s_028.txt + nano-banano-pro_2k_9x16_glico
2025-11-25 18:14:36 | DEBUG    | src.processing.processor:_apply_prompt_fixes:208 - Added suffix to prompt: Provided image shows you what the Glico logo actually look like.
2025-11-25 18:14:36 | DEBUG    | src.processing.processor:_process_with_context:186 - Processing 01_Why_Monthly_1-on-1s/01_Why_Monthly_1-on-1s_028.txt: Wide shot in Glico R&D lab of Japanese female Glic...
2025-11-25 18:14:36 | INFO     | src.processing.processor:_process_with_context:189 - [DRY RUN] Would generate image for 01_Why_Monthly_1-on-1s/01_Why_Monthly_1-on-1s_028.txt
2025-11-25 18:14:36 | INFO     | src.processing.discovery:load_prompts:63 - Loaded prompt from 01_Why_Monthly_1-on-1s_029.txt
2025-11-25 18:14:36 | INFO     | src.processing.processor:_process_single_combination:119 - Processing combination 29/74: 01_Why_Monthly_1-on-1s/01_Why_Monthly_1-on-1s_029.txt + nano-banano-pro_2k_9x16_glico
2025-11-25 18:14:36 | DEBUG    | src.processing.processor:_apply_prompt_fixes:208 - Added suffix to prompt: Provided image shows you what the Glico logo actually look like.
2025-11-25 18:14:36 | DEBUG    | src.processing.processor:_process_with_context:186 - Processing 01_Why_Monthly_1-on-1s/01_Why_Monthly_1-on-1s_029.txt: Medium shot in Glico office in Japan workspace of ...
2025-11-25 18:14:36 | INFO     | src.processing.processor:_process_with_context:189 - [DRY RUN] Would generate image for 01_Why_Monthly_1-on-1s/01_Why_Monthly_1-on-1s_029.txt
2025-11-25 18:14:36 | INFO     | src.processing.discovery:load_prompts:63 - Loaded prompt from 01_Why_Monthly_1-on-1s_030.txt
2025-11-25 18:14:36 | INFO     | src.processing.processor:_process_single_combination:119 - Processing combination 30/74: 01_Why_Monthly_1-on-1s/01_Why_Monthly_1-on-1s_030.txt + nano-banano-pro_2k_9x16_glico
2025-11-25 18:14:36 | DEBUG    | src.processing.processor:_apply_prompt_fixes:208 - Added suffix to prompt: Provided image shows you what the Glico logo actually look like.
2025-11-25 18:14:36 | DEBUG    | src.processing.processor:_process_with_context:186 - Processing 01_Why_Monthly_1-on-1s/01_Why_Monthly_1-on-1s_030.txt: Medium shot in Glico office in Japan workspace of ...
2025-11-25 18:14:36 | INFO     | src.processing.processor:_process_with_context:189 - [DRY RUN] Would generate image for 01_Why_Monthly_1-on-1s/01_Why_Monthly_1-on-1s_030.txt
2025-11-25 18:14:36 | INFO     | src.processing.discovery:load_prompts:63 - Loaded prompt from 01_Why_Monthly_1-on-1s_031.txt
2025-11-25 18:14:36 | INFO     | src.processing.processor:_process_single_combination:119 - Processing combination 31/74: 01_Why_Monthly_1-on-1s/01_Why_Monthly_1-on-1s_031.txt + nano-banano-pro_2k_9x16_glico
2025-11-25 18:14:36 | DEBUG    | src.processing.processor:_apply_prompt_fixes:208 - Added suffix to prompt: Provided image shows you what the Glico logo actually look like.
2025-11-25 18:14:36 | DEBUG    | src.processing.processor:_process_with_context:186 - Processing 01_Why_Monthly_1-on-1s/01_Why_Monthly_1-on-1s_031.txt: Close-up in Glico office in Japan workspace of Han...
2025-11-25 18:14:36 | INFO     | src.processing.processor:_process_with_context:189 - [DRY RUN] Would generate image for 01_Why_Monthly_1-on-1s/01_Why_Monthly_1-on-1s_031.txt
2025-11-25 18:14:36 | INFO     | src.processing.discovery:load_prompts:63 - Loaded prompt from 01_Why_Monthly_1-on-1s_032.txt
2025-11-25 18:14:36 | INFO     | src.processing.processor:_process_single_combination:119 - Processing combination 32/74: 01_Why_Monthly_1-on-1s/01_Why_Monthly_1-on-1s_032.txt + nano-banano-pro_2k_9x16_glico
2025-11-25 18:14:36 | DEBUG    | src.processing.processor:_apply_prompt_fixes:208 - Added suffix to prompt: Provided image shows you what the Glico logo actually look like.
2025-11-25 18:14:36 | DEBUG    | src.processing.processor:_process_with_context:186 - Processing 01_Why_Monthly_1-on-1s/01_Why_Monthly_1-on-1s_032.txt: Medium shot in Glico office in Japan workspace of ...
2025-11-25 18:14:36 | INFO     | src.processing.processor:_process_with_context:189 - [DRY RUN] Would generate image for 01_Why_Monthly_1-on-1s/01_Why_Monthly_1-on-1s_032.txt
2025-11-25 18:14:36 | INFO     | src.processing.discovery:load_prompts:63 - Loaded prompt from 01_Why_Monthly_1-on-1s_033.txt
2025-11-25 18:14:36 | INFO     | src.processing.processor:_process_single_combination:119 - Processing combination 33/74: 01_Why_Monthly_1-on-1s/01_Why_Monthly_1-on-1s_033.txt + nano-banano-pro_2k_9x16_glico
2025-11-25 18:14:36 | DEBUG    | src.processing.processor:_apply_prompt_fixes:208 - Added suffix to prompt: Provided image shows you what the Glico logo actually look like.
2025-11-25 18:14:36 | DEBUG    | src.processing.processor:_process_with_context:186 - Processing 01_Why_Monthly_1-on-1s/01_Why_Monthly_1-on-1s_033.txt: Close-up in Glico office in Japan meeting space of...
2025-11-25 18:14:36 | INFO     | src.processing.processor:_process_with_context:189 - [DRY RUN] Would generate image for 01_Why_Monthly_1-on-1s/01_Why_Monthly_1-on-1s_033.txt
2025-11-25 18:14:36 | INFO     | src.processing.discovery:load_prompts:63 - Loaded prompt from 01_Why_Monthly_1-on-1s_034.txt
2025-11-25 18:14:36 | INFO     | src.processing.processor:_process_single_combination:119 - Processing combination 34/74: 01_Why_Monthly_1-on-1s/01_Why_Monthly_1-on-1s_034.txt + nano-banano-pro_2k_9x16_glico
2025-11-25 18:14:36 | DEBUG    | src.processing.processor:_apply_prompt_fixes:208 - Added suffix to prompt: Provided image shows you what the Glico logo actually look like.
2025-11-25 18:14:36 | DEBUG    | src.processing.processor:_process_with_context:186 - Processing 01_Why_Monthly_1-on-1s/01_Why_Monthly_1-on-1s_034.txt: Close-up in Glico office in Japan meeting space of...
2025-11-25 18:14:36 | INFO     | src.processing.processor:_process_with_context:189 - [DRY RUN] Would generate image for 01_Why_Monthly_1-on-1s/01_Why_Monthly_1-on-1s_034.txt
2025-11-25 18:14:36 | INFO     | src.processing.discovery:load_prompts:63 - Loaded prompt from 01_Why_Monthly_1-on-1s_035.txt
2025-11-25 18:14:36 | INFO     | src.processing.processor:_process_single_combination:119 - Processing combination 35/74: 01_Why_Monthly_1-on-1s/01_Why_Monthly_1-on-1s_035.txt + nano-banano-pro_2k_9x16_glico
2025-11-25 18:14:36 | DEBUG    | src.processing.processor:_apply_prompt_fixes:208 - Added suffix to prompt: Provided image shows you what the Glico logo actually look like.
2025-11-25 18:14:36 | DEBUG    | src.processing.processor:_process_with_context:186 - Processing 01_Why_Monthly_1-on-1s/01_Why_Monthly_1-on-1s_035.txt: Wide shot in Glico office in Japan workspace of Gl...
2025-11-25 18:14:36 | INFO     | src.processing.processor:_process_with_context:189 - [DRY RUN] Would generate image for 01_Why_Monthly_1-on-1s/01_Why_Monthly_1-on-1s_035.txt
2025-11-25 18:14:36 | INFO     | src.processing.discovery:load_prompts:63 - Loaded prompt from 01_Why_Monthly_1-on-1s_036.txt
2025-11-25 18:14:36 | INFO     | src.processing.processor:_process_single_combination:119 - Processing combination 36/74: 01_Why_Monthly_1-on-1s/01_Why_Monthly_1-on-1s_036.txt + nano-banano-pro_2k_9x16_glico
2025-11-25 18:14:36 | DEBUG    | src.processing.processor:_apply_prompt_fixes:208 - Added suffix to prompt: Provided image shows you what the Glico logo actually look like.
2025-11-25 18:14:36 | DEBUG    | src.processing.processor:_process_with_context:186 - Processing 01_Why_Monthly_1-on-1s/01_Why_Monthly_1-on-1s_036.txt: Wide shot in Glico office in Japan workspace of Gl...
2025-11-25 18:14:36 | INFO     | src.processing.processor:_process_with_context:189 - [DRY RUN] Would generate image for 01_Why_Monthly_1-on-1s/01_Why_Monthly_1-on-1s_036.txt
2025-11-25 18:14:36 | INFO     | src.processing.discovery:load_prompts:63 - Loaded prompt from 01_Why_Monthly_1-on-1s_037.txt
2025-11-25 18:14:36 | INFO     | src.processing.processor:_process_single_combination:119 - Processing combination 37/74: 01_Why_Monthly_1-on-1s/01_Why_Monthly_1-on-1s_037.txt + nano-banano-pro_2k_9x16_glico
2025-11-25 18:14:36 | DEBUG    | src.processing.processor:_apply_prompt_fixes:208 - Added suffix to prompt: Provided image shows you what the Glico logo actually look like.
2025-11-25 18:14:36 | DEBUG    | src.processing.processor:_process_with_context:186 - Processing 01_Why_Monthly_1-on-1s/01_Why_Monthly_1-on-1s_037.txt: Wide shot in Glico office in Japan workspace of Gl...
2025-11-25 18:14:36 | INFO     | src.processing.processor:_process_with_context:189 - [DRY RUN] Would generate image for 01_Why_Monthly_1-on-1s/01_Why_Monthly_1-on-1s_037.txt
2025-11-25 18:14:36 | INFO     | src.processing.discovery:load_prompts:63 - Loaded prompt from 01_Why_Monthly_1-on-1s_038.txt
2025-11-25 18:14:36 | INFO     | src.processing.processor:_process_single_combination:119 - Processing combination 38/74: 01_Why_Monthly_1-on-1s/01_Why_Monthly_1-on-1s_038.txt + nano-banano-pro_2k_9x16_glico
2025-11-25 18:14:36 | DEBUG    | src.processing.processor:_apply_prompt_fixes:208 - Added suffix to prompt: Provided image shows you what the Glico logo actually look like.
2025-11-25 18:14:36 | DEBUG    | src.processing.processor:_process_with_context:186 - Processing 01_Why_Monthly_1-on-1s/01_Why_Monthly_1-on-1s_038.txt: Wide shot in Glico office in Japan workspace of Gl...
2025-11-25 18:14:36 | INFO     | src.processing.processor:_process_with_context:189 - [DRY RUN] Would generate image for 01_Why_Monthly_1-on-1s/01_Why_Monthly_1-on-1s_038.txt
2025-11-25 18:14:36 | INFO     | src.processing.discovery:load_prompts:63 - Loaded prompt from 01_Why_Monthly_1-on-1s_039.txt
2025-11-25 18:14:36 | INFO     | src.processing.processor:_process_single_combination:119 - Processing combination 39/74: 01_Why_Monthly_1-on-1s/01_Why_Monthly_1-on-1s_039.txt + nano-banano-pro_2k_9x16_glico
2025-11-25 18:14:36 | DEBUG    | src.processing.processor:_apply_prompt_fixes:208 - Added suffix to prompt: Provided image shows you what the Glico logo actually look like.
2025-11-25 18:14:36 | DEBUG    | src.processing.processor:_process_with_context:186 - Processing 01_Why_Monthly_1-on-1s/01_Why_Monthly_1-on-1s_039.txt: Wide shot in Glico office in Japan workspace of Gl...
2025-11-25 18:14:36 | INFO     | src.processing.processor:_process_with_context:189 - [DRY RUN] Would generate image for 01_Why_Monthly_1-on-1s/01_Why_Monthly_1-on-1s_039.txt
2025-11-25 18:14:36 | INFO     | src.processing.discovery:load_prompts:63 - Loaded prompt from 01_Why_Monthly_1-on-1s_040.txt
2025-11-25 18:14:36 | INFO     | src.processing.processor:_process_single_combination:119 - Processing combination 40/74: 01_Why_Monthly_1-on-1s/01_Why_Monthly_1-on-1s_040.txt + nano-banano-pro_2k_9x16_glico
2025-11-25 18:14:36 | DEBUG    | src.processing.processor:_apply_prompt_fixes:208 - Added suffix to prompt: Provided image shows you what the Glico logo actually look like.
2025-11-25 18:14:36 | DEBUG    | src.processing.processor:_process_with_context:186 - Processing 01_Why_Monthly_1-on-1s/01_Why_Monthly_1-on-1s_040.txt: Medium shot in Glico office in Japan workspace of ...
2025-11-25 18:14:36 | INFO     | src.processing.processor:_process_with_context:189 - [DRY RUN] Would generate image for 01_Why_Monthly_1-on-1s/01_Why_Monthly_1-on-1s_040.txt
2025-11-25 18:14:36 | INFO     | src.processing.discovery:load_prompts:63 - Loaded prompt from 01_Why_Monthly_1-on-1s_041.txt
2025-11-25 18:14:36 | INFO     | src.processing.processor:_process_single_combination:119 - Processing combination 41/74: 01_Why_Monthly_1-on-1s/01_Why_Monthly_1-on-1s_041.txt + nano-banano-pro_2k_9x16_glico
2025-11-25 18:14:36 | DEBUG    | src.processing.processor:_apply_prompt_fixes:208 - Added suffix to prompt: Provided image shows you what the Glico logo actually look like.
2025-11-25 18:14:36 | DEBUG    | src.processing.processor:_process_with_context:186 - Processing 01_Why_Monthly_1-on-1s/01_Why_Monthly_1-on-1s_041.txt: Medium shot in Glico office in Japan conference ro...
2025-11-25 18:14:36 | INFO     | src.processing.processor:_process_with_context:189 - [DRY RUN] Would generate image for 01_Why_Monthly_1-on-1s/01_Why_Monthly_1-on-1s_041.txt
2025-11-25 18:14:36 | INFO     | src.processing.discovery:load_prompts:63 - Loaded prompt from 01_Why_Monthly_1-on-1s_042.txt
2025-11-25 18:14:36 | INFO     | src.processing.processor:_process_single_combination:119 - Processing combination 42/74: 01_Why_Monthly_1-on-1s/01_Why_Monthly_1-on-1s_042.txt + nano-banano-pro_2k_9x16_glico
2025-11-25 18:14:36 | DEBUG    | src.processing.processor:_apply_prompt_fixes:208 - Added suffix to prompt: Provided image shows you what the Glico logo actually look like.
2025-11-25 18:14:36 | DEBUG    | src.processing.processor:_process_with_context:186 - Processing 01_Why_Monthly_1-on-1s/01_Why_Monthly_1-on-1s_042.txt: Medium shot in Glico office in Japan conference ro...
2025-11-25 18:14:36 | INFO     | src.processing.processor:_process_with_context:189 - [DRY RUN] Would generate image for 01_Why_Monthly_1-on-1s/01_Why_Monthly_1-on-1s_042.txt
2025-11-25 18:14:36 | INFO     | src.processing.discovery:load_prompts:63 - Loaded prompt from 01_Why_Monthly_1-on-1s_043.txt
2025-11-25 18:14:36 | INFO     | src.processing.processor:_process_single_combination:119 - Processing combination 43/74: 01_Why_Monthly_1-on-1s/01_Why_Monthly_1-on-1s_043.txt + nano-banano-pro_2k_9x16_glico
2025-11-25 18:14:36 | DEBUG    | src.processing.processor:_apply_prompt_fixes:208 - Added suffix to prompt: Provided image shows you what the Glico logo actually look like.
2025-11-25 18:14:36 | DEBUG    | src.processing.processor:_process_with_context:186 - Processing 01_Why_Monthly_1-on-1s/01_Why_Monthly_1-on-1s_043.txt: Medium shot in Glico office in Japan conference ro...
2025-11-25 18:14:36 | INFO     | src.processing.processor:_process_with_context:189 - [DRY RUN] Would generate image for 01_Why_Monthly_1-on-1s/01_Why_Monthly_1-on-1s_043.txt
2025-11-25 18:14:36 | INFO     | src.processing.discovery:load_prompts:63 - Loaded prompt from 01_Why_Monthly_1-on-1s_044.txt
2025-11-25 18:14:36 | INFO     | src.processing.processor:_process_single_combination:119 - Processing combination 44/74: 01_Why_Monthly_1-on-1s/01_Why_Monthly_1-on-1s_044.txt + nano-banano-pro_2k_9x16_glico
2025-11-25 18:14:36 | DEBUG    | src.processing.processor:_apply_prompt_fixes:208 - Added suffix to prompt: Provided image shows you what the Glico logo actually look like.
2025-11-25 18:14:36 | DEBUG    | src.processing.processor:_process_with_context:186 - Processing 01_Why_Monthly_1-on-1s/01_Why_Monthly_1-on-1s_044.txt: Medium shot in Glico office in Japan conference ro...
2025-11-25 18:14:36 | INFO     | src.processing.processor:_process_with_context:189 - [DRY RUN] Would generate image for 01_Why_Monthly_1-on-1s/01_Why_Monthly_1-on-1s_044.txt
2025-11-25 18:14:36 | INFO     | src.processing.discovery:load_prompts:63 - Loaded prompt from 01_Why_Monthly_1-on-1s_045.txt
2025-11-25 18:14:36 | INFO     | src.processing.processor:_process_single_combination:119 - Processing combination 45/74: 01_Why_Monthly_1-on-1s/01_Why_Monthly_1-on-1s_045.txt + nano-banano-pro_2k_9x16_glico
2025-11-25 18:14:36 | DEBUG    | src.processing.processor:_apply_prompt_fixes:208 - Added suffix to prompt: Provided image shows you what the Glico logo actually look like.
2025-11-25 18:14:36 | DEBUG    | src.processing.processor:_process_with_context:186 - Processing 01_Why_Monthly_1-on-1s/01_Why_Monthly_1-on-1s_045.txt: Medium shot in Glico office in Japan conference ro...
2025-11-25 18:14:36 | INFO     | src.processing.processor:_process_with_context:189 - [DRY RUN] Would generate image for 01_Why_Monthly_1-on-1s/01_Why_Monthly_1-on-1s_045.txt
2025-11-25 18:14:36 | INFO     | src.processing.discovery:load_prompts:63 - Loaded prompt from 01_Why_Monthly_1-on-1s_046.txt
2025-11-25 18:14:36 | INFO     | src.processing.processor:_process_single_combination:119 - Processing combination 46/74: 01_Why_Monthly_1-on-1s/01_Why_Monthly_1-on-1s_046.txt + nano-banano-pro_2k_9x16_glico
2025-11-25 18:14:36 | DEBUG    | src.processing.processor:_apply_prompt_fixes:208 - Added suffix to prompt: Provided image shows you what the Glico logo actually look like.
2025-11-25 18:14:36 | DEBUG    | src.processing.processor:_process_with_context:186 - Processing 01_Why_Monthly_1-on-1s/01_Why_Monthly_1-on-1s_046.txt: Medium shot in Glico office in Japan training room...
2025-11-25 18:14:36 | INFO     | src.processing.processor:_process_with_context:189 - [DRY RUN] Would generate image for 01_Why_Monthly_1-on-1s/01_Why_Monthly_1-on-1s_046.txt
2025-11-25 18:14:36 | INFO     | src.processing.discovery:load_prompts:63 - Loaded prompt from 02_How_Monthly_1-on-1s_Work_001.txt
2025-11-25 18:14:36 | INFO     | src.processing.processor:_process_single_combination:119 - Processing combination 47/74: 02_How_Monthly_1-on-1s_Work/02_How_Monthly_1-on-1s_Work_001.txt + nano-banano-pro_2k_9x16_glico
2025-11-25 18:14:36 | DEBUG    | src.processing.processor:_apply_prompt_fixes:208 - Added suffix to prompt: Provided image shows you what the Glico logo actually look like.
2025-11-25 18:14:36 | DEBUG    | src.processing.processor:_process_with_context:186 - Processing 02_How_Monthly_1-on-1s_Work/02_How_Monthly_1-on-1s_Work_001.txt: Close-up in Glico office in Japan workspace of Jap...
2025-11-25 18:14:36 | INFO     | src.processing.processor:_process_with_context:189 - [DRY RUN] Would generate image for 02_How_Monthly_1-on-1s_Work/02_How_Monthly_1-on-1s_Work_001.txt
2025-11-25 18:14:36 | INFO     | src.processing.discovery:load_prompts:63 - Loaded prompt from 02_How_Monthly_1-on-1s_Work_002.txt
2025-11-25 18:14:36 | INFO     | src.processing.processor:_process_single_combination:119 - Processing combination 48/74: 02_How_Monthly_1-on-1s_Work/02_How_Monthly_1-on-1s_Work_002.txt + nano-banano-pro_2k_9x16_glico
2025-11-25 18:14:36 | DEBUG    | src.processing.processor:_apply_prompt_fixes:208 - Added suffix to prompt: Provided image shows you what the Glico logo actually look like.
2025-11-25 18:14:36 | DEBUG    | src.processing.processor:_process_with_context:186 - Processing 02_How_Monthly_1-on-1s_Work/02_How_Monthly_1-on-1s_Work_002.txt: Medium shot in Glico office in Japan private meeti...
2025-11-25 18:14:36 | INFO     | src.processing.processor:_process_with_context:189 - [DRY RUN] Would generate image for 02_How_Monthly_1-on-1s_Work/02_How_Monthly_1-on-1s_Work_002.txt
2025-11-25 18:14:36 | INFO     | src.processing.discovery:load_prompts:63 - Loaded prompt from 02_How_Monthly_1-on-1s_Work_003.txt
2025-11-25 18:14:36 | INFO     | src.processing.processor:_process_single_combination:119 - Processing combination 49/74: 02_How_Monthly_1-on-1s_Work/02_How_Monthly_1-on-1s_Work_003.txt + nano-banano-pro_2k_9x16_glico
2025-11-25 18:14:36 | DEBUG    | src.processing.processor:_apply_prompt_fixes:208 - Added suffix to prompt: Provided image shows you what the Glico logo actually look like.
2025-11-25 18:14:36 | DEBUG    | src.processing.processor:_process_with_context:186 - Processing 02_How_Monthly_1-on-1s_Work/02_How_Monthly_1-on-1s_Work_003.txt: Medium shot in Glico office in Japan private meeti...
2025-11-25 18:14:36 | INFO     | src.processing.processor:_process_with_context:189 - [DRY RUN] Would generate image for 02_How_Monthly_1-on-1s_Work/02_How_Monthly_1-on-1s_Work_003.txt
2025-11-25 18:14:36 | INFO     | src.processing.discovery:load_prompts:63 - Loaded prompt from 02_How_Monthly_1-on-1s_Work_004.txt
2025-11-25 18:14:36 | INFO     | src.processing.processor:_process_single_combination:119 - Processing combination 50/74: 02_How_Monthly_1-on-1s_Work/02_How_Monthly_1-on-1s_Work_004.txt + nano-banano-pro_2k_9x16_glico
2025-11-25 18:14:36 | DEBUG    | src.processing.processor:_apply_prompt_fixes:208 - Added suffix to prompt: Provided image shows you what the Glico logo actually look like.
2025-11-25 18:14:36 | DEBUG    | src.processing.processor:_process_with_context:186 - Processing 02_How_Monthly_1-on-1s_Work/02_How_Monthly_1-on-1s_Work_004.txt: Split composition in Glico office in Japan spaces—...
2025-11-25 18:14:36 | INFO     | src.processing.processor:_process_with_context:189 - [DRY RUN] Would generate image for 02_How_Monthly_1-on-1s_Work/02_How_Monthly_1-on-1s_Work_004.txt
2025-11-25 18:14:36 | INFO     | src.processing.discovery:load_prompts:63 - Loaded prompt from 02_How_Monthly_1-on-1s_Work_005.txt
2025-11-25 18:14:36 | INFO     | src.processing.processor:_process_single_combination:119 - Processing combination 51/74: 02_How_Monthly_1-on-1s_Work/02_How_Monthly_1-on-1s_Work_005.txt + nano-banano-pro_2k_9x16_glico
2025-11-25 18:14:36 | DEBUG    | src.processing.processor:_apply_prompt_fixes:208 - Added suffix to prompt: Provided image shows you what the Glico logo actually look like.
2025-11-25 18:14:36 | DEBUG    | src.processing.processor:_process_with_context:186 - Processing 02_How_Monthly_1-on-1s_Work/02_How_Monthly_1-on-1s_Work_005.txt: Split composition in Glico office in Japan spaces—...
2025-11-25 18:14:36 | INFO     | src.processing.processor:_process_with_context:189 - [DRY RUN] Would generate image for 02_How_Monthly_1-on-1s_Work/02_How_Monthly_1-on-1s_Work_005.txt
2025-11-25 18:14:36 | INFO     | src.processing.discovery:load_prompts:63 - Loaded prompt from 02_How_Monthly_1-on-1s_Work_006.txt
2025-11-25 18:14:36 | INFO     | src.processing.processor:_process_single_combination:119 - Processing combination 52/74: 02_How_Monthly_1-on-1s_Work/02_How_Monthly_1-on-1s_Work_006.txt + nano-banano-pro_2k_9x16_glico
2025-11-25 18:14:36 | DEBUG    | src.processing.processor:_apply_prompt_fixes:208 - Added suffix to prompt: Provided image shows you what the Glico logo actually look like.
2025-11-25 18:14:36 | DEBUG    | src.processing.processor:_process_with_context:186 - Processing 02_How_Monthly_1-on-1s_Work/02_How_Monthly_1-on-1s_Work_006.txt: Medium shot in Glico office in Japan casual seatin...
2025-11-25 18:14:36 | INFO     | src.processing.processor:_process_with_context:189 - [DRY RUN] Would generate image for 02_How_Monthly_1-on-1s_Work/02_How_Monthly_1-on-1s_Work_006.txt
2025-11-25 18:14:36 | INFO     | src.processing.discovery:load_prompts:63 - Loaded prompt from 02_How_Monthly_1-on-1s_Work_007.txt
2025-11-25 18:14:36 | INFO     | src.processing.processor:_process_single_combination:119 - Processing combination 53/74: 02_How_Monthly_1-on-1s_Work/02_How_Monthly_1-on-1s_Work_007.txt + nano-banano-pro_2k_9x16_glico
2025-11-25 18:14:36 | DEBUG    | src.processing.processor:_apply_prompt_fixes:208 - Added suffix to prompt: Provided image shows you what the Glico logo actually look like.
2025-11-25 18:14:36 | DEBUG    | src.processing.processor:_process_with_context:186 - Processing 02_How_Monthly_1-on-1s_Work/02_How_Monthly_1-on-1s_Work_007.txt: Medium shot in Glico office in Japan casual seatin...
2025-11-25 18:14:36 | INFO     | src.processing.processor:_process_with_context:189 - [DRY RUN] Would generate image for 02_How_Monthly_1-on-1s_Work/02_How_Monthly_1-on-1s_Work_007.txt
2025-11-25 18:14:36 | INFO     | src.processing.discovery:load_prompts:63 - Loaded prompt from 02_How_Monthly_1-on-1s_Work_008.txt
2025-11-25 18:14:36 | INFO     | src.processing.processor:_process_single_combination:119 - Processing combination 54/74: 02_How_Monthly_1-on-1s_Work/02_How_Monthly_1-on-1s_Work_008.txt + nano-banano-pro_2k_9x16_glico
2025-11-25 18:14:36 | DEBUG    | src.processing.processor:_apply_prompt_fixes:208 - Added suffix to prompt: Provided image shows you what the Glico logo actually look like.
2025-11-25 18:14:36 | DEBUG    | src.processing.processor:_process_with_context:186 - Processing 02_How_Monthly_1-on-1s_Work/02_How_Monthly_1-on-1s_Work_008.txt: Wide shot in Glico office in Japan informal meetin...
2025-11-25 18:14:36 | INFO     | src.processing.processor:_process_with_context:189 - [DRY RUN] Would generate image for 02_How_Monthly_1-on-1s_Work/02_How_Monthly_1-on-1s_Work_008.txt
2025-11-25 18:14:36 | INFO     | src.processing.discovery:load_prompts:63 - Loaded prompt from 02_How_Monthly_1-on-1s_Work_009.txt
2025-11-25 18:14:36 | INFO     | src.processing.processor:_process_single_combination:119 - Processing combination 55/74: 02_How_Monthly_1-on-1s_Work/02_How_Monthly_1-on-1s_Work_009.txt + nano-banano-pro_2k_9x16_glico
2025-11-25 18:14:36 | DEBUG    | src.processing.processor:_apply_prompt_fixes:208 - Added suffix to prompt: Provided image shows you what the Glico logo actually look like.
2025-11-25 18:14:36 | DEBUG    | src.processing.processor:_process_with_context:186 - Processing 02_How_Monthly_1-on-1s_Work/02_How_Monthly_1-on-1s_Work_009.txt: Wide shot in Glico office in Japan informal meetin...
2025-11-25 18:14:36 | INFO     | src.processing.processor:_process_with_context:189 - [DRY RUN] Would generate image for 02_How_Monthly_1-on-1s_Work/02_How_Monthly_1-on-1s_Work_009.txt
2025-11-25 18:14:36 | INFO     | src.processing.discovery:load_prompts:63 - Loaded prompt from 02_How_Monthly_1-on-1s_Work_010.txt
2025-11-25 18:14:36 | INFO     | src.processing.processor:_process_single_combination:119 - Processing combination 56/74: 02_How_Monthly_1-on-1s_Work/02_How_Monthly_1-on-1s_Work_010.txt + nano-banano-pro_2k_9x16_glico
2025-11-25 18:14:36 | DEBUG    | src.processing.processor:_apply_prompt_fixes:208 - Added suffix to prompt: Provided image shows you what the Glico logo actually look like.
2025-11-25 18:14:36 | DEBUG    | src.processing.processor:_process_with_context:186 - Processing 02_How_Monthly_1-on-1s_Work/02_How_Monthly_1-on-1s_Work_010.txt: Medium shot in Glico office in Japan meeting room ...
2025-11-25 18:14:36 | INFO     | src.processing.processor:_process_with_context:189 - [DRY RUN] Would generate image for 02_How_Monthly_1-on-1s_Work/02_How_Monthly_1-on-1s_Work_010.txt
2025-11-25 18:14:36 | INFO     | src.processing.discovery:load_prompts:63 - Loaded prompt from 02_How_Monthly_1-on-1s_Work_011.txt
2025-11-25 18:14:36 | INFO     | src.processing.processor:_process_single_combination:119 - Processing combination 57/74: 02_How_Monthly_1-on-1s_Work/02_How_Monthly_1-on-1s_Work_011.txt + nano-banano-pro_2k_9x16_glico
2025-11-25 18:14:36 | DEBUG    | src.processing.processor:_apply_prompt_fixes:208 - Added suffix to prompt: Provided image shows you what the Glico logo actually look like.
2025-11-25 18:14:36 | DEBUG    | src.processing.processor:_process_with_context:186 - Processing 02_How_Monthly_1-on-1s_Work/02_How_Monthly_1-on-1s_Work_011.txt: Medium shot in Glico office in Japan meeting room ...
2025-11-25 18:14:36 | INFO     | src.processing.processor:_process_with_context:189 - [DRY RUN] Would generate image for 02_How_Monthly_1-on-1s_Work/02_How_Monthly_1-on-1s_Work_011.txt
2025-11-25 18:14:36 | INFO     | src.processing.discovery:load_prompts:63 - Loaded prompt from 02_How_Monthly_1-on-1s_Work_012.txt
2025-11-25 18:14:36 | INFO     | src.processing.processor:_process_single_combination:119 - Processing combination 58/74: 02_How_Monthly_1-on-1s_Work/02_How_Monthly_1-on-1s_Work_012.txt + nano-banano-pro_2k_9x16_glico
2025-11-25 18:14:36 | DEBUG    | src.processing.processor:_apply_prompt_fixes:208 - Added suffix to prompt: Provided image shows you what the Glico logo actually look like.
2025-11-25 18:14:36 | DEBUG    | src.processing.processor:_process_with_context:186 - Processing 02_How_Monthly_1-on-1s_Work/02_How_Monthly_1-on-1s_Work_012.txt: Close-up in Glico office in Japan workspace of Jap...
2025-11-25 18:14:36 | INFO     | src.processing.processor:_process_with_context:189 - [DRY RUN] Would generate image for 02_How_Monthly_1-on-1s_Work/02_How_Monthly_1-on-1s_Work_012.txt
2025-11-25 18:14:36 | INFO     | src.processing.discovery:load_prompts:63 - Loaded prompt from 02_How_Monthly_1-on-1s_Work_013.txt
2025-11-25 18:14:36 | INFO     | src.processing.processor:_process_single_combination:119 - Processing combination 59/74: 02_How_Monthly_1-on-1s_Work/02_How_Monthly_1-on-1s_Work_013.txt + nano-banano-pro_2k_9x16_glico
2025-11-25 18:14:36 | DEBUG    | src.processing.processor:_apply_prompt_fixes:208 - Added suffix to prompt: Provided image shows you what the Glico logo actually look like.
2025-11-25 18:14:36 | DEBUG    | src.processing.processor:_process_with_context:186 - Processing 02_How_Monthly_1-on-1s_Work/02_How_Monthly_1-on-1s_Work_013.txt: Close-up in Glico office in Japan workspace of Han...
2025-11-25 18:14:36 | INFO     | src.processing.processor:_process_with_context:189 - [DRY RUN] Would generate image for 02_How_Monthly_1-on-1s_Work/02_How_Monthly_1-on-1s_Work_013.txt
2025-11-25 18:14:36 | INFO     | src.processing.discovery:load_prompts:63 - Loaded prompt from 02_How_Monthly_1-on-1s_Work_014.txt
2025-11-25 18:14:36 | INFO     | src.processing.processor:_process_single_combination:119 - Processing combination 60/74: 02_How_Monthly_1-on-1s_Work/02_How_Monthly_1-on-1s_Work_014.txt + nano-banano-pro_2k_9x16_glico
2025-11-25 18:14:36 | DEBUG    | src.processing.processor:_apply_prompt_fixes:208 - Added suffix to prompt: Provided image shows you what the Glico logo actually look like.
2025-11-25 18:14:36 | DEBUG    | src.processing.processor:_process_with_context:186 - Processing 02_How_Monthly_1-on-1s_Work/02_How_Monthly_1-on-1s_Work_014.txt: Medium shot in Glico office in Japan meeting space...
2025-11-25 18:14:36 | INFO     | src.processing.processor:_process_with_context:189 - [DRY RUN] Would generate image for 02_How_Monthly_1-on-1s_Work/02_How_Monthly_1-on-1s_Work_014.txt
2025-11-25 18:14:36 | INFO     | src.processing.discovery:load_prompts:63 - Loaded prompt from 02_How_Monthly_1-on-1s_Work_015.txt
2025-11-25 18:14:36 | INFO     | src.processing.processor:_process_single_combination:119 - Processing combination 61/74: 02_How_Monthly_1-on-1s_Work/02_How_Monthly_1-on-1s_Work_015.txt + nano-banano-pro_2k_9x16_glico
2025-11-25 18:14:36 | DEBUG    | src.processing.processor:_apply_prompt_fixes:208 - Added suffix to prompt: Provided image shows you what the Glico logo actually look like.
2025-11-25 18:14:36 | DEBUG    | src.processing.processor:_process_with_context:186 - Processing 02_How_Monthly_1-on-1s_Work/02_How_Monthly_1-on-1s_Work_015.txt: Medium shot in Glico office in Japan meeting space...
2025-11-25 18:14:36 | INFO     | src.processing.processor:_process_with_context:189 - [DRY RUN] Would generate image for 02_How_Monthly_1-on-1s_Work/02_How_Monthly_1-on-1s_Work_015.txt
2025-11-25 18:14:36 | INFO     | src.processing.discovery:load_prompts:63 - Loaded prompt from 02_How_Monthly_1-on-1s_Work_016.txt
2025-11-25 18:14:36 | INFO     | src.processing.processor:_process_single_combination:119 - Processing combination 62/74: 02_How_Monthly_1-on-1s_Work/02_How_Monthly_1-on-1s_Work_016.txt + nano-banano-pro_2k_9x16_glico
2025-11-25 18:14:36 | DEBUG    | src.processing.processor:_apply_prompt_fixes:208 - Added suffix to prompt: Provided image shows you what the Glico logo actually look like.
2025-11-25 18:14:36 | DEBUG    | src.processing.processor:_process_with_context:186 - Processing 02_How_Monthly_1-on-1s_Work/02_How_Monthly_1-on-1s_Work_016.txt: Medium shot in Glico office in Japan workspace of ...
2025-11-25 18:14:36 | INFO     | src.processing.processor:_process_with_context:189 - [DRY RUN] Would generate image for 02_How_Monthly_1-on-1s_Work/02_How_Monthly_1-on-1s_Work_016.txt
2025-11-25 18:14:36 | INFO     | src.processing.discovery:load_prompts:63 - Loaded prompt from 02_How_Monthly_1-on-1s_Work_017.txt
2025-11-25 18:14:36 | INFO     | src.processing.processor:_process_single_combination:119 - Processing combination 63/74: 02_How_Monthly_1-on-1s_Work/02_How_Monthly_1-on-1s_Work_017.txt + nano-banano-pro_2k_9x16_glico
2025-11-25 18:14:36 | DEBUG    | src.processing.processor:_apply_prompt_fixes:208 - Added suffix to prompt: Provided image shows you what the Glico logo actually look like.
2025-11-25 18:14:36 | DEBUG    | src.processing.processor:_process_with_context:186 - Processing 02_How_Monthly_1-on-1s_Work/02_How_Monthly_1-on-1s_Work_017.txt: Medium shot in Glico office in Japan workspace of ...
2025-11-25 18:14:36 | INFO     | src.processing.processor:_process_with_context:189 - [DRY RUN] Would generate image for 02_How_Monthly_1-on-1s_Work/02_How_Monthly_1-on-1s_Work_017.txt
2025-11-25 18:14:36 | INFO     | src.processing.discovery:load_prompts:63 - Loaded prompt from 02_How_Monthly_1-on-1s_Work_018.txt
2025-11-25 18:14:36 | INFO     | src.processing.processor:_process_single_combination:119 - Processing combination 64/74: 02_How_Monthly_1-on-1s_Work/02_How_Monthly_1-on-1s_Work_018.txt + nano-banano-pro_2k_9x16_glico
2025-11-25 18:14:36 | DEBUG    | src.processing.processor:_apply_prompt_fixes:208 - Added suffix to prompt: Provided image shows you what the Glico logo actually look like.
2025-11-25 18:14:36 | DEBUG    | src.processing.processor:_process_with_context:186 - Processing 02_How_Monthly_1-on-1s_Work/02_How_Monthly_1-on-1s_Work_018.txt: Close-up in Glico office in Japan meeting room of ...
2025-11-25 18:14:36 | INFO     | src.processing.processor:_process_with_context:189 - [DRY RUN] Would generate image for 02_How_Monthly_1-on-1s_Work/02_How_Monthly_1-on-1s_Work_018.txt
2025-11-25 18:14:36 | INFO     | src.processing.discovery:load_prompts:63 - Loaded prompt from 02_How_Monthly_1-on-1s_Work_019.txt
2025-11-25 18:14:36 | INFO     | src.processing.processor:_process_single_combination:119 - Processing combination 65/74: 02_How_Monthly_1-on-1s_Work/02_How_Monthly_1-on-1s_Work_019.txt + nano-banano-pro_2k_9x16_glico
2025-11-25 18:14:36 | DEBUG    | src.processing.processor:_apply_prompt_fixes:208 - Added suffix to prompt: Provided image shows you what the Glico logo actually look like.
2025-11-25 18:14:36 | DEBUG    | src.processing.processor:_process_with_context:186 - Processing 02_How_Monthly_1-on-1s_Work/02_How_Monthly_1-on-1s_Work_019.txt: Medium shot in Glico office in Japan private meeti...
2025-11-25 18:14:36 | INFO     | src.processing.processor:_process_with_context:189 - [DRY RUN] Would generate image for 02_How_Monthly_1-on-1s_Work/02_How_Monthly_1-on-1s_Work_019.txt
2025-11-25 18:14:36 | INFO     | src.processing.discovery:load_prompts:63 - Loaded prompt from 02_How_Monthly_1-on-1s_Work_020.txt
2025-11-25 18:14:36 | INFO     | src.processing.processor:_process_single_combination:119 - Processing combination 66/74: 02_How_Monthly_1-on-1s_Work/02_How_Monthly_1-on-1s_Work_020.txt + nano-banano-pro_2k_9x16_glico
2025-11-25 18:14:36 | DEBUG    | src.processing.processor:_apply_prompt_fixes:208 - Added suffix to prompt: Provided image shows you what the Glico logo actually look like.
2025-11-25 18:14:36 | DEBUG    | src.processing.processor:_process_with_context:186 - Processing 02_How_Monthly_1-on-1s_Work/02_How_Monthly_1-on-1s_Work_020.txt: Medium shot in Glico office in Japan private meeti...
2025-11-25 18:14:36 | INFO     | src.processing.processor:_process_with_context:189 - [DRY RUN] Would generate image for 02_How_Monthly_1-on-1s_Work/02_How_Monthly_1-on-1s_Work_020.txt
2025-11-25 18:14:36 | INFO     | src.processing.discovery:load_prompts:63 - Loaded prompt from 02_How_Monthly_1-on-1s_Work_021.txt
2025-11-25 18:14:36 | INFO     | src.processing.processor:_process_single_combination:119 - Processing combination 67/74: 02_How_Monthly_1-on-1s_Work/02_How_Monthly_1-on-1s_Work_021.txt + nano-banano-pro_2k_9x16_glico
2025-11-25 18:14:36 | DEBUG    | src.processing.processor:_apply_prompt_fixes:208 - Added suffix to prompt: Provided image shows you what the Glico logo actually look like.
2025-11-25 18:14:36 | DEBUG    | src.processing.processor:_process_with_context:186 - Processing 02_How_Monthly_1-on-1s_Work/02_How_Monthly_1-on-1s_Work_021.txt: Medium shot in Glico office in Japan meeting room ...
2025-11-25 18:14:36 | INFO     | src.processing.processor:_process_with_context:189 - [DRY RUN] Would generate image for 02_How_Monthly_1-on-1s_Work/02_How_Monthly_1-on-1s_Work_021.txt
2025-11-25 18:14:36 | INFO     | src.processing.discovery:load_prompts:63 - Loaded prompt from 02_How_Monthly_1-on-1s_Work_022.txt
2025-11-25 18:14:36 | INFO     | src.processing.processor:_process_single_combination:119 - Processing combination 68/74: 02_How_Monthly_1-on-1s_Work/02_How_Monthly_1-on-1s_Work_022.txt + nano-banano-pro_2k_9x16_glico
2025-11-25 18:14:36 | DEBUG    | src.processing.processor:_apply_prompt_fixes:208 - Added suffix to prompt: Provided image shows you what the Glico logo actually look like.
2025-11-25 18:14:36 | DEBUG    | src.processing.processor:_process_with_context:186 - Processing 02_How_Monthly_1-on-1s_Work/02_How_Monthly_1-on-1s_Work_022.txt: Medium shot in Glico office in Japan meeting room ...
2025-11-25 18:14:36 | INFO     | src.processing.processor:_process_with_context:189 - [DRY RUN] Would generate image for 02_How_Monthly_1-on-1s_Work/02_How_Monthly_1-on-1s_Work_022.txt
2025-11-25 18:14:36 | INFO     | src.processing.discovery:load_prompts:63 - Loaded prompt from 02_How_Monthly_1-on-1s_Work_023.txt
2025-11-25 18:14:36 | INFO     | src.processing.processor:_process_single_combination:119 - Processing combination 69/74: 02_How_Monthly_1-on-1s_Work/02_How_Monthly_1-on-1s_Work_023.txt + nano-banano-pro_2k_9x16_glico
2025-11-25 18:14:36 | DEBUG    | src.processing.processor:_apply_prompt_fixes:208 - Added suffix to prompt: Provided image shows you what the Glico logo actually look like.
2025-11-25 18:14:36 | DEBUG    | src.processing.processor:_process_with_context:186 - Processing 02_How_Monthly_1-on-1s_Work/02_How_Monthly_1-on-1s_Work_023.txt: Wide shot in Glico office in Japan workspace of Ja...
2025-11-25 18:14:36 | INFO     | src.processing.processor:_process_with_context:189 - [DRY RUN] Would generate image for 02_How_Monthly_1-on-1s_Work/02_How_Monthly_1-on-1s_Work_023.txt
2025-11-25 18:14:36 | INFO     | src.processing.discovery:load_prompts:63 - Loaded prompt from 02_How_Monthly_1-on-1s_Work_024.txt
2025-11-25 18:14:36 | INFO     | src.processing.processor:_process_single_combination:119 - Processing combination 70/74: 02_How_Monthly_1-on-1s_Work/02_How_Monthly_1-on-1s_Work_024.txt + nano-banano-pro_2k_9x16_glico
2025-11-25 18:14:36 | DEBUG    | src.processing.processor:_apply_prompt_fixes:208 - Added suffix to prompt: Provided image shows you what the Glico logo actually look like.
2025-11-25 18:14:36 | DEBUG    | src.processing.processor:_process_with_context:186 - Processing 02_How_Monthly_1-on-1s_Work/02_How_Monthly_1-on-1s_Work_024.txt: Wide shot in Glico office in Japan workspace of Th...
2025-11-25 18:14:36 | INFO     | src.processing.processor:_process_with_context:189 - [DRY RUN] Would generate image for 02_How_Monthly_1-on-1s_Work/02_How_Monthly_1-on-1s_Work_024.txt
2025-11-25 18:14:36 | INFO     | src.processing.discovery:load_prompts:63 - Loaded prompt from 02_How_Monthly_1-on-1s_Work_025.txt
2025-11-25 18:14:36 | INFO     | src.processing.processor:_process_single_combination:119 - Processing combination 71/74: 02_How_Monthly_1-on-1s_Work/02_How_Monthly_1-on-1s_Work_025.txt + nano-banano-pro_2k_9x16_glico
2025-11-25 18:14:36 | DEBUG    | src.processing.processor:_apply_prompt_fixes:208 - Added suffix to prompt: Provided image shows you what the Glico logo actually look like.
2025-11-25 18:14:36 | DEBUG    | src.processing.processor:_process_with_context:186 - Processing 02_How_Monthly_1-on-1s_Work/02_How_Monthly_1-on-1s_Work_025.txt: Medium shot in Glico office in Japan meeting space...
2025-11-25 18:14:36 | INFO     | src.processing.processor:_process_with_context:189 - [DRY RUN] Would generate image for 02_How_Monthly_1-on-1s_Work/02_How_Monthly_1-on-1s_Work_025.txt
2025-11-25 18:14:36 | INFO     | src.processing.discovery:load_prompts:63 - Loaded prompt from 02_How_Monthly_1-on-1s_Work_026.txt
2025-11-25 18:14:36 | INFO     | src.processing.processor:_process_single_combination:119 - Processing combination 72/74: 02_How_Monthly_1-on-1s_Work/02_How_Monthly_1-on-1s_Work_026.txt + nano-banano-pro_2k_9x16_glico
2025-11-25 18:14:36 | DEBUG    | src.processing.processor:_apply_prompt_fixes:208 - Added suffix to prompt: Provided image shows you what the Glico logo actually look like.
2025-11-25 18:14:36 | DEBUG    | src.processing.processor:_process_with_context:186 - Processing 02_How_Monthly_1-on-1s_Work/02_How_Monthly_1-on-1s_Work_026.txt: Medium shot in Glico office in Japan meeting space...
2025-11-25 18:14:36 | INFO     | src.processing.processor:_process_with_context:189 - [DRY RUN] Would generate image for 02_How_Monthly_1-on-1s_Work/02_How_Monthly_1-on-1s_Work_026.txt
2025-11-25 18:14:36 | INFO     | src.processing.discovery:load_prompts:63 - Loaded prompt from 02_How_Monthly_1-on-1s_Work_027.txt
2025-11-25 18:14:36 | INFO     | src.processing.processor:_process_single_combination:119 - Processing combination 73/74: 02_How_Monthly_1-on-1s_Work/02_How_Monthly_1-on-1s_Work_027.txt + nano-banano-pro_2k_9x16_glico
2025-11-25 18:14:36 | DEBUG    | src.processing.processor:_apply_prompt_fixes:208 - Added suffix to prompt: Provided image shows you what the Glico logo actually look like.
2025-11-25 18:14:36 | DEBUG    | src.processing.processor:_process_with_context:186 - Processing 02_How_Monthly_1-on-1s_Work/02_How_Monthly_1-on-1s_Work_027.txt: Close-up in Glico office in Japan workspace of Jap...
2025-11-25 18:14:36 | INFO     | src.processing.processor:_process_with_context:189 - [DRY RUN] Would generate image for 02_How_Monthly_1-on-1s_Work/02_How_Monthly_1-on-1s_Work_027.txt
2025-11-25 18:14:36 | INFO     | src.processing.discovery:load_prompts:63 - Loaded prompt from 02_How_Monthly_1-on-1s_Work_028.txt
2025-11-25 18:14:36 | INFO     | src.processing.processor:_process_single_combination:119 - Processing combination 74/74: 02_How_Monthly_1-on-1s_Work/02_How_Monthly_1-on-1s_Work_028.txt + nano-banano-pro_2k_9x16_glico
2025-11-25 18:14:36 | DEBUG    | src.processing.processor:_apply_prompt_fixes:208 - Added suffix to prompt: Provided image shows you what the Glico logo actually look like.
2025-11-25 18:14:36 | DEBUG    | src.processing.processor:_process_with_context:186 - Processing 02_How_Monthly_1-on-1s_Work/02_How_Monthly_1-on-1s_Work_028.txt: Medium shot in Glico office in Japan training room...
2025-11-25 18:14:36 | INFO     | src.processing.processor:_process_with_context:189 - [DRY RUN] Would generate image for 02_How_Monthly_1-on-1s_Work/02_How_Monthly_1-on-1s_Work_028.txt
2025-11-25 18:14:36 | INFO     | src.processing.discovery:load_prompts:63 - Loaded prompt from 01_Why_Monthly_1-on-1s_001.txt
2025-11-25 18:14:36 | INFO     | src.processing.discovery:load_prompts:63 - Loaded prompt from 01_Why_Monthly_1-on-1s_002.txt
2025-11-25 18:14:36 | INFO     | src.processing.discovery:load_prompts:63 - Loaded prompt from 01_Why_Monthly_1-on-1s_003.txt
2025-11-25 18:14:36 | INFO     | src.processing.discovery:load_prompts:63 - Loaded prompt from 01_Why_Monthly_1-on-1s_004.txt
2025-11-25 18:14:36 | INFO     | src.processing.discovery:load_prompts:63 - Loaded prompt from 01_Why_Monthly_1-on-1s_005.txt
2025-11-25 18:14:36 | INFO     | src.processing.discovery:load_prompts:63 - Loaded prompt from 01_Why_Monthly_1-on-1s_006.txt
2025-11-25 18:14:36 | INFO     | src.processing.discovery:load_prompts:63 - Loaded prompt from 01_Why_Monthly_1-on-1s_007.txt
2025-11-25 18:14:36 | INFO     | src.processing.discovery:load_prompts:63 - Loaded prompt from 01_Why_Monthly_1-on-1s_008.txt
2025-11-25 18:14:36 | INFO     | src.processing.discovery:load_prompts:63 - Loaded prompt from 01_Why_Monthly_1-on-1s_009.txt
2025-11-25 18:14:36 | INFO     | src.processing.discovery:load_prompts:63 - Loaded prompt from 01_Why_Monthly_1-on-1s_010.txt
2025-11-25 18:14:36 | INFO     | src.processing.discovery:load_prompts:63 - Loaded prompt from 01_Why_Monthly_1-on-1s_011.txt
2025-11-25 18:14:36 | INFO     | src.processing.discovery:load_prompts:63 - Loaded prompt from 01_Why_Monthly_1-on-1s_012.txt
2025-11-25 18:14:36 | INFO     | src.processing.discovery:load_prompts:63 - Loaded prompt from 01_Why_Monthly_1-on-1s_013.txt
2025-11-25 18:14:36 | INFO     | src.processing.discovery:load_prompts:63 - Loaded prompt from 01_Why_Monthly_1-on-1s_014.txt
2025-11-25 18:14:36 | INFO     | src.processing.discovery:load_prompts:63 - Loaded prompt from 01_Why_Monthly_1-on-1s_015.txt
2025-11-25 18:14:36 | INFO     | src.processing.discovery:load_prompts:63 - Loaded prompt from 01_Why_Monthly_1-on-1s_016.txt
2025-11-25 18:14:36 | INFO     | src.processing.discovery:load_prompts:63 - Loaded prompt from 01_Why_Monthly_1-on-1s_017.txt
2025-11-25 18:14:36 | INFO     | src.processing.discovery:load_prompts:63 - Loaded prompt from 01_Why_Monthly_1-on-1s_018.txt
2025-11-25 18:14:36 | INFO     | src.processing.discovery:load_prompts:63 - Loaded prompt from 01_Why_Monthly_1-on-1s_019.txt
2025-11-25 18:14:36 | INFO     | src.processing.discovery:load_prompts:63 - Loaded prompt from 01_Why_Monthly_1-on-1s_020.txt
2025-11-25 18:14:36 | INFO     | src.processing.discovery:load_prompts:63 - Loaded prompt from 01_Why_Monthly_1-on-1s_021.txt
2025-11-25 18:14:36 | INFO     | src.processing.discovery:load_prompts:63 - Loaded prompt from 01_Why_Monthly_1-on-1s_022.txt
2025-11-25 18:14:36 | INFO     | src.processing.discovery:load_prompts:63 - Loaded prompt from 01_Why_Monthly_1-on-1s_023.txt
2025-11-25 18:14:36 | INFO     | src.processing.discovery:load_prompts:63 - Loaded prompt from 01_Why_Monthly_1-on-1s_024.txt
2025-11-25 18:14:36 | INFO     | src.processing.discovery:load_prompts:63 - Loaded prompt from 01_Why_Monthly_1-on-1s_025.txt
2025-11-25 18:14:36 | INFO     | src.processing.discovery:load_prompts:63 - Loaded prompt from 01_Why_Monthly_1-on-1s_026.txt
2025-11-25 18:14:36 | INFO     | src.processing.discovery:load_prompts:63 - Loaded prompt from 01_Why_Monthly_1-on-1s_027.txt
2025-11-25 18:14:36 | INFO     | src.processing.discovery:load_prompts:63 - Loaded prompt from 01_Why_Monthly_1-on-1s_028.txt
2025-11-25 18:14:36 | INFO     | src.processing.discovery:load_prompts:63 - Loaded prompt from 01_Why_Monthly_1-on-1s_029.txt
2025-11-25 18:14:36 | INFO     | src.processing.discovery:load_prompts:63 - Loaded prompt from 01_Why_Monthly_1-on-1s_030.txt
2025-11-25 18:14:36 | INFO     | src.processing.discovery:load_prompts:63 - Loaded prompt from 01_Why_Monthly_1-on-1s_031.txt
2025-11-25 18:14:36 | INFO     | src.processing.discovery:load_prompts:63 - Loaded prompt from 01_Why_Monthly_1-on-1s_032.txt
2025-11-25 18:14:36 | INFO     | src.processing.discovery:load_prompts:63 - Loaded prompt from 01_Why_Monthly_1-on-1s_033.txt
2025-11-25 18:14:36 | INFO     | src.processing.discovery:load_prompts:63 - Loaded prompt from 01_Why_Monthly_1-on-1s_034.txt
2025-11-25 18:14:36 | INFO     | src.processing.discovery:load_prompts:63 - Loaded prompt from 01_Why_Monthly_1-on-1s_035.txt
2025-11-25 18:14:36 | INFO     | src.processing.discovery:load_prompts:63 - Loaded prompt from 01_Why_Monthly_1-on-1s_036.txt
2025-11-25 18:14:36 | INFO     | src.processing.discovery:load_prompts:63 - Loaded prompt from 01_Why_Monthly_1-on-1s_037.txt
2025-11-25 18:14:36 | INFO     | src.processing.discovery:load_prompts:63 - Loaded prompt from 01_Why_Monthly_1-on-1s_038.txt
2025-11-25 18:14:36 | INFO     | src.processing.discovery:load_prompts:63 - Loaded prompt from 01_Why_Monthly_1-on-1s_039.txt
2025-11-25 18:14:36 | INFO     | src.processing.discovery:load_prompts:63 - Loaded prompt from 01_Why_Monthly_1-on-1s_040.txt
2025-11-25 18:14:36 | INFO     | src.processing.discovery:load_prompts:63 - Loaded prompt from 01_Why_Monthly_1-on-1s_041.txt
2025-11-25 18:14:36 | INFO     | src.processing.discovery:load_prompts:63 - Loaded prompt from 01_Why_Monthly_1-on-1s_042.txt
2025-11-25 18:14:36 | INFO     | src.processing.discovery:load_prompts:63 - Loaded prompt from 01_Why_Monthly_1-on-1s_043.txt
2025-11-25 18:14:36 | INFO     | src.processing.discovery:load_prompts:63 - Loaded prompt from 01_Why_Monthly_1-on-1s_044.txt
2025-11-25 18:14:36 | INFO     | src.processing.discovery:load_prompts:63 - Loaded prompt from 01_Why_Monthly_1-on-1s_045.txt
2025-11-25 18:14:36 | INFO     | src.processing.discovery:load_prompts:63 - Loaded prompt from 01_Why_Monthly_1-on-1s_046.txt
2025-11-25 18:14:36 | INFO     | src.processing.discovery:load_prompts:63 - Loaded prompt from 02_How_Monthly_1-on-1s_Work_001.txt
2025-11-25 18:14:36 | INFO     | src.processing.discovery:load_prompts:63 - Loaded prompt from 02_How_Monthly_1-on-1s_Work_002.txt
2025-11-25 18:14:36 | INFO     | src.processing.discovery:load_prompts:63 - Loaded prompt from 02_How_Monthly_1-on-1s_Work_003.txt
2025-11-25 18:14:36 | INFO     | src.processing.discovery:load_prompts:63 - Loaded prompt from 02_How_Monthly_1-on-1s_Work_004.txt
2025-11-25 18:14:36 | INFO     | src.processing.discovery:load_prompts:63 - Loaded prompt from 02_How_Monthly_1-on-1s_Work_005.txt
2025-11-25 18:14:36 | INFO     | src.processing.discovery:load_prompts:63 - Loaded prompt from 02_How_Monthly_1-on-1s_Work_006.txt
2025-11-25 18:14:36 | INFO     | src.processing.discovery:load_prompts:63 - Loaded prompt from 02_How_Monthly_1-on-1s_Work_007.txt
2025-11-25 18:14:36 | INFO     | src.processing.discovery:load_prompts:63 - Loaded prompt from 02_How_Monthly_1-on-1s_Work_008.txt
2025-11-25 18:14:36 | INFO     | src.processing.discovery:load_prompts:63 - Loaded prompt from 02_How_Monthly_1-on-1s_Work_009.txt
2025-11-25 18:14:36 | INFO     | src.processing.discovery:load_prompts:63 - Loaded prompt from 02_How_Monthly_1-on-1s_Work_010.txt
2025-11-25 18:14:36 | INFO     | src.processing.discovery:load_prompts:63 - Loaded prompt from 02_How_Monthly_1-on-1s_Work_011.txt
2025-11-25 18:14:36 | INFO     | src.processing.discovery:load_prompts:63 - Loaded prompt from 02_How_Monthly_1-on-1s_Work_012.txt
2025-11-25 18:14:36 | INFO     | src.processing.discovery:load_prompts:63 - Loaded prompt from 02_How_Monthly_1-on-1s_Work_013.txt
2025-11-25 18:14:36 | INFO     | src.processing.discovery:load_prompts:63 - Loaded prompt from 02_How_Monthly_1-on-1s_Work_014.txt
2025-11-25 18:14:36 | INFO     | src.processing.discovery:load_prompts:63 - Loaded prompt from 02_How_Monthly_1-on-1s_Work_015.txt
2025-11-25 18:14:36 | INFO     | src.processing.discovery:load_prompts:63 - Loaded prompt from 02_How_Monthly_1-on-1s_Work_016.txt
2025-11-25 18:14:36 | INFO     | src.processing.discovery:load_prompts:63 - Loaded prompt from 02_How_Monthly_1-on-1s_Work_017.txt
2025-11-25 18:14:36 | INFO     | src.processing.discovery:load_prompts:63 - Loaded prompt from 02_How_Monthly_1-on-1s_Work_018.txt
2025-11-25 18:14:36 | INFO     | src.processing.discovery:load_prompts:63 - Loaded prompt from 02_How_Monthly_1-on-1s_Work_019.txt
2025-11-25 18:14:36 | INFO     | src.processing.discovery:load_prompts:63 - Loaded prompt from 02_How_Monthly_1-on-1s_Work_020.txt
2025-11-25 18:14:36 | INFO     | src.processing.discovery:load_prompts:63 - Loaded prompt from 02_How_Monthly_1-on-1s_Work_021.txt
2025-11-25 18:14:36 | INFO     | src.processing.discovery:load_prompts:63 - Loaded prompt from 02_How_Monthly_1-on-1s_Work_022.txt
2025-11-25 18:14:36 | INFO     | src.processing.discovery:load_prompts:63 - Loaded prompt from 02_How_Monthly_1-on-1s_Work_023.txt
2025-11-25 18:14:36 | INFO     | src.processing.discovery:load_prompts:63 - Loaded prompt from 02_How_Monthly_1-on-1s_Work_024.txt
2025-11-25 18:14:36 | INFO     | src.processing.discovery:load_prompts:63 - Loaded prompt from 02_How_Monthly_1-on-1s_Work_025.txt
2025-11-25 18:14:36 | INFO     | src.processing.discovery:load_prompts:63 - Loaded prompt from 02_How_Monthly_1-on-1s_Work_026.txt
2025-11-25 18:14:36 | INFO     | src.processing.discovery:load_prompts:63 - Loaded prompt from 02_How_Monthly_1-on-1s_Work_027.txt
2025-11-25 18:14:36 | INFO     | src.processing.discovery:load_prompts:63 - Loaded prompt from 02_How_Monthly_1-on-1s_Work_028.txt
2025-11-25 18:14:36 | INFO     | src.output.writer:write_report:293 - Report saved: USER-FILES/05.OUTPUT/251125_181436_IMAGE/SUCCESS.md
2025-11-25 18:14:36 | INFO     | src.output.writer:write_report:293 - Report saved: USER-FILES/05.OUTPUT/251125_181436_IMAGE/PROFILES-WITH-FIXES.md
2025-11-25 18:14:36 | INFO     | src.output.reporter:_save_success_reports:62 - Reports saved successfully
2025-11-25 18:14:36 | SUCCESS  | __main__:generate_final_reports:264 - ✅ Completed successfully! Generated 0 images
