2025-11-05 23:49:15 | INFO     | src.utils.logging:setup_logging:39 - Logging configured (verbose=False, debug=False)
2025-11-05 23:49:15 | INFO     | __main__:setup_environment:79 - Environment initialized
2025-11-05 23:49:15 | INFO     | __main__:load_and_validate_config:84 - Loading configuration...
2025-11-05 23:49:15 | INFO     | src.config.loader:load_config:42 - Loaded configuration from USER-FILES/01.CONFIG/config.yaml
2025-11-05 23:49:15 | INFO     | __main__:authenticate_for_mode:273 - Authenticating with 1Password...
2025-11-05 23:49:19 | DEBUG    | src.auth.session_manager:ensure_op_auth:39 - 1Password session is active
2025-11-05 23:49:20 | DEBUG    | src.auth.session_manager:ensure_op_auth:39 - 1Password session is active
2025-11-05 23:49:20 | DEBUG    | src.auth.auth:load_auth_config:28 - Using auth config: auth_ruben.yaml
2025-11-05 23:49:22 | DEBUG    | src.auth.auth:get_api_key:77 - Retrieved API key: r8_K...
2025-11-05 23:49:22 | INFO     | __main__:discover_inputs_and_profiles:92 - Discovering inputs...
2025-11-05 23:49:22 | DEBUG    | src.processing.discovery:discover_prompt_files:40 - Found prompt file: SweGuilds_009.txt
2025-11-05 23:49:22 | DEBUG    | src.processing.discovery:discover_prompt_files:40 - Found prompt file: SweGuilds_008.txt
2025-11-05 23:49:22 | DEBUG    | src.processing.discovery:discover_prompt_files:40 - Found prompt file: SweGuilds_020.txt
2025-11-05 23:49:22 | DEBUG    | src.processing.discovery:discover_prompt_files:40 - Found prompt file: SweGuilds_018.txt
2025-11-05 23:49:22 | DEBUG    | src.processing.discovery:discover_prompt_files:40 - Found prompt file: SweGuilds_019.txt
2025-11-05 23:49:22 | DEBUG    | src.processing.discovery:discover_prompt_files:40 - Found prompt file: SweGuilds_014.txt
2025-11-05 23:49:22 | DEBUG    | src.processing.discovery:discover_prompt_files:40 - Found prompt file: SweGuilds_015.txt
2025-11-05 23:49:22 | DEBUG    | src.processing.discovery:discover_prompt_files:40 - Found prompt file: SweGuilds_001.txt
2025-11-05 23:49:22 | DEBUG    | src.processing.discovery:discover_prompt_files:40 - Found prompt file: SweGuilds_017.txt
2025-11-05 23:49:22 | DEBUG    | src.processing.discovery:discover_prompt_files:40 - Found prompt file: SweGuilds_003.txt
2025-11-05 23:49:22 | DEBUG    | src.processing.discovery:discover_prompt_files:40 - Found prompt file: SweGuilds_002.txt
2025-11-05 23:49:22 | DEBUG    | src.processing.discovery:discover_prompt_files:40 - Found prompt file: SweGuilds_016.txt
2025-11-05 23:49:22 | DEBUG    | src.processing.discovery:discover_prompt_files:40 - Found prompt file: SweGuilds_012.txt
2025-11-05 23:49:22 | DEBUG    | src.processing.discovery:discover_prompt_files:40 - Found prompt file: SweGuilds_006.txt
2025-11-05 23:49:22 | DEBUG    | src.processing.discovery:discover_prompt_files:40 - Found prompt file: SweGuilds_007.txt
2025-11-05 23:49:22 | DEBUG    | src.processing.discovery:discover_prompt_files:40 - Found prompt file: SweGuilds_013.txt
2025-11-05 23:49:22 | DEBUG    | src.processing.discovery:discover_prompt_files:40 - Found prompt file: SweGuilds_005.txt
2025-11-05 23:49:22 | DEBUG    | src.processing.discovery:discover_prompt_files:40 - Found prompt file: SweGuilds_011.txt
2025-11-05 23:49:22 | DEBUG    | src.processing.discovery:discover_prompt_files:40 - Found prompt file: SweGuilds_010.txt
2025-11-05 23:49:22 | DEBUG    | src.processing.discovery:discover_prompt_files:40 - Found prompt file: SweGuilds_004.txt
2025-11-05 23:49:22 | INFO     | src.processing.discovery:discover_prompt_files:45 - Discovered 20 prompt files
2025-11-05 23:49:22 | DEBUG    | src.processing.discovery:discover_profiles:93 - Loaded profile: USER-FILES/03.PROFILES/nano-banano16x9_deakins.yaml
2025-11-05 23:49:22 | INFO     | src.processing.discovery:discover_profiles:97 - Loaded 1 profiles
2025-11-05 23:49:22 | INFO     | src.processing.discovery:get_active_models:135 - Found profile: nano-banano16x9_deakins
2025-11-05 23:49:22 | INFO     | src.processing.discovery:get_active_models:140 - Total profiles to process: 1
2025-11-05 23:49:22 | INFO     | src.config.validator:validate_all:26 - All configuration validation passed
2025-11-05 23:49:22 | INFO     | __main__:initialize_services:186 - Output directory: USER-FILES/05.OUTPUT/251105_234922_IMAGE
2025-11-05 23:49:22 | INFO     | __main__:execute_processing:221 - Starting matrix processing...
2025-11-05 23:49:22 | DEBUG    | src.processing.validator:validate_operational_requirements:23 - Profile 'nano-banano16x9_deakins' operational validation passed
2025-11-05 23:49:22 | INFO     | src.processing.processor:process_all:60 - Processing 20 combinations (20 files × 1 profiles)
2025-11-05 23:49:22 | INFO     | src.processing.discovery:load_prompts:63 - Loaded prompt from SweGuilds_001.txt
2025-11-05 23:49:22 | INFO     | src.processing.processor:_process_single_combination:119 - Processing combination 1/20: SweGuilds_001.txt + nano-banano16x9_deakins
2025-11-05 23:49:22 | DEBUG    | src.processing.processor:_apply_prompt_fixes:204 - Added prefix to prompt: A cinematic scene from the 
2025-11-05 23:49:22 | DEBUG    | src.processing.processor:_apply_prompt_fixes:208 - Added suffix to prompt: Handheld shot on 35mm film in the style of Roger Deakins. Diagonal room composition Make the aspect ratio of the generated image the same as provided image
2025-11-05 23:49:22 | DEBUG    | src.processing.processor:_process_with_context:186 - Processing SweGuilds_001.txt: A cinematic scene from the  Early 1800s Stockholm ...
2025-11-05 23:49:22 | DEBUG    | src.api.client:generate_image:85 - CRITICAL DEBUG - Received params: {
  "num_images": 1,
  "image_input": [
    "https://f003.backblazeb2.com/file/aspect-ratio-reference/aspect_ratio_reference_16x9.png"
  ],
  "output_format": "png"
}
2025-11-05 23:49:22 | DEBUG    | src.api.client:generate_image:86 - CRITICAL DEBUG - Constructed payload: {
  "num_images": 1,
  "image_input": [
    "https://f003.backblazeb2.com/file/aspect-ratio-reference/aspect_ratio_reference_16x9.png"
  ],
  "output_format": "png",
  "prompt": "A cinematic scene from the  Early 1800s Stockholm silversmith workshop. In the foreground, three wealthy Swedish guild masters stand with stern expressions. The first is a tall man around 55 with silver-gray hair and a black tailcoat, hands clasped behind his back. The second is a stocky man around 60 with a white beard and burgundy velvet jacket, arms crossed. The third is a lean man around 50 with receding blonde hair and a dark green coat, holding a brass-topped walking cane. Behind them, a Swedish silversmith carefully engraves intricate patterns onto a silver chalice at his workbench. Sunlight streams through the workshop window. Handheld shot on 35mm film in the style of Roger Deakins. Diagonal room composition Make the aspect ratio of the generated image the same as provided image"
}
2025-11-05 23:49:22 | DEBUG    | src.api.client:generate_image:89 - Original prompt: A cinematic scene from the  Early 1800s Stockholm silversmith workshop. In the foreground, three wealthy Swedish guild masters stand with stern expressions. The first is a tall man around 55 with silver-gray hair and a black tailcoat, hands clasped behind his back. The second is a stocky man around 60 with a white beard and burgundy velvet jacket, arms crossed. The third is a lean man around 50 with receding blonde hair and a dark green coat, holding a brass-topped walking cane. Behind them, a Swedish silversmith carefully engraves intricate patterns onto a silver chalice at his workbench. Sunlight streams through the workshop window. Handheld shot on 35mm film in the style of Roger Deakins. Diagonal room composition Make the aspect ratio of the generated image the same as provided image
2025-11-05 23:49:22 | DEBUG    | src.api.client:generate_image:90 - Clean prompt being sent: A cinematic scene from the  Early 1800s Stockholm silversmith workshop. In the foreground, three wealthy Swedish guild masters stand with stern expressions. The first is a tall man around 55 with silver-gray hair and a black tailcoat, hands clasped behind his back. The second is a stocky man around 60 with a white beard and burgundy velvet jacket, arms crossed. The third is a lean man around 50 with receding blonde hair and a dark green coat, holding a brass-topped walking cane. Behind them, a Swedish silversmith carefully engraves intricate patterns onto a silver chalice at his workbench. Sunlight streams through the workshop window. Handheld shot on 35mm film in the style of Roger Deakins. Diagonal room composition Make the aspect ratio of the generated image the same as provided image
2025-11-05 23:49:22 | DEBUG    | src.api.client:generate_image:91 - Clean prompt repr: 'A cinematic scene from the  Early 1800s Stockholm silversmith workshop. In the foreground, three wealthy Swedish guild masters stand with stern expressions. The first is a tall man around 55 with silver-gray hair and a black tailcoat, hands clasped behind his back. The second is a stocky man around 60 with a white beard and burgundy velvet jacket, arms crossed. The third is a lean man around 50 with receding blonde hair and a dark green coat, holding a brass-topped walking cane. Behind them, a Swedish silversmith carefully engraves intricate patterns onto a silver chalice at his workbench. Sunlight streams through the workshop window. Handheld shot on 35mm film in the style of Roger Deakins. Diagonal room composition Make the aspect ratio of the generated image the same as provided image'
2025-11-05 23:49:22 | DEBUG    | src.api.client:_call_with_retry:152 - API call attempt 1/3
2025-11-05 23:49:22 | DEBUG    | src.api.client:_call_with_retry:155 - CRITICAL DEBUG - Payload sent to replicate.run: {
  "num_images": 1,
  "image_input": [
    "https://f003.backblazeb2.com/file/aspect-ratio-reference/aspect_ratio_reference_16x9.png"
  ],
  "output_format": "png",
  "prompt": "A cinematic scene from the  Early 1800s Stockholm silversmith workshop. In the foreground, three wealthy Swedish guild masters stand with stern expressions. The first is a tall man around 55 with silver-gray hair and a black tailcoat, hands clasped behind his back. The second is a stocky man around 60 with a white beard and burgundy velvet jacket, arms crossed. The third is a lean man around 50 with receding blonde hair and a dark green coat, holding a brass-topped walking cane. Behind them, a Swedish silversmith carefully engraves intricate patterns onto a silver chalice at his workbench. Sunlight streams through the workshop window. Handheld shot on 35mm film in the style of Roger Deakins. Diagonal room composition Make the aspect ratio of the generated image the same as provided image"
}
2025-11-05 23:49:31 | DEBUG    | src.api.client:_call_with_retry:170 - API call successful
2025-11-05 23:49:31 | WARNING  | src.api.client:generate_image:117 - API PARAMETER FILTERING DETECTED:
2025-11-05 23:49:31 | WARNING  | src.api.client:generate_image:118 -   Model: google/nano-banana
2025-11-05 23:49:31 | WARNING  | src.api.client:generate_image:119 -   Filtered parameters: ['image_input']
2025-11-05 23:49:31 | WARNING  | src.api.client:generate_image:120 -   This means the model doesn't support these parameters
2025-11-05 23:49:32 | INFO     | src.output.writer:_save_to_disk:192 - Saved valid image: USER-FILES/05.OUTPUT/251105_234922_IMAGE/SweGuilds_001_IMAGE_234931_nano-banano16x9_deakins.png
2025-11-05 23:49:32 | DEBUG    | src.output.writer:_save_payload:257 - Saved payload to USER-FILES/05.OUTPUT/251105_234922_IMAGE/SweGuilds_001_IMAGE_234931_nano-banano16x9_deakins.md
2025-11-05 23:49:32 | INFO     | src.processing.processor:_generate_and_save_image:248 - Saved image: USER-FILES/05.OUTPUT/251105_234922_IMAGE/SweGuilds_001_IMAGE_234931_nano-banano16x9_deakins.png
2025-11-05 23:49:32 | INFO     | src.processing.discovery:load_prompts:63 - Loaded prompt from SweGuilds_002.txt
2025-11-05 23:49:32 | INFO     | src.processing.processor:_process_single_combination:119 - Processing combination 2/20: SweGuilds_002.txt + nano-banano16x9_deakins
2025-11-05 23:49:32 | DEBUG    | src.processing.processor:_apply_prompt_fixes:204 - Added prefix to prompt: A cinematic scene from the 
2025-11-05 23:49:32 | DEBUG    | src.processing.processor:_apply_prompt_fixes:208 - Added suffix to prompt: Handheld shot on 35mm film in the style of Roger Deakins. Diagonal room composition Make the aspect ratio of the generated image the same as provided image
2025-11-05 23:49:32 | DEBUG    | src.processing.processor:_process_with_context:186 - Processing SweGuilds_002.txt: A cinematic scene from the  Early 1800s Norrköping...
2025-11-05 23:49:32 | DEBUG    | src.api.client:generate_image:85 - CRITICAL DEBUG - Received params: {
  "num_images": 1,
  "image_input": [
    "https://f003.backblazeb2.com/file/aspect-ratio-reference/aspect_ratio_reference_16x9.png"
  ],
  "output_format": "png"
}
2025-11-05 23:49:32 | DEBUG    | src.api.client:generate_image:86 - CRITICAL DEBUG - Constructed payload: {
  "num_images": 1,
  "image_input": [
    "https://f003.backblazeb2.com/file/aspect-ratio-reference/aspect_ratio_reference_16x9.png"
  ],
  "output_format": "png",
  "prompt": "A cinematic scene from the  Early 1800s Norrk\u00f6ping textile workshop. In the foreground, three wealthy Swedish guild masters observe with stern, serious faces. The first is a broad-shouldered man around 58 with steel-gray hair and a black wool coat, hands folded. The second is a refined man around 52 with salt-and-pepper hair, wire spectacles, and a charcoal gray suit. The third is a heavy-set man around 60 with white mutton chops and a navy blue jacket. Behind them, Swedish textile workers operate large wooden looms - a young woman with strawberry blonde hair, an older woman adjusting upper threads, and a bearded man at another loom. Colorful threads stretch across the frames. Natural light from tall windows illuminates floating dust and wool fibers. Handheld shot on 35mm film in the style of Roger Deakins. Diagonal room composition Make the aspect ratio of the generated image the same as provided image"
}
2025-11-05 23:49:32 | DEBUG    | src.api.client:generate_image:89 - Original prompt: A cinematic scene from the  Early 1800s Norrköping textile workshop. In the foreground, three wealthy Swedish guild masters observe with stern, serious faces. The first is a broad-shouldered man around 58 with steel-gray hair and a black wool coat, hands folded. The second is a refined man around 52 with salt-and-pepper hair, wire spectacles, and a charcoal gray suit. The third is a heavy-set man around 60 with white mutton chops and a navy blue jacket. Behind them, Swedish textile workers operate large wooden looms - a young woman with strawberry blonde hair, an older woman adjusting upper threads, and a bearded man at another loom. Colorful threads stretch across the frames. Natural light from tall windows illuminates floating dust and wool fibers. Handheld shot on 35mm film in the style of Roger Deakins. Diagonal room composition Make the aspect ratio of the generated image the same as provided image
2025-11-05 23:49:32 | DEBUG    | src.api.client:generate_image:90 - Clean prompt being sent: A cinematic scene from the  Early 1800s Norrköping textile workshop. In the foreground, three wealthy Swedish guild masters observe with stern, serious faces. The first is a broad-shouldered man around 58 with steel-gray hair and a black wool coat, hands folded. The second is a refined man around 52 with salt-and-pepper hair, wire spectacles, and a charcoal gray suit. The third is a heavy-set man around 60 with white mutton chops and a navy blue jacket. Behind them, Swedish textile workers operate large wooden looms - a young woman with strawberry blonde hair, an older woman adjusting upper threads, and a bearded man at another loom. Colorful threads stretch across the frames. Natural light from tall windows illuminates floating dust and wool fibers. Handheld shot on 35mm film in the style of Roger Deakins. Diagonal room composition Make the aspect ratio of the generated image the same as provided image
2025-11-05 23:49:32 | DEBUG    | src.api.client:generate_image:91 - Clean prompt repr: 'A cinematic scene from the  Early 1800s Norrköping textile workshop. In the foreground, three wealthy Swedish guild masters observe with stern, serious faces. The first is a broad-shouldered man around 58 with steel-gray hair and a black wool coat, hands folded. The second is a refined man around 52 with salt-and-pepper hair, wire spectacles, and a charcoal gray suit. The third is a heavy-set man around 60 with white mutton chops and a navy blue jacket. Behind them, Swedish textile workers operate large wooden looms - a young woman with strawberry blonde hair, an older woman adjusting upper threads, and a bearded man at another loom. Colorful threads stretch across the frames. Natural light from tall windows illuminates floating dust and wool fibers. Handheld shot on 35mm film in the style of Roger Deakins. Diagonal room composition Make the aspect ratio of the generated image the same as provided image'
2025-11-05 23:49:32 | DEBUG    | src.api.client:_call_with_retry:152 - API call attempt 1/3
2025-11-05 23:49:32 | DEBUG    | src.api.client:_call_with_retry:155 - CRITICAL DEBUG - Payload sent to replicate.run: {
  "num_images": 1,
  "image_input": [
    "https://f003.backblazeb2.com/file/aspect-ratio-reference/aspect_ratio_reference_16x9.png"
  ],
  "output_format": "png",
  "prompt": "A cinematic scene from the  Early 1800s Norrk\u00f6ping textile workshop. In the foreground, three wealthy Swedish guild masters observe with stern, serious faces. The first is a broad-shouldered man around 58 with steel-gray hair and a black wool coat, hands folded. The second is a refined man around 52 with salt-and-pepper hair, wire spectacles, and a charcoal gray suit. The third is a heavy-set man around 60 with white mutton chops and a navy blue jacket. Behind them, Swedish textile workers operate large wooden looms - a young woman with strawberry blonde hair, an older woman adjusting upper threads, and a bearded man at another loom. Colorful threads stretch across the frames. Natural light from tall windows illuminates floating dust and wool fibers. Handheld shot on 35mm film in the style of Roger Deakins. Diagonal room composition Make the aspect ratio of the generated image the same as provided image"
}
2025-11-05 23:49:42 | DEBUG    | src.api.client:_call_with_retry:170 - API call successful
2025-11-05 23:49:42 | WARNING  | src.api.client:generate_image:117 - API PARAMETER FILTERING DETECTED:
2025-11-05 23:49:42 | WARNING  | src.api.client:generate_image:118 -   Model: google/nano-banana
2025-11-05 23:49:42 | WARNING  | src.api.client:generate_image:119 -   Filtered parameters: ['image_input']
2025-11-05 23:49:42 | WARNING  | src.api.client:generate_image:120 -   This means the model doesn't support these parameters
2025-11-05 23:49:43 | INFO     | src.output.writer:_save_to_disk:192 - Saved valid image: USER-FILES/05.OUTPUT/251105_234922_IMAGE/SweGuilds_002_IMAGE_234942_nano-banano16x9_deakins.png
2025-11-05 23:49:43 | DEBUG    | src.output.writer:_save_payload:257 - Saved payload to USER-FILES/05.OUTPUT/251105_234922_IMAGE/SweGuilds_002_IMAGE_234942_nano-banano16x9_deakins.md
2025-11-05 23:49:43 | INFO     | src.processing.processor:_generate_and_save_image:248 - Saved image: USER-FILES/05.OUTPUT/251105_234922_IMAGE/SweGuilds_002_IMAGE_234942_nano-banano16x9_deakins.png
2025-11-05 23:49:43 | INFO     | src.processing.discovery:load_prompts:63 - Loaded prompt from SweGuilds_003.txt
2025-11-05 23:49:43 | INFO     | src.processing.processor:_process_single_combination:119 - Processing combination 3/20: SweGuilds_003.txt + nano-banano16x9_deakins
2025-11-05 23:49:43 | DEBUG    | src.processing.processor:_apply_prompt_fixes:204 - Added prefix to prompt: A cinematic scene from the 
2025-11-05 23:49:43 | DEBUG    | src.processing.processor:_apply_prompt_fixes:208 - Added suffix to prompt: Handheld shot on 35mm film in the style of Roger Deakins. Diagonal room composition Make the aspect ratio of the generated image the same as provided image
2025-11-05 23:49:43 | DEBUG    | src.processing.processor:_process_with_context:186 - Processing SweGuilds_003.txt: A cinematic scene from the  Early 1800s Stockholm ...
2025-11-05 23:49:43 | DEBUG    | src.api.client:generate_image:85 - CRITICAL DEBUG - Received params: {
  "num_images": 1,
  "image_input": [
    "https://f003.backblazeb2.com/file/aspect-ratio-reference/aspect_ratio_reference_16x9.png"
  ],
  "output_format": "png"
}
2025-11-05 23:49:43 | DEBUG    | src.api.client:generate_image:86 - CRITICAL DEBUG - Constructed payload: {
  "num_images": 1,
  "image_input": [
    "https://f003.backblazeb2.com/file/aspect-ratio-reference/aspect_ratio_reference_16x9.png"
  ],
  "output_format": "png",
  "prompt": "A cinematic scene from the  Early 1800s Stockholm tailor shop. In the foreground, three wealthy Swedish guild masters stand with stern, serious expressions. The first is a tall man around 56 with dark blonde hair going gray and a fine black coat with gold buttons. The second is a portly man around 60 with a bald head, white side whiskers, and a brown velvet waistcoat. The third is a gaunt man around 54 with thin gray hair and a severe expression, wearing a charcoal suit. Behind them, a Swedish tailor with graying temples and round spectacles hand-stitches a navy wool coat collar. Two young apprentices work with fabric in the background. Rolls of colorful cloth line the walls. Handheld shot on 35mm film in the style of Roger Deakins. Diagonal room composition Make the aspect ratio of the generated image the same as provided image"
}
2025-11-05 23:49:43 | DEBUG    | src.api.client:generate_image:89 - Original prompt: A cinematic scene from the  Early 1800s Stockholm tailor shop. In the foreground, three wealthy Swedish guild masters stand with stern, serious expressions. The first is a tall man around 56 with dark blonde hair going gray and a fine black coat with gold buttons. The second is a portly man around 60 with a bald head, white side whiskers, and a brown velvet waistcoat. The third is a gaunt man around 54 with thin gray hair and a severe expression, wearing a charcoal suit. Behind them, a Swedish tailor with graying temples and round spectacles hand-stitches a navy wool coat collar. Two young apprentices work with fabric in the background. Rolls of colorful cloth line the walls. Handheld shot on 35mm film in the style of Roger Deakins. Diagonal room composition Make the aspect ratio of the generated image the same as provided image
2025-11-05 23:49:43 | DEBUG    | src.api.client:generate_image:90 - Clean prompt being sent: A cinematic scene from the  Early 1800s Stockholm tailor shop. In the foreground, three wealthy Swedish guild masters stand with stern, serious expressions. The first is a tall man around 56 with dark blonde hair going gray and a fine black coat with gold buttons. The second is a portly man around 60 with a bald head, white side whiskers, and a brown velvet waistcoat. The third is a gaunt man around 54 with thin gray hair and a severe expression, wearing a charcoal suit. Behind them, a Swedish tailor with graying temples and round spectacles hand-stitches a navy wool coat collar. Two young apprentices work with fabric in the background. Rolls of colorful cloth line the walls. Handheld shot on 35mm film in the style of Roger Deakins. Diagonal room composition Make the aspect ratio of the generated image the same as provided image
2025-11-05 23:49:43 | DEBUG    | src.api.client:generate_image:91 - Clean prompt repr: 'A cinematic scene from the  Early 1800s Stockholm tailor shop. In the foreground, three wealthy Swedish guild masters stand with stern, serious expressions. The first is a tall man around 56 with dark blonde hair going gray and a fine black coat with gold buttons. The second is a portly man around 60 with a bald head, white side whiskers, and a brown velvet waistcoat. The third is a gaunt man around 54 with thin gray hair and a severe expression, wearing a charcoal suit. Behind them, a Swedish tailor with graying temples and round spectacles hand-stitches a navy wool coat collar. Two young apprentices work with fabric in the background. Rolls of colorful cloth line the walls. Handheld shot on 35mm film in the style of Roger Deakins. Diagonal room composition Make the aspect ratio of the generated image the same as provided image'
2025-11-05 23:49:43 | DEBUG    | src.api.client:_call_with_retry:152 - API call attempt 1/3
2025-11-05 23:49:43 | DEBUG    | src.api.client:_call_with_retry:155 - CRITICAL DEBUG - Payload sent to replicate.run: {
  "num_images": 1,
  "image_input": [
    "https://f003.backblazeb2.com/file/aspect-ratio-reference/aspect_ratio_reference_16x9.png"
  ],
  "output_format": "png",
  "prompt": "A cinematic scene from the  Early 1800s Stockholm tailor shop. In the foreground, three wealthy Swedish guild masters stand with stern, serious expressions. The first is a tall man around 56 with dark blonde hair going gray and a fine black coat with gold buttons. The second is a portly man around 60 with a bald head, white side whiskers, and a brown velvet waistcoat. The third is a gaunt man around 54 with thin gray hair and a severe expression, wearing a charcoal suit. Behind them, a Swedish tailor with graying temples and round spectacles hand-stitches a navy wool coat collar. Two young apprentices work with fabric in the background. Rolls of colorful cloth line the walls. Handheld shot on 35mm film in the style of Roger Deakins. Diagonal room composition Make the aspect ratio of the generated image the same as provided image"
}
2025-11-05 23:49:55 | DEBUG    | src.api.client:_call_with_retry:170 - API call successful
2025-11-05 23:49:55 | WARNING  | src.api.client:generate_image:117 - API PARAMETER FILTERING DETECTED:
2025-11-05 23:49:55 | WARNING  | src.api.client:generate_image:118 -   Model: google/nano-banana
2025-11-05 23:49:55 | WARNING  | src.api.client:generate_image:119 -   Filtered parameters: ['image_input']
2025-11-05 23:49:55 | WARNING  | src.api.client:generate_image:120 -   This means the model doesn't support these parameters
2025-11-05 23:49:56 | INFO     | src.output.writer:_save_to_disk:192 - Saved valid image: USER-FILES/05.OUTPUT/251105_234922_IMAGE/SweGuilds_003_IMAGE_234955_nano-banano16x9_deakins.png
2025-11-05 23:49:56 | DEBUG    | src.output.writer:_save_payload:257 - Saved payload to USER-FILES/05.OUTPUT/251105_234922_IMAGE/SweGuilds_003_IMAGE_234955_nano-banano16x9_deakins.md
2025-11-05 23:49:56 | INFO     | src.processing.processor:_generate_and_save_image:248 - Saved image: USER-FILES/05.OUTPUT/251105_234922_IMAGE/SweGuilds_003_IMAGE_234955_nano-banano16x9_deakins.png
2025-11-05 23:49:56 | INFO     | src.processing.discovery:load_prompts:63 - Loaded prompt from SweGuilds_004.txt
2025-11-05 23:49:56 | INFO     | src.processing.processor:_process_single_combination:119 - Processing combination 4/20: SweGuilds_004.txt + nano-banano16x9_deakins
2025-11-05 23:49:56 | DEBUG    | src.processing.processor:_apply_prompt_fixes:204 - Added prefix to prompt: A cinematic scene from the 
2025-11-05 23:49:56 | DEBUG    | src.processing.processor:_apply_prompt_fixes:208 - Added suffix to prompt: Handheld shot on 35mm film in the style of Roger Deakins. Diagonal room composition Make the aspect ratio of the generated image the same as provided image
2025-11-05 23:49:56 | DEBUG    | src.processing.processor:_process_with_context:186 - Processing SweGuilds_004.txt: A cinematic scene from the  Early 1800s Gothenburg...
2025-11-05 23:49:56 | DEBUG    | src.api.client:generate_image:85 - CRITICAL DEBUG - Received params: {
  "num_images": 1,
  "image_input": [
    "https://f003.backblazeb2.com/file/aspect-ratio-reference/aspect_ratio_reference_16x9.png"
  ],
  "output_format": "png"
}
2025-11-05 23:49:56 | DEBUG    | src.api.client:generate_image:86 - CRITICAL DEBUG - Constructed payload: {
  "num_images": 1,
  "image_input": [
    "https://f003.backblazeb2.com/file/aspect-ratio-reference/aspect_ratio_reference_16x9.png"
  ],
  "output_format": "png",
  "prompt": "A cinematic scene from the  Early 1800s Gothenburg harbor. In the foreground, three wealthy Swedish guild masters observe with stern, serious faces. The first is a distinguished man around 58 with silver hair, a black top hat, and a long dark overcoat. The second is a barrel-chested man around 55 with a full gray beard and a navy blue greatcoat. The third is a sharp-featured man around 60 with white hair, a monocle, and a burgundy coat. Behind them, Swedish dockworkers strain to unload heavy wooden crates - a burly man with a red beard gripping rope, a lean man with tied-back hair pushing from below, and others assisting. The busy harbor stretches in the background with ships' masts against the sky. Handheld shot on 35mm film in the style of Roger Deakins. Diagonal room composition Make the aspect ratio of the generated image the same as provided image"
}
2025-11-05 23:49:56 | DEBUG    | src.api.client:generate_image:89 - Original prompt: A cinematic scene from the  Early 1800s Gothenburg harbor. In the foreground, three wealthy Swedish guild masters observe with stern, serious faces. The first is a distinguished man around 58 with silver hair, a black top hat, and a long dark overcoat. The second is a barrel-chested man around 55 with a full gray beard and a navy blue greatcoat. The third is a sharp-featured man around 60 with white hair, a monocle, and a burgundy coat. Behind them, Swedish dockworkers strain to unload heavy wooden crates - a burly man with a red beard gripping rope, a lean man with tied-back hair pushing from below, and others assisting. The busy harbor stretches in the background with ships' masts against the sky. Handheld shot on 35mm film in the style of Roger Deakins. Diagonal room composition Make the aspect ratio of the generated image the same as provided image
2025-11-05 23:49:56 | DEBUG    | src.api.client:generate_image:90 - Clean prompt being sent: A cinematic scene from the  Early 1800s Gothenburg harbor. In the foreground, three wealthy Swedish guild masters observe with stern, serious faces. The first is a distinguished man around 58 with silver hair, a black top hat, and a long dark overcoat. The second is a barrel-chested man around 55 with a full gray beard and a navy blue greatcoat. The third is a sharp-featured man around 60 with white hair, a monocle, and a burgundy coat. Behind them, Swedish dockworkers strain to unload heavy wooden crates - a burly man with a red beard gripping rope, a lean man with tied-back hair pushing from below, and others assisting. The busy harbor stretches in the background with ships' masts against the sky. Handheld shot on 35mm film in the style of Roger Deakins. Diagonal room composition Make the aspect ratio of the generated image the same as provided image
2025-11-05 23:49:56 | DEBUG    | src.api.client:generate_image:91 - Clean prompt repr: "A cinematic scene from the  Early 1800s Gothenburg harbor. In the foreground, three wealthy Swedish guild masters observe with stern, serious faces. The first is a distinguished man around 58 with silver hair, a black top hat, and a long dark overcoat. The second is a barrel-chested man around 55 with a full gray beard and a navy blue greatcoat. The third is a sharp-featured man around 60 with white hair, a monocle, and a burgundy coat. Behind them, Swedish dockworkers strain to unload heavy wooden crates - a burly man with a red beard gripping rope, a lean man with tied-back hair pushing from below, and others assisting. The busy harbor stretches in the background with ships' masts against the sky. Handheld shot on 35mm film in the style of Roger Deakins. Diagonal room composition Make the aspect ratio of the generated image the same as provided image"
2025-11-05 23:49:56 | DEBUG    | src.api.client:_call_with_retry:152 - API call attempt 1/3
2025-11-05 23:49:56 | DEBUG    | src.api.client:_call_with_retry:155 - CRITICAL DEBUG - Payload sent to replicate.run: {
  "num_images": 1,
  "image_input": [
    "https://f003.backblazeb2.com/file/aspect-ratio-reference/aspect_ratio_reference_16x9.png"
  ],
  "output_format": "png",
  "prompt": "A cinematic scene from the  Early 1800s Gothenburg harbor. In the foreground, three wealthy Swedish guild masters observe with stern, serious faces. The first is a distinguished man around 58 with silver hair, a black top hat, and a long dark overcoat. The second is a barrel-chested man around 55 with a full gray beard and a navy blue greatcoat. The third is a sharp-featured man around 60 with white hair, a monocle, and a burgundy coat. Behind them, Swedish dockworkers strain to unload heavy wooden crates - a burly man with a red beard gripping rope, a lean man with tied-back hair pushing from below, and others assisting. The busy harbor stretches in the background with ships' masts against the sky. Handheld shot on 35mm film in the style of Roger Deakins. Diagonal room composition Make the aspect ratio of the generated image the same as provided image"
}
2025-11-05 23:50:05 | DEBUG    | src.api.client:_call_with_retry:170 - API call successful
2025-11-05 23:50:05 | WARNING  | src.api.client:generate_image:117 - API PARAMETER FILTERING DETECTED:
2025-11-05 23:50:05 | WARNING  | src.api.client:generate_image:118 -   Model: google/nano-banana
2025-11-05 23:50:05 | WARNING  | src.api.client:generate_image:119 -   Filtered parameters: ['image_input']
2025-11-05 23:50:05 | WARNING  | src.api.client:generate_image:120 -   This means the model doesn't support these parameters
2025-11-05 23:50:06 | INFO     | src.output.writer:_save_to_disk:192 - Saved valid image: USER-FILES/05.OUTPUT/251105_234922_IMAGE/SweGuilds_004_IMAGE_235005_nano-banano16x9_deakins.png
2025-11-05 23:50:06 | DEBUG    | src.output.writer:_save_payload:257 - Saved payload to USER-FILES/05.OUTPUT/251105_234922_IMAGE/SweGuilds_004_IMAGE_235005_nano-banano16x9_deakins.md
2025-11-05 23:50:06 | INFO     | src.processing.processor:_generate_and_save_image:248 - Saved image: USER-FILES/05.OUTPUT/251105_234922_IMAGE/SweGuilds_004_IMAGE_235005_nano-banano16x9_deakins.png
2025-11-05 23:50:06 | INFO     | src.processing.discovery:load_prompts:63 - Loaded prompt from SweGuilds_005.txt
2025-11-05 23:50:06 | INFO     | src.processing.processor:_process_single_combination:119 - Processing combination 5/20: SweGuilds_005.txt + nano-banano16x9_deakins
2025-11-05 23:50:06 | DEBUG    | src.processing.processor:_apply_prompt_fixes:204 - Added prefix to prompt: A cinematic scene from the 
2025-11-05 23:50:06 | DEBUG    | src.processing.processor:_apply_prompt_fixes:208 - Added suffix to prompt: Handheld shot on 35mm film in the style of Roger Deakins. Diagonal room composition Make the aspect ratio of the generated image the same as provided image
2025-11-05 23:50:06 | DEBUG    | src.processing.processor:_process_with_context:186 - Processing SweGuilds_005.txt: A cinematic scene from the  Early 1800s Stockholm ...
2025-11-05 23:50:06 | DEBUG    | src.api.client:generate_image:85 - CRITICAL DEBUG - Received params: {
  "num_images": 1,
  "image_input": [
    "https://f003.backblazeb2.com/file/aspect-ratio-reference/aspect_ratio_reference_16x9.png"
  ],
  "output_format": "png"
}
2025-11-05 23:50:06 | DEBUG    | src.api.client:generate_image:86 - CRITICAL DEBUG - Constructed payload: {
  "num_images": 1,
  "image_input": [
    "https://f003.backblazeb2.com/file/aspect-ratio-reference/aspect_ratio_reference_16x9.png"
  ],
  "output_format": "png",
  "prompt": "A cinematic scene from the  Early 1800s Stockholm blacksmith forge. In the foreground, three wealthy Swedish guild masters stand with stern, serious expressions. The first is a broad man around 57 with thick gray hair and a black wool coat with brass buttons. The second is a thin man around 60 with a white pointed beard and a dark brown jacket. The third is a sturdy man around 52 with salt-and-pepper hair and a forest green coat. Behind them, a muscular Swedish blacksmith with rolled sleeves strikes glowing red-hot iron on his anvil, orange sparks flying. His face is lit by the forge fire. Finished horseshoes and iron tools hang on the dark stone walls. Handheld shot on 35mm film in the style of Roger Deakins. Diagonal room composition Make the aspect ratio of the generated image the same as provided image"
}
2025-11-05 23:50:06 | DEBUG    | src.api.client:generate_image:89 - Original prompt: A cinematic scene from the  Early 1800s Stockholm blacksmith forge. In the foreground, three wealthy Swedish guild masters stand with stern, serious expressions. The first is a broad man around 57 with thick gray hair and a black wool coat with brass buttons. The second is a thin man around 60 with a white pointed beard and a dark brown jacket. The third is a sturdy man around 52 with salt-and-pepper hair and a forest green coat. Behind them, a muscular Swedish blacksmith with rolled sleeves strikes glowing red-hot iron on his anvil, orange sparks flying. His face is lit by the forge fire. Finished horseshoes and iron tools hang on the dark stone walls. Handheld shot on 35mm film in the style of Roger Deakins. Diagonal room composition Make the aspect ratio of the generated image the same as provided image
2025-11-05 23:50:06 | DEBUG    | src.api.client:generate_image:90 - Clean prompt being sent: A cinematic scene from the  Early 1800s Stockholm blacksmith forge. In the foreground, three wealthy Swedish guild masters stand with stern, serious expressions. The first is a broad man around 57 with thick gray hair and a black wool coat with brass buttons. The second is a thin man around 60 with a white pointed beard and a dark brown jacket. The third is a sturdy man around 52 with salt-and-pepper hair and a forest green coat. Behind them, a muscular Swedish blacksmith with rolled sleeves strikes glowing red-hot iron on his anvil, orange sparks flying. His face is lit by the forge fire. Finished horseshoes and iron tools hang on the dark stone walls. Handheld shot on 35mm film in the style of Roger Deakins. Diagonal room composition Make the aspect ratio of the generated image the same as provided image
2025-11-05 23:50:06 | DEBUG    | src.api.client:generate_image:91 - Clean prompt repr: 'A cinematic scene from the  Early 1800s Stockholm blacksmith forge. In the foreground, three wealthy Swedish guild masters stand with stern, serious expressions. The first is a broad man around 57 with thick gray hair and a black wool coat with brass buttons. The second is a thin man around 60 with a white pointed beard and a dark brown jacket. The third is a sturdy man around 52 with salt-and-pepper hair and a forest green coat. Behind them, a muscular Swedish blacksmith with rolled sleeves strikes glowing red-hot iron on his anvil, orange sparks flying. His face is lit by the forge fire. Finished horseshoes and iron tools hang on the dark stone walls. Handheld shot on 35mm film in the style of Roger Deakins. Diagonal room composition Make the aspect ratio of the generated image the same as provided image'
2025-11-05 23:50:06 | DEBUG    | src.api.client:_call_with_retry:152 - API call attempt 1/3
2025-11-05 23:50:06 | DEBUG    | src.api.client:_call_with_retry:155 - CRITICAL DEBUG - Payload sent to replicate.run: {
  "num_images": 1,
  "image_input": [
    "https://f003.backblazeb2.com/file/aspect-ratio-reference/aspect_ratio_reference_16x9.png"
  ],
  "output_format": "png",
  "prompt": "A cinematic scene from the  Early 1800s Stockholm blacksmith forge. In the foreground, three wealthy Swedish guild masters stand with stern, serious expressions. The first is a broad man around 57 with thick gray hair and a black wool coat with brass buttons. The second is a thin man around 60 with a white pointed beard and a dark brown jacket. The third is a sturdy man around 52 with salt-and-pepper hair and a forest green coat. Behind them, a muscular Swedish blacksmith with rolled sleeves strikes glowing red-hot iron on his anvil, orange sparks flying. His face is lit by the forge fire. Finished horseshoes and iron tools hang on the dark stone walls. Handheld shot on 35mm film in the style of Roger Deakins. Diagonal room composition Make the aspect ratio of the generated image the same as provided image"
}
2025-11-05 23:50:17 | DEBUG    | src.api.client:_call_with_retry:170 - API call successful
2025-11-05 23:50:17 | WARNING  | src.api.client:generate_image:117 - API PARAMETER FILTERING DETECTED:
2025-11-05 23:50:17 | WARNING  | src.api.client:generate_image:118 -   Model: google/nano-banana
2025-11-05 23:50:17 | WARNING  | src.api.client:generate_image:119 -   Filtered parameters: ['image_input']
2025-11-05 23:50:17 | WARNING  | src.api.client:generate_image:120 -   This means the model doesn't support these parameters
2025-11-05 23:50:18 | INFO     | src.output.writer:_save_to_disk:192 - Saved valid image: USER-FILES/05.OUTPUT/251105_234922_IMAGE/SweGuilds_005_IMAGE_235017_nano-banano16x9_deakins.png
2025-11-05 23:50:18 | DEBUG    | src.output.writer:_save_payload:257 - Saved payload to USER-FILES/05.OUTPUT/251105_234922_IMAGE/SweGuilds_005_IMAGE_235017_nano-banano16x9_deakins.md
2025-11-05 23:50:18 | INFO     | src.processing.processor:_generate_and_save_image:248 - Saved image: USER-FILES/05.OUTPUT/251105_234922_IMAGE/SweGuilds_005_IMAGE_235017_nano-banano16x9_deakins.png
2025-11-05 23:50:18 | INFO     | src.processing.discovery:load_prompts:63 - Loaded prompt from SweGuilds_006.txt
2025-11-05 23:50:18 | INFO     | src.processing.processor:_process_single_combination:119 - Processing combination 6/20: SweGuilds_006.txt + nano-banano16x9_deakins
2025-11-05 23:50:18 | DEBUG    | src.processing.processor:_apply_prompt_fixes:204 - Added prefix to prompt: A cinematic scene from the 
2025-11-05 23:50:18 | DEBUG    | src.processing.processor:_apply_prompt_fixes:208 - Added suffix to prompt: Handheld shot on 35mm film in the style of Roger Deakins. Diagonal room composition Make the aspect ratio of the generated image the same as provided image
2025-11-05 23:50:18 | DEBUG    | src.processing.processor:_process_with_context:186 - Processing SweGuilds_006.txt: A cinematic scene from the  Early 1800s Malmö dye ...
2025-11-05 23:50:18 | DEBUG    | src.api.client:generate_image:85 - CRITICAL DEBUG - Received params: {
  "num_images": 1,
  "image_input": [
    "https://f003.backblazeb2.com/file/aspect-ratio-reference/aspect_ratio_reference_16x9.png"
  ],
  "output_format": "png"
}
2025-11-05 23:50:18 | DEBUG    | src.api.client:generate_image:86 - CRITICAL DEBUG - Constructed payload: {
  "num_images": 1,
  "image_input": [
    "https://f003.backblazeb2.com/file/aspect-ratio-reference/aspect_ratio_reference_16x9.png"
  ],
  "output_format": "png",
  "prompt": "A cinematic scene from the  Early 1800s Malm\u00f6 dye works courtyard. In the foreground, three wealthy Swedish guild masters stand with stern, serious faces. The first is a tall man around 59 with gray-blonde hair and a black frock coat. The second is a stout man around 56 with a bald crown, gray side hair, and a dark blue waistcoat. The third is a lean man around 60 with white hair slicked back and a charcoal suit. Behind them, Swedish dyers work at steaming vats of deep blue indigo dye - one with thinning blonde hair stirring with a long pole, another with curly auburn hair lifting dripping cloth. Wet dyed cloth hangs on lines above. Steam rises in the crisp air. Handheld shot on 35mm film in the style of Roger Deakins. Diagonal room composition Make the aspect ratio of the generated image the same as provided image"
}
2025-11-05 23:50:18 | DEBUG    | src.api.client:generate_image:89 - Original prompt: A cinematic scene from the  Early 1800s Malmö dye works courtyard. In the foreground, three wealthy Swedish guild masters stand with stern, serious faces. The first is a tall man around 59 with gray-blonde hair and a black frock coat. The second is a stout man around 56 with a bald crown, gray side hair, and a dark blue waistcoat. The third is a lean man around 60 with white hair slicked back and a charcoal suit. Behind them, Swedish dyers work at steaming vats of deep blue indigo dye - one with thinning blonde hair stirring with a long pole, another with curly auburn hair lifting dripping cloth. Wet dyed cloth hangs on lines above. Steam rises in the crisp air. Handheld shot on 35mm film in the style of Roger Deakins. Diagonal room composition Make the aspect ratio of the generated image the same as provided image
2025-11-05 23:50:18 | DEBUG    | src.api.client:generate_image:90 - Clean prompt being sent: A cinematic scene from the  Early 1800s Malmö dye works courtyard. In the foreground, three wealthy Swedish guild masters stand with stern, serious faces. The first is a tall man around 59 with gray-blonde hair and a black frock coat. The second is a stout man around 56 with a bald crown, gray side hair, and a dark blue waistcoat. The third is a lean man around 60 with white hair slicked back and a charcoal suit. Behind them, Swedish dyers work at steaming vats of deep blue indigo dye - one with thinning blonde hair stirring with a long pole, another with curly auburn hair lifting dripping cloth. Wet dyed cloth hangs on lines above. Steam rises in the crisp air. Handheld shot on 35mm film in the style of Roger Deakins. Diagonal room composition Make the aspect ratio of the generated image the same as provided image
2025-11-05 23:50:18 | DEBUG    | src.api.client:generate_image:91 - Clean prompt repr: 'A cinematic scene from the  Early 1800s Malmö dye works courtyard. In the foreground, three wealthy Swedish guild masters stand with stern, serious faces. The first is a tall man around 59 with gray-blonde hair and a black frock coat. The second is a stout man around 56 with a bald crown, gray side hair, and a dark blue waistcoat. The third is a lean man around 60 with white hair slicked back and a charcoal suit. Behind them, Swedish dyers work at steaming vats of deep blue indigo dye - one with thinning blonde hair stirring with a long pole, another with curly auburn hair lifting dripping cloth. Wet dyed cloth hangs on lines above. Steam rises in the crisp air. Handheld shot on 35mm film in the style of Roger Deakins. Diagonal room composition Make the aspect ratio of the generated image the same as provided image'
2025-11-05 23:50:18 | DEBUG    | src.api.client:_call_with_retry:152 - API call attempt 1/3
2025-11-05 23:50:18 | DEBUG    | src.api.client:_call_with_retry:155 - CRITICAL DEBUG - Payload sent to replicate.run: {
  "num_images": 1,
  "image_input": [
    "https://f003.backblazeb2.com/file/aspect-ratio-reference/aspect_ratio_reference_16x9.png"
  ],
  "output_format": "png",
  "prompt": "A cinematic scene from the  Early 1800s Malm\u00f6 dye works courtyard. In the foreground, three wealthy Swedish guild masters stand with stern, serious faces. The first is a tall man around 59 with gray-blonde hair and a black frock coat. The second is a stout man around 56 with a bald crown, gray side hair, and a dark blue waistcoat. The third is a lean man around 60 with white hair slicked back and a charcoal suit. Behind them, Swedish dyers work at steaming vats of deep blue indigo dye - one with thinning blonde hair stirring with a long pole, another with curly auburn hair lifting dripping cloth. Wet dyed cloth hangs on lines above. Steam rises in the crisp air. Handheld shot on 35mm film in the style of Roger Deakins. Diagonal room composition Make the aspect ratio of the generated image the same as provided image"
}
2025-11-05 23:50:27 | DEBUG    | src.api.client:_call_with_retry:170 - API call successful
2025-11-05 23:50:27 | WARNING  | src.api.client:generate_image:117 - API PARAMETER FILTERING DETECTED:
2025-11-05 23:50:27 | WARNING  | src.api.client:generate_image:118 -   Model: google/nano-banana
2025-11-05 23:50:27 | WARNING  | src.api.client:generate_image:119 -   Filtered parameters: ['image_input']
2025-11-05 23:50:27 | WARNING  | src.api.client:generate_image:120 -   This means the model doesn't support these parameters
2025-11-05 23:50:28 | INFO     | src.output.writer:_save_to_disk:192 - Saved valid image: USER-FILES/05.OUTPUT/251105_234922_IMAGE/SweGuilds_006_IMAGE_235027_nano-banano16x9_deakins.png
2025-11-05 23:50:28 | DEBUG    | src.output.writer:_save_payload:257 - Saved payload to USER-FILES/05.OUTPUT/251105_234922_IMAGE/SweGuilds_006_IMAGE_235027_nano-banano16x9_deakins.md
2025-11-05 23:50:28 | INFO     | src.processing.processor:_generate_and_save_image:248 - Saved image: USER-FILES/05.OUTPUT/251105_234922_IMAGE/SweGuilds_006_IMAGE_235027_nano-banano16x9_deakins.png
2025-11-05 23:50:28 | INFO     | src.processing.discovery:load_prompts:63 - Loaded prompt from SweGuilds_007.txt
2025-11-05 23:50:28 | INFO     | src.processing.processor:_process_single_combination:119 - Processing combination 7/20: SweGuilds_007.txt + nano-banano16x9_deakins
2025-11-05 23:50:28 | DEBUG    | src.processing.processor:_apply_prompt_fixes:204 - Added prefix to prompt: A cinematic scene from the 
2025-11-05 23:50:28 | DEBUG    | src.processing.processor:_apply_prompt_fixes:208 - Added suffix to prompt: Handheld shot on 35mm film in the style of Roger Deakins. Diagonal room composition Make the aspect ratio of the generated image the same as provided image
2025-11-05 23:50:28 | DEBUG    | src.processing.processor:_process_with_context:186 - Processing SweGuilds_007.txt: A cinematic scene from the  Early 1800s Stockholm ...
2025-11-05 23:50:28 | DEBUG    | src.api.client:generate_image:85 - CRITICAL DEBUG - Received params: {
  "num_images": 1,
  "image_input": [
    "https://f003.backblazeb2.com/file/aspect-ratio-reference/aspect_ratio_reference_16x9.png"
  ],
  "output_format": "png"
}
2025-11-05 23:50:28 | DEBUG    | src.api.client:generate_image:86 - CRITICAL DEBUG - Constructed payload: {
  "num_images": 1,
  "image_input": [
    "https://f003.backblazeb2.com/file/aspect-ratio-reference/aspect_ratio_reference_16x9.png"
  ],
  "output_format": "png",
  "prompt": "A cinematic scene from the  Early 1800s Stockholm carpentry workshop. In the foreground, three wealthy Swedish guild masters stand with stern, serious expressions. The first is a dignified man around 55 with silver-streaked blonde hair and a black coat with a high collar. The second is a round-faced man around 60 with a white beard and a burgundy velvet jacket. The third is a thin man around 54 with gray hair and sharp features, wearing a dark navy coat. Behind them, a Swedish carpenter with light brown hair uses a small chisel to carve ornate floral details into a wooden chair leg clamped to his workbench. Wood shavings curl at his feet. Half-finished furniture pieces fill the workshop. Handheld shot on 35mm film in the style of Roger Deakins. Diagonal room composition Make the aspect ratio of the generated image the same as provided image"
}
2025-11-05 23:50:28 | DEBUG    | src.api.client:generate_image:89 - Original prompt: A cinematic scene from the  Early 1800s Stockholm carpentry workshop. In the foreground, three wealthy Swedish guild masters stand with stern, serious expressions. The first is a dignified man around 55 with silver-streaked blonde hair and a black coat with a high collar. The second is a round-faced man around 60 with a white beard and a burgundy velvet jacket. The third is a thin man around 54 with gray hair and sharp features, wearing a dark navy coat. Behind them, a Swedish carpenter with light brown hair uses a small chisel to carve ornate floral details into a wooden chair leg clamped to his workbench. Wood shavings curl at his feet. Half-finished furniture pieces fill the workshop. Handheld shot on 35mm film in the style of Roger Deakins. Diagonal room composition Make the aspect ratio of the generated image the same as provided image
2025-11-05 23:50:28 | DEBUG    | src.api.client:generate_image:90 - Clean prompt being sent: A cinematic scene from the  Early 1800s Stockholm carpentry workshop. In the foreground, three wealthy Swedish guild masters stand with stern, serious expressions. The first is a dignified man around 55 with silver-streaked blonde hair and a black coat with a high collar. The second is a round-faced man around 60 with a white beard and a burgundy velvet jacket. The third is a thin man around 54 with gray hair and sharp features, wearing a dark navy coat. Behind them, a Swedish carpenter with light brown hair uses a small chisel to carve ornate floral details into a wooden chair leg clamped to his workbench. Wood shavings curl at his feet. Half-finished furniture pieces fill the workshop. Handheld shot on 35mm film in the style of Roger Deakins. Diagonal room composition Make the aspect ratio of the generated image the same as provided image
2025-11-05 23:50:28 | DEBUG    | src.api.client:generate_image:91 - Clean prompt repr: 'A cinematic scene from the  Early 1800s Stockholm carpentry workshop. In the foreground, three wealthy Swedish guild masters stand with stern, serious expressions. The first is a dignified man around 55 with silver-streaked blonde hair and a black coat with a high collar. The second is a round-faced man around 60 with a white beard and a burgundy velvet jacket. The third is a thin man around 54 with gray hair and sharp features, wearing a dark navy coat. Behind them, a Swedish carpenter with light brown hair uses a small chisel to carve ornate floral details into a wooden chair leg clamped to his workbench. Wood shavings curl at his feet. Half-finished furniture pieces fill the workshop. Handheld shot on 35mm film in the style of Roger Deakins. Diagonal room composition Make the aspect ratio of the generated image the same as provided image'
2025-11-05 23:50:28 | DEBUG    | src.api.client:_call_with_retry:152 - API call attempt 1/3
2025-11-05 23:50:28 | DEBUG    | src.api.client:_call_with_retry:155 - CRITICAL DEBUG - Payload sent to replicate.run: {
  "num_images": 1,
  "image_input": [
    "https://f003.backblazeb2.com/file/aspect-ratio-reference/aspect_ratio_reference_16x9.png"
  ],
  "output_format": "png",
  "prompt": "A cinematic scene from the  Early 1800s Stockholm carpentry workshop. In the foreground, three wealthy Swedish guild masters stand with stern, serious expressions. The first is a dignified man around 55 with silver-streaked blonde hair and a black coat with a high collar. The second is a round-faced man around 60 with a white beard and a burgundy velvet jacket. The third is a thin man around 54 with gray hair and sharp features, wearing a dark navy coat. Behind them, a Swedish carpenter with light brown hair uses a small chisel to carve ornate floral details into a wooden chair leg clamped to his workbench. Wood shavings curl at his feet. Half-finished furniture pieces fill the workshop. Handheld shot on 35mm film in the style of Roger Deakins. Diagonal room composition Make the aspect ratio of the generated image the same as provided image"
}
2025-11-05 23:50:38 | DEBUG    | src.api.client:_call_with_retry:170 - API call successful
2025-11-05 23:50:38 | WARNING  | src.api.client:generate_image:117 - API PARAMETER FILTERING DETECTED:
2025-11-05 23:50:38 | WARNING  | src.api.client:generate_image:118 -   Model: google/nano-banana
2025-11-05 23:50:38 | WARNING  | src.api.client:generate_image:119 -   Filtered parameters: ['image_input']
2025-11-05 23:50:38 | WARNING  | src.api.client:generate_image:120 -   This means the model doesn't support these parameters
2025-11-05 23:50:39 | INFO     | src.output.writer:_save_to_disk:192 - Saved valid image: USER-FILES/05.OUTPUT/251105_234922_IMAGE/SweGuilds_007_IMAGE_235038_nano-banano16x9_deakins.png
2025-11-05 23:50:39 | DEBUG    | src.output.writer:_save_payload:257 - Saved payload to USER-FILES/05.OUTPUT/251105_234922_IMAGE/SweGuilds_007_IMAGE_235038_nano-banano16x9_deakins.md
2025-11-05 23:50:39 | INFO     | src.processing.processor:_generate_and_save_image:248 - Saved image: USER-FILES/05.OUTPUT/251105_234922_IMAGE/SweGuilds_007_IMAGE_235038_nano-banano16x9_deakins.png
2025-11-05 23:50:39 | INFO     | src.processing.discovery:load_prompts:63 - Loaded prompt from SweGuilds_008.txt
2025-11-05 23:50:39 | INFO     | src.processing.processor:_process_single_combination:119 - Processing combination 8/20: SweGuilds_008.txt + nano-banano16x9_deakins
2025-11-05 23:50:39 | DEBUG    | src.processing.processor:_apply_prompt_fixes:204 - Added prefix to prompt: A cinematic scene from the 
2025-11-05 23:50:39 | DEBUG    | src.processing.processor:_apply_prompt_fixes:208 - Added suffix to prompt: Handheld shot on 35mm film in the style of Roger Deakins. Diagonal room composition Make the aspect ratio of the generated image the same as provided image
2025-11-05 23:50:39 | DEBUG    | src.processing.processor:_process_with_context:186 - Processing SweGuilds_008.txt: A cinematic scene from the  Early 1800s Stockholm ...
2025-11-05 23:50:39 | DEBUG    | src.api.client:generate_image:85 - CRITICAL DEBUG - Received params: {
  "num_images": 1,
  "image_input": [
    "https://f003.backblazeb2.com/file/aspect-ratio-reference/aspect_ratio_reference_16x9.png"
  ],
  "output_format": "png"
}
2025-11-05 23:50:39 | DEBUG    | src.api.client:generate_image:86 - CRITICAL DEBUG - Constructed payload: {
  "num_images": 1,
  "image_input": [
    "https://f003.backblazeb2.com/file/aspect-ratio-reference/aspect_ratio_reference_16x9.png"
  ],
  "output_format": "png",
  "prompt": "A cinematic scene from the  Early 1800s Stockholm guild meeting hall. In the foreground, three wealthy Swedish guild masters stand with stern, serious faces, surveying the room. The first is an imposing man around 58 with iron-gray hair, a black coat with gold chain, and hands clasped behind his back. The second is a portly man around 60 with white hair, thick eyebrows, and a dark green jacket. The third is a gaunt man around 55 with a receding hairline and a somber brown coat. Behind them at a large wooden table, various craftsmen discuss their trades - a blacksmith examines tools, a carpenter holds wood samples, a silversmith inspects chains. Afternoon light streams through tall windows. Handheld shot on 35mm film in the style of Roger Deakins. Diagonal room composition Make the aspect ratio of the generated image the same as provided image"
}
2025-11-05 23:50:39 | DEBUG    | src.api.client:generate_image:89 - Original prompt: A cinematic scene from the  Early 1800s Stockholm guild meeting hall. In the foreground, three wealthy Swedish guild masters stand with stern, serious faces, surveying the room. The first is an imposing man around 58 with iron-gray hair, a black coat with gold chain, and hands clasped behind his back. The second is a portly man around 60 with white hair, thick eyebrows, and a dark green jacket. The third is a gaunt man around 55 with a receding hairline and a somber brown coat. Behind them at a large wooden table, various craftsmen discuss their trades - a blacksmith examines tools, a carpenter holds wood samples, a silversmith inspects chains. Afternoon light streams through tall windows. Handheld shot on 35mm film in the style of Roger Deakins. Diagonal room composition Make the aspect ratio of the generated image the same as provided image
2025-11-05 23:50:39 | DEBUG    | src.api.client:generate_image:90 - Clean prompt being sent: A cinematic scene from the  Early 1800s Stockholm guild meeting hall. In the foreground, three wealthy Swedish guild masters stand with stern, serious faces, surveying the room. The first is an imposing man around 58 with iron-gray hair, a black coat with gold chain, and hands clasped behind his back. The second is a portly man around 60 with white hair, thick eyebrows, and a dark green jacket. The third is a gaunt man around 55 with a receding hairline and a somber brown coat. Behind them at a large wooden table, various craftsmen discuss their trades - a blacksmith examines tools, a carpenter holds wood samples, a silversmith inspects chains. Afternoon light streams through tall windows. Handheld shot on 35mm film in the style of Roger Deakins. Diagonal room composition Make the aspect ratio of the generated image the same as provided image
2025-11-05 23:50:39 | DEBUG    | src.api.client:generate_image:91 - Clean prompt repr: 'A cinematic scene from the  Early 1800s Stockholm guild meeting hall. In the foreground, three wealthy Swedish guild masters stand with stern, serious faces, surveying the room. The first is an imposing man around 58 with iron-gray hair, a black coat with gold chain, and hands clasped behind his back. The second is a portly man around 60 with white hair, thick eyebrows, and a dark green jacket. The third is a gaunt man around 55 with a receding hairline and a somber brown coat. Behind them at a large wooden table, various craftsmen discuss their trades - a blacksmith examines tools, a carpenter holds wood samples, a silversmith inspects chains. Afternoon light streams through tall windows. Handheld shot on 35mm film in the style of Roger Deakins. Diagonal room composition Make the aspect ratio of the generated image the same as provided image'
2025-11-05 23:50:39 | DEBUG    | src.api.client:_call_with_retry:152 - API call attempt 1/3
2025-11-05 23:50:39 | DEBUG    | src.api.client:_call_with_retry:155 - CRITICAL DEBUG - Payload sent to replicate.run: {
  "num_images": 1,
  "image_input": [
    "https://f003.backblazeb2.com/file/aspect-ratio-reference/aspect_ratio_reference_16x9.png"
  ],
  "output_format": "png",
  "prompt": "A cinematic scene from the  Early 1800s Stockholm guild meeting hall. In the foreground, three wealthy Swedish guild masters stand with stern, serious faces, surveying the room. The first is an imposing man around 58 with iron-gray hair, a black coat with gold chain, and hands clasped behind his back. The second is a portly man around 60 with white hair, thick eyebrows, and a dark green jacket. The third is a gaunt man around 55 with a receding hairline and a somber brown coat. Behind them at a large wooden table, various craftsmen discuss their trades - a blacksmith examines tools, a carpenter holds wood samples, a silversmith inspects chains. Afternoon light streams through tall windows. Handheld shot on 35mm film in the style of Roger Deakins. Diagonal room composition Make the aspect ratio of the generated image the same as provided image"
}
2025-11-05 23:50:48 | DEBUG    | src.api.client:_call_with_retry:170 - API call successful
2025-11-05 23:50:48 | WARNING  | src.api.client:generate_image:117 - API PARAMETER FILTERING DETECTED:
2025-11-05 23:50:48 | WARNING  | src.api.client:generate_image:118 -   Model: google/nano-banana
2025-11-05 23:50:48 | WARNING  | src.api.client:generate_image:119 -   Filtered parameters: ['image_input']
2025-11-05 23:50:48 | WARNING  | src.api.client:generate_image:120 -   This means the model doesn't support these parameters
2025-11-05 23:50:50 | INFO     | src.output.writer:_save_to_disk:192 - Saved valid image: USER-FILES/05.OUTPUT/251105_234922_IMAGE/SweGuilds_008_IMAGE_235048_nano-banano16x9_deakins.png
2025-11-05 23:50:50 | DEBUG    | src.output.writer:_save_payload:257 - Saved payload to USER-FILES/05.OUTPUT/251105_234922_IMAGE/SweGuilds_008_IMAGE_235048_nano-banano16x9_deakins.md
2025-11-05 23:50:50 | INFO     | src.processing.processor:_generate_and_save_image:248 - Saved image: USER-FILES/05.OUTPUT/251105_234922_IMAGE/SweGuilds_008_IMAGE_235048_nano-banano16x9_deakins.png
2025-11-05 23:50:50 | INFO     | src.processing.discovery:load_prompts:63 - Loaded prompt from SweGuilds_009.txt
2025-11-05 23:50:50 | INFO     | src.processing.processor:_process_single_combination:119 - Processing combination 9/20: SweGuilds_009.txt + nano-banano16x9_deakins
2025-11-05 23:50:50 | DEBUG    | src.processing.processor:_apply_prompt_fixes:204 - Added prefix to prompt: A cinematic scene from the 
2025-11-05 23:50:50 | DEBUG    | src.processing.processor:_apply_prompt_fixes:208 - Added suffix to prompt: Handheld shot on 35mm film in the style of Roger Deakins. Diagonal room composition Make the aspect ratio of the generated image the same as provided image
2025-11-05 23:50:50 | DEBUG    | src.processing.processor:_process_with_context:186 - Processing SweGuilds_009.txt: A cinematic scene from the  Early 1800s Uppsala si...
2025-11-05 23:50:50 | DEBUG    | src.api.client:generate_image:85 - CRITICAL DEBUG - Received params: {
  "num_images": 1,
  "image_input": [
    "https://f003.backblazeb2.com/file/aspect-ratio-reference/aspect_ratio_reference_16x9.png"
  ],
  "output_format": "png"
}
2025-11-05 23:50:50 | DEBUG    | src.api.client:generate_image:86 - CRITICAL DEBUG - Constructed payload: {
  "num_images": 1,
  "image_input": [
    "https://f003.backblazeb2.com/file/aspect-ratio-reference/aspect_ratio_reference_16x9.png"
  ],
  "output_format": "png",
  "prompt": "A cinematic scene from the  Early 1800s Uppsala silversmith workshop. In the foreground, three wealthy Swedish guild masters observe with stern, serious expressions. The first is a distinguished man around 57 with silver hair, a monocle, and a black tailcoat. The second is a sturdy man around 60 with a gray beard and a dark blue coat with silver buttons. The third is a lean man around 52 with brown-gray hair and a severe expression, wearing a charcoal jacket. Behind them, Swedish apprentices work on silver pieces at a long workbench - a teenage boy polishing a goblet, an older apprentice working on a plate, a third watching their elderly master demonstrate technique. Shelves of finished silverware gleam in the background. Handheld shot on 35mm film in the style of Roger Deakins. Diagonal room composition Make the aspect ratio of the generated image the same as provided image"
}
2025-11-05 23:50:50 | DEBUG    | src.api.client:generate_image:89 - Original prompt: A cinematic scene from the  Early 1800s Uppsala silversmith workshop. In the foreground, three wealthy Swedish guild masters observe with stern, serious expressions. The first is a distinguished man around 57 with silver hair, a monocle, and a black tailcoat. The second is a sturdy man around 60 with a gray beard and a dark blue coat with silver buttons. The third is a lean man around 52 with brown-gray hair and a severe expression, wearing a charcoal jacket. Behind them, Swedish apprentices work on silver pieces at a long workbench - a teenage boy polishing a goblet, an older apprentice working on a plate, a third watching their elderly master demonstrate technique. Shelves of finished silverware gleam in the background. Handheld shot on 35mm film in the style of Roger Deakins. Diagonal room composition Make the aspect ratio of the generated image the same as provided image
2025-11-05 23:50:50 | DEBUG    | src.api.client:generate_image:90 - Clean prompt being sent: A cinematic scene from the  Early 1800s Uppsala silversmith workshop. In the foreground, three wealthy Swedish guild masters observe with stern, serious expressions. The first is a distinguished man around 57 with silver hair, a monocle, and a black tailcoat. The second is a sturdy man around 60 with a gray beard and a dark blue coat with silver buttons. The third is a lean man around 52 with brown-gray hair and a severe expression, wearing a charcoal jacket. Behind them, Swedish apprentices work on silver pieces at a long workbench - a teenage boy polishing a goblet, an older apprentice working on a plate, a third watching their elderly master demonstrate technique. Shelves of finished silverware gleam in the background. Handheld shot on 35mm film in the style of Roger Deakins. Diagonal room composition Make the aspect ratio of the generated image the same as provided image
2025-11-05 23:50:50 | DEBUG    | src.api.client:generate_image:91 - Clean prompt repr: 'A cinematic scene from the  Early 1800s Uppsala silversmith workshop. In the foreground, three wealthy Swedish guild masters observe with stern, serious expressions. The first is a distinguished man around 57 with silver hair, a monocle, and a black tailcoat. The second is a sturdy man around 60 with a gray beard and a dark blue coat with silver buttons. The third is a lean man around 52 with brown-gray hair and a severe expression, wearing a charcoal jacket. Behind them, Swedish apprentices work on silver pieces at a long workbench - a teenage boy polishing a goblet, an older apprentice working on a plate, a third watching their elderly master demonstrate technique. Shelves of finished silverware gleam in the background. Handheld shot on 35mm film in the style of Roger Deakins. Diagonal room composition Make the aspect ratio of the generated image the same as provided image'
2025-11-05 23:50:50 | DEBUG    | src.api.client:_call_with_retry:152 - API call attempt 1/3
2025-11-05 23:50:50 | DEBUG    | src.api.client:_call_with_retry:155 - CRITICAL DEBUG - Payload sent to replicate.run: {
  "num_images": 1,
  "image_input": [
    "https://f003.backblazeb2.com/file/aspect-ratio-reference/aspect_ratio_reference_16x9.png"
  ],
  "output_format": "png",
  "prompt": "A cinematic scene from the  Early 1800s Uppsala silversmith workshop. In the foreground, three wealthy Swedish guild masters observe with stern, serious expressions. The first is a distinguished man around 57 with silver hair, a monocle, and a black tailcoat. The second is a sturdy man around 60 with a gray beard and a dark blue coat with silver buttons. The third is a lean man around 52 with brown-gray hair and a severe expression, wearing a charcoal jacket. Behind them, Swedish apprentices work on silver pieces at a long workbench - a teenage boy polishing a goblet, an older apprentice working on a plate, a third watching their elderly master demonstrate technique. Shelves of finished silverware gleam in the background. Handheld shot on 35mm film in the style of Roger Deakins. Diagonal room composition Make the aspect ratio of the generated image the same as provided image"
}
2025-11-05 23:51:00 | DEBUG    | src.api.client:_call_with_retry:170 - API call successful
2025-11-05 23:51:00 | WARNING  | src.api.client:generate_image:117 - API PARAMETER FILTERING DETECTED:
2025-11-05 23:51:00 | WARNING  | src.api.client:generate_image:118 -   Model: google/nano-banana
2025-11-05 23:51:00 | WARNING  | src.api.client:generate_image:119 -   Filtered parameters: ['image_input']
2025-11-05 23:51:00 | WARNING  | src.api.client:generate_image:120 -   This means the model doesn't support these parameters
2025-11-05 23:51:01 | INFO     | src.output.writer:_save_to_disk:192 - Saved valid image: USER-FILES/05.OUTPUT/251105_234922_IMAGE/SweGuilds_009_IMAGE_235100_nano-banano16x9_deakins.png
2025-11-05 23:51:01 | DEBUG    | src.output.writer:_save_payload:257 - Saved payload to USER-FILES/05.OUTPUT/251105_234922_IMAGE/SweGuilds_009_IMAGE_235100_nano-banano16x9_deakins.md
2025-11-05 23:51:01 | INFO     | src.processing.processor:_generate_and_save_image:248 - Saved image: USER-FILES/05.OUTPUT/251105_234922_IMAGE/SweGuilds_009_IMAGE_235100_nano-banano16x9_deakins.png
2025-11-05 23:51:01 | INFO     | src.processing.discovery:load_prompts:63 - Loaded prompt from SweGuilds_010.txt
2025-11-05 23:51:01 | INFO     | src.processing.processor:_process_single_combination:119 - Processing combination 10/20: SweGuilds_010.txt + nano-banano16x9_deakins
2025-11-05 23:51:01 | DEBUG    | src.processing.processor:_apply_prompt_fixes:204 - Added prefix to prompt: A cinematic scene from the 
2025-11-05 23:51:01 | DEBUG    | src.processing.processor:_apply_prompt_fixes:208 - Added suffix to prompt: Handheld shot on 35mm film in the style of Roger Deakins. Diagonal room composition Make the aspect ratio of the generated image the same as provided image
2025-11-05 23:51:01 | DEBUG    | src.processing.processor:_process_with_context:186 - Processing SweGuilds_010.txt: A cinematic scene from the  Early 1800s Norrköping...
2025-11-05 23:51:01 | DEBUG    | src.api.client:generate_image:85 - CRITICAL DEBUG - Received params: {
  "num_images": 1,
  "image_input": [
    "https://f003.backblazeb2.com/file/aspect-ratio-reference/aspect_ratio_reference_16x9.png"
  ],
  "output_format": "png"
}
2025-11-05 23:51:01 | DEBUG    | src.api.client:generate_image:86 - CRITICAL DEBUG - Constructed payload: {
  "num_images": 1,
  "image_input": [
    "https://f003.backblazeb2.com/file/aspect-ratio-reference/aspect_ratio_reference_16x9.png"
  ],
  "output_format": "png",
  "prompt": "A cinematic scene from the  Early 1800s Norrk\u00f6ping textile workshop. In the foreground, three wealthy Swedish guild masters stand with stern, serious faces. The first is a tall man around 59 with white hair and a black coat with brass buttons. The second is a heavy-set man around 56 with gray mutton chops and a navy blue jacket. The third is a thin man around 60 with a bald head, wire spectacles, and a brown wool coat. Behind them, Swedish women work at spinning wheels by large windows - a young woman with pale blonde hair, an older woman with steel-gray hair, a middle-aged woman, and a teenage girl learning. Golden afternoon light streams through the glass, illuminating floating wool fibers. Handheld shot on 35mm film in the style of Roger Deakins. Diagonal room composition Make the aspect ratio of the generated image the same as provided image"
}
2025-11-05 23:51:01 | DEBUG    | src.api.client:generate_image:89 - Original prompt: A cinematic scene from the  Early 1800s Norrköping textile workshop. In the foreground, three wealthy Swedish guild masters stand with stern, serious faces. The first is a tall man around 59 with white hair and a black coat with brass buttons. The second is a heavy-set man around 56 with gray mutton chops and a navy blue jacket. The third is a thin man around 60 with a bald head, wire spectacles, and a brown wool coat. Behind them, Swedish women work at spinning wheels by large windows - a young woman with pale blonde hair, an older woman with steel-gray hair, a middle-aged woman, and a teenage girl learning. Golden afternoon light streams through the glass, illuminating floating wool fibers. Handheld shot on 35mm film in the style of Roger Deakins. Diagonal room composition Make the aspect ratio of the generated image the same as provided image
2025-11-05 23:51:01 | DEBUG    | src.api.client:generate_image:90 - Clean prompt being sent: A cinematic scene from the  Early 1800s Norrköping textile workshop. In the foreground, three wealthy Swedish guild masters stand with stern, serious faces. The first is a tall man around 59 with white hair and a black coat with brass buttons. The second is a heavy-set man around 56 with gray mutton chops and a navy blue jacket. The third is a thin man around 60 with a bald head, wire spectacles, and a brown wool coat. Behind them, Swedish women work at spinning wheels by large windows - a young woman with pale blonde hair, an older woman with steel-gray hair, a middle-aged woman, and a teenage girl learning. Golden afternoon light streams through the glass, illuminating floating wool fibers. Handheld shot on 35mm film in the style of Roger Deakins. Diagonal room composition Make the aspect ratio of the generated image the same as provided image
2025-11-05 23:51:01 | DEBUG    | src.api.client:generate_image:91 - Clean prompt repr: 'A cinematic scene from the  Early 1800s Norrköping textile workshop. In the foreground, three wealthy Swedish guild masters stand with stern, serious faces. The first is a tall man around 59 with white hair and a black coat with brass buttons. The second is a heavy-set man around 56 with gray mutton chops and a navy blue jacket. The third is a thin man around 60 with a bald head, wire spectacles, and a brown wool coat. Behind them, Swedish women work at spinning wheels by large windows - a young woman with pale blonde hair, an older woman with steel-gray hair, a middle-aged woman, and a teenage girl learning. Golden afternoon light streams through the glass, illuminating floating wool fibers. Handheld shot on 35mm film in the style of Roger Deakins. Diagonal room composition Make the aspect ratio of the generated image the same as provided image'
2025-11-05 23:51:01 | DEBUG    | src.api.client:_call_with_retry:152 - API call attempt 1/3
2025-11-05 23:51:01 | DEBUG    | src.api.client:_call_with_retry:155 - CRITICAL DEBUG - Payload sent to replicate.run: {
  "num_images": 1,
  "image_input": [
    "https://f003.backblazeb2.com/file/aspect-ratio-reference/aspect_ratio_reference_16x9.png"
  ],
  "output_format": "png",
  "prompt": "A cinematic scene from the  Early 1800s Norrk\u00f6ping textile workshop. In the foreground, three wealthy Swedish guild masters stand with stern, serious faces. The first is a tall man around 59 with white hair and a black coat with brass buttons. The second is a heavy-set man around 56 with gray mutton chops and a navy blue jacket. The third is a thin man around 60 with a bald head, wire spectacles, and a brown wool coat. Behind them, Swedish women work at spinning wheels by large windows - a young woman with pale blonde hair, an older woman with steel-gray hair, a middle-aged woman, and a teenage girl learning. Golden afternoon light streams through the glass, illuminating floating wool fibers. Handheld shot on 35mm film in the style of Roger Deakins. Diagonal room composition Make the aspect ratio of the generated image the same as provided image"
}
2025-11-05 23:51:10 | WARNING  | __main__:main:350 - Interrupted by user
