2026-01-03 13:33:44 | INFO     | src.utils.logging:setup_logging:39 - Logging configured (verbose=False, debug=False)
2026-01-03 13:33:44 | INFO     | __main__:setup_environment:79 - Environment initialized
2026-01-03 13:33:44 | INFO     | __main__:load_and_validate_config:84 - Loading configuration...
2026-01-03 13:33:44 | INFO     | src.config.loader:load_config:42 - Loaded configuration from USER-FILES/01.CONFIG/config.yaml
2026-01-03 13:33:44 | INFO     | __main__:authenticate_for_mode:273 - Authenticating with 1Password...
2026-01-03 13:33:45 | DEBUG    | src.auth.session_manager:ensure_op_auth:39 - 1Password session is active
2026-01-03 13:33:46 | DEBUG    | src.auth.session_manager:ensure_op_auth:39 - 1Password session is active
2026-01-03 13:33:46 | DEBUG    | src.auth.auth:load_auth_config:28 - Using auth config: auth_ruben.yaml
2026-01-03 13:33:48 | DEBUG    | src.auth.auth:get_api_key:77 - Retrieved API key: r8_K...
2026-01-03 13:33:48 | INFO     | __main__:discover_inputs_and_profiles:92 - Discovering inputs...
2026-01-03 13:33:48 | DEBUG    | src.processing.discovery:discover_prompt_files:42 - Found markdown file: frame_2258.md
2026-01-03 13:33:48 | DEBUG    | src.processing.discovery:discover_prompt_files:42 - Found markdown file: frame_1854.md
2026-01-03 13:33:48 | DEBUG    | src.processing.discovery:discover_prompt_files:42 - Found markdown file: frame_1713.md
2026-01-03 13:33:48 | DEBUG    | src.processing.discovery:discover_prompt_files:42 - Found markdown file: frame_0214.md
2026-01-03 13:33:48 | INFO     | src.processing.discovery:discover_prompt_files:47 - Discovered 4 markdown files
2026-01-03 13:33:48 | DEBUG    | src.processing.discovery:discover_profiles:98 - Loaded profile: USER-FILES/03.PROFILES/nano-banano-pro-2k_16x9_wbt_lebanon.yaml
2026-01-03 13:33:48 | INFO     | src.processing.discovery:discover_profiles:102 - Loaded 1 profiles
2026-01-03 13:33:48 | INFO     | src.processing.discovery:get_active_models:148 - Found profile: nano-banano-pro-2k_16x9_wbt_lebanon
2026-01-03 13:33:48 | INFO     | src.processing.discovery:get_active_models:153 - Total profiles to process: 1
2026-01-03 13:33:48 | INFO     | src.config.validator:validate_all:26 - All configuration validation passed
2026-01-03 13:33:48 | INFO     | __main__:initialize_services:186 - Output directory: USER-FILES/05.OUTPUT/260103_133348_IMAGE
2026-01-03 13:33:48 | INFO     | __main__:execute_processing:221 - Starting matrix processing...
2026-01-03 13:33:48 | DEBUG    | src.processing.validator:validate_operational_requirements:30 - Profile 'nano-banano-pro-2k_16x9_wbt_lebanon' operational validation passed
2026-01-03 13:33:48 | INFO     | src.processing.processor:process_all:66 - Processing 4 combinations (4 files × 1 profiles)
2026-01-03 13:33:48 | DEBUG    | src.processing.processor:_process_single_combination:132 - Extracted image URL from markdown: https://f003.backblazeb2.com/file/wbt-bucket/generic_israel/frame_0214.jpg
2026-01-03 13:33:48 | INFO     | src.processing.discovery:load_prompts:66 - Extracted prompt from frame_0214.md
2026-01-03 13:33:48 | INFO     | src.processing.processor:_process_single_combination:141 - Processing combination 1/4: frame_0214.md + nano-banano-pro-2k_16x9_wbt_lebanon
2026-01-03 13:33:48 | DEBUG    | src.processing.processor:_process_single_combination:163 - Built image_input array with 1 URL(s): ['https://f003.backblazeb2.com/file/wbt-bucket/generic_israel/frame_0214.jpg']
2026-01-03 13:33:48 | DEBUG    | src.processing.processor:_apply_prompt_fixes:235 - Added prefix to prompt: Create an exact, photorealistic version of the provided drawing. The the drawing is suppose to depict scenes from the 1982 war in Lebanon. The drawing depicts 
2026-01-03 13:33:48 | DEBUG    | src.processing.processor:_apply_prompt_fixes:239 - Added suffix to prompt: The created image should look like it was shot on 35mm film by Roger Deakins.
2026-01-03 13:33:48 | DEBUG    | src.processing.processor:_process_with_context:215 - Processing frame_0214.md: Create an exact, photorealistic version of the pro...
2026-01-03 13:33:48 | DEBUG    | src.api.client:generate_image:85 - CRITICAL DEBUG - Received params: {
  "num_images": 1,
  "aspect_ratio": "16:9",
  "output_format": "png",
  "resolution": "2K",
  "safety_filter_level": "block_only_high",
  "image_input": [
    "https://f003.backblazeb2.com/file/wbt-bucket/generic_israel/frame_0214.jpg"
  ]
}
2026-01-03 13:33:48 | DEBUG    | src.api.client:generate_image:86 - CRITICAL DEBUG - Constructed payload: {
  "num_images": 1,
  "aspect_ratio": "16:9",
  "output_format": "png",
  "resolution": "2K",
  "safety_filter_level": "block_only_high",
  "image_input": [
    "https://f003.backblazeb2.com/file/wbt-bucket/generic_israel/frame_0214.jpg"
  ],
  "prompt": "Create an exact, photorealistic version of the provided drawing. The the drawing is suppose to depict scenes from the 1982 war in Lebanon. The drawing depicts  High contrast image drawn at a low angle looking up. On a beach, the dark  silhouetted of three soldiers in their wet underwear midst getting dressed as they stand on sands. On the ground are their uniforms and riffles. In the distance is the bright golden sun rising. The created image should look like it was shot on 35mm film by Roger Deakins."
}
2026-01-03 13:33:48 | DEBUG    | src.api.client:generate_image:89 - Original prompt: Create an exact, photorealistic version of the provided drawing. The the drawing is suppose to depict scenes from the 1982 war in Lebanon. The drawing depicts  High contrast image drawn at a low angle looking up. On a beach, the dark  silhouetted of three soldiers in their wet underwear midst getting dressed as they stand on sands. On the ground are their uniforms and riffles. In the distance is the bright golden sun rising. The created image should look like it was shot on 35mm film by Roger Deakins.
2026-01-03 13:33:48 | DEBUG    | src.api.client:generate_image:90 - Clean prompt being sent: Create an exact, photorealistic version of the provided drawing. The the drawing is suppose to depict scenes from the 1982 war in Lebanon. The drawing depicts  High contrast image drawn at a low angle looking up. On a beach, the dark  silhouetted of three soldiers in their wet underwear midst getting dressed as they stand on sands. On the ground are their uniforms and riffles. In the distance is the bright golden sun rising. The created image should look like it was shot on 35mm film by Roger Deakins.
2026-01-03 13:33:48 | DEBUG    | src.api.client:generate_image:91 - Clean prompt repr: 'Create an exact, photorealistic version of the provided drawing. The the drawing is suppose to depict scenes from the 1982 war in Lebanon. The drawing depicts  High contrast image drawn at a low angle looking up. On a beach, the dark  silhouetted of three soldiers in their wet underwear midst getting dressed as they stand on sands. On the ground are their uniforms and riffles. In the distance is the bright golden sun rising. The created image should look like it was shot on 35mm film by Roger Deakins.'
2026-01-03 13:33:48 | DEBUG    | src.api.client:_call_with_retry:152 - API call attempt 1/3
2026-01-03 13:33:48 | DEBUG    | src.api.client:_call_with_retry:155 - CRITICAL DEBUG - Payload sent to replicate.run: {
  "num_images": 1,
  "aspect_ratio": "16:9",
  "output_format": "png",
  "resolution": "2K",
  "safety_filter_level": "block_only_high",
  "image_input": [
    "https://f003.backblazeb2.com/file/wbt-bucket/generic_israel/frame_0214.jpg"
  ],
  "prompt": "Create an exact, photorealistic version of the provided drawing. The the drawing is suppose to depict scenes from the 1982 war in Lebanon. The drawing depicts  High contrast image drawn at a low angle looking up. On a beach, the dark  silhouetted of three soldiers in their wet underwear midst getting dressed as they stand on sands. On the ground are their uniforms and riffles. In the distance is the bright golden sun rising. The created image should look like it was shot on 35mm film by Roger Deakins."
}
2026-01-03 13:34:19 | DEBUG    | src.api.client:_call_with_retry:170 - API call successful
2026-01-03 13:34:19 | WARNING  | src.api.client:generate_image:117 - API PARAMETER FILTERING DETECTED:
2026-01-03 13:34:19 | WARNING  | src.api.client:generate_image:118 -   Model: google/nano-banana-pro
2026-01-03 13:34:19 | WARNING  | src.api.client:generate_image:119 -   Filtered parameters: ['image_input']
2026-01-03 13:34:19 | WARNING  | src.api.client:generate_image:120 -   This means the model doesn't support these parameters
2026-01-03 13:34:21 | INFO     | src.output.writer:_save_to_disk:203 - Saved valid image: USER-FILES/05.OUTPUT/260103_133348_IMAGE/260103_133419_frame_0214.png
2026-01-03 13:34:21 | DEBUG    | src.output.writer:_save_payload:270 - Saved payload to USER-FILES/05.OUTPUT/260103_133348_IMAGE/260103_133419_frame_0214.md
2026-01-03 13:34:21 | INFO     | src.processing.processor:_generate_and_save_image:276 - Saved image: USER-FILES/05.OUTPUT/260103_133348_IMAGE/260103_133419_frame_0214.png
2026-01-03 13:34:21 | INFO     | src.processing.processor:_process_with_context:226 - Waiting 1.0 seconds before next request
2026-01-03 13:34:22 | DEBUG    | src.processing.processor:_process_single_combination:132 - Extracted image URL from markdown: https://f003.backblazeb2.com/file/wbt-bucket/generic_israel/frame_1714.jpg
2026-01-03 13:34:22 | INFO     | src.processing.discovery:load_prompts:66 - Extracted prompt from frame_1713.md
2026-01-03 13:34:22 | INFO     | src.processing.processor:_process_single_combination:141 - Processing combination 2/4: frame_1713.md + nano-banano-pro-2k_16x9_wbt_lebanon
2026-01-03 13:34:22 | DEBUG    | src.processing.processor:_process_single_combination:163 - Built image_input array with 1 URL(s): ['https://f003.backblazeb2.com/file/wbt-bucket/generic_israel/frame_1714.jpg']
2026-01-03 13:34:22 | DEBUG    | src.processing.processor:_apply_prompt_fixes:235 - Added prefix to prompt: Create an exact, photorealistic version of the provided drawing. The the drawing is suppose to depict scenes from the 1982 war in Lebanon. The drawing depicts 
2026-01-03 13:34:22 | DEBUG    | src.processing.processor:_apply_prompt_fixes:239 - Added suffix to prompt: The created image should look like it was shot on 35mm film by Roger Deakins.
2026-01-03 13:34:22 | DEBUG    | src.processing.processor:_process_with_context:215 - Processing frame_1713.md: Create an exact, photorealistic version of the pro...
2026-01-03 13:34:22 | DEBUG    | src.api.client:generate_image:85 - CRITICAL DEBUG - Received params: {
  "num_images": 1,
  "aspect_ratio": "16:9",
  "output_format": "png",
  "resolution": "2K",
  "safety_filter_level": "block_only_high",
  "image_input": [
    "https://f003.backblazeb2.com/file/wbt-bucket/generic_israel/frame_1714.jpg"
  ]
}
2026-01-03 13:34:22 | DEBUG    | src.api.client:generate_image:86 - CRITICAL DEBUG - Constructed payload: {
  "num_images": 1,
  "aspect_ratio": "16:9",
  "output_format": "png",
  "resolution": "2K",
  "safety_filter_level": "block_only_high",
  "image_input": [
    "https://f003.backblazeb2.com/file/wbt-bucket/generic_israel/frame_1714.jpg"
  ],
  "prompt": "Create an exact, photorealistic version of the provided drawing. The the drawing is suppose to depict scenes from the 1982 war in Lebanon. The drawing depicts  In the foreground is a banana grove. A armored vehicles is driving laterally across the grove. Blue and pink sky at twilight. The created image should look like it was shot on 35mm film by Roger Deakins."
}
2026-01-03 13:34:22 | DEBUG    | src.api.client:generate_image:89 - Original prompt: Create an exact, photorealistic version of the provided drawing. The the drawing is suppose to depict scenes from the 1982 war in Lebanon. The drawing depicts  In the foreground is a banana grove. A armored vehicles is driving laterally across the grove. Blue and pink sky at twilight. The created image should look like it was shot on 35mm film by Roger Deakins.
2026-01-03 13:34:22 | DEBUG    | src.api.client:generate_image:90 - Clean prompt being sent: Create an exact, photorealistic version of the provided drawing. The the drawing is suppose to depict scenes from the 1982 war in Lebanon. The drawing depicts  In the foreground is a banana grove. A armored vehicles is driving laterally across the grove. Blue and pink sky at twilight. The created image should look like it was shot on 35mm film by Roger Deakins.
2026-01-03 13:34:22 | DEBUG    | src.api.client:generate_image:91 - Clean prompt repr: 'Create an exact, photorealistic version of the provided drawing. The the drawing is suppose to depict scenes from the 1982 war in Lebanon. The drawing depicts  In the foreground is a banana grove. A armored vehicles is driving laterally across the grove. Blue and pink sky at twilight. The created image should look like it was shot on 35mm film by Roger Deakins.'
2026-01-03 13:34:22 | DEBUG    | src.api.client:_call_with_retry:152 - API call attempt 1/3
2026-01-03 13:34:22 | DEBUG    | src.api.client:_call_with_retry:155 - CRITICAL DEBUG - Payload sent to replicate.run: {
  "num_images": 1,
  "aspect_ratio": "16:9",
  "output_format": "png",
  "resolution": "2K",
  "safety_filter_level": "block_only_high",
  "image_input": [
    "https://f003.backblazeb2.com/file/wbt-bucket/generic_israel/frame_1714.jpg"
  ],
  "prompt": "Create an exact, photorealistic version of the provided drawing. The the drawing is suppose to depict scenes from the 1982 war in Lebanon. The drawing depicts  In the foreground is a banana grove. A armored vehicles is driving laterally across the grove. Blue and pink sky at twilight. The created image should look like it was shot on 35mm film by Roger Deakins."
}
2026-01-03 13:35:00 | DEBUG    | src.api.client:_call_with_retry:170 - API call successful
2026-01-03 13:35:00 | WARNING  | src.api.client:generate_image:117 - API PARAMETER FILTERING DETECTED:
2026-01-03 13:35:00 | WARNING  | src.api.client:generate_image:118 -   Model: google/nano-banana-pro
2026-01-03 13:35:00 | WARNING  | src.api.client:generate_image:119 -   Filtered parameters: ['image_input']
2026-01-03 13:35:00 | WARNING  | src.api.client:generate_image:120 -   This means the model doesn't support these parameters
2026-01-03 13:35:01 | INFO     | src.output.writer:_save_to_disk:203 - Saved valid image: USER-FILES/05.OUTPUT/260103_133348_IMAGE/260103_133500_frame_1713.png
2026-01-03 13:35:01 | DEBUG    | src.output.writer:_save_payload:270 - Saved payload to USER-FILES/05.OUTPUT/260103_133348_IMAGE/260103_133500_frame_1713.md
2026-01-03 13:35:01 | INFO     | src.processing.processor:_generate_and_save_image:276 - Saved image: USER-FILES/05.OUTPUT/260103_133348_IMAGE/260103_133500_frame_1713.png
2026-01-03 13:35:01 | INFO     | src.processing.processor:_process_with_context:226 - Waiting 1.0 seconds before next request
2026-01-03 13:35:02 | DEBUG    | src.processing.processor:_process_single_combination:132 - Extracted image URL from markdown: https://f003.backblazeb2.com/file/wbt-bucket/generic_israel/frame_1854.jpg
2026-01-03 13:35:02 | INFO     | src.processing.discovery:load_prompts:66 - Extracted prompt from frame_1854.md
2026-01-03 13:35:02 | INFO     | src.processing.processor:_process_single_combination:141 - Processing combination 3/4: frame_1854.md + nano-banano-pro-2k_16x9_wbt_lebanon
2026-01-03 13:35:02 | DEBUG    | src.processing.processor:_process_single_combination:163 - Built image_input array with 1 URL(s): ['https://f003.backblazeb2.com/file/wbt-bucket/generic_israel/frame_1854.jpg']
2026-01-03 13:35:02 | DEBUG    | src.processing.processor:_apply_prompt_fixes:235 - Added prefix to prompt: Create an exact, photorealistic version of the provided drawing. The the drawing is suppose to depict scenes from the 1982 war in Lebanon. The drawing depicts 
2026-01-03 13:35:02 | DEBUG    | src.processing.processor:_apply_prompt_fixes:239 - Added suffix to prompt: The created image should look like it was shot on 35mm film by Roger Deakins.
2026-01-03 13:35:02 | DEBUG    | src.processing.processor:_process_with_context:215 - Processing frame_1854.md: Create an exact, photorealistic version of the pro...
2026-01-03 13:35:02 | DEBUG    | src.api.client:generate_image:85 - CRITICAL DEBUG - Received params: {
  "num_images": 1,
  "aspect_ratio": "16:9",
  "output_format": "png",
  "resolution": "2K",
  "safety_filter_level": "block_only_high",
  "image_input": [
    "https://f003.backblazeb2.com/file/wbt-bucket/generic_israel/frame_1854.jpg"
  ]
}
2026-01-03 13:35:02 | DEBUG    | src.api.client:generate_image:86 - CRITICAL DEBUG - Constructed payload: {
  "num_images": 1,
  "aspect_ratio": "16:9",
  "output_format": "png",
  "resolution": "2K",
  "safety_filter_level": "block_only_high",
  "image_input": [
    "https://f003.backblazeb2.com/file/wbt-bucket/generic_israel/frame_1854.jpg"
  ],
  "prompt": "Create an exact, photorealistic version of the provided drawing. The the drawing is suppose to depict scenes from the 1982 war in Lebanon. The drawing depicts  A photorealistic wartime photograph. In the foreground rebar sticking out of the ruins of a crumbled concrete structure, out of focus. In the sky fighter jets fly over the ruins of of war-torn city at twilight. City skyline of hallowed concrete shells of what was the citys buildings, now at structural failure. A building explodes as it is hit by a bomb. The created image should look like it was shot on 35mm film by Roger Deakins."
}
2026-01-03 13:35:02 | DEBUG    | src.api.client:generate_image:89 - Original prompt: Create an exact, photorealistic version of the provided drawing. The the drawing is suppose to depict scenes from the 1982 war in Lebanon. The drawing depicts  A photorealistic wartime photograph. In the foreground rebar sticking out of the ruins of a crumbled concrete structure, out of focus. In the sky fighter jets fly over the ruins of of war-torn city at twilight. City skyline of hallowed concrete shells of what was the citys buildings, now at structural failure. A building explodes as it is hit by a bomb. The created image should look like it was shot on 35mm film by Roger Deakins.
2026-01-03 13:35:02 | DEBUG    | src.api.client:generate_image:90 - Clean prompt being sent: Create an exact, photorealistic version of the provided drawing. The the drawing is suppose to depict scenes from the 1982 war in Lebanon. The drawing depicts  A photorealistic wartime photograph. In the foreground rebar sticking out of the ruins of a crumbled concrete structure, out of focus. In the sky fighter jets fly over the ruins of of war-torn city at twilight. City skyline of hallowed concrete shells of what was the citys buildings, now at structural failure. A building explodes as it is hit by a bomb. The created image should look like it was shot on 35mm film by Roger Deakins.
2026-01-03 13:35:02 | DEBUG    | src.api.client:generate_image:91 - Clean prompt repr: 'Create an exact, photorealistic version of the provided drawing. The the drawing is suppose to depict scenes from the 1982 war in Lebanon. The drawing depicts  A photorealistic wartime photograph. In the foreground rebar sticking out of the ruins of a crumbled concrete structure, out of focus. In the sky fighter jets fly over the ruins of of war-torn city at twilight. City skyline of hallowed concrete shells of what was the citys buildings, now at structural failure. A building explodes as it is hit by a bomb. The created image should look like it was shot on 35mm film by Roger Deakins.'
2026-01-03 13:35:02 | DEBUG    | src.api.client:_call_with_retry:152 - API call attempt 1/3
2026-01-03 13:35:02 | DEBUG    | src.api.client:_call_with_retry:155 - CRITICAL DEBUG - Payload sent to replicate.run: {
  "num_images": 1,
  "aspect_ratio": "16:9",
  "output_format": "png",
  "resolution": "2K",
  "safety_filter_level": "block_only_high",
  "image_input": [
    "https://f003.backblazeb2.com/file/wbt-bucket/generic_israel/frame_1854.jpg"
  ],
  "prompt": "Create an exact, photorealistic version of the provided drawing. The the drawing is suppose to depict scenes from the 1982 war in Lebanon. The drawing depicts  A photorealistic wartime photograph. In the foreground rebar sticking out of the ruins of a crumbled concrete structure, out of focus. In the sky fighter jets fly over the ruins of of war-torn city at twilight. City skyline of hallowed concrete shells of what was the citys buildings, now at structural failure. A building explodes as it is hit by a bomb. The created image should look like it was shot on 35mm film by Roger Deakins."
}
2026-01-03 13:35:37 | DEBUG    | src.api.client:_call_with_retry:170 - API call successful
2026-01-03 13:35:37 | WARNING  | src.api.client:generate_image:117 - API PARAMETER FILTERING DETECTED:
2026-01-03 13:35:37 | WARNING  | src.api.client:generate_image:118 -   Model: google/nano-banana-pro
2026-01-03 13:35:37 | WARNING  | src.api.client:generate_image:119 -   Filtered parameters: ['image_input']
2026-01-03 13:35:37 | WARNING  | src.api.client:generate_image:120 -   This means the model doesn't support these parameters
2026-01-03 13:35:38 | INFO     | src.output.writer:_save_to_disk:203 - Saved valid image: USER-FILES/05.OUTPUT/260103_133348_IMAGE/260103_133537_frame_1854.png
2026-01-03 13:35:38 | DEBUG    | src.output.writer:_save_payload:270 - Saved payload to USER-FILES/05.OUTPUT/260103_133348_IMAGE/260103_133537_frame_1854.md
2026-01-03 13:35:38 | INFO     | src.processing.processor:_generate_and_save_image:276 - Saved image: USER-FILES/05.OUTPUT/260103_133348_IMAGE/260103_133537_frame_1854.png
2026-01-03 13:35:38 | INFO     | src.processing.processor:_process_with_context:226 - Waiting 1.0 seconds before next request
2026-01-03 13:35:39 | DEBUG    | src.processing.processor:_process_single_combination:132 - Extracted image URL from markdown: https://f003.backblazeb2.com/file/wbt-bucket/generic_israel/frame_2258.png
2026-01-03 13:35:39 | INFO     | src.processing.discovery:load_prompts:66 - Extracted prompt from frame_2258.md
2026-01-03 13:35:39 | INFO     | src.processing.processor:_process_single_combination:141 - Processing combination 4/4: frame_2258.md + nano-banano-pro-2k_16x9_wbt_lebanon
2026-01-03 13:35:39 | DEBUG    | src.processing.processor:_process_single_combination:163 - Built image_input array with 1 URL(s): ['https://f003.backblazeb2.com/file/wbt-bucket/generic_israel/frame_2258.png']
2026-01-03 13:35:39 | DEBUG    | src.processing.processor:_apply_prompt_fixes:235 - Added prefix to prompt: Create an exact, photorealistic version of the provided drawing. The the drawing is suppose to depict scenes from the 1982 war in Lebanon. The drawing depicts 
2026-01-03 13:35:39 | DEBUG    | src.processing.processor:_apply_prompt_fixes:239 - Added suffix to prompt: The created image should look like it was shot on 35mm film by Roger Deakins.
2026-01-03 13:35:39 | DEBUG    | src.processing.processor:_process_with_context:215 - Processing frame_2258.md: Create an exact, photorealistic version of the pro...
2026-01-03 13:35:39 | DEBUG    | src.api.client:generate_image:85 - CRITICAL DEBUG - Received params: {
  "num_images": 1,
  "aspect_ratio": "16:9",
  "output_format": "png",
  "resolution": "2K",
  "safety_filter_level": "block_only_high",
  "image_input": [
    "https://f003.backblazeb2.com/file/wbt-bucket/generic_israel/frame_2258.png"
  ]
}
2026-01-03 13:35:39 | DEBUG    | src.api.client:generate_image:86 - CRITICAL DEBUG - Constructed payload: {
  "num_images": 1,
  "aspect_ratio": "16:9",
  "output_format": "png",
  "resolution": "2K",
  "safety_filter_level": "block_only_high",
  "image_input": [
    "https://f003.backblazeb2.com/file/wbt-bucket/generic_israel/frame_2258.png"
  ],
  "prompt": "Create an exact, photorealistic version of the provided drawing. The the drawing is suppose to depict scenes from the 1982 war in Lebanon. The drawing depicts  At the center of the drawing a fired RPG-7 warhead  is flying between two Israeli soldiers and towards the armored vehicle in the back. Around them is a olive-tree grove. The created image should look like it was shot on 35mm film by Roger Deakins."
}
2026-01-03 13:35:39 | DEBUG    | src.api.client:generate_image:89 - Original prompt: Create an exact, photorealistic version of the provided drawing. The the drawing is suppose to depict scenes from the 1982 war in Lebanon. The drawing depicts  At the center of the drawing a fired RPG-7 warhead  is flying between two Israeli soldiers and towards the armored vehicle in the back. Around them is a olive-tree grove. The created image should look like it was shot on 35mm film by Roger Deakins.
2026-01-03 13:35:39 | DEBUG    | src.api.client:generate_image:90 - Clean prompt being sent: Create an exact, photorealistic version of the provided drawing. The the drawing is suppose to depict scenes from the 1982 war in Lebanon. The drawing depicts  At the center of the drawing a fired RPG-7 warhead  is flying between two Israeli soldiers and towards the armored vehicle in the back. Around them is a olive-tree grove. The created image should look like it was shot on 35mm film by Roger Deakins.
2026-01-03 13:35:39 | DEBUG    | src.api.client:generate_image:91 - Clean prompt repr: 'Create an exact, photorealistic version of the provided drawing. The the drawing is suppose to depict scenes from the 1982 war in Lebanon. The drawing depicts  At the center of the drawing a fired RPG-7 warhead  is flying between two Israeli soldiers and towards the armored vehicle in the back. Around them is a olive-tree grove. The created image should look like it was shot on 35mm film by Roger Deakins.'
2026-01-03 13:35:39 | DEBUG    | src.api.client:_call_with_retry:152 - API call attempt 1/3
2026-01-03 13:35:39 | DEBUG    | src.api.client:_call_with_retry:155 - CRITICAL DEBUG - Payload sent to replicate.run: {
  "num_images": 1,
  "aspect_ratio": "16:9",
  "output_format": "png",
  "resolution": "2K",
  "safety_filter_level": "block_only_high",
  "image_input": [
    "https://f003.backblazeb2.com/file/wbt-bucket/generic_israel/frame_2258.png"
  ],
  "prompt": "Create an exact, photorealistic version of the provided drawing. The the drawing is suppose to depict scenes from the 1982 war in Lebanon. The drawing depicts  At the center of the drawing a fired RPG-7 warhead  is flying between two Israeli soldiers and towards the armored vehicle in the back. Around them is a olive-tree grove. The created image should look like it was shot on 35mm film by Roger Deakins."
}
2026-01-03 13:36:19 | DEBUG    | src.api.client:_call_with_retry:170 - API call successful
2026-01-03 13:36:19 | WARNING  | src.api.client:generate_image:117 - API PARAMETER FILTERING DETECTED:
2026-01-03 13:36:19 | WARNING  | src.api.client:generate_image:118 -   Model: google/nano-banana-pro
2026-01-03 13:36:19 | WARNING  | src.api.client:generate_image:119 -   Filtered parameters: ['image_input']
2026-01-03 13:36:19 | WARNING  | src.api.client:generate_image:120 -   This means the model doesn't support these parameters
2026-01-03 13:36:21 | INFO     | src.output.writer:_save_to_disk:203 - Saved valid image: USER-FILES/05.OUTPUT/260103_133348_IMAGE/260103_133619_frame_2258.png
2026-01-03 13:36:21 | DEBUG    | src.output.writer:_save_payload:270 - Saved payload to USER-FILES/05.OUTPUT/260103_133348_IMAGE/260103_133619_frame_2258.md
2026-01-03 13:36:21 | INFO     | src.processing.processor:_generate_and_save_image:276 - Saved image: USER-FILES/05.OUTPUT/260103_133348_IMAGE/260103_133619_frame_2258.png
2026-01-03 13:36:21 | INFO     | src.processing.processor:_process_with_context:226 - Waiting 1.0 seconds before next request
2026-01-03 13:36:22 | INFO     | src.processing.discovery:load_prompts:66 - Extracted prompt from frame_0214.md
2026-01-03 13:36:22 | INFO     | src.processing.discovery:load_prompts:66 - Extracted prompt from frame_1713.md
2026-01-03 13:36:22 | INFO     | src.processing.discovery:load_prompts:66 - Extracted prompt from frame_1854.md
2026-01-03 13:36:22 | INFO     | src.processing.discovery:load_prompts:66 - Extracted prompt from frame_2258.md
2026-01-03 13:36:22 | INFO     | src.output.writer:write_report:306 - Report saved: USER-FILES/05.OUTPUT/260103_133348_IMAGE/SUCCESS.md
2026-01-03 13:36:22 | INFO     | src.output.writer:write_report:306 - Report saved: USER-FILES/05.OUTPUT/260103_133348_IMAGE/COST-REPORT.md
2026-01-03 13:36:22 | INFO     | src.output.writer:write_report:306 - Report saved: USER-FILES/05.OUTPUT/260103_133348_IMAGE/PROFILES-WITH-FIXES.md
2026-01-03 13:36:22 | INFO     | src.output.reporter:_save_success_reports:62 - Reports saved successfully
2026-01-03 13:36:22 | SUCCESS  | __main__:generate_final_reports:264 - ✅ Completed successfully! Generated 4 images
