2025-12-31 19:06:10 | INFO     | src.utils.logging:setup_logging:39 - Logging configured (verbose=False, debug=False)
2025-12-31 19:06:10 | INFO     | __main__:setup_environment:79 - Environment initialized
2025-12-31 19:06:10 | INFO     | __main__:load_and_validate_config:84 - Loading configuration...
2025-12-31 19:06:10 | INFO     | src.config.loader:load_config:42 - Loaded configuration from USER-FILES/01.CONFIG/config.yaml
2025-12-31 19:06:10 | INFO     | __main__:authenticate_for_mode:273 - Authenticating with 1Password...
2025-12-31 19:06:13 | DEBUG    | src.auth.session_manager:ensure_op_auth:39 - 1Password session is active
2025-12-31 19:06:14 | DEBUG    | src.auth.session_manager:ensure_op_auth:39 - 1Password session is active
2025-12-31 19:06:14 | DEBUG    | src.auth.auth:load_auth_config:28 - Using auth config: auth.yaml
2025-12-31 19:06:15 | DEBUG    | src.auth.auth:get_api_key:77 - Retrieved API key: r8_K...
2025-12-31 19:06:15 | INFO     | __main__:discover_inputs_and_profiles:92 - Discovering inputs...
2025-12-31 19:06:15 | DEBUG    | src.processing.discovery:discover_prompt_files:42 - Found markdown file: example1.md
2025-12-31 19:06:15 | INFO     | src.processing.discovery:discover_prompt_files:47 - Discovered 1 markdown files
2025-12-31 19:06:15 | DEBUG    | src.processing.discovery:discover_profiles:98 - Loaded profile: USER-FILES/03.PROFILES/nano-banano-pro_9x16_2k_RUBEN.yaml
2025-12-31 19:06:15 | INFO     | src.processing.discovery:discover_profiles:102 - Loaded 1 profiles
2025-12-31 19:06:15 | INFO     | src.processing.discovery:get_active_models:148 - Found profile: nano-banano-pro_9x16_2k_RUBEN
2025-12-31 19:06:15 | INFO     | src.processing.discovery:get_active_models:153 - Total profiles to process: 1
2025-12-31 19:06:15 | INFO     | src.config.validator:validate_all:26 - All configuration validation passed
2025-12-31 19:06:15 | INFO     | __main__:initialize_services:186 - Output directory: USER-FILES/05.OUTPUT/251231_190615_IMAGE
2025-12-31 19:06:15 | INFO     | __main__:execute_processing:221 - Starting matrix processing...
2025-12-31 19:06:15 | DEBUG    | src.processing.validator:validate_operational_requirements:23 - Profile 'nano-banano-pro_9x16_2k_RUBEN' operational validation passed
2025-12-31 19:06:15 | INFO     | src.processing.processor:process_all:66 - Processing 1 combinations (1 files × 1 profiles)
2025-12-31 19:06:15 | DEBUG    | src.processing.processor:_process_single_combination:132 - Extracted image URL from markdown: https://f003.backblazeb2.com/file/isof-bucket/batch6_upscaled/prompt09.0.png
2025-12-31 19:06:15 | INFO     | src.processing.discovery:load_prompts:66 - Extracted prompt from example1.md
2025-12-31 19:06:15 | INFO     | src.processing.processor:_process_single_combination:141 - Processing combination 1/1: example1.md + nano-banano-pro_9x16_2k_RUBEN
2025-12-31 19:06:15 | DEBUG    | src.processing.processor:_process_single_combination:163 - Built image_input array with 2 URL(s): ['https://f003.backblazeb2.com/file/isof-bucket/batch6_upscaled/prompt09.0.png', 'https://f003.backblazeb2.com/file/bites-client-ref/ruben_montage9x16.png']
2025-12-31 19:06:15 | DEBUG    | src.processing.processor:_apply_prompt_fixes:239 - Added suffix to prompt: Provided image shows what Ruben actually looks like.
2025-12-31 19:06:15 | DEBUG    | src.processing.processor:_process_with_context:215 - Processing example1.md: A man carries heavy bags on a ship dock. Provided ...
2025-12-31 19:06:15 | DEBUG    | src.api.client:generate_image:85 - CRITICAL DEBUG - Received params: {
  "aspect_ratio": "9:16",
  "output_format": "png",
  "num_images": 1,
  "resolution": "2K",
  "safety_filter_level": "block_only_high",
  "image_input": [
    "https://f003.backblazeb2.com/file/isof-bucket/batch6_upscaled/prompt09.0.png",
    "https://f003.backblazeb2.com/file/bites-client-ref/ruben_montage9x16.png"
  ]
}
2025-12-31 19:06:15 | DEBUG    | src.api.client:generate_image:86 - CRITICAL DEBUG - Constructed payload: {
  "aspect_ratio": "9:16",
  "output_format": "png",
  "num_images": 1,
  "resolution": "2K",
  "safety_filter_level": "block_only_high",
  "image_input": [
    "https://f003.backblazeb2.com/file/isof-bucket/batch6_upscaled/prompt09.0.png",
    "https://f003.backblazeb2.com/file/bites-client-ref/ruben_montage9x16.png"
  ],
  "prompt": "A man carries heavy bags on a ship dock. Provided image shows what Ruben actually looks like."
}
2025-12-31 19:06:15 | DEBUG    | src.api.client:generate_image:89 - Original prompt: A man carries heavy bags on a ship dock. Provided image shows what Ruben actually looks like.
2025-12-31 19:06:15 | DEBUG    | src.api.client:generate_image:90 - Clean prompt being sent: A man carries heavy bags on a ship dock. Provided image shows what Ruben actually looks like.
2025-12-31 19:06:15 | DEBUG    | src.api.client:generate_image:91 - Clean prompt repr: 'A man carries heavy bags on a ship dock. Provided image shows what Ruben actually looks like.'
2025-12-31 19:06:15 | DEBUG    | src.api.client:_call_with_retry:152 - API call attempt 1/3
2025-12-31 19:06:15 | DEBUG    | src.api.client:_call_with_retry:155 - CRITICAL DEBUG - Payload sent to replicate.run: {
  "aspect_ratio": "9:16",
  "output_format": "png",
  "num_images": 1,
  "resolution": "2K",
  "safety_filter_level": "block_only_high",
  "image_input": [
    "https://f003.backblazeb2.com/file/isof-bucket/batch6_upscaled/prompt09.0.png",
    "https://f003.backblazeb2.com/file/bites-client-ref/ruben_montage9x16.png"
  ],
  "prompt": "A man carries heavy bags on a ship dock. Provided image shows what Ruben actually looks like."
}
2025-12-31 19:06:19 | WARNING  | __main__:main:350 - Interrupted by user
