2025-10-15 18:31:07 | INFO     | src.utils.logging:setup_logging:39 - Logging configured (verbose=False, debug=False)
2025-10-15 18:31:07 | INFO     | __main__:setup_environment:79 - Environment initialized
2025-10-15 18:31:07 | INFO     | __main__:load_and_validate_config:84 - Loading configuration...
2025-10-15 18:31:07 | INFO     | src.config.loader:load_config:42 - Loaded configuration from USER-FILES/01.CONFIG/config.yaml
2025-10-15 18:31:07 | INFO     | __main__:authenticate_for_mode:273 - Authenticating with 1Password...
2025-10-15 18:31:12 | DEBUG    | src.auth.session_manager:ensure_op_auth:39 - 1Password session is active
2025-10-15 18:31:13 | DEBUG    | src.auth.session_manager:ensure_op_auth:39 - 1Password session is active
2025-10-15 18:31:14 | DEBUG    | src.auth.auth:get_api_key:70 - Retrieved API key: r8_V...
2025-10-15 18:31:14 | INFO     | __main__:discover_inputs_and_profiles:92 - Discovering inputs...
2025-10-15 18:31:14 | DEBUG    | src.processing.discovery:discover_prompt_files:40 - Found prompt file: 01 Understanding & Identifying Mats_lines/line_0008.txt
2025-10-15 18:31:14 | DEBUG    | src.processing.discovery:discover_prompt_files:40 - Found prompt file: 01 Understanding & Identifying Mats_lines/line_0009.txt
2025-10-15 18:31:14 | DEBUG    | src.processing.discovery:discover_prompt_files:40 - Found prompt file: 01 Understanding & Identifying Mats_lines/line_0013.txt
2025-10-15 18:31:14 | DEBUG    | src.processing.discovery:discover_prompt_files:40 - Found prompt file: 01 Understanding & Identifying Mats_lines/line_0007.txt
2025-10-15 18:31:14 | DEBUG    | src.processing.discovery:discover_prompt_files:40 - Found prompt file: 01 Understanding & Identifying Mats_lines/line_0006.txt
2025-10-15 18:31:14 | DEBUG    | src.processing.discovery:discover_prompt_files:40 - Found prompt file: 01 Understanding & Identifying Mats_lines/line_0012.txt
2025-10-15 18:31:14 | DEBUG    | src.processing.discovery:discover_prompt_files:40 - Found prompt file: 01 Understanding & Identifying Mats_lines/line_0004.txt
2025-10-15 18:31:14 | DEBUG    | src.processing.discovery:discover_prompt_files:40 - Found prompt file: 01 Understanding & Identifying Mats_lines/line_0010.txt
2025-10-15 18:31:14 | DEBUG    | src.processing.discovery:discover_prompt_files:40 - Found prompt file: 01 Understanding & Identifying Mats_lines/line_0011.txt
2025-10-15 18:31:14 | DEBUG    | src.processing.discovery:discover_prompt_files:40 - Found prompt file: 01 Understanding & Identifying Mats_lines/line_0005.txt
2025-10-15 18:31:14 | DEBUG    | src.processing.discovery:discover_prompt_files:40 - Found prompt file: 01 Understanding & Identifying Mats_lines/line_0001.txt
2025-10-15 18:31:14 | DEBUG    | src.processing.discovery:discover_prompt_files:40 - Found prompt file: 01 Understanding & Identifying Mats_lines/line_0002.txt
2025-10-15 18:31:14 | DEBUG    | src.processing.discovery:discover_prompt_files:40 - Found prompt file: 01 Understanding & Identifying Mats_lines/line_0003.txt
2025-10-15 18:31:14 | DEBUG    | src.processing.discovery:discover_prompt_files:40 - Found prompt file: 04 Hematomas, Shaving Risks & Treatment_lines/line_0008.txt
2025-10-15 18:31:14 | DEBUG    | src.processing.discovery:discover_prompt_files:40 - Found prompt file: 04 Hematomas, Shaving Risks & Treatment_lines/line_0009.txt
2025-10-15 18:31:14 | DEBUG    | src.processing.discovery:discover_prompt_files:40 - Found prompt file: 04 Hematomas, Shaving Risks & Treatment_lines/line_0013.txt
2025-10-15 18:31:14 | DEBUG    | src.processing.discovery:discover_prompt_files:40 - Found prompt file: 04 Hematomas, Shaving Risks & Treatment_lines/line_0007.txt
2025-10-15 18:31:14 | DEBUG    | src.processing.discovery:discover_prompt_files:40 - Found prompt file: 04 Hematomas, Shaving Risks & Treatment_lines/line_0006.txt
2025-10-15 18:31:14 | DEBUG    | src.processing.discovery:discover_prompt_files:40 - Found prompt file: 04 Hematomas, Shaving Risks & Treatment_lines/line_0012.txt
2025-10-15 18:31:14 | DEBUG    | src.processing.discovery:discover_prompt_files:40 - Found prompt file: 04 Hematomas, Shaving Risks & Treatment_lines/line_0004.txt
2025-10-15 18:31:14 | DEBUG    | src.processing.discovery:discover_prompt_files:40 - Found prompt file: 04 Hematomas, Shaving Risks & Treatment_lines/line_0010.txt
2025-10-15 18:31:14 | DEBUG    | src.processing.discovery:discover_prompt_files:40 - Found prompt file: 04 Hematomas, Shaving Risks & Treatment_lines/line_0011.txt
2025-10-15 18:31:14 | DEBUG    | src.processing.discovery:discover_prompt_files:40 - Found prompt file: 04 Hematomas, Shaving Risks & Treatment_lines/line_0005.txt
2025-10-15 18:31:14 | DEBUG    | src.processing.discovery:discover_prompt_files:40 - Found prompt file: 04 Hematomas, Shaving Risks & Treatment_lines/line_0001.txt
2025-10-15 18:31:14 | DEBUG    | src.processing.discovery:discover_prompt_files:40 - Found prompt file: 04 Hematomas, Shaving Risks & Treatment_lines/line_0015.txt
2025-10-15 18:31:14 | DEBUG    | src.processing.discovery:discover_prompt_files:40 - Found prompt file: 04 Hematomas, Shaving Risks & Treatment_lines/line_0014.txt
2025-10-15 18:31:14 | DEBUG    | src.processing.discovery:discover_prompt_files:40 - Found prompt file: 04 Hematomas, Shaving Risks & Treatment_lines/line_0002.txt
2025-10-15 18:31:14 | DEBUG    | src.processing.discovery:discover_prompt_files:40 - Found prompt file: 04 Hematomas, Shaving Risks & Treatment_lines/line_0003.txt
2025-10-15 18:31:14 | DEBUG    | src.processing.discovery:discover_prompt_files:40 - Found prompt file: 03 Common Matted Areas & Hidden Risks_lines/line_0008.txt
2025-10-15 18:31:14 | DEBUG    | src.processing.discovery:discover_prompt_files:40 - Found prompt file: 03 Common Matted Areas & Hidden Risks_lines/line_0009.txt
2025-10-15 18:31:14 | DEBUG    | src.processing.discovery:discover_prompt_files:40 - Found prompt file: 03 Common Matted Areas & Hidden Risks_lines/line_0007.txt
2025-10-15 18:31:14 | DEBUG    | src.processing.discovery:discover_prompt_files:40 - Found prompt file: 03 Common Matted Areas & Hidden Risks_lines/line_0006.txt
2025-10-15 18:31:14 | DEBUG    | src.processing.discovery:discover_prompt_files:40 - Found prompt file: 03 Common Matted Areas & Hidden Risks_lines/line_0012.txt
2025-10-15 18:31:14 | DEBUG    | src.processing.discovery:discover_prompt_files:40 - Found prompt file: 03 Common Matted Areas & Hidden Risks_lines/line_0004.txt
2025-10-15 18:31:14 | DEBUG    | src.processing.discovery:discover_prompt_files:40 - Found prompt file: 03 Common Matted Areas & Hidden Risks_lines/line_0010.txt
2025-10-15 18:31:14 | DEBUG    | src.processing.discovery:discover_prompt_files:40 - Found prompt file: 03 Common Matted Areas & Hidden Risks_lines/line_0011.txt
2025-10-15 18:31:14 | DEBUG    | src.processing.discovery:discover_prompt_files:40 - Found prompt file: 03 Common Matted Areas & Hidden Risks_lines/line_0005.txt
2025-10-15 18:31:14 | DEBUG    | src.processing.discovery:discover_prompt_files:40 - Found prompt file: 03 Common Matted Areas & Hidden Risks_lines/line_0001.txt
2025-10-15 18:31:14 | DEBUG    | src.processing.discovery:discover_prompt_files:40 - Found prompt file: 03 Common Matted Areas & Hidden Risks_lines/line_0002.txt
2025-10-15 18:31:14 | DEBUG    | src.processing.discovery:discover_prompt_files:40 - Found prompt file: 03 Common Matted Areas & Hidden Risks_lines/line_0003.txt
2025-10-15 18:31:14 | DEBUG    | src.processing.discovery:discover_prompt_files:40 - Found prompt file: 05 Communicating With Pet Parents_lines/line_0019.txt
2025-10-15 18:31:14 | DEBUG    | src.processing.discovery:discover_prompt_files:40 - Found prompt file: 05 Communicating With Pet Parents_lines/line_0018.txt
2025-10-15 18:31:14 | DEBUG    | src.processing.discovery:discover_prompt_files:40 - Found prompt file: 05 Communicating With Pet Parents_lines/line_0020.txt
2025-10-15 18:31:14 | DEBUG    | src.processing.discovery:discover_prompt_files:40 - Found prompt file: 05 Communicating With Pet Parents_lines/line_0008.txt
2025-10-15 18:31:14 | DEBUG    | src.processing.discovery:discover_prompt_files:40 - Found prompt file: 05 Communicating With Pet Parents_lines/line_0009.txt
2025-10-15 18:31:14 | DEBUG    | src.processing.discovery:discover_prompt_files:40 - Found prompt file: 05 Communicating With Pet Parents_lines/line_0021.txt
2025-10-15 18:31:14 | DEBUG    | src.processing.discovery:discover_prompt_files:40 - Found prompt file: 05 Communicating With Pet Parents_lines/line_0013.txt
2025-10-15 18:31:14 | DEBUG    | src.processing.discovery:discover_prompt_files:40 - Found prompt file: 05 Communicating With Pet Parents_lines/line_0007.txt
2025-10-15 18:31:14 | DEBUG    | src.processing.discovery:discover_prompt_files:40 - Found prompt file: 05 Communicating With Pet Parents_lines/line_0006.txt
2025-10-15 18:31:14 | DEBUG    | src.processing.discovery:discover_prompt_files:40 - Found prompt file: 05 Communicating With Pet Parents_lines/line_0012.txt
2025-10-15 18:31:14 | DEBUG    | src.processing.discovery:discover_prompt_files:40 - Found prompt file: 05 Communicating With Pet Parents_lines/line_0004.txt
2025-10-15 18:31:14 | DEBUG    | src.processing.discovery:discover_prompt_files:40 - Found prompt file: 05 Communicating With Pet Parents_lines/line_0010.txt
2025-10-15 18:31:14 | DEBUG    | src.processing.discovery:discover_prompt_files:40 - Found prompt file: 05 Communicating With Pet Parents_lines/line_0011.txt
2025-10-15 18:31:14 | DEBUG    | src.processing.discovery:discover_prompt_files:40 - Found prompt file: 05 Communicating With Pet Parents_lines/line_0005.txt
2025-10-15 18:31:14 | DEBUG    | src.processing.discovery:discover_prompt_files:40 - Found prompt file: 05 Communicating With Pet Parents_lines/line_0001.txt
2025-10-15 18:31:14 | DEBUG    | src.processing.discovery:discover_prompt_files:40 - Found prompt file: 05 Communicating With Pet Parents_lines/line_0015.txt
2025-10-15 18:31:14 | DEBUG    | src.processing.discovery:discover_prompt_files:40 - Found prompt file: 05 Communicating With Pet Parents_lines/line_0014.txt
2025-10-15 18:31:14 | DEBUG    | src.processing.discovery:discover_prompt_files:40 - Found prompt file: 05 Communicating With Pet Parents_lines/line_0016.txt
2025-10-15 18:31:14 | DEBUG    | src.processing.discovery:discover_prompt_files:40 - Found prompt file: 05 Communicating With Pet Parents_lines/line_0002.txt
2025-10-15 18:31:14 | DEBUG    | src.processing.discovery:discover_prompt_files:40 - Found prompt file: 05 Communicating With Pet Parents_lines/line_0003.txt
2025-10-15 18:31:14 | DEBUG    | src.processing.discovery:discover_prompt_files:40 - Found prompt file: 05 Communicating With Pet Parents_lines/line_0017.txt
2025-10-15 18:31:14 | DEBUG    | src.processing.discovery:discover_prompt_files:40 - Found prompt file: 06 Service Refusal & Professional Responsibility_lines/line_0008.txt
2025-10-15 18:31:14 | DEBUG    | src.processing.discovery:discover_prompt_files:40 - Found prompt file: 06 Service Refusal & Professional Responsibility_lines/line_0009.txt
2025-10-15 18:31:14 | DEBUG    | src.processing.discovery:discover_prompt_files:40 - Found prompt file: 06 Service Refusal & Professional Responsibility_lines/line_0013.txt
2025-10-15 18:31:14 | DEBUG    | src.processing.discovery:discover_prompt_files:40 - Found prompt file: 06 Service Refusal & Professional Responsibility_lines/line_0007.txt
2025-10-15 18:31:14 | DEBUG    | src.processing.discovery:discover_prompt_files:40 - Found prompt file: 06 Service Refusal & Professional Responsibility_lines/line_0006.txt
2025-10-15 18:31:14 | DEBUG    | src.processing.discovery:discover_prompt_files:40 - Found prompt file: 06 Service Refusal & Professional Responsibility_lines/line_0012.txt
2025-10-15 18:31:14 | DEBUG    | src.processing.discovery:discover_prompt_files:40 - Found prompt file: 06 Service Refusal & Professional Responsibility_lines/line_0004.txt
2025-10-15 18:31:14 | DEBUG    | src.processing.discovery:discover_prompt_files:40 - Found prompt file: 06 Service Refusal & Professional Responsibility_lines/line_0010.txt
2025-10-15 18:31:14 | DEBUG    | src.processing.discovery:discover_prompt_files:40 - Found prompt file: 06 Service Refusal & Professional Responsibility_lines/line_0011.txt
2025-10-15 18:31:14 | DEBUG    | src.processing.discovery:discover_prompt_files:40 - Found prompt file: 06 Service Refusal & Professional Responsibility_lines/line_0005.txt
2025-10-15 18:31:14 | DEBUG    | src.processing.discovery:discover_prompt_files:40 - Found prompt file: 06 Service Refusal & Professional Responsibility_lines/line_0001.txt
2025-10-15 18:31:14 | DEBUG    | src.processing.discovery:discover_prompt_files:40 - Found prompt file: 06 Service Refusal & Professional Responsibility_lines/line_0015.txt
2025-10-15 18:31:14 | DEBUG    | src.processing.discovery:discover_prompt_files:40 - Found prompt file: 06 Service Refusal & Professional Responsibility_lines/line_0014.txt
2025-10-15 18:31:14 | DEBUG    | src.processing.discovery:discover_prompt_files:40 - Found prompt file: 06 Service Refusal & Professional Responsibility_lines/line_0016.txt
2025-10-15 18:31:14 | DEBUG    | src.processing.discovery:discover_prompt_files:40 - Found prompt file: 06 Service Refusal & Professional Responsibility_lines/line_0002.txt
2025-10-15 18:31:14 | DEBUG    | src.processing.discovery:discover_prompt_files:40 - Found prompt file: 06 Service Refusal & Professional Responsibility_lines/line_0003.txt
2025-10-15 18:31:14 | DEBUG    | src.processing.discovery:discover_prompt_files:40 - Found prompt file: 02 Types of Matting & Safe Removal Techniques_lines/line_0008.txt
2025-10-15 18:31:14 | DEBUG    | src.processing.discovery:discover_prompt_files:40 - Found prompt file: 02 Types of Matting & Safe Removal Techniques_lines/line_0009.txt
2025-10-15 18:31:14 | DEBUG    | src.processing.discovery:discover_prompt_files:40 - Found prompt file: 02 Types of Matting & Safe Removal Techniques_lines/line_0013.txt
2025-10-15 18:31:14 | DEBUG    | src.processing.discovery:discover_prompt_files:40 - Found prompt file: 02 Types of Matting & Safe Removal Techniques_lines/line_0007.txt
2025-10-15 18:31:14 | DEBUG    | src.processing.discovery:discover_prompt_files:40 - Found prompt file: 02 Types of Matting & Safe Removal Techniques_lines/line_0006.txt
2025-10-15 18:31:14 | DEBUG    | src.processing.discovery:discover_prompt_files:40 - Found prompt file: 02 Types of Matting & Safe Removal Techniques_lines/line_0012.txt
2025-10-15 18:31:14 | DEBUG    | src.processing.discovery:discover_prompt_files:40 - Found prompt file: 02 Types of Matting & Safe Removal Techniques_lines/line_0004.txt
2025-10-15 18:31:14 | DEBUG    | src.processing.discovery:discover_prompt_files:40 - Found prompt file: 02 Types of Matting & Safe Removal Techniques_lines/line_0010.txt
2025-10-15 18:31:14 | DEBUG    | src.processing.discovery:discover_prompt_files:40 - Found prompt file: 02 Types of Matting & Safe Removal Techniques_lines/line_0011.txt
2025-10-15 18:31:14 | DEBUG    | src.processing.discovery:discover_prompt_files:40 - Found prompt file: 02 Types of Matting & Safe Removal Techniques_lines/line_0005.txt
2025-10-15 18:31:14 | DEBUG    | src.processing.discovery:discover_prompt_files:40 - Found prompt file: 02 Types of Matting & Safe Removal Techniques_lines/line_0001.txt
2025-10-15 18:31:14 | DEBUG    | src.processing.discovery:discover_prompt_files:40 - Found prompt file: 02 Types of Matting & Safe Removal Techniques_lines/line_0015.txt
2025-10-15 18:31:14 | DEBUG    | src.processing.discovery:discover_prompt_files:40 - Found prompt file: 02 Types of Matting & Safe Removal Techniques_lines/line_0014.txt
2025-10-15 18:31:14 | DEBUG    | src.processing.discovery:discover_prompt_files:40 - Found prompt file: 02 Types of Matting & Safe Removal Techniques_lines/line_0016.txt
2025-10-15 18:31:14 | DEBUG    | src.processing.discovery:discover_prompt_files:40 - Found prompt file: 02 Types of Matting & Safe Removal Techniques_lines/line_0002.txt
2025-10-15 18:31:14 | DEBUG    | src.processing.discovery:discover_prompt_files:40 - Found prompt file: 02 Types of Matting & Safe Removal Techniques_lines/line_0003.txt
2025-10-15 18:31:14 | INFO     | src.processing.discovery:discover_prompt_files:45 - Discovered 93 prompt files
2025-10-15 18:31:14 | DEBUG    | src.processing.discovery:discover_profiles:93 - Loaded profile: USER-FILES/03.PROFILES/nano-banano_9x16_barkbus.yaml
2025-10-15 18:31:14 | INFO     | src.processing.discovery:discover_profiles:97 - Loaded 1 profiles
2025-10-15 18:31:14 | INFO     | src.processing.discovery:get_active_models:135 - Found profile: nano-banano_9x16_barkbus
2025-10-15 18:31:14 | INFO     | src.processing.discovery:get_active_models:140 - Total profiles to process: 1
2025-10-15 18:31:14 | INFO     | src.config.validator:validate_all:26 - All configuration validation passed
2025-10-15 18:31:14 | INFO     | __main__:initialize_services:186 - Output directory: USER-FILES/05.OUTPUT/251015_183114
2025-10-15 18:31:14 | INFO     | __main__:execute_processing:221 - Starting matrix processing...
2025-10-15 18:31:14 | DEBUG    | src.processing.validator:validate_operational_requirements:23 - Profile 'nano-banano_9x16_barkbus' operational validation passed
2025-10-15 18:31:14 | INFO     | src.processing.processor:process_all:60 - Processing 93 combinations (93 files × 1 profiles)
2025-10-15 18:31:14 | INFO     | src.processing.discovery:load_prompts:63 - Loaded prompt from line_0001.txt
2025-10-15 18:31:14 | INFO     | src.processing.processor:_process_single_combination:124 - Processing combination 1/93: 01 Understanding & Identifying Mats_lines/line_0001.txt + nano-banano_9x16_barkbus
2025-10-15 18:31:14 | DEBUG    | src.processing.processor:_process_single_combination:143 - Added image_input to params: ['https://f003.backblazeb2.com/file/bites-client-ref/Barkbus_Montage.png']
2025-10-15 18:31:14 | DEBUG    | src.processing.processor:_apply_prompt_fixes:213 - Added suffix to prompt: Provided image is a reference that shows you what the forementions actually look like.
2025-10-15 18:31:14 | DEBUG    | src.processing.processor:_process_with_context:191 - Processing 01 Understanding & Identifying Mats_lines/line_0001.txt: "Clean, modern title card with ""Understanding and...
2025-10-15 18:31:14 | DEBUG    | src.api.client:generate_image:85 - CRITICAL DEBUG - Received params: {
  "aspect_ratio": "9:16",
  "output_format": "png",
  "image_input": [
    "https://f003.backblazeb2.com/file/bites-client-ref/Barkbus_Montage.png"
  ]
}
2025-10-15 18:31:14 | DEBUG    | src.api.client:generate_image:86 - CRITICAL DEBUG - Constructed payload: {
  "aspect_ratio": "9:16",
  "output_format": "png",
  "image_input": [
    "https://f003.backblazeb2.com/file/bites-client-ref/Barkbus_Montage.png"
  ],
  "prompt": "\"Clean, modern title card with \"\"Understanding and Identifying Mats\"\" in bold sans-serif font against Barkbus blue (#0078FF) gradient background, soft diffused lighting, minimalist design, symmetrical composition\" Provided image is a reference that shows you what the forementions actually look like."
}
2025-10-15 18:31:14 | DEBUG    | src.api.client:generate_image:89 - Original prompt: "Clean, modern title card with ""Understanding and Identifying Mats"" in bold sans-serif font against Barkbus blue (#0078FF) gradient background, soft diffused lighting, minimalist design, symmetrical composition" Provided image is a reference that shows you what the forementions actually look like.
2025-10-15 18:31:14 | DEBUG    | src.api.client:generate_image:90 - Clean prompt being sent: "Clean, modern title card with ""Understanding and Identifying Mats"" in bold sans-serif font against Barkbus blue (#0078FF) gradient background, soft diffused lighting, minimalist design, symmetrical composition" Provided image is a reference that shows you what the forementions actually look like.
2025-10-15 18:31:14 | DEBUG    | src.api.client:generate_image:91 - Clean prompt repr: '"Clean, modern title card with ""Understanding and Identifying Mats"" in bold sans-serif font against Barkbus blue (#0078FF) gradient background, soft diffused lighting, minimalist design, symmetrical composition" Provided image is a reference that shows you what the forementions actually look like.'
2025-10-15 18:31:14 | DEBUG    | src.api.client:_call_with_retry:152 - API call attempt 1/3
2025-10-15 18:31:14 | DEBUG    | src.api.client:_call_with_retry:155 - CRITICAL DEBUG - Payload sent to replicate.run: {
  "aspect_ratio": "9:16",
  "output_format": "png",
  "image_input": [
    "https://f003.backblazeb2.com/file/bites-client-ref/Barkbus_Montage.png"
  ],
  "prompt": "\"Clean, modern title card with \"\"Understanding and Identifying Mats\"\" in bold sans-serif font against Barkbus blue (#0078FF) gradient background, soft diffused lighting, minimalist design, symmetrical composition\" Provided image is a reference that shows you what the forementions actually look like."
}
2025-10-15 18:31:21 | ERROR    | src.api.client:_call_with_retry:184 - Error on attempt 1: Director: unexpected error handling prediction (E6716)
2025-10-15 18:31:21 | INFO     | src.api.client:_call_with_retry:188 - Retrying in 2s...
2025-10-15 18:31:23 | DEBUG    | src.api.client:_call_with_retry:152 - API call attempt 2/3
2025-10-15 18:31:23 | DEBUG    | src.api.client:_call_with_retry:155 - CRITICAL DEBUG - Payload sent to replicate.run: {
  "aspect_ratio": "9:16",
  "output_format": "png",
  "image_input": [
    "https://f003.backblazeb2.com/file/bites-client-ref/Barkbus_Montage.png"
  ],
  "prompt": "\"Clean, modern title card with \"\"Understanding and Identifying Mats\"\" in bold sans-serif font against Barkbus blue (#0078FF) gradient background, soft diffused lighting, minimalist design, symmetrical composition\" Provided image is a reference that shows you what the forementions actually look like."
}
2025-10-15 18:31:33 | DEBUG    | src.api.client:_call_with_retry:170 - API call successful
2025-10-15 18:31:33 | WARNING  | src.api.client:generate_image:117 - API PARAMETER FILTERING DETECTED:
2025-10-15 18:31:33 | WARNING  | src.api.client:generate_image:118 -   Model: google/nano-banana
2025-10-15 18:31:33 | WARNING  | src.api.client:generate_image:119 -   Filtered parameters: ['image_input']
2025-10-15 18:31:33 | WARNING  | src.api.client:generate_image:120 -   This means the model doesn't support these parameters
2025-10-15 18:31:34 | INFO     | src.output.writer:_save_to_disk:192 - Saved valid image: USER-FILES/05.OUTPUT/251015_183114/nano-banano_9x16_barkbus/01 Understanding _ Identifying Mats_lines/line_0001_183133_nano-banano_9x16_barkbus.png
2025-10-15 18:31:34 | DEBUG    | src.output.writer:_save_payload:257 - Saved payload to USER-FILES/05.OUTPUT/251015_183114/nano-banano_9x16_barkbus/01 Understanding _ Identifying Mats_lines/line_0001_183133_nano-banano_9x16_barkbus.md
2025-10-15 18:31:34 | INFO     | src.processing.processor:_generate_and_save_image:253 - Saved image: USER-FILES/05.OUTPUT/251015_183114/nano-banano_9x16_barkbus/01 Understanding _ Identifying Mats_lines/line_0001_183133_nano-banano_9x16_barkbus.png
2025-10-15 18:31:34 | INFO     | src.processing.processor:_process_with_context:202 - Waiting 1.0 seconds before next request
2025-10-15 18:31:35 | INFO     | src.processing.discovery:load_prompts:63 - Loaded prompt from line_0002.txt
2025-10-15 18:31:35 | INFO     | src.processing.processor:_process_single_combination:124 - Processing combination 2/93: 01 Understanding & Identifying Mats_lines/line_0002.txt + nano-banano_9x16_barkbus
2025-10-15 18:31:35 | DEBUG    | src.processing.processor:_process_single_combination:143 - Added image_input to params: ['https://f003.backblazeb2.com/file/bites-client-ref/Barkbus_Montage.png']
2025-10-15 18:31:35 | DEBUG    | src.processing.processor:_apply_prompt_fixes:213 - Added suffix to prompt: Provided image is a reference that shows you what the forementions actually look like.
2025-10-15 18:31:35 | DEBUG    | src.processing.processor:_process_with_context:191 - Processing 01 Understanding & Identifying Mats_lines/line_0002.txt: Close-up photograph of tangled, matted dog fur on ...
2025-10-15 18:31:35 | DEBUG    | src.api.client:generate_image:85 - CRITICAL DEBUG - Received params: {
  "aspect_ratio": "9:16",
  "output_format": "png",
  "image_input": [
    "https://f003.backblazeb2.com/file/bites-client-ref/Barkbus_Montage.png"
  ]
}
2025-10-15 18:31:35 | DEBUG    | src.api.client:generate_image:86 - CRITICAL DEBUG - Constructed payload: {
  "aspect_ratio": "9:16",
  "output_format": "png",
  "image_input": [
    "https://f003.backblazeb2.com/file/bites-client-ref/Barkbus_Montage.png"
  ],
  "prompt": "Close-up photograph of tangled, matted dog fur on a golden retriever's coat, soft natural lighting, shallow depth of field, the matted texture clearly visible with dirt and debris trapped within, professional documentary style Provided image is a reference that shows you what the forementions actually look like."
}
2025-10-15 18:31:35 | DEBUG    | src.api.client:generate_image:89 - Original prompt: Close-up photograph of tangled, matted dog fur on a golden retriever's coat, soft natural lighting, shallow depth of field, the matted texture clearly visible with dirt and debris trapped within, professional documentary style Provided image is a reference that shows you what the forementions actually look like.
2025-10-15 18:31:35 | DEBUG    | src.api.client:generate_image:90 - Clean prompt being sent: Close-up photograph of tangled, matted dog fur on a golden retriever's coat, soft natural lighting, shallow depth of field, the matted texture clearly visible with dirt and debris trapped within, professional documentary style Provided image is a reference that shows you what the forementions actually look like.
2025-10-15 18:31:35 | DEBUG    | src.api.client:generate_image:91 - Clean prompt repr: "Close-up photograph of tangled, matted dog fur on a golden retriever's coat, soft natural lighting, shallow depth of field, the matted texture clearly visible with dirt and debris trapped within, professional documentary style Provided image is a reference that shows you what the forementions actually look like."
2025-10-15 18:31:35 | DEBUG    | src.api.client:_call_with_retry:152 - API call attempt 1/3
2025-10-15 18:31:35 | DEBUG    | src.api.client:_call_with_retry:155 - CRITICAL DEBUG - Payload sent to replicate.run: {
  "aspect_ratio": "9:16",
  "output_format": "png",
  "image_input": [
    "https://f003.backblazeb2.com/file/bites-client-ref/Barkbus_Montage.png"
  ],
  "prompt": "Close-up photograph of tangled, matted dog fur on a golden retriever's coat, soft natural lighting, shallow depth of field, the matted texture clearly visible with dirt and debris trapped within, professional documentary style Provided image is a reference that shows you what the forementions actually look like."
}
2025-10-15 18:31:44 | DEBUG    | src.api.client:_call_with_retry:170 - API call successful
2025-10-15 18:31:44 | WARNING  | src.api.client:generate_image:117 - API PARAMETER FILTERING DETECTED:
2025-10-15 18:31:44 | WARNING  | src.api.client:generate_image:118 -   Model: google/nano-banana
2025-10-15 18:31:44 | WARNING  | src.api.client:generate_image:119 -   Filtered parameters: ['image_input']
2025-10-15 18:31:44 | WARNING  | src.api.client:generate_image:120 -   This means the model doesn't support these parameters
2025-10-15 18:31:45 | INFO     | src.output.writer:_save_to_disk:192 - Saved valid image: USER-FILES/05.OUTPUT/251015_183114/nano-banano_9x16_barkbus/01 Understanding _ Identifying Mats_lines/line_0002_183144_nano-banano_9x16_barkbus.png
2025-10-15 18:31:45 | DEBUG    | src.output.writer:_save_payload:257 - Saved payload to USER-FILES/05.OUTPUT/251015_183114/nano-banano_9x16_barkbus/01 Understanding _ Identifying Mats_lines/line_0002_183144_nano-banano_9x16_barkbus.md
2025-10-15 18:31:45 | INFO     | src.processing.processor:_generate_and_save_image:253 - Saved image: USER-FILES/05.OUTPUT/251015_183114/nano-banano_9x16_barkbus/01 Understanding _ Identifying Mats_lines/line_0002_183144_nano-banano_9x16_barkbus.png
2025-10-15 18:31:45 | INFO     | src.processing.processor:_process_with_context:202 - Waiting 1.0 seconds before next request
2025-10-15 18:31:46 | INFO     | src.processing.discovery:load_prompts:63 - Loaded prompt from line_0003.txt
2025-10-15 18:31:46 | INFO     | src.processing.processor:_process_single_combination:124 - Processing combination 3/93: 01 Understanding & Identifying Mats_lines/line_0003.txt + nano-banano_9x16_barkbus
2025-10-15 18:31:46 | DEBUG    | src.processing.processor:_process_single_combination:143 - Added image_input to params: ['https://f003.backblazeb2.com/file/bites-client-ref/Barkbus_Montage.png']
2025-10-15 18:31:46 | DEBUG    | src.processing.processor:_apply_prompt_fixes:213 - Added suffix to prompt: Provided image is a reference that shows you what the forementions actually look like.
2025-10-15 18:31:46 | DEBUG    | src.processing.processor:_process_with_context:191 - Processing 01 Understanding & Identifying Mats_lines/line_0003.txt: Medium shot in Barkbus Van Interior of a middle-ag...
2025-10-15 18:31:46 | DEBUG    | src.api.client:generate_image:85 - CRITICAL DEBUG - Received params: {
  "aspect_ratio": "9:16",
  "output_format": "png",
  "image_input": [
    "https://f003.backblazeb2.com/file/bites-client-ref/Barkbus_Montage.png"
  ]
}
2025-10-15 18:31:46 | DEBUG    | src.api.client:generate_image:86 - CRITICAL DEBUG - Constructed payload: {
  "aspect_ratio": "9:16",
  "output_format": "png",
  "image_input": [
    "https://f003.backblazeb2.com/file/bites-client-ref/Barkbus_Montage.png"
  ],
  "prompt": "Medium shot in Barkbus Van Interior of a middle-aged Hispanic female Barkbus Groomer in a blue Barkbus t-shirt examining a small anxious white terrier with matted fur, the dog's posture showing discomfort, clean professional lighting, the Barkbus Groomer has a concerned but calm expression Provided image is a reference that shows you what the forementions actually look like."
}
2025-10-15 18:31:46 | DEBUG    | src.api.client:generate_image:89 - Original prompt: Medium shot in Barkbus Van Interior of a middle-aged Hispanic female Barkbus Groomer in a blue Barkbus t-shirt examining a small anxious white terrier with matted fur, the dog's posture showing discomfort, clean professional lighting, the Barkbus Groomer has a concerned but calm expression Provided image is a reference that shows you what the forementions actually look like.
2025-10-15 18:31:46 | DEBUG    | src.api.client:generate_image:90 - Clean prompt being sent: Medium shot in Barkbus Van Interior of a middle-aged Hispanic female Barkbus Groomer in a blue Barkbus t-shirt examining a small anxious white terrier with matted fur, the dog's posture showing discomfort, clean professional lighting, the Barkbus Groomer has a concerned but calm expression Provided image is a reference that shows you what the forementions actually look like.
2025-10-15 18:31:46 | DEBUG    | src.api.client:generate_image:91 - Clean prompt repr: "Medium shot in Barkbus Van Interior of a middle-aged Hispanic female Barkbus Groomer in a blue Barkbus t-shirt examining a small anxious white terrier with matted fur, the dog's posture showing discomfort, clean professional lighting, the Barkbus Groomer has a concerned but calm expression Provided image is a reference that shows you what the forementions actually look like."
2025-10-15 18:31:46 | DEBUG    | src.api.client:_call_with_retry:152 - API call attempt 1/3
2025-10-15 18:31:46 | DEBUG    | src.api.client:_call_with_retry:155 - CRITICAL DEBUG - Payload sent to replicate.run: {
  "aspect_ratio": "9:16",
  "output_format": "png",
  "image_input": [
    "https://f003.backblazeb2.com/file/bites-client-ref/Barkbus_Montage.png"
  ],
  "prompt": "Medium shot in Barkbus Van Interior of a middle-aged Hispanic female Barkbus Groomer in a blue Barkbus t-shirt examining a small anxious white terrier with matted fur, the dog's posture showing discomfort, clean professional lighting, the Barkbus Groomer has a concerned but calm expression Provided image is a reference that shows you what the forementions actually look like."
}
2025-10-15 18:31:57 | DEBUG    | src.api.client:_call_with_retry:170 - API call successful
2025-10-15 18:31:57 | WARNING  | src.api.client:generate_image:117 - API PARAMETER FILTERING DETECTED:
2025-10-15 18:31:57 | WARNING  | src.api.client:generate_image:118 -   Model: google/nano-banana
2025-10-15 18:31:57 | WARNING  | src.api.client:generate_image:119 -   Filtered parameters: ['image_input']
2025-10-15 18:31:57 | WARNING  | src.api.client:generate_image:120 -   This means the model doesn't support these parameters
2025-10-15 18:31:58 | INFO     | src.output.writer:_save_to_disk:192 - Saved valid image: USER-FILES/05.OUTPUT/251015_183114/nano-banano_9x16_barkbus/01 Understanding _ Identifying Mats_lines/line_0003_183157_nano-banano_9x16_barkbus.png
2025-10-15 18:31:58 | DEBUG    | src.output.writer:_save_payload:257 - Saved payload to USER-FILES/05.OUTPUT/251015_183114/nano-banano_9x16_barkbus/01 Understanding _ Identifying Mats_lines/line_0003_183157_nano-banano_9x16_barkbus.md
2025-10-15 18:31:58 | INFO     | src.processing.processor:_generate_and_save_image:253 - Saved image: USER-FILES/05.OUTPUT/251015_183114/nano-banano_9x16_barkbus/01 Understanding _ Identifying Mats_lines/line_0003_183157_nano-banano_9x16_barkbus.png
2025-10-15 18:31:58 | INFO     | src.processing.processor:_process_with_context:202 - Waiting 1.0 seconds before next request
2025-10-15 18:31:59 | INFO     | src.processing.discovery:load_prompts:63 - Loaded prompt from line_0004.txt
2025-10-15 18:31:59 | INFO     | src.processing.processor:_process_single_combination:124 - Processing combination 4/93: 01 Understanding & Identifying Mats_lines/line_0004.txt + nano-banano_9x16_barkbus
2025-10-15 18:31:59 | DEBUG    | src.processing.processor:_process_single_combination:143 - Added image_input to params: ['https://f003.backblazeb2.com/file/bites-client-ref/Barkbus_Montage.png']
2025-10-15 18:31:59 | DEBUG    | src.processing.processor:_apply_prompt_fixes:213 - Added suffix to prompt: Provided image is a reference that shows you what the forementions actually look like.
2025-10-15 18:31:59 | DEBUG    | src.processing.processor:_process_with_context:191 - Processing 01 Understanding & Identifying Mats_lines/line_0004.txt: Extreme close-up in Barkbus Van Interior of matted...
2025-10-15 18:31:59 | DEBUG    | src.api.client:generate_image:85 - CRITICAL DEBUG - Received params: {
  "aspect_ratio": "9:16",
  "output_format": "png",
  "image_input": [
    "https://f003.backblazeb2.com/file/bites-client-ref/Barkbus_Montage.png"
  ]
}
2025-10-15 18:31:59 | DEBUG    | src.api.client:generate_image:86 - CRITICAL DEBUG - Constructed payload: {
  "aspect_ratio": "9:16",
  "output_format": "png",
  "image_input": [
    "https://f003.backblazeb2.com/file/bites-client-ref/Barkbus_Montage.png"
  ],
  "prompt": "Extreme close-up in Barkbus Van Interior of matted fur pulling taut on a dog's skin, the tension visible where the mat connects to the skin surface, revealing trapped dirt and moisture in the fur, bright clinical lighting, macro photography detail, documentary style Provided image is a reference that shows you what the forementions actually look like."
}
2025-10-15 18:31:59 | DEBUG    | src.api.client:generate_image:89 - Original prompt: Extreme close-up in Barkbus Van Interior of matted fur pulling taut on a dog's skin, the tension visible where the mat connects to the skin surface, revealing trapped dirt and moisture in the fur, bright clinical lighting, macro photography detail, documentary style Provided image is a reference that shows you what the forementions actually look like.
2025-10-15 18:31:59 | DEBUG    | src.api.client:generate_image:90 - Clean prompt being sent: Extreme close-up in Barkbus Van Interior of matted fur pulling taut on a dog's skin, the tension visible where the mat connects to the skin surface, revealing trapped dirt and moisture in the fur, bright clinical lighting, macro photography detail, documentary style Provided image is a reference that shows you what the forementions actually look like.
2025-10-15 18:31:59 | DEBUG    | src.api.client:generate_image:91 - Clean prompt repr: "Extreme close-up in Barkbus Van Interior of matted fur pulling taut on a dog's skin, the tension visible where the mat connects to the skin surface, revealing trapped dirt and moisture in the fur, bright clinical lighting, macro photography detail, documentary style Provided image is a reference that shows you what the forementions actually look like."
2025-10-15 18:31:59 | DEBUG    | src.api.client:_call_with_retry:152 - API call attempt 1/3
2025-10-15 18:31:59 | DEBUG    | src.api.client:_call_with_retry:155 - CRITICAL DEBUG - Payload sent to replicate.run: {
  "aspect_ratio": "9:16",
  "output_format": "png",
  "image_input": [
    "https://f003.backblazeb2.com/file/bites-client-ref/Barkbus_Montage.png"
  ],
  "prompt": "Extreme close-up in Barkbus Van Interior of matted fur pulling taut on a dog's skin, the tension visible where the mat connects to the skin surface, revealing trapped dirt and moisture in the fur, bright clinical lighting, macro photography detail, documentary style Provided image is a reference that shows you what the forementions actually look like."
}
2025-10-15 18:32:08 | DEBUG    | src.api.client:_call_with_retry:170 - API call successful
2025-10-15 18:32:08 | WARNING  | src.api.client:generate_image:117 - API PARAMETER FILTERING DETECTED:
2025-10-15 18:32:08 | WARNING  | src.api.client:generate_image:118 -   Model: google/nano-banana
2025-10-15 18:32:08 | WARNING  | src.api.client:generate_image:119 -   Filtered parameters: ['image_input']
2025-10-15 18:32:08 | WARNING  | src.api.client:generate_image:120 -   This means the model doesn't support these parameters
2025-10-15 18:32:09 | INFO     | src.output.writer:_save_to_disk:192 - Saved valid image: USER-FILES/05.OUTPUT/251015_183114/nano-banano_9x16_barkbus/01 Understanding _ Identifying Mats_lines/line_0004_183208_nano-banano_9x16_barkbus.png
2025-10-15 18:32:09 | DEBUG    | src.output.writer:_save_payload:257 - Saved payload to USER-FILES/05.OUTPUT/251015_183114/nano-banano_9x16_barkbus/01 Understanding _ Identifying Mats_lines/line_0004_183208_nano-banano_9x16_barkbus.md
2025-10-15 18:32:09 | INFO     | src.processing.processor:_generate_and_save_image:253 - Saved image: USER-FILES/05.OUTPUT/251015_183114/nano-banano_9x16_barkbus/01 Understanding _ Identifying Mats_lines/line_0004_183208_nano-banano_9x16_barkbus.png
2025-10-15 18:32:09 | INFO     | src.processing.processor:_process_with_context:202 - Waiting 1.0 seconds before next request
2025-10-15 18:32:10 | INFO     | src.processing.discovery:load_prompts:63 - Loaded prompt from line_0005.txt
2025-10-15 18:32:10 | INFO     | src.processing.processor:_process_single_combination:124 - Processing combination 5/93: 01 Understanding & Identifying Mats_lines/line_0005.txt + nano-banano_9x16_barkbus
2025-10-15 18:32:10 | DEBUG    | src.processing.processor:_process_single_combination:143 - Added image_input to params: ['https://f003.backblazeb2.com/file/bites-client-ref/Barkbus_Montage.png']
2025-10-15 18:32:10 | DEBUG    | src.processing.processor:_apply_prompt_fixes:213 - Added suffix to prompt: Provided image is a reference that shows you what the forementions actually look like.
2025-10-15 18:32:10 | DEBUG    | src.processing.processor:_process_with_context:191 - Processing 01 Understanding & Identifying Mats_lines/line_0005.txt: Close-up in Barkbus Van Interior of a Barkbus Groo...
2025-10-15 18:32:10 | DEBUG    | src.api.client:generate_image:85 - CRITICAL DEBUG - Received params: {
  "aspect_ratio": "9:16",
  "output_format": "png",
  "image_input": [
    "https://f003.backblazeb2.com/file/bites-client-ref/Barkbus_Montage.png"
  ]
}
2025-10-15 18:32:10 | DEBUG    | src.api.client:generate_image:86 - CRITICAL DEBUG - Constructed payload: {
  "aspect_ratio": "9:16",
  "output_format": "png",
  "image_input": [
    "https://f003.backblazeb2.com/file/bites-client-ref/Barkbus_Montage.png"
  ],
  "prompt": "Close-up in Barkbus Van Interior of a Barkbus Groomer's hands parting matted fur to reveal irritated red skin and a small sore underneath that was previously hidden, bright clinical lighting, documentary photography showing the problem clearly, shallow depth of field Provided image is a reference that shows you what the forementions actually look like."
}
2025-10-15 18:32:10 | DEBUG    | src.api.client:generate_image:89 - Original prompt: Close-up in Barkbus Van Interior of a Barkbus Groomer's hands parting matted fur to reveal irritated red skin and a small sore underneath that was previously hidden, bright clinical lighting, documentary photography showing the problem clearly, shallow depth of field Provided image is a reference that shows you what the forementions actually look like.
2025-10-15 18:32:10 | DEBUG    | src.api.client:generate_image:90 - Clean prompt being sent: Close-up in Barkbus Van Interior of a Barkbus Groomer's hands parting matted fur to reveal irritated red skin and a small sore underneath that was previously hidden, bright clinical lighting, documentary photography showing the problem clearly, shallow depth of field Provided image is a reference that shows you what the forementions actually look like.
2025-10-15 18:32:10 | DEBUG    | src.api.client:generate_image:91 - Clean prompt repr: "Close-up in Barkbus Van Interior of a Barkbus Groomer's hands parting matted fur to reveal irritated red skin and a small sore underneath that was previously hidden, bright clinical lighting, documentary photography showing the problem clearly, shallow depth of field Provided image is a reference that shows you what the forementions actually look like."
2025-10-15 18:32:10 | DEBUG    | src.api.client:_call_with_retry:152 - API call attempt 1/3
2025-10-15 18:32:10 | DEBUG    | src.api.client:_call_with_retry:155 - CRITICAL DEBUG - Payload sent to replicate.run: {
  "aspect_ratio": "9:16",
  "output_format": "png",
  "image_input": [
    "https://f003.backblazeb2.com/file/bites-client-ref/Barkbus_Montage.png"
  ],
  "prompt": "Close-up in Barkbus Van Interior of a Barkbus Groomer's hands parting matted fur to reveal irritated red skin and a small sore underneath that was previously hidden, bright clinical lighting, documentary photography showing the problem clearly, shallow depth of field Provided image is a reference that shows you what the forementions actually look like."
}
2025-10-15 18:32:19 | DEBUG    | src.api.client:_call_with_retry:170 - API call successful
2025-10-15 18:32:19 | WARNING  | src.api.client:generate_image:117 - API PARAMETER FILTERING DETECTED:
2025-10-15 18:32:19 | WARNING  | src.api.client:generate_image:118 -   Model: google/nano-banana
2025-10-15 18:32:19 | WARNING  | src.api.client:generate_image:119 -   Filtered parameters: ['image_input']
2025-10-15 18:32:19 | WARNING  | src.api.client:generate_image:120 -   This means the model doesn't support these parameters
2025-10-15 18:32:20 | INFO     | src.output.writer:_save_to_disk:192 - Saved valid image: USER-FILES/05.OUTPUT/251015_183114/nano-banano_9x16_barkbus/01 Understanding _ Identifying Mats_lines/line_0005_183219_nano-banano_9x16_barkbus.png
2025-10-15 18:32:20 | DEBUG    | src.output.writer:_save_payload:257 - Saved payload to USER-FILES/05.OUTPUT/251015_183114/nano-banano_9x16_barkbus/01 Understanding _ Identifying Mats_lines/line_0005_183219_nano-banano_9x16_barkbus.md
2025-10-15 18:32:20 | INFO     | src.processing.processor:_generate_and_save_image:253 - Saved image: USER-FILES/05.OUTPUT/251015_183114/nano-banano_9x16_barkbus/01 Understanding _ Identifying Mats_lines/line_0005_183219_nano-banano_9x16_barkbus.png
2025-10-15 18:32:20 | INFO     | src.processing.processor:_process_with_context:202 - Waiting 1.0 seconds before next request
2025-10-15 18:32:21 | INFO     | src.processing.discovery:load_prompts:63 - Loaded prompt from line_0006.txt
2025-10-15 18:32:21 | INFO     | src.processing.processor:_process_single_combination:124 - Processing combination 6/93: 01 Understanding & Identifying Mats_lines/line_0006.txt + nano-banano_9x16_barkbus
2025-10-15 18:32:21 | DEBUG    | src.processing.processor:_process_single_combination:143 - Added image_input to params: ['https://f003.backblazeb2.com/file/bites-client-ref/Barkbus_Montage.png']
2025-10-15 18:32:21 | DEBUG    | src.processing.processor:_apply_prompt_fixes:213 - Added suffix to prompt: Provided image is a reference that shows you what the forementions actually look like.
2025-10-15 18:32:21 | DEBUG    | src.processing.processor:_process_with_context:191 - Processing 01 Understanding & Identifying Mats_lines/line_0006.txt: Wide shot in Barkbus Van Interior of a young Black...
2025-10-15 18:32:21 | DEBUG    | src.api.client:generate_image:85 - CRITICAL DEBUG - Received params: {
  "aspect_ratio": "9:16",
  "output_format": "png",
  "image_input": [
    "https://f003.backblazeb2.com/file/bites-client-ref/Barkbus_Montage.png"
  ]
}
2025-10-15 18:32:21 | DEBUG    | src.api.client:generate_image:86 - CRITICAL DEBUG - Constructed payload: {
  "aspect_ratio": "9:16",
  "output_format": "png",
  "image_input": [
    "https://f003.backblazeb2.com/file/bites-client-ref/Barkbus_Montage.png"
  ],
  "prompt": "Wide shot in Barkbus Van Interior of a young Black male Barkbus Groomer in blue Barkbus t-shirt and dark pants kneeling beside a fluffy brown doodle mix on the grooming table, his hands gently examining the dog's coat, natural window lighting, calm professional atmosphere, rule of thirds positioning Provided image is a reference that shows you what the forementions actually look like."
}
2025-10-15 18:32:21 | DEBUG    | src.api.client:generate_image:89 - Original prompt: Wide shot in Barkbus Van Interior of a young Black male Barkbus Groomer in blue Barkbus t-shirt and dark pants kneeling beside a fluffy brown doodle mix on the grooming table, his hands gently examining the dog's coat, natural window lighting, calm professional atmosphere, rule of thirds positioning Provided image is a reference that shows you what the forementions actually look like.
2025-10-15 18:32:21 | DEBUG    | src.api.client:generate_image:90 - Clean prompt being sent: Wide shot in Barkbus Van Interior of a young Black male Barkbus Groomer in blue Barkbus t-shirt and dark pants kneeling beside a fluffy brown doodle mix on the grooming table, his hands gently examining the dog's coat, natural window lighting, calm professional atmosphere, rule of thirds positioning Provided image is a reference that shows you what the forementions actually look like.
2025-10-15 18:32:21 | DEBUG    | src.api.client:generate_image:91 - Clean prompt repr: "Wide shot in Barkbus Van Interior of a young Black male Barkbus Groomer in blue Barkbus t-shirt and dark pants kneeling beside a fluffy brown doodle mix on the grooming table, his hands gently examining the dog's coat, natural window lighting, calm professional atmosphere, rule of thirds positioning Provided image is a reference that shows you what the forementions actually look like."
2025-10-15 18:32:21 | DEBUG    | src.api.client:_call_with_retry:152 - API call attempt 1/3
2025-10-15 18:32:21 | DEBUG    | src.api.client:_call_with_retry:155 - CRITICAL DEBUG - Payload sent to replicate.run: {
  "aspect_ratio": "9:16",
  "output_format": "png",
  "image_input": [
    "https://f003.backblazeb2.com/file/bites-client-ref/Barkbus_Montage.png"
  ],
  "prompt": "Wide shot in Barkbus Van Interior of a young Black male Barkbus Groomer in blue Barkbus t-shirt and dark pants kneeling beside a fluffy brown doodle mix on the grooming table, his hands gently examining the dog's coat, natural window lighting, calm professional atmosphere, rule of thirds positioning Provided image is a reference that shows you what the forementions actually look like."
}
2025-10-15 18:32:32 | DEBUG    | src.api.client:_call_with_retry:170 - API call successful
2025-10-15 18:32:32 | WARNING  | src.api.client:generate_image:117 - API PARAMETER FILTERING DETECTED:
2025-10-15 18:32:32 | WARNING  | src.api.client:generate_image:118 -   Model: google/nano-banana
2025-10-15 18:32:32 | WARNING  | src.api.client:generate_image:119 -   Filtered parameters: ['image_input']
2025-10-15 18:32:32 | WARNING  | src.api.client:generate_image:120 -   This means the model doesn't support these parameters
2025-10-15 18:32:33 | INFO     | src.output.writer:_save_to_disk:192 - Saved valid image: USER-FILES/05.OUTPUT/251015_183114/nano-banano_9x16_barkbus/01 Understanding _ Identifying Mats_lines/line_0006_183232_nano-banano_9x16_barkbus.png
2025-10-15 18:32:33 | DEBUG    | src.output.writer:_save_payload:257 - Saved payload to USER-FILES/05.OUTPUT/251015_183114/nano-banano_9x16_barkbus/01 Understanding _ Identifying Mats_lines/line_0006_183232_nano-banano_9x16_barkbus.md
2025-10-15 18:32:33 | INFO     | src.processing.processor:_generate_and_save_image:253 - Saved image: USER-FILES/05.OUTPUT/251015_183114/nano-banano_9x16_barkbus/01 Understanding _ Identifying Mats_lines/line_0006_183232_nano-banano_9x16_barkbus.png
2025-10-15 18:32:33 | INFO     | src.processing.processor:_process_with_context:202 - Waiting 1.0 seconds before next request
2025-10-15 18:32:34 | INFO     | src.processing.discovery:load_prompts:63 - Loaded prompt from line_0007.txt
2025-10-15 18:32:34 | INFO     | src.processing.processor:_process_single_combination:124 - Processing combination 7/93: 01 Understanding & Identifying Mats_lines/line_0007.txt + nano-banano_9x16_barkbus
2025-10-15 18:32:34 | DEBUG    | src.processing.processor:_process_single_combination:143 - Added image_input to params: ['https://f003.backblazeb2.com/file/bites-client-ref/Barkbus_Montage.png']
2025-10-15 18:32:34 | DEBUG    | src.processing.processor:_apply_prompt_fixes:213 - Added suffix to prompt: Provided image is a reference that shows you what the forementions actually look like.
2025-10-15 18:32:34 | DEBUG    | src.processing.processor:_process_with_context:191 - Processing 01 Understanding & Identifying Mats_lines/line_0007.txt: Close-up in Barkbus Van Interior of Asian female B...
2025-10-15 18:32:34 | DEBUG    | src.api.client:generate_image:85 - CRITICAL DEBUG - Received params: {
  "aspect_ratio": "9:16",
  "output_format": "png",
  "image_input": [
    "https://f003.backblazeb2.com/file/bites-client-ref/Barkbus_Montage.png"
  ]
}
2025-10-15 18:32:34 | DEBUG    | src.api.client:generate_image:86 - CRITICAL DEBUG - Constructed payload: {
  "aspect_ratio": "9:16",
  "output_format": "png",
  "image_input": [
    "https://f003.backblazeb2.com/file/bites-client-ref/Barkbus_Montage.png"
  ],
  "prompt": "Close-up in Barkbus Van Interior of Asian female Barkbus Groomer's hands using a Greyhound comb to check behind a golden retriever's ear, the comb is visible catching on matted areas, soft diffused lighting, shallow depth of field focusing on the hands and ear area Provided image is a reference that shows you what the forementions actually look like."
}
2025-10-15 18:32:34 | DEBUG    | src.api.client:generate_image:89 - Original prompt: Close-up in Barkbus Van Interior of Asian female Barkbus Groomer's hands using a Greyhound comb to check behind a golden retriever's ear, the comb is visible catching on matted areas, soft diffused lighting, shallow depth of field focusing on the hands and ear area Provided image is a reference that shows you what the forementions actually look like.
2025-10-15 18:32:34 | DEBUG    | src.api.client:generate_image:90 - Clean prompt being sent: Close-up in Barkbus Van Interior of Asian female Barkbus Groomer's hands using a Greyhound comb to check behind a golden retriever's ear, the comb is visible catching on matted areas, soft diffused lighting, shallow depth of field focusing on the hands and ear area Provided image is a reference that shows you what the forementions actually look like.
2025-10-15 18:32:34 | DEBUG    | src.api.client:generate_image:91 - Clean prompt repr: "Close-up in Barkbus Van Interior of Asian female Barkbus Groomer's hands using a Greyhound comb to check behind a golden retriever's ear, the comb is visible catching on matted areas, soft diffused lighting, shallow depth of field focusing on the hands and ear area Provided image is a reference that shows you what the forementions actually look like."
2025-10-15 18:32:34 | DEBUG    | src.api.client:_call_with_retry:152 - API call attempt 1/3
2025-10-15 18:32:34 | DEBUG    | src.api.client:_call_with_retry:155 - CRITICAL DEBUG - Payload sent to replicate.run: {
  "aspect_ratio": "9:16",
  "output_format": "png",
  "image_input": [
    "https://f003.backblazeb2.com/file/bites-client-ref/Barkbus_Montage.png"
  ],
  "prompt": "Close-up in Barkbus Van Interior of Asian female Barkbus Groomer's hands using a Greyhound comb to check behind a golden retriever's ear, the comb is visible catching on matted areas, soft diffused lighting, shallow depth of field focusing on the hands and ear area Provided image is a reference that shows you what the forementions actually look like."
}
2025-10-15 18:32:43 | DEBUG    | src.api.client:_call_with_retry:170 - API call successful
2025-10-15 18:32:43 | WARNING  | src.api.client:generate_image:117 - API PARAMETER FILTERING DETECTED:
2025-10-15 18:32:43 | WARNING  | src.api.client:generate_image:118 -   Model: google/nano-banana
2025-10-15 18:32:43 | WARNING  | src.api.client:generate_image:119 -   Filtered parameters: ['image_input']
2025-10-15 18:32:43 | WARNING  | src.api.client:generate_image:120 -   This means the model doesn't support these parameters
2025-10-15 18:32:44 | INFO     | src.output.writer:_save_to_disk:192 - Saved valid image: USER-FILES/05.OUTPUT/251015_183114/nano-banano_9x16_barkbus/01 Understanding _ Identifying Mats_lines/line_0007_183243_nano-banano_9x16_barkbus.png
2025-10-15 18:32:44 | DEBUG    | src.output.writer:_save_payload:257 - Saved payload to USER-FILES/05.OUTPUT/251015_183114/nano-banano_9x16_barkbus/01 Understanding _ Identifying Mats_lines/line_0007_183243_nano-banano_9x16_barkbus.md
2025-10-15 18:32:44 | INFO     | src.processing.processor:_generate_and_save_image:253 - Saved image: USER-FILES/05.OUTPUT/251015_183114/nano-banano_9x16_barkbus/01 Understanding _ Identifying Mats_lines/line_0007_183243_nano-banano_9x16_barkbus.png
2025-10-15 18:32:44 | INFO     | src.processing.processor:_process_with_context:202 - Waiting 1.0 seconds before next request
2025-10-15 18:32:45 | INFO     | src.processing.discovery:load_prompts:63 - Loaded prompt from line_0008.txt
2025-10-15 18:32:45 | INFO     | src.processing.processor:_process_single_combination:124 - Processing combination 8/93: 01 Understanding & Identifying Mats_lines/line_0008.txt + nano-banano_9x16_barkbus
2025-10-15 18:32:45 | DEBUG    | src.processing.processor:_process_single_combination:143 - Added image_input to params: ['https://f003.backblazeb2.com/file/bites-client-ref/Barkbus_Montage.png']
2025-10-15 18:32:45 | DEBUG    | src.processing.processor:_apply_prompt_fixes:213 - Added suffix to prompt: Provided image is a reference that shows you what the forementions actually look like.
2025-10-15 18:32:45 | DEBUG    | src.processing.processor:_process_with_context:191 - Processing 01 Understanding & Identifying Mats_lines/line_0008.txt: Extreme close-up of a metal grooming comb stuck ha...
2025-10-15 18:32:45 | DEBUG    | src.api.client:generate_image:85 - CRITICAL DEBUG - Received params: {
  "aspect_ratio": "9:16",
  "output_format": "png",
  "image_input": [
    "https://f003.backblazeb2.com/file/bites-client-ref/Barkbus_Montage.png"
  ]
}
2025-10-15 18:32:45 | DEBUG    | src.api.client:generate_image:86 - CRITICAL DEBUG - Constructed payload: {
  "aspect_ratio": "9:16",
  "output_format": "png",
  "image_input": [
    "https://f003.backblazeb2.com/file/bites-client-ref/Barkbus_Montage.png"
  ],
  "prompt": "Extreme close-up of a metal grooming comb stuck halfway through severely matted brown fur, unable to reach the skin beneath, bright clean lighting, macro photography style, sharp focus on the comb teeth caught in the mat Provided image is a reference that shows you what the forementions actually look like."
}
2025-10-15 18:32:45 | DEBUG    | src.api.client:generate_image:89 - Original prompt: Extreme close-up of a metal grooming comb stuck halfway through severely matted brown fur, unable to reach the skin beneath, bright clean lighting, macro photography style, sharp focus on the comb teeth caught in the mat Provided image is a reference that shows you what the forementions actually look like.
2025-10-15 18:32:45 | DEBUG    | src.api.client:generate_image:90 - Clean prompt being sent: Extreme close-up of a metal grooming comb stuck halfway through severely matted brown fur, unable to reach the skin beneath, bright clean lighting, macro photography style, sharp focus on the comb teeth caught in the mat Provided image is a reference that shows you what the forementions actually look like.
2025-10-15 18:32:45 | DEBUG    | src.api.client:generate_image:91 - Clean prompt repr: 'Extreme close-up of a metal grooming comb stuck halfway through severely matted brown fur, unable to reach the skin beneath, bright clean lighting, macro photography style, sharp focus on the comb teeth caught in the mat Provided image is a reference that shows you what the forementions actually look like.'
2025-10-15 18:32:45 | DEBUG    | src.api.client:_call_with_retry:152 - API call attempt 1/3
2025-10-15 18:32:45 | DEBUG    | src.api.client:_call_with_retry:155 - CRITICAL DEBUG - Payload sent to replicate.run: {
  "aspect_ratio": "9:16",
  "output_format": "png",
  "image_input": [
    "https://f003.backblazeb2.com/file/bites-client-ref/Barkbus_Montage.png"
  ],
  "prompt": "Extreme close-up of a metal grooming comb stuck halfway through severely matted brown fur, unable to reach the skin beneath, bright clean lighting, macro photography style, sharp focus on the comb teeth caught in the mat Provided image is a reference that shows you what the forementions actually look like."
}
2025-10-15 18:32:51 | ERROR    | src.api.client:_call_with_retry:184 - Error on attempt 1: Director: unexpected error handling prediction (E6716)
2025-10-15 18:32:51 | INFO     | src.api.client:_call_with_retry:188 - Retrying in 2s...
2025-10-15 18:32:53 | DEBUG    | src.api.client:_call_with_retry:152 - API call attempt 2/3
2025-10-15 18:32:53 | DEBUG    | src.api.client:_call_with_retry:155 - CRITICAL DEBUG - Payload sent to replicate.run: {
  "aspect_ratio": "9:16",
  "output_format": "png",
  "image_input": [
    "https://f003.backblazeb2.com/file/bites-client-ref/Barkbus_Montage.png"
  ],
  "prompt": "Extreme close-up of a metal grooming comb stuck halfway through severely matted brown fur, unable to reach the skin beneath, bright clean lighting, macro photography style, sharp focus on the comb teeth caught in the mat Provided image is a reference that shows you what the forementions actually look like."
}
2025-10-15 18:33:02 | DEBUG    | src.api.client:_call_with_retry:170 - API call successful
2025-10-15 18:33:02 | WARNING  | src.api.client:generate_image:117 - API PARAMETER FILTERING DETECTED:
2025-10-15 18:33:02 | WARNING  | src.api.client:generate_image:118 -   Model: google/nano-banana
2025-10-15 18:33:02 | WARNING  | src.api.client:generate_image:119 -   Filtered parameters: ['image_input']
2025-10-15 18:33:02 | WARNING  | src.api.client:generate_image:120 -   This means the model doesn't support these parameters
2025-10-15 18:33:03 | INFO     | src.output.writer:_save_to_disk:192 - Saved valid image: USER-FILES/05.OUTPUT/251015_183114/nano-banano_9x16_barkbus/01 Understanding _ Identifying Mats_lines/line_0008_183302_nano-banano_9x16_barkbus.png
2025-10-15 18:33:03 | DEBUG    | src.output.writer:_save_payload:257 - Saved payload to USER-FILES/05.OUTPUT/251015_183114/nano-banano_9x16_barkbus/01 Understanding _ Identifying Mats_lines/line_0008_183302_nano-banano_9x16_barkbus.md
2025-10-15 18:33:03 | INFO     | src.processing.processor:_generate_and_save_image:253 - Saved image: USER-FILES/05.OUTPUT/251015_183114/nano-banano_9x16_barkbus/01 Understanding _ Identifying Mats_lines/line_0008_183302_nano-banano_9x16_barkbus.png
2025-10-15 18:33:03 | INFO     | src.processing.processor:_process_with_context:202 - Waiting 1.0 seconds before next request
2025-10-15 18:33:04 | INFO     | src.processing.discovery:load_prompts:63 - Loaded prompt from line_0009.txt
2025-10-15 18:33:04 | INFO     | src.processing.processor:_process_single_combination:124 - Processing combination 9/93: 01 Understanding & Identifying Mats_lines/line_0009.txt + nano-banano_9x16_barkbus
2025-10-15 18:33:04 | DEBUG    | src.processing.processor:_process_single_combination:143 - Added image_input to params: ['https://f003.backblazeb2.com/file/bites-client-ref/Barkbus_Montage.png']
2025-10-15 18:33:04 | DEBUG    | src.processing.processor:_apply_prompt_fixes:213 - Added suffix to prompt: Provided image is a reference that shows you what the forementions actually look like.
2025-10-15 18:33:04 | DEBUG    | src.processing.processor:_process_with_context:191 - Processing 01 Understanding & Identifying Mats_lines/line_0009.txt: Medium shot in Barkbus Van Interior of a young Asi...
2025-10-15 18:33:04 | DEBUG    | src.api.client:generate_image:85 - CRITICAL DEBUG - Received params: {
  "aspect_ratio": "9:16",
  "output_format": "png",
  "image_input": [
    "https://f003.backblazeb2.com/file/bites-client-ref/Barkbus_Montage.png"
  ]
}
2025-10-15 18:33:04 | DEBUG    | src.api.client:generate_image:86 - CRITICAL DEBUG - Constructed payload: {
  "aspect_ratio": "9:16",
  "output_format": "png",
  "image_input": [
    "https://f003.backblazeb2.com/file/bites-client-ref/Barkbus_Montage.png"
  ],
  "prompt": "Medium shot in Barkbus Van Interior of a young Asian male Barkbus Groomer in blue t-shirt carefully running his fingers through a cocker spaniel's coat to assess matting severity, his expression focused and analytical, natural window lighting, professional assessment in progress Provided image is a reference that shows you what the forementions actually look like."
}
2025-10-15 18:33:04 | DEBUG    | src.api.client:generate_image:89 - Original prompt: Medium shot in Barkbus Van Interior of a young Asian male Barkbus Groomer in blue t-shirt carefully running his fingers through a cocker spaniel's coat to assess matting severity, his expression focused and analytical, natural window lighting, professional assessment in progress Provided image is a reference that shows you what the forementions actually look like.
2025-10-15 18:33:04 | DEBUG    | src.api.client:generate_image:90 - Clean prompt being sent: Medium shot in Barkbus Van Interior of a young Asian male Barkbus Groomer in blue t-shirt carefully running his fingers through a cocker spaniel's coat to assess matting severity, his expression focused and analytical, natural window lighting, professional assessment in progress Provided image is a reference that shows you what the forementions actually look like.
2025-10-15 18:33:04 | DEBUG    | src.api.client:generate_image:91 - Clean prompt repr: "Medium shot in Barkbus Van Interior of a young Asian male Barkbus Groomer in blue t-shirt carefully running his fingers through a cocker spaniel's coat to assess matting severity, his expression focused and analytical, natural window lighting, professional assessment in progress Provided image is a reference that shows you what the forementions actually look like."
2025-10-15 18:33:04 | DEBUG    | src.api.client:_call_with_retry:152 - API call attempt 1/3
2025-10-15 18:33:04 | DEBUG    | src.api.client:_call_with_retry:155 - CRITICAL DEBUG - Payload sent to replicate.run: {
  "aspect_ratio": "9:16",
  "output_format": "png",
  "image_input": [
    "https://f003.backblazeb2.com/file/bites-client-ref/Barkbus_Montage.png"
  ],
  "prompt": "Medium shot in Barkbus Van Interior of a young Asian male Barkbus Groomer in blue t-shirt carefully running his fingers through a cocker spaniel's coat to assess matting severity, his expression focused and analytical, natural window lighting, professional assessment in progress Provided image is a reference that shows you what the forementions actually look like."
}
2025-10-15 18:33:14 | DEBUG    | src.api.client:_call_with_retry:170 - API call successful
2025-10-15 18:33:14 | WARNING  | src.api.client:generate_image:117 - API PARAMETER FILTERING DETECTED:
2025-10-15 18:33:14 | WARNING  | src.api.client:generate_image:118 -   Model: google/nano-banana
2025-10-15 18:33:14 | WARNING  | src.api.client:generate_image:119 -   Filtered parameters: ['image_input']
2025-10-15 18:33:14 | WARNING  | src.api.client:generate_image:120 -   This means the model doesn't support these parameters
2025-10-15 18:33:15 | INFO     | src.output.writer:_save_to_disk:192 - Saved valid image: USER-FILES/05.OUTPUT/251015_183114/nano-banano_9x16_barkbus/01 Understanding _ Identifying Mats_lines/line_0009_183314_nano-banano_9x16_barkbus.png
2025-10-15 18:33:15 | DEBUG    | src.output.writer:_save_payload:257 - Saved payload to USER-FILES/05.OUTPUT/251015_183114/nano-banano_9x16_barkbus/01 Understanding _ Identifying Mats_lines/line_0009_183314_nano-banano_9x16_barkbus.md
2025-10-15 18:33:15 | INFO     | src.processing.processor:_generate_and_save_image:253 - Saved image: USER-FILES/05.OUTPUT/251015_183114/nano-banano_9x16_barkbus/01 Understanding _ Identifying Mats_lines/line_0009_183314_nano-banano_9x16_barkbus.png
2025-10-15 18:33:15 | INFO     | src.processing.processor:_process_with_context:202 - Waiting 1.0 seconds before next request
2025-10-15 18:33:16 | INFO     | src.processing.discovery:load_prompts:63 - Loaded prompt from line_0010.txt
2025-10-15 18:33:16 | INFO     | src.processing.processor:_process_single_combination:124 - Processing combination 10/93: 01 Understanding & Identifying Mats_lines/line_0010.txt + nano-banano_9x16_barkbus
2025-10-15 18:33:16 | DEBUG    | src.processing.processor:_process_single_combination:143 - Added image_input to params: ['https://f003.backblazeb2.com/file/bites-client-ref/Barkbus_Montage.png']
2025-10-15 18:33:16 | DEBUG    | src.processing.processor:_apply_prompt_fixes:213 - Added suffix to prompt: Provided image is a reference that shows you what the forementions actually look like.
2025-10-15 18:33:16 | DEBUG    | src.processing.processor:_process_with_context:191 - Processing 01 Understanding & Identifying Mats_lines/line_0010.txt: Medium shot in suburban driveway beside Barkbus Va...
2025-10-15 18:33:16 | DEBUG    | src.api.client:generate_image:85 - CRITICAL DEBUG - Received params: {
  "aspect_ratio": "9:16",
  "output_format": "png",
  "image_input": [
    "https://f003.backblazeb2.com/file/bites-client-ref/Barkbus_Montage.png"
  ]
}
2025-10-15 18:33:16 | DEBUG    | src.api.client:generate_image:86 - CRITICAL DEBUG - Constructed payload: {
  "aspect_ratio": "9:16",
  "output_format": "png",
  "image_input": [
    "https://f003.backblazeb2.com/file/bites-client-ref/Barkbus_Montage.png"
  ],
  "prompt": "Medium shot in suburban driveway beside Barkbus Van Exterior of a young Middle Eastern female Barkbus Groomer speaking with a concerned pet owner (White male, 40s), the Barkbus Groomer has a friendly but serious expression, holding a clipboard, golden hour lighting, residential neighborhood visible in background Provided image is a reference that shows you what the forementions actually look like."
}
2025-10-15 18:33:16 | DEBUG    | src.api.client:generate_image:89 - Original prompt: Medium shot in suburban driveway beside Barkbus Van Exterior of a young Middle Eastern female Barkbus Groomer speaking with a concerned pet owner (White male, 40s), the Barkbus Groomer has a friendly but serious expression, holding a clipboard, golden hour lighting, residential neighborhood visible in background Provided image is a reference that shows you what the forementions actually look like.
2025-10-15 18:33:16 | DEBUG    | src.api.client:generate_image:90 - Clean prompt being sent: Medium shot in suburban driveway beside Barkbus Van Exterior of a young Middle Eastern female Barkbus Groomer speaking with a concerned pet owner (White male, 40s), the Barkbus Groomer has a friendly but serious expression, holding a clipboard, golden hour lighting, residential neighborhood visible in background Provided image is a reference that shows you what the forementions actually look like.
2025-10-15 18:33:16 | DEBUG    | src.api.client:generate_image:91 - Clean prompt repr: 'Medium shot in suburban driveway beside Barkbus Van Exterior of a young Middle Eastern female Barkbus Groomer speaking with a concerned pet owner (White male, 40s), the Barkbus Groomer has a friendly but serious expression, holding a clipboard, golden hour lighting, residential neighborhood visible in background Provided image is a reference that shows you what the forementions actually look like.'
2025-10-15 18:33:16 | DEBUG    | src.api.client:_call_with_retry:152 - API call attempt 1/3
2025-10-15 18:33:16 | DEBUG    | src.api.client:_call_with_retry:155 - CRITICAL DEBUG - Payload sent to replicate.run: {
  "aspect_ratio": "9:16",
  "output_format": "png",
  "image_input": [
    "https://f003.backblazeb2.com/file/bites-client-ref/Barkbus_Montage.png"
  ],
  "prompt": "Medium shot in suburban driveway beside Barkbus Van Exterior of a young Middle Eastern female Barkbus Groomer speaking with a concerned pet owner (White male, 40s), the Barkbus Groomer has a friendly but serious expression, holding a clipboard, golden hour lighting, residential neighborhood visible in background Provided image is a reference that shows you what the forementions actually look like."
}
2025-10-15 18:33:28 | DEBUG    | src.api.client:_call_with_retry:170 - API call successful
2025-10-15 18:33:28 | WARNING  | src.api.client:generate_image:117 - API PARAMETER FILTERING DETECTED:
2025-10-15 18:33:28 | WARNING  | src.api.client:generate_image:118 -   Model: google/nano-banana
2025-10-15 18:33:28 | WARNING  | src.api.client:generate_image:119 -   Filtered parameters: ['image_input']
2025-10-15 18:33:28 | WARNING  | src.api.client:generate_image:120 -   This means the model doesn't support these parameters
2025-10-15 18:33:30 | INFO     | src.output.writer:_save_to_disk:192 - Saved valid image: USER-FILES/05.OUTPUT/251015_183114/nano-banano_9x16_barkbus/01 Understanding _ Identifying Mats_lines/line_0010_183328_nano-banano_9x16_barkbus.png
2025-10-15 18:33:30 | DEBUG    | src.output.writer:_save_payload:257 - Saved payload to USER-FILES/05.OUTPUT/251015_183114/nano-banano_9x16_barkbus/01 Understanding _ Identifying Mats_lines/line_0010_183328_nano-banano_9x16_barkbus.md
2025-10-15 18:33:30 | INFO     | src.processing.processor:_generate_and_save_image:253 - Saved image: USER-FILES/05.OUTPUT/251015_183114/nano-banano_9x16_barkbus/01 Understanding _ Identifying Mats_lines/line_0010_183328_nano-banano_9x16_barkbus.png
2025-10-15 18:33:30 | INFO     | src.processing.processor:_process_with_context:202 - Waiting 1.0 seconds before next request
2025-10-15 18:33:31 | INFO     | src.processing.discovery:load_prompts:63 - Loaded prompt from line_0011.txt
2025-10-15 18:33:31 | INFO     | src.processing.processor:_process_single_combination:124 - Processing combination 11/93: 01 Understanding & Identifying Mats_lines/line_0011.txt + nano-banano_9x16_barkbus
2025-10-15 18:33:31 | DEBUG    | src.processing.processor:_process_single_combination:143 - Added image_input to params: ['https://f003.backblazeb2.com/file/bites-client-ref/Barkbus_Montage.png']
2025-10-15 18:33:31 | DEBUG    | src.processing.processor:_apply_prompt_fixes:213 - Added suffix to prompt: Provided image is a reference that shows you what the forementions actually look like.
2025-10-15 18:33:31 | DEBUG    | src.processing.processor:_process_with_context:191 - Processing 01 Understanding & Identifying Mats_lines/line_0011.txt: Close-up in Barkbus Van Interior of a mixed-race f...
2025-10-15 18:33:31 | DEBUG    | src.api.client:generate_image:85 - CRITICAL DEBUG - Received params: {
  "aspect_ratio": "9:16",
  "output_format": "png",
  "image_input": [
    "https://f003.backblazeb2.com/file/bites-client-ref/Barkbus_Montage.png"
  ]
}
2025-10-15 18:33:31 | DEBUG    | src.api.client:generate_image:86 - CRITICAL DEBUG - Constructed payload: {
  "aspect_ratio": "9:16",
  "output_format": "png",
  "image_input": [
    "https://f003.backblazeb2.com/file/bites-client-ref/Barkbus_Montage.png"
  ],
  "prompt": "Close-up in Barkbus Van Interior of a mixed-race female Barkbus Groomer's face with a subtle smile, her hands gently cradling a small white fluffy dog's face, the dog looking calm and trusting, soft natural lighting, warm and compassionate mood, shallow depth of field Provided image is a reference that shows you what the forementions actually look like."
}
2025-10-15 18:33:31 | DEBUG    | src.api.client:generate_image:89 - Original prompt: Close-up in Barkbus Van Interior of a mixed-race female Barkbus Groomer's face with a subtle smile, her hands gently cradling a small white fluffy dog's face, the dog looking calm and trusting, soft natural lighting, warm and compassionate mood, shallow depth of field Provided image is a reference that shows you what the forementions actually look like.
2025-10-15 18:33:31 | DEBUG    | src.api.client:generate_image:90 - Clean prompt being sent: Close-up in Barkbus Van Interior of a mixed-race female Barkbus Groomer's face with a subtle smile, her hands gently cradling a small white fluffy dog's face, the dog looking calm and trusting, soft natural lighting, warm and compassionate mood, shallow depth of field Provided image is a reference that shows you what the forementions actually look like.
2025-10-15 18:33:31 | DEBUG    | src.api.client:generate_image:91 - Clean prompt repr: "Close-up in Barkbus Van Interior of a mixed-race female Barkbus Groomer's face with a subtle smile, her hands gently cradling a small white fluffy dog's face, the dog looking calm and trusting, soft natural lighting, warm and compassionate mood, shallow depth of field Provided image is a reference that shows you what the forementions actually look like."
2025-10-15 18:33:31 | DEBUG    | src.api.client:_call_with_retry:152 - API call attempt 1/3
2025-10-15 18:33:31 | DEBUG    | src.api.client:_call_with_retry:155 - CRITICAL DEBUG - Payload sent to replicate.run: {
  "aspect_ratio": "9:16",
  "output_format": "png",
  "image_input": [
    "https://f003.backblazeb2.com/file/bites-client-ref/Barkbus_Montage.png"
  ],
  "prompt": "Close-up in Barkbus Van Interior of a mixed-race female Barkbus Groomer's face with a subtle smile, her hands gently cradling a small white fluffy dog's face, the dog looking calm and trusting, soft natural lighting, warm and compassionate mood, shallow depth of field Provided image is a reference that shows you what the forementions actually look like."
}
2025-10-15 18:33:41 | DEBUG    | src.api.client:_call_with_retry:170 - API call successful
2025-10-15 18:33:41 | WARNING  | src.api.client:generate_image:117 - API PARAMETER FILTERING DETECTED:
2025-10-15 18:33:41 | WARNING  | src.api.client:generate_image:118 -   Model: google/nano-banana
2025-10-15 18:33:41 | WARNING  | src.api.client:generate_image:119 -   Filtered parameters: ['image_input']
2025-10-15 18:33:41 | WARNING  | src.api.client:generate_image:120 -   This means the model doesn't support these parameters
2025-10-15 18:33:42 | INFO     | src.output.writer:_save_to_disk:192 - Saved valid image: USER-FILES/05.OUTPUT/251015_183114/nano-banano_9x16_barkbus/01 Understanding _ Identifying Mats_lines/line_0011_183341_nano-banano_9x16_barkbus.png
2025-10-15 18:33:42 | DEBUG    | src.output.writer:_save_payload:257 - Saved payload to USER-FILES/05.OUTPUT/251015_183114/nano-banano_9x16_barkbus/01 Understanding _ Identifying Mats_lines/line_0011_183341_nano-banano_9x16_barkbus.md
2025-10-15 18:33:42 | INFO     | src.processing.processor:_generate_and_save_image:253 - Saved image: USER-FILES/05.OUTPUT/251015_183114/nano-banano_9x16_barkbus/01 Understanding _ Identifying Mats_lines/line_0011_183341_nano-banano_9x16_barkbus.png
2025-10-15 18:33:42 | INFO     | src.processing.processor:_process_with_context:202 - Waiting 1.0 seconds before next request
2025-10-15 18:33:43 | INFO     | src.processing.discovery:load_prompts:63 - Loaded prompt from line_0012.txt
2025-10-15 18:33:43 | INFO     | src.processing.processor:_process_single_combination:124 - Processing combination 12/93: 01 Understanding & Identifying Mats_lines/line_0012.txt + nano-banano_9x16_barkbus
2025-10-15 18:33:43 | DEBUG    | src.processing.processor:_process_single_combination:143 - Added image_input to params: ['https://f003.backblazeb2.com/file/bites-client-ref/Barkbus_Montage.png']
2025-10-15 18:33:43 | DEBUG    | src.processing.processor:_apply_prompt_fixes:213 - Added suffix to prompt: Provided image is a reference that shows you what the forementions actually look like.
2025-10-15 18:33:43 | DEBUG    | src.processing.processor:_process_with_context:191 - Processing 01 Understanding & Identifying Mats_lines/line_0012.txt: Close-up in Barkbus Van Interior of a White female...
2025-10-15 18:33:43 | DEBUG    | src.api.client:generate_image:85 - CRITICAL DEBUG - Received params: {
  "aspect_ratio": "9:16",
  "output_format": "png",
  "image_input": [
    "https://f003.backblazeb2.com/file/bites-client-ref/Barkbus_Montage.png"
  ]
}
2025-10-15 18:33:43 | DEBUG    | src.api.client:generate_image:86 - CRITICAL DEBUG - Constructed payload: {
  "aspect_ratio": "9:16",
  "output_format": "png",
  "image_input": [
    "https://f003.backblazeb2.com/file/bites-client-ref/Barkbus_Montage.png"
  ],
  "prompt": "Close-up in Barkbus Van Interior of a White female Barkbus Groomer's face with a compassionate expression, gently comforting a nervous dog with her hands, the dog looking relieved and trusting, soft natural lighting, warm emotional moment capturing the ethos of care over appearance Provided image is a reference that shows you what the forementions actually look like."
}
2025-10-15 18:33:43 | DEBUG    | src.api.client:generate_image:89 - Original prompt: Close-up in Barkbus Van Interior of a White female Barkbus Groomer's face with a compassionate expression, gently comforting a nervous dog with her hands, the dog looking relieved and trusting, soft natural lighting, warm emotional moment capturing the ethos of care over appearance Provided image is a reference that shows you what the forementions actually look like.
2025-10-15 18:33:43 | DEBUG    | src.api.client:generate_image:90 - Clean prompt being sent: Close-up in Barkbus Van Interior of a White female Barkbus Groomer's face with a compassionate expression, gently comforting a nervous dog with her hands, the dog looking relieved and trusting, soft natural lighting, warm emotional moment capturing the ethos of care over appearance Provided image is a reference that shows you what the forementions actually look like.
2025-10-15 18:33:43 | DEBUG    | src.api.client:generate_image:91 - Clean prompt repr: "Close-up in Barkbus Van Interior of a White female Barkbus Groomer's face with a compassionate expression, gently comforting a nervous dog with her hands, the dog looking relieved and trusting, soft natural lighting, warm emotional moment capturing the ethos of care over appearance Provided image is a reference that shows you what the forementions actually look like."
2025-10-15 18:33:43 | DEBUG    | src.api.client:_call_with_retry:152 - API call attempt 1/3
2025-10-15 18:33:43 | DEBUG    | src.api.client:_call_with_retry:155 - CRITICAL DEBUG - Payload sent to replicate.run: {
  "aspect_ratio": "9:16",
  "output_format": "png",
  "image_input": [
    "https://f003.backblazeb2.com/file/bites-client-ref/Barkbus_Montage.png"
  ],
  "prompt": "Close-up in Barkbus Van Interior of a White female Barkbus Groomer's face with a compassionate expression, gently comforting a nervous dog with her hands, the dog looking relieved and trusting, soft natural lighting, warm emotional moment capturing the ethos of care over appearance Provided image is a reference that shows you what the forementions actually look like."
}
2025-10-15 18:33:45 | WARNING  | __main__:main:350 - Interrupted by user
