2025-12-31 21:57:54 | INFO     | src.utils.logging:setup_logging:39 - Logging configured (verbose=False, debug=False)
2025-12-31 21:57:54 | INFO     | __main__:setup_environment:79 - Environment initialized
2025-12-31 21:57:54 | INFO     | __main__:load_and_validate_config:84 - Loading configuration...
2025-12-31 21:57:54 | INFO     | src.config.loader:load_config:42 - Loaded configuration from USER-FILES/01.CONFIG/config.yaml
2025-12-31 21:57:54 | INFO     | __main__:authenticate_for_mode:273 - Authenticating with 1Password...
2025-12-31 21:57:58 | DEBUG    | src.auth.session_manager:ensure_op_auth:39 - 1Password session is active
2025-12-31 21:57:59 | DEBUG    | src.auth.session_manager:ensure_op_auth:39 - 1Password session is active
2025-12-31 21:57:59 | DEBUG    | src.auth.auth:load_auth_config:28 - Using auth config: auth.yaml
2025-12-31 21:58:00 | DEBUG    | src.auth.auth:get_api_key:77 - Retrieved API key: r8_K...
2025-12-31 21:58:00 | INFO     | __main__:discover_inputs_and_profiles:92 - Discovering inputs...
2025-12-31 21:58:00 | DEBUG    | src.processing.discovery:discover_prompt_files:42 - Found markdown file: ari_foldman/frame_0584.md
2025-12-31 21:58:00 | DEBUG    | src.processing.discovery:discover_prompt_files:42 - Found markdown file: ari_foldman/frame_0651.md
2025-12-31 21:58:00 | DEBUG    | src.processing.discovery:discover_prompt_files:42 - Found markdown file: ari_foldman/frame_1567.md
2025-12-31 21:58:00 | DEBUG    | src.processing.discovery:discover_prompt_files:42 - Found markdown file: ari_foldman/frame_1485.md
2025-12-31 21:58:00 | DEBUG    | src.processing.discovery:discover_prompt_files:42 - Found markdown file: ari_foldman/frame_0382.md
2025-12-31 21:58:00 | DEBUG    | src.processing.discovery:discover_prompt_files:42 - Found markdown file: ari_foldman/frame_1410.md
2025-12-31 21:58:00 | DEBUG    | src.processing.discovery:discover_prompt_files:42 - Found markdown file: ari_foldman/frame_1606.md
2025-12-31 21:58:00 | DEBUG    | src.processing.discovery:discover_prompt_files:42 - Found markdown file: ari_foldman/frame_1560.md
2025-12-31 21:58:00 | DEBUG    | src.processing.discovery:discover_prompt_files:42 - Found markdown file: ari_foldman/frame_0757.md
2025-12-31 21:58:00 | DEBUG    | src.processing.discovery:discover_prompt_files:42 - Found markdown file: ari_foldman/frame_0288.md
2025-12-31 21:58:00 | INFO     | src.processing.discovery:discover_prompt_files:47 - Discovered 10 markdown files
2025-12-31 21:58:00 | DEBUG    | src.processing.discovery:discover_profiles:98 - Loaded profile: USER-FILES/03.PROFILES/nano-banano-pro-2k_16x9_wbt_ari.yaml
2025-12-31 21:58:00 | INFO     | src.processing.discovery:discover_profiles:102 - Loaded 1 profiles
2025-12-31 21:58:00 | INFO     | src.processing.discovery:get_active_models:148 - Found profile: nano-banano-pro-2k_16x9_wbt_ari
2025-12-31 21:58:00 | INFO     | src.processing.discovery:get_active_models:153 - Total profiles to process: 1
2025-12-31 21:58:00 | INFO     | src.config.validator:validate_all:26 - All configuration validation passed
2025-12-31 21:58:00 | INFO     | __main__:initialize_services:186 - Output directory: USER-FILES/05.OUTPUT/251231_215800_IMAGE
2025-12-31 21:58:00 | INFO     | __main__:execute_processing:221 - Starting matrix processing...
2025-12-31 21:58:00 | DEBUG    | src.processing.validator:validate_operational_requirements:23 - Profile 'nano-banano-pro-2k_16x9_wbt_ari' operational validation passed
2025-12-31 21:58:00 | INFO     | src.processing.processor:process_all:66 - Processing 10 combinations (10 files × 1 profiles)
2025-12-31 21:58:00 | DEBUG    | src.processing.processor:_process_single_combination:132 - Extracted image URL from markdown: https://f003.backblazeb2.com/file/wbt-bucket/ari_foldman/frame_0288.jpg
2025-12-31 21:58:00 | INFO     | src.processing.discovery:load_prompts:66 - Extracted prompt from frame_0288.md
2025-12-31 21:58:00 | INFO     | src.processing.processor:_process_single_combination:141 - Processing combination 1/10: ari_foldman/frame_0288.md + nano-banano-pro-2k_16x9_wbt_ari
2025-12-31 21:58:00 | DEBUG    | src.processing.processor:_process_single_combination:163 - Built image_input array with 2 URL(s): ['https://f003.backblazeb2.com/file/wbt-bucket/ari_foldman/frame_0288.jpg', 'https://f003.backblazeb2.com/file/wbt-bucket/references/ari_foldman.png']
2025-12-31 21:58:00 | DEBUG    | src.processing.processor:_apply_prompt_fixes:235 - Added prefix to prompt: Create an exact, photorealistic version of the provided drawing. The the drawing is suppose to depict a man in Israel called Ari Foldman. The drawing depicts 
2025-12-31 21:58:00 | DEBUG    | src.processing.processor:_apply_prompt_fixes:239 - Added suffix to prompt: Provided image ari_foldman.png show what Ari Foldman actually looks like. The created image should look like it was shot on 35mm film by Roger Deakins.
2025-12-31 21:58:00 | DEBUG    | src.processing.processor:_process_with_context:215 - Processing ari_foldman/frame_0288.md: Create an exact, photorealistic version of the pro...
2025-12-31 21:58:00 | DEBUG    | src.api.client:generate_image:85 - CRITICAL DEBUG - Received params: {
  "num_images": 1,
  "aspect_ratio": "16:9",
  "output_format": "png",
  "resolution": "2K",
  "safety_filter_level": "block_only_high",
  "image_input": [
    "https://f003.backblazeb2.com/file/wbt-bucket/ari_foldman/frame_0288.jpg",
    "https://f003.backblazeb2.com/file/wbt-bucket/references/ari_foldman.png"
  ]
}
2025-12-31 21:58:00 | DEBUG    | src.api.client:generate_image:86 - CRITICAL DEBUG - Constructed payload: {
  "num_images": 1,
  "aspect_ratio": "16:9",
  "output_format": "png",
  "resolution": "2K",
  "safety_filter_level": "block_only_high",
  "image_input": [
    "https://f003.backblazeb2.com/file/wbt-bucket/ari_foldman/frame_0288.jpg",
    "https://f003.backblazeb2.com/file/wbt-bucket/references/ari_foldman.png"
  ],
  "prompt": "Create an exact, photorealistic version of the provided drawing. The the drawing is suppose to depict a man in Israel called Ari Foldman. The drawing depicts  Ari sits at a bar with drink. Provided image ari_foldman.png show what Ari Foldman actually looks like. The created image should look like it was shot on 35mm film by Roger Deakins."
}
2025-12-31 21:58:00 | DEBUG    | src.api.client:generate_image:89 - Original prompt: Create an exact, photorealistic version of the provided drawing. The the drawing is suppose to depict a man in Israel called Ari Foldman. The drawing depicts  Ari sits at a bar with drink. Provided image ari_foldman.png show what Ari Foldman actually looks like. The created image should look like it was shot on 35mm film by Roger Deakins.
2025-12-31 21:58:00 | DEBUG    | src.api.client:generate_image:90 - Clean prompt being sent: Create an exact, photorealistic version of the provided drawing. The the drawing is suppose to depict a man in Israel called Ari Foldman. The drawing depicts  Ari sits at a bar with drink. Provided image ari_foldman.png show what Ari Foldman actually looks like. The created image should look like it was shot on 35mm film by Roger Deakins.
2025-12-31 21:58:00 | DEBUG    | src.api.client:generate_image:91 - Clean prompt repr: 'Create an exact, photorealistic version of the provided drawing. The the drawing is suppose to depict a man in Israel called Ari Foldman. The drawing depicts  Ari sits at a bar with drink. Provided image ari_foldman.png show what Ari Foldman actually looks like. The created image should look like it was shot on 35mm film by Roger Deakins.'
2025-12-31 21:58:00 | DEBUG    | src.api.client:_call_with_retry:152 - API call attempt 1/3
2025-12-31 21:58:00 | DEBUG    | src.api.client:_call_with_retry:155 - CRITICAL DEBUG - Payload sent to replicate.run: {
  "num_images": 1,
  "aspect_ratio": "16:9",
  "output_format": "png",
  "resolution": "2K",
  "safety_filter_level": "block_only_high",
  "image_input": [
    "https://f003.backblazeb2.com/file/wbt-bucket/ari_foldman/frame_0288.jpg",
    "https://f003.backblazeb2.com/file/wbt-bucket/references/ari_foldman.png"
  ],
  "prompt": "Create an exact, photorealistic version of the provided drawing. The the drawing is suppose to depict a man in Israel called Ari Foldman. The drawing depicts  Ari sits at a bar with drink. Provided image ari_foldman.png show what Ari Foldman actually looks like. The created image should look like it was shot on 35mm film by Roger Deakins."
}
2025-12-31 21:58:37 | DEBUG    | src.api.client:_call_with_retry:170 - API call successful
2025-12-31 21:58:37 | WARNING  | src.api.client:generate_image:117 - API PARAMETER FILTERING DETECTED:
2025-12-31 21:58:37 | WARNING  | src.api.client:generate_image:118 -   Model: google/nano-banana-pro
2025-12-31 21:58:37 | WARNING  | src.api.client:generate_image:119 -   Filtered parameters: ['image_input']
2025-12-31 21:58:37 | WARNING  | src.api.client:generate_image:120 -   This means the model doesn't support these parameters
2025-12-31 21:58:40 | INFO     | src.output.writer:_save_to_disk:203 - Saved valid image: USER-FILES/05.OUTPUT/251231_215800_IMAGE/ari_foldman/251231_215837_frame_0288.png
2025-12-31 21:58:40 | DEBUG    | src.output.writer:_save_payload:270 - Saved payload to USER-FILES/05.OUTPUT/251231_215800_IMAGE/ari_foldman/251231_215837_frame_0288.md
2025-12-31 21:58:40 | INFO     | src.processing.processor:_generate_and_save_image:276 - Saved image: USER-FILES/05.OUTPUT/251231_215800_IMAGE/ari_foldman/251231_215837_frame_0288.png
2025-12-31 21:58:40 | INFO     | src.processing.processor:_process_with_context:226 - Waiting 1.0 seconds before next request
2025-12-31 21:58:41 | DEBUG    | src.processing.processor:_process_single_combination:132 - Extracted image URL from markdown: https://f003.backblazeb2.com/file/wbt-bucket/ari_foldman/frame_0382.jpg
2025-12-31 21:58:41 | INFO     | src.processing.discovery:load_prompts:66 - Extracted prompt from frame_0382.md
2025-12-31 21:58:41 | INFO     | src.processing.processor:_process_single_combination:141 - Processing combination 2/10: ari_foldman/frame_0382.md + nano-banano-pro-2k_16x9_wbt_ari
2025-12-31 21:58:41 | DEBUG    | src.processing.processor:_process_single_combination:163 - Built image_input array with 2 URL(s): ['https://f003.backblazeb2.com/file/wbt-bucket/ari_foldman/frame_0382.jpg', 'https://f003.backblazeb2.com/file/wbt-bucket/references/ari_foldman.png']
2025-12-31 21:58:41 | DEBUG    | src.processing.processor:_apply_prompt_fixes:235 - Added prefix to prompt: Create an exact, photorealistic version of the provided drawing. The the drawing is suppose to depict a man in Israel called Ari Foldman. The drawing depicts 
2025-12-31 21:58:41 | DEBUG    | src.processing.processor:_apply_prompt_fixes:239 - Added suffix to prompt: Provided image ari_foldman.png show what Ari Foldman actually looks like. The created image should look like it was shot on 35mm film by Roger Deakins.
2025-12-31 21:58:41 | DEBUG    | src.processing.processor:_process_with_context:215 - Processing ari_foldman/frame_0382.md: Create an exact, photorealistic version of the pro...
2025-12-31 21:58:41 | DEBUG    | src.api.client:generate_image:85 - CRITICAL DEBUG - Received params: {
  "num_images": 1,
  "aspect_ratio": "16:9",
  "output_format": "png",
  "resolution": "2K",
  "safety_filter_level": "block_only_high",
  "image_input": [
    "https://f003.backblazeb2.com/file/wbt-bucket/ari_foldman/frame_0382.jpg",
    "https://f003.backblazeb2.com/file/wbt-bucket/references/ari_foldman.png"
  ]
}
2025-12-31 21:58:41 | DEBUG    | src.api.client:generate_image:86 - CRITICAL DEBUG - Constructed payload: {
  "num_images": 1,
  "aspect_ratio": "16:9",
  "output_format": "png",
  "resolution": "2K",
  "safety_filter_level": "block_only_high",
  "image_input": [
    "https://f003.backblazeb2.com/file/wbt-bucket/ari_foldman/frame_0382.jpg",
    "https://f003.backblazeb2.com/file/wbt-bucket/references/ari_foldman.png"
  ],
  "prompt": "Create an exact, photorealistic version of the provided drawing. The the drawing is suppose to depict a man in Israel called Ari Foldman. The drawing depicts  The POV of Ari Foldman through the peep hole of door. Provided image ari_foldman.png show what Ari Foldman actually looks like. The created image should look like it was shot on 35mm film by Roger Deakins."
}
2025-12-31 21:58:41 | DEBUG    | src.api.client:generate_image:89 - Original prompt: Create an exact, photorealistic version of the provided drawing. The the drawing is suppose to depict a man in Israel called Ari Foldman. The drawing depicts  The POV of Ari Foldman through the peep hole of door. Provided image ari_foldman.png show what Ari Foldman actually looks like. The created image should look like it was shot on 35mm film by Roger Deakins.
2025-12-31 21:58:41 | DEBUG    | src.api.client:generate_image:90 - Clean prompt being sent: Create an exact, photorealistic version of the provided drawing. The the drawing is suppose to depict a man in Israel called Ari Foldman. The drawing depicts  The POV of Ari Foldman through the peep hole of door. Provided image ari_foldman.png show what Ari Foldman actually looks like. The created image should look like it was shot on 35mm film by Roger Deakins.
2025-12-31 21:58:41 | DEBUG    | src.api.client:generate_image:91 - Clean prompt repr: 'Create an exact, photorealistic version of the provided drawing. The the drawing is suppose to depict a man in Israel called Ari Foldman. The drawing depicts  The POV of Ari Foldman through the peep hole of door. Provided image ari_foldman.png show what Ari Foldman actually looks like. The created image should look like it was shot on 35mm film by Roger Deakins.'
2025-12-31 21:58:41 | DEBUG    | src.api.client:_call_with_retry:152 - API call attempt 1/3
2025-12-31 21:58:41 | DEBUG    | src.api.client:_call_with_retry:155 - CRITICAL DEBUG - Payload sent to replicate.run: {
  "num_images": 1,
  "aspect_ratio": "16:9",
  "output_format": "png",
  "resolution": "2K",
  "safety_filter_level": "block_only_high",
  "image_input": [
    "https://f003.backblazeb2.com/file/wbt-bucket/ari_foldman/frame_0382.jpg",
    "https://f003.backblazeb2.com/file/wbt-bucket/references/ari_foldman.png"
  ],
  "prompt": "Create an exact, photorealistic version of the provided drawing. The the drawing is suppose to depict a man in Israel called Ari Foldman. The drawing depicts  The POV of Ari Foldman through the peep hole of door. Provided image ari_foldman.png show what Ari Foldman actually looks like. The created image should look like it was shot on 35mm film by Roger Deakins."
}
2025-12-31 21:59:17 | DEBUG    | src.api.client:_call_with_retry:170 - API call successful
2025-12-31 21:59:17 | WARNING  | src.api.client:generate_image:117 - API PARAMETER FILTERING DETECTED:
2025-12-31 21:59:17 | WARNING  | src.api.client:generate_image:118 -   Model: google/nano-banana-pro
2025-12-31 21:59:17 | WARNING  | src.api.client:generate_image:119 -   Filtered parameters: ['image_input']
2025-12-31 21:59:17 | WARNING  | src.api.client:generate_image:120 -   This means the model doesn't support these parameters
2025-12-31 21:59:19 | INFO     | src.output.writer:_save_to_disk:203 - Saved valid image: USER-FILES/05.OUTPUT/251231_215800_IMAGE/ari_foldman/251231_215917_frame_0382.png
2025-12-31 21:59:19 | DEBUG    | src.output.writer:_save_payload:270 - Saved payload to USER-FILES/05.OUTPUT/251231_215800_IMAGE/ari_foldman/251231_215917_frame_0382.md
2025-12-31 21:59:19 | INFO     | src.processing.processor:_generate_and_save_image:276 - Saved image: USER-FILES/05.OUTPUT/251231_215800_IMAGE/ari_foldman/251231_215917_frame_0382.png
2025-12-31 21:59:19 | INFO     | src.processing.processor:_process_with_context:226 - Waiting 1.0 seconds before next request
2025-12-31 21:59:20 | DEBUG    | src.processing.processor:_process_single_combination:132 - Extracted image URL from markdown: https://f003.backblazeb2.com/file/wbt-bucket/ari_foldman/frame_0584.jpg
2025-12-31 21:59:20 | INFO     | src.processing.discovery:load_prompts:66 - Extracted prompt from frame_0584.md
2025-12-31 21:59:20 | INFO     | src.processing.processor:_process_single_combination:141 - Processing combination 3/10: ari_foldman/frame_0584.md + nano-banano-pro-2k_16x9_wbt_ari
2025-12-31 21:59:20 | DEBUG    | src.processing.processor:_process_single_combination:163 - Built image_input array with 2 URL(s): ['https://f003.backblazeb2.com/file/wbt-bucket/ari_foldman/frame_0584.jpg', 'https://f003.backblazeb2.com/file/wbt-bucket/references/ari_foldman.png']
2025-12-31 21:59:20 | DEBUG    | src.processing.processor:_apply_prompt_fixes:235 - Added prefix to prompt: Create an exact, photorealistic version of the provided drawing. The the drawing is suppose to depict a man in Israel called Ari Foldman. The drawing depicts 
2025-12-31 21:59:20 | DEBUG    | src.processing.processor:_apply_prompt_fixes:239 - Added suffix to prompt: Provided image ari_foldman.png show what Ari Foldman actually looks like. The created image should look like it was shot on 35mm film by Roger Deakins.
2025-12-31 21:59:20 | DEBUG    | src.processing.processor:_process_with_context:215 - Processing ari_foldman/frame_0584.md: Create an exact, photorealistic version of the pro...
2025-12-31 21:59:20 | DEBUG    | src.api.client:generate_image:85 - CRITICAL DEBUG - Received params: {
  "num_images": 1,
  "aspect_ratio": "16:9",
  "output_format": "png",
  "resolution": "2K",
  "safety_filter_level": "block_only_high",
  "image_input": [
    "https://f003.backblazeb2.com/file/wbt-bucket/ari_foldman/frame_0584.jpg",
    "https://f003.backblazeb2.com/file/wbt-bucket/references/ari_foldman.png"
  ]
}
2025-12-31 21:59:20 | DEBUG    | src.api.client:generate_image:86 - CRITICAL DEBUG - Constructed payload: {
  "num_images": 1,
  "aspect_ratio": "16:9",
  "output_format": "png",
  "resolution": "2K",
  "safety_filter_level": "block_only_high",
  "image_input": [
    "https://f003.backblazeb2.com/file/wbt-bucket/ari_foldman/frame_0584.jpg",
    "https://f003.backblazeb2.com/file/wbt-bucket/references/ari_foldman.png"
  ],
  "prompt": "Create an exact, photorealistic version of the provided drawing. The the drawing is suppose to depict a man in Israel called Ari Foldman. The drawing depicts  Man stands by the waterfront holding a guitar case. Provided image ari_foldman.png show what Ari Foldman actually looks like. The created image should look like it was shot on 35mm film by Roger Deakins."
}
2025-12-31 21:59:20 | DEBUG    | src.api.client:generate_image:89 - Original prompt: Create an exact, photorealistic version of the provided drawing. The the drawing is suppose to depict a man in Israel called Ari Foldman. The drawing depicts  Man stands by the waterfront holding a guitar case. Provided image ari_foldman.png show what Ari Foldman actually looks like. The created image should look like it was shot on 35mm film by Roger Deakins.
2025-12-31 21:59:20 | DEBUG    | src.api.client:generate_image:90 - Clean prompt being sent: Create an exact, photorealistic version of the provided drawing. The the drawing is suppose to depict a man in Israel called Ari Foldman. The drawing depicts  Man stands by the waterfront holding a guitar case. Provided image ari_foldman.png show what Ari Foldman actually looks like. The created image should look like it was shot on 35mm film by Roger Deakins.
2025-12-31 21:59:20 | DEBUG    | src.api.client:generate_image:91 - Clean prompt repr: 'Create an exact, photorealistic version of the provided drawing. The the drawing is suppose to depict a man in Israel called Ari Foldman. The drawing depicts  Man stands by the waterfront holding a guitar case. Provided image ari_foldman.png show what Ari Foldman actually looks like. The created image should look like it was shot on 35mm film by Roger Deakins.'
2025-12-31 21:59:20 | DEBUG    | src.api.client:_call_with_retry:152 - API call attempt 1/3
2025-12-31 21:59:20 | DEBUG    | src.api.client:_call_with_retry:155 - CRITICAL DEBUG - Payload sent to replicate.run: {
  "num_images": 1,
  "aspect_ratio": "16:9",
  "output_format": "png",
  "resolution": "2K",
  "safety_filter_level": "block_only_high",
  "image_input": [
    "https://f003.backblazeb2.com/file/wbt-bucket/ari_foldman/frame_0584.jpg",
    "https://f003.backblazeb2.com/file/wbt-bucket/references/ari_foldman.png"
  ],
  "prompt": "Create an exact, photorealistic version of the provided drawing. The the drawing is suppose to depict a man in Israel called Ari Foldman. The drawing depicts  Man stands by the waterfront holding a guitar case. Provided image ari_foldman.png show what Ari Foldman actually looks like. The created image should look like it was shot on 35mm film by Roger Deakins."
}
2025-12-31 21:59:54 | DEBUG    | src.api.client:_call_with_retry:170 - API call successful
2025-12-31 21:59:54 | WARNING  | src.api.client:generate_image:117 - API PARAMETER FILTERING DETECTED:
2025-12-31 21:59:54 | WARNING  | src.api.client:generate_image:118 -   Model: google/nano-banana-pro
2025-12-31 21:59:54 | WARNING  | src.api.client:generate_image:119 -   Filtered parameters: ['image_input']
2025-12-31 21:59:54 | WARNING  | src.api.client:generate_image:120 -   This means the model doesn't support these parameters
2025-12-31 21:59:56 | INFO     | src.output.writer:_save_to_disk:203 - Saved valid image: USER-FILES/05.OUTPUT/251231_215800_IMAGE/ari_foldman/251231_215954_frame_0584.png
2025-12-31 21:59:56 | DEBUG    | src.output.writer:_save_payload:270 - Saved payload to USER-FILES/05.OUTPUT/251231_215800_IMAGE/ari_foldman/251231_215954_frame_0584.md
2025-12-31 21:59:56 | INFO     | src.processing.processor:_generate_and_save_image:276 - Saved image: USER-FILES/05.OUTPUT/251231_215800_IMAGE/ari_foldman/251231_215954_frame_0584.png
2025-12-31 21:59:56 | INFO     | src.processing.processor:_process_with_context:226 - Waiting 1.0 seconds before next request
2025-12-31 21:59:57 | DEBUG    | src.processing.processor:_process_single_combination:132 - Extracted image URL from markdown: https://f003.backblazeb2.com/file/wbt-bucket/ari_foldman/frame_0651.jpg
2025-12-31 21:59:57 | INFO     | src.processing.discovery:load_prompts:66 - Extracted prompt from frame_0651.md
2025-12-31 21:59:57 | INFO     | src.processing.processor:_process_single_combination:141 - Processing combination 4/10: ari_foldman/frame_0651.md + nano-banano-pro-2k_16x9_wbt_ari
2025-12-31 21:59:57 | DEBUG    | src.processing.processor:_process_single_combination:163 - Built image_input array with 2 URL(s): ['https://f003.backblazeb2.com/file/wbt-bucket/ari_foldman/frame_0651.jpg', 'https://f003.backblazeb2.com/file/wbt-bucket/references/ari_foldman.png']
2025-12-31 21:59:57 | DEBUG    | src.processing.processor:_apply_prompt_fixes:235 - Added prefix to prompt: Create an exact, photorealistic version of the provided drawing. The the drawing is suppose to depict a man in Israel called Ari Foldman. The drawing depicts 
2025-12-31 21:59:57 | DEBUG    | src.processing.processor:_apply_prompt_fixes:239 - Added suffix to prompt: Provided image ari_foldman.png show what Ari Foldman actually looks like. The created image should look like it was shot on 35mm film by Roger Deakins.
2025-12-31 21:59:57 | DEBUG    | src.processing.processor:_process_with_context:215 - Processing ari_foldman/frame_0651.md: Create an exact, photorealistic version of the pro...
2025-12-31 21:59:57 | DEBUG    | src.api.client:generate_image:85 - CRITICAL DEBUG - Received params: {
  "num_images": 1,
  "aspect_ratio": "16:9",
  "output_format": "png",
  "resolution": "2K",
  "safety_filter_level": "block_only_high",
  "image_input": [
    "https://f003.backblazeb2.com/file/wbt-bucket/ari_foldman/frame_0651.jpg",
    "https://f003.backblazeb2.com/file/wbt-bucket/references/ari_foldman.png"
  ]
}
2025-12-31 21:59:57 | DEBUG    | src.api.client:generate_image:86 - CRITICAL DEBUG - Constructed payload: {
  "num_images": 1,
  "aspect_ratio": "16:9",
  "output_format": "png",
  "resolution": "2K",
  "safety_filter_level": "block_only_high",
  "image_input": [
    "https://f003.backblazeb2.com/file/wbt-bucket/ari_foldman/frame_0651.jpg",
    "https://f003.backblazeb2.com/file/wbt-bucket/references/ari_foldman.png"
  ],
  "prompt": "Create an exact, photorealistic version of the provided drawing. The the drawing is suppose to depict a man in Israel called Ari Foldman. The drawing depicts  Bearded man drives a car at night. Provided image ari_foldman.png show what Ari Foldman actually looks like. The created image should look like it was shot on 35mm film by Roger Deakins."
}
2025-12-31 21:59:57 | DEBUG    | src.api.client:generate_image:89 - Original prompt: Create an exact, photorealistic version of the provided drawing. The the drawing is suppose to depict a man in Israel called Ari Foldman. The drawing depicts  Bearded man drives a car at night. Provided image ari_foldman.png show what Ari Foldman actually looks like. The created image should look like it was shot on 35mm film by Roger Deakins.
2025-12-31 21:59:57 | DEBUG    | src.api.client:generate_image:90 - Clean prompt being sent: Create an exact, photorealistic version of the provided drawing. The the drawing is suppose to depict a man in Israel called Ari Foldman. The drawing depicts  Bearded man drives a car at night. Provided image ari_foldman.png show what Ari Foldman actually looks like. The created image should look like it was shot on 35mm film by Roger Deakins.
2025-12-31 21:59:57 | DEBUG    | src.api.client:generate_image:91 - Clean prompt repr: 'Create an exact, photorealistic version of the provided drawing. The the drawing is suppose to depict a man in Israel called Ari Foldman. The drawing depicts  Bearded man drives a car at night. Provided image ari_foldman.png show what Ari Foldman actually looks like. The created image should look like it was shot on 35mm film by Roger Deakins.'
2025-12-31 21:59:57 | DEBUG    | src.api.client:_call_with_retry:152 - API call attempt 1/3
2025-12-31 21:59:57 | DEBUG    | src.api.client:_call_with_retry:155 - CRITICAL DEBUG - Payload sent to replicate.run: {
  "num_images": 1,
  "aspect_ratio": "16:9",
  "output_format": "png",
  "resolution": "2K",
  "safety_filter_level": "block_only_high",
  "image_input": [
    "https://f003.backblazeb2.com/file/wbt-bucket/ari_foldman/frame_0651.jpg",
    "https://f003.backblazeb2.com/file/wbt-bucket/references/ari_foldman.png"
  ],
  "prompt": "Create an exact, photorealistic version of the provided drawing. The the drawing is suppose to depict a man in Israel called Ari Foldman. The drawing depicts  Bearded man drives a car at night. Provided image ari_foldman.png show what Ari Foldman actually looks like. The created image should look like it was shot on 35mm film by Roger Deakins."
}
2025-12-31 22:00:32 | DEBUG    | src.api.client:_call_with_retry:170 - API call successful
2025-12-31 22:00:32 | WARNING  | src.api.client:generate_image:117 - API PARAMETER FILTERING DETECTED:
2025-12-31 22:00:32 | WARNING  | src.api.client:generate_image:118 -   Model: google/nano-banana-pro
2025-12-31 22:00:32 | WARNING  | src.api.client:generate_image:119 -   Filtered parameters: ['image_input']
2025-12-31 22:00:32 | WARNING  | src.api.client:generate_image:120 -   This means the model doesn't support these parameters
2025-12-31 22:00:33 | INFO     | src.output.writer:_save_to_disk:203 - Saved valid image: USER-FILES/05.OUTPUT/251231_215800_IMAGE/ari_foldman/251231_220032_frame_0651.png
2025-12-31 22:00:33 | DEBUG    | src.output.writer:_save_payload:270 - Saved payload to USER-FILES/05.OUTPUT/251231_215800_IMAGE/ari_foldman/251231_220032_frame_0651.md
2025-12-31 22:00:33 | INFO     | src.processing.processor:_generate_and_save_image:276 - Saved image: USER-FILES/05.OUTPUT/251231_215800_IMAGE/ari_foldman/251231_220032_frame_0651.png
2025-12-31 22:00:33 | INFO     | src.processing.processor:_process_with_context:226 - Waiting 1.0 seconds before next request
2025-12-31 22:00:34 | DEBUG    | src.processing.processor:_process_single_combination:132 - Extracted image URL from markdown: https://f003.backblazeb2.com/file/wbt-bucket/ari_foldman/frame_0757.jpg
2025-12-31 22:00:34 | INFO     | src.processing.discovery:load_prompts:66 - Extracted prompt from frame_0757.md
2025-12-31 22:00:34 | INFO     | src.processing.processor:_process_single_combination:141 - Processing combination 5/10: ari_foldman/frame_0757.md + nano-banano-pro-2k_16x9_wbt_ari
2025-12-31 22:00:34 | DEBUG    | src.processing.processor:_process_single_combination:163 - Built image_input array with 2 URL(s): ['https://f003.backblazeb2.com/file/wbt-bucket/ari_foldman/frame_0757.jpg', 'https://f003.backblazeb2.com/file/wbt-bucket/references/ari_foldman.png']
2025-12-31 22:00:34 | DEBUG    | src.processing.processor:_apply_prompt_fixes:235 - Added prefix to prompt: Create an exact, photorealistic version of the provided drawing. The the drawing is suppose to depict a man in Israel called Ari Foldman. The drawing depicts 
2025-12-31 22:00:34 | DEBUG    | src.processing.processor:_apply_prompt_fixes:239 - Added suffix to prompt: Provided image ari_foldman.png show what Ari Foldman actually looks like. The created image should look like it was shot on 35mm film by Roger Deakins.
2025-12-31 22:00:34 | DEBUG    | src.processing.processor:_process_with_context:215 - Processing ari_foldman/frame_0757.md: Create an exact, photorealistic version of the pro...
2025-12-31 22:00:34 | DEBUG    | src.api.client:generate_image:85 - CRITICAL DEBUG - Received params: {
  "num_images": 1,
  "aspect_ratio": "16:9",
  "output_format": "png",
  "resolution": "2K",
  "safety_filter_level": "block_only_high",
  "image_input": [
    "https://f003.backblazeb2.com/file/wbt-bucket/ari_foldman/frame_0757.jpg",
    "https://f003.backblazeb2.com/file/wbt-bucket/references/ari_foldman.png"
  ]
}
2025-12-31 22:00:34 | DEBUG    | src.api.client:generate_image:86 - CRITICAL DEBUG - Constructed payload: {
  "num_images": 1,
  "aspect_ratio": "16:9",
  "output_format": "png",
  "resolution": "2K",
  "safety_filter_level": "block_only_high",
  "image_input": [
    "https://f003.backblazeb2.com/file/wbt-bucket/ari_foldman/frame_0757.jpg",
    "https://f003.backblazeb2.com/file/wbt-bucket/references/ari_foldman.png"
  ],
  "prompt": "Create an exact, photorealistic version of the provided drawing. The the drawing is suppose to depict a man in Israel called Ari Foldman. The drawing depicts  Bearded man is thinking on a couch. Provided image ari_foldman.png show what Ari Foldman actually looks like. The created image should look like it was shot on 35mm film by Roger Deakins."
}
2025-12-31 22:00:34 | DEBUG    | src.api.client:generate_image:89 - Original prompt: Create an exact, photorealistic version of the provided drawing. The the drawing is suppose to depict a man in Israel called Ari Foldman. The drawing depicts  Bearded man is thinking on a couch. Provided image ari_foldman.png show what Ari Foldman actually looks like. The created image should look like it was shot on 35mm film by Roger Deakins.
2025-12-31 22:00:34 | DEBUG    | src.api.client:generate_image:90 - Clean prompt being sent: Create an exact, photorealistic version of the provided drawing. The the drawing is suppose to depict a man in Israel called Ari Foldman. The drawing depicts  Bearded man is thinking on a couch. Provided image ari_foldman.png show what Ari Foldman actually looks like. The created image should look like it was shot on 35mm film by Roger Deakins.
2025-12-31 22:00:34 | DEBUG    | src.api.client:generate_image:91 - Clean prompt repr: 'Create an exact, photorealistic version of the provided drawing. The the drawing is suppose to depict a man in Israel called Ari Foldman. The drawing depicts  Bearded man is thinking on a couch. Provided image ari_foldman.png show what Ari Foldman actually looks like. The created image should look like it was shot on 35mm film by Roger Deakins.'
2025-12-31 22:00:34 | DEBUG    | src.api.client:_call_with_retry:152 - API call attempt 1/3
2025-12-31 22:00:34 | DEBUG    | src.api.client:_call_with_retry:155 - CRITICAL DEBUG - Payload sent to replicate.run: {
  "num_images": 1,
  "aspect_ratio": "16:9",
  "output_format": "png",
  "resolution": "2K",
  "safety_filter_level": "block_only_high",
  "image_input": [
    "https://f003.backblazeb2.com/file/wbt-bucket/ari_foldman/frame_0757.jpg",
    "https://f003.backblazeb2.com/file/wbt-bucket/references/ari_foldman.png"
  ],
  "prompt": "Create an exact, photorealistic version of the provided drawing. The the drawing is suppose to depict a man in Israel called Ari Foldman. The drawing depicts  Bearded man is thinking on a couch. Provided image ari_foldman.png show what Ari Foldman actually looks like. The created image should look like it was shot on 35mm film by Roger Deakins."
}
2025-12-31 22:01:19 | DEBUG    | src.api.client:_call_with_retry:170 - API call successful
2025-12-31 22:01:19 | WARNING  | src.api.client:generate_image:117 - API PARAMETER FILTERING DETECTED:
2025-12-31 22:01:19 | WARNING  | src.api.client:generate_image:118 -   Model: google/nano-banana-pro
2025-12-31 22:01:19 | WARNING  | src.api.client:generate_image:119 -   Filtered parameters: ['image_input']
2025-12-31 22:01:19 | WARNING  | src.api.client:generate_image:120 -   This means the model doesn't support these parameters
2025-12-31 22:01:22 | INFO     | src.output.writer:_save_to_disk:203 - Saved valid image: USER-FILES/05.OUTPUT/251231_215800_IMAGE/ari_foldman/251231_220119_frame_0757.png
2025-12-31 22:01:22 | DEBUG    | src.output.writer:_save_payload:270 - Saved payload to USER-FILES/05.OUTPUT/251231_215800_IMAGE/ari_foldman/251231_220119_frame_0757.md
2025-12-31 22:01:22 | INFO     | src.processing.processor:_generate_and_save_image:276 - Saved image: USER-FILES/05.OUTPUT/251231_215800_IMAGE/ari_foldman/251231_220119_frame_0757.png
2025-12-31 22:01:22 | INFO     | src.processing.processor:_process_with_context:226 - Waiting 1.0 seconds before next request
2025-12-31 22:01:23 | DEBUG    | src.processing.processor:_process_single_combination:132 - Extracted image URL from markdown: https://f003.backblazeb2.com/file/wbt-bucket/ari_foldman/frame_1410.jpg
2025-12-31 22:01:23 | INFO     | src.processing.discovery:load_prompts:66 - Extracted prompt from frame_1410.md
2025-12-31 22:01:23 | INFO     | src.processing.processor:_process_single_combination:141 - Processing combination 6/10: ari_foldman/frame_1410.md + nano-banano-pro-2k_16x9_wbt_ari
2025-12-31 22:01:23 | DEBUG    | src.processing.processor:_process_single_combination:163 - Built image_input array with 2 URL(s): ['https://f003.backblazeb2.com/file/wbt-bucket/ari_foldman/frame_1410.jpg', 'https://f003.backblazeb2.com/file/wbt-bucket/references/ari_foldman.png']
2025-12-31 22:01:23 | DEBUG    | src.processing.processor:_apply_prompt_fixes:235 - Added prefix to prompt: Create an exact, photorealistic version of the provided drawing. The the drawing is suppose to depict a man in Israel called Ari Foldman. The drawing depicts 
2025-12-31 22:01:23 | DEBUG    | src.processing.processor:_apply_prompt_fixes:239 - Added suffix to prompt: Provided image ari_foldman.png show what Ari Foldman actually looks like. The created image should look like it was shot on 35mm film by Roger Deakins.
2025-12-31 22:01:23 | DEBUG    | src.processing.processor:_process_with_context:215 - Processing ari_foldman/frame_1410.md: Create an exact, photorealistic version of the pro...
2025-12-31 22:01:23 | DEBUG    | src.api.client:generate_image:85 - CRITICAL DEBUG - Received params: {
  "num_images": 1,
  "aspect_ratio": "16:9",
  "output_format": "png",
  "resolution": "2K",
  "safety_filter_level": "block_only_high",
  "image_input": [
    "https://f003.backblazeb2.com/file/wbt-bucket/ari_foldman/frame_1410.jpg",
    "https://f003.backblazeb2.com/file/wbt-bucket/references/ari_foldman.png"
  ]
}
2025-12-31 22:01:23 | DEBUG    | src.api.client:generate_image:86 - CRITICAL DEBUG - Constructed payload: {
  "num_images": 1,
  "aspect_ratio": "16:9",
  "output_format": "png",
  "resolution": "2K",
  "safety_filter_level": "block_only_high",
  "image_input": [
    "https://f003.backblazeb2.com/file/wbt-bucket/ari_foldman/frame_1410.jpg",
    "https://f003.backblazeb2.com/file/wbt-bucket/references/ari_foldman.png"
  ],
  "prompt": "Create an exact, photorealistic version of the provided drawing. The the drawing is suppose to depict a man in Israel called Ari Foldman. The drawing depicts  Bearded man stares ahead beside a window with a Ferris wheel. Provided image ari_foldman.png show what Ari Foldman actually looks like. The created image should look like it was shot on 35mm film by Roger Deakins."
}
2025-12-31 22:01:23 | DEBUG    | src.api.client:generate_image:89 - Original prompt: Create an exact, photorealistic version of the provided drawing. The the drawing is suppose to depict a man in Israel called Ari Foldman. The drawing depicts  Bearded man stares ahead beside a window with a Ferris wheel. Provided image ari_foldman.png show what Ari Foldman actually looks like. The created image should look like it was shot on 35mm film by Roger Deakins.
2025-12-31 22:01:23 | DEBUG    | src.api.client:generate_image:90 - Clean prompt being sent: Create an exact, photorealistic version of the provided drawing. The the drawing is suppose to depict a man in Israel called Ari Foldman. The drawing depicts  Bearded man stares ahead beside a window with a Ferris wheel. Provided image ari_foldman.png show what Ari Foldman actually looks like. The created image should look like it was shot on 35mm film by Roger Deakins.
2025-12-31 22:01:23 | DEBUG    | src.api.client:generate_image:91 - Clean prompt repr: 'Create an exact, photorealistic version of the provided drawing. The the drawing is suppose to depict a man in Israel called Ari Foldman. The drawing depicts  Bearded man stares ahead beside a window with a Ferris wheel. Provided image ari_foldman.png show what Ari Foldman actually looks like. The created image should look like it was shot on 35mm film by Roger Deakins.'
2025-12-31 22:01:23 | DEBUG    | src.api.client:_call_with_retry:152 - API call attempt 1/3
2025-12-31 22:01:23 | DEBUG    | src.api.client:_call_with_retry:155 - CRITICAL DEBUG - Payload sent to replicate.run: {
  "num_images": 1,
  "aspect_ratio": "16:9",
  "output_format": "png",
  "resolution": "2K",
  "safety_filter_level": "block_only_high",
  "image_input": [
    "https://f003.backblazeb2.com/file/wbt-bucket/ari_foldman/frame_1410.jpg",
    "https://f003.backblazeb2.com/file/wbt-bucket/references/ari_foldman.png"
  ],
  "prompt": "Create an exact, photorealistic version of the provided drawing. The the drawing is suppose to depict a man in Israel called Ari Foldman. The drawing depicts  Bearded man stares ahead beside a window with a Ferris wheel. Provided image ari_foldman.png show what Ari Foldman actually looks like. The created image should look like it was shot on 35mm film by Roger Deakins."
}
2025-12-31 22:02:39 | DEBUG    | src.api.client:_call_with_retry:170 - API call successful
2025-12-31 22:02:39 | WARNING  | src.api.client:generate_image:117 - API PARAMETER FILTERING DETECTED:
2025-12-31 22:02:39 | WARNING  | src.api.client:generate_image:118 -   Model: google/nano-banana-pro
2025-12-31 22:02:39 | WARNING  | src.api.client:generate_image:119 -   Filtered parameters: ['image_input']
2025-12-31 22:02:39 | WARNING  | src.api.client:generate_image:120 -   This means the model doesn't support these parameters
2025-12-31 22:02:40 | INFO     | src.output.writer:_save_to_disk:203 - Saved valid image: USER-FILES/05.OUTPUT/251231_215800_IMAGE/ari_foldman/251231_220239_frame_1410.png
2025-12-31 22:02:40 | DEBUG    | src.output.writer:_save_payload:270 - Saved payload to USER-FILES/05.OUTPUT/251231_215800_IMAGE/ari_foldman/251231_220239_frame_1410.md
2025-12-31 22:02:40 | INFO     | src.processing.processor:_generate_and_save_image:276 - Saved image: USER-FILES/05.OUTPUT/251231_215800_IMAGE/ari_foldman/251231_220239_frame_1410.png
2025-12-31 22:02:40 | INFO     | src.processing.processor:_process_with_context:226 - Waiting 1.0 seconds before next request
2025-12-31 22:02:41 | DEBUG    | src.processing.processor:_process_single_combination:132 - Extracted image URL from markdown: https://f003.backblazeb2.com/file/wbt-bucket/ari_foldman/frame_1485.jpg
2025-12-31 22:02:41 | INFO     | src.processing.discovery:load_prompts:66 - Extracted prompt from frame_1485.md
2025-12-31 22:02:41 | INFO     | src.processing.processor:_process_single_combination:141 - Processing combination 7/10: ari_foldman/frame_1485.md + nano-banano-pro-2k_16x9_wbt_ari
2025-12-31 22:02:41 | DEBUG    | src.processing.processor:_process_single_combination:163 - Built image_input array with 2 URL(s): ['https://f003.backblazeb2.com/file/wbt-bucket/ari_foldman/frame_1485.jpg', 'https://f003.backblazeb2.com/file/wbt-bucket/references/ari_foldman.png']
2025-12-31 22:02:41 | DEBUG    | src.processing.processor:_apply_prompt_fixes:235 - Added prefix to prompt: Create an exact, photorealistic version of the provided drawing. The the drawing is suppose to depict a man in Israel called Ari Foldman. The drawing depicts 
2025-12-31 22:02:41 | DEBUG    | src.processing.processor:_apply_prompt_fixes:239 - Added suffix to prompt: Provided image ari_foldman.png show what Ari Foldman actually looks like. The created image should look like it was shot on 35mm film by Roger Deakins.
2025-12-31 22:02:41 | DEBUG    | src.processing.processor:_process_with_context:215 - Processing ari_foldman/frame_1485.md: Create an exact, photorealistic version of the pro...
2025-12-31 22:02:41 | DEBUG    | src.api.client:generate_image:85 - CRITICAL DEBUG - Received params: {
  "num_images": 1,
  "aspect_ratio": "16:9",
  "output_format": "png",
  "resolution": "2K",
  "safety_filter_level": "block_only_high",
  "image_input": [
    "https://f003.backblazeb2.com/file/wbt-bucket/ari_foldman/frame_1485.jpg",
    "https://f003.backblazeb2.com/file/wbt-bucket/references/ari_foldman.png"
  ]
}
2025-12-31 22:02:41 | DEBUG    | src.api.client:generate_image:86 - CRITICAL DEBUG - Constructed payload: {
  "num_images": 1,
  "aspect_ratio": "16:9",
  "output_format": "png",
  "resolution": "2K",
  "safety_filter_level": "block_only_high",
  "image_input": [
    "https://f003.backblazeb2.com/file/wbt-bucket/ari_foldman/frame_1485.jpg",
    "https://f003.backblazeb2.com/file/wbt-bucket/references/ari_foldman.png"
  ],
  "prompt": "Create an exact, photorealistic version of the provided drawing. The the drawing is suppose to depict a man in Israel called Ari Foldman. The drawing depicts  Bearded man touches his face by a window. Provided image ari_foldman.png show what Ari Foldman actually looks like. The created image should look like it was shot on 35mm film by Roger Deakins."
}
2025-12-31 22:02:41 | DEBUG    | src.api.client:generate_image:89 - Original prompt: Create an exact, photorealistic version of the provided drawing. The the drawing is suppose to depict a man in Israel called Ari Foldman. The drawing depicts  Bearded man touches his face by a window. Provided image ari_foldman.png show what Ari Foldman actually looks like. The created image should look like it was shot on 35mm film by Roger Deakins.
2025-12-31 22:02:41 | DEBUG    | src.api.client:generate_image:90 - Clean prompt being sent: Create an exact, photorealistic version of the provided drawing. The the drawing is suppose to depict a man in Israel called Ari Foldman. The drawing depicts  Bearded man touches his face by a window. Provided image ari_foldman.png show what Ari Foldman actually looks like. The created image should look like it was shot on 35mm film by Roger Deakins.
2025-12-31 22:02:41 | DEBUG    | src.api.client:generate_image:91 - Clean prompt repr: 'Create an exact, photorealistic version of the provided drawing. The the drawing is suppose to depict a man in Israel called Ari Foldman. The drawing depicts  Bearded man touches his face by a window. Provided image ari_foldman.png show what Ari Foldman actually looks like. The created image should look like it was shot on 35mm film by Roger Deakins.'
2025-12-31 22:02:41 | DEBUG    | src.api.client:_call_with_retry:152 - API call attempt 1/3
2025-12-31 22:02:41 | DEBUG    | src.api.client:_call_with_retry:155 - CRITICAL DEBUG - Payload sent to replicate.run: {
  "num_images": 1,
  "aspect_ratio": "16:9",
  "output_format": "png",
  "resolution": "2K",
  "safety_filter_level": "block_only_high",
  "image_input": [
    "https://f003.backblazeb2.com/file/wbt-bucket/ari_foldman/frame_1485.jpg",
    "https://f003.backblazeb2.com/file/wbt-bucket/references/ari_foldman.png"
  ],
  "prompt": "Create an exact, photorealistic version of the provided drawing. The the drawing is suppose to depict a man in Israel called Ari Foldman. The drawing depicts  Bearded man touches his face by a window. Provided image ari_foldman.png show what Ari Foldman actually looks like. The created image should look like it was shot on 35mm film by Roger Deakins."
}
2025-12-31 22:03:19 | DEBUG    | src.api.client:_call_with_retry:170 - API call successful
2025-12-31 22:03:19 | WARNING  | src.api.client:generate_image:117 - API PARAMETER FILTERING DETECTED:
2025-12-31 22:03:19 | WARNING  | src.api.client:generate_image:118 -   Model: google/nano-banana-pro
2025-12-31 22:03:19 | WARNING  | src.api.client:generate_image:119 -   Filtered parameters: ['image_input']
2025-12-31 22:03:19 | WARNING  | src.api.client:generate_image:120 -   This means the model doesn't support these parameters
2025-12-31 22:03:21 | INFO     | src.output.writer:_save_to_disk:203 - Saved valid image: USER-FILES/05.OUTPUT/251231_215800_IMAGE/ari_foldman/251231_220319_frame_1485.png
2025-12-31 22:03:21 | DEBUG    | src.output.writer:_save_payload:270 - Saved payload to USER-FILES/05.OUTPUT/251231_215800_IMAGE/ari_foldman/251231_220319_frame_1485.md
2025-12-31 22:03:21 | INFO     | src.processing.processor:_generate_and_save_image:276 - Saved image: USER-FILES/05.OUTPUT/251231_215800_IMAGE/ari_foldman/251231_220319_frame_1485.png
2025-12-31 22:03:21 | INFO     | src.processing.processor:_process_with_context:226 - Waiting 1.0 seconds before next request
2025-12-31 22:03:22 | DEBUG    | src.processing.processor:_process_single_combination:132 - Extracted image URL from markdown: https://f003.backblazeb2.com/file/wbt-bucket/ari_foldman/frame_1560.jpg
2025-12-31 22:03:22 | INFO     | src.processing.discovery:load_prompts:66 - Extracted prompt from frame_1560.md
2025-12-31 22:03:22 | INFO     | src.processing.processor:_process_single_combination:141 - Processing combination 8/10: ari_foldman/frame_1560.md + nano-banano-pro-2k_16x9_wbt_ari
2025-12-31 22:03:22 | DEBUG    | src.processing.processor:_process_single_combination:163 - Built image_input array with 2 URL(s): ['https://f003.backblazeb2.com/file/wbt-bucket/ari_foldman/frame_1560.jpg', 'https://f003.backblazeb2.com/file/wbt-bucket/references/ari_foldman.png']
2025-12-31 22:03:22 | DEBUG    | src.processing.processor:_apply_prompt_fixes:235 - Added prefix to prompt: Create an exact, photorealistic version of the provided drawing. The the drawing is suppose to depict a man in Israel called Ari Foldman. The drawing depicts 
2025-12-31 22:03:22 | DEBUG    | src.processing.processor:_apply_prompt_fixes:239 - Added suffix to prompt: Provided image ari_foldman.png show what Ari Foldman actually looks like. The created image should look like it was shot on 35mm film by Roger Deakins.
2025-12-31 22:03:22 | DEBUG    | src.processing.processor:_process_with_context:215 - Processing ari_foldman/frame_1560.md: Create an exact, photorealistic version of the pro...
2025-12-31 22:03:22 | DEBUG    | src.api.client:generate_image:85 - CRITICAL DEBUG - Received params: {
  "num_images": 1,
  "aspect_ratio": "16:9",
  "output_format": "png",
  "resolution": "2K",
  "safety_filter_level": "block_only_high",
  "image_input": [
    "https://f003.backblazeb2.com/file/wbt-bucket/ari_foldman/frame_1560.jpg",
    "https://f003.backblazeb2.com/file/wbt-bucket/references/ari_foldman.png"
  ]
}
2025-12-31 22:03:22 | DEBUG    | src.api.client:generate_image:86 - CRITICAL DEBUG - Constructed payload: {
  "num_images": 1,
  "aspect_ratio": "16:9",
  "output_format": "png",
  "resolution": "2K",
  "safety_filter_level": "block_only_high",
  "image_input": [
    "https://f003.backblazeb2.com/file/wbt-bucket/ari_foldman/frame_1560.jpg",
    "https://f003.backblazeb2.com/file/wbt-bucket/references/ari_foldman.png"
  ],
  "prompt": "Create an exact, photorealistic version of the provided drawing. The the drawing is suppose to depict a man in Israel called Ari Foldman. The drawing depicts  Bearded man sits in a car, hand covering mouth. Provided image ari_foldman.png show what Ari Foldman actually looks like. The created image should look like it was shot on 35mm film by Roger Deakins."
}
2025-12-31 22:03:22 | DEBUG    | src.api.client:generate_image:89 - Original prompt: Create an exact, photorealistic version of the provided drawing. The the drawing is suppose to depict a man in Israel called Ari Foldman. The drawing depicts  Bearded man sits in a car, hand covering mouth. Provided image ari_foldman.png show what Ari Foldman actually looks like. The created image should look like it was shot on 35mm film by Roger Deakins.
2025-12-31 22:03:22 | DEBUG    | src.api.client:generate_image:90 - Clean prompt being sent: Create an exact, photorealistic version of the provided drawing. The the drawing is suppose to depict a man in Israel called Ari Foldman. The drawing depicts  Bearded man sits in a car, hand covering mouth. Provided image ari_foldman.png show what Ari Foldman actually looks like. The created image should look like it was shot on 35mm film by Roger Deakins.
2025-12-31 22:03:22 | DEBUG    | src.api.client:generate_image:91 - Clean prompt repr: 'Create an exact, photorealistic version of the provided drawing. The the drawing is suppose to depict a man in Israel called Ari Foldman. The drawing depicts  Bearded man sits in a car, hand covering mouth. Provided image ari_foldman.png show what Ari Foldman actually looks like. The created image should look like it was shot on 35mm film by Roger Deakins.'
2025-12-31 22:03:22 | DEBUG    | src.api.client:_call_with_retry:152 - API call attempt 1/3
2025-12-31 22:03:22 | DEBUG    | src.api.client:_call_with_retry:155 - CRITICAL DEBUG - Payload sent to replicate.run: {
  "num_images": 1,
  "aspect_ratio": "16:9",
  "output_format": "png",
  "resolution": "2K",
  "safety_filter_level": "block_only_high",
  "image_input": [
    "https://f003.backblazeb2.com/file/wbt-bucket/ari_foldman/frame_1560.jpg",
    "https://f003.backblazeb2.com/file/wbt-bucket/references/ari_foldman.png"
  ],
  "prompt": "Create an exact, photorealistic version of the provided drawing. The the drawing is suppose to depict a man in Israel called Ari Foldman. The drawing depicts  Bearded man sits in a car, hand covering mouth. Provided image ari_foldman.png show what Ari Foldman actually looks like. The created image should look like it was shot on 35mm film by Roger Deakins."
}
2025-12-31 22:03:58 | DEBUG    | src.api.client:_call_with_retry:170 - API call successful
2025-12-31 22:03:58 | WARNING  | src.api.client:generate_image:117 - API PARAMETER FILTERING DETECTED:
2025-12-31 22:03:58 | WARNING  | src.api.client:generate_image:118 -   Model: google/nano-banana-pro
2025-12-31 22:03:58 | WARNING  | src.api.client:generate_image:119 -   Filtered parameters: ['image_input']
2025-12-31 22:03:58 | WARNING  | src.api.client:generate_image:120 -   This means the model doesn't support these parameters
2025-12-31 22:03:59 | INFO     | src.output.writer:_save_to_disk:203 - Saved valid image: USER-FILES/05.OUTPUT/251231_215800_IMAGE/ari_foldman/251231_220358_frame_1560.png
2025-12-31 22:03:59 | DEBUG    | src.output.writer:_save_payload:270 - Saved payload to USER-FILES/05.OUTPUT/251231_215800_IMAGE/ari_foldman/251231_220358_frame_1560.md
2025-12-31 22:03:59 | INFO     | src.processing.processor:_generate_and_save_image:276 - Saved image: USER-FILES/05.OUTPUT/251231_215800_IMAGE/ari_foldman/251231_220358_frame_1560.png
2025-12-31 22:03:59 | INFO     | src.processing.processor:_process_with_context:226 - Waiting 1.0 seconds before next request
2025-12-31 22:04:00 | DEBUG    | src.processing.processor:_process_single_combination:132 - Extracted image URL from markdown: https://f003.backblazeb2.com/file/wbt-bucket/ari_foldman/frame_1567.jpg
2025-12-31 22:04:00 | INFO     | src.processing.discovery:load_prompts:66 - Extracted prompt from frame_1567.md
2025-12-31 22:04:00 | INFO     | src.processing.processor:_process_single_combination:141 - Processing combination 9/10: ari_foldman/frame_1567.md + nano-banano-pro-2k_16x9_wbt_ari
2025-12-31 22:04:00 | DEBUG    | src.processing.processor:_process_single_combination:163 - Built image_input array with 2 URL(s): ['https://f003.backblazeb2.com/file/wbt-bucket/ari_foldman/frame_1567.jpg', 'https://f003.backblazeb2.com/file/wbt-bucket/references/ari_foldman.png']
2025-12-31 22:04:00 | DEBUG    | src.processing.processor:_apply_prompt_fixes:235 - Added prefix to prompt: Create an exact, photorealistic version of the provided drawing. The the drawing is suppose to depict a man in Israel called Ari Foldman. The drawing depicts 
2025-12-31 22:04:00 | DEBUG    | src.processing.processor:_apply_prompt_fixes:239 - Added suffix to prompt: Provided image ari_foldman.png show what Ari Foldman actually looks like. The created image should look like it was shot on 35mm film by Roger Deakins.
2025-12-31 22:04:00 | DEBUG    | src.processing.processor:_process_with_context:215 - Processing ari_foldman/frame_1567.md: Create an exact, photorealistic version of the pro...
2025-12-31 22:04:00 | DEBUG    | src.api.client:generate_image:85 - CRITICAL DEBUG - Received params: {
  "num_images": 1,
  "aspect_ratio": "16:9",
  "output_format": "png",
  "resolution": "2K",
  "safety_filter_level": "block_only_high",
  "image_input": [
    "https://f003.backblazeb2.com/file/wbt-bucket/ari_foldman/frame_1567.jpg",
    "https://f003.backblazeb2.com/file/wbt-bucket/references/ari_foldman.png"
  ]
}
2025-12-31 22:04:00 | DEBUG    | src.api.client:generate_image:86 - CRITICAL DEBUG - Constructed payload: {
  "num_images": 1,
  "aspect_ratio": "16:9",
  "output_format": "png",
  "resolution": "2K",
  "safety_filter_level": "block_only_high",
  "image_input": [
    "https://f003.backblazeb2.com/file/wbt-bucket/ari_foldman/frame_1567.jpg",
    "https://f003.backblazeb2.com/file/wbt-bucket/references/ari_foldman.png"
  ],
  "prompt": "Create an exact, photorealistic version of the provided drawing. The the drawing is suppose to depict a man in Israel called Ari Foldman. The drawing depicts  Bearded man sits in car holding his chin. Provided image ari_foldman.png show what Ari Foldman actually looks like. The created image should look like it was shot on 35mm film by Roger Deakins."
}
2025-12-31 22:04:00 | DEBUG    | src.api.client:generate_image:89 - Original prompt: Create an exact, photorealistic version of the provided drawing. The the drawing is suppose to depict a man in Israel called Ari Foldman. The drawing depicts  Bearded man sits in car holding his chin. Provided image ari_foldman.png show what Ari Foldman actually looks like. The created image should look like it was shot on 35mm film by Roger Deakins.
2025-12-31 22:04:00 | DEBUG    | src.api.client:generate_image:90 - Clean prompt being sent: Create an exact, photorealistic version of the provided drawing. The the drawing is suppose to depict a man in Israel called Ari Foldman. The drawing depicts  Bearded man sits in car holding his chin. Provided image ari_foldman.png show what Ari Foldman actually looks like. The created image should look like it was shot on 35mm film by Roger Deakins.
2025-12-31 22:04:00 | DEBUG    | src.api.client:generate_image:91 - Clean prompt repr: 'Create an exact, photorealistic version of the provided drawing. The the drawing is suppose to depict a man in Israel called Ari Foldman. The drawing depicts  Bearded man sits in car holding his chin. Provided image ari_foldman.png show what Ari Foldman actually looks like. The created image should look like it was shot on 35mm film by Roger Deakins.'
2025-12-31 22:04:00 | DEBUG    | src.api.client:_call_with_retry:152 - API call attempt 1/3
2025-12-31 22:04:00 | DEBUG    | src.api.client:_call_with_retry:155 - CRITICAL DEBUG - Payload sent to replicate.run: {
  "num_images": 1,
  "aspect_ratio": "16:9",
  "output_format": "png",
  "resolution": "2K",
  "safety_filter_level": "block_only_high",
  "image_input": [
    "https://f003.backblazeb2.com/file/wbt-bucket/ari_foldman/frame_1567.jpg",
    "https://f003.backblazeb2.com/file/wbt-bucket/references/ari_foldman.png"
  ],
  "prompt": "Create an exact, photorealistic version of the provided drawing. The the drawing is suppose to depict a man in Israel called Ari Foldman. The drawing depicts  Bearded man sits in car holding his chin. Provided image ari_foldman.png show what Ari Foldman actually looks like. The created image should look like it was shot on 35mm film by Roger Deakins."
}
2025-12-31 22:04:33 | DEBUG    | src.api.client:_call_with_retry:170 - API call successful
2025-12-31 22:04:33 | WARNING  | src.api.client:generate_image:117 - API PARAMETER FILTERING DETECTED:
2025-12-31 22:04:33 | WARNING  | src.api.client:generate_image:118 -   Model: google/nano-banana-pro
2025-12-31 22:04:33 | WARNING  | src.api.client:generate_image:119 -   Filtered parameters: ['image_input']
2025-12-31 22:04:33 | WARNING  | src.api.client:generate_image:120 -   This means the model doesn't support these parameters
2025-12-31 22:04:35 | INFO     | src.output.writer:_save_to_disk:203 - Saved valid image: USER-FILES/05.OUTPUT/251231_215800_IMAGE/ari_foldman/251231_220433_frame_1567.png
2025-12-31 22:04:35 | DEBUG    | src.output.writer:_save_payload:270 - Saved payload to USER-FILES/05.OUTPUT/251231_215800_IMAGE/ari_foldman/251231_220433_frame_1567.md
2025-12-31 22:04:35 | INFO     | src.processing.processor:_generate_and_save_image:276 - Saved image: USER-FILES/05.OUTPUT/251231_215800_IMAGE/ari_foldman/251231_220433_frame_1567.png
2025-12-31 22:04:35 | INFO     | src.processing.processor:_process_with_context:226 - Waiting 1.0 seconds before next request
2025-12-31 22:04:36 | DEBUG    | src.processing.processor:_process_single_combination:132 - Extracted image URL from markdown: https://f003.backblazeb2.com/file/wbt-bucket/ari_foldman/frame_1606.jpg
2025-12-31 22:04:36 | INFO     | src.processing.discovery:load_prompts:66 - Extracted prompt from frame_1606.md
2025-12-31 22:04:36 | INFO     | src.processing.processor:_process_single_combination:141 - Processing combination 10/10: ari_foldman/frame_1606.md + nano-banano-pro-2k_16x9_wbt_ari
2025-12-31 22:04:36 | DEBUG    | src.processing.processor:_process_single_combination:163 - Built image_input array with 2 URL(s): ['https://f003.backblazeb2.com/file/wbt-bucket/ari_foldman/frame_1606.jpg', 'https://f003.backblazeb2.com/file/wbt-bucket/references/ari_foldman.png']
2025-12-31 22:04:36 | DEBUG    | src.processing.processor:_apply_prompt_fixes:235 - Added prefix to prompt: Create an exact, photorealistic version of the provided drawing. The the drawing is suppose to depict a man in Israel called Ari Foldman. The drawing depicts 
2025-12-31 22:04:36 | DEBUG    | src.processing.processor:_apply_prompt_fixes:239 - Added suffix to prompt: Provided image ari_foldman.png show what Ari Foldman actually looks like. The created image should look like it was shot on 35mm film by Roger Deakins.
2025-12-31 22:04:36 | DEBUG    | src.processing.processor:_process_with_context:215 - Processing ari_foldman/frame_1606.md: Create an exact, photorealistic version of the pro...
2025-12-31 22:04:36 | DEBUG    | src.api.client:generate_image:85 - CRITICAL DEBUG - Received params: {
  "num_images": 1,
  "aspect_ratio": "16:9",
  "output_format": "png",
  "resolution": "2K",
  "safety_filter_level": "block_only_high",
  "image_input": [
    "https://f003.backblazeb2.com/file/wbt-bucket/ari_foldman/frame_1606.jpg",
    "https://f003.backblazeb2.com/file/wbt-bucket/references/ari_foldman.png"
  ]
}
2025-12-31 22:04:36 | DEBUG    | src.api.client:generate_image:86 - CRITICAL DEBUG - Constructed payload: {
  "num_images": 1,
  "aspect_ratio": "16:9",
  "output_format": "png",
  "resolution": "2K",
  "safety_filter_level": "block_only_high",
  "image_input": [
    "https://f003.backblazeb2.com/file/wbt-bucket/ari_foldman/frame_1606.jpg",
    "https://f003.backblazeb2.com/file/wbt-bucket/references/ari_foldman.png"
  ],
  "prompt": "Create an exact, photorealistic version of the provided drawing. The the drawing is suppose to depict a man in Israel called Ari Foldman. The drawing depicts  Man in a car looks out at armored vehicle. Provided image ari_foldman.png show what Ari Foldman actually looks like. The created image should look like it was shot on 35mm film by Roger Deakins."
}
2025-12-31 22:04:36 | DEBUG    | src.api.client:generate_image:89 - Original prompt: Create an exact, photorealistic version of the provided drawing. The the drawing is suppose to depict a man in Israel called Ari Foldman. The drawing depicts  Man in a car looks out at armored vehicle. Provided image ari_foldman.png show what Ari Foldman actually looks like. The created image should look like it was shot on 35mm film by Roger Deakins.
2025-12-31 22:04:36 | DEBUG    | src.api.client:generate_image:90 - Clean prompt being sent: Create an exact, photorealistic version of the provided drawing. The the drawing is suppose to depict a man in Israel called Ari Foldman. The drawing depicts  Man in a car looks out at armored vehicle. Provided image ari_foldman.png show what Ari Foldman actually looks like. The created image should look like it was shot on 35mm film by Roger Deakins.
2025-12-31 22:04:36 | DEBUG    | src.api.client:generate_image:91 - Clean prompt repr: 'Create an exact, photorealistic version of the provided drawing. The the drawing is suppose to depict a man in Israel called Ari Foldman. The drawing depicts  Man in a car looks out at armored vehicle. Provided image ari_foldman.png show what Ari Foldman actually looks like. The created image should look like it was shot on 35mm film by Roger Deakins.'
2025-12-31 22:04:36 | DEBUG    | src.api.client:_call_with_retry:152 - API call attempt 1/3
2025-12-31 22:04:36 | DEBUG    | src.api.client:_call_with_retry:155 - CRITICAL DEBUG - Payload sent to replicate.run: {
  "num_images": 1,
  "aspect_ratio": "16:9",
  "output_format": "png",
  "resolution": "2K",
  "safety_filter_level": "block_only_high",
  "image_input": [
    "https://f003.backblazeb2.com/file/wbt-bucket/ari_foldman/frame_1606.jpg",
    "https://f003.backblazeb2.com/file/wbt-bucket/references/ari_foldman.png"
  ],
  "prompt": "Create an exact, photorealistic version of the provided drawing. The the drawing is suppose to depict a man in Israel called Ari Foldman. The drawing depicts  Man in a car looks out at armored vehicle. Provided image ari_foldman.png show what Ari Foldman actually looks like. The created image should look like it was shot on 35mm film by Roger Deakins."
}
2025-12-31 22:05:10 | DEBUG    | src.api.client:_call_with_retry:170 - API call successful
2025-12-31 22:05:10 | WARNING  | src.api.client:generate_image:117 - API PARAMETER FILTERING DETECTED:
2025-12-31 22:05:10 | WARNING  | src.api.client:generate_image:118 -   Model: google/nano-banana-pro
2025-12-31 22:05:10 | WARNING  | src.api.client:generate_image:119 -   Filtered parameters: ['image_input']
2025-12-31 22:05:10 | WARNING  | src.api.client:generate_image:120 -   This means the model doesn't support these parameters
2025-12-31 22:05:11 | INFO     | src.output.writer:_save_to_disk:203 - Saved valid image: USER-FILES/05.OUTPUT/251231_215800_IMAGE/ari_foldman/251231_220510_frame_1606.png
2025-12-31 22:05:11 | DEBUG    | src.output.writer:_save_payload:270 - Saved payload to USER-FILES/05.OUTPUT/251231_215800_IMAGE/ari_foldman/251231_220510_frame_1606.md
2025-12-31 22:05:11 | INFO     | src.processing.processor:_generate_and_save_image:276 - Saved image: USER-FILES/05.OUTPUT/251231_215800_IMAGE/ari_foldman/251231_220510_frame_1606.png
2025-12-31 22:05:11 | INFO     | src.processing.processor:_process_with_context:226 - Waiting 1.0 seconds before next request
2025-12-31 22:05:12 | INFO     | src.processing.discovery:load_prompts:66 - Extracted prompt from frame_0288.md
2025-12-31 22:05:12 | INFO     | src.processing.discovery:load_prompts:66 - Extracted prompt from frame_0382.md
2025-12-31 22:05:12 | INFO     | src.processing.discovery:load_prompts:66 - Extracted prompt from frame_0584.md
2025-12-31 22:05:12 | INFO     | src.processing.discovery:load_prompts:66 - Extracted prompt from frame_0651.md
2025-12-31 22:05:12 | INFO     | src.processing.discovery:load_prompts:66 - Extracted prompt from frame_0757.md
2025-12-31 22:05:12 | INFO     | src.processing.discovery:load_prompts:66 - Extracted prompt from frame_1410.md
2025-12-31 22:05:12 | INFO     | src.processing.discovery:load_prompts:66 - Extracted prompt from frame_1485.md
2025-12-31 22:05:12 | INFO     | src.processing.discovery:load_prompts:66 - Extracted prompt from frame_1560.md
2025-12-31 22:05:12 | INFO     | src.processing.discovery:load_prompts:66 - Extracted prompt from frame_1567.md
2025-12-31 22:05:12 | INFO     | src.processing.discovery:load_prompts:66 - Extracted prompt from frame_1606.md
2025-12-31 22:05:12 | INFO     | src.output.writer:write_report:306 - Report saved: USER-FILES/05.OUTPUT/251231_215800_IMAGE/SUCCESS.md
2025-12-31 22:05:12 | INFO     | src.output.writer:write_report:306 - Report saved: USER-FILES/05.OUTPUT/251231_215800_IMAGE/COST-REPORT.md
2025-12-31 22:05:12 | INFO     | src.output.writer:write_report:306 - Report saved: USER-FILES/05.OUTPUT/251231_215800_IMAGE/PROFILES-WITH-FIXES.md
2025-12-31 22:05:12 | INFO     | src.output.reporter:_save_success_reports:62 - Reports saved successfully
2025-12-31 22:05:12 | SUCCESS  | __main__:generate_final_reports:264 - ✅ Completed successfully! Generated 10 images
