2025-11-06 00:13:21 | INFO     | src.utils.logging:setup_logging:39 - Logging configured (verbose=False, debug=False)
2025-11-06 00:13:21 | INFO     | __main__:setup_environment:79 - Environment initialized
2025-11-06 00:13:21 | INFO     | __main__:load_and_validate_config:84 - Loading configuration...
2025-11-06 00:13:21 | INFO     | src.config.loader:load_config:42 - Loaded configuration from USER-FILES/01.CONFIG/config.yaml
2025-11-06 00:13:21 | INFO     | __main__:authenticate_for_mode:273 - Authenticating with 1Password...
2025-11-06 00:13:22 | DEBUG    | src.auth.session_manager:ensure_op_auth:39 - 1Password session is active
2025-11-06 00:13:23 | DEBUG    | src.auth.session_manager:ensure_op_auth:39 - 1Password session is active
2025-11-06 00:13:23 | DEBUG    | src.auth.auth:load_auth_config:28 - Using auth config: auth_ruben.yaml
2025-11-06 00:13:24 | DEBUG    | src.auth.auth:get_api_key:77 - Retrieved API key: r8_K...
2025-11-06 00:13:24 | INFO     | __main__:discover_inputs_and_profiles:92 - Discovering inputs...
2025-11-06 00:13:24 | DEBUG    | src.processing.discovery:discover_prompt_files:40 - Found prompt file: danish_jews_017.txt
2025-11-06 00:13:24 | DEBUG    | src.processing.discovery:discover_prompt_files:40 - Found prompt file: danish_jews_003.txt
2025-11-06 00:13:24 | DEBUG    | src.processing.discovery:discover_prompt_files:40 - Found prompt file: danish_jews_002.txt
2025-11-06 00:13:24 | DEBUG    | src.processing.discovery:discover_prompt_files:40 - Found prompt file: danish_jews_016.txt
2025-11-06 00:13:24 | DEBUG    | src.processing.discovery:discover_prompt_files:40 - Found prompt file: danish_jews_014.txt
2025-11-06 00:13:24 | DEBUG    | src.processing.discovery:discover_prompt_files:40 - Found prompt file: danish_jews_015.txt
2025-11-06 00:13:24 | DEBUG    | src.processing.discovery:discover_prompt_files:40 - Found prompt file: danish_jews_001.txt
2025-11-06 00:13:24 | DEBUG    | src.processing.discovery:discover_prompt_files:40 - Found prompt file: danish_jews_005.txt
2025-11-06 00:13:24 | DEBUG    | src.processing.discovery:discover_prompt_files:40 - Found prompt file: danish_jews_011.txt
2025-11-06 00:13:24 | DEBUG    | src.processing.discovery:discover_prompt_files:40 - Found prompt file: danish_jews_010.txt
2025-11-06 00:13:24 | DEBUG    | src.processing.discovery:discover_prompt_files:40 - Found prompt file: danish_jews_004.txt
2025-11-06 00:13:24 | DEBUG    | src.processing.discovery:discover_prompt_files:40 - Found prompt file: danish_jews_012.txt
2025-11-06 00:13:24 | DEBUG    | src.processing.discovery:discover_prompt_files:40 - Found prompt file: danish_jews_006.txt
2025-11-06 00:13:24 | DEBUG    | src.processing.discovery:discover_prompt_files:40 - Found prompt file: danish_jews_007.txt
2025-11-06 00:13:24 | DEBUG    | src.processing.discovery:discover_prompt_files:40 - Found prompt file: danish_jews_013.txt
2025-11-06 00:13:24 | DEBUG    | src.processing.discovery:discover_prompt_files:40 - Found prompt file: danish_jews_009.txt
2025-11-06 00:13:24 | DEBUG    | src.processing.discovery:discover_prompt_files:40 - Found prompt file: danish_jews_020.txt
2025-11-06 00:13:24 | DEBUG    | src.processing.discovery:discover_prompt_files:40 - Found prompt file: danish_jews_008.txt
2025-11-06 00:13:24 | DEBUG    | src.processing.discovery:discover_prompt_files:40 - Found prompt file: danish_jews_018.txt
2025-11-06 00:13:24 | DEBUG    | src.processing.discovery:discover_prompt_files:40 - Found prompt file: danish_jews_019.txt
2025-11-06 00:13:24 | INFO     | src.processing.discovery:discover_prompt_files:45 - Discovered 20 prompt files
2025-11-06 00:13:24 | DEBUG    | src.processing.discovery:discover_profiles:93 - Loaded profile: USER-FILES/03.PROFILES/nano-banano16x9_deakins.yaml
2025-11-06 00:13:24 | INFO     | src.processing.discovery:discover_profiles:97 - Loaded 1 profiles
2025-11-06 00:13:24 | INFO     | src.processing.discovery:get_active_models:135 - Found profile: nano-banano16x9_deakins
2025-11-06 00:13:24 | INFO     | src.processing.discovery:get_active_models:140 - Total profiles to process: 1
2025-11-06 00:13:24 | INFO     | src.config.validator:validate_all:26 - All configuration validation passed
2025-11-06 00:13:24 | INFO     | __main__:initialize_services:186 - Output directory: USER-FILES/05.OUTPUT/251106_001324_IMAGE
2025-11-06 00:13:24 | INFO     | __main__:execute_processing:221 - Starting matrix processing...
2025-11-06 00:13:24 | DEBUG    | src.processing.validator:validate_operational_requirements:23 - Profile 'nano-banano16x9_deakins' operational validation passed
2025-11-06 00:13:24 | INFO     | src.processing.processor:process_all:60 - Processing 20 combinations (20 files × 1 profiles)
2025-11-06 00:13:24 | INFO     | src.processing.discovery:load_prompts:63 - Loaded prompt from danish_jews_001.txt
2025-11-06 00:13:24 | INFO     | src.processing.processor:_process_single_combination:119 - Processing combination 1/20: danish_jews_001.txt + nano-banano16x9_deakins
2025-11-06 00:13:24 | DEBUG    | src.processing.processor:_apply_prompt_fixes:204 - Added prefix to prompt: A moody, cinematic scene from the 
2025-11-06 00:13:24 | DEBUG    | src.processing.processor:_apply_prompt_fixes:208 - Added suffix to prompt: Handheld shot on 35mm film in the style of Roger Deakins. Diagonal room composition Make the aspect ratio of the generated image the same as provided image
2025-11-06 00:13:24 | DEBUG    | src.processing.processor:_process_with_context:186 - Processing danish_jews_001.txt: A moody, cinematic scene from the  1943 Copenhagen...
2025-11-06 00:13:24 | DEBUG    | src.api.client:generate_image:85 - CRITICAL DEBUG - Received params: {
  "num_images": 1,
  "image_input": [
    "https://f003.backblazeb2.com/file/aspect-ratio-reference/aspect_ratio_reference_16x9.png"
  ],
  "output_format": "png"
}
2025-11-06 00:13:24 | DEBUG    | src.api.client:generate_image:86 - CRITICAL DEBUG - Constructed payload: {
  "num_images": 1,
  "image_input": [
    "https://f003.backblazeb2.com/file/aspect-ratio-reference/aspect_ratio_reference_16x9.png"
  ],
  "output_format": "png",
  "prompt": "A moody, cinematic scene from the  1943 Copenhagen, German soldiers patrolling Nyhavn as Danish civilians watch silently from the sidewalks. Handheld shot on 35mm film in the style of Roger Deakins. Diagonal room composition Make the aspect ratio of the generated image the same as provided image"
}
2025-11-06 00:13:24 | DEBUG    | src.api.client:generate_image:89 - Original prompt: A moody, cinematic scene from the  1943 Copenhagen, German soldiers patrolling Nyhavn as Danish civilians watch silently from the sidewalks. Handheld shot on 35mm film in the style of Roger Deakins. Diagonal room composition Make the aspect ratio of the generated image the same as provided image
2025-11-06 00:13:24 | DEBUG    | src.api.client:generate_image:90 - Clean prompt being sent: A moody, cinematic scene from the  1943 Copenhagen, German soldiers patrolling Nyhavn as Danish civilians watch silently from the sidewalks. Handheld shot on 35mm film in the style of Roger Deakins. Diagonal room composition Make the aspect ratio of the generated image the same as provided image
2025-11-06 00:13:24 | DEBUG    | src.api.client:generate_image:91 - Clean prompt repr: 'A moody, cinematic scene from the  1943 Copenhagen, German soldiers patrolling Nyhavn as Danish civilians watch silently from the sidewalks. Handheld shot on 35mm film in the style of Roger Deakins. Diagonal room composition Make the aspect ratio of the generated image the same as provided image'
2025-11-06 00:13:24 | DEBUG    | src.api.client:_call_with_retry:152 - API call attempt 1/3
2025-11-06 00:13:24 | DEBUG    | src.api.client:_call_with_retry:155 - CRITICAL DEBUG - Payload sent to replicate.run: {
  "num_images": 1,
  "image_input": [
    "https://f003.backblazeb2.com/file/aspect-ratio-reference/aspect_ratio_reference_16x9.png"
  ],
  "output_format": "png",
  "prompt": "A moody, cinematic scene from the  1943 Copenhagen, German soldiers patrolling Nyhavn as Danish civilians watch silently from the sidewalks. Handheld shot on 35mm film in the style of Roger Deakins. Diagonal room composition Make the aspect ratio of the generated image the same as provided image"
}
2025-11-06 00:13:35 | DEBUG    | src.api.client:_call_with_retry:170 - API call successful
2025-11-06 00:13:35 | WARNING  | src.api.client:generate_image:117 - API PARAMETER FILTERING DETECTED:
2025-11-06 00:13:35 | WARNING  | src.api.client:generate_image:118 -   Model: google/nano-banana
2025-11-06 00:13:35 | WARNING  | src.api.client:generate_image:119 -   Filtered parameters: ['image_input']
2025-11-06 00:13:35 | WARNING  | src.api.client:generate_image:120 -   This means the model doesn't support these parameters
2025-11-06 00:13:36 | INFO     | src.output.writer:_save_to_disk:192 - Saved valid image: USER-FILES/05.OUTPUT/251106_001324_IMAGE/danish_jews_001_IMAGE_001335_nano-banano16x9_deakins.png
2025-11-06 00:13:36 | DEBUG    | src.output.writer:_save_payload:257 - Saved payload to USER-FILES/05.OUTPUT/251106_001324_IMAGE/danish_jews_001_IMAGE_001335_nano-banano16x9_deakins.md
2025-11-06 00:13:36 | INFO     | src.processing.processor:_generate_and_save_image:248 - Saved image: USER-FILES/05.OUTPUT/251106_001324_IMAGE/danish_jews_001_IMAGE_001335_nano-banano16x9_deakins.png
2025-11-06 00:13:36 | INFO     | src.processing.discovery:load_prompts:63 - Loaded prompt from danish_jews_002.txt
2025-11-06 00:13:36 | INFO     | src.processing.processor:_process_single_combination:119 - Processing combination 2/20: danish_jews_002.txt + nano-banano16x9_deakins
2025-11-06 00:13:36 | DEBUG    | src.processing.processor:_apply_prompt_fixes:204 - Added prefix to prompt: A moody, cinematic scene from the 
2025-11-06 00:13:36 | DEBUG    | src.processing.processor:_apply_prompt_fixes:208 - Added suffix to prompt: Handheld shot on 35mm film in the style of Roger Deakins. Diagonal room composition Make the aspect ratio of the generated image the same as provided image
2025-11-06 00:13:36 | DEBUG    | src.processing.processor:_process_with_context:186 - Processing danish_jews_002.txt: A moody, cinematic scene from the  1943 Copenhagen...
2025-11-06 00:13:36 | DEBUG    | src.api.client:generate_image:85 - CRITICAL DEBUG - Received params: {
  "num_images": 1,
  "image_input": [
    "https://f003.backblazeb2.com/file/aspect-ratio-reference/aspect_ratio_reference_16x9.png"
  ],
  "output_format": "png"
}
2025-11-06 00:13:36 | DEBUG    | src.api.client:generate_image:86 - CRITICAL DEBUG - Constructed payload: {
  "num_images": 1,
  "image_input": [
    "https://f003.backblazeb2.com/file/aspect-ratio-reference/aspect_ratio_reference_16x9.png"
  ],
  "output_format": "png",
  "prompt": "A moody, cinematic scene from the  1943 Copenhagen, a Jewish family hurriedly packing belongings in a dimly lit apartment, shadows falling across worn suitcases. Handheld shot on 35mm film in the style of Roger Deakins. Diagonal room composition Make the aspect ratio of the generated image the same as provided image"
}
2025-11-06 00:13:36 | DEBUG    | src.api.client:generate_image:89 - Original prompt: A moody, cinematic scene from the  1943 Copenhagen, a Jewish family hurriedly packing belongings in a dimly lit apartment, shadows falling across worn suitcases. Handheld shot on 35mm film in the style of Roger Deakins. Diagonal room composition Make the aspect ratio of the generated image the same as provided image
2025-11-06 00:13:36 | DEBUG    | src.api.client:generate_image:90 - Clean prompt being sent: A moody, cinematic scene from the  1943 Copenhagen, a Jewish family hurriedly packing belongings in a dimly lit apartment, shadows falling across worn suitcases. Handheld shot on 35mm film in the style of Roger Deakins. Diagonal room composition Make the aspect ratio of the generated image the same as provided image
2025-11-06 00:13:36 | DEBUG    | src.api.client:generate_image:91 - Clean prompt repr: 'A moody, cinematic scene from the  1943 Copenhagen, a Jewish family hurriedly packing belongings in a dimly lit apartment, shadows falling across worn suitcases. Handheld shot on 35mm film in the style of Roger Deakins. Diagonal room composition Make the aspect ratio of the generated image the same as provided image'
2025-11-06 00:13:36 | DEBUG    | src.api.client:_call_with_retry:152 - API call attempt 1/3
2025-11-06 00:13:36 | DEBUG    | src.api.client:_call_with_retry:155 - CRITICAL DEBUG - Payload sent to replicate.run: {
  "num_images": 1,
  "image_input": [
    "https://f003.backblazeb2.com/file/aspect-ratio-reference/aspect_ratio_reference_16x9.png"
  ],
  "output_format": "png",
  "prompt": "A moody, cinematic scene from the  1943 Copenhagen, a Jewish family hurriedly packing belongings in a dimly lit apartment, shadows falling across worn suitcases. Handheld shot on 35mm film in the style of Roger Deakins. Diagonal room composition Make the aspect ratio of the generated image the same as provided image"
}
2025-11-06 00:13:47 | DEBUG    | src.api.client:_call_with_retry:170 - API call successful
2025-11-06 00:13:47 | WARNING  | src.api.client:generate_image:117 - API PARAMETER FILTERING DETECTED:
2025-11-06 00:13:47 | WARNING  | src.api.client:generate_image:118 -   Model: google/nano-banana
2025-11-06 00:13:47 | WARNING  | src.api.client:generate_image:119 -   Filtered parameters: ['image_input']
2025-11-06 00:13:47 | WARNING  | src.api.client:generate_image:120 -   This means the model doesn't support these parameters
2025-11-06 00:13:48 | INFO     | src.output.writer:_save_to_disk:192 - Saved valid image: USER-FILES/05.OUTPUT/251106_001324_IMAGE/danish_jews_002_IMAGE_001347_nano-banano16x9_deakins.png
2025-11-06 00:13:48 | DEBUG    | src.output.writer:_save_payload:257 - Saved payload to USER-FILES/05.OUTPUT/251106_001324_IMAGE/danish_jews_002_IMAGE_001347_nano-banano16x9_deakins.md
2025-11-06 00:13:48 | INFO     | src.processing.processor:_generate_and_save_image:248 - Saved image: USER-FILES/05.OUTPUT/251106_001324_IMAGE/danish_jews_002_IMAGE_001347_nano-banano16x9_deakins.png
2025-11-06 00:13:48 | INFO     | src.processing.discovery:load_prompts:63 - Loaded prompt from danish_jews_003.txt
2025-11-06 00:13:48 | INFO     | src.processing.processor:_process_single_combination:119 - Processing combination 3/20: danish_jews_003.txt + nano-banano16x9_deakins
2025-11-06 00:13:48 | DEBUG    | src.processing.processor:_apply_prompt_fixes:204 - Added prefix to prompt: A moody, cinematic scene from the 
2025-11-06 00:13:48 | DEBUG    | src.processing.processor:_apply_prompt_fixes:208 - Added suffix to prompt: Handheld shot on 35mm film in the style of Roger Deakins. Diagonal room composition Make the aspect ratio of the generated image the same as provided image
2025-11-06 00:13:48 | DEBUG    | src.processing.processor:_process_with_context:186 - Processing danish_jews_003.txt: A moody, cinematic scene from the  1943 Copenhagen...
2025-11-06 00:13:48 | DEBUG    | src.api.client:generate_image:85 - CRITICAL DEBUG - Received params: {
  "num_images": 1,
  "image_input": [
    "https://f003.backblazeb2.com/file/aspect-ratio-reference/aspect_ratio_reference_16x9.png"
  ],
  "output_format": "png"
}
2025-11-06 00:13:48 | DEBUG    | src.api.client:generate_image:86 - CRITICAL DEBUG - Constructed payload: {
  "num_images": 1,
  "image_input": [
    "https://f003.backblazeb2.com/file/aspect-ratio-reference/aspect_ratio_reference_16x9.png"
  ],
  "output_format": "png",
  "prompt": "A moody, cinematic scene from the  1943 Copenhagen, a police truck parked outside a synagogue as officers stand guard near the entrance. Handheld shot on 35mm film in the style of Roger Deakins. Diagonal room composition Make the aspect ratio of the generated image the same as provided image"
}
2025-11-06 00:13:48 | DEBUG    | src.api.client:generate_image:89 - Original prompt: A moody, cinematic scene from the  1943 Copenhagen, a police truck parked outside a synagogue as officers stand guard near the entrance. Handheld shot on 35mm film in the style of Roger Deakins. Diagonal room composition Make the aspect ratio of the generated image the same as provided image
2025-11-06 00:13:48 | DEBUG    | src.api.client:generate_image:90 - Clean prompt being sent: A moody, cinematic scene from the  1943 Copenhagen, a police truck parked outside a synagogue as officers stand guard near the entrance. Handheld shot on 35mm film in the style of Roger Deakins. Diagonal room composition Make the aspect ratio of the generated image the same as provided image
2025-11-06 00:13:48 | DEBUG    | src.api.client:generate_image:91 - Clean prompt repr: 'A moody, cinematic scene from the  1943 Copenhagen, a police truck parked outside a synagogue as officers stand guard near the entrance. Handheld shot on 35mm film in the style of Roger Deakins. Diagonal room composition Make the aspect ratio of the generated image the same as provided image'
2025-11-06 00:13:48 | DEBUG    | src.api.client:_call_with_retry:152 - API call attempt 1/3
2025-11-06 00:13:48 | DEBUG    | src.api.client:_call_with_retry:155 - CRITICAL DEBUG - Payload sent to replicate.run: {
  "num_images": 1,
  "image_input": [
    "https://f003.backblazeb2.com/file/aspect-ratio-reference/aspect_ratio_reference_16x9.png"
  ],
  "output_format": "png",
  "prompt": "A moody, cinematic scene from the  1943 Copenhagen, a police truck parked outside a synagogue as officers stand guard near the entrance. Handheld shot on 35mm film in the style of Roger Deakins. Diagonal room composition Make the aspect ratio of the generated image the same as provided image"
}
2025-11-06 00:13:57 | DEBUG    | src.api.client:_call_with_retry:170 - API call successful
2025-11-06 00:13:57 | WARNING  | src.api.client:generate_image:117 - API PARAMETER FILTERING DETECTED:
2025-11-06 00:13:57 | WARNING  | src.api.client:generate_image:118 -   Model: google/nano-banana
2025-11-06 00:13:57 | WARNING  | src.api.client:generate_image:119 -   Filtered parameters: ['image_input']
2025-11-06 00:13:57 | WARNING  | src.api.client:generate_image:120 -   This means the model doesn't support these parameters
2025-11-06 00:13:57 | INFO     | src.output.writer:_save_to_disk:192 - Saved valid image: USER-FILES/05.OUTPUT/251106_001324_IMAGE/danish_jews_003_IMAGE_001357_nano-banano16x9_deakins.png
2025-11-06 00:13:57 | DEBUG    | src.output.writer:_save_payload:257 - Saved payload to USER-FILES/05.OUTPUT/251106_001324_IMAGE/danish_jews_003_IMAGE_001357_nano-banano16x9_deakins.md
2025-11-06 00:13:57 | INFO     | src.processing.processor:_generate_and_save_image:248 - Saved image: USER-FILES/05.OUTPUT/251106_001324_IMAGE/danish_jews_003_IMAGE_001357_nano-banano16x9_deakins.png
2025-11-06 00:13:57 | INFO     | src.processing.discovery:load_prompts:63 - Loaded prompt from danish_jews_004.txt
2025-11-06 00:13:57 | INFO     | src.processing.processor:_process_single_combination:119 - Processing combination 4/20: danish_jews_004.txt + nano-banano16x9_deakins
2025-11-06 00:13:57 | DEBUG    | src.processing.processor:_apply_prompt_fixes:204 - Added prefix to prompt: A moody, cinematic scene from the 
2025-11-06 00:13:57 | DEBUG    | src.processing.processor:_apply_prompt_fixes:208 - Added suffix to prompt: Handheld shot on 35mm film in the style of Roger Deakins. Diagonal room composition Make the aspect ratio of the generated image the same as provided image
2025-11-06 00:13:57 | DEBUG    | src.processing.processor:_process_with_context:186 - Processing danish_jews_004.txt: A moody, cinematic scene from the  1943 Gilleleje,...
2025-11-06 00:13:57 | DEBUG    | src.api.client:generate_image:85 - CRITICAL DEBUG - Received params: {
  "num_images": 1,
  "image_input": [
    "https://f003.backblazeb2.com/file/aspect-ratio-reference/aspect_ratio_reference_16x9.png"
  ],
  "output_format": "png"
}
2025-11-06 00:13:57 | DEBUG    | src.api.client:generate_image:86 - CRITICAL DEBUG - Constructed payload: {
  "num_images": 1,
  "image_input": [
    "https://f003.backblazeb2.com/file/aspect-ratio-reference/aspect_ratio_reference_16x9.png"
  ],
  "output_format": "png",
  "prompt": "A moody, cinematic scene from the  1943 Gilleleje, Danish fishermen quietly preparing boats under moonlight to help Jewish families escape across the \u00d8resund. Handheld shot on 35mm film in the style of Roger Deakins. Diagonal room composition Make the aspect ratio of the generated image the same as provided image"
}
2025-11-06 00:13:57 | DEBUG    | src.api.client:generate_image:89 - Original prompt: A moody, cinematic scene from the  1943 Gilleleje, Danish fishermen quietly preparing boats under moonlight to help Jewish families escape across the Øresund. Handheld shot on 35mm film in the style of Roger Deakins. Diagonal room composition Make the aspect ratio of the generated image the same as provided image
2025-11-06 00:13:57 | DEBUG    | src.api.client:generate_image:90 - Clean prompt being sent: A moody, cinematic scene from the  1943 Gilleleje, Danish fishermen quietly preparing boats under moonlight to help Jewish families escape across the Øresund. Handheld shot on 35mm film in the style of Roger Deakins. Diagonal room composition Make the aspect ratio of the generated image the same as provided image
2025-11-06 00:13:57 | DEBUG    | src.api.client:generate_image:91 - Clean prompt repr: 'A moody, cinematic scene from the  1943 Gilleleje, Danish fishermen quietly preparing boats under moonlight to help Jewish families escape across the Øresund. Handheld shot on 35mm film in the style of Roger Deakins. Diagonal room composition Make the aspect ratio of the generated image the same as provided image'
2025-11-06 00:13:57 | DEBUG    | src.api.client:_call_with_retry:152 - API call attempt 1/3
2025-11-06 00:13:57 | DEBUG    | src.api.client:_call_with_retry:155 - CRITICAL DEBUG - Payload sent to replicate.run: {
  "num_images": 1,
  "image_input": [
    "https://f003.backblazeb2.com/file/aspect-ratio-reference/aspect_ratio_reference_16x9.png"
  ],
  "output_format": "png",
  "prompt": "A moody, cinematic scene from the  1943 Gilleleje, Danish fishermen quietly preparing boats under moonlight to help Jewish families escape across the \u00d8resund. Handheld shot on 35mm film in the style of Roger Deakins. Diagonal room composition Make the aspect ratio of the generated image the same as provided image"
}
2025-11-06 00:14:07 | DEBUG    | src.api.client:_call_with_retry:170 - API call successful
2025-11-06 00:14:07 | WARNING  | src.api.client:generate_image:117 - API PARAMETER FILTERING DETECTED:
2025-11-06 00:14:07 | WARNING  | src.api.client:generate_image:118 -   Model: google/nano-banana
2025-11-06 00:14:07 | WARNING  | src.api.client:generate_image:119 -   Filtered parameters: ['image_input']
2025-11-06 00:14:07 | WARNING  | src.api.client:generate_image:120 -   This means the model doesn't support these parameters
2025-11-06 00:14:08 | INFO     | src.output.writer:_save_to_disk:192 - Saved valid image: USER-FILES/05.OUTPUT/251106_001324_IMAGE/danish_jews_004_IMAGE_001407_nano-banano16x9_deakins.png
2025-11-06 00:14:08 | DEBUG    | src.output.writer:_save_payload:257 - Saved payload to USER-FILES/05.OUTPUT/251106_001324_IMAGE/danish_jews_004_IMAGE_001407_nano-banano16x9_deakins.md
2025-11-06 00:14:08 | INFO     | src.processing.processor:_generate_and_save_image:248 - Saved image: USER-FILES/05.OUTPUT/251106_001324_IMAGE/danish_jews_004_IMAGE_001407_nano-banano16x9_deakins.png
2025-11-06 00:14:08 | INFO     | src.processing.discovery:load_prompts:63 - Loaded prompt from danish_jews_005.txt
2025-11-06 00:14:08 | INFO     | src.processing.processor:_process_single_combination:119 - Processing combination 5/20: danish_jews_005.txt + nano-banano16x9_deakins
2025-11-06 00:14:08 | DEBUG    | src.processing.processor:_apply_prompt_fixes:204 - Added prefix to prompt: A moody, cinematic scene from the 
2025-11-06 00:14:08 | DEBUG    | src.processing.processor:_apply_prompt_fixes:208 - Added suffix to prompt: Handheld shot on 35mm film in the style of Roger Deakins. Diagonal room composition Make the aspect ratio of the generated image the same as provided image
2025-11-06 00:14:08 | DEBUG    | src.processing.processor:_process_with_context:186 - Processing danish_jews_005.txt: A moody, cinematic scene from the  1943 Copenhagen...
2025-11-06 00:14:08 | DEBUG    | src.api.client:generate_image:85 - CRITICAL DEBUG - Received params: {
  "num_images": 1,
  "image_input": [
    "https://f003.backblazeb2.com/file/aspect-ratio-reference/aspect_ratio_reference_16x9.png"
  ],
  "output_format": "png"
}
2025-11-06 00:14:08 | DEBUG    | src.api.client:generate_image:86 - CRITICAL DEBUG - Constructed payload: {
  "num_images": 1,
  "image_input": [
    "https://f003.backblazeb2.com/file/aspect-ratio-reference/aspect_ratio_reference_16x9.png"
  ],
  "output_format": "png",
  "prompt": "A moody, cinematic scene from the  1943 Copenhagen, German posters ordering Jewish registration plastered over shop windows. Handheld shot on 35mm film in the style of Roger Deakins. Diagonal room composition Make the aspect ratio of the generated image the same as provided image"
}
2025-11-06 00:14:08 | DEBUG    | src.api.client:generate_image:89 - Original prompt: A moody, cinematic scene from the  1943 Copenhagen, German posters ordering Jewish registration plastered over shop windows. Handheld shot on 35mm film in the style of Roger Deakins. Diagonal room composition Make the aspect ratio of the generated image the same as provided image
2025-11-06 00:14:08 | DEBUG    | src.api.client:generate_image:90 - Clean prompt being sent: A moody, cinematic scene from the  1943 Copenhagen, German posters ordering Jewish registration plastered over shop windows. Handheld shot on 35mm film in the style of Roger Deakins. Diagonal room composition Make the aspect ratio of the generated image the same as provided image
2025-11-06 00:14:08 | DEBUG    | src.api.client:generate_image:91 - Clean prompt repr: 'A moody, cinematic scene from the  1943 Copenhagen, German posters ordering Jewish registration plastered over shop windows. Handheld shot on 35mm film in the style of Roger Deakins. Diagonal room composition Make the aspect ratio of the generated image the same as provided image'
2025-11-06 00:14:08 | DEBUG    | src.api.client:_call_with_retry:152 - API call attempt 1/3
2025-11-06 00:14:08 | DEBUG    | src.api.client:_call_with_retry:155 - CRITICAL DEBUG - Payload sent to replicate.run: {
  "num_images": 1,
  "image_input": [
    "https://f003.backblazeb2.com/file/aspect-ratio-reference/aspect_ratio_reference_16x9.png"
  ],
  "output_format": "png",
  "prompt": "A moody, cinematic scene from the  1943 Copenhagen, German posters ordering Jewish registration plastered over shop windows. Handheld shot on 35mm film in the style of Roger Deakins. Diagonal room composition Make the aspect ratio of the generated image the same as provided image"
}
2025-11-06 00:14:18 | ERROR    | src.api.client:_call_with_retry:184 - Error on attempt 1: The input or output was flagged as sensitive. Please try again with different inputs. (E005) (uIJ6l3ruRD)
2025-11-06 00:14:18 | INFO     | src.api.client:_call_with_retry:188 - Retrying in 2s...
2025-11-06 00:14:20 | DEBUG    | src.api.client:_call_with_retry:152 - API call attempt 2/3
2025-11-06 00:14:20 | DEBUG    | src.api.client:_call_with_retry:155 - CRITICAL DEBUG - Payload sent to replicate.run: {
  "num_images": 1,
  "image_input": [
    "https://f003.backblazeb2.com/file/aspect-ratio-reference/aspect_ratio_reference_16x9.png"
  ],
  "output_format": "png",
  "prompt": "A moody, cinematic scene from the  1943 Copenhagen, German posters ordering Jewish registration plastered over shop windows. Handheld shot on 35mm film in the style of Roger Deakins. Diagonal room composition Make the aspect ratio of the generated image the same as provided image"
}
2025-11-06 00:14:29 | ERROR    | src.api.client:_call_with_retry:184 - Error on attempt 2: The input or output was flagged as sensitive. Please try again with different inputs. (E005) (uIJ6l3ruRD)
2025-11-06 00:14:29 | INFO     | src.api.client:_call_with_retry:188 - Retrying in 4s...
2025-11-06 00:14:33 | DEBUG    | src.api.client:_call_with_retry:152 - API call attempt 3/3
2025-11-06 00:14:33 | DEBUG    | src.api.client:_call_with_retry:155 - CRITICAL DEBUG - Payload sent to replicate.run: {
  "num_images": 1,
  "image_input": [
    "https://f003.backblazeb2.com/file/aspect-ratio-reference/aspect_ratio_reference_16x9.png"
  ],
  "output_format": "png",
  "prompt": "A moody, cinematic scene from the  1943 Copenhagen, German posters ordering Jewish registration plastered over shop windows. Handheld shot on 35mm film in the style of Roger Deakins. Diagonal room composition Make the aspect ratio of the generated image the same as provided image"
}
2025-11-06 00:14:43 | ERROR    | src.api.client:_call_with_retry:184 - Error on attempt 3: The input or output was flagged as sensitive. Please try again with different inputs. (E005) (uIJ6l3ruRD)
2025-11-06 00:14:43 | ERROR    | src.processing.processor:_generate_and_save_image:251 - Failed to generate image for danish_jews_005.txt: The input or output was flagged as sensitive. Please try again with different inputs. (E005) (uIJ6l3ruRD)
2025-11-06 00:14:43 | ERROR    | src.processing.processor:_process_single_combination:158 - Failed processing danish_jews_005.txt + nano-banano16x9_deakins: The input or output was flagged as sensitive. Please try again with different inputs. (E005) (uIJ6l3ruRD)
2025-11-06 00:14:43 | ERROR    | __main__:handle_error:294 - Fatal error: The input or output was flagged as sensitive. Please try again with different inputs. (E005) (uIJ6l3ruRD)
2025-11-06 00:14:43 | INFO     | src.output.writer:write_report:293 - Report saved: USER-FILES/05.OUTPUT/251106_001324_IMAGE/FAILURE.md
2025-11-06 00:14:43 | INFO     | src.output.writer:write_report:293 - Report saved: USER-FILES/05.OUTPUT/251106_001324_IMAGE/PARTIAL-COST-REPORT.md
2025-11-06 00:14:43 | ERROR    | src.output.reporter:_save_failure_report:79 - Failure report saved
