2025-11-25 18:07:47 | INFO     | src.utils.logging:setup_logging:39 - Logging configured (verbose=False, debug=False)
2025-11-25 18:07:47 | INFO     | __main__:setup_environment:79 - Environment initialized
2025-11-25 18:07:47 | INFO     | __main__:load_and_validate_config:84 - Loading configuration...
2025-11-25 18:07:47 | INFO     | src.config.loader:load_config:42 - Loaded configuration from USER-FILES/01.CONFIG/config.yaml
2025-11-25 18:07:47 | INFO     | __main__:authenticate_for_mode:273 - Authenticating with 1Password...
2025-11-25 18:07:48 | DEBUG    | src.auth.session_manager:ensure_op_auth:39 - 1Password session is active
2025-11-25 18:07:49 | DEBUG    | src.auth.session_manager:ensure_op_auth:39 - 1Password session is active
2025-11-25 18:07:49 | DEBUG    | src.auth.auth:load_auth_config:28 - Using auth config: auth_bites.yaml
2025-11-25 18:07:50 | DEBUG    | src.auth.auth:get_api_key:77 - Retrieved API key: r8_V...
2025-11-25 18:07:50 | INFO     | __main__:discover_inputs_and_profiles:92 - Discovering inputs...
2025-11-25 18:07:50 | DEBUG    | src.processing.discovery:discover_prompt_files:40 - Found prompt file: 01_Why_Monthly_1-on-1s/01_Why_Monthly_1-on-1s_003.txt
2025-11-25 18:07:50 | DEBUG    | src.processing.discovery:discover_prompt_files:40 - Found prompt file: 01_Why_Monthly_1-on-1s/01_Why_Monthly_1-on-1s_017.txt
2025-11-25 18:07:50 | DEBUG    | src.processing.discovery:discover_prompt_files:40 - Found prompt file: 01_Why_Monthly_1-on-1s/01_Why_Monthly_1-on-1s_016.txt
2025-11-25 18:07:50 | DEBUG    | src.processing.discovery:discover_prompt_files:40 - Found prompt file: 01_Why_Monthly_1-on-1s/01_Why_Monthly_1-on-1s_002.txt
2025-11-25 18:07:50 | DEBUG    | src.processing.discovery:discover_prompt_files:40 - Found prompt file: 01_Why_Monthly_1-on-1s/01_Why_Monthly_1-on-1s_014.txt
2025-11-25 18:07:50 | DEBUG    | src.processing.discovery:discover_prompt_files:40 - Found prompt file: 01_Why_Monthly_1-on-1s/01_Why_Monthly_1-on-1s_028.txt
2025-11-25 18:07:50 | DEBUG    | src.processing.discovery:discover_prompt_files:40 - Found prompt file: 01_Why_Monthly_1-on-1s/01_Why_Monthly_1-on-1s_029.txt
2025-11-25 18:07:50 | DEBUG    | src.processing.discovery:discover_prompt_files:40 - Found prompt file: 01_Why_Monthly_1-on-1s/01_Why_Monthly_1-on-1s_001.txt
2025-11-25 18:07:50 | DEBUG    | src.processing.discovery:discover_prompt_files:40 - Found prompt file: 01_Why_Monthly_1-on-1s/01_Why_Monthly_1-on-1s_015.txt
2025-11-25 18:07:50 | DEBUG    | src.processing.discovery:discover_prompt_files:40 - Found prompt file: 01_Why_Monthly_1-on-1s/01_Why_Monthly_1-on-1s_039.txt
2025-11-25 18:07:50 | DEBUG    | src.processing.discovery:discover_prompt_files:40 - Found prompt file: 01_Why_Monthly_1-on-1s/01_Why_Monthly_1-on-1s_011.txt
2025-11-25 18:07:50 | DEBUG    | src.processing.discovery:discover_prompt_files:40 - Found prompt file: 01_Why_Monthly_1-on-1s/01_Why_Monthly_1-on-1s_005.txt
2025-11-25 18:07:50 | DEBUG    | src.processing.discovery:discover_prompt_files:40 - Found prompt file: 01_Why_Monthly_1-on-1s/01_Why_Monthly_1-on-1s_004.txt
2025-11-25 18:07:50 | DEBUG    | src.processing.discovery:discover_prompt_files:40 - Found prompt file: 01_Why_Monthly_1-on-1s/01_Why_Monthly_1-on-1s_010.txt
2025-11-25 18:07:50 | DEBUG    | src.processing.discovery:discover_prompt_files:40 - Found prompt file: 01_Why_Monthly_1-on-1s/01_Why_Monthly_1-on-1s_038.txt
2025-11-25 18:07:50 | DEBUG    | src.processing.discovery:discover_prompt_files:40 - Found prompt file: 01_Why_Monthly_1-on-1s/01_Why_Monthly_1-on-1s_006.txt
2025-11-25 18:07:50 | DEBUG    | src.processing.discovery:discover_prompt_files:40 - Found prompt file: 01_Why_Monthly_1-on-1s/01_Why_Monthly_1-on-1s_012.txt
2025-11-25 18:07:50 | DEBUG    | src.processing.discovery:discover_prompt_files:40 - Found prompt file: 01_Why_Monthly_1-on-1s/01_Why_Monthly_1-on-1s_013.txt
2025-11-25 18:07:50 | DEBUG    | src.processing.discovery:discover_prompt_files:40 - Found prompt file: 01_Why_Monthly_1-on-1s/01_Why_Monthly_1-on-1s_007.txt
2025-11-25 18:07:50 | DEBUG    | src.processing.discovery:discover_prompt_files:40 - Found prompt file: 01_Why_Monthly_1-on-1s/01_Why_Monthly_1-on-1s_041.txt
2025-11-25 18:07:50 | DEBUG    | src.processing.discovery:discover_prompt_files:40 - Found prompt file: 01_Why_Monthly_1-on-1s/01_Why_Monthly_1-on-1s_040.txt
2025-11-25 18:07:50 | DEBUG    | src.processing.discovery:discover_prompt_files:40 - Found prompt file: 01_Why_Monthly_1-on-1s/01_Why_Monthly_1-on-1s_042.txt
2025-11-25 18:07:50 | DEBUG    | src.processing.discovery:discover_prompt_files:40 - Found prompt file: 01_Why_Monthly_1-on-1s/01_Why_Monthly_1-on-1s_043.txt
2025-11-25 18:07:50 | DEBUG    | src.processing.discovery:discover_prompt_files:40 - Found prompt file: 01_Why_Monthly_1-on-1s/01_Why_Monthly_1-on-1s_046.txt
2025-11-25 18:07:50 | DEBUG    | src.processing.discovery:discover_prompt_files:40 - Found prompt file: 01_Why_Monthly_1-on-1s/01_Why_Monthly_1-on-1s_044.txt
2025-11-25 18:07:50 | DEBUG    | src.processing.discovery:discover_prompt_files:40 - Found prompt file: 01_Why_Monthly_1-on-1s/01_Why_Monthly_1-on-1s_045.txt
2025-11-25 18:07:50 | DEBUG    | src.processing.discovery:discover_prompt_files:40 - Found prompt file: 01_Why_Monthly_1-on-1s/01_Why_Monthly_1-on-1s_022.txt
2025-11-25 18:07:50 | DEBUG    | src.processing.discovery:discover_prompt_files:40 - Found prompt file: 01_Why_Monthly_1-on-1s/01_Why_Monthly_1-on-1s_036.txt
2025-11-25 18:07:50 | DEBUG    | src.processing.discovery:discover_prompt_files:40 - Found prompt file: 01_Why_Monthly_1-on-1s/01_Why_Monthly_1-on-1s_037.txt
2025-11-25 18:07:50 | DEBUG    | src.processing.discovery:discover_prompt_files:40 - Found prompt file: 01_Why_Monthly_1-on-1s/01_Why_Monthly_1-on-1s_023.txt
2025-11-25 18:07:50 | DEBUG    | src.processing.discovery:discover_prompt_files:40 - Found prompt file: 01_Why_Monthly_1-on-1s/01_Why_Monthly_1-on-1s_035.txt
2025-11-25 18:07:50 | DEBUG    | src.processing.discovery:discover_prompt_files:40 - Found prompt file: 01_Why_Monthly_1-on-1s/01_Why_Monthly_1-on-1s_021.txt
2025-11-25 18:07:50 | DEBUG    | src.processing.discovery:discover_prompt_files:40 - Found prompt file: 01_Why_Monthly_1-on-1s/01_Why_Monthly_1-on-1s_009.txt
2025-11-25 18:07:50 | DEBUG    | src.processing.discovery:discover_prompt_files:40 - Found prompt file: 01_Why_Monthly_1-on-1s/01_Why_Monthly_1-on-1s_008.txt
2025-11-25 18:07:50 | DEBUG    | src.processing.discovery:discover_prompt_files:40 - Found prompt file: 01_Why_Monthly_1-on-1s/01_Why_Monthly_1-on-1s_020.txt
2025-11-25 18:07:50 | DEBUG    | src.processing.discovery:discover_prompt_files:40 - Found prompt file: 01_Why_Monthly_1-on-1s/01_Why_Monthly_1-on-1s_034.txt
2025-11-25 18:07:50 | DEBUG    | src.processing.discovery:discover_prompt_files:40 - Found prompt file: 01_Why_Monthly_1-on-1s/01_Why_Monthly_1-on-1s_018.txt
2025-11-25 18:07:50 | DEBUG    | src.processing.discovery:discover_prompt_files:40 - Found prompt file: 01_Why_Monthly_1-on-1s/01_Why_Monthly_1-on-1s_030.txt
2025-11-25 18:07:50 | DEBUG    | src.processing.discovery:discover_prompt_files:40 - Found prompt file: 01_Why_Monthly_1-on-1s/01_Why_Monthly_1-on-1s_024.txt
2025-11-25 18:07:50 | DEBUG    | src.processing.discovery:discover_prompt_files:40 - Found prompt file: 01_Why_Monthly_1-on-1s/01_Why_Monthly_1-on-1s_025.txt
2025-11-25 18:07:50 | DEBUG    | src.processing.discovery:discover_prompt_files:40 - Found prompt file: 01_Why_Monthly_1-on-1s/01_Why_Monthly_1-on-1s_031.txt
2025-11-25 18:07:50 | DEBUG    | src.processing.discovery:discover_prompt_files:40 - Found prompt file: 01_Why_Monthly_1-on-1s/01_Why_Monthly_1-on-1s_019.txt
2025-11-25 18:07:50 | DEBUG    | src.processing.discovery:discover_prompt_files:40 - Found prompt file: 01_Why_Monthly_1-on-1s/01_Why_Monthly_1-on-1s_027.txt
2025-11-25 18:07:50 | DEBUG    | src.processing.discovery:discover_prompt_files:40 - Found prompt file: 01_Why_Monthly_1-on-1s/01_Why_Monthly_1-on-1s_033.txt
2025-11-25 18:07:50 | DEBUG    | src.processing.discovery:discover_prompt_files:40 - Found prompt file: 01_Why_Monthly_1-on-1s/01_Why_Monthly_1-on-1s_032.txt
2025-11-25 18:07:50 | DEBUG    | src.processing.discovery:discover_prompt_files:40 - Found prompt file: 01_Why_Monthly_1-on-1s/01_Why_Monthly_1-on-1s_026.txt
2025-11-25 18:07:50 | DEBUG    | src.processing.discovery:discover_prompt_files:40 - Found prompt file: 02_How_Monthly_1-on-1s_Work/02_How_Monthly_1-on-1s_Work_004.txt
2025-11-25 18:07:50 | DEBUG    | src.processing.discovery:discover_prompt_files:40 - Found prompt file: 02_How_Monthly_1-on-1s_Work/02_How_Monthly_1-on-1s_Work_010.txt
2025-11-25 18:07:50 | DEBUG    | src.processing.discovery:discover_prompt_files:40 - Found prompt file: 02_How_Monthly_1-on-1s_Work/02_How_Monthly_1-on-1s_Work_011.txt
2025-11-25 18:07:50 | DEBUG    | src.processing.discovery:discover_prompt_files:40 - Found prompt file: 02_How_Monthly_1-on-1s_Work/02_How_Monthly_1-on-1s_Work_005.txt
2025-11-25 18:07:50 | DEBUG    | src.processing.discovery:discover_prompt_files:40 - Found prompt file: 02_How_Monthly_1-on-1s_Work/02_How_Monthly_1-on-1s_Work_013.txt
2025-11-25 18:07:50 | DEBUG    | src.processing.discovery:discover_prompt_files:40 - Found prompt file: 02_How_Monthly_1-on-1s_Work/02_How_Monthly_1-on-1s_Work_007.txt
2025-11-25 18:07:50 | DEBUG    | src.processing.discovery:discover_prompt_files:40 - Found prompt file: 02_How_Monthly_1-on-1s_Work/02_How_Monthly_1-on-1s_Work_006.txt
2025-11-25 18:07:50 | DEBUG    | src.processing.discovery:discover_prompt_files:40 - Found prompt file: 02_How_Monthly_1-on-1s_Work/02_How_Monthly_1-on-1s_Work_012.txt
2025-11-25 18:07:50 | DEBUG    | src.processing.discovery:discover_prompt_files:40 - Found prompt file: 02_How_Monthly_1-on-1s_Work/02_How_Monthly_1-on-1s_Work_016.txt
2025-11-25 18:07:50 | DEBUG    | src.processing.discovery:discover_prompt_files:40 - Found prompt file: 02_How_Monthly_1-on-1s_Work/02_How_Monthly_1-on-1s_Work_002.txt
2025-11-25 18:07:50 | DEBUG    | src.processing.discovery:discover_prompt_files:40 - Found prompt file: 02_How_Monthly_1-on-1s_Work/02_How_Monthly_1-on-1s_Work_003.txt
2025-11-25 18:07:50 | DEBUG    | src.processing.discovery:discover_prompt_files:40 - Found prompt file: 02_How_Monthly_1-on-1s_Work/02_How_Monthly_1-on-1s_Work_017.txt
2025-11-25 18:07:50 | DEBUG    | src.processing.discovery:discover_prompt_files:40 - Found prompt file: 02_How_Monthly_1-on-1s_Work/02_How_Monthly_1-on-1s_Work_001.txt
2025-11-25 18:07:50 | DEBUG    | src.processing.discovery:discover_prompt_files:40 - Found prompt file: 02_How_Monthly_1-on-1s_Work/02_How_Monthly_1-on-1s_Work_015.txt
2025-11-25 18:07:50 | DEBUG    | src.processing.discovery:discover_prompt_files:40 - Found prompt file: 02_How_Monthly_1-on-1s_Work/02_How_Monthly_1-on-1s_Work_028.txt
2025-11-25 18:07:50 | DEBUG    | src.processing.discovery:discover_prompt_files:40 - Found prompt file: 02_How_Monthly_1-on-1s_Work/02_How_Monthly_1-on-1s_Work_014.txt
2025-11-25 18:07:50 | DEBUG    | src.processing.discovery:discover_prompt_files:40 - Found prompt file: 02_How_Monthly_1-on-1s_Work/02_How_Monthly_1-on-1s_Work_019.txt
2025-11-25 18:07:50 | DEBUG    | src.processing.discovery:discover_prompt_files:40 - Found prompt file: 02_How_Monthly_1-on-1s_Work/02_How_Monthly_1-on-1s_Work_025.txt
2025-11-25 18:07:50 | DEBUG    | src.processing.discovery:discover_prompt_files:40 - Found prompt file: 02_How_Monthly_1-on-1s_Work/02_How_Monthly_1-on-1s_Work_024.txt
2025-11-25 18:07:50 | DEBUG    | src.processing.discovery:discover_prompt_files:40 - Found prompt file: 02_How_Monthly_1-on-1s_Work/02_How_Monthly_1-on-1s_Work_018.txt
2025-11-25 18:07:50 | DEBUG    | src.processing.discovery:discover_prompt_files:40 - Found prompt file: 02_How_Monthly_1-on-1s_Work/02_How_Monthly_1-on-1s_Work_026.txt
2025-11-25 18:07:50 | DEBUG    | src.processing.discovery:discover_prompt_files:40 - Found prompt file: 02_How_Monthly_1-on-1s_Work/02_How_Monthly_1-on-1s_Work_027.txt
2025-11-25 18:07:50 | DEBUG    | src.processing.discovery:discover_prompt_files:40 - Found prompt file: 02_How_Monthly_1-on-1s_Work/02_How_Monthly_1-on-1s_Work_023.txt
2025-11-25 18:07:50 | DEBUG    | src.processing.discovery:discover_prompt_files:40 - Found prompt file: 02_How_Monthly_1-on-1s_Work/02_How_Monthly_1-on-1s_Work_022.txt
2025-11-25 18:07:50 | DEBUG    | src.processing.discovery:discover_prompt_files:40 - Found prompt file: 02_How_Monthly_1-on-1s_Work/02_How_Monthly_1-on-1s_Work_020.txt
2025-11-25 18:07:50 | DEBUG    | src.processing.discovery:discover_prompt_files:40 - Found prompt file: 02_How_Monthly_1-on-1s_Work/02_How_Monthly_1-on-1s_Work_008.txt
2025-11-25 18:07:50 | DEBUG    | src.processing.discovery:discover_prompt_files:40 - Found prompt file: 02_How_Monthly_1-on-1s_Work/02_How_Monthly_1-on-1s_Work_009.txt
2025-11-25 18:07:50 | DEBUG    | src.processing.discovery:discover_prompt_files:40 - Found prompt file: 02_How_Monthly_1-on-1s_Work/02_How_Monthly_1-on-1s_Work_021.txt
2025-11-25 18:07:50 | INFO     | src.processing.discovery:discover_prompt_files:45 - Discovered 74 prompt files
2025-11-25 18:07:50 | DEBUG    | src.processing.discovery:discover_profiles:93 - Loaded profile: USER-FILES/03.PROFILES/nano-banano-pro_2k_9x16_glico.yaml
2025-11-25 18:07:50 | INFO     | src.processing.discovery:discover_profiles:97 - Loaded 1 profiles
2025-11-25 18:07:50 | INFO     | src.processing.discovery:get_active_models:135 - Found profile: nano-banano-pro_2k_9x16_glico
2025-11-25 18:07:50 | INFO     | src.processing.discovery:get_active_models:140 - Total profiles to process: 1
2025-11-25 18:07:50 | INFO     | src.config.validator:validate_all:26 - All configuration validation passed
2025-11-25 18:07:50 | INFO     | __main__:initialize_services:186 - Output directory: USER-FILES/05.OUTPUT/251125_180750_IMAGE
2025-11-25 18:07:50 | INFO     | __main__:execute_processing:221 - Starting matrix processing...
2025-11-25 18:07:50 | DEBUG    | src.processing.validator:validate_operational_requirements:23 - Profile 'nano-banano-pro_2k_9x16_glico' operational validation passed
2025-11-25 18:07:50 | INFO     | src.processing.processor:process_all:60 - Processing 74 combinations (74 files × 1 profiles)
2025-11-25 18:07:50 | INFO     | src.processing.discovery:load_prompts:63 - Loaded prompt from 01_Why_Monthly_1-on-1s_001.txt
2025-11-25 18:07:50 | INFO     | src.processing.processor:_process_single_combination:119 - Processing combination 1/74: 01_Why_Monthly_1-on-1s/01_Why_Monthly_1-on-1s_001.txt + nano-banano-pro_2k_9x16_glico
2025-11-25 18:07:50 | DEBUG    | src.processing.processor:_process_single_combination:138 - Added image_input to params: ['https://images.seeklogo.com/logo-png/32/1/glico-logo-png_seeklogo-327156.png']
2025-11-25 18:07:50 | DEBUG    | src.processing.processor:_apply_prompt_fixes:208 - Added suffix to prompt: Provided image shows you what the Glico logo actually look like.
2025-11-25 18:07:50 | DEBUG    | src.processing.processor:_process_with_context:186 - Processing 01_Why_Monthly_1-on-1s/01_Why_Monthly_1-on-1s_001.txt: Medium shot in Glico office in Japan conference ro...
2025-11-25 18:07:50 | DEBUG    | src.api.client:generate_image:85 - CRITICAL DEBUG - Received params: {
  "aspect_ratio": "9:16",
  "output_format": "png",
  "num_images": 1,
  "resolution": "2K",
  "safety_filter_level": "block_only_high",
  "image_input": [
    "https://images.seeklogo.com/logo-png/32/1/glico-logo-png_seeklogo-327156.png"
  ]
}
2025-11-25 18:07:50 | DEBUG    | src.api.client:generate_image:86 - CRITICAL DEBUG - Constructed payload: {
  "aspect_ratio": "9:16",
  "output_format": "png",
  "num_images": 1,
  "resolution": "2K",
  "safety_filter_level": "block_only_high",
  "image_input": [
    "https://images.seeklogo.com/logo-png/32/1/glico-logo-png_seeklogo-327156.png"
  ],
  "prompt": "Medium shot in Glico office in Japan conference room of Japanese female Glico employee in her early 30s, working intently at desk with focused expression, natural window lighting, shallow depth of field. Provided image shows you what the Glico logo actually look like."
}
2025-11-25 18:07:50 | DEBUG    | src.api.client:generate_image:89 - Original prompt: Medium shot in Glico office in Japan conference room of Japanese female Glico employee in her early 30s, working intently at desk with focused expression, natural window lighting, shallow depth of field. Provided image shows you what the Glico logo actually look like.
2025-11-25 18:07:50 | DEBUG    | src.api.client:generate_image:90 - Clean prompt being sent: Medium shot in Glico office in Japan conference room of Japanese female Glico employee in her early 30s, working intently at desk with focused expression, natural window lighting, shallow depth of field. Provided image shows you what the Glico logo actually look like.
2025-11-25 18:07:50 | DEBUG    | src.api.client:generate_image:91 - Clean prompt repr: 'Medium shot in Glico office in Japan conference room of Japanese female Glico employee in her early 30s, working intently at desk with focused expression, natural window lighting, shallow depth of field. Provided image shows you what the Glico logo actually look like.'
2025-11-25 18:07:50 | DEBUG    | src.api.client:_call_with_retry:152 - API call attempt 1/3
2025-11-25 18:07:50 | DEBUG    | src.api.client:_call_with_retry:155 - CRITICAL DEBUG - Payload sent to replicate.run: {
  "aspect_ratio": "9:16",
  "output_format": "png",
  "num_images": 1,
  "resolution": "2K",
  "safety_filter_level": "block_only_high",
  "image_input": [
    "https://images.seeklogo.com/logo-png/32/1/glico-logo-png_seeklogo-327156.png"
  ],
  "prompt": "Medium shot in Glico office in Japan conference room of Japanese female Glico employee in her early 30s, working intently at desk with focused expression, natural window lighting, shallow depth of field. Provided image shows you what the Glico logo actually look like."
}
2025-11-25 18:07:52 | ERROR    | src.api.client:_call_with_retry:184 - Error on attempt 1: The input was invalid. Please try again with different inputs. (E006) (uIJ6l3ruRD)
2025-11-25 18:07:52 | INFO     | src.api.client:_call_with_retry:188 - Retrying in 2s...
2025-11-25 18:07:54 | DEBUG    | src.api.client:_call_with_retry:152 - API call attempt 2/3
2025-11-25 18:07:54 | DEBUG    | src.api.client:_call_with_retry:155 - CRITICAL DEBUG - Payload sent to replicate.run: {
  "aspect_ratio": "9:16",
  "output_format": "png",
  "num_images": 1,
  "resolution": "2K",
  "safety_filter_level": "block_only_high",
  "image_input": [
    "https://images.seeklogo.com/logo-png/32/1/glico-logo-png_seeklogo-327156.png"
  ],
  "prompt": "Medium shot in Glico office in Japan conference room of Japanese female Glico employee in her early 30s, working intently at desk with focused expression, natural window lighting, shallow depth of field. Provided image shows you what the Glico logo actually look like."
}
2025-11-25 18:07:55 | ERROR    | src.api.client:_call_with_retry:184 - Error on attempt 2: The input was invalid. Please try again with different inputs. (E006) (uIJ6l3ruRD)
2025-11-25 18:07:55 | INFO     | src.api.client:_call_with_retry:188 - Retrying in 4s...
2025-11-25 18:07:59 | DEBUG    | src.api.client:_call_with_retry:152 - API call attempt 3/3
2025-11-25 18:07:59 | DEBUG    | src.api.client:_call_with_retry:155 - CRITICAL DEBUG - Payload sent to replicate.run: {
  "aspect_ratio": "9:16",
  "output_format": "png",
  "num_images": 1,
  "resolution": "2K",
  "safety_filter_level": "block_only_high",
  "image_input": [
    "https://images.seeklogo.com/logo-png/32/1/glico-logo-png_seeklogo-327156.png"
  ],
  "prompt": "Medium shot in Glico office in Japan conference room of Japanese female Glico employee in her early 30s, working intently at desk with focused expression, natural window lighting, shallow depth of field. Provided image shows you what the Glico logo actually look like."
}
2025-11-25 18:08:00 | ERROR    | src.api.client:_call_with_retry:184 - Error on attempt 3: The input was invalid. Please try again with different inputs. (E006) (uIJ6l3ruRD)
2025-11-25 18:08:00 | ERROR    | src.processing.processor:_generate_and_save_image:251 - Failed to generate image for 01_Why_Monthly_1-on-1s/01_Why_Monthly_1-on-1s_001.txt: The input was invalid. Please try again with different inputs. (E006) (uIJ6l3ruRD)
2025-11-25 18:08:00 | ERROR    | src.processing.processor:_process_single_combination:158 - Failed processing 01_Why_Monthly_1-on-1s/01_Why_Monthly_1-on-1s_001.txt + nano-banano-pro_2k_9x16_glico: The input was invalid. Please try again with different inputs. (E006) (uIJ6l3ruRD)
2025-11-25 18:08:00 | ERROR    | __main__:handle_error:294 - Fatal error: The input was invalid. Please try again with different inputs. (E006) (uIJ6l3ruRD)
2025-11-25 18:08:00 | INFO     | src.output.writer:write_report:293 - Report saved: USER-FILES/05.OUTPUT/251125_180750_IMAGE/FAILURE.md
2025-11-25 18:08:00 | ERROR    | src.output.reporter:_save_failure_report:79 - Failure report saved
