2026-01-01 01:57:04 | INFO     | src.utils.logging:setup_logging:39 - Logging configured (verbose=False, debug=False)
2026-01-01 01:57:04 | INFO     | __main__:setup_environment:79 - Environment initialized
2026-01-01 01:57:04 | INFO     | __main__:load_and_validate_config:84 - Loading configuration...
2026-01-01 01:57:04 | INFO     | src.config.loader:load_config:42 - Loaded configuration from USER-FILES/01.CONFIG/config.yaml
2026-01-01 01:57:04 | INFO     | __main__:authenticate_for_mode:273 - Authenticating with 1Password...
2026-01-01 01:57:05 | DEBUG    | src.auth.session_manager:ensure_op_auth:39 - 1Password session is active
2026-01-01 01:57:06 | DEBUG    | src.auth.session_manager:ensure_op_auth:39 - 1Password session is active
2026-01-01 01:57:06 | DEBUG    | src.auth.auth:load_auth_config:28 - Using auth config: auth_ruben.yaml
2026-01-01 01:57:07 | DEBUG    | src.auth.auth:get_api_key:77 - Retrieved API key: r8_K...
2026-01-01 01:57:07 | INFO     | __main__:discover_inputs_and_profiles:92 - Discovering inputs...
2026-01-01 01:57:07 | DEBUG    | src.processing.discovery:discover_prompt_files:42 - Found markdown file: frame_1124.md
2026-01-01 01:57:07 | DEBUG    | src.processing.discovery:discover_prompt_files:42 - Found markdown file: frame_0902.md
2026-01-01 01:57:07 | DEBUG    | src.processing.discovery:discover_prompt_files:42 - Found markdown file: frame_0095.md
2026-01-01 01:57:07 | DEBUG    | src.processing.discovery:discover_prompt_files:42 - Found markdown file: frame_0900.md
2026-01-01 01:57:07 | DEBUG    | src.processing.discovery:discover_prompt_files:42 - Found markdown file: frame_0882.md
2026-01-01 01:57:07 | INFO     | src.processing.discovery:discover_prompt_files:47 - Discovered 5 markdown files
2026-01-01 01:57:07 | DEBUG    | src.processing.discovery:discover_profiles:98 - Loaded profile: USER-FILES/03.PROFILES/nano-banano-pro-2k_16x9_wbt_ari_young_lebanon.yaml
2026-01-01 01:57:07 | INFO     | src.processing.discovery:discover_profiles:102 - Loaded 1 profiles
2026-01-01 01:57:07 | INFO     | src.processing.discovery:get_active_models:148 - Found profile: nano-banano-pro-2k_16x9_wbt_ari_young_lebanon
2026-01-01 01:57:07 | INFO     | src.processing.discovery:get_active_models:153 - Total profiles to process: 1
2026-01-01 01:57:07 | INFO     | src.config.validator:validate_all:26 - All configuration validation passed
2026-01-01 01:57:07 | INFO     | __main__:initialize_services:186 - Output directory: USER-FILES/05.OUTPUT/260101_015707_IMAGE
2026-01-01 01:57:07 | INFO     | __main__:execute_processing:221 - Starting matrix processing...
2026-01-01 01:57:07 | DEBUG    | src.processing.validator:validate_operational_requirements:30 - Profile 'nano-banano-pro-2k_16x9_wbt_ari_young_lebanon' operational validation passed
2026-01-01 01:57:07 | INFO     | src.processing.processor:process_all:66 - Processing 5 combinations (5 files × 1 profiles)
2026-01-01 01:57:07 | DEBUG    | src.processing.processor:_process_single_combination:132 - Extracted image URL from markdown: https://f003.backblazeb2.com/file/wbt-bucket/ari_young_lebanon/frame_0095.jpg
2026-01-01 01:57:07 | INFO     | src.processing.discovery:load_prompts:66 - Extracted prompt from frame_0095.md
2026-01-01 01:57:07 | INFO     | src.processing.processor:_process_single_combination:141 - Processing combination 1/5: frame_0095.md + nano-banano-pro-2k_16x9_wbt_ari_young_lebanon
2026-01-01 01:57:07 | DEBUG    | src.processing.processor:_process_single_combination:163 - Built image_input array with 2 URL(s): ['https://f003.backblazeb2.com/file/wbt-bucket/ari_young_lebanon/frame_0095.jpg', 'https://f003.backblazeb2.com/file/wbt-bucket/references/ari_foldman_young.png']
2026-01-01 01:57:07 | DEBUG    | src.processing.processor:_apply_prompt_fixes:235 - Added prefix to prompt: Create an exact, photorealistic version of the provided drawing. The drawing is suppose to depict Ari Foldman, a young Israeli soilder in the 1982 Lebanon war. The drawing depicts 
2026-01-01 01:57:07 | DEBUG    | src.processing.processor:_apply_prompt_fixes:239 - Added suffix to prompt: Provided image ari_foldman_young.png show what Ari Foldman actually looks like. The created image should look like it was shot on 35mm film by Roger Deakins.
2026-01-01 01:57:07 | DEBUG    | src.processing.processor:_process_with_context:215 - Processing frame_0095.md: Create an exact, photorealistic version of the pro...
2026-01-01 01:57:07 | DEBUG    | src.api.client:generate_image:85 - CRITICAL DEBUG - Received params: {
  "num_images": 1,
  "aspect_ratio": "16:9",
  "output_format": "png",
  "resolution": "2K",
  "safety_filter_level": "block_only_high",
  "image_input": [
    "https://f003.backblazeb2.com/file/wbt-bucket/ari_young_lebanon/frame_0095.jpg",
    "https://f003.backblazeb2.com/file/wbt-bucket/references/ari_foldman_young.png"
  ]
}
2026-01-01 01:57:07 | DEBUG    | src.api.client:generate_image:86 - CRITICAL DEBUG - Constructed payload: {
  "num_images": 1,
  "aspect_ratio": "16:9",
  "output_format": "png",
  "resolution": "2K",
  "safety_filter_level": "block_only_high",
  "image_input": [
    "https://f003.backblazeb2.com/file/wbt-bucket/ari_young_lebanon/frame_0095.jpg",
    "https://f003.backblazeb2.com/file/wbt-bucket/references/ari_foldman_young.png"
  ],
  "prompt": "Create an exact, photorealistic version of the provided drawing. The drawing is suppose to depict Ari Foldman, a young Israeli soilder in the 1982 Lebanon war. The drawing depicts  A stylized man's head floats in swirling yellow liquid Provided image ari_foldman_young.png show what Ari Foldman actually looks like. The created image should look like it was shot on 35mm film by Roger Deakins."
}
2026-01-01 01:57:07 | DEBUG    | src.api.client:generate_image:89 - Original prompt: Create an exact, photorealistic version of the provided drawing. The drawing is suppose to depict Ari Foldman, a young Israeli soilder in the 1982 Lebanon war. The drawing depicts  A stylized man's head floats in swirling yellow liquid Provided image ari_foldman_young.png show what Ari Foldman actually looks like. The created image should look like it was shot on 35mm film by Roger Deakins.
2026-01-01 01:57:07 | DEBUG    | src.api.client:generate_image:90 - Clean prompt being sent: Create an exact, photorealistic version of the provided drawing. The drawing is suppose to depict Ari Foldman, a young Israeli soilder in the 1982 Lebanon war. The drawing depicts  A stylized man's head floats in swirling yellow liquid Provided image ari_foldman_young.png show what Ari Foldman actually looks like. The created image should look like it was shot on 35mm film by Roger Deakins.
2026-01-01 01:57:07 | DEBUG    | src.api.client:generate_image:91 - Clean prompt repr: "Create an exact, photorealistic version of the provided drawing. The drawing is suppose to depict Ari Foldman, a young Israeli soilder in the 1982 Lebanon war. The drawing depicts  A stylized man's head floats in swirling yellow liquid Provided image ari_foldman_young.png show what Ari Foldman actually looks like. The created image should look like it was shot on 35mm film by Roger Deakins."
2026-01-01 01:57:07 | DEBUG    | src.api.client:_call_with_retry:152 - API call attempt 1/3
2026-01-01 01:57:07 | DEBUG    | src.api.client:_call_with_retry:155 - CRITICAL DEBUG - Payload sent to replicate.run: {
  "num_images": 1,
  "aspect_ratio": "16:9",
  "output_format": "png",
  "resolution": "2K",
  "safety_filter_level": "block_only_high",
  "image_input": [
    "https://f003.backblazeb2.com/file/wbt-bucket/ari_young_lebanon/frame_0095.jpg",
    "https://f003.backblazeb2.com/file/wbt-bucket/references/ari_foldman_young.png"
  ],
  "prompt": "Create an exact, photorealistic version of the provided drawing. The drawing is suppose to depict Ari Foldman, a young Israeli soilder in the 1982 Lebanon war. The drawing depicts  A stylized man's head floats in swirling yellow liquid Provided image ari_foldman_young.png show what Ari Foldman actually looks like. The created image should look like it was shot on 35mm film by Roger Deakins."
}
2026-01-01 01:57:53 | DEBUG    | src.api.client:_call_with_retry:170 - API call successful
2026-01-01 01:57:53 | WARNING  | src.api.client:generate_image:117 - API PARAMETER FILTERING DETECTED:
2026-01-01 01:57:53 | WARNING  | src.api.client:generate_image:118 -   Model: google/nano-banana-pro
2026-01-01 01:57:53 | WARNING  | src.api.client:generate_image:119 -   Filtered parameters: ['image_input']
2026-01-01 01:57:53 | WARNING  | src.api.client:generate_image:120 -   This means the model doesn't support these parameters
2026-01-01 01:57:55 | INFO     | src.output.writer:_save_to_disk:203 - Saved valid image: USER-FILES/05.OUTPUT/260101_015707_IMAGE/260101_015753_frame_0095.png
2026-01-01 01:57:55 | DEBUG    | src.output.writer:_save_payload:270 - Saved payload to USER-FILES/05.OUTPUT/260101_015707_IMAGE/260101_015753_frame_0095.md
2026-01-01 01:57:55 | INFO     | src.processing.processor:_generate_and_save_image:276 - Saved image: USER-FILES/05.OUTPUT/260101_015707_IMAGE/260101_015753_frame_0095.png
2026-01-01 01:57:55 | INFO     | src.processing.processor:_process_with_context:226 - Waiting 1.0 seconds before next request
2026-01-01 01:57:56 | DEBUG    | src.processing.processor:_process_single_combination:132 - Extracted image URL from markdown: https://f003.backblazeb2.com/file/wbt-bucket/ari_young_lebanon/frame_0882.jpg
2026-01-01 01:57:56 | INFO     | src.processing.discovery:load_prompts:66 - Extracted prompt from frame_0882.md
2026-01-01 01:57:56 | INFO     | src.processing.processor:_process_single_combination:141 - Processing combination 2/5: frame_0882.md + nano-banano-pro-2k_16x9_wbt_ari_young_lebanon
2026-01-01 01:57:56 | DEBUG    | src.processing.processor:_process_single_combination:163 - Built image_input array with 2 URL(s): ['https://f003.backblazeb2.com/file/wbt-bucket/ari_young_lebanon/frame_0882.jpg', 'https://f003.backblazeb2.com/file/wbt-bucket/references/ari_foldman_young.png']
2026-01-01 01:57:56 | DEBUG    | src.processing.processor:_apply_prompt_fixes:235 - Added prefix to prompt: Create an exact, photorealistic version of the provided drawing. The drawing is suppose to depict Ari Foldman, a young Israeli soilder in the 1982 Lebanon war. The drawing depicts 
2026-01-01 01:57:56 | DEBUG    | src.processing.processor:_apply_prompt_fixes:239 - Added suffix to prompt: Provided image ari_foldman_young.png show what Ari Foldman actually looks like. The created image should look like it was shot on 35mm film by Roger Deakins.
2026-01-01 01:57:56 | DEBUG    | src.processing.processor:_process_with_context:215 - Processing frame_0882.md: Create an exact, photorealistic version of the pro...
2026-01-01 01:57:56 | DEBUG    | src.api.client:generate_image:85 - CRITICAL DEBUG - Received params: {
  "num_images": 1,
  "aspect_ratio": "16:9",
  "output_format": "png",
  "resolution": "2K",
  "safety_filter_level": "block_only_high",
  "image_input": [
    "https://f003.backblazeb2.com/file/wbt-bucket/ari_young_lebanon/frame_0882.jpg",
    "https://f003.backblazeb2.com/file/wbt-bucket/references/ari_foldman_young.png"
  ]
}
2026-01-01 01:57:56 | DEBUG    | src.api.client:generate_image:86 - CRITICAL DEBUG - Constructed payload: {
  "num_images": 1,
  "aspect_ratio": "16:9",
  "output_format": "png",
  "resolution": "2K",
  "safety_filter_level": "block_only_high",
  "image_input": [
    "https://f003.backblazeb2.com/file/wbt-bucket/ari_young_lebanon/frame_0882.jpg",
    "https://f003.backblazeb2.com/file/wbt-bucket/references/ari_foldman_young.png"
  ],
  "prompt": "Create an exact, photorealistic version of the provided drawing. The drawing is suppose to depict Ari Foldman, a young Israeli soilder in the 1982 Lebanon war. The drawing depicts  Two soldiers stand guard at a street checkpoint. Provided image ari_foldman_young.png show what Ari Foldman actually looks like. The created image should look like it was shot on 35mm film by Roger Deakins."
}
2026-01-01 01:57:56 | DEBUG    | src.api.client:generate_image:89 - Original prompt: Create an exact, photorealistic version of the provided drawing. The drawing is suppose to depict Ari Foldman, a young Israeli soilder in the 1982 Lebanon war. The drawing depicts  Two soldiers stand guard at a street checkpoint. Provided image ari_foldman_young.png show what Ari Foldman actually looks like. The created image should look like it was shot on 35mm film by Roger Deakins.
2026-01-01 01:57:56 | DEBUG    | src.api.client:generate_image:90 - Clean prompt being sent: Create an exact, photorealistic version of the provided drawing. The drawing is suppose to depict Ari Foldman, a young Israeli soilder in the 1982 Lebanon war. The drawing depicts  Two soldiers stand guard at a street checkpoint. Provided image ari_foldman_young.png show what Ari Foldman actually looks like. The created image should look like it was shot on 35mm film by Roger Deakins.
2026-01-01 01:57:56 | DEBUG    | src.api.client:generate_image:91 - Clean prompt repr: 'Create an exact, photorealistic version of the provided drawing. The drawing is suppose to depict Ari Foldman, a young Israeli soilder in the 1982 Lebanon war. The drawing depicts  Two soldiers stand guard at a street checkpoint. Provided image ari_foldman_young.png show what Ari Foldman actually looks like. The created image should look like it was shot on 35mm film by Roger Deakins.'
2026-01-01 01:57:56 | DEBUG    | src.api.client:_call_with_retry:152 - API call attempt 1/3
2026-01-01 01:57:56 | DEBUG    | src.api.client:_call_with_retry:155 - CRITICAL DEBUG - Payload sent to replicate.run: {
  "num_images": 1,
  "aspect_ratio": "16:9",
  "output_format": "png",
  "resolution": "2K",
  "safety_filter_level": "block_only_high",
  "image_input": [
    "https://f003.backblazeb2.com/file/wbt-bucket/ari_young_lebanon/frame_0882.jpg",
    "https://f003.backblazeb2.com/file/wbt-bucket/references/ari_foldman_young.png"
  ],
  "prompt": "Create an exact, photorealistic version of the provided drawing. The drawing is suppose to depict Ari Foldman, a young Israeli soilder in the 1982 Lebanon war. The drawing depicts  Two soldiers stand guard at a street checkpoint. Provided image ari_foldman_young.png show what Ari Foldman actually looks like. The created image should look like it was shot on 35mm film by Roger Deakins."
}
2026-01-01 01:58:42 | DEBUG    | src.api.client:_call_with_retry:170 - API call successful
2026-01-01 01:58:42 | WARNING  | src.api.client:generate_image:117 - API PARAMETER FILTERING DETECTED:
2026-01-01 01:58:42 | WARNING  | src.api.client:generate_image:118 -   Model: google/nano-banana-pro
2026-01-01 01:58:42 | WARNING  | src.api.client:generate_image:119 -   Filtered parameters: ['image_input']
2026-01-01 01:58:42 | WARNING  | src.api.client:generate_image:120 -   This means the model doesn't support these parameters
2026-01-01 01:58:44 | INFO     | src.output.writer:_save_to_disk:203 - Saved valid image: USER-FILES/05.OUTPUT/260101_015707_IMAGE/260101_015842_frame_0882.png
2026-01-01 01:58:44 | DEBUG    | src.output.writer:_save_payload:270 - Saved payload to USER-FILES/05.OUTPUT/260101_015707_IMAGE/260101_015842_frame_0882.md
2026-01-01 01:58:44 | INFO     | src.processing.processor:_generate_and_save_image:276 - Saved image: USER-FILES/05.OUTPUT/260101_015707_IMAGE/260101_015842_frame_0882.png
2026-01-01 01:58:44 | INFO     | src.processing.processor:_process_with_context:226 - Waiting 1.0 seconds before next request
2026-01-01 01:58:45 | DEBUG    | src.processing.processor:_process_single_combination:132 - Extracted image URL from markdown: https://f003.backblazeb2.com/file/wbt-bucket/ari_young_lebanon/frame_0900.jpg
2026-01-01 01:58:45 | INFO     | src.processing.discovery:load_prompts:66 - Extracted prompt from frame_0900.md
2026-01-01 01:58:45 | INFO     | src.processing.processor:_process_single_combination:141 - Processing combination 3/5: frame_0900.md + nano-banano-pro-2k_16x9_wbt_ari_young_lebanon
2026-01-01 01:58:45 | DEBUG    | src.processing.processor:_process_single_combination:163 - Built image_input array with 2 URL(s): ['https://f003.backblazeb2.com/file/wbt-bucket/ari_young_lebanon/frame_0900.jpg', 'https://f003.backblazeb2.com/file/wbt-bucket/references/ari_foldman_young.png']
2026-01-01 01:58:45 | DEBUG    | src.processing.processor:_apply_prompt_fixes:235 - Added prefix to prompt: Create an exact, photorealistic version of the provided drawing. The drawing is suppose to depict Ari Foldman, a young Israeli soilder in the 1982 Lebanon war. The drawing depicts 
2026-01-01 01:58:45 | DEBUG    | src.processing.processor:_apply_prompt_fixes:239 - Added suffix to prompt: Provided image ari_foldman_young.png show what Ari Foldman actually looks like. The created image should look like it was shot on 35mm film by Roger Deakins.
2026-01-01 01:58:45 | DEBUG    | src.processing.processor:_process_with_context:215 - Processing frame_0900.md: Create an exact, photorealistic version of the pro...
2026-01-01 01:58:45 | DEBUG    | src.api.client:generate_image:85 - CRITICAL DEBUG - Received params: {
  "num_images": 1,
  "aspect_ratio": "16:9",
  "output_format": "png",
  "resolution": "2K",
  "safety_filter_level": "block_only_high",
  "image_input": [
    "https://f003.backblazeb2.com/file/wbt-bucket/ari_young_lebanon/frame_0900.jpg",
    "https://f003.backblazeb2.com/file/wbt-bucket/references/ari_foldman_young.png"
  ]
}
2026-01-01 01:58:45 | DEBUG    | src.api.client:generate_image:86 - CRITICAL DEBUG - Constructed payload: {
  "num_images": 1,
  "aspect_ratio": "16:9",
  "output_format": "png",
  "resolution": "2K",
  "safety_filter_level": "block_only_high",
  "image_input": [
    "https://f003.backblazeb2.com/file/wbt-bucket/ari_young_lebanon/frame_0900.jpg",
    "https://f003.backblazeb2.com/file/wbt-bucket/references/ari_foldman_young.png"
  ],
  "prompt": "Create an exact, photorealistic version of the provided drawing. The drawing is suppose to depict Ari Foldman, a young Israeli soilder in the 1982 Lebanon war. The drawing depicts  Animated man stands with closed eyes in street. Provided image ari_foldman_young.png show what Ari Foldman actually looks like. The created image should look like it was shot on 35mm film by Roger Deakins."
}
2026-01-01 01:58:45 | DEBUG    | src.api.client:generate_image:89 - Original prompt: Create an exact, photorealistic version of the provided drawing. The drawing is suppose to depict Ari Foldman, a young Israeli soilder in the 1982 Lebanon war. The drawing depicts  Animated man stands with closed eyes in street. Provided image ari_foldman_young.png show what Ari Foldman actually looks like. The created image should look like it was shot on 35mm film by Roger Deakins.
2026-01-01 01:58:45 | DEBUG    | src.api.client:generate_image:90 - Clean prompt being sent: Create an exact, photorealistic version of the provided drawing. The drawing is suppose to depict Ari Foldman, a young Israeli soilder in the 1982 Lebanon war. The drawing depicts  Animated man stands with closed eyes in street. Provided image ari_foldman_young.png show what Ari Foldman actually looks like. The created image should look like it was shot on 35mm film by Roger Deakins.
2026-01-01 01:58:45 | DEBUG    | src.api.client:generate_image:91 - Clean prompt repr: 'Create an exact, photorealistic version of the provided drawing. The drawing is suppose to depict Ari Foldman, a young Israeli soilder in the 1982 Lebanon war. The drawing depicts  Animated man stands with closed eyes in street. Provided image ari_foldman_young.png show what Ari Foldman actually looks like. The created image should look like it was shot on 35mm film by Roger Deakins.'
2026-01-01 01:58:45 | DEBUG    | src.api.client:_call_with_retry:152 - API call attempt 1/3
2026-01-01 01:58:45 | DEBUG    | src.api.client:_call_with_retry:155 - CRITICAL DEBUG - Payload sent to replicate.run: {
  "num_images": 1,
  "aspect_ratio": "16:9",
  "output_format": "png",
  "resolution": "2K",
  "safety_filter_level": "block_only_high",
  "image_input": [
    "https://f003.backblazeb2.com/file/wbt-bucket/ari_young_lebanon/frame_0900.jpg",
    "https://f003.backblazeb2.com/file/wbt-bucket/references/ari_foldman_young.png"
  ],
  "prompt": "Create an exact, photorealistic version of the provided drawing. The drawing is suppose to depict Ari Foldman, a young Israeli soilder in the 1982 Lebanon war. The drawing depicts  Animated man stands with closed eyes in street. Provided image ari_foldman_young.png show what Ari Foldman actually looks like. The created image should look like it was shot on 35mm film by Roger Deakins."
}
2026-01-01 01:59:22 | DEBUG    | src.api.client:_call_with_retry:170 - API call successful
2026-01-01 01:59:22 | WARNING  | src.api.client:generate_image:117 - API PARAMETER FILTERING DETECTED:
2026-01-01 01:59:22 | WARNING  | src.api.client:generate_image:118 -   Model: google/nano-banana-pro
2026-01-01 01:59:22 | WARNING  | src.api.client:generate_image:119 -   Filtered parameters: ['image_input']
2026-01-01 01:59:22 | WARNING  | src.api.client:generate_image:120 -   This means the model doesn't support these parameters
2026-01-01 01:59:24 | INFO     | src.output.writer:_save_to_disk:203 - Saved valid image: USER-FILES/05.OUTPUT/260101_015707_IMAGE/260101_015922_frame_0900.png
2026-01-01 01:59:24 | DEBUG    | src.output.writer:_save_payload:270 - Saved payload to USER-FILES/05.OUTPUT/260101_015707_IMAGE/260101_015922_frame_0900.md
2026-01-01 01:59:24 | INFO     | src.processing.processor:_generate_and_save_image:276 - Saved image: USER-FILES/05.OUTPUT/260101_015707_IMAGE/260101_015922_frame_0900.png
2026-01-01 01:59:24 | INFO     | src.processing.processor:_process_with_context:226 - Waiting 1.0 seconds before next request
2026-01-01 01:59:25 | DEBUG    | src.processing.processor:_process_single_combination:132 - Extracted image URL from markdown: https://f003.backblazeb2.com/file/wbt-bucket/ari_young_lebanon/frame_0902.jpg
2026-01-01 01:59:25 | INFO     | src.processing.discovery:load_prompts:66 - Extracted prompt from frame_0902.md
2026-01-01 01:59:25 | INFO     | src.processing.processor:_process_single_combination:141 - Processing combination 4/5: frame_0902.md + nano-banano-pro-2k_16x9_wbt_ari_young_lebanon
2026-01-01 01:59:25 | DEBUG    | src.processing.processor:_process_single_combination:163 - Built image_input array with 2 URL(s): ['https://f003.backblazeb2.com/file/wbt-bucket/ari_young_lebanon/frame_0902.jpg', 'https://f003.backblazeb2.com/file/wbt-bucket/references/ari_foldman_young.png']
2026-01-01 01:59:25 | DEBUG    | src.processing.processor:_apply_prompt_fixes:235 - Added prefix to prompt: Create an exact, photorealistic version of the provided drawing. The drawing is suppose to depict Ari Foldman, a young Israeli soilder in the 1982 Lebanon war. The drawing depicts 
2026-01-01 01:59:25 | DEBUG    | src.processing.processor:_apply_prompt_fixes:239 - Added suffix to prompt: Provided image ari_foldman_young.png show what Ari Foldman actually looks like. The created image should look like it was shot on 35mm film by Roger Deakins.
2026-01-01 01:59:25 | DEBUG    | src.processing.processor:_process_with_context:215 - Processing frame_0902.md: Create an exact, photorealistic version of the pro...
2026-01-01 01:59:25 | DEBUG    | src.api.client:generate_image:85 - CRITICAL DEBUG - Received params: {
  "num_images": 1,
  "aspect_ratio": "16:9",
  "output_format": "png",
  "resolution": "2K",
  "safety_filter_level": "block_only_high",
  "image_input": [
    "https://f003.backblazeb2.com/file/wbt-bucket/ari_young_lebanon/frame_0902.jpg",
    "https://f003.backblazeb2.com/file/wbt-bucket/references/ari_foldman_young.png"
  ]
}
2026-01-01 01:59:25 | DEBUG    | src.api.client:generate_image:86 - CRITICAL DEBUG - Constructed payload: {
  "num_images": 1,
  "aspect_ratio": "16:9",
  "output_format": "png",
  "resolution": "2K",
  "safety_filter_level": "block_only_high",
  "image_input": [
    "https://f003.backblazeb2.com/file/wbt-bucket/ari_young_lebanon/frame_0902.jpg",
    "https://f003.backblazeb2.com/file/wbt-bucket/references/ari_foldman_young.png"
  ],
  "prompt": "Create an exact, photorealistic version of the provided drawing. The drawing is suppose to depict Ari Foldman, a young Israeli soilder in the 1982 Lebanon war. The drawing depicts  Animated man stares ahead among a crowd. Provided image ari_foldman_young.png show what Ari Foldman actually looks like. The created image should look like it was shot on 35mm film by Roger Deakins."
}
2026-01-01 01:59:25 | DEBUG    | src.api.client:generate_image:89 - Original prompt: Create an exact, photorealistic version of the provided drawing. The drawing is suppose to depict Ari Foldman, a young Israeli soilder in the 1982 Lebanon war. The drawing depicts  Animated man stares ahead among a crowd. Provided image ari_foldman_young.png show what Ari Foldman actually looks like. The created image should look like it was shot on 35mm film by Roger Deakins.
2026-01-01 01:59:25 | DEBUG    | src.api.client:generate_image:90 - Clean prompt being sent: Create an exact, photorealistic version of the provided drawing. The drawing is suppose to depict Ari Foldman, a young Israeli soilder in the 1982 Lebanon war. The drawing depicts  Animated man stares ahead among a crowd. Provided image ari_foldman_young.png show what Ari Foldman actually looks like. The created image should look like it was shot on 35mm film by Roger Deakins.
2026-01-01 01:59:25 | DEBUG    | src.api.client:generate_image:91 - Clean prompt repr: 'Create an exact, photorealistic version of the provided drawing. The drawing is suppose to depict Ari Foldman, a young Israeli soilder in the 1982 Lebanon war. The drawing depicts  Animated man stares ahead among a crowd. Provided image ari_foldman_young.png show what Ari Foldman actually looks like. The created image should look like it was shot on 35mm film by Roger Deakins.'
2026-01-01 01:59:25 | DEBUG    | src.api.client:_call_with_retry:152 - API call attempt 1/3
2026-01-01 01:59:25 | DEBUG    | src.api.client:_call_with_retry:155 - CRITICAL DEBUG - Payload sent to replicate.run: {
  "num_images": 1,
  "aspect_ratio": "16:9",
  "output_format": "png",
  "resolution": "2K",
  "safety_filter_level": "block_only_high",
  "image_input": [
    "https://f003.backblazeb2.com/file/wbt-bucket/ari_young_lebanon/frame_0902.jpg",
    "https://f003.backblazeb2.com/file/wbt-bucket/references/ari_foldman_young.png"
  ],
  "prompt": "Create an exact, photorealistic version of the provided drawing. The drawing is suppose to depict Ari Foldman, a young Israeli soilder in the 1982 Lebanon war. The drawing depicts  Animated man stares ahead among a crowd. Provided image ari_foldman_young.png show what Ari Foldman actually looks like. The created image should look like it was shot on 35mm film by Roger Deakins."
}
2026-01-01 02:00:22 | DEBUG    | src.api.client:_call_with_retry:170 - API call successful
2026-01-01 02:00:22 | WARNING  | src.api.client:generate_image:117 - API PARAMETER FILTERING DETECTED:
2026-01-01 02:00:22 | WARNING  | src.api.client:generate_image:118 -   Model: google/nano-banana-pro
2026-01-01 02:00:22 | WARNING  | src.api.client:generate_image:119 -   Filtered parameters: ['image_input']
2026-01-01 02:00:22 | WARNING  | src.api.client:generate_image:120 -   This means the model doesn't support these parameters
2026-01-01 02:00:23 | INFO     | src.output.writer:_save_to_disk:203 - Saved valid image: USER-FILES/05.OUTPUT/260101_015707_IMAGE/260101_020022_frame_0902.png
2026-01-01 02:00:23 | DEBUG    | src.output.writer:_save_payload:270 - Saved payload to USER-FILES/05.OUTPUT/260101_015707_IMAGE/260101_020022_frame_0902.md
2026-01-01 02:00:23 | INFO     | src.processing.processor:_generate_and_save_image:276 - Saved image: USER-FILES/05.OUTPUT/260101_015707_IMAGE/260101_020022_frame_0902.png
2026-01-01 02:00:23 | INFO     | src.processing.processor:_process_with_context:226 - Waiting 1.0 seconds before next request
2026-01-01 02:00:24 | DEBUG    | src.processing.processor:_process_single_combination:132 - Extracted image URL from markdown: https://f003.backblazeb2.com/file/wbt-bucket/ari_young_lebanon/frame_1124.jpg
2026-01-01 02:00:24 | INFO     | src.processing.discovery:load_prompts:66 - Extracted prompt from frame_1124.md
2026-01-01 02:00:24 | INFO     | src.processing.processor:_process_single_combination:141 - Processing combination 5/5: frame_1124.md + nano-banano-pro-2k_16x9_wbt_ari_young_lebanon
2026-01-01 02:00:24 | DEBUG    | src.processing.processor:_process_single_combination:163 - Built image_input array with 2 URL(s): ['https://f003.backblazeb2.com/file/wbt-bucket/ari_young_lebanon/frame_1124.jpg', 'https://f003.backblazeb2.com/file/wbt-bucket/references/ari_foldman_young.png']
2026-01-01 02:00:24 | DEBUG    | src.processing.processor:_apply_prompt_fixes:235 - Added prefix to prompt: Create an exact, photorealistic version of the provided drawing. The drawing is suppose to depict Ari Foldman, a young Israeli soilder in the 1982 Lebanon war. The drawing depicts 
2026-01-01 02:00:24 | DEBUG    | src.processing.processor:_apply_prompt_fixes:239 - Added suffix to prompt: Provided image ari_foldman_young.png show what Ari Foldman actually looks like. The created image should look like it was shot on 35mm film by Roger Deakins.
2026-01-01 02:00:24 | DEBUG    | src.processing.processor:_process_with_context:215 - Processing frame_1124.md: Create an exact, photorealistic version of the pro...
2026-01-01 02:00:24 | DEBUG    | src.api.client:generate_image:85 - CRITICAL DEBUG - Received params: {
  "num_images": 1,
  "aspect_ratio": "16:9",
  "output_format": "png",
  "resolution": "2K",
  "safety_filter_level": "block_only_high",
  "image_input": [
    "https://f003.backblazeb2.com/file/wbt-bucket/ari_young_lebanon/frame_1124.jpg",
    "https://f003.backblazeb2.com/file/wbt-bucket/references/ari_foldman_young.png"
  ]
}
2026-01-01 02:00:24 | DEBUG    | src.api.client:generate_image:86 - CRITICAL DEBUG - Constructed payload: {
  "num_images": 1,
  "aspect_ratio": "16:9",
  "output_format": "png",
  "resolution": "2K",
  "safety_filter_level": "block_only_high",
  "image_input": [
    "https://f003.backblazeb2.com/file/wbt-bucket/ari_young_lebanon/frame_1124.jpg",
    "https://f003.backblazeb2.com/file/wbt-bucket/references/ari_foldman_young.png"
  ],
  "prompt": "Create an exact, photorealistic version of the provided drawing. The drawing is suppose to depict Ari Foldman, a young Israeli soilder in the 1982 Lebanon war. The drawing depicts  Three men walk down a city street. Provided image ari_foldman_young.png show what Ari Foldman actually looks like. The created image should look like it was shot on 35mm film by Roger Deakins."
}
2026-01-01 02:00:24 | DEBUG    | src.api.client:generate_image:89 - Original prompt: Create an exact, photorealistic version of the provided drawing. The drawing is suppose to depict Ari Foldman, a young Israeli soilder in the 1982 Lebanon war. The drawing depicts  Three men walk down a city street. Provided image ari_foldman_young.png show what Ari Foldman actually looks like. The created image should look like it was shot on 35mm film by Roger Deakins.
2026-01-01 02:00:24 | DEBUG    | src.api.client:generate_image:90 - Clean prompt being sent: Create an exact, photorealistic version of the provided drawing. The drawing is suppose to depict Ari Foldman, a young Israeli soilder in the 1982 Lebanon war. The drawing depicts  Three men walk down a city street. Provided image ari_foldman_young.png show what Ari Foldman actually looks like. The created image should look like it was shot on 35mm film by Roger Deakins.
2026-01-01 02:00:24 | DEBUG    | src.api.client:generate_image:91 - Clean prompt repr: 'Create an exact, photorealistic version of the provided drawing. The drawing is suppose to depict Ari Foldman, a young Israeli soilder in the 1982 Lebanon war. The drawing depicts  Three men walk down a city street. Provided image ari_foldman_young.png show what Ari Foldman actually looks like. The created image should look like it was shot on 35mm film by Roger Deakins.'
2026-01-01 02:00:24 | DEBUG    | src.api.client:_call_with_retry:152 - API call attempt 1/3
2026-01-01 02:00:24 | DEBUG    | src.api.client:_call_with_retry:155 - CRITICAL DEBUG - Payload sent to replicate.run: {
  "num_images": 1,
  "aspect_ratio": "16:9",
  "output_format": "png",
  "resolution": "2K",
  "safety_filter_level": "block_only_high",
  "image_input": [
    "https://f003.backblazeb2.com/file/wbt-bucket/ari_young_lebanon/frame_1124.jpg",
    "https://f003.backblazeb2.com/file/wbt-bucket/references/ari_foldman_young.png"
  ],
  "prompt": "Create an exact, photorealistic version of the provided drawing. The drawing is suppose to depict Ari Foldman, a young Israeli soilder in the 1982 Lebanon war. The drawing depicts  Three men walk down a city street. Provided image ari_foldman_young.png show what Ari Foldman actually looks like. The created image should look like it was shot on 35mm film by Roger Deakins."
}
2026-01-01 02:01:08 | DEBUG    | src.api.client:_call_with_retry:170 - API call successful
2026-01-01 02:01:08 | WARNING  | src.api.client:generate_image:117 - API PARAMETER FILTERING DETECTED:
2026-01-01 02:01:08 | WARNING  | src.api.client:generate_image:118 -   Model: google/nano-banana-pro
2026-01-01 02:01:08 | WARNING  | src.api.client:generate_image:119 -   Filtered parameters: ['image_input']
2026-01-01 02:01:08 | WARNING  | src.api.client:generate_image:120 -   This means the model doesn't support these parameters
2026-01-01 02:01:10 | INFO     | src.output.writer:_save_to_disk:203 - Saved valid image: USER-FILES/05.OUTPUT/260101_015707_IMAGE/260101_020108_frame_1124.png
2026-01-01 02:01:10 | DEBUG    | src.output.writer:_save_payload:270 - Saved payload to USER-FILES/05.OUTPUT/260101_015707_IMAGE/260101_020108_frame_1124.md
2026-01-01 02:01:10 | INFO     | src.processing.processor:_generate_and_save_image:276 - Saved image: USER-FILES/05.OUTPUT/260101_015707_IMAGE/260101_020108_frame_1124.png
2026-01-01 02:01:10 | INFO     | src.processing.processor:_process_with_context:226 - Waiting 1.0 seconds before next request
2026-01-01 02:01:11 | INFO     | src.processing.discovery:load_prompts:66 - Extracted prompt from frame_0095.md
2026-01-01 02:01:11 | INFO     | src.processing.discovery:load_prompts:66 - Extracted prompt from frame_0882.md
2026-01-01 02:01:11 | INFO     | src.processing.discovery:load_prompts:66 - Extracted prompt from frame_0900.md
2026-01-01 02:01:11 | INFO     | src.processing.discovery:load_prompts:66 - Extracted prompt from frame_0902.md
2026-01-01 02:01:11 | INFO     | src.processing.discovery:load_prompts:66 - Extracted prompt from frame_1124.md
2026-01-01 02:01:11 | INFO     | src.output.writer:write_report:306 - Report saved: USER-FILES/05.OUTPUT/260101_015707_IMAGE/SUCCESS.md
2026-01-01 02:01:11 | INFO     | src.output.writer:write_report:306 - Report saved: USER-FILES/05.OUTPUT/260101_015707_IMAGE/COST-REPORT.md
2026-01-01 02:01:11 | INFO     | src.output.writer:write_report:306 - Report saved: USER-FILES/05.OUTPUT/260101_015707_IMAGE/PROFILES-WITH-FIXES.md
2026-01-01 02:01:11 | INFO     | src.output.reporter:_save_success_reports:62 - Reports saved successfully
2026-01-01 02:01:11 | SUCCESS  | __main__:generate_final_reports:264 - ✅ Completed successfully! Generated 5 images
