2026-01-01 03:25:08 | INFO     | src.utils.logging:setup_logging:39 - Logging configured (verbose=False, debug=False)
2026-01-01 03:25:08 | INFO     | __main__:setup_environment:79 - Environment initialized
2026-01-01 03:25:08 | INFO     | __main__:load_and_validate_config:84 - Loading configuration...
2026-01-01 03:25:08 | INFO     | src.config.loader:load_config:42 - Loaded configuration from USER-FILES/01.CONFIG/config.yaml
2026-01-01 03:25:08 | INFO     | __main__:authenticate_for_mode:273 - Authenticating with 1Password...
2026-01-01 03:25:09 | DEBUG    | src.auth.session_manager:ensure_op_auth:39 - 1Password session is active
2026-01-01 03:25:10 | DEBUG    | src.auth.session_manager:ensure_op_auth:39 - 1Password session is active
2026-01-01 03:25:10 | DEBUG    | src.auth.auth:load_auth_config:28 - Using auth config: auth_ruben.yaml
2026-01-01 03:25:12 | DEBUG    | src.auth.auth:get_api_key:77 - Retrieved API key: r8_K...
2026-01-01 03:25:12 | INFO     | __main__:discover_inputs_and_profiles:92 - Discovering inputs...
2026-01-01 03:25:12 | DEBUG    | src.processing.discovery:discover_prompt_files:42 - Found markdown file: frame_1151.md
2026-01-01 03:25:12 | DEBUG    | src.processing.discovery:discover_prompt_files:42 - Found markdown file: frame_1391.md
2026-01-01 03:25:12 | DEBUG    | src.processing.discovery:discover_prompt_files:42 - Found markdown file: frame_1257.md
2026-01-01 03:25:12 | DEBUG    | src.processing.discovery:discover_prompt_files:42 - Found markdown file: frame_1355.md
2026-01-01 03:25:12 | DEBUG    | src.processing.discovery:discover_prompt_files:42 - Found markdown file: frame_0970.md
2026-01-01 03:25:12 | INFO     | src.processing.discovery:discover_prompt_files:47 - Discovered 5 markdown files
2026-01-01 03:25:12 | DEBUG    | src.processing.discovery:discover_profiles:98 - Loaded profile: USER-FILES/03.PROFILES/nano-banano-pro-2k_16x9_wbt_israel.yaml
2026-01-01 03:25:12 | INFO     | src.processing.discovery:discover_profiles:102 - Loaded 1 profiles
2026-01-01 03:25:12 | INFO     | src.processing.discovery:get_active_models:148 - Found profile: nano-banano-pro-2k_16x9_wbt_israel
2026-01-01 03:25:12 | INFO     | src.processing.discovery:get_active_models:153 - Total profiles to process: 1
2026-01-01 03:25:12 | INFO     | src.config.validator:validate_all:26 - All configuration validation passed
2026-01-01 03:25:12 | INFO     | __main__:initialize_services:186 - Output directory: USER-FILES/05.OUTPUT/260101_032512_IMAGE
2026-01-01 03:25:12 | INFO     | __main__:execute_processing:221 - Starting matrix processing...
2026-01-01 03:25:12 | DEBUG    | src.processing.validator:validate_operational_requirements:30 - Profile 'nano-banano-pro-2k_16x9_wbt_israel' operational validation passed
2026-01-01 03:25:12 | INFO     | src.processing.processor:process_all:66 - Processing 5 combinations (5 files × 1 profiles)
2026-01-01 03:25:12 | DEBUG    | src.processing.processor:_process_single_combination:132 - Extracted image URL from markdown: https://f003.backblazeb2.com/file/wbt-bucket/generic_lebanon/frame_0970.jpg
2026-01-01 03:25:12 | INFO     | src.processing.discovery:load_prompts:66 - Extracted prompt from frame_0970.md
2026-01-01 03:25:12 | INFO     | src.processing.processor:_process_single_combination:141 - Processing combination 1/5: frame_0970.md + nano-banano-pro-2k_16x9_wbt_israel
2026-01-01 03:25:12 | DEBUG    | src.processing.processor:_process_single_combination:163 - Built image_input array with 1 URL(s): ['https://f003.backblazeb2.com/file/wbt-bucket/generic_lebanon/frame_0970.jpg']
2026-01-01 03:25:12 | DEBUG    | src.processing.processor:_apply_prompt_fixes:235 - Added prefix to prompt: Create an exact, photorealistic version of the provided drawing. The the drawing is suppose to depict life in Israel in the early 1980s. The drawing depicts 
2026-01-01 03:25:12 | DEBUG    | src.processing.processor:_apply_prompt_fixes:239 - Added suffix to prompt: The created image should look like it was shot on 35mm film by Roger Deakins.
2026-01-01 03:25:12 | DEBUG    | src.processing.processor:_process_with_context:215 - Processing frame_0970.md: Create an exact, photorealistic version of the pro...
2026-01-01 03:25:12 | DEBUG    | src.api.client:generate_image:85 - CRITICAL DEBUG - Received params: {
  "num_images": 1,
  "aspect_ratio": "16:9",
  "output_format": "png",
  "resolution": "2K",
  "safety_filter_level": "block_only_high",
  "image_input": [
    "https://f003.backblazeb2.com/file/wbt-bucket/generic_lebanon/frame_0970.jpg"
  ]
}
2026-01-01 03:25:12 | DEBUG    | src.api.client:generate_image:86 - CRITICAL DEBUG - Constructed payload: {
  "num_images": 1,
  "aspect_ratio": "16:9",
  "output_format": "png",
  "resolution": "2K",
  "safety_filter_level": "block_only_high",
  "image_input": [
    "https://f003.backblazeb2.com/file/wbt-bucket/generic_lebanon/frame_0970.jpg"
  ],
  "prompt": "Create an exact, photorealistic version of the provided drawing. The the drawing is suppose to depict life in Israel in the early 1980s. The drawing depicts  Multiple old TVs show a black-and-white man. The created image should look like it was shot on 35mm film by Roger Deakins."
}
2026-01-01 03:25:12 | DEBUG    | src.api.client:generate_image:89 - Original prompt: Create an exact, photorealistic version of the provided drawing. The the drawing is suppose to depict life in Israel in the early 1980s. The drawing depicts  Multiple old TVs show a black-and-white man. The created image should look like it was shot on 35mm film by Roger Deakins.
2026-01-01 03:25:12 | DEBUG    | src.api.client:generate_image:90 - Clean prompt being sent: Create an exact, photorealistic version of the provided drawing. The the drawing is suppose to depict life in Israel in the early 1980s. The drawing depicts  Multiple old TVs show a black-and-white man. The created image should look like it was shot on 35mm film by Roger Deakins.
2026-01-01 03:25:12 | DEBUG    | src.api.client:generate_image:91 - Clean prompt repr: 'Create an exact, photorealistic version of the provided drawing. The the drawing is suppose to depict life in Israel in the early 1980s. The drawing depicts  Multiple old TVs show a black-and-white man. The created image should look like it was shot on 35mm film by Roger Deakins.'
2026-01-01 03:25:12 | DEBUG    | src.api.client:_call_with_retry:152 - API call attempt 1/3
2026-01-01 03:25:12 | DEBUG    | src.api.client:_call_with_retry:155 - CRITICAL DEBUG - Payload sent to replicate.run: {
  "num_images": 1,
  "aspect_ratio": "16:9",
  "output_format": "png",
  "resolution": "2K",
  "safety_filter_level": "block_only_high",
  "image_input": [
    "https://f003.backblazeb2.com/file/wbt-bucket/generic_lebanon/frame_0970.jpg"
  ],
  "prompt": "Create an exact, photorealistic version of the provided drawing. The the drawing is suppose to depict life in Israel in the early 1980s. The drawing depicts  Multiple old TVs show a black-and-white man. The created image should look like it was shot on 35mm film by Roger Deakins."
}
2026-01-01 03:25:54 | DEBUG    | src.api.client:_call_with_retry:170 - API call successful
2026-01-01 03:25:54 | WARNING  | src.api.client:generate_image:117 - API PARAMETER FILTERING DETECTED:
2026-01-01 03:25:54 | WARNING  | src.api.client:generate_image:118 -   Model: google/nano-banana-pro
2026-01-01 03:25:54 | WARNING  | src.api.client:generate_image:119 -   Filtered parameters: ['image_input']
2026-01-01 03:25:54 | WARNING  | src.api.client:generate_image:120 -   This means the model doesn't support these parameters
2026-01-01 03:25:55 | INFO     | src.output.writer:_save_to_disk:203 - Saved valid image: USER-FILES/05.OUTPUT/260101_032512_IMAGE/260101_032554_frame_0970.png
2026-01-01 03:25:55 | DEBUG    | src.output.writer:_save_payload:270 - Saved payload to USER-FILES/05.OUTPUT/260101_032512_IMAGE/260101_032554_frame_0970.md
2026-01-01 03:25:55 | INFO     | src.processing.processor:_generate_and_save_image:276 - Saved image: USER-FILES/05.OUTPUT/260101_032512_IMAGE/260101_032554_frame_0970.png
2026-01-01 03:25:55 | INFO     | src.processing.processor:_process_with_context:226 - Waiting 1.0 seconds before next request
2026-01-01 03:25:56 | DEBUG    | src.processing.processor:_process_single_combination:132 - Extracted image URL from markdown: https://f003.backblazeb2.com/file/wbt-bucket/generic_lebanon/frame_1151.jpg
2026-01-01 03:25:56 | INFO     | src.processing.discovery:load_prompts:66 - Extracted prompt from frame_1151.md
2026-01-01 03:25:56 | INFO     | src.processing.processor:_process_single_combination:141 - Processing combination 2/5: frame_1151.md + nano-banano-pro-2k_16x9_wbt_israel
2026-01-01 03:25:56 | DEBUG    | src.processing.processor:_process_single_combination:163 - Built image_input array with 1 URL(s): ['https://f003.backblazeb2.com/file/wbt-bucket/generic_lebanon/frame_1151.jpg']
2026-01-01 03:25:56 | DEBUG    | src.processing.processor:_apply_prompt_fixes:235 - Added prefix to prompt: Create an exact, photorealistic version of the provided drawing. The the drawing is suppose to depict life in Israel in the early 1980s. The drawing depicts 
2026-01-01 03:25:56 | DEBUG    | src.processing.processor:_apply_prompt_fixes:239 - Added suffix to prompt: The created image should look like it was shot on 35mm film by Roger Deakins.
2026-01-01 03:25:56 | DEBUG    | src.processing.processor:_process_with_context:215 - Processing frame_1151.md: Create an exact, photorealistic version of the pro...
2026-01-01 03:25:56 | DEBUG    | src.api.client:generate_image:85 - CRITICAL DEBUG - Received params: {
  "num_images": 1,
  "aspect_ratio": "16:9",
  "output_format": "png",
  "resolution": "2K",
  "safety_filter_level": "block_only_high",
  "image_input": [
    "https://f003.backblazeb2.com/file/wbt-bucket/generic_lebanon/frame_1151.jpg"
  ]
}
2026-01-01 03:25:56 | DEBUG    | src.api.client:generate_image:86 - CRITICAL DEBUG - Constructed payload: {
  "num_images": 1,
  "aspect_ratio": "16:9",
  "output_format": "png",
  "resolution": "2K",
  "safety_filter_level": "block_only_high",
  "image_input": [
    "https://f003.backblazeb2.com/file/wbt-bucket/generic_lebanon/frame_1151.jpg"
  ],
  "prompt": "Create an exact, photorealistic version of the provided drawing. The the drawing is suppose to depict life in Israel in the early 1980s. The drawing depicts  Animated guitarist plays on a vintage television screen. The created image should look like it was shot on 35mm film by Roger Deakins."
}
2026-01-01 03:25:56 | DEBUG    | src.api.client:generate_image:89 - Original prompt: Create an exact, photorealistic version of the provided drawing. The the drawing is suppose to depict life in Israel in the early 1980s. The drawing depicts  Animated guitarist plays on a vintage television screen. The created image should look like it was shot on 35mm film by Roger Deakins.
2026-01-01 03:25:56 | DEBUG    | src.api.client:generate_image:90 - Clean prompt being sent: Create an exact, photorealistic version of the provided drawing. The the drawing is suppose to depict life in Israel in the early 1980s. The drawing depicts  Animated guitarist plays on a vintage television screen. The created image should look like it was shot on 35mm film by Roger Deakins.
2026-01-01 03:25:56 | DEBUG    | src.api.client:generate_image:91 - Clean prompt repr: 'Create an exact, photorealistic version of the provided drawing. The the drawing is suppose to depict life in Israel in the early 1980s. The drawing depicts  Animated guitarist plays on a vintage television screen. The created image should look like it was shot on 35mm film by Roger Deakins.'
2026-01-01 03:25:56 | DEBUG    | src.api.client:_call_with_retry:152 - API call attempt 1/3
2026-01-01 03:25:56 | DEBUG    | src.api.client:_call_with_retry:155 - CRITICAL DEBUG - Payload sent to replicate.run: {
  "num_images": 1,
  "aspect_ratio": "16:9",
  "output_format": "png",
  "resolution": "2K",
  "safety_filter_level": "block_only_high",
  "image_input": [
    "https://f003.backblazeb2.com/file/wbt-bucket/generic_lebanon/frame_1151.jpg"
  ],
  "prompt": "Create an exact, photorealistic version of the provided drawing. The the drawing is suppose to depict life in Israel in the early 1980s. The drawing depicts  Animated guitarist plays on a vintage television screen. The created image should look like it was shot on 35mm film by Roger Deakins."
}
2026-01-01 03:28:11 | DEBUG    | src.api.client:_call_with_retry:170 - API call successful
2026-01-01 03:28:11 | WARNING  | src.api.client:generate_image:117 - API PARAMETER FILTERING DETECTED:
2026-01-01 03:28:11 | WARNING  | src.api.client:generate_image:118 -   Model: google/nano-banana-pro
2026-01-01 03:28:11 | WARNING  | src.api.client:generate_image:119 -   Filtered parameters: ['image_input']
2026-01-01 03:28:11 | WARNING  | src.api.client:generate_image:120 -   This means the model doesn't support these parameters
2026-01-01 03:28:13 | INFO     | src.output.writer:_save_to_disk:203 - Saved valid image: USER-FILES/05.OUTPUT/260101_032512_IMAGE/260101_032811_frame_1151.png
2026-01-01 03:28:13 | DEBUG    | src.output.writer:_save_payload:270 - Saved payload to USER-FILES/05.OUTPUT/260101_032512_IMAGE/260101_032811_frame_1151.md
2026-01-01 03:28:13 | INFO     | src.processing.processor:_generate_and_save_image:276 - Saved image: USER-FILES/05.OUTPUT/260101_032512_IMAGE/260101_032811_frame_1151.png
2026-01-01 03:28:13 | INFO     | src.processing.processor:_process_with_context:226 - Waiting 1.0 seconds before next request
2026-01-01 03:28:14 | DEBUG    | src.processing.processor:_process_single_combination:132 - Extracted image URL from markdown: https://f003.backblazeb2.com/file/wbt-bucket/generic_lebanon/frame_1257.jpg
2026-01-01 03:28:14 | INFO     | src.processing.discovery:load_prompts:66 - Extracted prompt from frame_1257.md
2026-01-01 03:28:14 | INFO     | src.processing.processor:_process_single_combination:141 - Processing combination 3/5: frame_1257.md + nano-banano-pro-2k_16x9_wbt_israel
2026-01-01 03:28:14 | DEBUG    | src.processing.processor:_process_single_combination:163 - Built image_input array with 1 URL(s): ['https://f003.backblazeb2.com/file/wbt-bucket/generic_lebanon/frame_1257.jpg']
2026-01-01 03:28:14 | DEBUG    | src.processing.processor:_apply_prompt_fixes:235 - Added prefix to prompt: Create an exact, photorealistic version of the provided drawing. The the drawing is suppose to depict life in Israel in the early 1980s. The drawing depicts 
2026-01-01 03:28:14 | DEBUG    | src.processing.processor:_apply_prompt_fixes:239 - Added suffix to prompt: The created image should look like it was shot on 35mm film by Roger Deakins.
2026-01-01 03:28:14 | DEBUG    | src.processing.processor:_process_with_context:215 - Processing frame_1257.md: Create an exact, photorealistic version of the pro...
2026-01-01 03:28:14 | DEBUG    | src.api.client:generate_image:85 - CRITICAL DEBUG - Received params: {
  "num_images": 1,
  "aspect_ratio": "16:9",
  "output_format": "png",
  "resolution": "2K",
  "safety_filter_level": "block_only_high",
  "image_input": [
    "https://f003.backblazeb2.com/file/wbt-bucket/generic_lebanon/frame_1257.jpg"
  ]
}
2026-01-01 03:28:14 | DEBUG    | src.api.client:generate_image:86 - CRITICAL DEBUG - Constructed payload: {
  "num_images": 1,
  "aspect_ratio": "16:9",
  "output_format": "png",
  "resolution": "2K",
  "safety_filter_level": "block_only_high",
  "image_input": [
    "https://f003.backblazeb2.com/file/wbt-bucket/generic_lebanon/frame_1257.jpg"
  ],
  "prompt": "Create an exact, photorealistic version of the provided drawing. The the drawing is suppose to depict life in Israel in the early 1980s. The drawing depicts  Person is playing a Desert Patrol arcade game. The created image should look like it was shot on 35mm film by Roger Deakins."
}
2026-01-01 03:28:14 | DEBUG    | src.api.client:generate_image:89 - Original prompt: Create an exact, photorealistic version of the provided drawing. The the drawing is suppose to depict life in Israel in the early 1980s. The drawing depicts  Person is playing a Desert Patrol arcade game. The created image should look like it was shot on 35mm film by Roger Deakins.
2026-01-01 03:28:14 | DEBUG    | src.api.client:generate_image:90 - Clean prompt being sent: Create an exact, photorealistic version of the provided drawing. The the drawing is suppose to depict life in Israel in the early 1980s. The drawing depicts  Person is playing a Desert Patrol arcade game. The created image should look like it was shot on 35mm film by Roger Deakins.
2026-01-01 03:28:14 | DEBUG    | src.api.client:generate_image:91 - Clean prompt repr: 'Create an exact, photorealistic version of the provided drawing. The the drawing is suppose to depict life in Israel in the early 1980s. The drawing depicts  Person is playing a Desert Patrol arcade game. The created image should look like it was shot on 35mm film by Roger Deakins.'
2026-01-01 03:28:14 | DEBUG    | src.api.client:_call_with_retry:152 - API call attempt 1/3
2026-01-01 03:28:14 | DEBUG    | src.api.client:_call_with_retry:155 - CRITICAL DEBUG - Payload sent to replicate.run: {
  "num_images": 1,
  "aspect_ratio": "16:9",
  "output_format": "png",
  "resolution": "2K",
  "safety_filter_level": "block_only_high",
  "image_input": [
    "https://f003.backblazeb2.com/file/wbt-bucket/generic_lebanon/frame_1257.jpg"
  ],
  "prompt": "Create an exact, photorealistic version of the provided drawing. The the drawing is suppose to depict life in Israel in the early 1980s. The drawing depicts  Person is playing a Desert Patrol arcade game. The created image should look like it was shot on 35mm film by Roger Deakins."
}
2026-01-01 03:36:45 | ERROR    | src.api.client:_call_with_retry:184 - Error on attempt 1: The input was invalid. Please try again with different inputs. (E006) (uIJ6l3ruRD)
2026-01-01 03:36:45 | INFO     | src.api.client:_call_with_retry:188 - Retrying in 2s...
2026-01-01 03:36:47 | DEBUG    | src.api.client:_call_with_retry:152 - API call attempt 2/3
2026-01-01 03:36:47 | DEBUG    | src.api.client:_call_with_retry:155 - CRITICAL DEBUG - Payload sent to replicate.run: {
  "num_images": 1,
  "aspect_ratio": "16:9",
  "output_format": "png",
  "resolution": "2K",
  "safety_filter_level": "block_only_high",
  "image_input": [
    "https://f003.backblazeb2.com/file/wbt-bucket/generic_lebanon/frame_1257.jpg"
  ],
  "prompt": "Create an exact, photorealistic version of the provided drawing. The the drawing is suppose to depict life in Israel in the early 1980s. The drawing depicts  Person is playing a Desert Patrol arcade game. The created image should look like it was shot on 35mm film by Roger Deakins."
}
2026-01-01 03:37:21 | DEBUG    | src.api.client:_call_with_retry:170 - API call successful
2026-01-01 03:37:21 | WARNING  | src.api.client:generate_image:117 - API PARAMETER FILTERING DETECTED:
2026-01-01 03:37:21 | WARNING  | src.api.client:generate_image:118 -   Model: google/nano-banana-pro
2026-01-01 03:37:21 | WARNING  | src.api.client:generate_image:119 -   Filtered parameters: ['image_input']
2026-01-01 03:37:21 | WARNING  | src.api.client:generate_image:120 -   This means the model doesn't support these parameters
2026-01-01 03:37:24 | INFO     | src.output.writer:_save_to_disk:203 - Saved valid image: USER-FILES/05.OUTPUT/260101_032512_IMAGE/260101_033721_frame_1257.png
2026-01-01 03:37:24 | DEBUG    | src.output.writer:_save_payload:270 - Saved payload to USER-FILES/05.OUTPUT/260101_032512_IMAGE/260101_033721_frame_1257.md
2026-01-01 03:37:24 | INFO     | src.processing.processor:_generate_and_save_image:276 - Saved image: USER-FILES/05.OUTPUT/260101_032512_IMAGE/260101_033721_frame_1257.png
2026-01-01 03:37:24 | INFO     | src.processing.processor:_process_with_context:226 - Waiting 1.0 seconds before next request
2026-01-01 03:37:25 | DEBUG    | src.processing.processor:_process_single_combination:132 - Extracted image URL from markdown: https://f003.backblazeb2.com/file/wbt-bucket/generic_lebanon/frame_1355.jpg
2026-01-01 03:37:25 | INFO     | src.processing.discovery:load_prompts:66 - Extracted prompt from frame_1355.md
2026-01-01 03:37:25 | INFO     | src.processing.processor:_process_single_combination:141 - Processing combination 4/5: frame_1355.md + nano-banano-pro-2k_16x9_wbt_israel
2026-01-01 03:37:25 | DEBUG    | src.processing.processor:_process_single_combination:163 - Built image_input array with 1 URL(s): ['https://f003.backblazeb2.com/file/wbt-bucket/generic_lebanon/frame_1355.jpg']
2026-01-01 03:37:25 | DEBUG    | src.processing.processor:_apply_prompt_fixes:235 - Added prefix to prompt: Create an exact, photorealistic version of the provided drawing. The the drawing is suppose to depict life in Israel in the early 1980s. The drawing depicts 
2026-01-01 03:37:25 | DEBUG    | src.processing.processor:_apply_prompt_fixes:239 - Added suffix to prompt: The created image should look like it was shot on 35mm film by Roger Deakins.
2026-01-01 03:37:25 | DEBUG    | src.processing.processor:_process_with_context:215 - Processing frame_1355.md: Create an exact, photorealistic version of the pro...
2026-01-01 03:37:25 | DEBUG    | src.api.client:generate_image:85 - CRITICAL DEBUG - Received params: {
  "num_images": 1,
  "aspect_ratio": "16:9",
  "output_format": "png",
  "resolution": "2K",
  "safety_filter_level": "block_only_high",
  "image_input": [
    "https://f003.backblazeb2.com/file/wbt-bucket/generic_lebanon/frame_1355.jpg"
  ]
}
2026-01-01 03:37:25 | DEBUG    | src.api.client:generate_image:86 - CRITICAL DEBUG - Constructed payload: {
  "num_images": 1,
  "aspect_ratio": "16:9",
  "output_format": "png",
  "resolution": "2K",
  "safety_filter_level": "block_only_high",
  "image_input": [
    "https://f003.backblazeb2.com/file/wbt-bucket/generic_lebanon/frame_1355.jpg"
  ],
  "prompt": "Create an exact, photorealistic version of the provided drawing. The the drawing is suppose to depict life in Israel in the early 1980s. The drawing depicts  People dance in a dimly lit nightclub. The created image should look like it was shot on 35mm film by Roger Deakins."
}
2026-01-01 03:37:25 | DEBUG    | src.api.client:generate_image:89 - Original prompt: Create an exact, photorealistic version of the provided drawing. The the drawing is suppose to depict life in Israel in the early 1980s. The drawing depicts  People dance in a dimly lit nightclub. The created image should look like it was shot on 35mm film by Roger Deakins.
2026-01-01 03:37:25 | DEBUG    | src.api.client:generate_image:90 - Clean prompt being sent: Create an exact, photorealistic version of the provided drawing. The the drawing is suppose to depict life in Israel in the early 1980s. The drawing depicts  People dance in a dimly lit nightclub. The created image should look like it was shot on 35mm film by Roger Deakins.
2026-01-01 03:37:25 | DEBUG    | src.api.client:generate_image:91 - Clean prompt repr: 'Create an exact, photorealistic version of the provided drawing. The the drawing is suppose to depict life in Israel in the early 1980s. The drawing depicts  People dance in a dimly lit nightclub. The created image should look like it was shot on 35mm film by Roger Deakins.'
2026-01-01 03:37:25 | DEBUG    | src.api.client:_call_with_retry:152 - API call attempt 1/3
2026-01-01 03:37:25 | DEBUG    | src.api.client:_call_with_retry:155 - CRITICAL DEBUG - Payload sent to replicate.run: {
  "num_images": 1,
  "aspect_ratio": "16:9",
  "output_format": "png",
  "resolution": "2K",
  "safety_filter_level": "block_only_high",
  "image_input": [
    "https://f003.backblazeb2.com/file/wbt-bucket/generic_lebanon/frame_1355.jpg"
  ],
  "prompt": "Create an exact, photorealistic version of the provided drawing. The the drawing is suppose to depict life in Israel in the early 1980s. The drawing depicts  People dance in a dimly lit nightclub. The created image should look like it was shot on 35mm film by Roger Deakins."
}
2026-01-01 03:37:59 | DEBUG    | src.api.client:_call_with_retry:170 - API call successful
2026-01-01 03:37:59 | WARNING  | src.api.client:generate_image:117 - API PARAMETER FILTERING DETECTED:
2026-01-01 03:37:59 | WARNING  | src.api.client:generate_image:118 -   Model: google/nano-banana-pro
2026-01-01 03:37:59 | WARNING  | src.api.client:generate_image:119 -   Filtered parameters: ['image_input']
2026-01-01 03:37:59 | WARNING  | src.api.client:generate_image:120 -   This means the model doesn't support these parameters
2026-01-01 03:38:01 | INFO     | src.output.writer:_save_to_disk:203 - Saved valid image: USER-FILES/05.OUTPUT/260101_032512_IMAGE/260101_033759_frame_1355.png
2026-01-01 03:38:01 | DEBUG    | src.output.writer:_save_payload:270 - Saved payload to USER-FILES/05.OUTPUT/260101_032512_IMAGE/260101_033759_frame_1355.md
2026-01-01 03:38:01 | INFO     | src.processing.processor:_generate_and_save_image:276 - Saved image: USER-FILES/05.OUTPUT/260101_032512_IMAGE/260101_033759_frame_1355.png
2026-01-01 03:38:01 | INFO     | src.processing.processor:_process_with_context:226 - Waiting 1.0 seconds before next request
2026-01-01 03:38:02 | DEBUG    | src.processing.processor:_process_single_combination:132 - Extracted image URL from markdown: https://f003.backblazeb2.com/file/wbt-bucket/generic_lebanon/frame_1391.jpg
2026-01-01 03:38:02 | INFO     | src.processing.discovery:load_prompts:66 - Extracted prompt from frame_1391.md
2026-01-01 03:38:02 | INFO     | src.processing.processor:_process_single_combination:141 - Processing combination 5/5: frame_1391.md + nano-banano-pro-2k_16x9_wbt_israel
2026-01-01 03:38:02 | DEBUG    | src.processing.processor:_process_single_combination:163 - Built image_input array with 1 URL(s): ['https://f003.backblazeb2.com/file/wbt-bucket/generic_lebanon/frame_1391.jpg']
2026-01-01 03:38:02 | DEBUG    | src.processing.processor:_apply_prompt_fixes:235 - Added prefix to prompt: Create an exact, photorealistic version of the provided drawing. The the drawing is suppose to depict life in Israel in the early 1980s. The drawing depicts 
2026-01-01 03:38:02 | DEBUG    | src.processing.processor:_apply_prompt_fixes:239 - Added suffix to prompt: The created image should look like it was shot on 35mm film by Roger Deakins.
2026-01-01 03:38:02 | DEBUG    | src.processing.processor:_process_with_context:215 - Processing frame_1391.md: Create an exact, photorealistic version of the pro...
2026-01-01 03:38:02 | DEBUG    | src.api.client:generate_image:85 - CRITICAL DEBUG - Received params: {
  "num_images": 1,
  "aspect_ratio": "16:9",
  "output_format": "png",
  "resolution": "2K",
  "safety_filter_level": "block_only_high",
  "image_input": [
    "https://f003.backblazeb2.com/file/wbt-bucket/generic_lebanon/frame_1391.jpg"
  ]
}
2026-01-01 03:38:02 | DEBUG    | src.api.client:generate_image:86 - CRITICAL DEBUG - Constructed payload: {
  "num_images": 1,
  "aspect_ratio": "16:9",
  "output_format": "png",
  "resolution": "2K",
  "safety_filter_level": "block_only_high",
  "image_input": [
    "https://f003.backblazeb2.com/file/wbt-bucket/generic_lebanon/frame_1391.jpg"
  ],
  "prompt": "Create an exact, photorealistic version of the provided drawing. The the drawing is suppose to depict life in Israel in the early 1980s. The drawing depicts  Person dances with eyes closed against red background The created image should look like it was shot on 35mm film by Roger Deakins."
}
2026-01-01 03:38:02 | DEBUG    | src.api.client:generate_image:89 - Original prompt: Create an exact, photorealistic version of the provided drawing. The the drawing is suppose to depict life in Israel in the early 1980s. The drawing depicts  Person dances with eyes closed against red background The created image should look like it was shot on 35mm film by Roger Deakins.
2026-01-01 03:38:02 | DEBUG    | src.api.client:generate_image:90 - Clean prompt being sent: Create an exact, photorealistic version of the provided drawing. The the drawing is suppose to depict life in Israel in the early 1980s. The drawing depicts  Person dances with eyes closed against red background The created image should look like it was shot on 35mm film by Roger Deakins.
2026-01-01 03:38:02 | DEBUG    | src.api.client:generate_image:91 - Clean prompt repr: 'Create an exact, photorealistic version of the provided drawing. The the drawing is suppose to depict life in Israel in the early 1980s. The drawing depicts  Person dances with eyes closed against red background The created image should look like it was shot on 35mm film by Roger Deakins.'
2026-01-01 03:38:02 | DEBUG    | src.api.client:_call_with_retry:152 - API call attempt 1/3
2026-01-01 03:38:02 | DEBUG    | src.api.client:_call_with_retry:155 - CRITICAL DEBUG - Payload sent to replicate.run: {
  "num_images": 1,
  "aspect_ratio": "16:9",
  "output_format": "png",
  "resolution": "2K",
  "safety_filter_level": "block_only_high",
  "image_input": [
    "https://f003.backblazeb2.com/file/wbt-bucket/generic_lebanon/frame_1391.jpg"
  ],
  "prompt": "Create an exact, photorealistic version of the provided drawing. The the drawing is suppose to depict life in Israel in the early 1980s. The drawing depicts  Person dances with eyes closed against red background The created image should look like it was shot on 35mm film by Roger Deakins."
}
2026-01-01 03:39:03 | DEBUG    | src.api.client:_call_with_retry:170 - API call successful
2026-01-01 03:39:03 | WARNING  | src.api.client:generate_image:117 - API PARAMETER FILTERING DETECTED:
2026-01-01 03:39:03 | WARNING  | src.api.client:generate_image:118 -   Model: google/nano-banana-pro
2026-01-01 03:39:03 | WARNING  | src.api.client:generate_image:119 -   Filtered parameters: ['image_input']
2026-01-01 03:39:03 | WARNING  | src.api.client:generate_image:120 -   This means the model doesn't support these parameters
2026-01-01 03:39:05 | INFO     | src.output.writer:_save_to_disk:203 - Saved valid image: USER-FILES/05.OUTPUT/260101_032512_IMAGE/260101_033903_frame_1391.png
2026-01-01 03:39:05 | DEBUG    | src.output.writer:_save_payload:270 - Saved payload to USER-FILES/05.OUTPUT/260101_032512_IMAGE/260101_033903_frame_1391.md
2026-01-01 03:39:05 | INFO     | src.processing.processor:_generate_and_save_image:276 - Saved image: USER-FILES/05.OUTPUT/260101_032512_IMAGE/260101_033903_frame_1391.png
2026-01-01 03:39:05 | INFO     | src.processing.processor:_process_with_context:226 - Waiting 1.0 seconds before next request
2026-01-01 03:39:06 | INFO     | src.processing.discovery:load_prompts:66 - Extracted prompt from frame_0970.md
2026-01-01 03:39:06 | INFO     | src.processing.discovery:load_prompts:66 - Extracted prompt from frame_1151.md
2026-01-01 03:39:06 | INFO     | src.processing.discovery:load_prompts:66 - Extracted prompt from frame_1257.md
2026-01-01 03:39:06 | INFO     | src.processing.discovery:load_prompts:66 - Extracted prompt from frame_1355.md
2026-01-01 03:39:06 | INFO     | src.processing.discovery:load_prompts:66 - Extracted prompt from frame_1391.md
2026-01-01 03:39:06 | INFO     | src.output.writer:write_report:306 - Report saved: USER-FILES/05.OUTPUT/260101_032512_IMAGE/SUCCESS.md
2026-01-01 03:39:06 | INFO     | src.output.writer:write_report:306 - Report saved: USER-FILES/05.OUTPUT/260101_032512_IMAGE/COST-REPORT.md
2026-01-01 03:39:06 | INFO     | src.output.writer:write_report:306 - Report saved: USER-FILES/05.OUTPUT/260101_032512_IMAGE/PROFILES-WITH-FIXES.md
2026-01-01 03:39:06 | INFO     | src.output.reporter:_save_success_reports:62 - Reports saved successfully
2026-01-01 03:39:06 | SUCCESS  | __main__:generate_final_reports:264 - ✅ Completed successfully! Generated 5 images
