2025-11-24 19:10:37 | INFO     | src.utils.logging:setup_logging:39 - Logging configured (verbose=False, debug=False)
2025-11-24 19:10:37 | INFO     | __main__:setup_environment:79 - Environment initialized
2025-11-24 19:10:37 | INFO     | __main__:load_and_validate_config:84 - Loading configuration...
2025-11-24 19:10:37 | INFO     | src.config.loader:load_config:42 - Loaded configuration from USER-FILES/01.CONFIG/config.yaml
2025-11-24 19:10:37 | INFO     | __main__:authenticate_for_mode:273 - Authenticating with 1Password...
2025-11-24 19:10:38 | DEBUG    | src.auth.session_manager:ensure_op_auth:39 - 1Password session is active
2025-11-24 19:10:39 | DEBUG    | src.auth.session_manager:ensure_op_auth:39 - 1Password session is active
2025-11-24 19:10:39 | DEBUG    | src.auth.auth:load_auth_config:28 - Using auth config: auth_bites.yaml
2025-11-24 19:10:40 | DEBUG    | src.auth.auth:get_api_key:77 - Retrieved API key: r8_V...
2025-11-24 19:10:40 | INFO     | __main__:discover_inputs_and_profiles:92 - Discovering inputs...
2025-11-24 19:10:40 | DEBUG    | src.processing.discovery:discover_prompt_files:40 - Found prompt file: 03_Grooming_&_Client Completion/03_Grooming_&_Client Completion_010.txt
2025-11-24 19:10:40 | DEBUG    | src.processing.discovery:discover_prompt_files:40 - Found prompt file: 03_Grooming_&_Client Completion/03_Grooming_&_Client Completion_004.txt
2025-11-24 19:10:40 | DEBUG    | src.processing.discovery:discover_prompt_files:40 - Found prompt file: 03_Grooming_&_Client Completion/03_Grooming_&_Client Completion_005.txt
2025-11-24 19:10:40 | DEBUG    | src.processing.discovery:discover_prompt_files:40 - Found prompt file: 03_Grooming_&_Client Completion/03_Grooming_&_Client Completion_011.txt
2025-11-24 19:10:40 | DEBUG    | src.processing.discovery:discover_prompt_files:40 - Found prompt file: 03_Grooming_&_Client Completion/03_Grooming_&_Client Completion_007.txt
2025-11-24 19:10:40 | DEBUG    | src.processing.discovery:discover_prompt_files:40 - Found prompt file: 03_Grooming_&_Client Completion/03_Grooming_&_Client Completion_013.txt
2025-11-24 19:10:40 | DEBUG    | src.processing.discovery:discover_prompt_files:40 - Found prompt file: 03_Grooming_&_Client Completion/03_Grooming_&_Client Completion_012.txt
2025-11-24 19:10:40 | DEBUG    | src.processing.discovery:discover_prompt_files:40 - Found prompt file: 03_Grooming_&_Client Completion/03_Grooming_&_Client Completion_006.txt
2025-11-24 19:10:40 | DEBUG    | src.processing.discovery:discover_prompt_files:40 - Found prompt file: 03_Grooming_&_Client Completion/03_Grooming_&_Client Completion_002.txt
2025-11-24 19:10:40 | DEBUG    | src.processing.discovery:discover_prompt_files:40 - Found prompt file: 03_Grooming_&_Client Completion/03_Grooming_&_Client Completion_016.txt
2025-11-24 19:10:40 | DEBUG    | src.processing.discovery:discover_prompt_files:40 - Found prompt file: 03_Grooming_&_Client Completion/03_Grooming_&_Client Completion_017.txt
2025-11-24 19:10:40 | DEBUG    | src.processing.discovery:discover_prompt_files:40 - Found prompt file: 03_Grooming_&_Client Completion/03_Grooming_&_Client Completion_003.txt
2025-11-24 19:10:40 | DEBUG    | src.processing.discovery:discover_prompt_files:40 - Found prompt file: 03_Grooming_&_Client Completion/03_Grooming_&_Client Completion_015.txt
2025-11-24 19:10:40 | DEBUG    | src.processing.discovery:discover_prompt_files:40 - Found prompt file: 03_Grooming_&_Client Completion/03_Grooming_&_Client Completion_001.txt
2025-11-24 19:10:40 | DEBUG    | src.processing.discovery:discover_prompt_files:40 - Found prompt file: 03_Grooming_&_Client Completion/03_Grooming_&_Client Completion_014.txt
2025-11-24 19:10:40 | DEBUG    | src.processing.discovery:discover_prompt_files:40 - Found prompt file: 03_Grooming_&_Client Completion/03_Grooming_&_Client Completion_019.txt
2025-11-24 19:10:40 | DEBUG    | src.processing.discovery:discover_prompt_files:40 - Found prompt file: 03_Grooming_&_Client Completion/03_Grooming_&_Client Completion_018.txt
2025-11-24 19:10:40 | DEBUG    | src.processing.discovery:discover_prompt_files:40 - Found prompt file: 03_Grooming_&_Client Completion/03_Grooming_&_Client Completion_008.txt
2025-11-24 19:10:40 | DEBUG    | src.processing.discovery:discover_prompt_files:40 - Found prompt file: 03_Grooming_&_Client Completion/03_Grooming_&_Client Completion_020.txt
2025-11-24 19:10:40 | DEBUG    | src.processing.discovery:discover_prompt_files:40 - Found prompt file: 03_Grooming_&_Client Completion/03_Grooming_&_Client Completion_021.txt
2025-11-24 19:10:40 | DEBUG    | src.processing.discovery:discover_prompt_files:40 - Found prompt file: 03_Grooming_&_Client Completion/03_Grooming_&_Client Completion_009.txt
2025-11-24 19:10:40 | DEBUG    | src.processing.discovery:discover_prompt_files:40 - Found prompt file: 04_End-of-Day_Shutdown_Process/04_End-of-Day_Shutdown_Process_012.txt
2025-11-24 19:10:40 | DEBUG    | src.processing.discovery:discover_prompt_files:40 - Found prompt file: 04_End-of-Day_Shutdown_Process/04_End-of-Day_Shutdown_Process_006.txt
2025-11-24 19:10:40 | DEBUG    | src.processing.discovery:discover_prompt_files:40 - Found prompt file: 04_End-of-Day_Shutdown_Process/04_End-of-Day_Shutdown_Process_007.txt
2025-11-24 19:10:40 | DEBUG    | src.processing.discovery:discover_prompt_files:40 - Found prompt file: 04_End-of-Day_Shutdown_Process/04_End-of-Day_Shutdown_Process_013.txt
2025-11-24 19:10:40 | DEBUG    | src.processing.discovery:discover_prompt_files:40 - Found prompt file: 04_End-of-Day_Shutdown_Process/04_End-of-Day_Shutdown_Process_005.txt
2025-11-24 19:10:40 | DEBUG    | src.processing.discovery:discover_prompt_files:40 - Found prompt file: 04_End-of-Day_Shutdown_Process/04_End-of-Day_Shutdown_Process_011.txt
2025-11-24 19:10:40 | DEBUG    | src.processing.discovery:discover_prompt_files:40 - Found prompt file: 04_End-of-Day_Shutdown_Process/04_End-of-Day_Shutdown_Process_010.txt
2025-11-24 19:10:40 | DEBUG    | src.processing.discovery:discover_prompt_files:40 - Found prompt file: 04_End-of-Day_Shutdown_Process/04_End-of-Day_Shutdown_Process_004.txt
2025-11-24 19:10:40 | DEBUG    | src.processing.discovery:discover_prompt_files:40 - Found prompt file: 04_End-of-Day_Shutdown_Process/04_End-of-Day_Shutdown_Process_014.txt
2025-11-24 19:10:40 | DEBUG    | src.processing.discovery:discover_prompt_files:40 - Found prompt file: 04_End-of-Day_Shutdown_Process/04_End-of-Day_Shutdown_Process_015.txt
2025-11-24 19:10:40 | DEBUG    | src.processing.discovery:discover_prompt_files:40 - Found prompt file: 04_End-of-Day_Shutdown_Process/04_End-of-Day_Shutdown_Process_001.txt
2025-11-24 19:10:40 | DEBUG    | src.processing.discovery:discover_prompt_files:40 - Found prompt file: 04_End-of-Day_Shutdown_Process/04_End-of-Day_Shutdown_Process_017.txt
2025-11-24 19:10:40 | DEBUG    | src.processing.discovery:discover_prompt_files:40 - Found prompt file: 04_End-of-Day_Shutdown_Process/04_End-of-Day_Shutdown_Process_003.txt
2025-11-24 19:10:40 | DEBUG    | src.processing.discovery:discover_prompt_files:40 - Found prompt file: 04_End-of-Day_Shutdown_Process/04_End-of-Day_Shutdown_Process_002.txt
2025-11-24 19:10:40 | DEBUG    | src.processing.discovery:discover_prompt_files:40 - Found prompt file: 04_End-of-Day_Shutdown_Process/04_End-of-Day_Shutdown_Process_016.txt
2025-11-24 19:10:40 | DEBUG    | src.processing.discovery:discover_prompt_files:40 - Found prompt file: 04_End-of-Day_Shutdown_Process/04_End-of-Day_Shutdown_Process_024.txt
2025-11-24 19:10:40 | DEBUG    | src.processing.discovery:discover_prompt_files:40 - Found prompt file: 04_End-of-Day_Shutdown_Process/04_End-of-Day_Shutdown_Process_018.txt
2025-11-24 19:10:40 | DEBUG    | src.processing.discovery:discover_prompt_files:40 - Found prompt file: 04_End-of-Day_Shutdown_Process/04_End-of-Day_Shutdown_Process_019.txt
2025-11-24 19:10:40 | DEBUG    | src.processing.discovery:discover_prompt_files:40 - Found prompt file: 04_End-of-Day_Shutdown_Process/04_End-of-Day_Shutdown_Process_009.txt
2025-11-24 19:10:40 | DEBUG    | src.processing.discovery:discover_prompt_files:40 - Found prompt file: 04_End-of-Day_Shutdown_Process/04_End-of-Day_Shutdown_Process_021.txt
2025-11-24 19:10:40 | DEBUG    | src.processing.discovery:discover_prompt_files:40 - Found prompt file: 04_End-of-Day_Shutdown_Process/04_End-of-Day_Shutdown_Process_020.txt
2025-11-24 19:10:40 | DEBUG    | src.processing.discovery:discover_prompt_files:40 - Found prompt file: 04_End-of-Day_Shutdown_Process/04_End-of-Day_Shutdown_Process_008.txt
2025-11-24 19:10:40 | DEBUG    | src.processing.discovery:discover_prompt_files:40 - Found prompt file: 04_End-of-Day_Shutdown_Process/04_End-of-Day_Shutdown_Process_022.txt
2025-11-24 19:10:40 | DEBUG    | src.processing.discovery:discover_prompt_files:40 - Found prompt file: 04_End-of-Day_Shutdown_Process/04_End-of-Day_Shutdown_Process_023.txt
2025-11-24 19:10:40 | DEBUG    | src.processing.discovery:discover_prompt_files:40 - Found prompt file: 01_Daily_Start-Up_Protocol/01_Daily_Start-Up_Protocol_023.txt
2025-11-24 19:10:40 | DEBUG    | src.processing.discovery:discover_prompt_files:40 - Found prompt file: 01_Daily_Start-Up_Protocol/01_Daily_Start-Up_Protocol_022.txt
2025-11-24 19:10:40 | DEBUG    | src.processing.discovery:discover_prompt_files:40 - Found prompt file: 01_Daily_Start-Up_Protocol/01_Daily_Start-Up_Protocol_008.txt
2025-11-24 19:10:40 | DEBUG    | src.processing.discovery:discover_prompt_files:40 - Found prompt file: 01_Daily_Start-Up_Protocol/01_Daily_Start-Up_Protocol_020.txt
2025-11-24 19:10:40 | DEBUG    | src.processing.discovery:discover_prompt_files:40 - Found prompt file: 01_Daily_Start-Up_Protocol/01_Daily_Start-Up_Protocol_021.txt
2025-11-24 19:10:40 | DEBUG    | src.processing.discovery:discover_prompt_files:40 - Found prompt file: 01_Daily_Start-Up_Protocol/01_Daily_Start-Up_Protocol_009.txt
2025-11-24 19:10:40 | DEBUG    | src.processing.discovery:discover_prompt_files:40 - Found prompt file: 01_Daily_Start-Up_Protocol/01_Daily_Start-Up_Protocol_019.txt
2025-11-24 19:10:40 | DEBUG    | src.processing.discovery:discover_prompt_files:40 - Found prompt file: 01_Daily_Start-Up_Protocol/01_Daily_Start-Up_Protocol_018.txt
2025-11-24 19:10:40 | DEBUG    | src.processing.discovery:discover_prompt_files:40 - Found prompt file: 01_Daily_Start-Up_Protocol/01_Daily_Start-Up_Protocol_024.txt
2025-11-24 19:10:40 | DEBUG    | src.processing.discovery:discover_prompt_files:40 - Found prompt file: 01_Daily_Start-Up_Protocol/01_Daily_Start-Up_Protocol_016.txt
2025-11-24 19:10:40 | DEBUG    | src.processing.discovery:discover_prompt_files:40 - Found prompt file: 01_Daily_Start-Up_Protocol/01_Daily_Start-Up_Protocol_002.txt
2025-11-24 19:10:40 | DEBUG    | src.processing.discovery:discover_prompt_files:40 - Found prompt file: 01_Daily_Start-Up_Protocol/01_Daily_Start-Up_Protocol_003.txt
2025-11-24 19:10:40 | DEBUG    | src.processing.discovery:discover_prompt_files:40 - Found prompt file: 01_Daily_Start-Up_Protocol/01_Daily_Start-Up_Protocol_017.txt
2025-11-24 19:10:40 | DEBUG    | src.processing.discovery:discover_prompt_files:40 - Found prompt file: 01_Daily_Start-Up_Protocol/01_Daily_Start-Up_Protocol_001.txt
2025-11-24 19:10:40 | DEBUG    | src.processing.discovery:discover_prompt_files:40 - Found prompt file: 01_Daily_Start-Up_Protocol/01_Daily_Start-Up_Protocol_015.txt
2025-11-24 19:10:40 | DEBUG    | src.processing.discovery:discover_prompt_files:40 - Found prompt file: 01_Daily_Start-Up_Protocol/01_Daily_Start-Up_Protocol_014.txt
2025-11-24 19:10:40 | DEBUG    | src.processing.discovery:discover_prompt_files:40 - Found prompt file: 01_Daily_Start-Up_Protocol/01_Daily_Start-Up_Protocol_004.txt
2025-11-24 19:10:40 | DEBUG    | src.processing.discovery:discover_prompt_files:40 - Found prompt file: 01_Daily_Start-Up_Protocol/01_Daily_Start-Up_Protocol_010.txt
2025-11-24 19:10:40 | DEBUG    | src.processing.discovery:discover_prompt_files:40 - Found prompt file: 01_Daily_Start-Up_Protocol/01_Daily_Start-Up_Protocol_011.txt
2025-11-24 19:10:40 | DEBUG    | src.processing.discovery:discover_prompt_files:40 - Found prompt file: 01_Daily_Start-Up_Protocol/01_Daily_Start-Up_Protocol_005.txt
2025-11-24 19:10:40 | DEBUG    | src.processing.discovery:discover_prompt_files:40 - Found prompt file: 01_Daily_Start-Up_Protocol/01_Daily_Start-Up_Protocol_013.txt
2025-11-24 19:10:40 | DEBUG    | src.processing.discovery:discover_prompt_files:40 - Found prompt file: 01_Daily_Start-Up_Protocol/01_Daily_Start-Up_Protocol_007.txt
2025-11-24 19:10:40 | DEBUG    | src.processing.discovery:discover_prompt_files:40 - Found prompt file: 01_Daily_Start-Up_Protocol/01_Daily_Start-Up_Protocol_006.txt
2025-11-24 19:10:40 | DEBUG    | src.processing.discovery:discover_prompt_files:40 - Found prompt file: 01_Daily_Start-Up_Protocol/01_Daily_Start-Up_Protocol_012.txt
2025-11-24 19:10:40 | DEBUG    | src.processing.discovery:discover_prompt_files:40 - Found prompt file: 02_Pre-Groom_&_Bath_Procedures/02_Pre-Groom_&_Bath_Procedures_018.txt
2025-11-24 19:10:40 | DEBUG    | src.processing.discovery:discover_prompt_files:40 - Found prompt file: 02_Pre-Groom_&_Bath_Procedures/02_Pre-Groom_&_Bath_Procedures_024.txt
2025-11-24 19:10:40 | DEBUG    | src.processing.discovery:discover_prompt_files:40 - Found prompt file: 02_Pre-Groom_&_Bath_Procedures/02_Pre-Groom_&_Bath_Procedures_030.txt
2025-11-24 19:10:40 | DEBUG    | src.processing.discovery:discover_prompt_files:40 - Found prompt file: 02_Pre-Groom_&_Bath_Procedures/02_Pre-Groom_&_Bath_Procedures_031.txt
2025-11-24 19:10:40 | DEBUG    | src.processing.discovery:discover_prompt_files:40 - Found prompt file: 02_Pre-Groom_&_Bath_Procedures/02_Pre-Groom_&_Bath_Procedures_025.txt
2025-11-24 19:10:40 | DEBUG    | src.processing.discovery:discover_prompt_files:40 - Found prompt file: 02_Pre-Groom_&_Bath_Procedures/02_Pre-Groom_&_Bath_Procedures_019.txt
2025-11-24 19:10:40 | DEBUG    | src.processing.discovery:discover_prompt_files:40 - Found prompt file: 02_Pre-Groom_&_Bath_Procedures/02_Pre-Groom_&_Bath_Procedures_027.txt
2025-11-24 19:10:40 | DEBUG    | src.processing.discovery:discover_prompt_files:40 - Found prompt file: 02_Pre-Groom_&_Bath_Procedures/02_Pre-Groom_&_Bath_Procedures_026.txt
2025-11-24 19:10:40 | DEBUG    | src.processing.discovery:discover_prompt_files:40 - Found prompt file: 02_Pre-Groom_&_Bath_Procedures/02_Pre-Groom_&_Bath_Procedures_032.txt
2025-11-24 19:10:40 | DEBUG    | src.processing.discovery:discover_prompt_files:40 - Found prompt file: 02_Pre-Groom_&_Bath_Procedures/02_Pre-Groom_&_Bath_Procedures_022.txt
2025-11-24 19:10:40 | DEBUG    | src.processing.discovery:discover_prompt_files:40 - Found prompt file: 02_Pre-Groom_&_Bath_Procedures/02_Pre-Groom_&_Bath_Procedures_023.txt
2025-11-24 19:10:40 | DEBUG    | src.processing.discovery:discover_prompt_files:40 - Found prompt file: 02_Pre-Groom_&_Bath_Procedures/02_Pre-Groom_&_Bath_Procedures_021.txt
2025-11-24 19:10:40 | DEBUG    | src.processing.discovery:discover_prompt_files:40 - Found prompt file: 02_Pre-Groom_&_Bath_Procedures/02_Pre-Groom_&_Bath_Procedures_009.txt
2025-11-24 19:10:40 | DEBUG    | src.processing.discovery:discover_prompt_files:40 - Found prompt file: 02_Pre-Groom_&_Bath_Procedures/02_Pre-Groom_&_Bath_Procedures_008.txt
2025-11-24 19:10:40 | DEBUG    | src.processing.discovery:discover_prompt_files:40 - Found prompt file: 02_Pre-Groom_&_Bath_Procedures/02_Pre-Groom_&_Bath_Procedures_020.txt
2025-11-24 19:10:40 | DEBUG    | src.processing.discovery:discover_prompt_files:40 - Found prompt file: 02_Pre-Groom_&_Bath_Procedures/02_Pre-Groom_&_Bath_Procedures_005.txt
2025-11-24 19:10:40 | DEBUG    | src.processing.discovery:discover_prompt_files:40 - Found prompt file: 02_Pre-Groom_&_Bath_Procedures/02_Pre-Groom_&_Bath_Procedures_011.txt
2025-11-24 19:10:40 | DEBUG    | src.processing.discovery:discover_prompt_files:40 - Found prompt file: 02_Pre-Groom_&_Bath_Procedures/02_Pre-Groom_&_Bath_Procedures_010.txt
2025-11-24 19:10:40 | DEBUG    | src.processing.discovery:discover_prompt_files:40 - Found prompt file: 02_Pre-Groom_&_Bath_Procedures/02_Pre-Groom_&_Bath_Procedures_004.txt
2025-11-24 19:10:40 | DEBUG    | src.processing.discovery:discover_prompt_files:40 - Found prompt file: 02_Pre-Groom_&_Bath_Procedures/02_Pre-Groom_&_Bath_Procedures_012.txt
2025-11-24 19:10:40 | DEBUG    | src.processing.discovery:discover_prompt_files:40 - Found prompt file: 02_Pre-Groom_&_Bath_Procedures/02_Pre-Groom_&_Bath_Procedures_006.txt
2025-11-24 19:10:40 | DEBUG    | src.processing.discovery:discover_prompt_files:40 - Found prompt file: 02_Pre-Groom_&_Bath_Procedures/02_Pre-Groom_&_Bath_Procedures_007.txt
2025-11-24 19:10:40 | DEBUG    | src.processing.discovery:discover_prompt_files:40 - Found prompt file: 02_Pre-Groom_&_Bath_Procedures/02_Pre-Groom_&_Bath_Procedures_013.txt
2025-11-24 19:10:40 | DEBUG    | src.processing.discovery:discover_prompt_files:40 - Found prompt file: 02_Pre-Groom_&_Bath_Procedures/02_Pre-Groom_&_Bath_Procedures_017.txt
2025-11-24 19:10:40 | DEBUG    | src.processing.discovery:discover_prompt_files:40 - Found prompt file: 02_Pre-Groom_&_Bath_Procedures/02_Pre-Groom_&_Bath_Procedures_003.txt
2025-11-24 19:10:40 | DEBUG    | src.processing.discovery:discover_prompt_files:40 - Found prompt file: 02_Pre-Groom_&_Bath_Procedures/02_Pre-Groom_&_Bath_Procedures_002.txt
2025-11-24 19:10:40 | DEBUG    | src.processing.discovery:discover_prompt_files:40 - Found prompt file: 02_Pre-Groom_&_Bath_Procedures/02_Pre-Groom_&_Bath_Procedures_016.txt
2025-11-24 19:10:40 | DEBUG    | src.processing.discovery:discover_prompt_files:40 - Found prompt file: 02_Pre-Groom_&_Bath_Procedures/02_Pre-Groom_&_Bath_Procedures_014.txt
2025-11-24 19:10:40 | DEBUG    | src.processing.discovery:discover_prompt_files:40 - Found prompt file: 02_Pre-Groom_&_Bath_Procedures/02_Pre-Groom_&_Bath_Procedures_028.txt
2025-11-24 19:10:40 | DEBUG    | src.processing.discovery:discover_prompt_files:40 - Found prompt file: 02_Pre-Groom_&_Bath_Procedures/02_Pre-Groom_&_Bath_Procedures_029.txt
2025-11-24 19:10:40 | DEBUG    | src.processing.discovery:discover_prompt_files:40 - Found prompt file: 02_Pre-Groom_&_Bath_Procedures/02_Pre-Groom_&_Bath_Procedures_015.txt
2025-11-24 19:10:40 | DEBUG    | src.processing.discovery:discover_prompt_files:40 - Found prompt file: 02_Pre-Groom_&_Bath_Procedures/02_Pre-Groom_&_Bath_Procedures_001.txt
2025-11-24 19:10:40 | INFO     | src.processing.discovery:discover_prompt_files:45 - Discovered 101 prompt files
2025-11-24 19:10:40 | DEBUG    | src.processing.discovery:discover_profiles:93 - Loaded profile: USER-FILES/03.PROFILES/nano-banano-pro_2k_9x16_barkbus.yaml
2025-11-24 19:10:40 | INFO     | src.processing.discovery:discover_profiles:97 - Loaded 1 profiles
2025-11-24 19:10:40 | INFO     | src.processing.discovery:get_active_models:135 - Found profile: nano-banano-pro_2k_9x16_barkbus
2025-11-24 19:10:40 | INFO     | src.processing.discovery:get_active_models:140 - Total profiles to process: 1
2025-11-24 19:10:40 | INFO     | src.config.validator:validate_all:26 - All configuration validation passed
2025-11-24 19:10:40 | INFO     | __main__:initialize_services:186 - Output directory: USER-FILES/05.OUTPUT/251124_191040_IMAGE
2025-11-24 19:10:40 | INFO     | __main__:execute_processing:221 - Starting matrix processing...
2025-11-24 19:10:40 | DEBUG    | src.processing.validator:validate_operational_requirements:23 - Profile 'nano-banano-pro_2k_9x16_barkbus' operational validation passed
2025-11-24 19:10:40 | INFO     | src.processing.processor:process_all:60 - Processing 101 combinations (101 files × 1 profiles)
2025-11-24 19:10:40 | INFO     | src.processing.discovery:load_prompts:63 - Loaded prompt from 01_Daily_Start-Up_Protocol_001.txt
2025-11-24 19:10:40 | INFO     | src.processing.processor:_process_single_combination:119 - Processing combination 1/101: 01_Daily_Start-Up_Protocol/01_Daily_Start-Up_Protocol_001.txt + nano-banano-pro_2k_9x16_barkbus
2025-11-24 19:10:40 | DEBUG    | src.processing.processor:_process_single_combination:138 - Added image_input to params: ['https://f003.backblazeb2.com/file/bites-client-ref/Barkbus_Montage.png']
2025-11-24 19:10:40 | DEBUG    | src.processing.processor:_apply_prompt_fixes:208 - Added suffix to prompt: Provided image is a reference that shows you what the forementions actually look like.
2025-11-24 19:10:40 | DEBUG    | src.processing.processor:_process_with_context:186 - Processing 01_Daily_Start-Up_Protocol/01_Daily_Start-Up_Protocol_001.txt: Close-up in residential driveway beside Barkbus va...
2025-11-24 19:10:40 | DEBUG    | src.api.client:generate_image:85 - CRITICAL DEBUG - Received params: {
  "aspect_ratio": "9:16",
  "output_format": "png",
  "num_images": 1,
  "resolution": "2K",
  "safety_filter_level": "block_only_high",
  "image_input": [
    "https://f003.backblazeb2.com/file/bites-client-ref/Barkbus_Montage.png"
  ]
}
2025-11-24 19:10:40 | DEBUG    | src.api.client:generate_image:86 - CRITICAL DEBUG - Constructed payload: {
  "aspect_ratio": "9:16",
  "output_format": "png",
  "num_images": 1,
  "resolution": "2K",
  "safety_filter_level": "block_only_high",
  "image_input": [
    "https://f003.backblazeb2.com/file/bites-client-ref/Barkbus_Montage.png"
  ],
  "prompt": "Close-up in residential driveway beside Barkbus van exterior of Asian female Barkbus groomer in her late 20s wearing company uniform, holding tablet and looking down at it with focused expression. Natural lighting, shallow depth of field. Provided image is a reference that shows you what the forementions actually look like."
}
2025-11-24 19:10:40 | DEBUG    | src.api.client:generate_image:89 - Original prompt: Close-up in residential driveway beside Barkbus van exterior of Asian female Barkbus groomer in her late 20s wearing company uniform, holding tablet and looking down at it with focused expression. Natural lighting, shallow depth of field. Provided image is a reference that shows you what the forementions actually look like.
2025-11-24 19:10:40 | DEBUG    | src.api.client:generate_image:90 - Clean prompt being sent: Close-up in residential driveway beside Barkbus van exterior of Asian female Barkbus groomer in her late 20s wearing company uniform, holding tablet and looking down at it with focused expression. Natural lighting, shallow depth of field. Provided image is a reference that shows you what the forementions actually look like.
2025-11-24 19:10:40 | DEBUG    | src.api.client:generate_image:91 - Clean prompt repr: 'Close-up in residential driveway beside Barkbus van exterior of Asian female Barkbus groomer in her late 20s wearing company uniform, holding tablet and looking down at it with focused expression. Natural lighting, shallow depth of field. Provided image is a reference that shows you what the forementions actually look like.'
2025-11-24 19:10:40 | DEBUG    | src.api.client:_call_with_retry:152 - API call attempt 1/3
2025-11-24 19:10:40 | DEBUG    | src.api.client:_call_with_retry:155 - CRITICAL DEBUG - Payload sent to replicate.run: {
  "aspect_ratio": "9:16",
  "output_format": "png",
  "num_images": 1,
  "resolution": "2K",
  "safety_filter_level": "block_only_high",
  "image_input": [
    "https://f003.backblazeb2.com/file/bites-client-ref/Barkbus_Montage.png"
  ],
  "prompt": "Close-up in residential driveway beside Barkbus van exterior of Asian female Barkbus groomer in her late 20s wearing company uniform, holding tablet and looking down at it with focused expression. Natural lighting, shallow depth of field. Provided image is a reference that shows you what the forementions actually look like."
}
2025-11-24 19:11:25 | DEBUG    | src.api.client:_call_with_retry:170 - API call successful
2025-11-24 19:11:25 | WARNING  | src.api.client:generate_image:117 - API PARAMETER FILTERING DETECTED:
2025-11-24 19:11:25 | WARNING  | src.api.client:generate_image:118 -   Model: google/nano-banana-pro
2025-11-24 19:11:25 | WARNING  | src.api.client:generate_image:119 -   Filtered parameters: ['image_input']
2025-11-24 19:11:25 | WARNING  | src.api.client:generate_image:120 -   This means the model doesn't support these parameters
2025-11-24 19:11:26 | INFO     | src.output.writer:_save_to_disk:192 - Saved valid image: USER-FILES/05.OUTPUT/251124_191040_IMAGE/01_Daily_Start-Up_Protocol/01_Daily_Start-Up_Protocol_001_IMAGE_191125_nano-banano-pro_2k_9x16_barkbus.png
2025-11-24 19:11:26 | DEBUG    | src.output.writer:_save_payload:257 - Saved payload to USER-FILES/05.OUTPUT/251124_191040_IMAGE/01_Daily_Start-Up_Protocol/01_Daily_Start-Up_Protocol_001_IMAGE_191125_nano-banano-pro_2k_9x16_barkbus.md
2025-11-24 19:11:26 | INFO     | src.processing.processor:_generate_and_save_image:248 - Saved image: USER-FILES/05.OUTPUT/251124_191040_IMAGE/01_Daily_Start-Up_Protocol/01_Daily_Start-Up_Protocol_001_IMAGE_191125_nano-banano-pro_2k_9x16_barkbus.png
2025-11-24 19:11:26 | INFO     | src.processing.processor:_process_with_context:197 - Waiting 1.0 seconds before next request
2025-11-24 19:11:27 | INFO     | src.processing.discovery:load_prompts:63 - Loaded prompt from 01_Daily_Start-Up_Protocol_002.txt
2025-11-24 19:11:27 | INFO     | src.processing.processor:_process_single_combination:119 - Processing combination 2/101: 01_Daily_Start-Up_Protocol/01_Daily_Start-Up_Protocol_002.txt + nano-banano-pro_2k_9x16_barkbus
2025-11-24 19:11:27 | DEBUG    | src.processing.processor:_process_single_combination:138 - Added image_input to params: ['https://f003.backblazeb2.com/file/bites-client-ref/Barkbus_Montage.png']
2025-11-24 19:11:27 | DEBUG    | src.processing.processor:_apply_prompt_fixes:208 - Added suffix to prompt: Provided image is a reference that shows you what the forementions actually look like.
2025-11-24 19:11:27 | DEBUG    | src.processing.processor:_process_with_context:186 - Processing 01_Daily_Start-Up_Protocol/01_Daily_Start-Up_Protocol_002.txt: Medium shot in home office of White male Barkbus g...
2025-11-24 19:11:27 | DEBUG    | src.api.client:generate_image:85 - CRITICAL DEBUG - Received params: {
  "aspect_ratio": "9:16",
  "output_format": "png",
  "num_images": 1,
  "resolution": "2K",
  "safety_filter_level": "block_only_high",
  "image_input": [
    "https://f003.backblazeb2.com/file/bites-client-ref/Barkbus_Montage.png"
  ]
}
2025-11-24 19:11:27 | DEBUG    | src.api.client:generate_image:86 - CRITICAL DEBUG - Constructed payload: {
  "aspect_ratio": "9:16",
  "output_format": "png",
  "num_images": 1,
  "resolution": "2K",
  "safety_filter_level": "block_only_high",
  "image_input": [
    "https://f003.backblazeb2.com/file/bites-client-ref/Barkbus_Montage.png"
  ],
  "prompt": "Medium shot in home office of White male Barkbus groomer in his early 30s wearing company uniform, sitting at desk with tablet, reviewing schedule with concentrated expression. Soft window lighting. Provided image is a reference that shows you what the forementions actually look like."
}
2025-11-24 19:11:27 | DEBUG    | src.api.client:generate_image:89 - Original prompt: Medium shot in home office of White male Barkbus groomer in his early 30s wearing company uniform, sitting at desk with tablet, reviewing schedule with concentrated expression. Soft window lighting. Provided image is a reference that shows you what the forementions actually look like.
2025-11-24 19:11:27 | DEBUG    | src.api.client:generate_image:90 - Clean prompt being sent: Medium shot in home office of White male Barkbus groomer in his early 30s wearing company uniform, sitting at desk with tablet, reviewing schedule with concentrated expression. Soft window lighting. Provided image is a reference that shows you what the forementions actually look like.
2025-11-24 19:11:27 | DEBUG    | src.api.client:generate_image:91 - Clean prompt repr: 'Medium shot in home office of White male Barkbus groomer in his early 30s wearing company uniform, sitting at desk with tablet, reviewing schedule with concentrated expression. Soft window lighting. Provided image is a reference that shows you what the forementions actually look like.'
2025-11-24 19:11:27 | DEBUG    | src.api.client:_call_with_retry:152 - API call attempt 1/3
2025-11-24 19:11:27 | DEBUG    | src.api.client:_call_with_retry:155 - CRITICAL DEBUG - Payload sent to replicate.run: {
  "aspect_ratio": "9:16",
  "output_format": "png",
  "num_images": 1,
  "resolution": "2K",
  "safety_filter_level": "block_only_high",
  "image_input": [
    "https://f003.backblazeb2.com/file/bites-client-ref/Barkbus_Montage.png"
  ],
  "prompt": "Medium shot in home office of White male Barkbus groomer in his early 30s wearing company uniform, sitting at desk with tablet, reviewing schedule with concentrated expression. Soft window lighting. Provided image is a reference that shows you what the forementions actually look like."
}
2025-11-24 19:13:14 | DEBUG    | src.api.client:_call_with_retry:170 - API call successful
2025-11-24 19:13:14 | WARNING  | src.api.client:generate_image:117 - API PARAMETER FILTERING DETECTED:
2025-11-24 19:13:14 | WARNING  | src.api.client:generate_image:118 -   Model: google/nano-banana-pro
2025-11-24 19:13:14 | WARNING  | src.api.client:generate_image:119 -   Filtered parameters: ['image_input']
2025-11-24 19:13:14 | WARNING  | src.api.client:generate_image:120 -   This means the model doesn't support these parameters
2025-11-24 19:13:16 | INFO     | src.output.writer:_save_to_disk:192 - Saved valid image: USER-FILES/05.OUTPUT/251124_191040_IMAGE/01_Daily_Start-Up_Protocol/01_Daily_Start-Up_Protocol_002_IMAGE_191314_nano-banano-pro_2k_9x16_barkbus.png
2025-11-24 19:13:16 | DEBUG    | src.output.writer:_save_payload:257 - Saved payload to USER-FILES/05.OUTPUT/251124_191040_IMAGE/01_Daily_Start-Up_Protocol/01_Daily_Start-Up_Protocol_002_IMAGE_191314_nano-banano-pro_2k_9x16_barkbus.md
2025-11-24 19:13:16 | INFO     | src.processing.processor:_generate_and_save_image:248 - Saved image: USER-FILES/05.OUTPUT/251124_191040_IMAGE/01_Daily_Start-Up_Protocol/01_Daily_Start-Up_Protocol_002_IMAGE_191314_nano-banano-pro_2k_9x16_barkbus.png
2025-11-24 19:13:16 | INFO     | src.processing.processor:_process_with_context:197 - Waiting 1.0 seconds before next request
2025-11-24 19:13:17 | INFO     | src.processing.discovery:load_prompts:63 - Loaded prompt from 01_Daily_Start-Up_Protocol_003.txt
2025-11-24 19:13:17 | INFO     | src.processing.processor:_process_single_combination:119 - Processing combination 3/101: 01_Daily_Start-Up_Protocol/01_Daily_Start-Up_Protocol_003.txt + nano-banano-pro_2k_9x16_barkbus
2025-11-24 19:13:17 | DEBUG    | src.processing.processor:_process_single_combination:138 - Added image_input to params: ['https://f003.backblazeb2.com/file/bites-client-ref/Barkbus_Montage.png']
2025-11-24 19:13:17 | DEBUG    | src.processing.processor:_apply_prompt_fixes:208 - Added suffix to prompt: Provided image is a reference that shows you what the forementions actually look like.
2025-11-24 19:13:17 | DEBUG    | src.processing.processor:_process_with_context:186 - Processing 01_Daily_Start-Up_Protocol/01_Daily_Start-Up_Protocol_003.txt: Close-up in home office of Mixed-race female Barkb...
2025-11-24 19:13:17 | DEBUG    | src.api.client:generate_image:85 - CRITICAL DEBUG - Received params: {
  "aspect_ratio": "9:16",
  "output_format": "png",
  "num_images": 1,
  "resolution": "2K",
  "safety_filter_level": "block_only_high",
  "image_input": [
    "https://f003.backblazeb2.com/file/bites-client-ref/Barkbus_Montage.png"
  ]
}
2025-11-24 19:13:17 | DEBUG    | src.api.client:generate_image:86 - CRITICAL DEBUG - Constructed payload: {
  "aspect_ratio": "9:16",
  "output_format": "png",
  "num_images": 1,
  "resolution": "2K",
  "safety_filter_level": "block_only_high",
  "image_input": [
    "https://f003.backblazeb2.com/file/bites-client-ref/Barkbus_Montage.png"
  ],
  "prompt": "Close-up in home office of Mixed-race female Barkbus groomer's hands in her mid-20s holding tablet, scrolling with one hand. Natural window lighting, shallow depth of field. Provided image is a reference that shows you what the forementions actually look like."
}
2025-11-24 19:13:17 | DEBUG    | src.api.client:generate_image:89 - Original prompt: Close-up in home office of Mixed-race female Barkbus groomer's hands in her mid-20s holding tablet, scrolling with one hand. Natural window lighting, shallow depth of field. Provided image is a reference that shows you what the forementions actually look like.
2025-11-24 19:13:17 | DEBUG    | src.api.client:generate_image:90 - Clean prompt being sent: Close-up in home office of Mixed-race female Barkbus groomer's hands in her mid-20s holding tablet, scrolling with one hand. Natural window lighting, shallow depth of field. Provided image is a reference that shows you what the forementions actually look like.
2025-11-24 19:13:17 | DEBUG    | src.api.client:generate_image:91 - Clean prompt repr: "Close-up in home office of Mixed-race female Barkbus groomer's hands in her mid-20s holding tablet, scrolling with one hand. Natural window lighting, shallow depth of field. Provided image is a reference that shows you what the forementions actually look like."
2025-11-24 19:13:17 | DEBUG    | src.api.client:_call_with_retry:152 - API call attempt 1/3
2025-11-24 19:13:17 | DEBUG    | src.api.client:_call_with_retry:155 - CRITICAL DEBUG - Payload sent to replicate.run: {
  "aspect_ratio": "9:16",
  "output_format": "png",
  "num_images": 1,
  "resolution": "2K",
  "safety_filter_level": "block_only_high",
  "image_input": [
    "https://f003.backblazeb2.com/file/bites-client-ref/Barkbus_Montage.png"
  ],
  "prompt": "Close-up in home office of Mixed-race female Barkbus groomer's hands in her mid-20s holding tablet, scrolling with one hand. Natural window lighting, shallow depth of field. Provided image is a reference that shows you what the forementions actually look like."
}
2025-11-24 19:14:17 | DEBUG    | src.api.client:_call_with_retry:170 - API call successful
2025-11-24 19:14:17 | WARNING  | src.api.client:generate_image:117 - API PARAMETER FILTERING DETECTED:
2025-11-24 19:14:17 | WARNING  | src.api.client:generate_image:118 -   Model: google/nano-banana-pro
2025-11-24 19:14:17 | WARNING  | src.api.client:generate_image:119 -   Filtered parameters: ['image_input']
2025-11-24 19:14:17 | WARNING  | src.api.client:generate_image:120 -   This means the model doesn't support these parameters
2025-11-24 19:14:18 | INFO     | src.output.writer:_save_to_disk:192 - Saved valid image: USER-FILES/05.OUTPUT/251124_191040_IMAGE/01_Daily_Start-Up_Protocol/01_Daily_Start-Up_Protocol_003_IMAGE_191417_nano-banano-pro_2k_9x16_barkbus.png
2025-11-24 19:14:18 | DEBUG    | src.output.writer:_save_payload:257 - Saved payload to USER-FILES/05.OUTPUT/251124_191040_IMAGE/01_Daily_Start-Up_Protocol/01_Daily_Start-Up_Protocol_003_IMAGE_191417_nano-banano-pro_2k_9x16_barkbus.md
2025-11-24 19:14:18 | INFO     | src.processing.processor:_generate_and_save_image:248 - Saved image: USER-FILES/05.OUTPUT/251124_191040_IMAGE/01_Daily_Start-Up_Protocol/01_Daily_Start-Up_Protocol_003_IMAGE_191417_nano-banano-pro_2k_9x16_barkbus.png
2025-11-24 19:14:18 | INFO     | src.processing.processor:_process_with_context:197 - Waiting 1.0 seconds before next request
2025-11-24 19:14:19 | INFO     | src.processing.discovery:load_prompts:63 - Loaded prompt from 01_Daily_Start-Up_Protocol_004.txt
2025-11-24 19:14:19 | INFO     | src.processing.processor:_process_single_combination:119 - Processing combination 4/101: 01_Daily_Start-Up_Protocol/01_Daily_Start-Up_Protocol_004.txt + nano-banano-pro_2k_9x16_barkbus
2025-11-24 19:14:19 | DEBUG    | src.processing.processor:_process_single_combination:138 - Added image_input to params: ['https://f003.backblazeb2.com/file/bites-client-ref/Barkbus_Montage.png']
2025-11-24 19:14:19 | DEBUG    | src.processing.processor:_apply_prompt_fixes:208 - Added suffix to prompt: Provided image is a reference that shows you what the forementions actually look like.
2025-11-24 19:14:19 | DEBUG    | src.processing.processor:_process_with_context:186 - Processing 01_Daily_Start-Up_Protocol/01_Daily_Start-Up_Protocol_004.txt: Close-up in home office of Black male Barkbus groo...
2025-11-24 19:14:19 | DEBUG    | src.api.client:generate_image:85 - CRITICAL DEBUG - Received params: {
  "aspect_ratio": "9:16",
  "output_format": "png",
  "num_images": 1,
  "resolution": "2K",
  "safety_filter_level": "block_only_high",
  "image_input": [
    "https://f003.backblazeb2.com/file/bites-client-ref/Barkbus_Montage.png"
  ]
}
2025-11-24 19:14:19 | DEBUG    | src.api.client:generate_image:86 - CRITICAL DEBUG - Constructed payload: {
  "aspect_ratio": "9:16",
  "output_format": "png",
  "num_images": 1,
  "resolution": "2K",
  "safety_filter_level": "block_only_high",
  "image_input": [
    "https://f003.backblazeb2.com/file/bites-client-ref/Barkbus_Montage.png"
  ],
  "prompt": "Close-up in home office of Black male Barkbus groomer in his late 20s wearing company uniform, looking down at tablet with attentive expression. Soft diffused lighting. Provided image is a reference that shows you what the forementions actually look like."
}
2025-11-24 19:14:19 | DEBUG    | src.api.client:generate_image:89 - Original prompt: Close-up in home office of Black male Barkbus groomer in his late 20s wearing company uniform, looking down at tablet with attentive expression. Soft diffused lighting. Provided image is a reference that shows you what the forementions actually look like.
2025-11-24 19:14:19 | DEBUG    | src.api.client:generate_image:90 - Clean prompt being sent: Close-up in home office of Black male Barkbus groomer in his late 20s wearing company uniform, looking down at tablet with attentive expression. Soft diffused lighting. Provided image is a reference that shows you what the forementions actually look like.
2025-11-24 19:14:19 | DEBUG    | src.api.client:generate_image:91 - Clean prompt repr: 'Close-up in home office of Black male Barkbus groomer in his late 20s wearing company uniform, looking down at tablet with attentive expression. Soft diffused lighting. Provided image is a reference that shows you what the forementions actually look like.'
2025-11-24 19:14:19 | DEBUG    | src.api.client:_call_with_retry:152 - API call attempt 1/3
2025-11-24 19:14:19 | DEBUG    | src.api.client:_call_with_retry:155 - CRITICAL DEBUG - Payload sent to replicate.run: {
  "aspect_ratio": "9:16",
  "output_format": "png",
  "num_images": 1,
  "resolution": "2K",
  "safety_filter_level": "block_only_high",
  "image_input": [
    "https://f003.backblazeb2.com/file/bites-client-ref/Barkbus_Montage.png"
  ],
  "prompt": "Close-up in home office of Black male Barkbus groomer in his late 20s wearing company uniform, looking down at tablet with attentive expression. Soft diffused lighting. Provided image is a reference that shows you what the forementions actually look like."
}
2025-11-24 19:14:55 | DEBUG    | src.api.client:_call_with_retry:170 - API call successful
2025-11-24 19:14:55 | WARNING  | src.api.client:generate_image:117 - API PARAMETER FILTERING DETECTED:
2025-11-24 19:14:55 | WARNING  | src.api.client:generate_image:118 -   Model: google/nano-banana-pro
2025-11-24 19:14:55 | WARNING  | src.api.client:generate_image:119 -   Filtered parameters: ['image_input']
2025-11-24 19:14:55 | WARNING  | src.api.client:generate_image:120 -   This means the model doesn't support these parameters
2025-11-24 19:14:57 | INFO     | src.output.writer:_save_to_disk:192 - Saved valid image: USER-FILES/05.OUTPUT/251124_191040_IMAGE/01_Daily_Start-Up_Protocol/01_Daily_Start-Up_Protocol_004_IMAGE_191455_nano-banano-pro_2k_9x16_barkbus.png
2025-11-24 19:14:57 | DEBUG    | src.output.writer:_save_payload:257 - Saved payload to USER-FILES/05.OUTPUT/251124_191040_IMAGE/01_Daily_Start-Up_Protocol/01_Daily_Start-Up_Protocol_004_IMAGE_191455_nano-banano-pro_2k_9x16_barkbus.md
2025-11-24 19:14:57 | INFO     | src.processing.processor:_generate_and_save_image:248 - Saved image: USER-FILES/05.OUTPUT/251124_191040_IMAGE/01_Daily_Start-Up_Protocol/01_Daily_Start-Up_Protocol_004_IMAGE_191455_nano-banano-pro_2k_9x16_barkbus.png
2025-11-24 19:14:57 | INFO     | src.processing.processor:_process_with_context:197 - Waiting 1.0 seconds before next request
2025-11-24 19:14:58 | INFO     | src.processing.discovery:load_prompts:63 - Loaded prompt from 01_Daily_Start-Up_Protocol_005.txt
2025-11-24 19:14:58 | INFO     | src.processing.processor:_process_single_combination:119 - Processing combination 5/101: 01_Daily_Start-Up_Protocol/01_Daily_Start-Up_Protocol_005.txt + nano-banano-pro_2k_9x16_barkbus
2025-11-24 19:14:58 | DEBUG    | src.processing.processor:_process_single_combination:138 - Added image_input to params: ['https://f003.backblazeb2.com/file/bites-client-ref/Barkbus_Montage.png']
2025-11-24 19:14:58 | DEBUG    | src.processing.processor:_apply_prompt_fixes:208 - Added suffix to prompt: Provided image is a reference that shows you what the forementions actually look like.
2025-11-24 19:14:58 | DEBUG    | src.processing.processor:_process_with_context:186 - Processing 01_Daily_Start-Up_Protocol/01_Daily_Start-Up_Protocol_005.txt: Medium shot in home office of Hispanic female Bark...
2025-11-24 19:14:58 | DEBUG    | src.api.client:generate_image:85 - CRITICAL DEBUG - Received params: {
  "aspect_ratio": "9:16",
  "output_format": "png",
  "num_images": 1,
  "resolution": "2K",
  "safety_filter_level": "block_only_high",
  "image_input": [
    "https://f003.backblazeb2.com/file/bites-client-ref/Barkbus_Montage.png"
  ]
}
2025-11-24 19:14:58 | DEBUG    | src.api.client:generate_image:86 - CRITICAL DEBUG - Constructed payload: {
  "aspect_ratio": "9:16",
  "output_format": "png",
  "num_images": 1,
  "resolution": "2K",
  "safety_filter_level": "block_only_high",
  "image_input": [
    "https://f003.backblazeb2.com/file/bites-client-ref/Barkbus_Montage.png"
  ],
  "prompt": "Medium shot in home office of Hispanic female Barkbus groomer in her early 30s wearing company uniform, holding phone and looking down at it while sitting at desk. Natural window lighting. Provided image is a reference that shows you what the forementions actually look like."
}
2025-11-24 19:14:58 | DEBUG    | src.api.client:generate_image:89 - Original prompt: Medium shot in home office of Hispanic female Barkbus groomer in her early 30s wearing company uniform, holding phone and looking down at it while sitting at desk. Natural window lighting. Provided image is a reference that shows you what the forementions actually look like.
2025-11-24 19:14:58 | DEBUG    | src.api.client:generate_image:90 - Clean prompt being sent: Medium shot in home office of Hispanic female Barkbus groomer in her early 30s wearing company uniform, holding phone and looking down at it while sitting at desk. Natural window lighting. Provided image is a reference that shows you what the forementions actually look like.
2025-11-24 19:14:58 | DEBUG    | src.api.client:generate_image:91 - Clean prompt repr: 'Medium shot in home office of Hispanic female Barkbus groomer in her early 30s wearing company uniform, holding phone and looking down at it while sitting at desk. Natural window lighting. Provided image is a reference that shows you what the forementions actually look like.'
2025-11-24 19:14:58 | DEBUG    | src.api.client:_call_with_retry:152 - API call attempt 1/3
2025-11-24 19:14:58 | DEBUG    | src.api.client:_call_with_retry:155 - CRITICAL DEBUG - Payload sent to replicate.run: {
  "aspect_ratio": "9:16",
  "output_format": "png",
  "num_images": 1,
  "resolution": "2K",
  "safety_filter_level": "block_only_high",
  "image_input": [
    "https://f003.backblazeb2.com/file/bites-client-ref/Barkbus_Montage.png"
  ],
  "prompt": "Medium shot in home office of Hispanic female Barkbus groomer in her early 30s wearing company uniform, holding phone and looking down at it while sitting at desk. Natural window lighting. Provided image is a reference that shows you what the forementions actually look like."
}
2025-11-24 19:15:52 | DEBUG    | src.api.client:_call_with_retry:170 - API call successful
2025-11-24 19:15:52 | WARNING  | src.api.client:generate_image:117 - API PARAMETER FILTERING DETECTED:
2025-11-24 19:15:52 | WARNING  | src.api.client:generate_image:118 -   Model: google/nano-banana-pro
2025-11-24 19:15:52 | WARNING  | src.api.client:generate_image:119 -   Filtered parameters: ['image_input']
2025-11-24 19:15:52 | WARNING  | src.api.client:generate_image:120 -   This means the model doesn't support these parameters
2025-11-24 19:15:53 | INFO     | src.output.writer:_save_to_disk:192 - Saved valid image: USER-FILES/05.OUTPUT/251124_191040_IMAGE/01_Daily_Start-Up_Protocol/01_Daily_Start-Up_Protocol_005_IMAGE_191552_nano-banano-pro_2k_9x16_barkbus.png
2025-11-24 19:15:53 | DEBUG    | src.output.writer:_save_payload:257 - Saved payload to USER-FILES/05.OUTPUT/251124_191040_IMAGE/01_Daily_Start-Up_Protocol/01_Daily_Start-Up_Protocol_005_IMAGE_191552_nano-banano-pro_2k_9x16_barkbus.md
2025-11-24 19:15:53 | INFO     | src.processing.processor:_generate_and_save_image:248 - Saved image: USER-FILES/05.OUTPUT/251124_191040_IMAGE/01_Daily_Start-Up_Protocol/01_Daily_Start-Up_Protocol_005_IMAGE_191552_nano-banano-pro_2k_9x16_barkbus.png
2025-11-24 19:15:53 | INFO     | src.processing.processor:_process_with_context:197 - Waiting 1.0 seconds before next request
2025-11-24 19:15:54 | INFO     | src.processing.discovery:load_prompts:63 - Loaded prompt from 01_Daily_Start-Up_Protocol_006.txt
2025-11-24 19:15:54 | INFO     | src.processing.processor:_process_single_combination:119 - Processing combination 6/101: 01_Daily_Start-Up_Protocol/01_Daily_Start-Up_Protocol_006.txt + nano-banano-pro_2k_9x16_barkbus
2025-11-24 19:15:54 | DEBUG    | src.processing.processor:_process_single_combination:138 - Added image_input to params: ['https://f003.backblazeb2.com/file/bites-client-ref/Barkbus_Montage.png']
2025-11-24 19:15:54 | DEBUG    | src.processing.processor:_apply_prompt_fixes:208 - Added suffix to prompt: Provided image is a reference that shows you what the forementions actually look like.
2025-11-24 19:15:54 | DEBUG    | src.processing.processor:_process_with_context:186 - Processing 01_Daily_Start-Up_Protocol/01_Daily_Start-Up_Protocol_006.txt: Wide shot in commercial parking area of Barkbus va...
2025-11-24 19:15:54 | DEBUG    | src.api.client:generate_image:85 - CRITICAL DEBUG - Received params: {
  "aspect_ratio": "9:16",
  "output_format": "png",
  "num_images": 1,
  "resolution": "2K",
  "safety_filter_level": "block_only_high",
  "image_input": [
    "https://f003.backblazeb2.com/file/bites-client-ref/Barkbus_Montage.png"
  ]
}
2025-11-24 19:15:54 | DEBUG    | src.api.client:generate_image:86 - CRITICAL DEBUG - Constructed payload: {
  "aspect_ratio": "9:16",
  "output_format": "png",
  "num_images": 1,
  "resolution": "2K",
  "safety_filter_level": "block_only_high",
  "image_input": [
    "https://f003.backblazeb2.com/file/bites-client-ref/Barkbus_Montage.png"
  ],
  "prompt": "Wide shot in commercial parking area of Barkbus van pulling into parking space at company hub, morning lighting. Clean, professional facility visible in background. Provided image is a reference that shows you what the forementions actually look like."
}
2025-11-24 19:15:54 | DEBUG    | src.api.client:generate_image:89 - Original prompt: Wide shot in commercial parking area of Barkbus van pulling into parking space at company hub, morning lighting. Clean, professional facility visible in background. Provided image is a reference that shows you what the forementions actually look like.
2025-11-24 19:15:54 | DEBUG    | src.api.client:generate_image:90 - Clean prompt being sent: Wide shot in commercial parking area of Barkbus van pulling into parking space at company hub, morning lighting. Clean, professional facility visible in background. Provided image is a reference that shows you what the forementions actually look like.
2025-11-24 19:15:54 | DEBUG    | src.api.client:generate_image:91 - Clean prompt repr: 'Wide shot in commercial parking area of Barkbus van pulling into parking space at company hub, morning lighting. Clean, professional facility visible in background. Provided image is a reference that shows you what the forementions actually look like.'
2025-11-24 19:15:54 | DEBUG    | src.api.client:_call_with_retry:152 - API call attempt 1/3
2025-11-24 19:15:54 | DEBUG    | src.api.client:_call_with_retry:155 - CRITICAL DEBUG - Payload sent to replicate.run: {
  "aspect_ratio": "9:16",
  "output_format": "png",
  "num_images": 1,
  "resolution": "2K",
  "safety_filter_level": "block_only_high",
  "image_input": [
    "https://f003.backblazeb2.com/file/bites-client-ref/Barkbus_Montage.png"
  ],
  "prompt": "Wide shot in commercial parking area of Barkbus van pulling into parking space at company hub, morning lighting. Clean, professional facility visible in background. Provided image is a reference that shows you what the forementions actually look like."
}
2025-11-24 19:16:30 | DEBUG    | src.api.client:_call_with_retry:170 - API call successful
2025-11-24 19:16:30 | WARNING  | src.api.client:generate_image:117 - API PARAMETER FILTERING DETECTED:
2025-11-24 19:16:30 | WARNING  | src.api.client:generate_image:118 -   Model: google/nano-banana-pro
2025-11-24 19:16:30 | WARNING  | src.api.client:generate_image:119 -   Filtered parameters: ['image_input']
2025-11-24 19:16:30 | WARNING  | src.api.client:generate_image:120 -   This means the model doesn't support these parameters
2025-11-24 19:16:31 | INFO     | src.output.writer:_save_to_disk:192 - Saved valid image: USER-FILES/05.OUTPUT/251124_191040_IMAGE/01_Daily_Start-Up_Protocol/01_Daily_Start-Up_Protocol_006_IMAGE_191630_nano-banano-pro_2k_9x16_barkbus.png
2025-11-24 19:16:31 | DEBUG    | src.output.writer:_save_payload:257 - Saved payload to USER-FILES/05.OUTPUT/251124_191040_IMAGE/01_Daily_Start-Up_Protocol/01_Daily_Start-Up_Protocol_006_IMAGE_191630_nano-banano-pro_2k_9x16_barkbus.md
2025-11-24 19:16:31 | INFO     | src.processing.processor:_generate_and_save_image:248 - Saved image: USER-FILES/05.OUTPUT/251124_191040_IMAGE/01_Daily_Start-Up_Protocol/01_Daily_Start-Up_Protocol_006_IMAGE_191630_nano-banano-pro_2k_9x16_barkbus.png
2025-11-24 19:16:31 | INFO     | src.processing.processor:_process_with_context:197 - Waiting 1.0 seconds before next request
2025-11-24 19:16:32 | INFO     | src.processing.discovery:load_prompts:63 - Loaded prompt from 01_Daily_Start-Up_Protocol_007.txt
2025-11-24 19:16:32 | INFO     | src.processing.processor:_process_single_combination:119 - Processing combination 7/101: 01_Daily_Start-Up_Protocol/01_Daily_Start-Up_Protocol_007.txt + nano-banano-pro_2k_9x16_barkbus
2025-11-24 19:16:32 | DEBUG    | src.processing.processor:_process_single_combination:138 - Added image_input to params: ['https://f003.backblazeb2.com/file/bites-client-ref/Barkbus_Montage.png']
2025-11-24 19:16:32 | DEBUG    | src.processing.processor:_apply_prompt_fixes:208 - Added suffix to prompt: Provided image is a reference that shows you what the forementions actually look like.
2025-11-24 19:16:32 | DEBUG    | src.processing.processor:_process_with_context:186 - Processing 01_Daily_Start-Up_Protocol/01_Daily_Start-Up_Protocol_007.txt: Close-up in Barkbus hub facility of White female B...
2025-11-24 19:16:32 | DEBUG    | src.api.client:generate_image:85 - CRITICAL DEBUG - Received params: {
  "aspect_ratio": "9:16",
  "output_format": "png",
  "num_images": 1,
  "resolution": "2K",
  "safety_filter_level": "block_only_high",
  "image_input": [
    "https://f003.backblazeb2.com/file/bites-client-ref/Barkbus_Montage.png"
  ]
}
2025-11-24 19:16:32 | DEBUG    | src.api.client:generate_image:86 - CRITICAL DEBUG - Constructed payload: {
  "aspect_ratio": "9:16",
  "output_format": "png",
  "num_images": 1,
  "resolution": "2K",
  "safety_filter_level": "block_only_high",
  "image_input": [
    "https://f003.backblazeb2.com/file/bites-client-ref/Barkbus_Montage.png"
  ],
  "prompt": "Close-up in Barkbus hub facility of White female Barkbus groomer's hands in her late 20s wearing company uniform, tapping on tablet. Bright indoor lighting. Provided image is a reference that shows you what the forementions actually look like."
}
2025-11-24 19:16:32 | DEBUG    | src.api.client:generate_image:89 - Original prompt: Close-up in Barkbus hub facility of White female Barkbus groomer's hands in her late 20s wearing company uniform, tapping on tablet. Bright indoor lighting. Provided image is a reference that shows you what the forementions actually look like.
2025-11-24 19:16:32 | DEBUG    | src.api.client:generate_image:90 - Clean prompt being sent: Close-up in Barkbus hub facility of White female Barkbus groomer's hands in her late 20s wearing company uniform, tapping on tablet. Bright indoor lighting. Provided image is a reference that shows you what the forementions actually look like.
2025-11-24 19:16:32 | DEBUG    | src.api.client:generate_image:91 - Clean prompt repr: "Close-up in Barkbus hub facility of White female Barkbus groomer's hands in her late 20s wearing company uniform, tapping on tablet. Bright indoor lighting. Provided image is a reference that shows you what the forementions actually look like."
2025-11-24 19:16:32 | DEBUG    | src.api.client:_call_with_retry:152 - API call attempt 1/3
2025-11-24 19:16:32 | DEBUG    | src.api.client:_call_with_retry:155 - CRITICAL DEBUG - Payload sent to replicate.run: {
  "aspect_ratio": "9:16",
  "output_format": "png",
  "num_images": 1,
  "resolution": "2K",
  "safety_filter_level": "block_only_high",
  "image_input": [
    "https://f003.backblazeb2.com/file/bites-client-ref/Barkbus_Montage.png"
  ],
  "prompt": "Close-up in Barkbus hub facility of White female Barkbus groomer's hands in her late 20s wearing company uniform, tapping on tablet. Bright indoor lighting. Provided image is a reference that shows you what the forementions actually look like."
}
2025-11-24 19:17:16 | DEBUG    | src.api.client:_call_with_retry:170 - API call successful
2025-11-24 19:17:16 | WARNING  | src.api.client:generate_image:117 - API PARAMETER FILTERING DETECTED:
2025-11-24 19:17:16 | WARNING  | src.api.client:generate_image:118 -   Model: google/nano-banana-pro
2025-11-24 19:17:16 | WARNING  | src.api.client:generate_image:119 -   Filtered parameters: ['image_input']
2025-11-24 19:17:16 | WARNING  | src.api.client:generate_image:120 -   This means the model doesn't support these parameters
2025-11-24 19:17:18 | INFO     | src.output.writer:_save_to_disk:192 - Saved valid image: USER-FILES/05.OUTPUT/251124_191040_IMAGE/01_Daily_Start-Up_Protocol/01_Daily_Start-Up_Protocol_007_IMAGE_191716_nano-banano-pro_2k_9x16_barkbus.png
2025-11-24 19:17:18 | DEBUG    | src.output.writer:_save_payload:257 - Saved payload to USER-FILES/05.OUTPUT/251124_191040_IMAGE/01_Daily_Start-Up_Protocol/01_Daily_Start-Up_Protocol_007_IMAGE_191716_nano-banano-pro_2k_9x16_barkbus.md
2025-11-24 19:17:18 | INFO     | src.processing.processor:_generate_and_save_image:248 - Saved image: USER-FILES/05.OUTPUT/251124_191040_IMAGE/01_Daily_Start-Up_Protocol/01_Daily_Start-Up_Protocol_007_IMAGE_191716_nano-banano-pro_2k_9x16_barkbus.png
2025-11-24 19:17:18 | INFO     | src.processing.processor:_process_with_context:197 - Waiting 1.0 seconds before next request
2025-11-24 19:17:19 | INFO     | src.processing.discovery:load_prompts:63 - Loaded prompt from 01_Daily_Start-Up_Protocol_008.txt
2025-11-24 19:17:19 | INFO     | src.processing.processor:_process_single_combination:119 - Processing combination 8/101: 01_Daily_Start-Up_Protocol/01_Daily_Start-Up_Protocol_008.txt + nano-banano-pro_2k_9x16_barkbus
2025-11-24 19:17:19 | DEBUG    | src.processing.processor:_process_single_combination:138 - Added image_input to params: ['https://f003.backblazeb2.com/file/bites-client-ref/Barkbus_Montage.png']
2025-11-24 19:17:19 | DEBUG    | src.processing.processor:_apply_prompt_fixes:208 - Added suffix to prompt: Provided image is a reference that shows you what the forementions actually look like.
2025-11-24 19:17:19 | DEBUG    | src.processing.processor:_process_with_context:186 - Processing 01_Daily_Start-Up_Protocol/01_Daily_Start-Up_Protocol_008.txt: Close-up in Barkbus hub facility of Asian male Bar...
2025-11-24 19:17:19 | DEBUG    | src.api.client:generate_image:85 - CRITICAL DEBUG - Received params: {
  "aspect_ratio": "9:16",
  "output_format": "png",
  "num_images": 1,
  "resolution": "2K",
  "safety_filter_level": "block_only_high",
  "image_input": [
    "https://f003.backblazeb2.com/file/bites-client-ref/Barkbus_Montage.png"
  ]
}
2025-11-24 19:17:19 | DEBUG    | src.api.client:generate_image:86 - CRITICAL DEBUG - Constructed payload: {
  "aspect_ratio": "9:16",
  "output_format": "png",
  "num_images": 1,
  "resolution": "2K",
  "safety_filter_level": "block_only_high",
  "image_input": [
    "https://f003.backblazeb2.com/file/bites-client-ref/Barkbus_Montage.png"
  ],
  "prompt": "Close-up in Barkbus hub facility of Asian male Barkbus groomer in his early 30s wearing company uniform, holding phone and looking down at it with calm expression. Even indoor lighting. Provided image is a reference that shows you what the forementions actually look like."
}
2025-11-24 19:17:19 | DEBUG    | src.api.client:generate_image:89 - Original prompt: Close-up in Barkbus hub facility of Asian male Barkbus groomer in his early 30s wearing company uniform, holding phone and looking down at it with calm expression. Even indoor lighting. Provided image is a reference that shows you what the forementions actually look like.
2025-11-24 19:17:19 | DEBUG    | src.api.client:generate_image:90 - Clean prompt being sent: Close-up in Barkbus hub facility of Asian male Barkbus groomer in his early 30s wearing company uniform, holding phone and looking down at it with calm expression. Even indoor lighting. Provided image is a reference that shows you what the forementions actually look like.
2025-11-24 19:17:19 | DEBUG    | src.api.client:generate_image:91 - Clean prompt repr: 'Close-up in Barkbus hub facility of Asian male Barkbus groomer in his early 30s wearing company uniform, holding phone and looking down at it with calm expression. Even indoor lighting. Provided image is a reference that shows you what the forementions actually look like.'
2025-11-24 19:17:19 | DEBUG    | src.api.client:_call_with_retry:152 - API call attempt 1/3
2025-11-24 19:17:19 | DEBUG    | src.api.client:_call_with_retry:155 - CRITICAL DEBUG - Payload sent to replicate.run: {
  "aspect_ratio": "9:16",
  "output_format": "png",
  "num_images": 1,
  "resolution": "2K",
  "safety_filter_level": "block_only_high",
  "image_input": [
    "https://f003.backblazeb2.com/file/bites-client-ref/Barkbus_Montage.png"
  ],
  "prompt": "Close-up in Barkbus hub facility of Asian male Barkbus groomer in his early 30s wearing company uniform, holding phone and looking down at it with calm expression. Even indoor lighting. Provided image is a reference that shows you what the forementions actually look like."
}
2025-11-24 19:18:45 | DEBUG    | src.api.client:_call_with_retry:170 - API call successful
2025-11-24 19:18:45 | WARNING  | src.api.client:generate_image:117 - API PARAMETER FILTERING DETECTED:
2025-11-24 19:18:45 | WARNING  | src.api.client:generate_image:118 -   Model: google/nano-banana-pro
2025-11-24 19:18:45 | WARNING  | src.api.client:generate_image:119 -   Filtered parameters: ['image_input']
2025-11-24 19:18:45 | WARNING  | src.api.client:generate_image:120 -   This means the model doesn't support these parameters
2025-11-24 19:18:47 | INFO     | src.output.writer:_save_to_disk:192 - Saved valid image: USER-FILES/05.OUTPUT/251124_191040_IMAGE/01_Daily_Start-Up_Protocol/01_Daily_Start-Up_Protocol_008_IMAGE_191845_nano-banano-pro_2k_9x16_barkbus.png
2025-11-24 19:18:47 | DEBUG    | src.output.writer:_save_payload:257 - Saved payload to USER-FILES/05.OUTPUT/251124_191040_IMAGE/01_Daily_Start-Up_Protocol/01_Daily_Start-Up_Protocol_008_IMAGE_191845_nano-banano-pro_2k_9x16_barkbus.md
2025-11-24 19:18:47 | INFO     | src.processing.processor:_generate_and_save_image:248 - Saved image: USER-FILES/05.OUTPUT/251124_191040_IMAGE/01_Daily_Start-Up_Protocol/01_Daily_Start-Up_Protocol_008_IMAGE_191845_nano-banano-pro_2k_9x16_barkbus.png
2025-11-24 19:18:47 | INFO     | src.processing.processor:_process_with_context:197 - Waiting 1.0 seconds before next request
2025-11-24 19:18:48 | INFO     | src.processing.discovery:load_prompts:63 - Loaded prompt from 01_Daily_Start-Up_Protocol_009.txt
2025-11-24 19:18:48 | INFO     | src.processing.processor:_process_single_combination:119 - Processing combination 9/101: 01_Daily_Start-Up_Protocol/01_Daily_Start-Up_Protocol_009.txt + nano-banano-pro_2k_9x16_barkbus
2025-11-24 19:18:48 | DEBUG    | src.processing.processor:_process_single_combination:138 - Added image_input to params: ['https://f003.backblazeb2.com/file/bites-client-ref/Barkbus_Montage.png']
2025-11-24 19:18:48 | DEBUG    | src.processing.processor:_apply_prompt_fixes:208 - Added suffix to prompt: Provided image is a reference that shows you what the forementions actually look like.
2025-11-24 19:18:48 | DEBUG    | src.processing.processor:_process_with_context:186 - Processing 01_Daily_Start-Up_Protocol/01_Daily_Start-Up_Protocol_009.txt: Medium shot in Barkbus van interior of Mixed-race ...
2025-11-24 19:18:48 | DEBUG    | src.api.client:generate_image:85 - CRITICAL DEBUG - Received params: {
  "aspect_ratio": "9:16",
  "output_format": "png",
  "num_images": 1,
  "resolution": "2K",
  "safety_filter_level": "block_only_high",
  "image_input": [
    "https://f003.backblazeb2.com/file/bites-client-ref/Barkbus_Montage.png"
  ]
}
2025-11-24 19:18:48 | DEBUG    | src.api.client:generate_image:86 - CRITICAL DEBUG - Constructed payload: {
  "aspect_ratio": "9:16",
  "output_format": "png",
  "num_images": 1,
  "resolution": "2K",
  "safety_filter_level": "block_only_high",
  "image_input": [
    "https://f003.backblazeb2.com/file/bites-client-ref/Barkbus_Montage.png"
  ],
  "prompt": "Medium shot in Barkbus van interior of Mixed-race male Barkbus groomer in his late 20s wearing company uniform, standing and scanning organized shelves of grooming supplies. Bright, clean lighting. Provided image is a reference that shows you what the forementions actually look like."
}
2025-11-24 19:18:48 | DEBUG    | src.api.client:generate_image:89 - Original prompt: Medium shot in Barkbus van interior of Mixed-race male Barkbus groomer in his late 20s wearing company uniform, standing and scanning organized shelves of grooming supplies. Bright, clean lighting. Provided image is a reference that shows you what the forementions actually look like.
2025-11-24 19:18:48 | DEBUG    | src.api.client:generate_image:90 - Clean prompt being sent: Medium shot in Barkbus van interior of Mixed-race male Barkbus groomer in his late 20s wearing company uniform, standing and scanning organized shelves of grooming supplies. Bright, clean lighting. Provided image is a reference that shows you what the forementions actually look like.
2025-11-24 19:18:48 | DEBUG    | src.api.client:generate_image:91 - Clean prompt repr: 'Medium shot in Barkbus van interior of Mixed-race male Barkbus groomer in his late 20s wearing company uniform, standing and scanning organized shelves of grooming supplies. Bright, clean lighting. Provided image is a reference that shows you what the forementions actually look like.'
2025-11-24 19:18:48 | DEBUG    | src.api.client:_call_with_retry:152 - API call attempt 1/3
2025-11-24 19:18:48 | DEBUG    | src.api.client:_call_with_retry:155 - CRITICAL DEBUG - Payload sent to replicate.run: {
  "aspect_ratio": "9:16",
  "output_format": "png",
  "num_images": 1,
  "resolution": "2K",
  "safety_filter_level": "block_only_high",
  "image_input": [
    "https://f003.backblazeb2.com/file/bites-client-ref/Barkbus_Montage.png"
  ],
  "prompt": "Medium shot in Barkbus van interior of Mixed-race male Barkbus groomer in his late 20s wearing company uniform, standing and scanning organized shelves of grooming supplies. Bright, clean lighting. Provided image is a reference that shows you what the forementions actually look like."
}
2025-11-24 19:19:35 | DEBUG    | src.api.client:_call_with_retry:170 - API call successful
2025-11-24 19:19:35 | WARNING  | src.api.client:generate_image:117 - API PARAMETER FILTERING DETECTED:
2025-11-24 19:19:35 | WARNING  | src.api.client:generate_image:118 -   Model: google/nano-banana-pro
2025-11-24 19:19:35 | WARNING  | src.api.client:generate_image:119 -   Filtered parameters: ['image_input']
2025-11-24 19:19:35 | WARNING  | src.api.client:generate_image:120 -   This means the model doesn't support these parameters
2025-11-24 19:19:36 | INFO     | src.output.writer:_save_to_disk:192 - Saved valid image: USER-FILES/05.OUTPUT/251124_191040_IMAGE/01_Daily_Start-Up_Protocol/01_Daily_Start-Up_Protocol_009_IMAGE_191935_nano-banano-pro_2k_9x16_barkbus.png
2025-11-24 19:19:36 | DEBUG    | src.output.writer:_save_payload:257 - Saved payload to USER-FILES/05.OUTPUT/251124_191040_IMAGE/01_Daily_Start-Up_Protocol/01_Daily_Start-Up_Protocol_009_IMAGE_191935_nano-banano-pro_2k_9x16_barkbus.md
2025-11-24 19:19:36 | INFO     | src.processing.processor:_generate_and_save_image:248 - Saved image: USER-FILES/05.OUTPUT/251124_191040_IMAGE/01_Daily_Start-Up_Protocol/01_Daily_Start-Up_Protocol_009_IMAGE_191935_nano-banano-pro_2k_9x16_barkbus.png
2025-11-24 19:19:36 | INFO     | src.processing.processor:_process_with_context:197 - Waiting 1.0 seconds before next request
2025-11-24 19:19:37 | INFO     | src.processing.discovery:load_prompts:63 - Loaded prompt from 01_Daily_Start-Up_Protocol_010.txt
2025-11-24 19:19:37 | INFO     | src.processing.processor:_process_single_combination:119 - Processing combination 10/101: 01_Daily_Start-Up_Protocol/01_Daily_Start-Up_Protocol_010.txt + nano-banano-pro_2k_9x16_barkbus
2025-11-24 19:19:37 | DEBUG    | src.processing.processor:_process_single_combination:138 - Added image_input to params: ['https://f003.backblazeb2.com/file/bites-client-ref/Barkbus_Montage.png']
2025-11-24 19:19:37 | DEBUG    | src.processing.processor:_apply_prompt_fixes:208 - Added suffix to prompt: Provided image is a reference that shows you what the forementions actually look like.
2025-11-24 19:19:37 | DEBUG    | src.processing.processor:_process_with_context:186 - Processing 01_Daily_Start-Up_Protocol/01_Daily_Start-Up_Protocol_010.txt: Close-up in Barkbus van interior of Black female B...
2025-11-24 19:19:37 | DEBUG    | src.api.client:generate_image:85 - CRITICAL DEBUG - Received params: {
  "aspect_ratio": "9:16",
  "output_format": "png",
  "num_images": 1,
  "resolution": "2K",
  "safety_filter_level": "block_only_high",
  "image_input": [
    "https://f003.backblazeb2.com/file/bites-client-ref/Barkbus_Montage.png"
  ]
}
2025-11-24 19:19:37 | DEBUG    | src.api.client:generate_image:86 - CRITICAL DEBUG - Constructed payload: {
  "aspect_ratio": "9:16",
  "output_format": "png",
  "num_images": 1,
  "resolution": "2K",
  "safety_filter_level": "block_only_high",
  "image_input": [
    "https://f003.backblazeb2.com/file/bites-client-ref/Barkbus_Montage.png"
  ],
  "prompt": "Close-up in Barkbus van interior of Black female Barkbus groomer's hands in her early 30s wearing company uniform, touching and counting bottles of shampoo and stacked towels on shelf. Bright interior lighting. Provided image is a reference that shows you what the forementions actually look like."
}
2025-11-24 19:19:37 | DEBUG    | src.api.client:generate_image:89 - Original prompt: Close-up in Barkbus van interior of Black female Barkbus groomer's hands in her early 30s wearing company uniform, touching and counting bottles of shampoo and stacked towels on shelf. Bright interior lighting. Provided image is a reference that shows you what the forementions actually look like.
2025-11-24 19:19:37 | DEBUG    | src.api.client:generate_image:90 - Clean prompt being sent: Close-up in Barkbus van interior of Black female Barkbus groomer's hands in her early 30s wearing company uniform, touching and counting bottles of shampoo and stacked towels on shelf. Bright interior lighting. Provided image is a reference that shows you what the forementions actually look like.
2025-11-24 19:19:37 | DEBUG    | src.api.client:generate_image:91 - Clean prompt repr: "Close-up in Barkbus van interior of Black female Barkbus groomer's hands in her early 30s wearing company uniform, touching and counting bottles of shampoo and stacked towels on shelf. Bright interior lighting. Provided image is a reference that shows you what the forementions actually look like."
2025-11-24 19:19:37 | DEBUG    | src.api.client:_call_with_retry:152 - API call attempt 1/3
2025-11-24 19:19:37 | DEBUG    | src.api.client:_call_with_retry:155 - CRITICAL DEBUG - Payload sent to replicate.run: {
  "aspect_ratio": "9:16",
  "output_format": "png",
  "num_images": 1,
  "resolution": "2K",
  "safety_filter_level": "block_only_high",
  "image_input": [
    "https://f003.backblazeb2.com/file/bites-client-ref/Barkbus_Montage.png"
  ],
  "prompt": "Close-up in Barkbus van interior of Black female Barkbus groomer's hands in her early 30s wearing company uniform, touching and counting bottles of shampoo and stacked towels on shelf. Bright interior lighting. Provided image is a reference that shows you what the forementions actually look like."
}
2025-11-24 19:20:44 | WARNING  | __main__:main:350 - Interrupted by user
