2025-11-05 20:59:33 | INFO     | src.utils.logging:setup_logging:39 - Logging configured (verbose=False, debug=False)
2025-11-05 20:59:33 | INFO     | __main__:setup_environment:79 - Environment initialized
2025-11-05 20:59:33 | INFO     | __main__:load_and_validate_config:84 - Loading configuration...
2025-11-05 20:59:33 | INFO     | src.config.loader:load_config:42 - Loaded configuration from USER-FILES/01.CONFIG/config.yaml
2025-11-05 20:59:33 | INFO     | __main__:authenticate_for_mode:273 - Authenticating with 1Password...
2025-11-05 20:59:34 | DEBUG    | src.auth.session_manager:ensure_op_auth:39 - 1Password session is active
2025-11-05 20:59:35 | DEBUG    | src.auth.session_manager:ensure_op_auth:39 - 1Password session is active
2025-11-05 20:59:35 | DEBUG    | src.auth.auth:load_auth_config:28 - Using auth config: auth_ruben.yaml
2025-11-05 20:59:37 | DEBUG    | src.auth.auth:get_api_key:77 - Retrieved API key: r8_K...
2025-11-05 20:59:37 | INFO     | __main__:discover_inputs_and_profiles:92 - Discovering inputs...
2025-11-05 20:59:37 | DEBUG    | src.processing.discovery:discover_prompt_files:40 - Found prompt file: jewish_craftsmen_013.txt
2025-11-05 20:59:37 | DEBUG    | src.processing.discovery:discover_prompt_files:40 - Found prompt file: jewish_craftsmen_007.txt
2025-11-05 20:59:37 | DEBUG    | src.processing.discovery:discover_prompt_files:40 - Found prompt file: jewish_craftsmen_006.txt
2025-11-05 20:59:37 | DEBUG    | src.processing.discovery:discover_prompt_files:40 - Found prompt file: jewish_craftsmen_012.txt
2025-11-05 20:59:37 | DEBUG    | src.processing.discovery:discover_prompt_files:40 - Found prompt file: jewish_craftsmen_004.txt
2025-11-05 20:59:37 | DEBUG    | src.processing.discovery:discover_prompt_files:40 - Found prompt file: jewish_craftsmen_010.txt
2025-11-05 20:59:37 | DEBUG    | src.processing.discovery:discover_prompt_files:40 - Found prompt file: jewish_craftsmen_011.txt
2025-11-05 20:59:37 | DEBUG    | src.processing.discovery:discover_prompt_files:40 - Found prompt file: jewish_craftsmen_005.txt
2025-11-05 20:59:37 | DEBUG    | src.processing.discovery:discover_prompt_files:40 - Found prompt file: jewish_craftsmen_001.txt
2025-11-05 20:59:37 | DEBUG    | src.processing.discovery:discover_prompt_files:40 - Found prompt file: jewish_craftsmen_015.txt
2025-11-05 20:59:37 | DEBUG    | src.processing.discovery:discover_prompt_files:40 - Found prompt file: jewish_craftsmen_014.txt
2025-11-05 20:59:37 | DEBUG    | src.processing.discovery:discover_prompt_files:40 - Found prompt file: jewish_craftsmen_016.txt
2025-11-05 20:59:37 | DEBUG    | src.processing.discovery:discover_prompt_files:40 - Found prompt file: jewish_craftsmen_002.txt
2025-11-05 20:59:37 | DEBUG    | src.processing.discovery:discover_prompt_files:40 - Found prompt file: jewish_craftsmen_003.txt
2025-11-05 20:59:37 | DEBUG    | src.processing.discovery:discover_prompt_files:40 - Found prompt file: jewish_craftsmen_017.txt
2025-11-05 20:59:37 | DEBUG    | src.processing.discovery:discover_prompt_files:40 - Found prompt file: jewish_craftsmen_019.txt
2025-11-05 20:59:37 | DEBUG    | src.processing.discovery:discover_prompt_files:40 - Found prompt file: jewish_craftsmen_018.txt
2025-11-05 20:59:37 | DEBUG    | src.processing.discovery:discover_prompt_files:40 - Found prompt file: jewish_craftsmen_020.txt
2025-11-05 20:59:37 | DEBUG    | src.processing.discovery:discover_prompt_files:40 - Found prompt file: jewish_craftsmen_008.txt
2025-11-05 20:59:37 | DEBUG    | src.processing.discovery:discover_prompt_files:40 - Found prompt file: jewish_craftsmen_009.txt
2025-11-05 20:59:37 | INFO     | src.processing.discovery:discover_prompt_files:45 - Discovered 20 prompt files
2025-11-05 20:59:37 | DEBUG    | src.processing.discovery:discover_profiles:93 - Loaded profile: USER-FILES/03.PROFILES/nano-banano16x9_deakins.yaml
2025-11-05 20:59:37 | INFO     | src.processing.discovery:discover_profiles:97 - Loaded 1 profiles
2025-11-05 20:59:37 | INFO     | src.processing.discovery:get_active_models:135 - Found profile: nano-banano16x9_deakins
2025-11-05 20:59:37 | INFO     | src.processing.discovery:get_active_models:140 - Total profiles to process: 1
2025-11-05 20:59:37 | INFO     | src.config.validator:validate_all:26 - All configuration validation passed
2025-11-05 20:59:37 | INFO     | __main__:initialize_services:186 - Output directory: USER-FILES/05.OUTPUT/251105_205937_IMAGE
2025-11-05 20:59:37 | INFO     | __main__:execute_processing:221 - Starting matrix processing...
2025-11-05 20:59:37 | DEBUG    | src.processing.validator:validate_operational_requirements:23 - Profile 'nano-banano16x9_deakins' operational validation passed
2025-11-05 20:59:37 | INFO     | src.processing.processor:process_all:60 - Processing 20 combinations (20 files × 1 profiles)
2025-11-05 20:59:37 | INFO     | src.processing.discovery:load_prompts:63 - Loaded prompt from jewish_craftsmen_001.txt
2025-11-05 20:59:37 | INFO     | src.processing.processor:_process_single_combination:124 - Processing combination 1/20: jewish_craftsmen_001.txt + nano-banano16x9_deakins
2025-11-05 20:59:37 | DEBUG    | src.processing.processor:_apply_prompt_fixes:209 - Added prefix to prompt: A cinematic scene from the 
2025-11-05 20:59:37 | DEBUG    | src.processing.processor:_apply_prompt_fixes:213 - Added suffix to prompt: Shot on 35mm film in the style of Roger Deakins. Make the aspect ratio of the generated image the same as provided image
2025-11-05 20:59:37 | DEBUG    | src.processing.processor:_process_with_context:191 - Processing jewish_craftsmen_001.txt: A cinematic scene from the  1780s Stockholm, a Jew...
2025-11-05 20:59:37 | DEBUG    | src.api.client:generate_image:85 - CRITICAL DEBUG - Received params: {
  "num_images": 1,
  "image_input": [
    "https://f003.backblazeb2.com/file/aspect-ratio-reference/aspect_ratio_reference_16x9.png"
  ],
  "output_format": "png"
}
2025-11-05 20:59:37 | DEBUG    | src.api.client:generate_image:86 - CRITICAL DEBUG - Constructed payload: {
  "num_images": 1,
  "image_input": [
    "https://f003.backblazeb2.com/file/aspect-ratio-reference/aspect_ratio_reference_16x9.png"
  ],
  "output_format": "png",
  "prompt": "A cinematic scene from the  1780s Stockholm, a Jewish tailor cutting fine wool fabric on a large wooden table in a candlelit workshop. Shot on 35mm film in the style of Roger Deakins. Make the aspect ratio of the generated image the same as provided image"
}
2025-11-05 20:59:37 | DEBUG    | src.api.client:generate_image:89 - Original prompt: A cinematic scene from the  1780s Stockholm, a Jewish tailor cutting fine wool fabric on a large wooden table in a candlelit workshop. Shot on 35mm film in the style of Roger Deakins. Make the aspect ratio of the generated image the same as provided image
2025-11-05 20:59:37 | DEBUG    | src.api.client:generate_image:90 - Clean prompt being sent: A cinematic scene from the  1780s Stockholm, a Jewish tailor cutting fine wool fabric on a large wooden table in a candlelit workshop. Shot on 35mm film in the style of Roger Deakins. Make the aspect ratio of the generated image the same as provided image
2025-11-05 20:59:37 | DEBUG    | src.api.client:generate_image:91 - Clean prompt repr: 'A cinematic scene from the  1780s Stockholm, a Jewish tailor cutting fine wool fabric on a large wooden table in a candlelit workshop. Shot on 35mm film in the style of Roger Deakins. Make the aspect ratio of the generated image the same as provided image'
2025-11-05 20:59:37 | DEBUG    | src.api.client:_call_with_retry:152 - API call attempt 1/3
2025-11-05 20:59:37 | DEBUG    | src.api.client:_call_with_retry:155 - CRITICAL DEBUG - Payload sent to replicate.run: {
  "num_images": 1,
  "image_input": [
    "https://f003.backblazeb2.com/file/aspect-ratio-reference/aspect_ratio_reference_16x9.png"
  ],
  "output_format": "png",
  "prompt": "A cinematic scene from the  1780s Stockholm, a Jewish tailor cutting fine wool fabric on a large wooden table in a candlelit workshop. Shot on 35mm film in the style of Roger Deakins. Make the aspect ratio of the generated image the same as provided image"
}
2025-11-05 20:59:48 | DEBUG    | src.api.client:_call_with_retry:170 - API call successful
2025-11-05 20:59:48 | WARNING  | src.api.client:generate_image:117 - API PARAMETER FILTERING DETECTED:
2025-11-05 20:59:48 | WARNING  | src.api.client:generate_image:118 -   Model: google/nano-banana
2025-11-05 20:59:48 | WARNING  | src.api.client:generate_image:119 -   Filtered parameters: ['image_input']
2025-11-05 20:59:48 | WARNING  | src.api.client:generate_image:120 -   This means the model doesn't support these parameters
2025-11-05 20:59:49 | INFO     | src.output.writer:_save_to_disk:192 - Saved valid image: USER-FILES/05.OUTPUT/251105_205937_IMAGE/nano-banano16x9_deakins/jewish_craftsmen_001_205948_nano-banano16x9_deakins.png
2025-11-05 20:59:49 | DEBUG    | src.output.writer:_save_payload:257 - Saved payload to USER-FILES/05.OUTPUT/251105_205937_IMAGE/nano-banano16x9_deakins/jewish_craftsmen_001_205948_nano-banano16x9_deakins.md
2025-11-05 20:59:49 | INFO     | src.processing.processor:_generate_and_save_image:253 - Saved image: USER-FILES/05.OUTPUT/251105_205937_IMAGE/nano-banano16x9_deakins/jewish_craftsmen_001_205948_nano-banano16x9_deakins.png
2025-11-05 20:59:49 | INFO     | src.processing.discovery:load_prompts:63 - Loaded prompt from jewish_craftsmen_002.txt
2025-11-05 20:59:49 | INFO     | src.processing.processor:_process_single_combination:124 - Processing combination 2/20: jewish_craftsmen_002.txt + nano-banano16x9_deakins
2025-11-05 20:59:49 | DEBUG    | src.processing.processor:_apply_prompt_fixes:209 - Added prefix to prompt: A cinematic scene from the 
2025-11-05 20:59:49 | DEBUG    | src.processing.processor:_apply_prompt_fixes:213 - Added suffix to prompt: Shot on 35mm film in the style of Roger Deakins. Make the aspect ratio of the generated image the same as provided image
2025-11-05 20:59:49 | DEBUG    | src.processing.processor:_process_with_context:191 - Processing jewish_craftsmen_002.txt: A cinematic scene from the  1780s Stockholm, a Jew...
2025-11-05 20:59:49 | DEBUG    | src.api.client:generate_image:85 - CRITICAL DEBUG - Received params: {
  "num_images": 1,
  "image_input": [
    "https://f003.backblazeb2.com/file/aspect-ratio-reference/aspect_ratio_reference_16x9.png"
  ],
  "output_format": "png"
}
2025-11-05 20:59:49 | DEBUG    | src.api.client:generate_image:86 - CRITICAL DEBUG - Constructed payload: {
  "num_images": 1,
  "image_input": [
    "https://f003.backblazeb2.com/file/aspect-ratio-reference/aspect_ratio_reference_16x9.png"
  ],
  "output_format": "png",
  "prompt": "A cinematic scene from the  1780s Stockholm, a Jewish silversmith shaping ornate candlesticks with a hammer and anvil beside a glowing forge. Shot on 35mm film in the style of Roger Deakins. Make the aspect ratio of the generated image the same as provided image"
}
2025-11-05 20:59:49 | DEBUG    | src.api.client:generate_image:89 - Original prompt: A cinematic scene from the  1780s Stockholm, a Jewish silversmith shaping ornate candlesticks with a hammer and anvil beside a glowing forge. Shot on 35mm film in the style of Roger Deakins. Make the aspect ratio of the generated image the same as provided image
2025-11-05 20:59:49 | DEBUG    | src.api.client:generate_image:90 - Clean prompt being sent: A cinematic scene from the  1780s Stockholm, a Jewish silversmith shaping ornate candlesticks with a hammer and anvil beside a glowing forge. Shot on 35mm film in the style of Roger Deakins. Make the aspect ratio of the generated image the same as provided image
2025-11-05 20:59:49 | DEBUG    | src.api.client:generate_image:91 - Clean prompt repr: 'A cinematic scene from the  1780s Stockholm, a Jewish silversmith shaping ornate candlesticks with a hammer and anvil beside a glowing forge. Shot on 35mm film in the style of Roger Deakins. Make the aspect ratio of the generated image the same as provided image'
2025-11-05 20:59:49 | DEBUG    | src.api.client:_call_with_retry:152 - API call attempt 1/3
2025-11-05 20:59:49 | DEBUG    | src.api.client:_call_with_retry:155 - CRITICAL DEBUG - Payload sent to replicate.run: {
  "num_images": 1,
  "image_input": [
    "https://f003.backblazeb2.com/file/aspect-ratio-reference/aspect_ratio_reference_16x9.png"
  ],
  "output_format": "png",
  "prompt": "A cinematic scene from the  1780s Stockholm, a Jewish silversmith shaping ornate candlesticks with a hammer and anvil beside a glowing forge. Shot on 35mm film in the style of Roger Deakins. Make the aspect ratio of the generated image the same as provided image"
}
2025-11-05 20:59:59 | DEBUG    | src.api.client:_call_with_retry:170 - API call successful
2025-11-05 20:59:59 | WARNING  | src.api.client:generate_image:117 - API PARAMETER FILTERING DETECTED:
2025-11-05 20:59:59 | WARNING  | src.api.client:generate_image:118 -   Model: google/nano-banana
2025-11-05 20:59:59 | WARNING  | src.api.client:generate_image:119 -   Filtered parameters: ['image_input']
2025-11-05 20:59:59 | WARNING  | src.api.client:generate_image:120 -   This means the model doesn't support these parameters
2025-11-05 21:00:00 | INFO     | src.output.writer:_save_to_disk:192 - Saved valid image: USER-FILES/05.OUTPUT/251105_205937_IMAGE/nano-banano16x9_deakins/jewish_craftsmen_002_205959_nano-banano16x9_deakins.png
2025-11-05 21:00:00 | DEBUG    | src.output.writer:_save_payload:257 - Saved payload to USER-FILES/05.OUTPUT/251105_205937_IMAGE/nano-banano16x9_deakins/jewish_craftsmen_002_205959_nano-banano16x9_deakins.md
2025-11-05 21:00:00 | INFO     | src.processing.processor:_generate_and_save_image:253 - Saved image: USER-FILES/05.OUTPUT/251105_205937_IMAGE/nano-banano16x9_deakins/jewish_craftsmen_002_205959_nano-banano16x9_deakins.png
2025-11-05 21:00:00 | INFO     | src.processing.discovery:load_prompts:63 - Loaded prompt from jewish_craftsmen_003.txt
2025-11-05 21:00:00 | INFO     | src.processing.processor:_process_single_combination:124 - Processing combination 3/20: jewish_craftsmen_003.txt + nano-banano16x9_deakins
2025-11-05 21:00:00 | DEBUG    | src.processing.processor:_apply_prompt_fixes:209 - Added prefix to prompt: A cinematic scene from the 
2025-11-05 21:00:00 | DEBUG    | src.processing.processor:_apply_prompt_fixes:213 - Added suffix to prompt: Shot on 35mm film in the style of Roger Deakins. Make the aspect ratio of the generated image the same as provided image
2025-11-05 21:00:00 | DEBUG    | src.processing.processor:_process_with_context:191 - Processing jewish_craftsmen_003.txt: A cinematic scene from the  1790s Norrköping, a Je...
2025-11-05 21:00:00 | DEBUG    | src.api.client:generate_image:85 - CRITICAL DEBUG - Received params: {
  "num_images": 1,
  "image_input": [
    "https://f003.backblazeb2.com/file/aspect-ratio-reference/aspect_ratio_reference_16x9.png"
  ],
  "output_format": "png"
}
2025-11-05 21:00:00 | DEBUG    | src.api.client:generate_image:86 - CRITICAL DEBUG - Constructed payload: {
  "num_images": 1,
  "image_input": [
    "https://f003.backblazeb2.com/file/aspect-ratio-reference/aspect_ratio_reference_16x9.png"
  ],
  "output_format": "png",
  "prompt": "A cinematic scene from the  1790s Norrk\u00f6ping, a Jewish weaver operating a handloom, intricate patterned textiles spilling from the frame. Shot on 35mm film in the style of Roger Deakins. Make the aspect ratio of the generated image the same as provided image"
}
2025-11-05 21:00:00 | DEBUG    | src.api.client:generate_image:89 - Original prompt: A cinematic scene from the  1790s Norrköping, a Jewish weaver operating a handloom, intricate patterned textiles spilling from the frame. Shot on 35mm film in the style of Roger Deakins. Make the aspect ratio of the generated image the same as provided image
2025-11-05 21:00:00 | DEBUG    | src.api.client:generate_image:90 - Clean prompt being sent: A cinematic scene from the  1790s Norrköping, a Jewish weaver operating a handloom, intricate patterned textiles spilling from the frame. Shot on 35mm film in the style of Roger Deakins. Make the aspect ratio of the generated image the same as provided image
2025-11-05 21:00:00 | DEBUG    | src.api.client:generate_image:91 - Clean prompt repr: 'A cinematic scene from the  1790s Norrköping, a Jewish weaver operating a handloom, intricate patterned textiles spilling from the frame. Shot on 35mm film in the style of Roger Deakins. Make the aspect ratio of the generated image the same as provided image'
2025-11-05 21:00:00 | DEBUG    | src.api.client:_call_with_retry:152 - API call attempt 1/3
2025-11-05 21:00:00 | DEBUG    | src.api.client:_call_with_retry:155 - CRITICAL DEBUG - Payload sent to replicate.run: {
  "num_images": 1,
  "image_input": [
    "https://f003.backblazeb2.com/file/aspect-ratio-reference/aspect_ratio_reference_16x9.png"
  ],
  "output_format": "png",
  "prompt": "A cinematic scene from the  1790s Norrk\u00f6ping, a Jewish weaver operating a handloom, intricate patterned textiles spilling from the frame. Shot on 35mm film in the style of Roger Deakins. Make the aspect ratio of the generated image the same as provided image"
}
2025-11-05 21:00:10 | DEBUG    | src.api.client:_call_with_retry:170 - API call successful
2025-11-05 21:00:10 | WARNING  | src.api.client:generate_image:117 - API PARAMETER FILTERING DETECTED:
2025-11-05 21:00:10 | WARNING  | src.api.client:generate_image:118 -   Model: google/nano-banana
2025-11-05 21:00:10 | WARNING  | src.api.client:generate_image:119 -   Filtered parameters: ['image_input']
2025-11-05 21:00:10 | WARNING  | src.api.client:generate_image:120 -   This means the model doesn't support these parameters
2025-11-05 21:00:11 | INFO     | src.output.writer:_save_to_disk:192 - Saved valid image: USER-FILES/05.OUTPUT/251105_205937_IMAGE/nano-banano16x9_deakins/jewish_craftsmen_003_210010_nano-banano16x9_deakins.png
2025-11-05 21:00:11 | DEBUG    | src.output.writer:_save_payload:257 - Saved payload to USER-FILES/05.OUTPUT/251105_205937_IMAGE/nano-banano16x9_deakins/jewish_craftsmen_003_210010_nano-banano16x9_deakins.md
2025-11-05 21:00:11 | INFO     | src.processing.processor:_generate_and_save_image:253 - Saved image: USER-FILES/05.OUTPUT/251105_205937_IMAGE/nano-banano16x9_deakins/jewish_craftsmen_003_210010_nano-banano16x9_deakins.png
2025-11-05 21:00:11 | INFO     | src.processing.discovery:load_prompts:63 - Loaded prompt from jewish_craftsmen_004.txt
2025-11-05 21:00:11 | INFO     | src.processing.processor:_process_single_combination:124 - Processing combination 4/20: jewish_craftsmen_004.txt + nano-banano16x9_deakins
2025-11-05 21:00:11 | DEBUG    | src.processing.processor:_apply_prompt_fixes:209 - Added prefix to prompt: A cinematic scene from the 
2025-11-05 21:00:11 | DEBUG    | src.processing.processor:_apply_prompt_fixes:213 - Added suffix to prompt: Shot on 35mm film in the style of Roger Deakins. Make the aspect ratio of the generated image the same as provided image
2025-11-05 21:00:11 | DEBUG    | src.processing.processor:_process_with_context:191 - Processing jewish_craftsmen_004.txt: A cinematic scene from the  1780s Gothenburg, a Je...
2025-11-05 21:00:11 | DEBUG    | src.api.client:generate_image:85 - CRITICAL DEBUG - Received params: {
  "num_images": 1,
  "image_input": [
    "https://f003.backblazeb2.com/file/aspect-ratio-reference/aspect_ratio_reference_16x9.png"
  ],
  "output_format": "png"
}
2025-11-05 21:00:11 | DEBUG    | src.api.client:generate_image:86 - CRITICAL DEBUG - Constructed payload: {
  "num_images": 1,
  "image_input": [
    "https://f003.backblazeb2.com/file/aspect-ratio-reference/aspect_ratio_reference_16x9.png"
  ],
  "output_format": "png",
  "prompt": "A cinematic scene from the  1780s Gothenburg, a Jewish watchmaker examining the gears of a pocket watch through a magnifying lens. Shot on 35mm film in the style of Roger Deakins. Make the aspect ratio of the generated image the same as provided image"
}
2025-11-05 21:00:11 | DEBUG    | src.api.client:generate_image:89 - Original prompt: A cinematic scene from the  1780s Gothenburg, a Jewish watchmaker examining the gears of a pocket watch through a magnifying lens. Shot on 35mm film in the style of Roger Deakins. Make the aspect ratio of the generated image the same as provided image
2025-11-05 21:00:11 | DEBUG    | src.api.client:generate_image:90 - Clean prompt being sent: A cinematic scene from the  1780s Gothenburg, a Jewish watchmaker examining the gears of a pocket watch through a magnifying lens. Shot on 35mm film in the style of Roger Deakins. Make the aspect ratio of the generated image the same as provided image
2025-11-05 21:00:11 | DEBUG    | src.api.client:generate_image:91 - Clean prompt repr: 'A cinematic scene from the  1780s Gothenburg, a Jewish watchmaker examining the gears of a pocket watch through a magnifying lens. Shot on 35mm film in the style of Roger Deakins. Make the aspect ratio of the generated image the same as provided image'
2025-11-05 21:00:11 | DEBUG    | src.api.client:_call_with_retry:152 - API call attempt 1/3
2025-11-05 21:00:11 | DEBUG    | src.api.client:_call_with_retry:155 - CRITICAL DEBUG - Payload sent to replicate.run: {
  "num_images": 1,
  "image_input": [
    "https://f003.backblazeb2.com/file/aspect-ratio-reference/aspect_ratio_reference_16x9.png"
  ],
  "output_format": "png",
  "prompt": "A cinematic scene from the  1780s Gothenburg, a Jewish watchmaker examining the gears of a pocket watch through a magnifying lens. Shot on 35mm film in the style of Roger Deakins. Make the aspect ratio of the generated image the same as provided image"
}
2025-11-05 21:00:21 | DEBUG    | src.api.client:_call_with_retry:170 - API call successful
2025-11-05 21:00:21 | WARNING  | src.api.client:generate_image:117 - API PARAMETER FILTERING DETECTED:
2025-11-05 21:00:21 | WARNING  | src.api.client:generate_image:118 -   Model: google/nano-banana
2025-11-05 21:00:21 | WARNING  | src.api.client:generate_image:119 -   Filtered parameters: ['image_input']
2025-11-05 21:00:21 | WARNING  | src.api.client:generate_image:120 -   This means the model doesn't support these parameters
2025-11-05 21:00:22 | INFO     | src.output.writer:_save_to_disk:192 - Saved valid image: USER-FILES/05.OUTPUT/251105_205937_IMAGE/nano-banano16x9_deakins/jewish_craftsmen_004_210021_nano-banano16x9_deakins.png
2025-11-05 21:00:22 | DEBUG    | src.output.writer:_save_payload:257 - Saved payload to USER-FILES/05.OUTPUT/251105_205937_IMAGE/nano-banano16x9_deakins/jewish_craftsmen_004_210021_nano-banano16x9_deakins.md
2025-11-05 21:00:22 | INFO     | src.processing.processor:_generate_and_save_image:253 - Saved image: USER-FILES/05.OUTPUT/251105_205937_IMAGE/nano-banano16x9_deakins/jewish_craftsmen_004_210021_nano-banano16x9_deakins.png
2025-11-05 21:00:22 | INFO     | src.processing.discovery:load_prompts:63 - Loaded prompt from jewish_craftsmen_005.txt
2025-11-05 21:00:22 | INFO     | src.processing.processor:_process_single_combination:124 - Processing combination 5/20: jewish_craftsmen_005.txt + nano-banano16x9_deakins
2025-11-05 21:00:22 | DEBUG    | src.processing.processor:_apply_prompt_fixes:209 - Added prefix to prompt: A cinematic scene from the 
2025-11-05 21:00:22 | DEBUG    | src.processing.processor:_apply_prompt_fixes:213 - Added suffix to prompt: Shot on 35mm film in the style of Roger Deakins. Make the aspect ratio of the generated image the same as provided image
2025-11-05 21:00:22 | DEBUG    | src.processing.processor:_process_with_context:191 - Processing jewish_craftsmen_005.txt: A cinematic scene from the  1790s Stockholm, a Jew...
2025-11-05 21:00:22 | DEBUG    | src.api.client:generate_image:85 - CRITICAL DEBUG - Received params: {
  "num_images": 1,
  "image_input": [
    "https://f003.backblazeb2.com/file/aspect-ratio-reference/aspect_ratio_reference_16x9.png"
  ],
  "output_format": "png"
}
2025-11-05 21:00:22 | DEBUG    | src.api.client:generate_image:86 - CRITICAL DEBUG - Constructed payload: {
  "num_images": 1,
  "image_input": [
    "https://f003.backblazeb2.com/file/aspect-ratio-reference/aspect_ratio_reference_16x9.png"
  ],
  "output_format": "png",
  "prompt": "A cinematic scene from the  1790s Stockholm, a Jewish goldsmith engraving details into a necklace at a cluttered workbench filled with tiny tools. Shot on 35mm film in the style of Roger Deakins. Make the aspect ratio of the generated image the same as provided image"
}
2025-11-05 21:00:22 | DEBUG    | src.api.client:generate_image:89 - Original prompt: A cinematic scene from the  1790s Stockholm, a Jewish goldsmith engraving details into a necklace at a cluttered workbench filled with tiny tools. Shot on 35mm film in the style of Roger Deakins. Make the aspect ratio of the generated image the same as provided image
2025-11-05 21:00:22 | DEBUG    | src.api.client:generate_image:90 - Clean prompt being sent: A cinematic scene from the  1790s Stockholm, a Jewish goldsmith engraving details into a necklace at a cluttered workbench filled with tiny tools. Shot on 35mm film in the style of Roger Deakins. Make the aspect ratio of the generated image the same as provided image
2025-11-05 21:00:22 | DEBUG    | src.api.client:generate_image:91 - Clean prompt repr: 'A cinematic scene from the  1790s Stockholm, a Jewish goldsmith engraving details into a necklace at a cluttered workbench filled with tiny tools. Shot on 35mm film in the style of Roger Deakins. Make the aspect ratio of the generated image the same as provided image'
2025-11-05 21:00:22 | DEBUG    | src.api.client:_call_with_retry:152 - API call attempt 1/3
2025-11-05 21:00:22 | DEBUG    | src.api.client:_call_with_retry:155 - CRITICAL DEBUG - Payload sent to replicate.run: {
  "num_images": 1,
  "image_input": [
    "https://f003.backblazeb2.com/file/aspect-ratio-reference/aspect_ratio_reference_16x9.png"
  ],
  "output_format": "png",
  "prompt": "A cinematic scene from the  1790s Stockholm, a Jewish goldsmith engraving details into a necklace at a cluttered workbench filled with tiny tools. Shot on 35mm film in the style of Roger Deakins. Make the aspect ratio of the generated image the same as provided image"
}
2025-11-05 21:00:32 | DEBUG    | src.api.client:_call_with_retry:170 - API call successful
2025-11-05 21:00:32 | WARNING  | src.api.client:generate_image:117 - API PARAMETER FILTERING DETECTED:
2025-11-05 21:00:32 | WARNING  | src.api.client:generate_image:118 -   Model: google/nano-banana
2025-11-05 21:00:32 | WARNING  | src.api.client:generate_image:119 -   Filtered parameters: ['image_input']
2025-11-05 21:00:32 | WARNING  | src.api.client:generate_image:120 -   This means the model doesn't support these parameters
2025-11-05 21:00:33 | INFO     | src.output.writer:_save_to_disk:192 - Saved valid image: USER-FILES/05.OUTPUT/251105_205937_IMAGE/nano-banano16x9_deakins/jewish_craftsmen_005_210032_nano-banano16x9_deakins.png
2025-11-05 21:00:33 | DEBUG    | src.output.writer:_save_payload:257 - Saved payload to USER-FILES/05.OUTPUT/251105_205937_IMAGE/nano-banano16x9_deakins/jewish_craftsmen_005_210032_nano-banano16x9_deakins.md
2025-11-05 21:00:33 | INFO     | src.processing.processor:_generate_and_save_image:253 - Saved image: USER-FILES/05.OUTPUT/251105_205937_IMAGE/nano-banano16x9_deakins/jewish_craftsmen_005_210032_nano-banano16x9_deakins.png
2025-11-05 21:00:33 | INFO     | src.processing.discovery:load_prompts:63 - Loaded prompt from jewish_craftsmen_006.txt
2025-11-05 21:00:33 | INFO     | src.processing.processor:_process_single_combination:124 - Processing combination 6/20: jewish_craftsmen_006.txt + nano-banano16x9_deakins
2025-11-05 21:00:33 | DEBUG    | src.processing.processor:_apply_prompt_fixes:209 - Added prefix to prompt: A cinematic scene from the 
2025-11-05 21:00:33 | DEBUG    | src.processing.processor:_apply_prompt_fixes:213 - Added suffix to prompt: Shot on 35mm film in the style of Roger Deakins. Make the aspect ratio of the generated image the same as provided image
2025-11-05 21:00:33 | DEBUG    | src.processing.processor:_process_with_context:191 - Processing jewish_craftsmen_006.txt: A cinematic scene from the  1790s Norrköping, a Je...
2025-11-05 21:00:33 | DEBUG    | src.api.client:generate_image:85 - CRITICAL DEBUG - Received params: {
  "num_images": 1,
  "image_input": [
    "https://f003.backblazeb2.com/file/aspect-ratio-reference/aspect_ratio_reference_16x9.png"
  ],
  "output_format": "png"
}
2025-11-05 21:00:33 | DEBUG    | src.api.client:generate_image:86 - CRITICAL DEBUG - Constructed payload: {
  "num_images": 1,
  "image_input": [
    "https://f003.backblazeb2.com/file/aspect-ratio-reference/aspect_ratio_reference_16x9.png"
  ],
  "output_format": "png",
  "prompt": "A cinematic scene from the  1790s Norrk\u00f6ping, a Jewish dyer stirring vats of indigo dye, steam and color filling the air of the workshop. Shot on 35mm film in the style of Roger Deakins. Make the aspect ratio of the generated image the same as provided image"
}
2025-11-05 21:00:33 | DEBUG    | src.api.client:generate_image:89 - Original prompt: A cinematic scene from the  1790s Norrköping, a Jewish dyer stirring vats of indigo dye, steam and color filling the air of the workshop. Shot on 35mm film in the style of Roger Deakins. Make the aspect ratio of the generated image the same as provided image
2025-11-05 21:00:33 | DEBUG    | src.api.client:generate_image:90 - Clean prompt being sent: A cinematic scene from the  1790s Norrköping, a Jewish dyer stirring vats of indigo dye, steam and color filling the air of the workshop. Shot on 35mm film in the style of Roger Deakins. Make the aspect ratio of the generated image the same as provided image
2025-11-05 21:00:33 | DEBUG    | src.api.client:generate_image:91 - Clean prompt repr: 'A cinematic scene from the  1790s Norrköping, a Jewish dyer stirring vats of indigo dye, steam and color filling the air of the workshop. Shot on 35mm film in the style of Roger Deakins. Make the aspect ratio of the generated image the same as provided image'
2025-11-05 21:00:33 | DEBUG    | src.api.client:_call_with_retry:152 - API call attempt 1/3
2025-11-05 21:00:33 | DEBUG    | src.api.client:_call_with_retry:155 - CRITICAL DEBUG - Payload sent to replicate.run: {
  "num_images": 1,
  "image_input": [
    "https://f003.backblazeb2.com/file/aspect-ratio-reference/aspect_ratio_reference_16x9.png"
  ],
  "output_format": "png",
  "prompt": "A cinematic scene from the  1790s Norrk\u00f6ping, a Jewish dyer stirring vats of indigo dye, steam and color filling the air of the workshop. Shot on 35mm film in the style of Roger Deakins. Make the aspect ratio of the generated image the same as provided image"
}
2025-11-05 21:00:43 | DEBUG    | src.api.client:_call_with_retry:170 - API call successful
2025-11-05 21:00:43 | WARNING  | src.api.client:generate_image:117 - API PARAMETER FILTERING DETECTED:
2025-11-05 21:00:43 | WARNING  | src.api.client:generate_image:118 -   Model: google/nano-banana
2025-11-05 21:00:43 | WARNING  | src.api.client:generate_image:119 -   Filtered parameters: ['image_input']
2025-11-05 21:00:43 | WARNING  | src.api.client:generate_image:120 -   This means the model doesn't support these parameters
2025-11-05 21:00:44 | INFO     | src.output.writer:_save_to_disk:192 - Saved valid image: USER-FILES/05.OUTPUT/251105_205937_IMAGE/nano-banano16x9_deakins/jewish_craftsmen_006_210043_nano-banano16x9_deakins.png
2025-11-05 21:00:44 | DEBUG    | src.output.writer:_save_payload:257 - Saved payload to USER-FILES/05.OUTPUT/251105_205937_IMAGE/nano-banano16x9_deakins/jewish_craftsmen_006_210043_nano-banano16x9_deakins.md
2025-11-05 21:00:44 | INFO     | src.processing.processor:_generate_and_save_image:253 - Saved image: USER-FILES/05.OUTPUT/251105_205937_IMAGE/nano-banano16x9_deakins/jewish_craftsmen_006_210043_nano-banano16x9_deakins.png
2025-11-05 21:00:44 | INFO     | src.processing.discovery:load_prompts:63 - Loaded prompt from jewish_craftsmen_007.txt
2025-11-05 21:00:44 | INFO     | src.processing.processor:_process_single_combination:124 - Processing combination 7/20: jewish_craftsmen_007.txt + nano-banano16x9_deakins
2025-11-05 21:00:44 | DEBUG    | src.processing.processor:_apply_prompt_fixes:209 - Added prefix to prompt: A cinematic scene from the 
2025-11-05 21:00:44 | DEBUG    | src.processing.processor:_apply_prompt_fixes:213 - Added suffix to prompt: Shot on 35mm film in the style of Roger Deakins. Make the aspect ratio of the generated image the same as provided image
2025-11-05 21:00:44 | DEBUG    | src.processing.processor:_process_with_context:191 - Processing jewish_craftsmen_007.txt: A cinematic scene from the  1780s Stockholm, a Jew...
2025-11-05 21:00:44 | DEBUG    | src.api.client:generate_image:85 - CRITICAL DEBUG - Received params: {
  "num_images": 1,
  "image_input": [
    "https://f003.backblazeb2.com/file/aspect-ratio-reference/aspect_ratio_reference_16x9.png"
  ],
  "output_format": "png"
}
2025-11-05 21:00:44 | DEBUG    | src.api.client:generate_image:86 - CRITICAL DEBUG - Constructed payload: {
  "num_images": 1,
  "image_input": [
    "https://f003.backblazeb2.com/file/aspect-ratio-reference/aspect_ratio_reference_16x9.png"
  ],
  "output_format": "png",
  "prompt": "A cinematic scene from the  1780s Stockholm, a Jewish hatmaker stitching decorative ribbons onto a fine felt hat by lamplight. Shot on 35mm film in the style of Roger Deakins. Make the aspect ratio of the generated image the same as provided image"
}
2025-11-05 21:00:44 | DEBUG    | src.api.client:generate_image:89 - Original prompt: A cinematic scene from the  1780s Stockholm, a Jewish hatmaker stitching decorative ribbons onto a fine felt hat by lamplight. Shot on 35mm film in the style of Roger Deakins. Make the aspect ratio of the generated image the same as provided image
2025-11-05 21:00:44 | DEBUG    | src.api.client:generate_image:90 - Clean prompt being sent: A cinematic scene from the  1780s Stockholm, a Jewish hatmaker stitching decorative ribbons onto a fine felt hat by lamplight. Shot on 35mm film in the style of Roger Deakins. Make the aspect ratio of the generated image the same as provided image
2025-11-05 21:00:44 | DEBUG    | src.api.client:generate_image:91 - Clean prompt repr: 'A cinematic scene from the  1780s Stockholm, a Jewish hatmaker stitching decorative ribbons onto a fine felt hat by lamplight. Shot on 35mm film in the style of Roger Deakins. Make the aspect ratio of the generated image the same as provided image'
2025-11-05 21:00:44 | DEBUG    | src.api.client:_call_with_retry:152 - API call attempt 1/3
2025-11-05 21:00:44 | DEBUG    | src.api.client:_call_with_retry:155 - CRITICAL DEBUG - Payload sent to replicate.run: {
  "num_images": 1,
  "image_input": [
    "https://f003.backblazeb2.com/file/aspect-ratio-reference/aspect_ratio_reference_16x9.png"
  ],
  "output_format": "png",
  "prompt": "A cinematic scene from the  1780s Stockholm, a Jewish hatmaker stitching decorative ribbons onto a fine felt hat by lamplight. Shot on 35mm film in the style of Roger Deakins. Make the aspect ratio of the generated image the same as provided image"
}
2025-11-05 21:00:54 | DEBUG    | src.api.client:_call_with_retry:170 - API call successful
2025-11-05 21:00:54 | WARNING  | src.api.client:generate_image:117 - API PARAMETER FILTERING DETECTED:
2025-11-05 21:00:54 | WARNING  | src.api.client:generate_image:118 -   Model: google/nano-banana
2025-11-05 21:00:54 | WARNING  | src.api.client:generate_image:119 -   Filtered parameters: ['image_input']
2025-11-05 21:00:54 | WARNING  | src.api.client:generate_image:120 -   This means the model doesn't support these parameters
2025-11-05 21:00:55 | INFO     | src.output.writer:_save_to_disk:192 - Saved valid image: USER-FILES/05.OUTPUT/251105_205937_IMAGE/nano-banano16x9_deakins/jewish_craftsmen_007_210054_nano-banano16x9_deakins.png
2025-11-05 21:00:55 | DEBUG    | src.output.writer:_save_payload:257 - Saved payload to USER-FILES/05.OUTPUT/251105_205937_IMAGE/nano-banano16x9_deakins/jewish_craftsmen_007_210054_nano-banano16x9_deakins.md
2025-11-05 21:00:55 | INFO     | src.processing.processor:_generate_and_save_image:253 - Saved image: USER-FILES/05.OUTPUT/251105_205937_IMAGE/nano-banano16x9_deakins/jewish_craftsmen_007_210054_nano-banano16x9_deakins.png
2025-11-05 21:00:55 | INFO     | src.processing.discovery:load_prompts:63 - Loaded prompt from jewish_craftsmen_008.txt
2025-11-05 21:00:55 | INFO     | src.processing.processor:_process_single_combination:124 - Processing combination 8/20: jewish_craftsmen_008.txt + nano-banano16x9_deakins
2025-11-05 21:00:55 | DEBUG    | src.processing.processor:_apply_prompt_fixes:209 - Added prefix to prompt: A cinematic scene from the 
2025-11-05 21:00:55 | DEBUG    | src.processing.processor:_apply_prompt_fixes:213 - Added suffix to prompt: Shot on 35mm film in the style of Roger Deakins. Make the aspect ratio of the generated image the same as provided image
2025-11-05 21:00:55 | DEBUG    | src.processing.processor:_process_with_context:191 - Processing jewish_craftsmen_008.txt: A cinematic scene from the  1790s Stockholm, a Jew...
2025-11-05 21:00:55 | DEBUG    | src.api.client:generate_image:85 - CRITICAL DEBUG - Received params: {
  "num_images": 1,
  "image_input": [
    "https://f003.backblazeb2.com/file/aspect-ratio-reference/aspect_ratio_reference_16x9.png"
  ],
  "output_format": "png"
}
2025-11-05 21:00:55 | DEBUG    | src.api.client:generate_image:86 - CRITICAL DEBUG - Constructed payload: {
  "num_images": 1,
  "image_input": [
    "https://f003.backblazeb2.com/file/aspect-ratio-reference/aspect_ratio_reference_16x9.png"
  ],
  "output_format": "png",
  "prompt": "A cinematic scene from the  1790s Stockholm, a Jewish leatherworker pressing and stitching material for a pair of high-quality riding boots. Shot on 35mm film in the style of Roger Deakins. Make the aspect ratio of the generated image the same as provided image"
}
2025-11-05 21:00:55 | DEBUG    | src.api.client:generate_image:89 - Original prompt: A cinematic scene from the  1790s Stockholm, a Jewish leatherworker pressing and stitching material for a pair of high-quality riding boots. Shot on 35mm film in the style of Roger Deakins. Make the aspect ratio of the generated image the same as provided image
2025-11-05 21:00:55 | DEBUG    | src.api.client:generate_image:90 - Clean prompt being sent: A cinematic scene from the  1790s Stockholm, a Jewish leatherworker pressing and stitching material for a pair of high-quality riding boots. Shot on 35mm film in the style of Roger Deakins. Make the aspect ratio of the generated image the same as provided image
2025-11-05 21:00:55 | DEBUG    | src.api.client:generate_image:91 - Clean prompt repr: 'A cinematic scene from the  1790s Stockholm, a Jewish leatherworker pressing and stitching material for a pair of high-quality riding boots. Shot on 35mm film in the style of Roger Deakins. Make the aspect ratio of the generated image the same as provided image'
2025-11-05 21:00:55 | DEBUG    | src.api.client:_call_with_retry:152 - API call attempt 1/3
2025-11-05 21:00:55 | DEBUG    | src.api.client:_call_with_retry:155 - CRITICAL DEBUG - Payload sent to replicate.run: {
  "num_images": 1,
  "image_input": [
    "https://f003.backblazeb2.com/file/aspect-ratio-reference/aspect_ratio_reference_16x9.png"
  ],
  "output_format": "png",
  "prompt": "A cinematic scene from the  1790s Stockholm, a Jewish leatherworker pressing and stitching material for a pair of high-quality riding boots. Shot on 35mm film in the style of Roger Deakins. Make the aspect ratio of the generated image the same as provided image"
}
2025-11-05 21:01:04 | DEBUG    | src.api.client:_call_with_retry:170 - API call successful
2025-11-05 21:01:04 | WARNING  | src.api.client:generate_image:117 - API PARAMETER FILTERING DETECTED:
2025-11-05 21:01:04 | WARNING  | src.api.client:generate_image:118 -   Model: google/nano-banana
2025-11-05 21:01:04 | WARNING  | src.api.client:generate_image:119 -   Filtered parameters: ['image_input']
2025-11-05 21:01:04 | WARNING  | src.api.client:generate_image:120 -   This means the model doesn't support these parameters
2025-11-05 21:01:05 | INFO     | src.output.writer:_save_to_disk:192 - Saved valid image: USER-FILES/05.OUTPUT/251105_205937_IMAGE/nano-banano16x9_deakins/jewish_craftsmen_008_210104_nano-banano16x9_deakins.png
2025-11-05 21:01:05 | DEBUG    | src.output.writer:_save_payload:257 - Saved payload to USER-FILES/05.OUTPUT/251105_205937_IMAGE/nano-banano16x9_deakins/jewish_craftsmen_008_210104_nano-banano16x9_deakins.md
2025-11-05 21:01:05 | INFO     | src.processing.processor:_generate_and_save_image:253 - Saved image: USER-FILES/05.OUTPUT/251105_205937_IMAGE/nano-banano16x9_deakins/jewish_craftsmen_008_210104_nano-banano16x9_deakins.png
2025-11-05 21:01:05 | INFO     | src.processing.discovery:load_prompts:63 - Loaded prompt from jewish_craftsmen_009.txt
2025-11-05 21:01:05 | INFO     | src.processing.processor:_process_single_combination:124 - Processing combination 9/20: jewish_craftsmen_009.txt + nano-banano16x9_deakins
2025-11-05 21:01:05 | DEBUG    | src.processing.processor:_apply_prompt_fixes:209 - Added prefix to prompt: A cinematic scene from the 
2025-11-05 21:01:05 | DEBUG    | src.processing.processor:_apply_prompt_fixes:213 - Added suffix to prompt: Shot on 35mm film in the style of Roger Deakins. Make the aspect ratio of the generated image the same as provided image
2025-11-05 21:01:05 | DEBUG    | src.processing.processor:_process_with_context:191 - Processing jewish_craftsmen_009.txt: A cinematic scene from the  1780s Gothenburg, a Je...
2025-11-05 21:01:05 | DEBUG    | src.api.client:generate_image:85 - CRITICAL DEBUG - Received params: {
  "num_images": 1,
  "image_input": [
    "https://f003.backblazeb2.com/file/aspect-ratio-reference/aspect_ratio_reference_16x9.png"
  ],
  "output_format": "png"
}
2025-11-05 21:01:05 | DEBUG    | src.api.client:generate_image:86 - CRITICAL DEBUG - Constructed payload: {
  "num_images": 1,
  "image_input": [
    "https://f003.backblazeb2.com/file/aspect-ratio-reference/aspect_ratio_reference_16x9.png"
  ],
  "output_format": "png",
  "prompt": "A cinematic scene from the  1780s Gothenburg, a Jewish clockmaker adjusting pendulums and brass gears in a workshop filled with ticking sounds. Shot on 35mm film in the style of Roger Deakins. Make the aspect ratio of the generated image the same as provided image"
}
2025-11-05 21:01:05 | DEBUG    | src.api.client:generate_image:89 - Original prompt: A cinematic scene from the  1780s Gothenburg, a Jewish clockmaker adjusting pendulums and brass gears in a workshop filled with ticking sounds. Shot on 35mm film in the style of Roger Deakins. Make the aspect ratio of the generated image the same as provided image
2025-11-05 21:01:05 | DEBUG    | src.api.client:generate_image:90 - Clean prompt being sent: A cinematic scene from the  1780s Gothenburg, a Jewish clockmaker adjusting pendulums and brass gears in a workshop filled with ticking sounds. Shot on 35mm film in the style of Roger Deakins. Make the aspect ratio of the generated image the same as provided image
2025-11-05 21:01:05 | DEBUG    | src.api.client:generate_image:91 - Clean prompt repr: 'A cinematic scene from the  1780s Gothenburg, a Jewish clockmaker adjusting pendulums and brass gears in a workshop filled with ticking sounds. Shot on 35mm film in the style of Roger Deakins. Make the aspect ratio of the generated image the same as provided image'
2025-11-05 21:01:05 | DEBUG    | src.api.client:_call_with_retry:152 - API call attempt 1/3
2025-11-05 21:01:05 | DEBUG    | src.api.client:_call_with_retry:155 - CRITICAL DEBUG - Payload sent to replicate.run: {
  "num_images": 1,
  "image_input": [
    "https://f003.backblazeb2.com/file/aspect-ratio-reference/aspect_ratio_reference_16x9.png"
  ],
  "output_format": "png",
  "prompt": "A cinematic scene from the  1780s Gothenburg, a Jewish clockmaker adjusting pendulums and brass gears in a workshop filled with ticking sounds. Shot on 35mm film in the style of Roger Deakins. Make the aspect ratio of the generated image the same as provided image"
}
2025-11-05 21:01:16 | DEBUG    | src.api.client:_call_with_retry:170 - API call successful
2025-11-05 21:01:16 | WARNING  | src.api.client:generate_image:117 - API PARAMETER FILTERING DETECTED:
2025-11-05 21:01:16 | WARNING  | src.api.client:generate_image:118 -   Model: google/nano-banana
2025-11-05 21:01:16 | WARNING  | src.api.client:generate_image:119 -   Filtered parameters: ['image_input']
2025-11-05 21:01:16 | WARNING  | src.api.client:generate_image:120 -   This means the model doesn't support these parameters
2025-11-05 21:01:17 | INFO     | src.output.writer:_save_to_disk:192 - Saved valid image: USER-FILES/05.OUTPUT/251105_205937_IMAGE/nano-banano16x9_deakins/jewish_craftsmen_009_210116_nano-banano16x9_deakins.png
2025-11-05 21:01:17 | DEBUG    | src.output.writer:_save_payload:257 - Saved payload to USER-FILES/05.OUTPUT/251105_205937_IMAGE/nano-banano16x9_deakins/jewish_craftsmen_009_210116_nano-banano16x9_deakins.md
2025-11-05 21:01:17 | INFO     | src.processing.processor:_generate_and_save_image:253 - Saved image: USER-FILES/05.OUTPUT/251105_205937_IMAGE/nano-banano16x9_deakins/jewish_craftsmen_009_210116_nano-banano16x9_deakins.png
2025-11-05 21:01:17 | INFO     | src.processing.discovery:load_prompts:63 - Loaded prompt from jewish_craftsmen_010.txt
2025-11-05 21:01:17 | INFO     | src.processing.processor:_process_single_combination:124 - Processing combination 10/20: jewish_craftsmen_010.txt + nano-banano16x9_deakins
2025-11-05 21:01:17 | DEBUG    | src.processing.processor:_apply_prompt_fixes:209 - Added prefix to prompt: A cinematic scene from the 
2025-11-05 21:01:17 | DEBUG    | src.processing.processor:_apply_prompt_fixes:213 - Added suffix to prompt: Shot on 35mm film in the style of Roger Deakins. Make the aspect ratio of the generated image the same as provided image
2025-11-05 21:01:17 | DEBUG    | src.processing.processor:_process_with_context:191 - Processing jewish_craftsmen_010.txt: A cinematic scene from the  1790s Stockholm, a Jew...
2025-11-05 21:01:17 | DEBUG    | src.api.client:generate_image:85 - CRITICAL DEBUG - Received params: {
  "num_images": 1,
  "image_input": [
    "https://f003.backblazeb2.com/file/aspect-ratio-reference/aspect_ratio_reference_16x9.png"
  ],
  "output_format": "png"
}
2025-11-05 21:01:17 | DEBUG    | src.api.client:generate_image:86 - CRITICAL DEBUG - Constructed payload: {
  "num_images": 1,
  "image_input": [
    "https://f003.backblazeb2.com/file/aspect-ratio-reference/aspect_ratio_reference_16x9.png"
  ],
  "output_format": "png",
  "prompt": "A cinematic scene from the  1790s Stockholm, a Jewish jeweler displaying a velvet tray of rings and brooches to a Swedish noble customer. Shot on 35mm film in the style of Roger Deakins. Make the aspect ratio of the generated image the same as provided image"
}
2025-11-05 21:01:17 | DEBUG    | src.api.client:generate_image:89 - Original prompt: A cinematic scene from the  1790s Stockholm, a Jewish jeweler displaying a velvet tray of rings and brooches to a Swedish noble customer. Shot on 35mm film in the style of Roger Deakins. Make the aspect ratio of the generated image the same as provided image
2025-11-05 21:01:17 | DEBUG    | src.api.client:generate_image:90 - Clean prompt being sent: A cinematic scene from the  1790s Stockholm, a Jewish jeweler displaying a velvet tray of rings and brooches to a Swedish noble customer. Shot on 35mm film in the style of Roger Deakins. Make the aspect ratio of the generated image the same as provided image
2025-11-05 21:01:17 | DEBUG    | src.api.client:generate_image:91 - Clean prompt repr: 'A cinematic scene from the  1790s Stockholm, a Jewish jeweler displaying a velvet tray of rings and brooches to a Swedish noble customer. Shot on 35mm film in the style of Roger Deakins. Make the aspect ratio of the generated image the same as provided image'
2025-11-05 21:01:17 | DEBUG    | src.api.client:_call_with_retry:152 - API call attempt 1/3
2025-11-05 21:01:17 | DEBUG    | src.api.client:_call_with_retry:155 - CRITICAL DEBUG - Payload sent to replicate.run: {
  "num_images": 1,
  "image_input": [
    "https://f003.backblazeb2.com/file/aspect-ratio-reference/aspect_ratio_reference_16x9.png"
  ],
  "output_format": "png",
  "prompt": "A cinematic scene from the  1790s Stockholm, a Jewish jeweler displaying a velvet tray of rings and brooches to a Swedish noble customer. Shot on 35mm film in the style of Roger Deakins. Make the aspect ratio of the generated image the same as provided image"
}
2025-11-05 21:01:26 | DEBUG    | src.api.client:_call_with_retry:170 - API call successful
2025-11-05 21:01:26 | WARNING  | src.api.client:generate_image:117 - API PARAMETER FILTERING DETECTED:
2025-11-05 21:01:26 | WARNING  | src.api.client:generate_image:118 -   Model: google/nano-banana
2025-11-05 21:01:26 | WARNING  | src.api.client:generate_image:119 -   Filtered parameters: ['image_input']
2025-11-05 21:01:26 | WARNING  | src.api.client:generate_image:120 -   This means the model doesn't support these parameters
2025-11-05 21:01:27 | INFO     | src.output.writer:_save_to_disk:192 - Saved valid image: USER-FILES/05.OUTPUT/251105_205937_IMAGE/nano-banano16x9_deakins/jewish_craftsmen_010_210126_nano-banano16x9_deakins.png
2025-11-05 21:01:27 | DEBUG    | src.output.writer:_save_payload:257 - Saved payload to USER-FILES/05.OUTPUT/251105_205937_IMAGE/nano-banano16x9_deakins/jewish_craftsmen_010_210126_nano-banano16x9_deakins.md
2025-11-05 21:01:27 | INFO     | src.processing.processor:_generate_and_save_image:253 - Saved image: USER-FILES/05.OUTPUT/251105_205937_IMAGE/nano-banano16x9_deakins/jewish_craftsmen_010_210126_nano-banano16x9_deakins.png
2025-11-05 21:01:27 | INFO     | src.processing.discovery:load_prompts:63 - Loaded prompt from jewish_craftsmen_011.txt
2025-11-05 21:01:27 | INFO     | src.processing.processor:_process_single_combination:124 - Processing combination 11/20: jewish_craftsmen_011.txt + nano-banano16x9_deakins
2025-11-05 21:01:27 | DEBUG    | src.processing.processor:_apply_prompt_fixes:209 - Added prefix to prompt: A cinematic scene from the 
2025-11-05 21:01:27 | DEBUG    | src.processing.processor:_apply_prompt_fixes:213 - Added suffix to prompt: Shot on 35mm film in the style of Roger Deakins. Make the aspect ratio of the generated image the same as provided image
2025-11-05 21:01:27 | DEBUG    | src.processing.processor:_process_with_context:191 - Processing jewish_craftsmen_011.txt: A cinematic scene from the  1790s Norrköping, a Je...
2025-11-05 21:01:27 | DEBUG    | src.api.client:generate_image:85 - CRITICAL DEBUG - Received params: {
  "num_images": 1,
  "image_input": [
    "https://f003.backblazeb2.com/file/aspect-ratio-reference/aspect_ratio_reference_16x9.png"
  ],
  "output_format": "png"
}
2025-11-05 21:01:27 | DEBUG    | src.api.client:generate_image:86 - CRITICAL DEBUG - Constructed payload: {
  "num_images": 1,
  "image_input": [
    "https://f003.backblazeb2.com/file/aspect-ratio-reference/aspect_ratio_reference_16x9.png"
  ],
  "output_format": "png",
  "prompt": "A cinematic scene from the  1790s Norrk\u00f6ping, a Jewish textile printer pressing floral designs onto cloth using carved wooden blocks. Shot on 35mm film in the style of Roger Deakins. Make the aspect ratio of the generated image the same as provided image"
}
2025-11-05 21:01:27 | DEBUG    | src.api.client:generate_image:89 - Original prompt: A cinematic scene from the  1790s Norrköping, a Jewish textile printer pressing floral designs onto cloth using carved wooden blocks. Shot on 35mm film in the style of Roger Deakins. Make the aspect ratio of the generated image the same as provided image
2025-11-05 21:01:27 | DEBUG    | src.api.client:generate_image:90 - Clean prompt being sent: A cinematic scene from the  1790s Norrköping, a Jewish textile printer pressing floral designs onto cloth using carved wooden blocks. Shot on 35mm film in the style of Roger Deakins. Make the aspect ratio of the generated image the same as provided image
2025-11-05 21:01:27 | DEBUG    | src.api.client:generate_image:91 - Clean prompt repr: 'A cinematic scene from the  1790s Norrköping, a Jewish textile printer pressing floral designs onto cloth using carved wooden blocks. Shot on 35mm film in the style of Roger Deakins. Make the aspect ratio of the generated image the same as provided image'
2025-11-05 21:01:27 | DEBUG    | src.api.client:_call_with_retry:152 - API call attempt 1/3
2025-11-05 21:01:27 | DEBUG    | src.api.client:_call_with_retry:155 - CRITICAL DEBUG - Payload sent to replicate.run: {
  "num_images": 1,
  "image_input": [
    "https://f003.backblazeb2.com/file/aspect-ratio-reference/aspect_ratio_reference_16x9.png"
  ],
  "output_format": "png",
  "prompt": "A cinematic scene from the  1790s Norrk\u00f6ping, a Jewish textile printer pressing floral designs onto cloth using carved wooden blocks. Shot on 35mm film in the style of Roger Deakins. Make the aspect ratio of the generated image the same as provided image"
}
2025-11-05 21:01:36 | DEBUG    | src.api.client:_call_with_retry:170 - API call successful
2025-11-05 21:01:36 | WARNING  | src.api.client:generate_image:117 - API PARAMETER FILTERING DETECTED:
2025-11-05 21:01:36 | WARNING  | src.api.client:generate_image:118 -   Model: google/nano-banana
2025-11-05 21:01:36 | WARNING  | src.api.client:generate_image:119 -   Filtered parameters: ['image_input']
2025-11-05 21:01:36 | WARNING  | src.api.client:generate_image:120 -   This means the model doesn't support these parameters
2025-11-05 21:01:38 | INFO     | src.output.writer:_save_to_disk:192 - Saved valid image: USER-FILES/05.OUTPUT/251105_205937_IMAGE/nano-banano16x9_deakins/jewish_craftsmen_011_210136_nano-banano16x9_deakins.png
2025-11-05 21:01:38 | DEBUG    | src.output.writer:_save_payload:257 - Saved payload to USER-FILES/05.OUTPUT/251105_205937_IMAGE/nano-banano16x9_deakins/jewish_craftsmen_011_210136_nano-banano16x9_deakins.md
2025-11-05 21:01:38 | INFO     | src.processing.processor:_generate_and_save_image:253 - Saved image: USER-FILES/05.OUTPUT/251105_205937_IMAGE/nano-banano16x9_deakins/jewish_craftsmen_011_210136_nano-banano16x9_deakins.png
2025-11-05 21:01:38 | INFO     | src.processing.discovery:load_prompts:63 - Loaded prompt from jewish_craftsmen_012.txt
2025-11-05 21:01:38 | INFO     | src.processing.processor:_process_single_combination:124 - Processing combination 12/20: jewish_craftsmen_012.txt + nano-banano16x9_deakins
2025-11-05 21:01:38 | DEBUG    | src.processing.processor:_apply_prompt_fixes:209 - Added prefix to prompt: A cinematic scene from the 
2025-11-05 21:01:38 | DEBUG    | src.processing.processor:_apply_prompt_fixes:213 - Added suffix to prompt: Shot on 35mm film in the style of Roger Deakins. Make the aspect ratio of the generated image the same as provided image
2025-11-05 21:01:38 | DEBUG    | src.processing.processor:_process_with_context:191 - Processing jewish_craftsmen_012.txt: A cinematic scene from the  1780s Stockholm, a Jew...
2025-11-05 21:01:38 | DEBUG    | src.api.client:generate_image:85 - CRITICAL DEBUG - Received params: {
  "num_images": 1,
  "image_input": [
    "https://f003.backblazeb2.com/file/aspect-ratio-reference/aspect_ratio_reference_16x9.png"
  ],
  "output_format": "png"
}
2025-11-05 21:01:38 | DEBUG    | src.api.client:generate_image:86 - CRITICAL DEBUG - Constructed payload: {
  "num_images": 1,
  "image_input": [
    "https://f003.backblazeb2.com/file/aspect-ratio-reference/aspect_ratio_reference_16x9.png"
  ],
  "output_format": "png",
  "prompt": "A cinematic scene from the  1780s Stockholm, a Jewish glassblower shaping molten glass into perfume bottles under the glow of a furnace. Shot on 35mm film in the style of Roger Deakins. Make the aspect ratio of the generated image the same as provided image"
}
2025-11-05 21:01:38 | DEBUG    | src.api.client:generate_image:89 - Original prompt: A cinematic scene from the  1780s Stockholm, a Jewish glassblower shaping molten glass into perfume bottles under the glow of a furnace. Shot on 35mm film in the style of Roger Deakins. Make the aspect ratio of the generated image the same as provided image
2025-11-05 21:01:38 | DEBUG    | src.api.client:generate_image:90 - Clean prompt being sent: A cinematic scene from the  1780s Stockholm, a Jewish glassblower shaping molten glass into perfume bottles under the glow of a furnace. Shot on 35mm film in the style of Roger Deakins. Make the aspect ratio of the generated image the same as provided image
2025-11-05 21:01:38 | DEBUG    | src.api.client:generate_image:91 - Clean prompt repr: 'A cinematic scene from the  1780s Stockholm, a Jewish glassblower shaping molten glass into perfume bottles under the glow of a furnace. Shot on 35mm film in the style of Roger Deakins. Make the aspect ratio of the generated image the same as provided image'
2025-11-05 21:01:38 | DEBUG    | src.api.client:_call_with_retry:152 - API call attempt 1/3
2025-11-05 21:01:38 | DEBUG    | src.api.client:_call_with_retry:155 - CRITICAL DEBUG - Payload sent to replicate.run: {
  "num_images": 1,
  "image_input": [
    "https://f003.backblazeb2.com/file/aspect-ratio-reference/aspect_ratio_reference_16x9.png"
  ],
  "output_format": "png",
  "prompt": "A cinematic scene from the  1780s Stockholm, a Jewish glassblower shaping molten glass into perfume bottles under the glow of a furnace. Shot on 35mm film in the style of Roger Deakins. Make the aspect ratio of the generated image the same as provided image"
}
2025-11-05 21:01:48 | DEBUG    | src.api.client:_call_with_retry:170 - API call successful
2025-11-05 21:01:48 | WARNING  | src.api.client:generate_image:117 - API PARAMETER FILTERING DETECTED:
2025-11-05 21:01:48 | WARNING  | src.api.client:generate_image:118 -   Model: google/nano-banana
2025-11-05 21:01:48 | WARNING  | src.api.client:generate_image:119 -   Filtered parameters: ['image_input']
2025-11-05 21:01:48 | WARNING  | src.api.client:generate_image:120 -   This means the model doesn't support these parameters
2025-11-05 21:01:49 | INFO     | src.output.writer:_save_to_disk:192 - Saved valid image: USER-FILES/05.OUTPUT/251105_205937_IMAGE/nano-banano16x9_deakins/jewish_craftsmen_012_210148_nano-banano16x9_deakins.png
2025-11-05 21:01:49 | DEBUG    | src.output.writer:_save_payload:257 - Saved payload to USER-FILES/05.OUTPUT/251105_205937_IMAGE/nano-banano16x9_deakins/jewish_craftsmen_012_210148_nano-banano16x9_deakins.md
2025-11-05 21:01:49 | INFO     | src.processing.processor:_generate_and_save_image:253 - Saved image: USER-FILES/05.OUTPUT/251105_205937_IMAGE/nano-banano16x9_deakins/jewish_craftsmen_012_210148_nano-banano16x9_deakins.png
2025-11-05 21:01:49 | INFO     | src.processing.discovery:load_prompts:63 - Loaded prompt from jewish_craftsmen_013.txt
2025-11-05 21:01:49 | INFO     | src.processing.processor:_process_single_combination:124 - Processing combination 13/20: jewish_craftsmen_013.txt + nano-banano16x9_deakins
2025-11-05 21:01:49 | DEBUG    | src.processing.processor:_apply_prompt_fixes:209 - Added prefix to prompt: A cinematic scene from the 
2025-11-05 21:01:49 | DEBUG    | src.processing.processor:_apply_prompt_fixes:213 - Added suffix to prompt: Shot on 35mm film in the style of Roger Deakins. Make the aspect ratio of the generated image the same as provided image
2025-11-05 21:01:49 | DEBUG    | src.processing.processor:_process_with_context:191 - Processing jewish_craftsmen_013.txt: A cinematic scene from the  1790s Gothenburg, a Je...
2025-11-05 21:01:49 | DEBUG    | src.api.client:generate_image:85 - CRITICAL DEBUG - Received params: {
  "num_images": 1,
  "image_input": [
    "https://f003.backblazeb2.com/file/aspect-ratio-reference/aspect_ratio_reference_16x9.png"
  ],
  "output_format": "png"
}
2025-11-05 21:01:49 | DEBUG    | src.api.client:generate_image:86 - CRITICAL DEBUG - Constructed payload: {
  "num_images": 1,
  "image_input": [
    "https://f003.backblazeb2.com/file/aspect-ratio-reference/aspect_ratio_reference_16x9.png"
  ],
  "output_format": "png",
  "prompt": "A cinematic scene from the  1790s Gothenburg, a Jewish furrier brushing and sewing pelts to create a winter coat. Shot on 35mm film in the style of Roger Deakins. Make the aspect ratio of the generated image the same as provided image"
}
2025-11-05 21:01:49 | DEBUG    | src.api.client:generate_image:89 - Original prompt: A cinematic scene from the  1790s Gothenburg, a Jewish furrier brushing and sewing pelts to create a winter coat. Shot on 35mm film in the style of Roger Deakins. Make the aspect ratio of the generated image the same as provided image
2025-11-05 21:01:49 | DEBUG    | src.api.client:generate_image:90 - Clean prompt being sent: A cinematic scene from the  1790s Gothenburg, a Jewish furrier brushing and sewing pelts to create a winter coat. Shot on 35mm film in the style of Roger Deakins. Make the aspect ratio of the generated image the same as provided image
2025-11-05 21:01:49 | DEBUG    | src.api.client:generate_image:91 - Clean prompt repr: 'A cinematic scene from the  1790s Gothenburg, a Jewish furrier brushing and sewing pelts to create a winter coat. Shot on 35mm film in the style of Roger Deakins. Make the aspect ratio of the generated image the same as provided image'
2025-11-05 21:01:49 | DEBUG    | src.api.client:_call_with_retry:152 - API call attempt 1/3
2025-11-05 21:01:49 | DEBUG    | src.api.client:_call_with_retry:155 - CRITICAL DEBUG - Payload sent to replicate.run: {
  "num_images": 1,
  "image_input": [
    "https://f003.backblazeb2.com/file/aspect-ratio-reference/aspect_ratio_reference_16x9.png"
  ],
  "output_format": "png",
  "prompt": "A cinematic scene from the  1790s Gothenburg, a Jewish furrier brushing and sewing pelts to create a winter coat. Shot on 35mm film in the style of Roger Deakins. Make the aspect ratio of the generated image the same as provided image"
}
2025-11-05 21:01:59 | DEBUG    | src.api.client:_call_with_retry:170 - API call successful
2025-11-05 21:01:59 | WARNING  | src.api.client:generate_image:117 - API PARAMETER FILTERING DETECTED:
2025-11-05 21:01:59 | WARNING  | src.api.client:generate_image:118 -   Model: google/nano-banana
2025-11-05 21:01:59 | WARNING  | src.api.client:generate_image:119 -   Filtered parameters: ['image_input']
2025-11-05 21:01:59 | WARNING  | src.api.client:generate_image:120 -   This means the model doesn't support these parameters
2025-11-05 21:02:01 | INFO     | src.output.writer:_save_to_disk:192 - Saved valid image: USER-FILES/05.OUTPUT/251105_205937_IMAGE/nano-banano16x9_deakins/jewish_craftsmen_013_210159_nano-banano16x9_deakins.png
2025-11-05 21:02:01 | DEBUG    | src.output.writer:_save_payload:257 - Saved payload to USER-FILES/05.OUTPUT/251105_205937_IMAGE/nano-banano16x9_deakins/jewish_craftsmen_013_210159_nano-banano16x9_deakins.md
2025-11-05 21:02:01 | INFO     | src.processing.processor:_generate_and_save_image:253 - Saved image: USER-FILES/05.OUTPUT/251105_205937_IMAGE/nano-banano16x9_deakins/jewish_craftsmen_013_210159_nano-banano16x9_deakins.png
2025-11-05 21:02:01 | INFO     | src.processing.discovery:load_prompts:63 - Loaded prompt from jewish_craftsmen_014.txt
2025-11-05 21:02:01 | INFO     | src.processing.processor:_process_single_combination:124 - Processing combination 14/20: jewish_craftsmen_014.txt + nano-banano16x9_deakins
2025-11-05 21:02:01 | DEBUG    | src.processing.processor:_apply_prompt_fixes:209 - Added prefix to prompt: A cinematic scene from the 
2025-11-05 21:02:01 | DEBUG    | src.processing.processor:_apply_prompt_fixes:213 - Added suffix to prompt: Shot on 35mm film in the style of Roger Deakins. Make the aspect ratio of the generated image the same as provided image
2025-11-05 21:02:01 | DEBUG    | src.processing.processor:_process_with_context:191 - Processing jewish_craftsmen_014.txt: A cinematic scene from the  1790s Stockholm, a Jew...
2025-11-05 21:02:01 | DEBUG    | src.api.client:generate_image:85 - CRITICAL DEBUG - Received params: {
  "num_images": 1,
  "image_input": [
    "https://f003.backblazeb2.com/file/aspect-ratio-reference/aspect_ratio_reference_16x9.png"
  ],
  "output_format": "png"
}
2025-11-05 21:02:01 | DEBUG    | src.api.client:generate_image:86 - CRITICAL DEBUG - Constructed payload: {
  "num_images": 1,
  "image_input": [
    "https://f003.backblazeb2.com/file/aspect-ratio-reference/aspect_ratio_reference_16x9.png"
  ],
  "output_format": "png",
  "prompt": "A cinematic scene from the  1790s Stockholm, a Jewish merchant measuring bolts of imported silk for a well-dressed customer. Shot on 35mm film in the style of Roger Deakins. Make the aspect ratio of the generated image the same as provided image"
}
2025-11-05 21:02:01 | DEBUG    | src.api.client:generate_image:89 - Original prompt: A cinematic scene from the  1790s Stockholm, a Jewish merchant measuring bolts of imported silk for a well-dressed customer. Shot on 35mm film in the style of Roger Deakins. Make the aspect ratio of the generated image the same as provided image
2025-11-05 21:02:01 | DEBUG    | src.api.client:generate_image:90 - Clean prompt being sent: A cinematic scene from the  1790s Stockholm, a Jewish merchant measuring bolts of imported silk for a well-dressed customer. Shot on 35mm film in the style of Roger Deakins. Make the aspect ratio of the generated image the same as provided image
2025-11-05 21:02:01 | DEBUG    | src.api.client:generate_image:91 - Clean prompt repr: 'A cinematic scene from the  1790s Stockholm, a Jewish merchant measuring bolts of imported silk for a well-dressed customer. Shot on 35mm film in the style of Roger Deakins. Make the aspect ratio of the generated image the same as provided image'
2025-11-05 21:02:01 | DEBUG    | src.api.client:_call_with_retry:152 - API call attempt 1/3
2025-11-05 21:02:01 | DEBUG    | src.api.client:_call_with_retry:155 - CRITICAL DEBUG - Payload sent to replicate.run: {
  "num_images": 1,
  "image_input": [
    "https://f003.backblazeb2.com/file/aspect-ratio-reference/aspect_ratio_reference_16x9.png"
  ],
  "output_format": "png",
  "prompt": "A cinematic scene from the  1790s Stockholm, a Jewish merchant measuring bolts of imported silk for a well-dressed customer. Shot on 35mm film in the style of Roger Deakins. Make the aspect ratio of the generated image the same as provided image"
}
2025-11-05 21:02:10 | DEBUG    | src.api.client:_call_with_retry:170 - API call successful
2025-11-05 21:02:10 | WARNING  | src.api.client:generate_image:117 - API PARAMETER FILTERING DETECTED:
2025-11-05 21:02:10 | WARNING  | src.api.client:generate_image:118 -   Model: google/nano-banana
2025-11-05 21:02:10 | WARNING  | src.api.client:generate_image:119 -   Filtered parameters: ['image_input']
2025-11-05 21:02:10 | WARNING  | src.api.client:generate_image:120 -   This means the model doesn't support these parameters
2025-11-05 21:02:11 | INFO     | src.output.writer:_save_to_disk:192 - Saved valid image: USER-FILES/05.OUTPUT/251105_205937_IMAGE/nano-banano16x9_deakins/jewish_craftsmen_014_210210_nano-banano16x9_deakins.png
2025-11-05 21:02:11 | DEBUG    | src.output.writer:_save_payload:257 - Saved payload to USER-FILES/05.OUTPUT/251105_205937_IMAGE/nano-banano16x9_deakins/jewish_craftsmen_014_210210_nano-banano16x9_deakins.md
2025-11-05 21:02:11 | INFO     | src.processing.processor:_generate_and_save_image:253 - Saved image: USER-FILES/05.OUTPUT/251105_205937_IMAGE/nano-banano16x9_deakins/jewish_craftsmen_014_210210_nano-banano16x9_deakins.png
2025-11-05 21:02:11 | INFO     | src.processing.discovery:load_prompts:63 - Loaded prompt from jewish_craftsmen_015.txt
2025-11-05 21:02:11 | INFO     | src.processing.processor:_process_single_combination:124 - Processing combination 15/20: jewish_craftsmen_015.txt + nano-banano16x9_deakins
2025-11-05 21:02:11 | DEBUG    | src.processing.processor:_apply_prompt_fixes:209 - Added prefix to prompt: A cinematic scene from the 
2025-11-05 21:02:11 | DEBUG    | src.processing.processor:_apply_prompt_fixes:213 - Added suffix to prompt: Shot on 35mm film in the style of Roger Deakins. Make the aspect ratio of the generated image the same as provided image
2025-11-05 21:02:11 | DEBUG    | src.processing.processor:_process_with_context:191 - Processing jewish_craftsmen_015.txt: A cinematic scene from the  1790s Norrköping, a Je...
2025-11-05 21:02:11 | DEBUG    | src.api.client:generate_image:85 - CRITICAL DEBUG - Received params: {
  "num_images": 1,
  "image_input": [
    "https://f003.backblazeb2.com/file/aspect-ratio-reference/aspect_ratio_reference_16x9.png"
  ],
  "output_format": "png"
}
2025-11-05 21:02:11 | DEBUG    | src.api.client:generate_image:86 - CRITICAL DEBUG - Constructed payload: {
  "num_images": 1,
  "image_input": [
    "https://f003.backblazeb2.com/file/aspect-ratio-reference/aspect_ratio_reference_16x9.png"
  ],
  "output_format": "png",
  "prompt": "A cinematic scene from the  1790s Norrk\u00f6ping, a Jewish spinner turning flax fibers into fine thread on a spinning wheel. Shot on 35mm film in the style of Roger Deakins. Make the aspect ratio of the generated image the same as provided image"
}
2025-11-05 21:02:11 | DEBUG    | src.api.client:generate_image:89 - Original prompt: A cinematic scene from the  1790s Norrköping, a Jewish spinner turning flax fibers into fine thread on a spinning wheel. Shot on 35mm film in the style of Roger Deakins. Make the aspect ratio of the generated image the same as provided image
2025-11-05 21:02:11 | DEBUG    | src.api.client:generate_image:90 - Clean prompt being sent: A cinematic scene from the  1790s Norrköping, a Jewish spinner turning flax fibers into fine thread on a spinning wheel. Shot on 35mm film in the style of Roger Deakins. Make the aspect ratio of the generated image the same as provided image
2025-11-05 21:02:11 | DEBUG    | src.api.client:generate_image:91 - Clean prompt repr: 'A cinematic scene from the  1790s Norrköping, a Jewish spinner turning flax fibers into fine thread on a spinning wheel. Shot on 35mm film in the style of Roger Deakins. Make the aspect ratio of the generated image the same as provided image'
2025-11-05 21:02:11 | DEBUG    | src.api.client:_call_with_retry:152 - API call attempt 1/3
2025-11-05 21:02:11 | DEBUG    | src.api.client:_call_with_retry:155 - CRITICAL DEBUG - Payload sent to replicate.run: {
  "num_images": 1,
  "image_input": [
    "https://f003.backblazeb2.com/file/aspect-ratio-reference/aspect_ratio_reference_16x9.png"
  ],
  "output_format": "png",
  "prompt": "A cinematic scene from the  1790s Norrk\u00f6ping, a Jewish spinner turning flax fibers into fine thread on a spinning wheel. Shot on 35mm film in the style of Roger Deakins. Make the aspect ratio of the generated image the same as provided image"
}
2025-11-05 21:02:22 | DEBUG    | src.api.client:_call_with_retry:170 - API call successful
2025-11-05 21:02:22 | WARNING  | src.api.client:generate_image:117 - API PARAMETER FILTERING DETECTED:
2025-11-05 21:02:22 | WARNING  | src.api.client:generate_image:118 -   Model: google/nano-banana
2025-11-05 21:02:22 | WARNING  | src.api.client:generate_image:119 -   Filtered parameters: ['image_input']
2025-11-05 21:02:22 | WARNING  | src.api.client:generate_image:120 -   This means the model doesn't support these parameters
2025-11-05 21:02:23 | INFO     | src.output.writer:_save_to_disk:192 - Saved valid image: USER-FILES/05.OUTPUT/251105_205937_IMAGE/nano-banano16x9_deakins/jewish_craftsmen_015_210222_nano-banano16x9_deakins.png
2025-11-05 21:02:23 | DEBUG    | src.output.writer:_save_payload:257 - Saved payload to USER-FILES/05.OUTPUT/251105_205937_IMAGE/nano-banano16x9_deakins/jewish_craftsmen_015_210222_nano-banano16x9_deakins.md
2025-11-05 21:02:23 | INFO     | src.processing.processor:_generate_and_save_image:253 - Saved image: USER-FILES/05.OUTPUT/251105_205937_IMAGE/nano-banano16x9_deakins/jewish_craftsmen_015_210222_nano-banano16x9_deakins.png
2025-11-05 21:02:23 | INFO     | src.processing.discovery:load_prompts:63 - Loaded prompt from jewish_craftsmen_016.txt
2025-11-05 21:02:23 | INFO     | src.processing.processor:_process_single_combination:124 - Processing combination 16/20: jewish_craftsmen_016.txt + nano-banano16x9_deakins
2025-11-05 21:02:23 | DEBUG    | src.processing.processor:_apply_prompt_fixes:209 - Added prefix to prompt: A cinematic scene from the 
2025-11-05 21:02:23 | DEBUG    | src.processing.processor:_apply_prompt_fixes:213 - Added suffix to prompt: Shot on 35mm film in the style of Roger Deakins. Make the aspect ratio of the generated image the same as provided image
2025-11-05 21:02:23 | DEBUG    | src.processing.processor:_process_with_context:191 - Processing jewish_craftsmen_016.txt: A cinematic scene from the  1780s Stockholm, a Jew...
2025-11-05 21:02:23 | DEBUG    | src.api.client:generate_image:85 - CRITICAL DEBUG - Received params: {
  "num_images": 1,
  "image_input": [
    "https://f003.backblazeb2.com/file/aspect-ratio-reference/aspect_ratio_reference_16x9.png"
  ],
  "output_format": "png"
}
2025-11-05 21:02:23 | DEBUG    | src.api.client:generate_image:86 - CRITICAL DEBUG - Constructed payload: {
  "num_images": 1,
  "image_input": [
    "https://f003.backblazeb2.com/file/aspect-ratio-reference/aspect_ratio_reference_16x9.png"
  ],
  "output_format": "png",
  "prompt": "A cinematic scene from the  1780s Stockholm, a Jewish embroiderer sewing gold thread into a ceremonial garment for a church or court commission. Shot on 35mm film in the style of Roger Deakins. Make the aspect ratio of the generated image the same as provided image"
}
2025-11-05 21:02:23 | DEBUG    | src.api.client:generate_image:89 - Original prompt: A cinematic scene from the  1780s Stockholm, a Jewish embroiderer sewing gold thread into a ceremonial garment for a church or court commission. Shot on 35mm film in the style of Roger Deakins. Make the aspect ratio of the generated image the same as provided image
2025-11-05 21:02:23 | DEBUG    | src.api.client:generate_image:90 - Clean prompt being sent: A cinematic scene from the  1780s Stockholm, a Jewish embroiderer sewing gold thread into a ceremonial garment for a church or court commission. Shot on 35mm film in the style of Roger Deakins. Make the aspect ratio of the generated image the same as provided image
2025-11-05 21:02:23 | DEBUG    | src.api.client:generate_image:91 - Clean prompt repr: 'A cinematic scene from the  1780s Stockholm, a Jewish embroiderer sewing gold thread into a ceremonial garment for a church or court commission. Shot on 35mm film in the style of Roger Deakins. Make the aspect ratio of the generated image the same as provided image'
2025-11-05 21:02:23 | DEBUG    | src.api.client:_call_with_retry:152 - API call attempt 1/3
2025-11-05 21:02:23 | DEBUG    | src.api.client:_call_with_retry:155 - CRITICAL DEBUG - Payload sent to replicate.run: {
  "num_images": 1,
  "image_input": [
    "https://f003.backblazeb2.com/file/aspect-ratio-reference/aspect_ratio_reference_16x9.png"
  ],
  "output_format": "png",
  "prompt": "A cinematic scene from the  1780s Stockholm, a Jewish embroiderer sewing gold thread into a ceremonial garment for a church or court commission. Shot on 35mm film in the style of Roger Deakins. Make the aspect ratio of the generated image the same as provided image"
}
2025-11-05 21:02:33 | DEBUG    | src.api.client:_call_with_retry:170 - API call successful
2025-11-05 21:02:33 | WARNING  | src.api.client:generate_image:117 - API PARAMETER FILTERING DETECTED:
2025-11-05 21:02:33 | WARNING  | src.api.client:generate_image:118 -   Model: google/nano-banana
2025-11-05 21:02:33 | WARNING  | src.api.client:generate_image:119 -   Filtered parameters: ['image_input']
2025-11-05 21:02:33 | WARNING  | src.api.client:generate_image:120 -   This means the model doesn't support these parameters
2025-11-05 21:02:34 | INFO     | src.output.writer:_save_to_disk:192 - Saved valid image: USER-FILES/05.OUTPUT/251105_205937_IMAGE/nano-banano16x9_deakins/jewish_craftsmen_016_210233_nano-banano16x9_deakins.png
2025-11-05 21:02:34 | DEBUG    | src.output.writer:_save_payload:257 - Saved payload to USER-FILES/05.OUTPUT/251105_205937_IMAGE/nano-banano16x9_deakins/jewish_craftsmen_016_210233_nano-banano16x9_deakins.md
2025-11-05 21:02:34 | INFO     | src.processing.processor:_generate_and_save_image:253 - Saved image: USER-FILES/05.OUTPUT/251105_205937_IMAGE/nano-banano16x9_deakins/jewish_craftsmen_016_210233_nano-banano16x9_deakins.png
2025-11-05 21:02:34 | INFO     | src.processing.discovery:load_prompts:63 - Loaded prompt from jewish_craftsmen_017.txt
2025-11-05 21:02:34 | INFO     | src.processing.processor:_process_single_combination:124 - Processing combination 17/20: jewish_craftsmen_017.txt + nano-banano16x9_deakins
2025-11-05 21:02:34 | DEBUG    | src.processing.processor:_apply_prompt_fixes:209 - Added prefix to prompt: A cinematic scene from the 
2025-11-05 21:02:34 | DEBUG    | src.processing.processor:_apply_prompt_fixes:213 - Added suffix to prompt: Shot on 35mm film in the style of Roger Deakins. Make the aspect ratio of the generated image the same as provided image
2025-11-05 21:02:34 | DEBUG    | src.processing.processor:_process_with_context:191 - Processing jewish_craftsmen_017.txt: A cinematic scene from the  1790s Gothenburg, a Je...
2025-11-05 21:02:34 | DEBUG    | src.api.client:generate_image:85 - CRITICAL DEBUG - Received params: {
  "num_images": 1,
  "image_input": [
    "https://f003.backblazeb2.com/file/aspect-ratio-reference/aspect_ratio_reference_16x9.png"
  ],
  "output_format": "png"
}
2025-11-05 21:02:34 | DEBUG    | src.api.client:generate_image:86 - CRITICAL DEBUG - Constructed payload: {
  "num_images": 1,
  "image_input": [
    "https://f003.backblazeb2.com/file/aspect-ratio-reference/aspect_ratio_reference_16x9.png"
  ],
  "output_format": "png",
  "prompt": "A cinematic scene from the  1790s Gothenburg, a Jewish cabinetmaker carving detailed patterns into the leg of a mahogany chair. Shot on 35mm film in the style of Roger Deakins. Make the aspect ratio of the generated image the same as provided image"
}
2025-11-05 21:02:34 | DEBUG    | src.api.client:generate_image:89 - Original prompt: A cinematic scene from the  1790s Gothenburg, a Jewish cabinetmaker carving detailed patterns into the leg of a mahogany chair. Shot on 35mm film in the style of Roger Deakins. Make the aspect ratio of the generated image the same as provided image
2025-11-05 21:02:34 | DEBUG    | src.api.client:generate_image:90 - Clean prompt being sent: A cinematic scene from the  1790s Gothenburg, a Jewish cabinetmaker carving detailed patterns into the leg of a mahogany chair. Shot on 35mm film in the style of Roger Deakins. Make the aspect ratio of the generated image the same as provided image
2025-11-05 21:02:34 | DEBUG    | src.api.client:generate_image:91 - Clean prompt repr: 'A cinematic scene from the  1790s Gothenburg, a Jewish cabinetmaker carving detailed patterns into the leg of a mahogany chair. Shot on 35mm film in the style of Roger Deakins. Make the aspect ratio of the generated image the same as provided image'
2025-11-05 21:02:34 | DEBUG    | src.api.client:_call_with_retry:152 - API call attempt 1/3
2025-11-05 21:02:34 | DEBUG    | src.api.client:_call_with_retry:155 - CRITICAL DEBUG - Payload sent to replicate.run: {
  "num_images": 1,
  "image_input": [
    "https://f003.backblazeb2.com/file/aspect-ratio-reference/aspect_ratio_reference_16x9.png"
  ],
  "output_format": "png",
  "prompt": "A cinematic scene from the  1790s Gothenburg, a Jewish cabinetmaker carving detailed patterns into the leg of a mahogany chair. Shot on 35mm film in the style of Roger Deakins. Make the aspect ratio of the generated image the same as provided image"
}
2025-11-05 21:02:43 | DEBUG    | src.api.client:_call_with_retry:170 - API call successful
2025-11-05 21:02:43 | WARNING  | src.api.client:generate_image:117 - API PARAMETER FILTERING DETECTED:
2025-11-05 21:02:43 | WARNING  | src.api.client:generate_image:118 -   Model: google/nano-banana
2025-11-05 21:02:43 | WARNING  | src.api.client:generate_image:119 -   Filtered parameters: ['image_input']
2025-11-05 21:02:43 | WARNING  | src.api.client:generate_image:120 -   This means the model doesn't support these parameters
2025-11-05 21:02:44 | INFO     | src.output.writer:_save_to_disk:192 - Saved valid image: USER-FILES/05.OUTPUT/251105_205937_IMAGE/nano-banano16x9_deakins/jewish_craftsmen_017_210243_nano-banano16x9_deakins.png
2025-11-05 21:02:44 | DEBUG    | src.output.writer:_save_payload:257 - Saved payload to USER-FILES/05.OUTPUT/251105_205937_IMAGE/nano-banano16x9_deakins/jewish_craftsmen_017_210243_nano-banano16x9_deakins.md
2025-11-05 21:02:44 | INFO     | src.processing.processor:_generate_and_save_image:253 - Saved image: USER-FILES/05.OUTPUT/251105_205937_IMAGE/nano-banano16x9_deakins/jewish_craftsmen_017_210243_nano-banano16x9_deakins.png
2025-11-05 21:02:44 | INFO     | src.processing.discovery:load_prompts:63 - Loaded prompt from jewish_craftsmen_018.txt
2025-11-05 21:02:44 | INFO     | src.processing.processor:_process_single_combination:124 - Processing combination 18/20: jewish_craftsmen_018.txt + nano-banano16x9_deakins
2025-11-05 21:02:44 | DEBUG    | src.processing.processor:_apply_prompt_fixes:209 - Added prefix to prompt: A cinematic scene from the 
2025-11-05 21:02:44 | DEBUG    | src.processing.processor:_apply_prompt_fixes:213 - Added suffix to prompt: Shot on 35mm film in the style of Roger Deakins. Make the aspect ratio of the generated image the same as provided image
2025-11-05 21:02:44 | DEBUG    | src.processing.processor:_process_with_context:191 - Processing jewish_craftsmen_018.txt: A cinematic scene from the  1790s Stockholm, a Jew...
2025-11-05 21:02:44 | DEBUG    | src.api.client:generate_image:85 - CRITICAL DEBUG - Received params: {
  "num_images": 1,
  "image_input": [
    "https://f003.backblazeb2.com/file/aspect-ratio-reference/aspect_ratio_reference_16x9.png"
  ],
  "output_format": "png"
}
2025-11-05 21:02:44 | DEBUG    | src.api.client:generate_image:86 - CRITICAL DEBUG - Constructed payload: {
  "num_images": 1,
  "image_input": [
    "https://f003.backblazeb2.com/file/aspect-ratio-reference/aspect_ratio_reference_16x9.png"
  ],
  "output_format": "png",
  "prompt": "A cinematic scene from the  1790s Stockholm, a Jewish perfumer mixing oils and essences in glass bottles for wealthy patrons. Shot on 35mm film in the style of Roger Deakins. Make the aspect ratio of the generated image the same as provided image"
}
2025-11-05 21:02:44 | DEBUG    | src.api.client:generate_image:89 - Original prompt: A cinematic scene from the  1790s Stockholm, a Jewish perfumer mixing oils and essences in glass bottles for wealthy patrons. Shot on 35mm film in the style of Roger Deakins. Make the aspect ratio of the generated image the same as provided image
2025-11-05 21:02:44 | DEBUG    | src.api.client:generate_image:90 - Clean prompt being sent: A cinematic scene from the  1790s Stockholm, a Jewish perfumer mixing oils and essences in glass bottles for wealthy patrons. Shot on 35mm film in the style of Roger Deakins. Make the aspect ratio of the generated image the same as provided image
2025-11-05 21:02:44 | DEBUG    | src.api.client:generate_image:91 - Clean prompt repr: 'A cinematic scene from the  1790s Stockholm, a Jewish perfumer mixing oils and essences in glass bottles for wealthy patrons. Shot on 35mm film in the style of Roger Deakins. Make the aspect ratio of the generated image the same as provided image'
2025-11-05 21:02:44 | DEBUG    | src.api.client:_call_with_retry:152 - API call attempt 1/3
2025-11-05 21:02:44 | DEBUG    | src.api.client:_call_with_retry:155 - CRITICAL DEBUG - Payload sent to replicate.run: {
  "num_images": 1,
  "image_input": [
    "https://f003.backblazeb2.com/file/aspect-ratio-reference/aspect_ratio_reference_16x9.png"
  ],
  "output_format": "png",
  "prompt": "A cinematic scene from the  1790s Stockholm, a Jewish perfumer mixing oils and essences in glass bottles for wealthy patrons. Shot on 35mm film in the style of Roger Deakins. Make the aspect ratio of the generated image the same as provided image"
}
2025-11-05 21:02:53 | DEBUG    | src.api.client:_call_with_retry:170 - API call successful
2025-11-05 21:02:53 | WARNING  | src.api.client:generate_image:117 - API PARAMETER FILTERING DETECTED:
2025-11-05 21:02:53 | WARNING  | src.api.client:generate_image:118 -   Model: google/nano-banana
2025-11-05 21:02:53 | WARNING  | src.api.client:generate_image:119 -   Filtered parameters: ['image_input']
2025-11-05 21:02:53 | WARNING  | src.api.client:generate_image:120 -   This means the model doesn't support these parameters
2025-11-05 21:02:55 | INFO     | src.output.writer:_save_to_disk:192 - Saved valid image: USER-FILES/05.OUTPUT/251105_205937_IMAGE/nano-banano16x9_deakins/jewish_craftsmen_018_210253_nano-banano16x9_deakins.png
2025-11-05 21:02:55 | DEBUG    | src.output.writer:_save_payload:257 - Saved payload to USER-FILES/05.OUTPUT/251105_205937_IMAGE/nano-banano16x9_deakins/jewish_craftsmen_018_210253_nano-banano16x9_deakins.md
2025-11-05 21:02:55 | INFO     | src.processing.processor:_generate_and_save_image:253 - Saved image: USER-FILES/05.OUTPUT/251105_205937_IMAGE/nano-banano16x9_deakins/jewish_craftsmen_018_210253_nano-banano16x9_deakins.png
2025-11-05 21:02:55 | INFO     | src.processing.discovery:load_prompts:63 - Loaded prompt from jewish_craftsmen_019.txt
2025-11-05 21:02:55 | INFO     | src.processing.processor:_process_single_combination:124 - Processing combination 19/20: jewish_craftsmen_019.txt + nano-banano16x9_deakins
2025-11-05 21:02:55 | DEBUG    | src.processing.processor:_apply_prompt_fixes:209 - Added prefix to prompt: A cinematic scene from the 
2025-11-05 21:02:55 | DEBUG    | src.processing.processor:_apply_prompt_fixes:213 - Added suffix to prompt: Shot on 35mm film in the style of Roger Deakins. Make the aspect ratio of the generated image the same as provided image
2025-11-05 21:02:55 | DEBUG    | src.processing.processor:_process_with_context:191 - Processing jewish_craftsmen_019.txt: A cinematic scene from the  1780s Norrköping, a Je...
2025-11-05 21:02:55 | DEBUG    | src.api.client:generate_image:85 - CRITICAL DEBUG - Received params: {
  "num_images": 1,
  "image_input": [
    "https://f003.backblazeb2.com/file/aspect-ratio-reference/aspect_ratio_reference_16x9.png"
  ],
  "output_format": "png"
}
2025-11-05 21:02:55 | DEBUG    | src.api.client:generate_image:86 - CRITICAL DEBUG - Constructed payload: {
  "num_images": 1,
  "image_input": [
    "https://f003.backblazeb2.com/file/aspect-ratio-reference/aspect_ratio_reference_16x9.png"
  ],
  "output_format": "png",
  "prompt": "A cinematic scene from the  1780s Norrk\u00f6ping, a Jewish textile merchant inspecting dyed fabrics laid out to dry in the sunlight. Shot on 35mm film in the style of Roger Deakins. Make the aspect ratio of the generated image the same as provided image"
}
2025-11-05 21:02:55 | DEBUG    | src.api.client:generate_image:89 - Original prompt: A cinematic scene from the  1780s Norrköping, a Jewish textile merchant inspecting dyed fabrics laid out to dry in the sunlight. Shot on 35mm film in the style of Roger Deakins. Make the aspect ratio of the generated image the same as provided image
2025-11-05 21:02:55 | DEBUG    | src.api.client:generate_image:90 - Clean prompt being sent: A cinematic scene from the  1780s Norrköping, a Jewish textile merchant inspecting dyed fabrics laid out to dry in the sunlight. Shot on 35mm film in the style of Roger Deakins. Make the aspect ratio of the generated image the same as provided image
2025-11-05 21:02:55 | DEBUG    | src.api.client:generate_image:91 - Clean prompt repr: 'A cinematic scene from the  1780s Norrköping, a Jewish textile merchant inspecting dyed fabrics laid out to dry in the sunlight. Shot on 35mm film in the style of Roger Deakins. Make the aspect ratio of the generated image the same as provided image'
2025-11-05 21:02:55 | DEBUG    | src.api.client:_call_with_retry:152 - API call attempt 1/3
2025-11-05 21:02:55 | DEBUG    | src.api.client:_call_with_retry:155 - CRITICAL DEBUG - Payload sent to replicate.run: {
  "num_images": 1,
  "image_input": [
    "https://f003.backblazeb2.com/file/aspect-ratio-reference/aspect_ratio_reference_16x9.png"
  ],
  "output_format": "png",
  "prompt": "A cinematic scene from the  1780s Norrk\u00f6ping, a Jewish textile merchant inspecting dyed fabrics laid out to dry in the sunlight. Shot on 35mm film in the style of Roger Deakins. Make the aspect ratio of the generated image the same as provided image"
}
2025-11-05 21:03:05 | DEBUG    | src.api.client:_call_with_retry:170 - API call successful
2025-11-05 21:03:05 | WARNING  | src.api.client:generate_image:117 - API PARAMETER FILTERING DETECTED:
2025-11-05 21:03:05 | WARNING  | src.api.client:generate_image:118 -   Model: google/nano-banana
2025-11-05 21:03:05 | WARNING  | src.api.client:generate_image:119 -   Filtered parameters: ['image_input']
2025-11-05 21:03:05 | WARNING  | src.api.client:generate_image:120 -   This means the model doesn't support these parameters
2025-11-05 21:03:06 | INFO     | src.output.writer:_save_to_disk:192 - Saved valid image: USER-FILES/05.OUTPUT/251105_205937_IMAGE/nano-banano16x9_deakins/jewish_craftsmen_019_210305_nano-banano16x9_deakins.png
2025-11-05 21:03:06 | DEBUG    | src.output.writer:_save_payload:257 - Saved payload to USER-FILES/05.OUTPUT/251105_205937_IMAGE/nano-banano16x9_deakins/jewish_craftsmen_019_210305_nano-banano16x9_deakins.md
2025-11-05 21:03:06 | INFO     | src.processing.processor:_generate_and_save_image:253 - Saved image: USER-FILES/05.OUTPUT/251105_205937_IMAGE/nano-banano16x9_deakins/jewish_craftsmen_019_210305_nano-banano16x9_deakins.png
2025-11-05 21:03:06 | INFO     | src.processing.discovery:load_prompts:63 - Loaded prompt from jewish_craftsmen_020.txt
2025-11-05 21:03:06 | INFO     | src.processing.processor:_process_single_combination:124 - Processing combination 20/20: jewish_craftsmen_020.txt + nano-banano16x9_deakins
2025-11-05 21:03:06 | DEBUG    | src.processing.processor:_apply_prompt_fixes:209 - Added prefix to prompt: A cinematic scene from the 
2025-11-05 21:03:06 | DEBUG    | src.processing.processor:_apply_prompt_fixes:213 - Added suffix to prompt: Shot on 35mm film in the style of Roger Deakins. Make the aspect ratio of the generated image the same as provided image
2025-11-05 21:03:06 | DEBUG    | src.processing.processor:_process_with_context:191 - Processing jewish_craftsmen_020.txt: A cinematic scene from the  1790s Stockholm, a Jew...
2025-11-05 21:03:06 | DEBUG    | src.api.client:generate_image:85 - CRITICAL DEBUG - Received params: {
  "num_images": 1,
  "image_input": [
    "https://f003.backblazeb2.com/file/aspect-ratio-reference/aspect_ratio_reference_16x9.png"
  ],
  "output_format": "png"
}
2025-11-05 21:03:06 | DEBUG    | src.api.client:generate_image:86 - CRITICAL DEBUG - Constructed payload: {
  "num_images": 1,
  "image_input": [
    "https://f003.backblazeb2.com/file/aspect-ratio-reference/aspect_ratio_reference_16x9.png"
  ],
  "output_format": "png",
  "prompt": "A cinematic scene from the  1790s Stockholm, a Jewish tailor fitting a military uniform on a Swedish officer in a modest but elegant shop. Shot on 35mm film in the style of Roger Deakins. Make the aspect ratio of the generated image the same as provided image"
}
2025-11-05 21:03:06 | DEBUG    | src.api.client:generate_image:89 - Original prompt: A cinematic scene from the  1790s Stockholm, a Jewish tailor fitting a military uniform on a Swedish officer in a modest but elegant shop. Shot on 35mm film in the style of Roger Deakins. Make the aspect ratio of the generated image the same as provided image
2025-11-05 21:03:06 | DEBUG    | src.api.client:generate_image:90 - Clean prompt being sent: A cinematic scene from the  1790s Stockholm, a Jewish tailor fitting a military uniform on a Swedish officer in a modest but elegant shop. Shot on 35mm film in the style of Roger Deakins. Make the aspect ratio of the generated image the same as provided image
2025-11-05 21:03:06 | DEBUG    | src.api.client:generate_image:91 - Clean prompt repr: 'A cinematic scene from the  1790s Stockholm, a Jewish tailor fitting a military uniform on a Swedish officer in a modest but elegant shop. Shot on 35mm film in the style of Roger Deakins. Make the aspect ratio of the generated image the same as provided image'
2025-11-05 21:03:06 | DEBUG    | src.api.client:_call_with_retry:152 - API call attempt 1/3
2025-11-05 21:03:06 | DEBUG    | src.api.client:_call_with_retry:155 - CRITICAL DEBUG - Payload sent to replicate.run: {
  "num_images": 1,
  "image_input": [
    "https://f003.backblazeb2.com/file/aspect-ratio-reference/aspect_ratio_reference_16x9.png"
  ],
  "output_format": "png",
  "prompt": "A cinematic scene from the  1790s Stockholm, a Jewish tailor fitting a military uniform on a Swedish officer in a modest but elegant shop. Shot on 35mm film in the style of Roger Deakins. Make the aspect ratio of the generated image the same as provided image"
}
2025-11-05 21:03:16 | DEBUG    | src.api.client:_call_with_retry:170 - API call successful
2025-11-05 21:03:16 | WARNING  | src.api.client:generate_image:117 - API PARAMETER FILTERING DETECTED:
2025-11-05 21:03:16 | WARNING  | src.api.client:generate_image:118 -   Model: google/nano-banana
2025-11-05 21:03:16 | WARNING  | src.api.client:generate_image:119 -   Filtered parameters: ['image_input']
2025-11-05 21:03:16 | WARNING  | src.api.client:generate_image:120 -   This means the model doesn't support these parameters
2025-11-05 21:03:18 | INFO     | src.output.writer:_save_to_disk:192 - Saved valid image: USER-FILES/05.OUTPUT/251105_205937_IMAGE/nano-banano16x9_deakins/jewish_craftsmen_020_210316_nano-banano16x9_deakins.png
2025-11-05 21:03:18 | DEBUG    | src.output.writer:_save_payload:257 - Saved payload to USER-FILES/05.OUTPUT/251105_205937_IMAGE/nano-banano16x9_deakins/jewish_craftsmen_020_210316_nano-banano16x9_deakins.md
2025-11-05 21:03:18 | INFO     | src.processing.processor:_generate_and_save_image:253 - Saved image: USER-FILES/05.OUTPUT/251105_205937_IMAGE/nano-banano16x9_deakins/jewish_craftsmen_020_210316_nano-banano16x9_deakins.png
2025-11-05 21:03:18 | INFO     | src.processing.discovery:load_prompts:63 - Loaded prompt from jewish_craftsmen_001.txt
2025-11-05 21:03:18 | INFO     | src.processing.discovery:load_prompts:63 - Loaded prompt from jewish_craftsmen_002.txt
2025-11-05 21:03:18 | INFO     | src.processing.discovery:load_prompts:63 - Loaded prompt from jewish_craftsmen_003.txt
2025-11-05 21:03:18 | INFO     | src.processing.discovery:load_prompts:63 - Loaded prompt from jewish_craftsmen_004.txt
2025-11-05 21:03:18 | INFO     | src.processing.discovery:load_prompts:63 - Loaded prompt from jewish_craftsmen_005.txt
2025-11-05 21:03:18 | INFO     | src.processing.discovery:load_prompts:63 - Loaded prompt from jewish_craftsmen_006.txt
2025-11-05 21:03:18 | INFO     | src.processing.discovery:load_prompts:63 - Loaded prompt from jewish_craftsmen_007.txt
2025-11-05 21:03:18 | INFO     | src.processing.discovery:load_prompts:63 - Loaded prompt from jewish_craftsmen_008.txt
2025-11-05 21:03:18 | INFO     | src.processing.discovery:load_prompts:63 - Loaded prompt from jewish_craftsmen_009.txt
2025-11-05 21:03:18 | INFO     | src.processing.discovery:load_prompts:63 - Loaded prompt from jewish_craftsmen_010.txt
2025-11-05 21:03:18 | INFO     | src.processing.discovery:load_prompts:63 - Loaded prompt from jewish_craftsmen_011.txt
2025-11-05 21:03:18 | INFO     | src.processing.discovery:load_prompts:63 - Loaded prompt from jewish_craftsmen_012.txt
2025-11-05 21:03:18 | INFO     | src.processing.discovery:load_prompts:63 - Loaded prompt from jewish_craftsmen_013.txt
2025-11-05 21:03:18 | INFO     | src.processing.discovery:load_prompts:63 - Loaded prompt from jewish_craftsmen_014.txt
2025-11-05 21:03:18 | INFO     | src.processing.discovery:load_prompts:63 - Loaded prompt from jewish_craftsmen_015.txt
2025-11-05 21:03:18 | INFO     | src.processing.discovery:load_prompts:63 - Loaded prompt from jewish_craftsmen_016.txt
2025-11-05 21:03:18 | INFO     | src.processing.discovery:load_prompts:63 - Loaded prompt from jewish_craftsmen_017.txt
2025-11-05 21:03:18 | INFO     | src.processing.discovery:load_prompts:63 - Loaded prompt from jewish_craftsmen_018.txt
2025-11-05 21:03:18 | INFO     | src.processing.discovery:load_prompts:63 - Loaded prompt from jewish_craftsmen_019.txt
2025-11-05 21:03:18 | INFO     | src.processing.discovery:load_prompts:63 - Loaded prompt from jewish_craftsmen_020.txt
2025-11-05 21:03:18 | INFO     | src.output.writer:write_report:293 - Report saved: USER-FILES/05.OUTPUT/251105_205937_IMAGE/SUCCESS.md
2025-11-05 21:03:18 | INFO     | src.output.writer:write_report:293 - Report saved: USER-FILES/05.OUTPUT/251105_205937_IMAGE/COST-REPORT.md
2025-11-05 21:03:18 | INFO     | src.output.writer:write_report:293 - Report saved: USER-FILES/05.OUTPUT/251105_205937_IMAGE/PROFILES-WITH-FIXES.md
2025-11-05 21:03:18 | INFO     | src.output.reporter:_save_success_reports:62 - Reports saved successfully
2025-11-05 21:03:18 | SUCCESS  | __main__:generate_final_reports:264 - ✅ Completed successfully! Generated 20 images
