2026-01-13 14:42:06 | INFO     | src.utils.logging:setup_logging:39 - Logging configured (verbose=False, debug=False)
2026-01-13 14:42:06 | INFO     | __main__:setup_environment:79 - Environment initialized
2026-01-13 14:42:06 | INFO     | __main__:load_and_validate_config:84 - Loading configuration...
2026-01-13 14:42:06 | INFO     | src.config.loader:load_config:42 - Loaded configuration from USER-FILES/01.CONFIG/config.yaml
2026-01-13 14:42:06 | INFO     | __main__:authenticate_for_mode:273 - Authenticating with 1Password...
2026-01-13 14:42:11 | INFO     | src.auth.session_manager:ensure_op_auth:42 - 🔐 1Password authentication required...
2026-01-13 14:43:09 | SUCCESS  | src.auth.session_manager:ensure_op_auth:68 - ✅ 1Password authentication successful
2026-01-13 14:43:10 | DEBUG    | src.auth.session_manager:ensure_op_auth:39 - 1Password session is active
2026-01-13 14:43:10 | DEBUG    | src.auth.auth:load_auth_config:28 - Using auth config: auth_ruben.yaml
2026-01-13 14:43:11 | DEBUG    | src.auth.auth:get_api_key:77 - Retrieved API key: r8_K...
2026-01-13 14:43:11 | INFO     | __main__:discover_inputs_and_profiles:92 - Discovering inputs...
2026-01-13 14:43:11 | DEBUG    | src.processing.discovery:discover_prompt_files:42 - Found markdown file: frame_0900.md
2026-01-13 14:43:11 | INFO     | src.processing.discovery:discover_prompt_files:47 - Discovered 1 markdown files
2026-01-13 14:43:11 | DEBUG    | src.processing.discovery:discover_profiles:98 - Loaded profile: USER-FILES/03.PROFILES/nano-banano-pro-2k_16x9_wbt_ari_young_lebanon.yaml
2026-01-13 14:43:11 | INFO     | src.processing.discovery:discover_profiles:102 - Loaded 1 profiles
2026-01-13 14:43:11 | INFO     | src.processing.discovery:get_active_models:148 - Found profile: nano-banano-pro-2k_16x9_wbt_ari_young_lebanon
2026-01-13 14:43:11 | INFO     | src.processing.discovery:get_active_models:153 - Total profiles to process: 1
2026-01-13 14:43:11 | INFO     | src.config.validator:validate_all:26 - All configuration validation passed
2026-01-13 14:43:11 | INFO     | __main__:initialize_services:186 - Output directory: USER-FILES/05.OUTPUT/260113_144311_IMAGE
2026-01-13 14:43:11 | INFO     | __main__:execute_processing:221 - Starting matrix processing...
2026-01-13 14:43:11 | DEBUG    | src.processing.validator:validate_operational_requirements:30 - Profile 'nano-banano-pro-2k_16x9_wbt_ari_young_lebanon' operational validation passed
2026-01-13 14:43:11 | INFO     | src.processing.processor:process_all:66 - Processing 1 combinations (1 files × 1 profiles)
2026-01-13 14:43:11 | DEBUG    | src.processing.processor:_process_single_combination:132 - Extracted image URL from markdown: https://f003.backblazeb2.com/file/wbt-bucket/ari_young_lebanon/frame_0900.jpg
2026-01-13 14:43:11 | INFO     | src.processing.discovery:load_prompts:66 - Extracted prompt from frame_0900.md
2026-01-13 14:43:11 | INFO     | src.processing.processor:_process_single_combination:141 - Processing combination 1/1: frame_0900.md + nano-banano-pro-2k_16x9_wbt_ari_young_lebanon
2026-01-13 14:43:11 | DEBUG    | src.processing.processor:_process_single_combination:163 - Built image_input array with 2 URL(s): ['https://f003.backblazeb2.com/file/wbt-bucket/ari_young_lebanon/frame_0900.jpg', 'https://f003.backblazeb2.com/file/wbt-bucket/references/ari_foldman_young.png']
2026-01-13 14:43:11 | DEBUG    | src.processing.processor:_apply_prompt_fixes:235 - Added prefix to prompt: Create an exact, photorealistic version of the provided drawing. The drawing is suppose to depict Ari Foldman, a young Israeli soilder in the 1982 Lebanon war. The drawing depicts 
2026-01-13 14:43:11 | DEBUG    | src.processing.processor:_apply_prompt_fixes:239 - Added suffix to prompt: Provided image ari_foldman_young.png show what Ari Foldman actually looks like. The created image should look like it was shot on 35mm film by Roger Deakins.
2026-01-13 14:43:11 | DEBUG    | src.processing.processor:_process_with_context:215 - Processing frame_0900.md: Create an exact, photorealistic version of the pro...
2026-01-13 14:43:11 | DEBUG    | src.api.client:generate_image:85 - CRITICAL DEBUG - Received params: {
  "num_images": 1,
  "aspect_ratio": "16:9",
  "output_format": "png",
  "resolution": "2K",
  "safety_filter_level": "block_only_high",
  "image_input": [
    "https://f003.backblazeb2.com/file/wbt-bucket/ari_young_lebanon/frame_0900.jpg",
    "https://f003.backblazeb2.com/file/wbt-bucket/references/ari_foldman_young.png"
  ]
}
2026-01-13 14:43:11 | DEBUG    | src.api.client:generate_image:86 - CRITICAL DEBUG - Constructed payload: {
  "num_images": 1,
  "aspect_ratio": "16:9",
  "output_format": "png",
  "resolution": "2K",
  "safety_filter_level": "block_only_high",
  "image_input": [
    "https://f003.backblazeb2.com/file/wbt-bucket/ari_young_lebanon/frame_0900.jpg",
    "https://f003.backblazeb2.com/file/wbt-bucket/references/ari_foldman_young.png"
  ],
  "prompt": "Create an exact, photorealistic version of the provided drawing. The drawing is suppose to depict Ari Foldman, a young Israeli soilder in the 1982 Lebanon war. The drawing depicts  Frontal shot of Israeli soldier Ari Foldman with a green military jacket, and a riffle-strap over his shoulder. Ari is looking just above the camera, not straight into the camera. Behind him is another Israeli soldier looking off camera. No military helmets. Behind them is a makeshift Israeli checkpoint, in the back desolate streets of war torn Beirut. Provided image ari_foldman_young.png show what Ari Foldman actually looks like. The created image should look like it was shot on 35mm film by Roger Deakins."
}
2026-01-13 14:43:11 | DEBUG    | src.api.client:generate_image:89 - Original prompt: Create an exact, photorealistic version of the provided drawing. The drawing is suppose to depict Ari Foldman, a young Israeli soilder in the 1982 Lebanon war. The drawing depicts  Frontal shot of Israeli soldier Ari Foldman with a green military jacket, and a riffle-strap over his shoulder. Ari is looking just above the camera, not straight into the camera. Behind him is another Israeli soldier looking off camera. No military helmets. Behind them is a makeshift Israeli checkpoint, in the back desolate streets of war torn Beirut. Provided image ari_foldman_young.png show what Ari Foldman actually looks like. The created image should look like it was shot on 35mm film by Roger Deakins.
2026-01-13 14:43:11 | DEBUG    | src.api.client:generate_image:90 - Clean prompt being sent: Create an exact, photorealistic version of the provided drawing. The drawing is suppose to depict Ari Foldman, a young Israeli soilder in the 1982 Lebanon war. The drawing depicts  Frontal shot of Israeli soldier Ari Foldman with a green military jacket, and a riffle-strap over his shoulder. Ari is looking just above the camera, not straight into the camera. Behind him is another Israeli soldier looking off camera. No military helmets. Behind them is a makeshift Israeli checkpoint, in the back desolate streets of war torn Beirut. Provided image ari_foldman_young.png show what Ari Foldman actually looks like. The created image should look like it was shot on 35mm film by Roger Deakins.
2026-01-13 14:43:11 | DEBUG    | src.api.client:generate_image:91 - Clean prompt repr: 'Create an exact, photorealistic version of the provided drawing. The drawing is suppose to depict Ari Foldman, a young Israeli soilder in the 1982 Lebanon war. The drawing depicts  Frontal shot of Israeli soldier Ari Foldman with a green military jacket, and a riffle-strap over his shoulder. Ari is looking just above the camera, not straight into the camera. Behind him is another Israeli soldier looking off camera. No military helmets. Behind them is a makeshift Israeli checkpoint, in the back desolate streets of war torn Beirut. Provided image ari_foldman_young.png show what Ari Foldman actually looks like. The created image should look like it was shot on 35mm film by Roger Deakins.'
2026-01-13 14:43:11 | DEBUG    | src.api.client:_call_with_retry:152 - API call attempt 1/3
2026-01-13 14:43:11 | DEBUG    | src.api.client:_call_with_retry:155 - CRITICAL DEBUG - Payload sent to replicate.run: {
  "num_images": 1,
  "aspect_ratio": "16:9",
  "output_format": "png",
  "resolution": "2K",
  "safety_filter_level": "block_only_high",
  "image_input": [
    "https://f003.backblazeb2.com/file/wbt-bucket/ari_young_lebanon/frame_0900.jpg",
    "https://f003.backblazeb2.com/file/wbt-bucket/references/ari_foldman_young.png"
  ],
  "prompt": "Create an exact, photorealistic version of the provided drawing. The drawing is suppose to depict Ari Foldman, a young Israeli soilder in the 1982 Lebanon war. The drawing depicts  Frontal shot of Israeli soldier Ari Foldman with a green military jacket, and a riffle-strap over his shoulder. Ari is looking just above the camera, not straight into the camera. Behind him is another Israeli soldier looking off camera. No military helmets. Behind them is a makeshift Israeli checkpoint, in the back desolate streets of war torn Beirut. Provided image ari_foldman_young.png show what Ari Foldman actually looks like. The created image should look like it was shot on 35mm film by Roger Deakins."
}
2026-01-13 14:43:50 | DEBUG    | src.api.client:_call_with_retry:170 - API call successful
2026-01-13 14:43:50 | WARNING  | src.api.client:generate_image:117 - API PARAMETER FILTERING DETECTED:
2026-01-13 14:43:50 | WARNING  | src.api.client:generate_image:118 -   Model: google/nano-banana-pro
2026-01-13 14:43:50 | WARNING  | src.api.client:generate_image:119 -   Filtered parameters: ['image_input']
2026-01-13 14:43:50 | WARNING  | src.api.client:generate_image:120 -   This means the model doesn't support these parameters
2026-01-13 14:43:52 | INFO     | src.output.writer:_save_to_disk:203 - Saved valid image: USER-FILES/05.OUTPUT/260113_144311_IMAGE/frame_0900-260113_144350.png
2026-01-13 14:43:52 | DEBUG    | src.output.writer:_save_payload:270 - Saved payload to USER-FILES/05.OUTPUT/260113_144311_IMAGE/frame_0900-260113_144350.md
2026-01-13 14:43:52 | INFO     | src.processing.processor:_generate_and_save_image:276 - Saved image: USER-FILES/05.OUTPUT/260113_144311_IMAGE/frame_0900-260113_144350.png
2026-01-13 14:43:52 | INFO     | src.processing.processor:_process_with_context:226 - Waiting 1.0 seconds before next request
2026-01-13 14:43:53 | INFO     | src.processing.discovery:load_prompts:66 - Extracted prompt from frame_0900.md
2026-01-13 14:43:53 | INFO     | src.output.writer:write_report:306 - Report saved: USER-FILES/05.OUTPUT/260113_144311_IMAGE/SUCCESS.md
2026-01-13 14:43:53 | INFO     | src.output.writer:write_report:306 - Report saved: USER-FILES/05.OUTPUT/260113_144311_IMAGE/COST-REPORT.md
2026-01-13 14:43:53 | INFO     | src.output.writer:write_report:306 - Report saved: USER-FILES/05.OUTPUT/260113_144311_IMAGE/PROFILES-WITH-FIXES.md
2026-01-13 14:43:53 | INFO     | src.output.reporter:_save_success_reports:62 - Reports saved successfully
2026-01-13 14:43:53 | SUCCESS  | __main__:generate_final_reports:264 - ✅ Completed successfully! Generated 1 images
