2025-09-24 15:19:19 | INFO     | src.utils.logging:setup_logging:39 - Logging configured (verbose=False, debug=False)
2025-09-24 15:19:19 | INFO     | __main__:setup_environment:78 - Environment initialized
2025-09-24 15:19:19 | INFO     | __main__:load_and_validate_config:83 - Loading configuration...
2025-09-24 15:19:19 | INFO     | src.config.loader:load_config:42 - Loaded configuration from USER-FILES/01.CONFIG/config.yaml
2025-09-24 15:19:19 | INFO     | __main__:main:310 - Authenticating with 1Password...
2025-09-24 15:19:23 | DEBUG    | src.auth.onepassword:ensure_op_auth:82 - 1Password session is active
2025-09-24 15:19:23 | INFO     | __main__:main:315 - Validating API key access (dry-run mode)...
2025-09-24 15:19:24 | DEBUG    | src.auth.onepassword:ensure_op_auth:82 - 1Password session is active
2025-09-24 15:19:26 | DEBUG    | src.auth.onepassword:get_api_key:147 - Retrieved API key: r8_V...
2025-09-24 15:19:26 | SUCCESS  | __main__:main:317 - ✅ API key validated successfully
2025-09-24 15:19:26 | INFO     | __main__:discover_inputs_and_profiles:91 - Discovering inputs...
2025-09-24 15:19:26 | DEBUG    | src.processing.discovery:discover_prompt_files:40 - Found prompt file: line_0015.txt
2025-09-24 15:19:26 | INFO     | src.processing.discovery:discover_prompt_files:45 - Discovered 1 prompt files
2025-09-24 15:19:26 | DEBUG    | src.processing.discovery:discover_profiles:93 - Loaded profile: USER-FILES/03.PROFILES/nano-banano.yaml
2025-09-24 15:19:26 | INFO     | src.processing.discovery:discover_profiles:97 - Loaded 1 profiles
2025-09-24 15:19:26 | INFO     | src.processing.discovery:get_active_models:133 - Found profile: nano-banano
2025-09-24 15:19:26 | INFO     | src.processing.discovery:get_active_models:138 - Total profiles to process: 1
2025-09-24 15:19:26 | INFO     | src.config.validator:validate_all:26 - All configuration validation passed
2025-09-24 15:19:26 | INFO     | __main__:initialize_services:185 - Output directory: USER-FILES/05.OUTPUT/250924_151926
2025-09-24 15:19:26 | INFO     | __main__:execute_processing:219 - Starting matrix processing...
2025-09-24 15:19:26 | INFO     | src.processing.processor:process_all:128 - Processing 1 combinations (1 files × 1 profiles)
2025-09-24 15:19:26 | INFO     | src.processing.discovery:load_prompts:63 - Loaded prompt from line_0015.txt
2025-09-24 15:19:26 | INFO     | src.processing.processor:_process_single_combination:200 - Processing combination 1/1: line_0015.txt + nano-banano
2025-09-24 15:19:26 | DEBUG    | src.processing.processor:_process_with_context:260 - Processing line_0015.txt: Group of 2 diverse AWS technicians (Asian man 20s,...
2025-09-24 15:19:26 | INFO     | src.processing.processor:_process_with_context:263 - [DRY RUN] Would generate image for line_0015.txt
2025-09-24 15:19:26 | INFO     | src.processing.discovery:load_prompts:63 - Loaded prompt from line_0015.txt
2025-09-24 15:19:26 | INFO     | src.output.writer:write_report:266 - Report saved: USER-FILES/05.OUTPUT/250924_151926/SUCCESS.md
2025-09-24 15:19:26 | INFO     | src.output.reporter:_save_success_reports:62 - Reports saved successfully
2025-09-24 15:19:26 | SUCCESS  | __main__:generate_final_reports:262 - ✅ Completed successfully! Generated 0 images
