2025-10-16 13:18:08 | INFO     | src.utils.logging:setup_logging:39 - Logging configured (verbose=False, debug=False)
2025-10-16 13:18:08 | INFO     | __main__:setup_environment:79 - Environment initialized
2025-10-16 13:18:08 | INFO     | __main__:load_and_validate_config:84 - Loading configuration...
2025-10-16 13:18:08 | INFO     | src.config.loader:load_config:42 - Loaded configuration from USER-FILES/01.CONFIG/config.yaml
2025-10-16 13:18:08 | INFO     | __main__:authenticate_for_mode:273 - Authenticating with 1Password...
2025-10-16 13:18:13 | INFO     | src.auth.session_manager:ensure_op_auth:42 - 🔐 1Password authentication required...
2025-10-16 13:18:16 | SUCCESS  | src.auth.session_manager:ensure_op_auth:68 - ✅ 1Password authentication successful
2025-10-16 13:18:17 | DEBUG    | src.auth.session_manager:ensure_op_auth:39 - 1Password session is active
2025-10-16 13:18:17 | DEBUG    | src.auth.auth:load_auth_config:28 - Using auth config: auth_bites.yaml
2025-10-16 13:18:21 | DEBUG    | src.auth.auth:get_api_key:77 - Retrieved API key: r8_V...
2025-10-16 13:18:21 | INFO     | __main__:discover_inputs_and_profiles:92 - Discovering inputs...
2025-10-16 13:18:21 | DEBUG    | src.processing.discovery:discover_prompt_files:40 - Found prompt file: 04_Hematomas_Shaving_Risks_Treatment_lines/Bite04_line_0002.txt
2025-10-16 13:18:21 | DEBUG    | src.processing.discovery:discover_prompt_files:40 - Found prompt file: 04_Hematomas_Shaving_Risks_Treatment_lines/Bite04_line_0003.txt
2025-10-16 13:18:21 | DEBUG    | src.processing.discovery:discover_prompt_files:40 - Found prompt file: 04_Hematomas_Shaving_Risks_Treatment_lines/Bite04_line_0015.txt
2025-10-16 13:18:21 | DEBUG    | src.processing.discovery:discover_prompt_files:40 - Found prompt file: 04_Hematomas_Shaving_Risks_Treatment_lines/Bite04_line_0001.txt
2025-10-16 13:18:21 | DEBUG    | src.processing.discovery:discover_prompt_files:40 - Found prompt file: 04_Hematomas_Shaving_Risks_Treatment_lines/Bite04_line_0014.txt
2025-10-16 13:18:21 | DEBUG    | src.processing.discovery:discover_prompt_files:40 - Found prompt file: 04_Hematomas_Shaving_Risks_Treatment_lines/Bite04_line_0010.txt
2025-10-16 13:18:21 | DEBUG    | src.processing.discovery:discover_prompt_files:40 - Found prompt file: 04_Hematomas_Shaving_Risks_Treatment_lines/Bite04_line_0004.txt
2025-10-16 13:18:21 | DEBUG    | src.processing.discovery:discover_prompt_files:40 - Found prompt file: 04_Hematomas_Shaving_Risks_Treatment_lines/Bite04_line_0005.txt
2025-10-16 13:18:21 | DEBUG    | src.processing.discovery:discover_prompt_files:40 - Found prompt file: 04_Hematomas_Shaving_Risks_Treatment_lines/Bite04_line_0011.txt
2025-10-16 13:18:21 | DEBUG    | src.processing.discovery:discover_prompt_files:40 - Found prompt file: 04_Hematomas_Shaving_Risks_Treatment_lines/Bite04_line_0007.txt
2025-10-16 13:18:21 | DEBUG    | src.processing.discovery:discover_prompt_files:40 - Found prompt file: 04_Hematomas_Shaving_Risks_Treatment_lines/Bite04_line_0013.txt
2025-10-16 13:18:21 | DEBUG    | src.processing.discovery:discover_prompt_files:40 - Found prompt file: 04_Hematomas_Shaving_Risks_Treatment_lines/Bite04_line_0012.txt
2025-10-16 13:18:21 | DEBUG    | src.processing.discovery:discover_prompt_files:40 - Found prompt file: 04_Hematomas_Shaving_Risks_Treatment_lines/Bite04_line_0006.txt
2025-10-16 13:18:21 | DEBUG    | src.processing.discovery:discover_prompt_files:40 - Found prompt file: 04_Hematomas_Shaving_Risks_Treatment_lines/Bite04_line_0008.txt
2025-10-16 13:18:21 | DEBUG    | src.processing.discovery:discover_prompt_files:40 - Found prompt file: 04_Hematomas_Shaving_Risks_Treatment_lines/Bite04_line_0009.txt
2025-10-16 13:18:21 | INFO     | src.processing.discovery:discover_prompt_files:45 - Discovered 15 prompt files
2025-10-16 13:18:21 | DEBUG    | src.processing.discovery:discover_profiles:93 - Loaded profile: USER-FILES/03.PROFILES/nano-banano_9x16_barkbus.yaml
2025-10-16 13:18:21 | INFO     | src.processing.discovery:discover_profiles:97 - Loaded 1 profiles
2025-10-16 13:18:21 | INFO     | src.processing.discovery:get_active_models:135 - Found profile: nano-banano_9x16_barkbus
2025-10-16 13:18:21 | INFO     | src.processing.discovery:get_active_models:140 - Total profiles to process: 1
2025-10-16 13:18:21 | INFO     | src.config.validator:validate_all:26 - All configuration validation passed
2025-10-16 13:18:21 | INFO     | __main__:initialize_services:186 - Output directory: USER-FILES/05.OUTPUT/251016_131821_IMAGE
2025-10-16 13:18:21 | INFO     | __main__:execute_processing:221 - Starting matrix processing...
2025-10-16 13:18:21 | DEBUG    | src.processing.validator:validate_operational_requirements:23 - Profile 'nano-banano_9x16_barkbus' operational validation passed
2025-10-16 13:18:21 | INFO     | src.processing.processor:process_all:60 - Processing 15 combinations (15 files × 1 profiles)
2025-10-16 13:18:21 | INFO     | src.processing.discovery:load_prompts:63 - Loaded prompt from Bite04_line_0001.txt
2025-10-16 13:18:21 | INFO     | src.processing.processor:_process_single_combination:124 - Processing combination 1/15: 04_Hematomas_Shaving_Risks_Treatment_lines/Bite04_line_0001.txt + nano-banano_9x16_barkbus
2025-10-16 13:18:21 | DEBUG    | src.processing.processor:_process_single_combination:143 - Added image_input to params: ['https://f003.backblazeb2.com/file/bites-client-ref/Barkbus_Montage.png']
2025-10-16 13:18:21 | DEBUG    | src.processing.processor:_apply_prompt_fixes:213 - Added suffix to prompt: Provided image is a reference that shows you what the forementions actually look like.
2025-10-16 13:18:21 | DEBUG    | src.processing.processor:_process_with_context:191 - Processing 04_Hematomas_Shaving_Risks_Treatment_lines/Bite04_line_0001.txt: "Clean, modern title card with ""Hematomas, Shavin...
2025-10-16 13:18:21 | DEBUG    | src.api.client:generate_image:85 - CRITICAL DEBUG - Received params: {
  "aspect_ratio": "9:16",
  "output_format": "png",
  "image_input": [
    "https://f003.backblazeb2.com/file/bites-client-ref/Barkbus_Montage.png"
  ]
}
2025-10-16 13:18:21 | DEBUG    | src.api.client:generate_image:86 - CRITICAL DEBUG - Constructed payload: {
  "aspect_ratio": "9:16",
  "output_format": "png",
  "image_input": [
    "https://f003.backblazeb2.com/file/bites-client-ref/Barkbus_Montage.png"
  ],
  "prompt": "\"Clean, modern title card with \"\"Hematomas, Shaving Risks\"\" in bold sans-serif font against Barkbus blue (#0078FF) gradient background, soft diffused lighting, minimalist design, symmetrical composition\" Provided image is a reference that shows you what the forementions actually look like."
}
2025-10-16 13:18:21 | DEBUG    | src.api.client:generate_image:89 - Original prompt: "Clean, modern title card with ""Hematomas, Shaving Risks"" in bold sans-serif font against Barkbus blue (#0078FF) gradient background, soft diffused lighting, minimalist design, symmetrical composition" Provided image is a reference that shows you what the forementions actually look like.
2025-10-16 13:18:21 | DEBUG    | src.api.client:generate_image:90 - Clean prompt being sent: "Clean, modern title card with ""Hematomas, Shaving Risks"" in bold sans-serif font against Barkbus blue (#0078FF) gradient background, soft diffused lighting, minimalist design, symmetrical composition" Provided image is a reference that shows you what the forementions actually look like.
2025-10-16 13:18:21 | DEBUG    | src.api.client:generate_image:91 - Clean prompt repr: '"Clean, modern title card with ""Hematomas, Shaving Risks"" in bold sans-serif font against Barkbus blue (#0078FF) gradient background, soft diffused lighting, minimalist design, symmetrical composition" Provided image is a reference that shows you what the forementions actually look like.'
2025-10-16 13:18:21 | DEBUG    | src.api.client:_call_with_retry:152 - API call attempt 1/3
2025-10-16 13:18:21 | DEBUG    | src.api.client:_call_with_retry:155 - CRITICAL DEBUG - Payload sent to replicate.run: {
  "aspect_ratio": "9:16",
  "output_format": "png",
  "image_input": [
    "https://f003.backblazeb2.com/file/bites-client-ref/Barkbus_Montage.png"
  ],
  "prompt": "\"Clean, modern title card with \"\"Hematomas, Shaving Risks\"\" in bold sans-serif font against Barkbus blue (#0078FF) gradient background, soft diffused lighting, minimalist design, symmetrical composition\" Provided image is a reference that shows you what the forementions actually look like."
}
2025-10-16 13:18:34 | DEBUG    | src.api.client:_call_with_retry:170 - API call successful
2025-10-16 13:18:34 | WARNING  | src.api.client:generate_image:117 - API PARAMETER FILTERING DETECTED:
2025-10-16 13:18:34 | WARNING  | src.api.client:generate_image:118 -   Model: google/nano-banana
2025-10-16 13:18:34 | WARNING  | src.api.client:generate_image:119 -   Filtered parameters: ['image_input']
2025-10-16 13:18:34 | WARNING  | src.api.client:generate_image:120 -   This means the model doesn't support these parameters
2025-10-16 13:18:34 | INFO     | src.output.writer:_save_to_disk:192 - Saved valid image: USER-FILES/05.OUTPUT/251016_131821_IMAGE/nano-banano_9x16_barkbus/04_Hematomas_Shaving_Risks_Treatment_lines/Bite04_line_0001_131834_nano-banano_9x16_barkbus.png
2025-10-16 13:18:34 | DEBUG    | src.output.writer:_save_payload:257 - Saved payload to USER-FILES/05.OUTPUT/251016_131821_IMAGE/nano-banano_9x16_barkbus/04_Hematomas_Shaving_Risks_Treatment_lines/Bite04_line_0001_131834_nano-banano_9x16_barkbus.md
2025-10-16 13:18:34 | INFO     | src.processing.processor:_generate_and_save_image:253 - Saved image: USER-FILES/05.OUTPUT/251016_131821_IMAGE/nano-banano_9x16_barkbus/04_Hematomas_Shaving_Risks_Treatment_lines/Bite04_line_0001_131834_nano-banano_9x16_barkbus.png
2025-10-16 13:18:34 | INFO     | src.processing.processor:_process_with_context:202 - Waiting 1.0 seconds before next request
2025-10-16 13:18:35 | INFO     | src.processing.discovery:load_prompts:63 - Loaded prompt from Bite04_line_0002.txt
2025-10-16 13:18:35 | INFO     | src.processing.processor:_process_single_combination:124 - Processing combination 2/15: 04_Hematomas_Shaving_Risks_Treatment_lines/Bite04_line_0002.txt + nano-banano_9x16_barkbus
2025-10-16 13:18:35 | DEBUG    | src.processing.processor:_process_single_combination:143 - Added image_input to params: ['https://f003.backblazeb2.com/file/bites-client-ref/Barkbus_Montage.png']
2025-10-16 13:18:35 | DEBUG    | src.processing.processor:_apply_prompt_fixes:213 - Added suffix to prompt: Provided image is a reference that shows you what the forementions actually look like.
2025-10-16 13:18:35 | DEBUG    | src.processing.processor:_process_with_context:191 - Processing 04_Hematomas_Shaving_Risks_Treatment_lines/Bite04_line_0002.txt: "Text ""& Treatment"" appearing below on the same ...
2025-10-16 13:18:35 | DEBUG    | src.api.client:generate_image:85 - CRITICAL DEBUG - Received params: {
  "aspect_ratio": "9:16",
  "output_format": "png",
  "image_input": [
    "https://f003.backblazeb2.com/file/bites-client-ref/Barkbus_Montage.png"
  ]
}
2025-10-16 13:18:35 | DEBUG    | src.api.client:generate_image:86 - CRITICAL DEBUG - Constructed payload: {
  "aspect_ratio": "9:16",
  "output_format": "png",
  "image_input": [
    "https://f003.backblazeb2.com/file/bites-client-ref/Barkbus_Montage.png"
  ],
  "prompt": "\"Text \"\"& Treatment\"\" appearing below on the same Barkbus blue gradient background, continuation of title sequence, soft diffused lighting, clean typography\" Provided image is a reference that shows you what the forementions actually look like."
}
2025-10-16 13:18:35 | DEBUG    | src.api.client:generate_image:89 - Original prompt: "Text ""& Treatment"" appearing below on the same Barkbus blue gradient background, continuation of title sequence, soft diffused lighting, clean typography" Provided image is a reference that shows you what the forementions actually look like.
2025-10-16 13:18:35 | DEBUG    | src.api.client:generate_image:90 - Clean prompt being sent: "Text ""& Treatment"" appearing below on the same Barkbus blue gradient background, continuation of title sequence, soft diffused lighting, clean typography" Provided image is a reference that shows you what the forementions actually look like.
2025-10-16 13:18:35 | DEBUG    | src.api.client:generate_image:91 - Clean prompt repr: '"Text ""& Treatment"" appearing below on the same Barkbus blue gradient background, continuation of title sequence, soft diffused lighting, clean typography" Provided image is a reference that shows you what the forementions actually look like.'
2025-10-16 13:18:35 | DEBUG    | src.api.client:_call_with_retry:152 - API call attempt 1/3
2025-10-16 13:18:35 | DEBUG    | src.api.client:_call_with_retry:155 - CRITICAL DEBUG - Payload sent to replicate.run: {
  "aspect_ratio": "9:16",
  "output_format": "png",
  "image_input": [
    "https://f003.backblazeb2.com/file/bites-client-ref/Barkbus_Montage.png"
  ],
  "prompt": "\"Text \"\"& Treatment\"\" appearing below on the same Barkbus blue gradient background, continuation of title sequence, soft diffused lighting, clean typography\" Provided image is a reference that shows you what the forementions actually look like."
}
2025-10-16 13:18:45 | DEBUG    | src.api.client:_call_with_retry:170 - API call successful
2025-10-16 13:18:45 | WARNING  | src.api.client:generate_image:117 - API PARAMETER FILTERING DETECTED:
2025-10-16 13:18:45 | WARNING  | src.api.client:generate_image:118 -   Model: google/nano-banana
2025-10-16 13:18:45 | WARNING  | src.api.client:generate_image:119 -   Filtered parameters: ['image_input']
2025-10-16 13:18:45 | WARNING  | src.api.client:generate_image:120 -   This means the model doesn't support these parameters
2025-10-16 13:18:46 | INFO     | src.output.writer:_save_to_disk:192 - Saved valid image: USER-FILES/05.OUTPUT/251016_131821_IMAGE/nano-banano_9x16_barkbus/04_Hematomas_Shaving_Risks_Treatment_lines/Bite04_line_0002_131845_nano-banano_9x16_barkbus.png
2025-10-16 13:18:46 | DEBUG    | src.output.writer:_save_payload:257 - Saved payload to USER-FILES/05.OUTPUT/251016_131821_IMAGE/nano-banano_9x16_barkbus/04_Hematomas_Shaving_Risks_Treatment_lines/Bite04_line_0002_131845_nano-banano_9x16_barkbus.md
2025-10-16 13:18:46 | INFO     | src.processing.processor:_generate_and_save_image:253 - Saved image: USER-FILES/05.OUTPUT/251016_131821_IMAGE/nano-banano_9x16_barkbus/04_Hematomas_Shaving_Risks_Treatment_lines/Bite04_line_0002_131845_nano-banano_9x16_barkbus.png
2025-10-16 13:18:46 | INFO     | src.processing.processor:_process_with_context:202 - Waiting 1.0 seconds before next request
2025-10-16 13:18:47 | INFO     | src.processing.discovery:load_prompts:63 - Loaded prompt from Bite04_line_0003.txt
2025-10-16 13:18:47 | INFO     | src.processing.processor:_process_single_combination:124 - Processing combination 3/15: 04_Hematomas_Shaving_Risks_Treatment_lines/Bite04_line_0003.txt + nano-banano_9x16_barkbus
2025-10-16 13:18:47 | DEBUG    | src.processing.processor:_process_single_combination:143 - Added image_input to params: ['https://f003.backblazeb2.com/file/bites-client-ref/Barkbus_Montage.png']
2025-10-16 13:18:47 | DEBUG    | src.processing.processor:_apply_prompt_fixes:213 - Added suffix to prompt: Provided image is a reference that shows you what the forementions actually look like.
2025-10-16 13:18:47 | DEBUG    | src.processing.processor:_process_with_context:191 - Processing 04_Hematomas_Shaving_Risks_Treatment_lines/Bite04_line_0003.txt: Medium shot in Barkbus Van Interior of a Middle Ea...
2025-10-16 13:18:47 | DEBUG    | src.api.client:generate_image:85 - CRITICAL DEBUG - Received params: {
  "aspect_ratio": "9:16",
  "output_format": "png",
  "image_input": [
    "https://f003.backblazeb2.com/file/bites-client-ref/Barkbus_Montage.png"
  ]
}
2025-10-16 13:18:47 | DEBUG    | src.api.client:generate_image:86 - CRITICAL DEBUG - Constructed payload: {
  "aspect_ratio": "9:16",
  "output_format": "png",
  "image_input": [
    "https://f003.backblazeb2.com/file/bites-client-ref/Barkbus_Montage.png"
  ],
  "prompt": "Medium shot in Barkbus Van Interior of a Middle Eastern female Barkbus Groomer in blue t-shirt carefully examining a dog's ears before grooming, her expression focused and professional, the dog sitting calmly, natural window lighting, careful pre-grooming assessment Provided image is a reference that shows you what the forementions actually look like."
}
2025-10-16 13:18:47 | DEBUG    | src.api.client:generate_image:89 - Original prompt: Medium shot in Barkbus Van Interior of a Middle Eastern female Barkbus Groomer in blue t-shirt carefully examining a dog's ears before grooming, her expression focused and professional, the dog sitting calmly, natural window lighting, careful pre-grooming assessment Provided image is a reference that shows you what the forementions actually look like.
2025-10-16 13:18:47 | DEBUG    | src.api.client:generate_image:90 - Clean prompt being sent: Medium shot in Barkbus Van Interior of a Middle Eastern female Barkbus Groomer in blue t-shirt carefully examining a dog's ears before grooming, her expression focused and professional, the dog sitting calmly, natural window lighting, careful pre-grooming assessment Provided image is a reference that shows you what the forementions actually look like.
2025-10-16 13:18:47 | DEBUG    | src.api.client:generate_image:91 - Clean prompt repr: "Medium shot in Barkbus Van Interior of a Middle Eastern female Barkbus Groomer in blue t-shirt carefully examining a dog's ears before grooming, her expression focused and professional, the dog sitting calmly, natural window lighting, careful pre-grooming assessment Provided image is a reference that shows you what the forementions actually look like."
2025-10-16 13:18:47 | DEBUG    | src.api.client:_call_with_retry:152 - API call attempt 1/3
2025-10-16 13:18:47 | DEBUG    | src.api.client:_call_with_retry:155 - CRITICAL DEBUG - Payload sent to replicate.run: {
  "aspect_ratio": "9:16",
  "output_format": "png",
  "image_input": [
    "https://f003.backblazeb2.com/file/bites-client-ref/Barkbus_Montage.png"
  ],
  "prompt": "Medium shot in Barkbus Van Interior of a Middle Eastern female Barkbus Groomer in blue t-shirt carefully examining a dog's ears before grooming, her expression focused and professional, the dog sitting calmly, natural window lighting, careful pre-grooming assessment Provided image is a reference that shows you what the forementions actually look like."
}
2025-10-16 13:18:57 | DEBUG    | src.api.client:_call_with_retry:170 - API call successful
2025-10-16 13:18:57 | WARNING  | src.api.client:generate_image:117 - API PARAMETER FILTERING DETECTED:
2025-10-16 13:18:57 | WARNING  | src.api.client:generate_image:118 -   Model: google/nano-banana
2025-10-16 13:18:57 | WARNING  | src.api.client:generate_image:119 -   Filtered parameters: ['image_input']
2025-10-16 13:18:57 | WARNING  | src.api.client:generate_image:120 -   This means the model doesn't support these parameters
2025-10-16 13:18:58 | INFO     | src.output.writer:_save_to_disk:192 - Saved valid image: USER-FILES/05.OUTPUT/251016_131821_IMAGE/nano-banano_9x16_barkbus/04_Hematomas_Shaving_Risks_Treatment_lines/Bite04_line_0003_131857_nano-banano_9x16_barkbus.png
2025-10-16 13:18:58 | DEBUG    | src.output.writer:_save_payload:257 - Saved payload to USER-FILES/05.OUTPUT/251016_131821_IMAGE/nano-banano_9x16_barkbus/04_Hematomas_Shaving_Risks_Treatment_lines/Bite04_line_0003_131857_nano-banano_9x16_barkbus.md
2025-10-16 13:18:58 | INFO     | src.processing.processor:_generate_and_save_image:253 - Saved image: USER-FILES/05.OUTPUT/251016_131821_IMAGE/nano-banano_9x16_barkbus/04_Hematomas_Shaving_Risks_Treatment_lines/Bite04_line_0003_131857_nano-banano_9x16_barkbus.png
2025-10-16 13:18:58 | INFO     | src.processing.processor:_process_with_context:202 - Waiting 1.0 seconds before next request
2025-10-16 13:18:59 | INFO     | src.processing.discovery:load_prompts:63 - Loaded prompt from Bite04_line_0004.txt
2025-10-16 13:18:59 | INFO     | src.processing.processor:_process_single_combination:124 - Processing combination 4/15: 04_Hematomas_Shaving_Risks_Treatment_lines/Bite04_line_0004.txt + nano-banano_9x16_barkbus
2025-10-16 13:18:59 | DEBUG    | src.processing.processor:_process_single_combination:143 - Added image_input to params: ['https://f003.backblazeb2.com/file/bites-client-ref/Barkbus_Montage.png']
2025-10-16 13:18:59 | DEBUG    | src.processing.processor:_apply_prompt_fixes:213 - Added suffix to prompt: Provided image is a reference that shows you what the forementions actually look like.
2025-10-16 13:18:59 | DEBUG    | src.processing.processor:_process_with_context:191 - Processing 04_Hematomas_Shaving_Risks_Treatment_lines/Bite04_line_0004.txt: Medium shot in Barkbus Van Interior of an Asian ma...
2025-10-16 13:18:59 | DEBUG    | src.api.client:generate_image:85 - CRITICAL DEBUG - Received params: {
  "aspect_ratio": "9:16",
  "output_format": "png",
  "image_input": [
    "https://f003.backblazeb2.com/file/bites-client-ref/Barkbus_Montage.png"
  ]
}
2025-10-16 13:18:59 | DEBUG    | src.api.client:generate_image:86 - CRITICAL DEBUG - Constructed payload: {
  "aspect_ratio": "9:16",
  "output_format": "png",
  "image_input": [
    "https://f003.backblazeb2.com/file/bites-client-ref/Barkbus_Montage.png"
  ],
  "prompt": "Medium shot in Barkbus Van Interior of an Asian male Barkbus Groomer in blue t-shirt working carefully on a dog's ear area, pausing to check the dog's condition, his expression attentive and professional, soft diffused lighting, careful monitoring and care Provided image is a reference that shows you what the forementions actually look like."
}
2025-10-16 13:18:59 | DEBUG    | src.api.client:generate_image:89 - Original prompt: Medium shot in Barkbus Van Interior of an Asian male Barkbus Groomer in blue t-shirt working carefully on a dog's ear area, pausing to check the dog's condition, his expression attentive and professional, soft diffused lighting, careful monitoring and care Provided image is a reference that shows you what the forementions actually look like.
2025-10-16 13:18:59 | DEBUG    | src.api.client:generate_image:90 - Clean prompt being sent: Medium shot in Barkbus Van Interior of an Asian male Barkbus Groomer in blue t-shirt working carefully on a dog's ear area, pausing to check the dog's condition, his expression attentive and professional, soft diffused lighting, careful monitoring and care Provided image is a reference that shows you what the forementions actually look like.
2025-10-16 13:18:59 | DEBUG    | src.api.client:generate_image:91 - Clean prompt repr: "Medium shot in Barkbus Van Interior of an Asian male Barkbus Groomer in blue t-shirt working carefully on a dog's ear area, pausing to check the dog's condition, his expression attentive and professional, soft diffused lighting, careful monitoring and care Provided image is a reference that shows you what the forementions actually look like."
2025-10-16 13:18:59 | DEBUG    | src.api.client:_call_with_retry:152 - API call attempt 1/3
2025-10-16 13:18:59 | DEBUG    | src.api.client:_call_with_retry:155 - CRITICAL DEBUG - Payload sent to replicate.run: {
  "aspect_ratio": "9:16",
  "output_format": "png",
  "image_input": [
    "https://f003.backblazeb2.com/file/bites-client-ref/Barkbus_Montage.png"
  ],
  "prompt": "Medium shot in Barkbus Van Interior of an Asian male Barkbus Groomer in blue t-shirt working carefully on a dog's ear area, pausing to check the dog's condition, his expression attentive and professional, soft diffused lighting, careful monitoring and care Provided image is a reference that shows you what the forementions actually look like."
}
2025-10-16 13:19:10 | DEBUG    | src.api.client:_call_with_retry:170 - API call successful
2025-10-16 13:19:10 | WARNING  | src.api.client:generate_image:117 - API PARAMETER FILTERING DETECTED:
2025-10-16 13:19:10 | WARNING  | src.api.client:generate_image:118 -   Model: google/nano-banana
2025-10-16 13:19:10 | WARNING  | src.api.client:generate_image:119 -   Filtered parameters: ['image_input']
2025-10-16 13:19:10 | WARNING  | src.api.client:generate_image:120 -   This means the model doesn't support these parameters
2025-10-16 13:19:11 | INFO     | src.output.writer:_save_to_disk:192 - Saved valid image: USER-FILES/05.OUTPUT/251016_131821_IMAGE/nano-banano_9x16_barkbus/04_Hematomas_Shaving_Risks_Treatment_lines/Bite04_line_0004_131910_nano-banano_9x16_barkbus.png
2025-10-16 13:19:11 | DEBUG    | src.output.writer:_save_payload:257 - Saved payload to USER-FILES/05.OUTPUT/251016_131821_IMAGE/nano-banano_9x16_barkbus/04_Hematomas_Shaving_Risks_Treatment_lines/Bite04_line_0004_131910_nano-banano_9x16_barkbus.md
2025-10-16 13:19:11 | INFO     | src.processing.processor:_generate_and_save_image:253 - Saved image: USER-FILES/05.OUTPUT/251016_131821_IMAGE/nano-banano_9x16_barkbus/04_Hematomas_Shaving_Risks_Treatment_lines/Bite04_line_0004_131910_nano-banano_9x16_barkbus.png
2025-10-16 13:19:11 | INFO     | src.processing.processor:_process_with_context:202 - Waiting 1.0 seconds before next request
2025-10-16 13:19:12 | INFO     | src.processing.discovery:load_prompts:63 - Loaded prompt from Bite04_line_0005.txt
2025-10-16 13:19:12 | INFO     | src.processing.processor:_process_single_combination:124 - Processing combination 5/15: 04_Hematomas_Shaving_Risks_Treatment_lines/Bite04_line_0005.txt + nano-banano_9x16_barkbus
2025-10-16 13:19:12 | DEBUG    | src.processing.processor:_process_single_combination:143 - Added image_input to params: ['https://f003.backblazeb2.com/file/bites-client-ref/Barkbus_Montage.png']
2025-10-16 13:19:12 | DEBUG    | src.processing.processor:_apply_prompt_fixes:213 - Added suffix to prompt: Provided image is a reference that shows you what the forementions actually look like.
2025-10-16 13:19:12 | DEBUG    | src.processing.processor:_process_with_context:191 - Processing 04_Hematomas_Shaving_Risks_Treatment_lines/Bite04_line_0005.txt: Medium shot in Barkbus Van Interior of a White fem...
2025-10-16 13:19:12 | DEBUG    | src.api.client:generate_image:85 - CRITICAL DEBUG - Received params: {
  "aspect_ratio": "9:16",
  "output_format": "png",
  "image_input": [
    "https://f003.backblazeb2.com/file/bites-client-ref/Barkbus_Montage.png"
  ]
}
2025-10-16 13:19:12 | DEBUG    | src.api.client:generate_image:86 - CRITICAL DEBUG - Constructed payload: {
  "aspect_ratio": "9:16",
  "output_format": "png",
  "image_input": [
    "https://f003.backblazeb2.com/file/bites-client-ref/Barkbus_Montage.png"
  ],
  "prompt": "Medium shot in Barkbus Van Interior of a White female Barkbus Groomer in blue t-shirt gently checking a beagle's ear, her touch light and careful, the dog sitting patiently, soft natural lighting, attentive professional care Provided image is a reference that shows you what the forementions actually look like."
}
2025-10-16 13:19:12 | DEBUG    | src.api.client:generate_image:89 - Original prompt: Medium shot in Barkbus Van Interior of a White female Barkbus Groomer in blue t-shirt gently checking a beagle's ear, her touch light and careful, the dog sitting patiently, soft natural lighting, attentive professional care Provided image is a reference that shows you what the forementions actually look like.
2025-10-16 13:19:12 | DEBUG    | src.api.client:generate_image:90 - Clean prompt being sent: Medium shot in Barkbus Van Interior of a White female Barkbus Groomer in blue t-shirt gently checking a beagle's ear, her touch light and careful, the dog sitting patiently, soft natural lighting, attentive professional care Provided image is a reference that shows you what the forementions actually look like.
2025-10-16 13:19:12 | DEBUG    | src.api.client:generate_image:91 - Clean prompt repr: "Medium shot in Barkbus Van Interior of a White female Barkbus Groomer in blue t-shirt gently checking a beagle's ear, her touch light and careful, the dog sitting patiently, soft natural lighting, attentive professional care Provided image is a reference that shows you what the forementions actually look like."
2025-10-16 13:19:12 | DEBUG    | src.api.client:_call_with_retry:152 - API call attempt 1/3
2025-10-16 13:19:12 | DEBUG    | src.api.client:_call_with_retry:155 - CRITICAL DEBUG - Payload sent to replicate.run: {
  "aspect_ratio": "9:16",
  "output_format": "png",
  "image_input": [
    "https://f003.backblazeb2.com/file/bites-client-ref/Barkbus_Montage.png"
  ],
  "prompt": "Medium shot in Barkbus Van Interior of a White female Barkbus Groomer in blue t-shirt gently checking a beagle's ear, her touch light and careful, the dog sitting patiently, soft natural lighting, attentive professional care Provided image is a reference that shows you what the forementions actually look like."
}
2025-10-16 13:19:21 | DEBUG    | src.api.client:_call_with_retry:170 - API call successful
2025-10-16 13:19:21 | WARNING  | src.api.client:generate_image:117 - API PARAMETER FILTERING DETECTED:
2025-10-16 13:19:21 | WARNING  | src.api.client:generate_image:118 -   Model: google/nano-banana
2025-10-16 13:19:21 | WARNING  | src.api.client:generate_image:119 -   Filtered parameters: ['image_input']
2025-10-16 13:19:21 | WARNING  | src.api.client:generate_image:120 -   This means the model doesn't support these parameters
2025-10-16 13:19:23 | INFO     | src.output.writer:_save_to_disk:192 - Saved valid image: USER-FILES/05.OUTPUT/251016_131821_IMAGE/nano-banano_9x16_barkbus/04_Hematomas_Shaving_Risks_Treatment_lines/Bite04_line_0005_131921_nano-banano_9x16_barkbus.png
2025-10-16 13:19:23 | DEBUG    | src.output.writer:_save_payload:257 - Saved payload to USER-FILES/05.OUTPUT/251016_131821_IMAGE/nano-banano_9x16_barkbus/04_Hematomas_Shaving_Risks_Treatment_lines/Bite04_line_0005_131921_nano-banano_9x16_barkbus.md
2025-10-16 13:19:23 | INFO     | src.processing.processor:_generate_and_save_image:253 - Saved image: USER-FILES/05.OUTPUT/251016_131821_IMAGE/nano-banano_9x16_barkbus/04_Hematomas_Shaving_Risks_Treatment_lines/Bite04_line_0005_131921_nano-banano_9x16_barkbus.png
2025-10-16 13:19:23 | INFO     | src.processing.processor:_process_with_context:202 - Waiting 1.0 seconds before next request
2025-10-16 13:19:24 | INFO     | src.processing.discovery:load_prompts:63 - Loaded prompt from Bite04_line_0006.txt
2025-10-16 13:19:24 | INFO     | src.processing.processor:_process_single_combination:124 - Processing combination 6/15: 04_Hematomas_Shaving_Risks_Treatment_lines/Bite04_line_0006.txt + nano-banano_9x16_barkbus
2025-10-16 13:19:24 | DEBUG    | src.processing.processor:_process_single_combination:143 - Added image_input to params: ['https://f003.backblazeb2.com/file/bites-client-ref/Barkbus_Montage.png']
2025-10-16 13:19:24 | DEBUG    | src.processing.processor:_apply_prompt_fixes:213 - Added suffix to prompt: Provided image is a reference that shows you what the forementions actually look like.
2025-10-16 13:19:24 | DEBUG    | src.processing.processor:_process_with_context:191 - Processing 04_Hematomas_Shaving_Risks_Treatment_lines/Bite04_line_0006.txt: Medium shot in Barkbus Van Interior of a Hispanic ...
2025-10-16 13:19:24 | DEBUG    | src.api.client:generate_image:85 - CRITICAL DEBUG - Received params: {
  "aspect_ratio": "9:16",
  "output_format": "png",
  "image_input": [
    "https://f003.backblazeb2.com/file/bites-client-ref/Barkbus_Montage.png"
  ]
}
2025-10-16 13:19:24 | DEBUG    | src.api.client:generate_image:86 - CRITICAL DEBUG - Constructed payload: {
  "aspect_ratio": "9:16",
  "output_format": "png",
  "image_input": [
    "https://f003.backblazeb2.com/file/bites-client-ref/Barkbus_Montage.png"
  ],
  "prompt": "Medium shot in Barkbus Van Interior of a Hispanic male Barkbus Groomer in blue t-shirt speaking to the camera while gesturing toward a dog on the table, explaining ear care precautions, professional educational tone, natural lighting Provided image is a reference that shows you what the forementions actually look like."
}
2025-10-16 13:19:24 | DEBUG    | src.api.client:generate_image:89 - Original prompt: Medium shot in Barkbus Van Interior of a Hispanic male Barkbus Groomer in blue t-shirt speaking to the camera while gesturing toward a dog on the table, explaining ear care precautions, professional educational tone, natural lighting Provided image is a reference that shows you what the forementions actually look like.
2025-10-16 13:19:24 | DEBUG    | src.api.client:generate_image:90 - Clean prompt being sent: Medium shot in Barkbus Van Interior of a Hispanic male Barkbus Groomer in blue t-shirt speaking to the camera while gesturing toward a dog on the table, explaining ear care precautions, professional educational tone, natural lighting Provided image is a reference that shows you what the forementions actually look like.
2025-10-16 13:19:24 | DEBUG    | src.api.client:generate_image:91 - Clean prompt repr: 'Medium shot in Barkbus Van Interior of a Hispanic male Barkbus Groomer in blue t-shirt speaking to the camera while gesturing toward a dog on the table, explaining ear care precautions, professional educational tone, natural lighting Provided image is a reference that shows you what the forementions actually look like.'
2025-10-16 13:19:24 | DEBUG    | src.api.client:_call_with_retry:152 - API call attempt 1/3
2025-10-16 13:19:24 | DEBUG    | src.api.client:_call_with_retry:155 - CRITICAL DEBUG - Payload sent to replicate.run: {
  "aspect_ratio": "9:16",
  "output_format": "png",
  "image_input": [
    "https://f003.backblazeb2.com/file/bites-client-ref/Barkbus_Montage.png"
  ],
  "prompt": "Medium shot in Barkbus Van Interior of a Hispanic male Barkbus Groomer in blue t-shirt speaking to the camera while gesturing toward a dog on the table, explaining ear care precautions, professional educational tone, natural lighting Provided image is a reference that shows you what the forementions actually look like."
}
2025-10-16 13:19:34 | DEBUG    | src.api.client:_call_with_retry:170 - API call successful
2025-10-16 13:19:34 | WARNING  | src.api.client:generate_image:117 - API PARAMETER FILTERING DETECTED:
2025-10-16 13:19:34 | WARNING  | src.api.client:generate_image:118 -   Model: google/nano-banana
2025-10-16 13:19:34 | WARNING  | src.api.client:generate_image:119 -   Filtered parameters: ['image_input']
2025-10-16 13:19:34 | WARNING  | src.api.client:generate_image:120 -   This means the model doesn't support these parameters
2025-10-16 13:19:35 | INFO     | src.output.writer:_save_to_disk:192 - Saved valid image: USER-FILES/05.OUTPUT/251016_131821_IMAGE/nano-banano_9x16_barkbus/04_Hematomas_Shaving_Risks_Treatment_lines/Bite04_line_0006_131934_nano-banano_9x16_barkbus.png
2025-10-16 13:19:35 | DEBUG    | src.output.writer:_save_payload:257 - Saved payload to USER-FILES/05.OUTPUT/251016_131821_IMAGE/nano-banano_9x16_barkbus/04_Hematomas_Shaving_Risks_Treatment_lines/Bite04_line_0006_131934_nano-banano_9x16_barkbus.md
2025-10-16 13:19:35 | INFO     | src.processing.processor:_generate_and_save_image:253 - Saved image: USER-FILES/05.OUTPUT/251016_131821_IMAGE/nano-banano_9x16_barkbus/04_Hematomas_Shaving_Risks_Treatment_lines/Bite04_line_0006_131934_nano-banano_9x16_barkbus.png
2025-10-16 13:19:35 | INFO     | src.processing.processor:_process_with_context:202 - Waiting 1.0 seconds before next request
2025-10-16 13:19:36 | INFO     | src.processing.discovery:load_prompts:63 - Loaded prompt from Bite04_line_0007.txt
2025-10-16 13:19:36 | INFO     | src.processing.processor:_process_single_combination:124 - Processing combination 7/15: 04_Hematomas_Shaving_Risks_Treatment_lines/Bite04_line_0007.txt + nano-banano_9x16_barkbus
2025-10-16 13:19:36 | DEBUG    | src.processing.processor:_process_single_combination:143 - Added image_input to params: ['https://f003.backblazeb2.com/file/bites-client-ref/Barkbus_Montage.png']
2025-10-16 13:19:36 | DEBUG    | src.processing.processor:_apply_prompt_fixes:213 - Added suffix to prompt: Provided image is a reference that shows you what the forementions actually look like.
2025-10-16 13:19:36 | DEBUG    | src.processing.processor:_process_with_context:191 - Processing 04_Hematomas_Shaving_Risks_Treatment_lines/Bite04_line_0007.txt: Medium shot in Barkbus Van Interior of a mixed-rac...
2025-10-16 13:19:36 | DEBUG    | src.api.client:generate_image:85 - CRITICAL DEBUG - Received params: {
  "aspect_ratio": "9:16",
  "output_format": "png",
  "image_input": [
    "https://f003.backblazeb2.com/file/bites-client-ref/Barkbus_Montage.png"
  ]
}
2025-10-16 13:19:36 | DEBUG    | src.api.client:generate_image:86 - CRITICAL DEBUG - Constructed payload: {
  "aspect_ratio": "9:16",
  "output_format": "png",
  "image_input": [
    "https://f003.backblazeb2.com/file/bites-client-ref/Barkbus_Montage.png"
  ],
  "prompt": "Medium shot in Barkbus Van Interior of a mixed-race female Barkbus Groomer in blue t-shirt carefully observing a dog during grooming, pausing her work to check the dog's condition, attentive and professional, soft natural lighting Provided image is a reference that shows you what the forementions actually look like."
}
2025-10-16 13:19:36 | DEBUG    | src.api.client:generate_image:89 - Original prompt: Medium shot in Barkbus Van Interior of a mixed-race female Barkbus Groomer in blue t-shirt carefully observing a dog during grooming, pausing her work to check the dog's condition, attentive and professional, soft natural lighting Provided image is a reference that shows you what the forementions actually look like.
2025-10-16 13:19:36 | DEBUG    | src.api.client:generate_image:90 - Clean prompt being sent: Medium shot in Barkbus Van Interior of a mixed-race female Barkbus Groomer in blue t-shirt carefully observing a dog during grooming, pausing her work to check the dog's condition, attentive and professional, soft natural lighting Provided image is a reference that shows you what the forementions actually look like.
2025-10-16 13:19:36 | DEBUG    | src.api.client:generate_image:91 - Clean prompt repr: "Medium shot in Barkbus Van Interior of a mixed-race female Barkbus Groomer in blue t-shirt carefully observing a dog during grooming, pausing her work to check the dog's condition, attentive and professional, soft natural lighting Provided image is a reference that shows you what the forementions actually look like."
2025-10-16 13:19:36 | DEBUG    | src.api.client:_call_with_retry:152 - API call attempt 1/3
2025-10-16 13:19:36 | DEBUG    | src.api.client:_call_with_retry:155 - CRITICAL DEBUG - Payload sent to replicate.run: {
  "aspect_ratio": "9:16",
  "output_format": "png",
  "image_input": [
    "https://f003.backblazeb2.com/file/bites-client-ref/Barkbus_Montage.png"
  ],
  "prompt": "Medium shot in Barkbus Van Interior of a mixed-race female Barkbus Groomer in blue t-shirt carefully observing a dog during grooming, pausing her work to check the dog's condition, attentive and professional, soft natural lighting Provided image is a reference that shows you what the forementions actually look like."
}
2025-10-16 13:19:47 | DEBUG    | src.api.client:_call_with_retry:170 - API call successful
2025-10-16 13:19:47 | WARNING  | src.api.client:generate_image:117 - API PARAMETER FILTERING DETECTED:
2025-10-16 13:19:47 | WARNING  | src.api.client:generate_image:118 -   Model: google/nano-banana
2025-10-16 13:19:47 | WARNING  | src.api.client:generate_image:119 -   Filtered parameters: ['image_input']
2025-10-16 13:19:47 | WARNING  | src.api.client:generate_image:120 -   This means the model doesn't support these parameters
2025-10-16 13:19:48 | INFO     | src.output.writer:_save_to_disk:192 - Saved valid image: USER-FILES/05.OUTPUT/251016_131821_IMAGE/nano-banano_9x16_barkbus/04_Hematomas_Shaving_Risks_Treatment_lines/Bite04_line_0007_131947_nano-banano_9x16_barkbus.png
2025-10-16 13:19:48 | DEBUG    | src.output.writer:_save_payload:257 - Saved payload to USER-FILES/05.OUTPUT/251016_131821_IMAGE/nano-banano_9x16_barkbus/04_Hematomas_Shaving_Risks_Treatment_lines/Bite04_line_0007_131947_nano-banano_9x16_barkbus.md
2025-10-16 13:19:48 | INFO     | src.processing.processor:_generate_and_save_image:253 - Saved image: USER-FILES/05.OUTPUT/251016_131821_IMAGE/nano-banano_9x16_barkbus/04_Hematomas_Shaving_Risks_Treatment_lines/Bite04_line_0007_131947_nano-banano_9x16_barkbus.png
2025-10-16 13:19:48 | INFO     | src.processing.processor:_process_with_context:202 - Waiting 1.0 seconds before next request
2025-10-16 13:19:49 | INFO     | src.processing.discovery:load_prompts:63 - Loaded prompt from Bite04_line_0008.txt
2025-10-16 13:19:49 | INFO     | src.processing.processor:_process_single_combination:124 - Processing combination 8/15: 04_Hematomas_Shaving_Risks_Treatment_lines/Bite04_line_0008.txt + nano-banano_9x16_barkbus
2025-10-16 13:19:49 | DEBUG    | src.processing.processor:_process_single_combination:143 - Added image_input to params: ['https://f003.backblazeb2.com/file/bites-client-ref/Barkbus_Montage.png']
2025-10-16 13:19:49 | DEBUG    | src.processing.processor:_apply_prompt_fixes:213 - Added suffix to prompt: Provided image is a reference that shows you what the forementions actually look like.
2025-10-16 13:19:49 | DEBUG    | src.processing.processor:_process_with_context:191 - Processing 04_Hematomas_Shaving_Risks_Treatment_lines/Bite04_line_0008.txt: Medium shot in Barkbus Van Interior of a young Whi...
2025-10-16 13:19:49 | DEBUG    | src.api.client:generate_image:85 - CRITICAL DEBUG - Received params: {
  "aspect_ratio": "9:16",
  "output_format": "png",
  "image_input": [
    "https://f003.backblazeb2.com/file/bites-client-ref/Barkbus_Montage.png"
  ]
}
2025-10-16 13:19:49 | DEBUG    | src.api.client:generate_image:86 - CRITICAL DEBUG - Constructed payload: {
  "aspect_ratio": "9:16",
  "output_format": "png",
  "image_input": [
    "https://f003.backblazeb2.com/file/bites-client-ref/Barkbus_Montage.png"
  ],
  "prompt": "Medium shot in Barkbus Van Interior of a young White female Barkbus Groomer in blue t-shirt immediately stopping clipper work and stepping back from dog on grooming table, serious focused expression, clippers held away, decisive action captured, natural lighting Provided image is a reference that shows you what the forementions actually look like."
}
2025-10-16 13:19:49 | DEBUG    | src.api.client:generate_image:89 - Original prompt: Medium shot in Barkbus Van Interior of a young White female Barkbus Groomer in blue t-shirt immediately stopping clipper work and stepping back from dog on grooming table, serious focused expression, clippers held away, decisive action captured, natural lighting Provided image is a reference that shows you what the forementions actually look like.
2025-10-16 13:19:49 | DEBUG    | src.api.client:generate_image:90 - Clean prompt being sent: Medium shot in Barkbus Van Interior of a young White female Barkbus Groomer in blue t-shirt immediately stopping clipper work and stepping back from dog on grooming table, serious focused expression, clippers held away, decisive action captured, natural lighting Provided image is a reference that shows you what the forementions actually look like.
2025-10-16 13:19:49 | DEBUG    | src.api.client:generate_image:91 - Clean prompt repr: 'Medium shot in Barkbus Van Interior of a young White female Barkbus Groomer in blue t-shirt immediately stopping clipper work and stepping back from dog on grooming table, serious focused expression, clippers held away, decisive action captured, natural lighting Provided image is a reference that shows you what the forementions actually look like.'
2025-10-16 13:19:49 | DEBUG    | src.api.client:_call_with_retry:152 - API call attempt 1/3
2025-10-16 13:19:49 | DEBUG    | src.api.client:_call_with_retry:155 - CRITICAL DEBUG - Payload sent to replicate.run: {
  "aspect_ratio": "9:16",
  "output_format": "png",
  "image_input": [
    "https://f003.backblazeb2.com/file/bites-client-ref/Barkbus_Montage.png"
  ],
  "prompt": "Medium shot in Barkbus Van Interior of a young White female Barkbus Groomer in blue t-shirt immediately stopping clipper work and stepping back from dog on grooming table, serious focused expression, clippers held away, decisive action captured, natural lighting Provided image is a reference that shows you what the forementions actually look like."
}
2025-10-16 13:19:58 | DEBUG    | src.api.client:_call_with_retry:170 - API call successful
2025-10-16 13:19:58 | WARNING  | src.api.client:generate_image:117 - API PARAMETER FILTERING DETECTED:
2025-10-16 13:19:58 | WARNING  | src.api.client:generate_image:118 -   Model: google/nano-banana
2025-10-16 13:19:58 | WARNING  | src.api.client:generate_image:119 -   Filtered parameters: ['image_input']
2025-10-16 13:19:58 | WARNING  | src.api.client:generate_image:120 -   This means the model doesn't support these parameters
2025-10-16 13:19:59 | INFO     | src.output.writer:_save_to_disk:192 - Saved valid image: USER-FILES/05.OUTPUT/251016_131821_IMAGE/nano-banano_9x16_barkbus/04_Hematomas_Shaving_Risks_Treatment_lines/Bite04_line_0008_131958_nano-banano_9x16_barkbus.png
2025-10-16 13:19:59 | DEBUG    | src.output.writer:_save_payload:257 - Saved payload to USER-FILES/05.OUTPUT/251016_131821_IMAGE/nano-banano_9x16_barkbus/04_Hematomas_Shaving_Risks_Treatment_lines/Bite04_line_0008_131958_nano-banano_9x16_barkbus.md
2025-10-16 13:19:59 | INFO     | src.processing.processor:_generate_and_save_image:253 - Saved image: USER-FILES/05.OUTPUT/251016_131821_IMAGE/nano-banano_9x16_barkbus/04_Hematomas_Shaving_Risks_Treatment_lines/Bite04_line_0008_131958_nano-banano_9x16_barkbus.png
2025-10-16 13:19:59 | INFO     | src.processing.processor:_process_with_context:202 - Waiting 1.0 seconds before next request
2025-10-16 13:20:00 | INFO     | src.processing.discovery:load_prompts:63 - Loaded prompt from Bite04_line_0009.txt
2025-10-16 13:20:00 | INFO     | src.processing.processor:_process_single_combination:124 - Processing combination 9/15: 04_Hematomas_Shaving_Risks_Treatment_lines/Bite04_line_0009.txt + nano-banano_9x16_barkbus
2025-10-16 13:20:00 | DEBUG    | src.processing.processor:_process_single_combination:143 - Added image_input to params: ['https://f003.backblazeb2.com/file/bites-client-ref/Barkbus_Montage.png']
2025-10-16 13:20:00 | DEBUG    | src.processing.processor:_apply_prompt_fixes:213 - Added suffix to prompt: Provided image is a reference that shows you what the forementions actually look like.
2025-10-16 13:20:00 | DEBUG    | src.processing.processor:_process_with_context:191 - Processing 04_Hematomas_Shaving_Risks_Treatment_lines/Bite04_line_0009.txt: Close-up in Barkbus Van Interior of a Black male B...
2025-10-16 13:20:00 | DEBUG    | src.api.client:generate_image:85 - CRITICAL DEBUG - Received params: {
  "aspect_ratio": "9:16",
  "output_format": "png",
  "image_input": [
    "https://f003.backblazeb2.com/file/bites-client-ref/Barkbus_Montage.png"
  ]
}
2025-10-16 13:20:00 | DEBUG    | src.api.client:generate_image:86 - CRITICAL DEBUG - Constructed payload: {
  "aspect_ratio": "9:16",
  "output_format": "png",
  "image_input": [
    "https://f003.backblazeb2.com/file/bites-client-ref/Barkbus_Montage.png"
  ],
  "prompt": "Close-up in Barkbus Van Interior of a Black male Barkbus Groomer's hands gently placing a purple Happy Hoodie snood over a beagle's head and ears to prevent shaking, the dog calm, soft diffused lighting, protective care action Provided image is a reference that shows you what the forementions actually look like."
}
2025-10-16 13:20:00 | DEBUG    | src.api.client:generate_image:89 - Original prompt: Close-up in Barkbus Van Interior of a Black male Barkbus Groomer's hands gently placing a purple Happy Hoodie snood over a beagle's head and ears to prevent shaking, the dog calm, soft diffused lighting, protective care action Provided image is a reference that shows you what the forementions actually look like.
2025-10-16 13:20:00 | DEBUG    | src.api.client:generate_image:90 - Clean prompt being sent: Close-up in Barkbus Van Interior of a Black male Barkbus Groomer's hands gently placing a purple Happy Hoodie snood over a beagle's head and ears to prevent shaking, the dog calm, soft diffused lighting, protective care action Provided image is a reference that shows you what the forementions actually look like.
2025-10-16 13:20:00 | DEBUG    | src.api.client:generate_image:91 - Clean prompt repr: "Close-up in Barkbus Van Interior of a Black male Barkbus Groomer's hands gently placing a purple Happy Hoodie snood over a beagle's head and ears to prevent shaking, the dog calm, soft diffused lighting, protective care action Provided image is a reference that shows you what the forementions actually look like."
2025-10-16 13:20:00 | DEBUG    | src.api.client:_call_with_retry:152 - API call attempt 1/3
2025-10-16 13:20:00 | DEBUG    | src.api.client:_call_with_retry:155 - CRITICAL DEBUG - Payload sent to replicate.run: {
  "aspect_ratio": "9:16",
  "output_format": "png",
  "image_input": [
    "https://f003.backblazeb2.com/file/bites-client-ref/Barkbus_Montage.png"
  ],
  "prompt": "Close-up in Barkbus Van Interior of a Black male Barkbus Groomer's hands gently placing a purple Happy Hoodie snood over a beagle's head and ears to prevent shaking, the dog calm, soft diffused lighting, protective care action Provided image is a reference that shows you what the forementions actually look like."
}
2025-10-16 13:20:11 | DEBUG    | src.api.client:_call_with_retry:170 - API call successful
2025-10-16 13:20:11 | WARNING  | src.api.client:generate_image:117 - API PARAMETER FILTERING DETECTED:
2025-10-16 13:20:11 | WARNING  | src.api.client:generate_image:118 -   Model: google/nano-banana
2025-10-16 13:20:11 | WARNING  | src.api.client:generate_image:119 -   Filtered parameters: ['image_input']
2025-10-16 13:20:11 | WARNING  | src.api.client:generate_image:120 -   This means the model doesn't support these parameters
2025-10-16 13:20:12 | INFO     | src.output.writer:_save_to_disk:192 - Saved valid image: USER-FILES/05.OUTPUT/251016_131821_IMAGE/nano-banano_9x16_barkbus/04_Hematomas_Shaving_Risks_Treatment_lines/Bite04_line_0009_132011_nano-banano_9x16_barkbus.png
2025-10-16 13:20:12 | DEBUG    | src.output.writer:_save_payload:257 - Saved payload to USER-FILES/05.OUTPUT/251016_131821_IMAGE/nano-banano_9x16_barkbus/04_Hematomas_Shaving_Risks_Treatment_lines/Bite04_line_0009_132011_nano-banano_9x16_barkbus.md
2025-10-16 13:20:12 | INFO     | src.processing.processor:_generate_and_save_image:253 - Saved image: USER-FILES/05.OUTPUT/251016_131821_IMAGE/nano-banano_9x16_barkbus/04_Hematomas_Shaving_Risks_Treatment_lines/Bite04_line_0009_132011_nano-banano_9x16_barkbus.png
2025-10-16 13:20:12 | INFO     | src.processing.processor:_process_with_context:202 - Waiting 1.0 seconds before next request
2025-10-16 13:20:13 | INFO     | src.processing.discovery:load_prompts:63 - Loaded prompt from Bite04_line_0010.txt
2025-10-16 13:20:13 | INFO     | src.processing.processor:_process_single_combination:124 - Processing combination 10/15: 04_Hematomas_Shaving_Risks_Treatment_lines/Bite04_line_0010.txt + nano-banano_9x16_barkbus
2025-10-16 13:20:13 | DEBUG    | src.processing.processor:_process_single_combination:143 - Added image_input to params: ['https://f003.backblazeb2.com/file/bites-client-ref/Barkbus_Montage.png']
2025-10-16 13:20:13 | DEBUG    | src.processing.processor:_apply_prompt_fixes:213 - Added suffix to prompt: Provided image is a reference that shows you what the forementions actually look like.
2025-10-16 13:20:13 | DEBUG    | src.processing.processor:_process_with_context:191 - Processing 04_Hematomas_Shaving_Risks_Treatment_lines/Bite04_line_0010.txt: Medium shot in Barkbus Van Interior of a White mal...
2025-10-16 13:20:13 | DEBUG    | src.api.client:generate_image:85 - CRITICAL DEBUG - Received params: {
  "aspect_ratio": "9:16",
  "output_format": "png",
  "image_input": [
    "https://f003.backblazeb2.com/file/bites-client-ref/Barkbus_Montage.png"
  ]
}
2025-10-16 13:20:13 | DEBUG    | src.api.client:generate_image:86 - CRITICAL DEBUG - Constructed payload: {
  "aspect_ratio": "9:16",
  "output_format": "png",
  "image_input": [
    "https://f003.backblazeb2.com/file/bites-client-ref/Barkbus_Montage.png"
  ],
  "prompt": "Medium shot in Barkbus Van Interior of a White male Barkbus Groomer in blue t-shirt speaking seriously to camera, explaining the importance of veterinary care, professional and educational tone, natural window lighting Provided image is a reference that shows you what the forementions actually look like."
}
2025-10-16 13:20:13 | DEBUG    | src.api.client:generate_image:89 - Original prompt: Medium shot in Barkbus Van Interior of a White male Barkbus Groomer in blue t-shirt speaking seriously to camera, explaining the importance of veterinary care, professional and educational tone, natural window lighting Provided image is a reference that shows you what the forementions actually look like.
2025-10-16 13:20:13 | DEBUG    | src.api.client:generate_image:90 - Clean prompt being sent: Medium shot in Barkbus Van Interior of a White male Barkbus Groomer in blue t-shirt speaking seriously to camera, explaining the importance of veterinary care, professional and educational tone, natural window lighting Provided image is a reference that shows you what the forementions actually look like.
2025-10-16 13:20:13 | DEBUG    | src.api.client:generate_image:91 - Clean prompt repr: 'Medium shot in Barkbus Van Interior of a White male Barkbus Groomer in blue t-shirt speaking seriously to camera, explaining the importance of veterinary care, professional and educational tone, natural window lighting Provided image is a reference that shows you what the forementions actually look like.'
2025-10-16 13:20:13 | DEBUG    | src.api.client:_call_with_retry:152 - API call attempt 1/3
2025-10-16 13:20:13 | DEBUG    | src.api.client:_call_with_retry:155 - CRITICAL DEBUG - Payload sent to replicate.run: {
  "aspect_ratio": "9:16",
  "output_format": "png",
  "image_input": [
    "https://f003.backblazeb2.com/file/bites-client-ref/Barkbus_Montage.png"
  ],
  "prompt": "Medium shot in Barkbus Van Interior of a White male Barkbus Groomer in blue t-shirt speaking seriously to camera, explaining the importance of veterinary care, professional and educational tone, natural window lighting Provided image is a reference that shows you what the forementions actually look like."
}
2025-10-16 13:20:22 | DEBUG    | src.api.client:_call_with_retry:170 - API call successful
2025-10-16 13:20:22 | WARNING  | src.api.client:generate_image:117 - API PARAMETER FILTERING DETECTED:
2025-10-16 13:20:22 | WARNING  | src.api.client:generate_image:118 -   Model: google/nano-banana
2025-10-16 13:20:22 | WARNING  | src.api.client:generate_image:119 -   Filtered parameters: ['image_input']
2025-10-16 13:20:22 | WARNING  | src.api.client:generate_image:120 -   This means the model doesn't support these parameters
2025-10-16 13:20:23 | INFO     | src.output.writer:_save_to_disk:192 - Saved valid image: USER-FILES/05.OUTPUT/251016_131821_IMAGE/nano-banano_9x16_barkbus/04_Hematomas_Shaving_Risks_Treatment_lines/Bite04_line_0010_132022_nano-banano_9x16_barkbus.png
2025-10-16 13:20:23 | DEBUG    | src.output.writer:_save_payload:257 - Saved payload to USER-FILES/05.OUTPUT/251016_131821_IMAGE/nano-banano_9x16_barkbus/04_Hematomas_Shaving_Risks_Treatment_lines/Bite04_line_0010_132022_nano-banano_9x16_barkbus.md
2025-10-16 13:20:23 | INFO     | src.processing.processor:_generate_and_save_image:253 - Saved image: USER-FILES/05.OUTPUT/251016_131821_IMAGE/nano-banano_9x16_barkbus/04_Hematomas_Shaving_Risks_Treatment_lines/Bite04_line_0010_132022_nano-banano_9x16_barkbus.png
2025-10-16 13:20:23 | INFO     | src.processing.processor:_process_with_context:202 - Waiting 1.0 seconds before next request
2025-10-16 13:20:24 | INFO     | src.processing.discovery:load_prompts:63 - Loaded prompt from Bite04_line_0011.txt
2025-10-16 13:20:24 | INFO     | src.processing.processor:_process_single_combination:124 - Processing combination 11/15: 04_Hematomas_Shaving_Risks_Treatment_lines/Bite04_line_0011.txt + nano-banano_9x16_barkbus
2025-10-16 13:20:24 | DEBUG    | src.processing.processor:_process_single_combination:143 - Added image_input to params: ['https://f003.backblazeb2.com/file/bites-client-ref/Barkbus_Montage.png']
2025-10-16 13:20:24 | DEBUG    | src.processing.processor:_apply_prompt_fixes:213 - Added suffix to prompt: Provided image is a reference that shows you what the forementions actually look like.
2025-10-16 13:20:24 | DEBUG    | src.processing.processor:_process_with_context:191 - Processing 04_Hematomas_Shaving_Risks_Treatment_lines/Bite04_line_0011.txt: Medium shot in Barkbus Van Interior of an Asian fe...
2025-10-16 13:20:24 | DEBUG    | src.api.client:generate_image:85 - CRITICAL DEBUG - Received params: {
  "aspect_ratio": "9:16",
  "output_format": "png",
  "image_input": [
    "https://f003.backblazeb2.com/file/bites-client-ref/Barkbus_Montage.png"
  ]
}
2025-10-16 13:20:24 | DEBUG    | src.api.client:generate_image:86 - CRITICAL DEBUG - Constructed payload: {
  "aspect_ratio": "9:16",
  "output_format": "png",
  "image_input": [
    "https://f003.backblazeb2.com/file/bites-client-ref/Barkbus_Montage.png"
  ],
  "prompt": "Medium shot in Barkbus Van Interior of an Asian female Barkbus Groomer in blue t-shirt gently handling a dog's ear with care, demonstrating proper technique, the dog calm and trusting, soft diffused lighting, professional gentle care Provided image is a reference that shows you what the forementions actually look like."
}
2025-10-16 13:20:24 | DEBUG    | src.api.client:generate_image:89 - Original prompt: Medium shot in Barkbus Van Interior of an Asian female Barkbus Groomer in blue t-shirt gently handling a dog's ear with care, demonstrating proper technique, the dog calm and trusting, soft diffused lighting, professional gentle care Provided image is a reference that shows you what the forementions actually look like.
2025-10-16 13:20:24 | DEBUG    | src.api.client:generate_image:90 - Clean prompt being sent: Medium shot in Barkbus Van Interior of an Asian female Barkbus Groomer in blue t-shirt gently handling a dog's ear with care, demonstrating proper technique, the dog calm and trusting, soft diffused lighting, professional gentle care Provided image is a reference that shows you what the forementions actually look like.
2025-10-16 13:20:24 | DEBUG    | src.api.client:generate_image:91 - Clean prompt repr: "Medium shot in Barkbus Van Interior of an Asian female Barkbus Groomer in blue t-shirt gently handling a dog's ear with care, demonstrating proper technique, the dog calm and trusting, soft diffused lighting, professional gentle care Provided image is a reference that shows you what the forementions actually look like."
2025-10-16 13:20:24 | DEBUG    | src.api.client:_call_with_retry:152 - API call attempt 1/3
2025-10-16 13:20:24 | DEBUG    | src.api.client:_call_with_retry:155 - CRITICAL DEBUG - Payload sent to replicate.run: {
  "aspect_ratio": "9:16",
  "output_format": "png",
  "image_input": [
    "https://f003.backblazeb2.com/file/bites-client-ref/Barkbus_Montage.png"
  ],
  "prompt": "Medium shot in Barkbus Van Interior of an Asian female Barkbus Groomer in blue t-shirt gently handling a dog's ear with care, demonstrating proper technique, the dog calm and trusting, soft diffused lighting, professional gentle care Provided image is a reference that shows you what the forementions actually look like."
}
2025-10-16 13:20:34 | DEBUG    | src.api.client:_call_with_retry:170 - API call successful
2025-10-16 13:20:34 | WARNING  | src.api.client:generate_image:117 - API PARAMETER FILTERING DETECTED:
2025-10-16 13:20:34 | WARNING  | src.api.client:generate_image:118 -   Model: google/nano-banana
2025-10-16 13:20:34 | WARNING  | src.api.client:generate_image:119 -   Filtered parameters: ['image_input']
2025-10-16 13:20:34 | WARNING  | src.api.client:generate_image:120 -   This means the model doesn't support these parameters
2025-10-16 13:20:35 | INFO     | src.output.writer:_save_to_disk:192 - Saved valid image: USER-FILES/05.OUTPUT/251016_131821_IMAGE/nano-banano_9x16_barkbus/04_Hematomas_Shaving_Risks_Treatment_lines/Bite04_line_0011_132034_nano-banano_9x16_barkbus.png
2025-10-16 13:20:35 | DEBUG    | src.output.writer:_save_payload:257 - Saved payload to USER-FILES/05.OUTPUT/251016_131821_IMAGE/nano-banano_9x16_barkbus/04_Hematomas_Shaving_Risks_Treatment_lines/Bite04_line_0011_132034_nano-banano_9x16_barkbus.md
2025-10-16 13:20:35 | INFO     | src.processing.processor:_generate_and_save_image:253 - Saved image: USER-FILES/05.OUTPUT/251016_131821_IMAGE/nano-banano_9x16_barkbus/04_Hematomas_Shaving_Risks_Treatment_lines/Bite04_line_0011_132034_nano-banano_9x16_barkbus.png
2025-10-16 13:20:35 | INFO     | src.processing.processor:_process_with_context:202 - Waiting 1.0 seconds before next request
2025-10-16 13:20:36 | INFO     | src.processing.discovery:load_prompts:63 - Loaded prompt from Bite04_line_0012.txt
2025-10-16 13:20:36 | INFO     | src.processing.processor:_process_single_combination:124 - Processing combination 12/15: 04_Hematomas_Shaving_Risks_Treatment_lines/Bite04_line_0012.txt + nano-banano_9x16_barkbus
2025-10-16 13:20:36 | DEBUG    | src.processing.processor:_process_single_combination:143 - Added image_input to params: ['https://f003.backblazeb2.com/file/bites-client-ref/Barkbus_Montage.png']
2025-10-16 13:20:36 | DEBUG    | src.processing.processor:_apply_prompt_fixes:213 - Added suffix to prompt: Provided image is a reference that shows you what the forementions actually look like.
2025-10-16 13:20:36 | DEBUG    | src.processing.processor:_process_with_context:191 - Processing 04_Hematomas_Shaving_Risks_Treatment_lines/Bite04_line_0012.txt: Medium shot in suburban driveway of a Black male B...
2025-10-16 13:20:36 | DEBUG    | src.api.client:generate_image:85 - CRITICAL DEBUG - Received params: {
  "aspect_ratio": "9:16",
  "output_format": "png",
  "image_input": [
    "https://f003.backblazeb2.com/file/bites-client-ref/Barkbus_Montage.png"
  ]
}
2025-10-16 13:20:36 | DEBUG    | src.api.client:generate_image:86 - CRITICAL DEBUG - Constructed payload: {
  "aspect_ratio": "9:16",
  "output_format": "png",
  "image_input": [
    "https://f003.backblazeb2.com/file/bites-client-ref/Barkbus_Montage.png"
  ],
  "prompt": "Medium shot in suburban driveway of a Black male Barkbus Groomer in blue t-shirt speaking with a pet owner beside Barkbus Van Exterior, both looking at a small dog, the groomer explaining care instructions, professional consultation, golden hour lighting Provided image is a reference that shows you what the forementions actually look like."
}
2025-10-16 13:20:36 | DEBUG    | src.api.client:generate_image:89 - Original prompt: Medium shot in suburban driveway of a Black male Barkbus Groomer in blue t-shirt speaking with a pet owner beside Barkbus Van Exterior, both looking at a small dog, the groomer explaining care instructions, professional consultation, golden hour lighting Provided image is a reference that shows you what the forementions actually look like.
2025-10-16 13:20:36 | DEBUG    | src.api.client:generate_image:90 - Clean prompt being sent: Medium shot in suburban driveway of a Black male Barkbus Groomer in blue t-shirt speaking with a pet owner beside Barkbus Van Exterior, both looking at a small dog, the groomer explaining care instructions, professional consultation, golden hour lighting Provided image is a reference that shows you what the forementions actually look like.
2025-10-16 13:20:36 | DEBUG    | src.api.client:generate_image:91 - Clean prompt repr: 'Medium shot in suburban driveway of a Black male Barkbus Groomer in blue t-shirt speaking with a pet owner beside Barkbus Van Exterior, both looking at a small dog, the groomer explaining care instructions, professional consultation, golden hour lighting Provided image is a reference that shows you what the forementions actually look like.'
2025-10-16 13:20:36 | DEBUG    | src.api.client:_call_with_retry:152 - API call attempt 1/3
2025-10-16 13:20:36 | DEBUG    | src.api.client:_call_with_retry:155 - CRITICAL DEBUG - Payload sent to replicate.run: {
  "aspect_ratio": "9:16",
  "output_format": "png",
  "image_input": [
    "https://f003.backblazeb2.com/file/bites-client-ref/Barkbus_Montage.png"
  ],
  "prompt": "Medium shot in suburban driveway of a Black male Barkbus Groomer in blue t-shirt speaking with a pet owner beside Barkbus Van Exterior, both looking at a small dog, the groomer explaining care instructions, professional consultation, golden hour lighting Provided image is a reference that shows you what the forementions actually look like."
}
2025-10-16 13:20:46 | DEBUG    | src.api.client:_call_with_retry:170 - API call successful
2025-10-16 13:20:46 | WARNING  | src.api.client:generate_image:117 - API PARAMETER FILTERING DETECTED:
2025-10-16 13:20:46 | WARNING  | src.api.client:generate_image:118 -   Model: google/nano-banana
2025-10-16 13:20:46 | WARNING  | src.api.client:generate_image:119 -   Filtered parameters: ['image_input']
2025-10-16 13:20:46 | WARNING  | src.api.client:generate_image:120 -   This means the model doesn't support these parameters
2025-10-16 13:20:47 | INFO     | src.output.writer:_save_to_disk:192 - Saved valid image: USER-FILES/05.OUTPUT/251016_131821_IMAGE/nano-banano_9x16_barkbus/04_Hematomas_Shaving_Risks_Treatment_lines/Bite04_line_0012_132046_nano-banano_9x16_barkbus.png
2025-10-16 13:20:47 | DEBUG    | src.output.writer:_save_payload:257 - Saved payload to USER-FILES/05.OUTPUT/251016_131821_IMAGE/nano-banano_9x16_barkbus/04_Hematomas_Shaving_Risks_Treatment_lines/Bite04_line_0012_132046_nano-banano_9x16_barkbus.md
2025-10-16 13:20:47 | INFO     | src.processing.processor:_generate_and_save_image:253 - Saved image: USER-FILES/05.OUTPUT/251016_131821_IMAGE/nano-banano_9x16_barkbus/04_Hematomas_Shaving_Risks_Treatment_lines/Bite04_line_0012_132046_nano-banano_9x16_barkbus.png
2025-10-16 13:20:47 | INFO     | src.processing.processor:_process_with_context:202 - Waiting 1.0 seconds before next request
2025-10-16 13:20:48 | INFO     | src.processing.discovery:load_prompts:63 - Loaded prompt from Bite04_line_0013.txt
2025-10-16 13:20:48 | INFO     | src.processing.processor:_process_single_combination:124 - Processing combination 13/15: 04_Hematomas_Shaving_Risks_Treatment_lines/Bite04_line_0013.txt + nano-banano_9x16_barkbus
2025-10-16 13:20:48 | DEBUG    | src.processing.processor:_process_single_combination:143 - Added image_input to params: ['https://f003.backblazeb2.com/file/bites-client-ref/Barkbus_Montage.png']
2025-10-16 13:20:48 | DEBUG    | src.processing.processor:_apply_prompt_fixes:213 - Added suffix to prompt: Provided image is a reference that shows you what the forementions actually look like.
2025-10-16 13:20:48 | DEBUG    | src.processing.processor:_process_with_context:191 - Processing 04_Hematomas_Shaving_Risks_Treatment_lines/Bite04_line_0013.txt: Medium shot in Barkbus Van Interior of a Middle Ea...
2025-10-16 13:20:48 | DEBUG    | src.api.client:generate_image:85 - CRITICAL DEBUG - Received params: {
  "aspect_ratio": "9:16",
  "output_format": "png",
  "image_input": [
    "https://f003.backblazeb2.com/file/bites-client-ref/Barkbus_Montage.png"
  ]
}
2025-10-16 13:20:48 | DEBUG    | src.api.client:generate_image:86 - CRITICAL DEBUG - Constructed payload: {
  "aspect_ratio": "9:16",
  "output_format": "png",
  "image_input": [
    "https://f003.backblazeb2.com/file/bites-client-ref/Barkbus_Montage.png"
  ],
  "prompt": "Medium shot in Barkbus Van Interior of a Middle Eastern female Barkbus Groomer in blue t-shirt completing a grooming session with a happy cocker spaniel, the dog's tail wagging, both looking content, soft natural lighting, successful grooming outcome Provided image is a reference that shows you what the forementions actually look like."
}
2025-10-16 13:20:48 | DEBUG    | src.api.client:generate_image:89 - Original prompt: Medium shot in Barkbus Van Interior of a Middle Eastern female Barkbus Groomer in blue t-shirt completing a grooming session with a happy cocker spaniel, the dog's tail wagging, both looking content, soft natural lighting, successful grooming outcome Provided image is a reference that shows you what the forementions actually look like.
2025-10-16 13:20:48 | DEBUG    | src.api.client:generate_image:90 - Clean prompt being sent: Medium shot in Barkbus Van Interior of a Middle Eastern female Barkbus Groomer in blue t-shirt completing a grooming session with a happy cocker spaniel, the dog's tail wagging, both looking content, soft natural lighting, successful grooming outcome Provided image is a reference that shows you what the forementions actually look like.
2025-10-16 13:20:48 | DEBUG    | src.api.client:generate_image:91 - Clean prompt repr: "Medium shot in Barkbus Van Interior of a Middle Eastern female Barkbus Groomer in blue t-shirt completing a grooming session with a happy cocker spaniel, the dog's tail wagging, both looking content, soft natural lighting, successful grooming outcome Provided image is a reference that shows you what the forementions actually look like."
2025-10-16 13:20:48 | DEBUG    | src.api.client:_call_with_retry:152 - API call attempt 1/3
2025-10-16 13:20:48 | DEBUG    | src.api.client:_call_with_retry:155 - CRITICAL DEBUG - Payload sent to replicate.run: {
  "aspect_ratio": "9:16",
  "output_format": "png",
  "image_input": [
    "https://f003.backblazeb2.com/file/bites-client-ref/Barkbus_Montage.png"
  ],
  "prompt": "Medium shot in Barkbus Van Interior of a Middle Eastern female Barkbus Groomer in blue t-shirt completing a grooming session with a happy cocker spaniel, the dog's tail wagging, both looking content, soft natural lighting, successful grooming outcome Provided image is a reference that shows you what the forementions actually look like."
}
2025-10-16 13:20:57 | DEBUG    | src.api.client:_call_with_retry:170 - API call successful
2025-10-16 13:20:57 | WARNING  | src.api.client:generate_image:117 - API PARAMETER FILTERING DETECTED:
2025-10-16 13:20:57 | WARNING  | src.api.client:generate_image:118 -   Model: google/nano-banana
2025-10-16 13:20:57 | WARNING  | src.api.client:generate_image:119 -   Filtered parameters: ['image_input']
2025-10-16 13:20:57 | WARNING  | src.api.client:generate_image:120 -   This means the model doesn't support these parameters
2025-10-16 13:20:58 | INFO     | src.output.writer:_save_to_disk:192 - Saved valid image: USER-FILES/05.OUTPUT/251016_131821_IMAGE/nano-banano_9x16_barkbus/04_Hematomas_Shaving_Risks_Treatment_lines/Bite04_line_0013_132057_nano-banano_9x16_barkbus.png
2025-10-16 13:20:58 | DEBUG    | src.output.writer:_save_payload:257 - Saved payload to USER-FILES/05.OUTPUT/251016_131821_IMAGE/nano-banano_9x16_barkbus/04_Hematomas_Shaving_Risks_Treatment_lines/Bite04_line_0013_132057_nano-banano_9x16_barkbus.md
2025-10-16 13:20:58 | INFO     | src.processing.processor:_generate_and_save_image:253 - Saved image: USER-FILES/05.OUTPUT/251016_131821_IMAGE/nano-banano_9x16_barkbus/04_Hematomas_Shaving_Risks_Treatment_lines/Bite04_line_0013_132057_nano-banano_9x16_barkbus.png
2025-10-16 13:20:58 | INFO     | src.processing.processor:_process_with_context:202 - Waiting 1.0 seconds before next request
2025-10-16 13:20:59 | INFO     | src.processing.discovery:load_prompts:63 - Loaded prompt from Bite04_line_0014.txt
2025-10-16 13:20:59 | INFO     | src.processing.processor:_process_single_combination:124 - Processing combination 14/15: 04_Hematomas_Shaving_Risks_Treatment_lines/Bite04_line_0014.txt + nano-banano_9x16_barkbus
2025-10-16 13:20:59 | DEBUG    | src.processing.processor:_process_single_combination:143 - Added image_input to params: ['https://f003.backblazeb2.com/file/bites-client-ref/Barkbus_Montage.png']
2025-10-16 13:20:59 | DEBUG    | src.processing.processor:_apply_prompt_fixes:213 - Added suffix to prompt: Provided image is a reference that shows you what the forementions actually look like.
2025-10-16 13:20:59 | DEBUG    | src.processing.processor:_process_with_context:191 - Processing 04_Hematomas_Shaving_Risks_Treatment_lines/Bite04_line_0014.txt: Medium shot in suburban driveway beside Barkbus Va...
2025-10-16 13:20:59 | DEBUG    | src.api.client:generate_image:85 - CRITICAL DEBUG - Received params: {
  "aspect_ratio": "9:16",
  "output_format": "png",
  "image_input": [
    "https://f003.backblazeb2.com/file/bites-client-ref/Barkbus_Montage.png"
  ]
}
2025-10-16 13:20:59 | DEBUG    | src.api.client:generate_image:86 - CRITICAL DEBUG - Constructed payload: {
  "aspect_ratio": "9:16",
  "output_format": "png",
  "image_input": [
    "https://f003.backblazeb2.com/file/bites-client-ref/Barkbus_Montage.png"
  ],
  "prompt": "Medium shot in suburban driveway beside Barkbus Van Exterior of a young Hispanic female Barkbus Groomer in blue t-shirt speaking earnestly with a concerned pet owner (mixed-race male, 40s), the Barkbus Groomer holding informational materials, professional educational interaction, golden hour lighting Provided image is a reference that shows you what the forementions actually look like."
}
2025-10-16 13:20:59 | DEBUG    | src.api.client:generate_image:89 - Original prompt: Medium shot in suburban driveway beside Barkbus Van Exterior of a young Hispanic female Barkbus Groomer in blue t-shirt speaking earnestly with a concerned pet owner (mixed-race male, 40s), the Barkbus Groomer holding informational materials, professional educational interaction, golden hour lighting Provided image is a reference that shows you what the forementions actually look like.
2025-10-16 13:20:59 | DEBUG    | src.api.client:generate_image:90 - Clean prompt being sent: Medium shot in suburban driveway beside Barkbus Van Exterior of a young Hispanic female Barkbus Groomer in blue t-shirt speaking earnestly with a concerned pet owner (mixed-race male, 40s), the Barkbus Groomer holding informational materials, professional educational interaction, golden hour lighting Provided image is a reference that shows you what the forementions actually look like.
2025-10-16 13:20:59 | DEBUG    | src.api.client:generate_image:91 - Clean prompt repr: 'Medium shot in suburban driveway beside Barkbus Van Exterior of a young Hispanic female Barkbus Groomer in blue t-shirt speaking earnestly with a concerned pet owner (mixed-race male, 40s), the Barkbus Groomer holding informational materials, professional educational interaction, golden hour lighting Provided image is a reference that shows you what the forementions actually look like.'
2025-10-16 13:20:59 | DEBUG    | src.api.client:_call_with_retry:152 - API call attempt 1/3
2025-10-16 13:20:59 | DEBUG    | src.api.client:_call_with_retry:155 - CRITICAL DEBUG - Payload sent to replicate.run: {
  "aspect_ratio": "9:16",
  "output_format": "png",
  "image_input": [
    "https://f003.backblazeb2.com/file/bites-client-ref/Barkbus_Montage.png"
  ],
  "prompt": "Medium shot in suburban driveway beside Barkbus Van Exterior of a young Hispanic female Barkbus Groomer in blue t-shirt speaking earnestly with a concerned pet owner (mixed-race male, 40s), the Barkbus Groomer holding informational materials, professional educational interaction, golden hour lighting Provided image is a reference that shows you what the forementions actually look like."
}
2025-10-16 13:21:09 | DEBUG    | src.api.client:_call_with_retry:170 - API call successful
2025-10-16 13:21:09 | WARNING  | src.api.client:generate_image:117 - API PARAMETER FILTERING DETECTED:
2025-10-16 13:21:09 | WARNING  | src.api.client:generate_image:118 -   Model: google/nano-banana
2025-10-16 13:21:09 | WARNING  | src.api.client:generate_image:119 -   Filtered parameters: ['image_input']
2025-10-16 13:21:09 | WARNING  | src.api.client:generate_image:120 -   This means the model doesn't support these parameters
2025-10-16 13:21:09 | INFO     | src.output.writer:_save_to_disk:192 - Saved valid image: USER-FILES/05.OUTPUT/251016_131821_IMAGE/nano-banano_9x16_barkbus/04_Hematomas_Shaving_Risks_Treatment_lines/Bite04_line_0014_132109_nano-banano_9x16_barkbus.png
2025-10-16 13:21:09 | DEBUG    | src.output.writer:_save_payload:257 - Saved payload to USER-FILES/05.OUTPUT/251016_131821_IMAGE/nano-banano_9x16_barkbus/04_Hematomas_Shaving_Risks_Treatment_lines/Bite04_line_0014_132109_nano-banano_9x16_barkbus.md
2025-10-16 13:21:09 | INFO     | src.processing.processor:_generate_and_save_image:253 - Saved image: USER-FILES/05.OUTPUT/251016_131821_IMAGE/nano-banano_9x16_barkbus/04_Hematomas_Shaving_Risks_Treatment_lines/Bite04_line_0014_132109_nano-banano_9x16_barkbus.png
2025-10-16 13:21:09 | INFO     | src.processing.processor:_process_with_context:202 - Waiting 1.0 seconds before next request
2025-10-16 13:21:10 | INFO     | src.processing.discovery:load_prompts:63 - Loaded prompt from Bite04_line_0015.txt
2025-10-16 13:21:10 | INFO     | src.processing.processor:_process_single_combination:124 - Processing combination 15/15: 04_Hematomas_Shaving_Risks_Treatment_lines/Bite04_line_0015.txt + nano-banano_9x16_barkbus
2025-10-16 13:21:10 | DEBUG    | src.processing.processor:_process_single_combination:143 - Added image_input to params: ['https://f003.backblazeb2.com/file/bites-client-ref/Barkbus_Montage.png']
2025-10-16 13:21:10 | DEBUG    | src.processing.processor:_apply_prompt_fixes:213 - Added suffix to prompt: Provided image is a reference that shows you what the forementions actually look like.
2025-10-16 13:21:10 | DEBUG    | src.processing.processor:_process_with_context:191 - Processing 04_Hematomas_Shaving_Risks_Treatment_lines/Bite04_line_0015.txt: Medium shot in residential neighborhood of a confi...
2025-10-16 13:21:10 | DEBUG    | src.api.client:generate_image:85 - CRITICAL DEBUG - Received params: {
  "aspect_ratio": "9:16",
  "output_format": "png",
  "image_input": [
    "https://f003.backblazeb2.com/file/bites-client-ref/Barkbus_Montage.png"
  ]
}
2025-10-16 13:21:10 | DEBUG    | src.api.client:generate_image:86 - CRITICAL DEBUG - Constructed payload: {
  "aspect_ratio": "9:16",
  "output_format": "png",
  "image_input": [
    "https://f003.backblazeb2.com/file/bites-client-ref/Barkbus_Montage.png"
  ],
  "prompt": "Medium shot in residential neighborhood of a confident Asian male Barkbus Groomer in blue t-shirt standing in front of Barkbus Van Exterior, arms crossed with a calm professional demeanor, subtle smile, golden hour lighting, professional integrity conveyed Provided image is a reference that shows you what the forementions actually look like."
}
2025-10-16 13:21:10 | DEBUG    | src.api.client:generate_image:89 - Original prompt: Medium shot in residential neighborhood of a confident Asian male Barkbus Groomer in blue t-shirt standing in front of Barkbus Van Exterior, arms crossed with a calm professional demeanor, subtle smile, golden hour lighting, professional integrity conveyed Provided image is a reference that shows you what the forementions actually look like.
2025-10-16 13:21:10 | DEBUG    | src.api.client:generate_image:90 - Clean prompt being sent: Medium shot in residential neighborhood of a confident Asian male Barkbus Groomer in blue t-shirt standing in front of Barkbus Van Exterior, arms crossed with a calm professional demeanor, subtle smile, golden hour lighting, professional integrity conveyed Provided image is a reference that shows you what the forementions actually look like.
2025-10-16 13:21:10 | DEBUG    | src.api.client:generate_image:91 - Clean prompt repr: 'Medium shot in residential neighborhood of a confident Asian male Barkbus Groomer in blue t-shirt standing in front of Barkbus Van Exterior, arms crossed with a calm professional demeanor, subtle smile, golden hour lighting, professional integrity conveyed Provided image is a reference that shows you what the forementions actually look like.'
2025-10-16 13:21:10 | DEBUG    | src.api.client:_call_with_retry:152 - API call attempt 1/3
2025-10-16 13:21:10 | DEBUG    | src.api.client:_call_with_retry:155 - CRITICAL DEBUG - Payload sent to replicate.run: {
  "aspect_ratio": "9:16",
  "output_format": "png",
  "image_input": [
    "https://f003.backblazeb2.com/file/bites-client-ref/Barkbus_Montage.png"
  ],
  "prompt": "Medium shot in residential neighborhood of a confident Asian male Barkbus Groomer in blue t-shirt standing in front of Barkbus Van Exterior, arms crossed with a calm professional demeanor, subtle smile, golden hour lighting, professional integrity conveyed Provided image is a reference that shows you what the forementions actually look like."
}
2025-10-16 13:21:20 | DEBUG    | src.api.client:_call_with_retry:170 - API call successful
2025-10-16 13:21:20 | WARNING  | src.api.client:generate_image:117 - API PARAMETER FILTERING DETECTED:
2025-10-16 13:21:20 | WARNING  | src.api.client:generate_image:118 -   Model: google/nano-banana
2025-10-16 13:21:20 | WARNING  | src.api.client:generate_image:119 -   Filtered parameters: ['image_input']
2025-10-16 13:21:20 | WARNING  | src.api.client:generate_image:120 -   This means the model doesn't support these parameters
2025-10-16 13:21:21 | INFO     | src.output.writer:_save_to_disk:192 - Saved valid image: USER-FILES/05.OUTPUT/251016_131821_IMAGE/nano-banano_9x16_barkbus/04_Hematomas_Shaving_Risks_Treatment_lines/Bite04_line_0015_132120_nano-banano_9x16_barkbus.png
2025-10-16 13:21:21 | DEBUG    | src.output.writer:_save_payload:257 - Saved payload to USER-FILES/05.OUTPUT/251016_131821_IMAGE/nano-banano_9x16_barkbus/04_Hematomas_Shaving_Risks_Treatment_lines/Bite04_line_0015_132120_nano-banano_9x16_barkbus.md
2025-10-16 13:21:21 | INFO     | src.processing.processor:_generate_and_save_image:253 - Saved image: USER-FILES/05.OUTPUT/251016_131821_IMAGE/nano-banano_9x16_barkbus/04_Hematomas_Shaving_Risks_Treatment_lines/Bite04_line_0015_132120_nano-banano_9x16_barkbus.png
2025-10-16 13:21:21 | INFO     | src.processing.processor:_process_with_context:202 - Waiting 1.0 seconds before next request
2025-10-16 13:21:22 | INFO     | src.processing.discovery:load_prompts:63 - Loaded prompt from Bite04_line_0001.txt
2025-10-16 13:21:22 | INFO     | src.processing.discovery:load_prompts:63 - Loaded prompt from Bite04_line_0002.txt
2025-10-16 13:21:22 | INFO     | src.processing.discovery:load_prompts:63 - Loaded prompt from Bite04_line_0003.txt
2025-10-16 13:21:22 | INFO     | src.processing.discovery:load_prompts:63 - Loaded prompt from Bite04_line_0004.txt
2025-10-16 13:21:22 | INFO     | src.processing.discovery:load_prompts:63 - Loaded prompt from Bite04_line_0005.txt
2025-10-16 13:21:22 | INFO     | src.processing.discovery:load_prompts:63 - Loaded prompt from Bite04_line_0006.txt
2025-10-16 13:21:22 | INFO     | src.processing.discovery:load_prompts:63 - Loaded prompt from Bite04_line_0007.txt
2025-10-16 13:21:22 | INFO     | src.processing.discovery:load_prompts:63 - Loaded prompt from Bite04_line_0008.txt
2025-10-16 13:21:22 | INFO     | src.processing.discovery:load_prompts:63 - Loaded prompt from Bite04_line_0009.txt
2025-10-16 13:21:22 | INFO     | src.processing.discovery:load_prompts:63 - Loaded prompt from Bite04_line_0010.txt
2025-10-16 13:21:22 | INFO     | src.processing.discovery:load_prompts:63 - Loaded prompt from Bite04_line_0011.txt
2025-10-16 13:21:22 | INFO     | src.processing.discovery:load_prompts:63 - Loaded prompt from Bite04_line_0012.txt
2025-10-16 13:21:22 | INFO     | src.processing.discovery:load_prompts:63 - Loaded prompt from Bite04_line_0013.txt
2025-10-16 13:21:22 | INFO     | src.processing.discovery:load_prompts:63 - Loaded prompt from Bite04_line_0014.txt
2025-10-16 13:21:22 | INFO     | src.processing.discovery:load_prompts:63 - Loaded prompt from Bite04_line_0015.txt
2025-10-16 13:21:22 | INFO     | src.output.writer:write_report:293 - Report saved: USER-FILES/05.OUTPUT/251016_131821_IMAGE/SUCCESS.md
2025-10-16 13:21:22 | INFO     | src.output.writer:write_report:293 - Report saved: USER-FILES/05.OUTPUT/251016_131821_IMAGE/COST-REPORT.md
2025-10-16 13:21:22 | INFO     | src.output.writer:write_report:293 - Report saved: USER-FILES/05.OUTPUT/251016_131821_IMAGE/PROFILES-WITH-FIXES.md
2025-10-16 13:21:22 | INFO     | src.output.reporter:_save_success_reports:62 - Reports saved successfully
2025-10-16 13:21:22 | SUCCESS  | __main__:generate_final_reports:264 - ✅ Completed successfully! Generated 15 images
