2025-11-05 22:00:24 | INFO     | src.utils.logging:setup_logging:39 - Logging configured (verbose=False, debug=False)
2025-11-05 22:00:24 | INFO     | __main__:setup_environment:79 - Environment initialized
2025-11-05 22:00:24 | INFO     | __main__:load_and_validate_config:84 - Loading configuration...
2025-11-05 22:00:24 | INFO     | src.config.loader:load_config:42 - Loaded configuration from USER-FILES/01.CONFIG/config.yaml
2025-11-05 22:00:24 | INFO     | __main__:authenticate_for_mode:273 - Authenticating with 1Password...
2025-11-05 22:00:25 | DEBUG    | src.auth.session_manager:ensure_op_auth:39 - 1Password session is active
2025-11-05 22:00:26 | DEBUG    | src.auth.session_manager:ensure_op_auth:39 - 1Password session is active
2025-11-05 22:00:26 | DEBUG    | src.auth.auth:load_auth_config:28 - Using auth config: auth_ruben.yaml
2025-11-05 22:00:27 | DEBUG    | src.auth.auth:get_api_key:77 - Retrieved API key: r8_K...
2025-11-05 22:00:27 | INFO     | __main__:discover_inputs_and_profiles:92 - Discovering inputs...
2025-11-05 22:00:27 | DEBUG    | src.processing.discovery:discover_prompt_files:40 - Found prompt file: purim_party_006.txt
2025-11-05 22:00:27 | DEBUG    | src.processing.discovery:discover_prompt_files:40 - Found prompt file: purim_party_007.txt
2025-11-05 22:00:27 | DEBUG    | src.processing.discovery:discover_prompt_files:40 - Found prompt file: purim_party_005.txt
2025-11-05 22:00:27 | DEBUG    | src.processing.discovery:discover_prompt_files:40 - Found prompt file: purim_party_004.txt
2025-11-05 22:00:27 | DEBUG    | src.processing.discovery:discover_prompt_files:40 - Found prompt file: purim_party_010.txt
2025-11-05 22:00:27 | DEBUG    | src.processing.discovery:discover_prompt_files:40 - Found prompt file: purim_party_001.txt
2025-11-05 22:00:27 | DEBUG    | src.processing.discovery:discover_prompt_files:40 - Found prompt file: purim_party_003.txt
2025-11-05 22:00:27 | DEBUG    | src.processing.discovery:discover_prompt_files:40 - Found prompt file: purim_party_002.txt
2025-11-05 22:00:27 | DEBUG    | src.processing.discovery:discover_prompt_files:40 - Found prompt file: purim_party_009.txt
2025-11-05 22:00:27 | DEBUG    | src.processing.discovery:discover_prompt_files:40 - Found prompt file: purim_party_008.txt
2025-11-05 22:00:27 | INFO     | src.processing.discovery:discover_prompt_files:45 - Discovered 10 prompt files
2025-11-05 22:00:27 | DEBUG    | src.processing.discovery:discover_profiles:93 - Loaded profile: USER-FILES/03.PROFILES/nano-banano16x9_deakins.yaml
2025-11-05 22:00:27 | INFO     | src.processing.discovery:discover_profiles:97 - Loaded 1 profiles
2025-11-05 22:00:27 | INFO     | src.processing.discovery:get_active_models:135 - Found profile: nano-banano16x9_deakins
2025-11-05 22:00:27 | INFO     | src.processing.discovery:get_active_models:140 - Total profiles to process: 1
2025-11-05 22:00:27 | INFO     | src.config.validator:validate_all:26 - All configuration validation passed
2025-11-05 22:00:27 | INFO     | __main__:initialize_services:186 - Output directory: USER-FILES/05.OUTPUT/251105_220027_IMAGE
2025-11-05 22:00:27 | INFO     | __main__:execute_processing:221 - Starting matrix processing...
2025-11-05 22:00:27 | DEBUG    | src.processing.validator:validate_operational_requirements:23 - Profile 'nano-banano16x9_deakins' operational validation passed
2025-11-05 22:00:27 | INFO     | src.processing.processor:process_all:60 - Processing 10 combinations (10 files × 1 profiles)
2025-11-05 22:00:27 | INFO     | src.processing.discovery:load_prompts:63 - Loaded prompt from purim_party_001.txt
2025-11-05 22:00:27 | INFO     | src.processing.processor:_process_single_combination:119 - Processing combination 1/10: purim_party_001.txt + nano-banano16x9_deakins
2025-11-05 22:00:27 | DEBUG    | src.processing.processor:_apply_prompt_fixes:204 - Added prefix to prompt: A cinematic scene from the 
2025-11-05 22:00:27 | DEBUG    | src.processing.processor:_apply_prompt_fixes:208 - Added suffix to prompt: Shot on 35mm film in the style of Roger Deakins. Make the aspect ratio of the generated image the same as provided image
2025-11-05 22:00:27 | DEBUG    | src.processing.processor:_process_with_context:186 - Processing purim_party_001.txt: A cinematic scene from the  1820s Stockholm, a cro...
2025-11-05 22:00:27 | DEBUG    | src.api.client:generate_image:85 - CRITICAL DEBUG - Received params: {
  "num_images": 1,
  "image_input": [
    "https://f003.backblazeb2.com/file/aspect-ratio-reference/aspect_ratio_reference_16x9.png"
  ],
  "output_format": "png"
}
2025-11-05 22:00:27 | DEBUG    | src.api.client:generate_image:86 - CRITICAL DEBUG - Constructed payload: {
  "num_images": 1,
  "image_input": [
    "https://f003.backblazeb2.com/file/aspect-ratio-reference/aspect_ratio_reference_16x9.png"
  ],
  "output_format": "png",
  "prompt": "A cinematic scene from the  1820s Stockholm, a crowded candlelit room filled with laughter and music as Jewish families celebrate Purim, children in paper crowns running between the tables. Shot on 35mm film in the style of Roger Deakins. Make the aspect ratio of the generated image the same as provided image"
}
2025-11-05 22:00:27 | DEBUG    | src.api.client:generate_image:89 - Original prompt: A cinematic scene from the  1820s Stockholm, a crowded candlelit room filled with laughter and music as Jewish families celebrate Purim, children in paper crowns running between the tables. Shot on 35mm film in the style of Roger Deakins. Make the aspect ratio of the generated image the same as provided image
2025-11-05 22:00:27 | DEBUG    | src.api.client:generate_image:90 - Clean prompt being sent: A cinematic scene from the  1820s Stockholm, a crowded candlelit room filled with laughter and music as Jewish families celebrate Purim, children in paper crowns running between the tables. Shot on 35mm film in the style of Roger Deakins. Make the aspect ratio of the generated image the same as provided image
2025-11-05 22:00:27 | DEBUG    | src.api.client:generate_image:91 - Clean prompt repr: 'A cinematic scene from the  1820s Stockholm, a crowded candlelit room filled with laughter and music as Jewish families celebrate Purim, children in paper crowns running between the tables. Shot on 35mm film in the style of Roger Deakins. Make the aspect ratio of the generated image the same as provided image'
2025-11-05 22:00:27 | DEBUG    | src.api.client:_call_with_retry:152 - API call attempt 1/3
2025-11-05 22:00:27 | DEBUG    | src.api.client:_call_with_retry:155 - CRITICAL DEBUG - Payload sent to replicate.run: {
  "num_images": 1,
  "image_input": [
    "https://f003.backblazeb2.com/file/aspect-ratio-reference/aspect_ratio_reference_16x9.png"
  ],
  "output_format": "png",
  "prompt": "A cinematic scene from the  1820s Stockholm, a crowded candlelit room filled with laughter and music as Jewish families celebrate Purim, children in paper crowns running between the tables. Shot on 35mm film in the style of Roger Deakins. Make the aspect ratio of the generated image the same as provided image"
}
2025-11-05 22:00:38 | DEBUG    | src.api.client:_call_with_retry:170 - API call successful
2025-11-05 22:00:38 | WARNING  | src.api.client:generate_image:117 - API PARAMETER FILTERING DETECTED:
2025-11-05 22:00:38 | WARNING  | src.api.client:generate_image:118 -   Model: google/nano-banana
2025-11-05 22:00:38 | WARNING  | src.api.client:generate_image:119 -   Filtered parameters: ['image_input']
2025-11-05 22:00:38 | WARNING  | src.api.client:generate_image:120 -   This means the model doesn't support these parameters
2025-11-05 22:00:40 | INFO     | src.output.writer:_save_to_disk:192 - Saved valid image: USER-FILES/05.OUTPUT/251105_220027_IMAGE/purim_party_001_IMAGE_220038_nano-banano16x9_deakins.png
2025-11-05 22:00:40 | DEBUG    | src.output.writer:_save_payload:257 - Saved payload to USER-FILES/05.OUTPUT/251105_220027_IMAGE/purim_party_001_IMAGE_220038_nano-banano16x9_deakins.md
2025-11-05 22:00:40 | INFO     | src.processing.processor:_generate_and_save_image:248 - Saved image: USER-FILES/05.OUTPUT/251105_220027_IMAGE/purim_party_001_IMAGE_220038_nano-banano16x9_deakins.png
2025-11-05 22:00:40 | INFO     | src.processing.discovery:load_prompts:63 - Loaded prompt from purim_party_002.txt
2025-11-05 22:00:40 | INFO     | src.processing.processor:_process_single_combination:119 - Processing combination 2/10: purim_party_002.txt + nano-banano16x9_deakins
2025-11-05 22:00:40 | DEBUG    | src.processing.processor:_apply_prompt_fixes:204 - Added prefix to prompt: A cinematic scene from the 
2025-11-05 22:00:40 | DEBUG    | src.processing.processor:_apply_prompt_fixes:208 - Added suffix to prompt: Shot on 35mm film in the style of Roger Deakins. Make the aspect ratio of the generated image the same as provided image
2025-11-05 22:00:40 | DEBUG    | src.processing.processor:_process_with_context:186 - Processing purim_party_002.txt: A cinematic scene from the  1820s Stockholm, a lon...
2025-11-05 22:00:40 | DEBUG    | src.api.client:generate_image:85 - CRITICAL DEBUG - Received params: {
  "num_images": 1,
  "image_input": [
    "https://f003.backblazeb2.com/file/aspect-ratio-reference/aspect_ratio_reference_16x9.png"
  ],
  "output_format": "png"
}
2025-11-05 22:00:40 | DEBUG    | src.api.client:generate_image:86 - CRITICAL DEBUG - Constructed payload: {
  "num_images": 1,
  "image_input": [
    "https://f003.backblazeb2.com/file/aspect-ratio-reference/aspect_ratio_reference_16x9.png"
  ],
  "output_format": "png",
  "prompt": "A cinematic scene from the  1820s Stockholm, a long table set with hamentashen, pickled fish, and bread as guests raise glasses of wine in a toast. Shot on 35mm film in the style of Roger Deakins. Make the aspect ratio of the generated image the same as provided image"
}
2025-11-05 22:00:40 | DEBUG    | src.api.client:generate_image:89 - Original prompt: A cinematic scene from the  1820s Stockholm, a long table set with hamentashen, pickled fish, and bread as guests raise glasses of wine in a toast. Shot on 35mm film in the style of Roger Deakins. Make the aspect ratio of the generated image the same as provided image
2025-11-05 22:00:40 | DEBUG    | src.api.client:generate_image:90 - Clean prompt being sent: A cinematic scene from the  1820s Stockholm, a long table set with hamentashen, pickled fish, and bread as guests raise glasses of wine in a toast. Shot on 35mm film in the style of Roger Deakins. Make the aspect ratio of the generated image the same as provided image
2025-11-05 22:00:40 | DEBUG    | src.api.client:generate_image:91 - Clean prompt repr: 'A cinematic scene from the  1820s Stockholm, a long table set with hamentashen, pickled fish, and bread as guests raise glasses of wine in a toast. Shot on 35mm film in the style of Roger Deakins. Make the aspect ratio of the generated image the same as provided image'
2025-11-05 22:00:40 | DEBUG    | src.api.client:_call_with_retry:152 - API call attempt 1/3
2025-11-05 22:00:40 | DEBUG    | src.api.client:_call_with_retry:155 - CRITICAL DEBUG - Payload sent to replicate.run: {
  "num_images": 1,
  "image_input": [
    "https://f003.backblazeb2.com/file/aspect-ratio-reference/aspect_ratio_reference_16x9.png"
  ],
  "output_format": "png",
  "prompt": "A cinematic scene from the  1820s Stockholm, a long table set with hamentashen, pickled fish, and bread as guests raise glasses of wine in a toast. Shot on 35mm film in the style of Roger Deakins. Make the aspect ratio of the generated image the same as provided image"
}
2025-11-05 22:00:49 | DEBUG    | src.api.client:_call_with_retry:170 - API call successful
2025-11-05 22:00:49 | WARNING  | src.api.client:generate_image:117 - API PARAMETER FILTERING DETECTED:
2025-11-05 22:00:49 | WARNING  | src.api.client:generate_image:118 -   Model: google/nano-banana
2025-11-05 22:00:49 | WARNING  | src.api.client:generate_image:119 -   Filtered parameters: ['image_input']
2025-11-05 22:00:49 | WARNING  | src.api.client:generate_image:120 -   This means the model doesn't support these parameters
2025-11-05 22:00:50 | INFO     | src.output.writer:_save_to_disk:192 - Saved valid image: USER-FILES/05.OUTPUT/251105_220027_IMAGE/purim_party_002_IMAGE_220049_nano-banano16x9_deakins.png
2025-11-05 22:00:50 | DEBUG    | src.output.writer:_save_payload:257 - Saved payload to USER-FILES/05.OUTPUT/251105_220027_IMAGE/purim_party_002_IMAGE_220049_nano-banano16x9_deakins.md
2025-11-05 22:00:50 | INFO     | src.processing.processor:_generate_and_save_image:248 - Saved image: USER-FILES/05.OUTPUT/251105_220027_IMAGE/purim_party_002_IMAGE_220049_nano-banano16x9_deakins.png
2025-11-05 22:00:50 | INFO     | src.processing.discovery:load_prompts:63 - Loaded prompt from purim_party_003.txt
2025-11-05 22:00:50 | INFO     | src.processing.processor:_process_single_combination:119 - Processing combination 3/10: purim_party_003.txt + nano-banano16x9_deakins
2025-11-05 22:00:50 | DEBUG    | src.processing.processor:_apply_prompt_fixes:204 - Added prefix to prompt: A cinematic scene from the 
2025-11-05 22:00:50 | DEBUG    | src.processing.processor:_apply_prompt_fixes:208 - Added suffix to prompt: Shot on 35mm film in the style of Roger Deakins. Make the aspect ratio of the generated image the same as provided image
2025-11-05 22:00:50 | DEBUG    | src.processing.processor:_process_with_context:186 - Processing purim_party_003.txt: A cinematic scene from the  1820s Stockholm, a rab...
2025-11-05 22:00:50 | DEBUG    | src.api.client:generate_image:85 - CRITICAL DEBUG - Received params: {
  "num_images": 1,
  "image_input": [
    "https://f003.backblazeb2.com/file/aspect-ratio-reference/aspect_ratio_reference_16x9.png"
  ],
  "output_format": "png"
}
2025-11-05 22:00:50 | DEBUG    | src.api.client:generate_image:86 - CRITICAL DEBUG - Constructed payload: {
  "num_images": 1,
  "image_input": [
    "https://f003.backblazeb2.com/file/aspect-ratio-reference/aspect_ratio_reference_16x9.png"
  ],
  "output_format": "png",
  "prompt": "A cinematic scene from the  1820s Stockholm, a rabbi standing near a small ark reading from the Book of Esther while the crowd listens intently. Shot on 35mm film in the style of Roger Deakins. Make the aspect ratio of the generated image the same as provided image"
}
2025-11-05 22:00:50 | DEBUG    | src.api.client:generate_image:89 - Original prompt: A cinematic scene from the  1820s Stockholm, a rabbi standing near a small ark reading from the Book of Esther while the crowd listens intently. Shot on 35mm film in the style of Roger Deakins. Make the aspect ratio of the generated image the same as provided image
2025-11-05 22:00:50 | DEBUG    | src.api.client:generate_image:90 - Clean prompt being sent: A cinematic scene from the  1820s Stockholm, a rabbi standing near a small ark reading from the Book of Esther while the crowd listens intently. Shot on 35mm film in the style of Roger Deakins. Make the aspect ratio of the generated image the same as provided image
2025-11-05 22:00:50 | DEBUG    | src.api.client:generate_image:91 - Clean prompt repr: 'A cinematic scene from the  1820s Stockholm, a rabbi standing near a small ark reading from the Book of Esther while the crowd listens intently. Shot on 35mm film in the style of Roger Deakins. Make the aspect ratio of the generated image the same as provided image'
2025-11-05 22:00:50 | DEBUG    | src.api.client:_call_with_retry:152 - API call attempt 1/3
2025-11-05 22:00:50 | DEBUG    | src.api.client:_call_with_retry:155 - CRITICAL DEBUG - Payload sent to replicate.run: {
  "num_images": 1,
  "image_input": [
    "https://f003.backblazeb2.com/file/aspect-ratio-reference/aspect_ratio_reference_16x9.png"
  ],
  "output_format": "png",
  "prompt": "A cinematic scene from the  1820s Stockholm, a rabbi standing near a small ark reading from the Book of Esther while the crowd listens intently. Shot on 35mm film in the style of Roger Deakins. Make the aspect ratio of the generated image the same as provided image"
}
2025-11-05 22:01:00 | DEBUG    | src.api.client:_call_with_retry:170 - API call successful
2025-11-05 22:01:00 | WARNING  | src.api.client:generate_image:117 - API PARAMETER FILTERING DETECTED:
2025-11-05 22:01:00 | WARNING  | src.api.client:generate_image:118 -   Model: google/nano-banana
2025-11-05 22:01:00 | WARNING  | src.api.client:generate_image:119 -   Filtered parameters: ['image_input']
2025-11-05 22:01:00 | WARNING  | src.api.client:generate_image:120 -   This means the model doesn't support these parameters
2025-11-05 22:01:01 | INFO     | src.output.writer:_save_to_disk:192 - Saved valid image: USER-FILES/05.OUTPUT/251105_220027_IMAGE/purim_party_003_IMAGE_220100_nano-banano16x9_deakins.png
2025-11-05 22:01:01 | DEBUG    | src.output.writer:_save_payload:257 - Saved payload to USER-FILES/05.OUTPUT/251105_220027_IMAGE/purim_party_003_IMAGE_220100_nano-banano16x9_deakins.md
2025-11-05 22:01:01 | INFO     | src.processing.processor:_generate_and_save_image:248 - Saved image: USER-FILES/05.OUTPUT/251105_220027_IMAGE/purim_party_003_IMAGE_220100_nano-banano16x9_deakins.png
2025-11-05 22:01:01 | INFO     | src.processing.discovery:load_prompts:63 - Loaded prompt from purim_party_004.txt
2025-11-05 22:01:01 | INFO     | src.processing.processor:_process_single_combination:119 - Processing combination 4/10: purim_party_004.txt + nano-banano16x9_deakins
2025-11-05 22:01:01 | DEBUG    | src.processing.processor:_apply_prompt_fixes:204 - Added prefix to prompt: A cinematic scene from the 
2025-11-05 22:01:01 | DEBUG    | src.processing.processor:_apply_prompt_fixes:208 - Added suffix to prompt: Shot on 35mm film in the style of Roger Deakins. Make the aspect ratio of the generated image the same as provided image
2025-11-05 22:01:01 | DEBUG    | src.processing.processor:_process_with_context:186 - Processing purim_party_004.txt: A cinematic scene from the  1820s Stockholm, a fid...
2025-11-05 22:01:01 | DEBUG    | src.api.client:generate_image:85 - CRITICAL DEBUG - Received params: {
  "num_images": 1,
  "image_input": [
    "https://f003.backblazeb2.com/file/aspect-ratio-reference/aspect_ratio_reference_16x9.png"
  ],
  "output_format": "png"
}
2025-11-05 22:01:01 | DEBUG    | src.api.client:generate_image:86 - CRITICAL DEBUG - Constructed payload: {
  "num_images": 1,
  "image_input": [
    "https://f003.backblazeb2.com/file/aspect-ratio-reference/aspect_ratio_reference_16x9.png"
  ],
  "output_format": "png",
  "prompt": "A cinematic scene from the  1820s Stockholm, a fiddler playing a lively tune as couples dance in circles on worn wooden floors. Shot on 35mm film in the style of Roger Deakins. Make the aspect ratio of the generated image the same as provided image"
}
2025-11-05 22:01:01 | DEBUG    | src.api.client:generate_image:89 - Original prompt: A cinematic scene from the  1820s Stockholm, a fiddler playing a lively tune as couples dance in circles on worn wooden floors. Shot on 35mm film in the style of Roger Deakins. Make the aspect ratio of the generated image the same as provided image
2025-11-05 22:01:01 | DEBUG    | src.api.client:generate_image:90 - Clean prompt being sent: A cinematic scene from the  1820s Stockholm, a fiddler playing a lively tune as couples dance in circles on worn wooden floors. Shot on 35mm film in the style of Roger Deakins. Make the aspect ratio of the generated image the same as provided image
2025-11-05 22:01:01 | DEBUG    | src.api.client:generate_image:91 - Clean prompt repr: 'A cinematic scene from the  1820s Stockholm, a fiddler playing a lively tune as couples dance in circles on worn wooden floors. Shot on 35mm film in the style of Roger Deakins. Make the aspect ratio of the generated image the same as provided image'
2025-11-05 22:01:01 | DEBUG    | src.api.client:_call_with_retry:152 - API call attempt 1/3
2025-11-05 22:01:01 | DEBUG    | src.api.client:_call_with_retry:155 - CRITICAL DEBUG - Payload sent to replicate.run: {
  "num_images": 1,
  "image_input": [
    "https://f003.backblazeb2.com/file/aspect-ratio-reference/aspect_ratio_reference_16x9.png"
  ],
  "output_format": "png",
  "prompt": "A cinematic scene from the  1820s Stockholm, a fiddler playing a lively tune as couples dance in circles on worn wooden floors. Shot on 35mm film in the style of Roger Deakins. Make the aspect ratio of the generated image the same as provided image"
}
2025-11-05 22:01:11 | DEBUG    | src.api.client:_call_with_retry:170 - API call successful
2025-11-05 22:01:11 | WARNING  | src.api.client:generate_image:117 - API PARAMETER FILTERING DETECTED:
2025-11-05 22:01:11 | WARNING  | src.api.client:generate_image:118 -   Model: google/nano-banana
2025-11-05 22:01:11 | WARNING  | src.api.client:generate_image:119 -   Filtered parameters: ['image_input']
2025-11-05 22:01:11 | WARNING  | src.api.client:generate_image:120 -   This means the model doesn't support these parameters
2025-11-05 22:01:12 | INFO     | src.output.writer:_save_to_disk:192 - Saved valid image: USER-FILES/05.OUTPUT/251105_220027_IMAGE/purim_party_004_IMAGE_220111_nano-banano16x9_deakins.png
2025-11-05 22:01:12 | DEBUG    | src.output.writer:_save_payload:257 - Saved payload to USER-FILES/05.OUTPUT/251105_220027_IMAGE/purim_party_004_IMAGE_220111_nano-banano16x9_deakins.md
2025-11-05 22:01:12 | INFO     | src.processing.processor:_generate_and_save_image:248 - Saved image: USER-FILES/05.OUTPUT/251105_220027_IMAGE/purim_party_004_IMAGE_220111_nano-banano16x9_deakins.png
2025-11-05 22:01:12 | INFO     | src.processing.discovery:load_prompts:63 - Loaded prompt from purim_party_005.txt
2025-11-05 22:01:12 | INFO     | src.processing.processor:_process_single_combination:119 - Processing combination 5/10: purim_party_005.txt + nano-banano16x9_deakins
2025-11-05 22:01:12 | DEBUG    | src.processing.processor:_apply_prompt_fixes:204 - Added prefix to prompt: A cinematic scene from the 
2025-11-05 22:01:12 | DEBUG    | src.processing.processor:_apply_prompt_fixes:208 - Added suffix to prompt: Shot on 35mm film in the style of Roger Deakins. Make the aspect ratio of the generated image the same as provided image
2025-11-05 22:01:12 | DEBUG    | src.processing.processor:_process_with_context:186 - Processing purim_party_005.txt: A cinematic scene from the  1820s Stockholm, child...
2025-11-05 22:01:12 | DEBUG    | src.api.client:generate_image:85 - CRITICAL DEBUG - Received params: {
  "num_images": 1,
  "image_input": [
    "https://f003.backblazeb2.com/file/aspect-ratio-reference/aspect_ratio_reference_16x9.png"
  ],
  "output_format": "png"
}
2025-11-05 22:01:12 | DEBUG    | src.api.client:generate_image:86 - CRITICAL DEBUG - Constructed payload: {
  "num_images": 1,
  "image_input": [
    "https://f003.backblazeb2.com/file/aspect-ratio-reference/aspect_ratio_reference_16x9.png"
  ],
  "output_format": "png",
  "prompt": "A cinematic scene from the  1820s Stockholm, children dressed in colorful homemade costumes \u2014 Esther, Mordechai, and Haman \u2014 parading proudly before the adults. Shot on 35mm film in the style of Roger Deakins. Make the aspect ratio of the generated image the same as provided image"
}
2025-11-05 22:01:12 | DEBUG    | src.api.client:generate_image:89 - Original prompt: A cinematic scene from the  1820s Stockholm, children dressed in colorful homemade costumes — Esther, Mordechai, and Haman — parading proudly before the adults. Shot on 35mm film in the style of Roger Deakins. Make the aspect ratio of the generated image the same as provided image
2025-11-05 22:01:12 | DEBUG    | src.api.client:generate_image:90 - Clean prompt being sent: A cinematic scene from the  1820s Stockholm, children dressed in colorful homemade costumes — Esther, Mordechai, and Haman — parading proudly before the adults. Shot on 35mm film in the style of Roger Deakins. Make the aspect ratio of the generated image the same as provided image
2025-11-05 22:01:12 | DEBUG    | src.api.client:generate_image:91 - Clean prompt repr: 'A cinematic scene from the  1820s Stockholm, children dressed in colorful homemade costumes — Esther, Mordechai, and Haman — parading proudly before the adults. Shot on 35mm film in the style of Roger Deakins. Make the aspect ratio of the generated image the same as provided image'
2025-11-05 22:01:12 | DEBUG    | src.api.client:_call_with_retry:152 - API call attempt 1/3
2025-11-05 22:01:12 | DEBUG    | src.api.client:_call_with_retry:155 - CRITICAL DEBUG - Payload sent to replicate.run: {
  "num_images": 1,
  "image_input": [
    "https://f003.backblazeb2.com/file/aspect-ratio-reference/aspect_ratio_reference_16x9.png"
  ],
  "output_format": "png",
  "prompt": "A cinematic scene from the  1820s Stockholm, children dressed in colorful homemade costumes \u2014 Esther, Mordechai, and Haman \u2014 parading proudly before the adults. Shot on 35mm film in the style of Roger Deakins. Make the aspect ratio of the generated image the same as provided image"
}
2025-11-05 22:01:25 | DEBUG    | src.api.client:_call_with_retry:170 - API call successful
2025-11-05 22:01:25 | WARNING  | src.api.client:generate_image:117 - API PARAMETER FILTERING DETECTED:
2025-11-05 22:01:25 | WARNING  | src.api.client:generate_image:118 -   Model: google/nano-banana
2025-11-05 22:01:25 | WARNING  | src.api.client:generate_image:119 -   Filtered parameters: ['image_input']
2025-11-05 22:01:25 | WARNING  | src.api.client:generate_image:120 -   This means the model doesn't support these parameters
2025-11-05 22:01:26 | INFO     | src.output.writer:_save_to_disk:192 - Saved valid image: USER-FILES/05.OUTPUT/251105_220027_IMAGE/purim_party_005_IMAGE_220125_nano-banano16x9_deakins.png
2025-11-05 22:01:26 | DEBUG    | src.output.writer:_save_payload:257 - Saved payload to USER-FILES/05.OUTPUT/251105_220027_IMAGE/purim_party_005_IMAGE_220125_nano-banano16x9_deakins.md
2025-11-05 22:01:26 | INFO     | src.processing.processor:_generate_and_save_image:248 - Saved image: USER-FILES/05.OUTPUT/251105_220027_IMAGE/purim_party_005_IMAGE_220125_nano-banano16x9_deakins.png
2025-11-05 22:01:26 | INFO     | src.processing.discovery:load_prompts:63 - Loaded prompt from purim_party_006.txt
2025-11-05 22:01:26 | INFO     | src.processing.processor:_process_single_combination:119 - Processing combination 6/10: purim_party_006.txt + nano-banano16x9_deakins
2025-11-05 22:01:26 | DEBUG    | src.processing.processor:_apply_prompt_fixes:204 - Added prefix to prompt: A cinematic scene from the 
2025-11-05 22:01:26 | DEBUG    | src.processing.processor:_apply_prompt_fixes:208 - Added suffix to prompt: Shot on 35mm film in the style of Roger Deakins. Make the aspect ratio of the generated image the same as provided image
2025-11-05 22:01:26 | DEBUG    | src.processing.processor:_process_with_context:186 - Processing purim_party_006.txt: A cinematic scene from the  1820s Stockholm, women...
2025-11-05 22:01:26 | DEBUG    | src.api.client:generate_image:85 - CRITICAL DEBUG - Received params: {
  "num_images": 1,
  "image_input": [
    "https://f003.backblazeb2.com/file/aspect-ratio-reference/aspect_ratio_reference_16x9.png"
  ],
  "output_format": "png"
}
2025-11-05 22:01:26 | DEBUG    | src.api.client:generate_image:86 - CRITICAL DEBUG - Constructed payload: {
  "num_images": 1,
  "image_input": [
    "https://f003.backblazeb2.com/file/aspect-ratio-reference/aspect_ratio_reference_16x9.png"
  ],
  "output_format": "png",
  "prompt": "A cinematic scene from the  1820s Stockholm, women in modest dresses lighting candles and serving pastries from trays. Shot on 35mm film in the style of Roger Deakins. Make the aspect ratio of the generated image the same as provided image"
}
2025-11-05 22:01:26 | DEBUG    | src.api.client:generate_image:89 - Original prompt: A cinematic scene from the  1820s Stockholm, women in modest dresses lighting candles and serving pastries from trays. Shot on 35mm film in the style of Roger Deakins. Make the aspect ratio of the generated image the same as provided image
2025-11-05 22:01:26 | DEBUG    | src.api.client:generate_image:90 - Clean prompt being sent: A cinematic scene from the  1820s Stockholm, women in modest dresses lighting candles and serving pastries from trays. Shot on 35mm film in the style of Roger Deakins. Make the aspect ratio of the generated image the same as provided image
2025-11-05 22:01:26 | DEBUG    | src.api.client:generate_image:91 - Clean prompt repr: 'A cinematic scene from the  1820s Stockholm, women in modest dresses lighting candles and serving pastries from trays. Shot on 35mm film in the style of Roger Deakins. Make the aspect ratio of the generated image the same as provided image'
2025-11-05 22:01:26 | DEBUG    | src.api.client:_call_with_retry:152 - API call attempt 1/3
2025-11-05 22:01:26 | DEBUG    | src.api.client:_call_with_retry:155 - CRITICAL DEBUG - Payload sent to replicate.run: {
  "num_images": 1,
  "image_input": [
    "https://f003.backblazeb2.com/file/aspect-ratio-reference/aspect_ratio_reference_16x9.png"
  ],
  "output_format": "png",
  "prompt": "A cinematic scene from the  1820s Stockholm, women in modest dresses lighting candles and serving pastries from trays. Shot on 35mm film in the style of Roger Deakins. Make the aspect ratio of the generated image the same as provided image"
}
2025-11-05 22:01:37 | DEBUG    | src.api.client:_call_with_retry:170 - API call successful
2025-11-05 22:01:37 | WARNING  | src.api.client:generate_image:117 - API PARAMETER FILTERING DETECTED:
2025-11-05 22:01:37 | WARNING  | src.api.client:generate_image:118 -   Model: google/nano-banana
2025-11-05 22:01:37 | WARNING  | src.api.client:generate_image:119 -   Filtered parameters: ['image_input']
2025-11-05 22:01:37 | WARNING  | src.api.client:generate_image:120 -   This means the model doesn't support these parameters
2025-11-05 22:01:38 | INFO     | src.output.writer:_save_to_disk:192 - Saved valid image: USER-FILES/05.OUTPUT/251105_220027_IMAGE/purim_party_006_IMAGE_220137_nano-banano16x9_deakins.png
2025-11-05 22:01:38 | DEBUG    | src.output.writer:_save_payload:257 - Saved payload to USER-FILES/05.OUTPUT/251105_220027_IMAGE/purim_party_006_IMAGE_220137_nano-banano16x9_deakins.md
2025-11-05 22:01:38 | INFO     | src.processing.processor:_generate_and_save_image:248 - Saved image: USER-FILES/05.OUTPUT/251105_220027_IMAGE/purim_party_006_IMAGE_220137_nano-banano16x9_deakins.png
2025-11-05 22:01:38 | INFO     | src.processing.discovery:load_prompts:63 - Loaded prompt from purim_party_007.txt
2025-11-05 22:01:38 | INFO     | src.processing.processor:_process_single_combination:119 - Processing combination 7/10: purim_party_007.txt + nano-banano16x9_deakins
2025-11-05 22:01:38 | DEBUG    | src.processing.processor:_apply_prompt_fixes:204 - Added prefix to prompt: A cinematic scene from the 
2025-11-05 22:01:38 | DEBUG    | src.processing.processor:_apply_prompt_fixes:208 - Added suffix to prompt: Shot on 35mm film in the style of Roger Deakins. Make the aspect ratio of the generated image the same as provided image
2025-11-05 22:01:38 | DEBUG    | src.processing.processor:_process_with_context:186 - Processing purim_party_007.txt: A cinematic scene from the  1820s Stockholm, men g...
2025-11-05 22:01:38 | DEBUG    | src.api.client:generate_image:85 - CRITICAL DEBUG - Received params: {
  "num_images": 1,
  "image_input": [
    "https://f003.backblazeb2.com/file/aspect-ratio-reference/aspect_ratio_reference_16x9.png"
  ],
  "output_format": "png"
}
2025-11-05 22:01:38 | DEBUG    | src.api.client:generate_image:86 - CRITICAL DEBUG - Constructed payload: {
  "num_images": 1,
  "image_input": [
    "https://f003.backblazeb2.com/file/aspect-ratio-reference/aspect_ratio_reference_16x9.png"
  ],
  "output_format": "png",
  "prompt": "A cinematic scene from the  1820s Stockholm, men gathered around a small table playing cards and laughing, smoke from clay pipes curling in the air. Shot on 35mm film in the style of Roger Deakins. Make the aspect ratio of the generated image the same as provided image"
}
2025-11-05 22:01:38 | DEBUG    | src.api.client:generate_image:89 - Original prompt: A cinematic scene from the  1820s Stockholm, men gathered around a small table playing cards and laughing, smoke from clay pipes curling in the air. Shot on 35mm film in the style of Roger Deakins. Make the aspect ratio of the generated image the same as provided image
2025-11-05 22:01:38 | DEBUG    | src.api.client:generate_image:90 - Clean prompt being sent: A cinematic scene from the  1820s Stockholm, men gathered around a small table playing cards and laughing, smoke from clay pipes curling in the air. Shot on 35mm film in the style of Roger Deakins. Make the aspect ratio of the generated image the same as provided image
2025-11-05 22:01:38 | DEBUG    | src.api.client:generate_image:91 - Clean prompt repr: 'A cinematic scene from the  1820s Stockholm, men gathered around a small table playing cards and laughing, smoke from clay pipes curling in the air. Shot on 35mm film in the style of Roger Deakins. Make the aspect ratio of the generated image the same as provided image'
2025-11-05 22:01:38 | DEBUG    | src.api.client:_call_with_retry:152 - API call attempt 1/3
2025-11-05 22:01:38 | DEBUG    | src.api.client:_call_with_retry:155 - CRITICAL DEBUG - Payload sent to replicate.run: {
  "num_images": 1,
  "image_input": [
    "https://f003.backblazeb2.com/file/aspect-ratio-reference/aspect_ratio_reference_16x9.png"
  ],
  "output_format": "png",
  "prompt": "A cinematic scene from the  1820s Stockholm, men gathered around a small table playing cards and laughing, smoke from clay pipes curling in the air. Shot on 35mm film in the style of Roger Deakins. Make the aspect ratio of the generated image the same as provided image"
}
2025-11-05 22:01:47 | WARNING  | __main__:main:350 - Interrupted by user
