2026-01-03 15:40:39 | INFO     | src.utils.logging:setup_logging:39 - Logging configured (verbose=False, debug=False)
2026-01-03 15:40:39 | INFO     | __main__:setup_environment:79 - Environment initialized
2026-01-03 15:40:39 | INFO     | __main__:load_and_validate_config:84 - Loading configuration...
2026-01-03 15:40:39 | INFO     | src.config.loader:load_config:42 - Loaded configuration from USER-FILES/01.CONFIG/config.yaml
2026-01-03 15:40:39 | INFO     | __main__:authenticate_for_mode:273 - Authenticating with 1Password...
2026-01-03 15:40:40 | DEBUG    | src.auth.session_manager:ensure_op_auth:39 - 1Password session is active
2026-01-03 15:40:41 | DEBUG    | src.auth.session_manager:ensure_op_auth:39 - 1Password session is active
2026-01-03 15:40:41 | DEBUG    | src.auth.auth:load_auth_config:28 - Using auth config: auth_ruben.yaml
2026-01-03 15:40:42 | DEBUG    | src.auth.auth:get_api_key:77 - Retrieved API key: r8_K...
2026-01-03 15:40:42 | INFO     | __main__:discover_inputs_and_profiles:92 - Discovering inputs...
2026-01-03 15:40:42 | DEBUG    | src.processing.discovery:discover_prompt_files:42 - Found markdown file: frame_1839.md
2026-01-03 15:40:42 | DEBUG    | src.processing.discovery:discover_prompt_files:42 - Found markdown file: frame_2258.md
2026-01-03 15:40:42 | DEBUG    | src.processing.discovery:discover_prompt_files:42 - Found markdown file: frame_0214.md
2026-01-03 15:40:42 | INFO     | src.processing.discovery:discover_prompt_files:47 - Discovered 3 markdown files
2026-01-03 15:40:42 | DEBUG    | src.processing.discovery:discover_profiles:98 - Loaded profile: USER-FILES/03.PROFILES/nano-banano-pro-2k_16x9_wbt_lebanon.yaml
2026-01-03 15:40:42 | INFO     | src.processing.discovery:discover_profiles:102 - Loaded 1 profiles
2026-01-03 15:40:42 | INFO     | src.processing.discovery:get_active_models:148 - Found profile: nano-banano-pro-2k_16x9_wbt_lebanon
2026-01-03 15:40:42 | INFO     | src.processing.discovery:get_active_models:153 - Total profiles to process: 1
2026-01-03 15:40:42 | INFO     | src.config.validator:validate_all:26 - All configuration validation passed
2026-01-03 15:40:42 | INFO     | __main__:initialize_services:186 - Output directory: USER-FILES/05.OUTPUT/260103_154042_IMAGE
2026-01-03 15:40:42 | INFO     | __main__:execute_processing:221 - Starting matrix processing...
2026-01-03 15:40:42 | DEBUG    | src.processing.validator:validate_operational_requirements:30 - Profile 'nano-banano-pro-2k_16x9_wbt_lebanon' operational validation passed
2026-01-03 15:40:42 | INFO     | src.processing.processor:process_all:66 - Processing 3 combinations (3 files × 1 profiles)
2026-01-03 15:40:42 | DEBUG    | src.processing.processor:_process_single_combination:132 - Extracted image URL from markdown: https://f003.backblazeb2.com/file/wbt-bucket/generic_israel/frame_0214.jpg
2026-01-03 15:40:42 | INFO     | src.processing.discovery:load_prompts:66 - Extracted prompt from frame_0214.md
2026-01-03 15:40:42 | INFO     | src.processing.processor:_process_single_combination:141 - Processing combination 1/3: frame_0214.md + nano-banano-pro-2k_16x9_wbt_lebanon
2026-01-03 15:40:42 | DEBUG    | src.processing.processor:_process_single_combination:163 - Built image_input array with 1 URL(s): ['https://f003.backblazeb2.com/file/wbt-bucket/generic_israel/frame_0214.jpg']
2026-01-03 15:40:42 | DEBUG    | src.processing.processor:_apply_prompt_fixes:235 - Added prefix to prompt: Create an exact, photorealistic version of the provided drawing. The the drawing is suppose to depict scenes from the 1982 war in Lebanon. The drawing depicts 
2026-01-03 15:40:42 | DEBUG    | src.processing.processor:_apply_prompt_fixes:239 - Added suffix to prompt: The created image should look like it was shot on 35mm film by Roger Deakins.
2026-01-03 15:40:42 | DEBUG    | src.processing.processor:_process_with_context:215 - Processing frame_0214.md: Create an exact, photorealistic version of the pro...
2026-01-03 15:40:42 | DEBUG    | src.api.client:generate_image:85 - CRITICAL DEBUG - Received params: {
  "num_images": 1,
  "aspect_ratio": "16:9",
  "output_format": "png",
  "resolution": "2K",
  "safety_filter_level": "block_only_high",
  "image_input": [
    "https://f003.backblazeb2.com/file/wbt-bucket/generic_israel/frame_0214.jpg"
  ]
}
2026-01-03 15:40:42 | DEBUG    | src.api.client:generate_image:86 - CRITICAL DEBUG - Constructed payload: {
  "num_images": 1,
  "aspect_ratio": "16:9",
  "output_format": "png",
  "resolution": "2K",
  "safety_filter_level": "block_only_high",
  "image_input": [
    "https://f003.backblazeb2.com/file/wbt-bucket/generic_israel/frame_0214.jpg"
  ],
  "prompt": "Create an exact, photorealistic version of the provided drawing. The the drawing is suppose to depict scenes from the 1982 war in Lebanon. The drawing depicts  High contrast image drawn at a low angle looking up. On a beach, the dark  silhouetted of three soldiers in their wet underwear midst getting dressed as they stand on sands. Ignore their posture as this is a rough sketch. On the ground are their uniforms and IMI Galil riffles. In the distance is the bright golden sun rising. The created image should look like it was shot on 35mm film by Roger Deakins."
}
2026-01-03 15:40:42 | DEBUG    | src.api.client:generate_image:89 - Original prompt: Create an exact, photorealistic version of the provided drawing. The the drawing is suppose to depict scenes from the 1982 war in Lebanon. The drawing depicts  High contrast image drawn at a low angle looking up. On a beach, the dark  silhouetted of three soldiers in their wet underwear midst getting dressed as they stand on sands. Ignore their posture as this is a rough sketch. On the ground are their uniforms and IMI Galil riffles. In the distance is the bright golden sun rising. The created image should look like it was shot on 35mm film by Roger Deakins.
2026-01-03 15:40:42 | DEBUG    | src.api.client:generate_image:90 - Clean prompt being sent: Create an exact, photorealistic version of the provided drawing. The the drawing is suppose to depict scenes from the 1982 war in Lebanon. The drawing depicts  High contrast image drawn at a low angle looking up. On a beach, the dark  silhouetted of three soldiers in their wet underwear midst getting dressed as they stand on sands. Ignore their posture as this is a rough sketch. On the ground are their uniforms and IMI Galil riffles. In the distance is the bright golden sun rising. The created image should look like it was shot on 35mm film by Roger Deakins.
2026-01-03 15:40:42 | DEBUG    | src.api.client:generate_image:91 - Clean prompt repr: 'Create an exact, photorealistic version of the provided drawing. The the drawing is suppose to depict scenes from the 1982 war in Lebanon. The drawing depicts  High contrast image drawn at a low angle looking up. On a beach, the dark  silhouetted of three soldiers in their wet underwear midst getting dressed as they stand on sands. Ignore their posture as this is a rough sketch. On the ground are their uniforms and IMI Galil riffles. In the distance is the bright golden sun rising. The created image should look like it was shot on 35mm film by Roger Deakins.'
2026-01-03 15:40:42 | DEBUG    | src.api.client:_call_with_retry:152 - API call attempt 1/3
2026-01-03 15:40:42 | DEBUG    | src.api.client:_call_with_retry:155 - CRITICAL DEBUG - Payload sent to replicate.run: {
  "num_images": 1,
  "aspect_ratio": "16:9",
  "output_format": "png",
  "resolution": "2K",
  "safety_filter_level": "block_only_high",
  "image_input": [
    "https://f003.backblazeb2.com/file/wbt-bucket/generic_israel/frame_0214.jpg"
  ],
  "prompt": "Create an exact, photorealistic version of the provided drawing. The the drawing is suppose to depict scenes from the 1982 war in Lebanon. The drawing depicts  High contrast image drawn at a low angle looking up. On a beach, the dark  silhouetted of three soldiers in their wet underwear midst getting dressed as they stand on sands. Ignore their posture as this is a rough sketch. On the ground are their uniforms and IMI Galil riffles. In the distance is the bright golden sun rising. The created image should look like it was shot on 35mm film by Roger Deakins."
}
2026-01-03 15:42:57 | DEBUG    | src.api.client:_call_with_retry:170 - API call successful
2026-01-03 15:42:57 | WARNING  | src.api.client:generate_image:117 - API PARAMETER FILTERING DETECTED:
2026-01-03 15:42:57 | WARNING  | src.api.client:generate_image:118 -   Model: google/nano-banana-pro
2026-01-03 15:42:57 | WARNING  | src.api.client:generate_image:119 -   Filtered parameters: ['image_input']
2026-01-03 15:42:57 | WARNING  | src.api.client:generate_image:120 -   This means the model doesn't support these parameters
2026-01-03 15:42:59 | INFO     | src.output.writer:_save_to_disk:203 - Saved valid image: USER-FILES/05.OUTPUT/260103_154042_IMAGE/frame_0214-260103_154257.png
2026-01-03 15:42:59 | DEBUG    | src.output.writer:_save_payload:270 - Saved payload to USER-FILES/05.OUTPUT/260103_154042_IMAGE/frame_0214-260103_154257.md
2026-01-03 15:42:59 | INFO     | src.processing.processor:_generate_and_save_image:276 - Saved image: USER-FILES/05.OUTPUT/260103_154042_IMAGE/frame_0214-260103_154257.png
2026-01-03 15:42:59 | INFO     | src.processing.processor:_process_with_context:226 - Waiting 1.0 seconds before next request
2026-01-03 15:43:00 | DEBUG    | src.processing.processor:_process_single_combination:132 - Extracted image URL from markdown: https://f003.backblazeb2.com/file/wbt-bucket/generic_israel/frame_1839.jpg
2026-01-03 15:43:00 | INFO     | src.processing.discovery:load_prompts:66 - Extracted prompt from frame_1839.md
2026-01-03 15:43:00 | INFO     | src.processing.processor:_process_single_combination:141 - Processing combination 2/3: frame_1839.md + nano-banano-pro-2k_16x9_wbt_lebanon
2026-01-03 15:43:00 | DEBUG    | src.processing.processor:_process_single_combination:163 - Built image_input array with 1 URL(s): ['https://f003.backblazeb2.com/file/wbt-bucket/generic_israel/frame_1839.jpg']
2026-01-03 15:43:00 | DEBUG    | src.processing.processor:_apply_prompt_fixes:235 - Added prefix to prompt: Create an exact, photorealistic version of the provided drawing. The the drawing is suppose to depict scenes from the 1982 war in Lebanon. The drawing depicts 
2026-01-03 15:43:00 | DEBUG    | src.processing.processor:_apply_prompt_fixes:239 - Added suffix to prompt: The created image should look like it was shot on 35mm film by Roger Deakins.
2026-01-03 15:43:00 | DEBUG    | src.processing.processor:_process_with_context:215 - Processing frame_1839.md: Create an exact, photorealistic version of the pro...
2026-01-03 15:43:00 | DEBUG    | src.api.client:generate_image:85 - CRITICAL DEBUG - Received params: {
  "num_images": 1,
  "aspect_ratio": "16:9",
  "output_format": "png",
  "resolution": "2K",
  "safety_filter_level": "block_only_high",
  "image_input": [
    "https://f003.backblazeb2.com/file/wbt-bucket/generic_israel/frame_1839.jpg"
  ]
}
2026-01-03 15:43:00 | DEBUG    | src.api.client:generate_image:86 - CRITICAL DEBUG - Constructed payload: {
  "num_images": 1,
  "aspect_ratio": "16:9",
  "output_format": "png",
  "resolution": "2K",
  "safety_filter_level": "block_only_high",
  "image_input": [
    "https://f003.backblazeb2.com/file/wbt-bucket/generic_israel/frame_1839.jpg"
  ],
  "prompt": "Create an exact, photorealistic version of the provided drawing. The the drawing is suppose to depict scenes from the 1982 war in Lebanon. The drawing depicts  A man is floating in the dark water at night. The created image should look like it was shot on 35mm film by Roger Deakins."
}
2026-01-03 15:43:00 | DEBUG    | src.api.client:generate_image:89 - Original prompt: Create an exact, photorealistic version of the provided drawing. The the drawing is suppose to depict scenes from the 1982 war in Lebanon. The drawing depicts  A man is floating in the dark water at night. The created image should look like it was shot on 35mm film by Roger Deakins.
2026-01-03 15:43:00 | DEBUG    | src.api.client:generate_image:90 - Clean prompt being sent: Create an exact, photorealistic version of the provided drawing. The the drawing is suppose to depict scenes from the 1982 war in Lebanon. The drawing depicts  A man is floating in the dark water at night. The created image should look like it was shot on 35mm film by Roger Deakins.
2026-01-03 15:43:00 | DEBUG    | src.api.client:generate_image:91 - Clean prompt repr: 'Create an exact, photorealistic version of the provided drawing. The the drawing is suppose to depict scenes from the 1982 war in Lebanon. The drawing depicts  A man is floating in the dark water at night. The created image should look like it was shot on 35mm film by Roger Deakins.'
2026-01-03 15:43:00 | DEBUG    | src.api.client:_call_with_retry:152 - API call attempt 1/3
2026-01-03 15:43:00 | DEBUG    | src.api.client:_call_with_retry:155 - CRITICAL DEBUG - Payload sent to replicate.run: {
  "num_images": 1,
  "aspect_ratio": "16:9",
  "output_format": "png",
  "resolution": "2K",
  "safety_filter_level": "block_only_high",
  "image_input": [
    "https://f003.backblazeb2.com/file/wbt-bucket/generic_israel/frame_1839.jpg"
  ],
  "prompt": "Create an exact, photorealistic version of the provided drawing. The the drawing is suppose to depict scenes from the 1982 war in Lebanon. The drawing depicts  A man is floating in the dark water at night. The created image should look like it was shot on 35mm film by Roger Deakins."
}
2026-01-03 15:44:37 | DEBUG    | src.api.client:_call_with_retry:170 - API call successful
2026-01-03 15:44:37 | WARNING  | src.api.client:generate_image:117 - API PARAMETER FILTERING DETECTED:
2026-01-03 15:44:37 | WARNING  | src.api.client:generate_image:118 -   Model: google/nano-banana-pro
2026-01-03 15:44:37 | WARNING  | src.api.client:generate_image:119 -   Filtered parameters: ['image_input']
2026-01-03 15:44:37 | WARNING  | src.api.client:generate_image:120 -   This means the model doesn't support these parameters
2026-01-03 15:44:39 | INFO     | src.output.writer:_save_to_disk:203 - Saved valid image: USER-FILES/05.OUTPUT/260103_154042_IMAGE/frame_1839-260103_154437.png
2026-01-03 15:44:39 | DEBUG    | src.output.writer:_save_payload:270 - Saved payload to USER-FILES/05.OUTPUT/260103_154042_IMAGE/frame_1839-260103_154437.md
2026-01-03 15:44:39 | INFO     | src.processing.processor:_generate_and_save_image:276 - Saved image: USER-FILES/05.OUTPUT/260103_154042_IMAGE/frame_1839-260103_154437.png
2026-01-03 15:44:39 | INFO     | src.processing.processor:_process_with_context:226 - Waiting 1.0 seconds before next request
2026-01-03 15:44:40 | DEBUG    | src.processing.processor:_process_single_combination:132 - Extracted image URL from markdown: https://f003.backblazeb2.com/file/wbt-bucket/generic_israel/frame_2258.png
2026-01-03 15:44:40 | INFO     | src.processing.discovery:load_prompts:66 - Extracted prompt from frame_2258.md
2026-01-03 15:44:40 | INFO     | src.processing.processor:_process_single_combination:141 - Processing combination 3/3: frame_2258.md + nano-banano-pro-2k_16x9_wbt_lebanon
2026-01-03 15:44:40 | DEBUG    | src.processing.processor:_process_single_combination:163 - Built image_input array with 1 URL(s): ['https://f003.backblazeb2.com/file/wbt-bucket/generic_israel/frame_2258.png']
2026-01-03 15:44:40 | DEBUG    | src.processing.processor:_apply_prompt_fixes:235 - Added prefix to prompt: Create an exact, photorealistic version of the provided drawing. The the drawing is suppose to depict scenes from the 1982 war in Lebanon. The drawing depicts 
2026-01-03 15:44:40 | DEBUG    | src.processing.processor:_apply_prompt_fixes:239 - Added suffix to prompt: The created image should look like it was shot on 35mm film by Roger Deakins.
2026-01-03 15:44:40 | DEBUG    | src.processing.processor:_process_with_context:215 - Processing frame_2258.md: Create an exact, photorealistic version of the pro...
2026-01-03 15:44:40 | DEBUG    | src.api.client:generate_image:85 - CRITICAL DEBUG - Received params: {
  "num_images": 1,
  "aspect_ratio": "16:9",
  "output_format": "png",
  "resolution": "2K",
  "safety_filter_level": "block_only_high",
  "image_input": [
    "https://f003.backblazeb2.com/file/wbt-bucket/generic_israel/frame_2258.png"
  ]
}
2026-01-03 15:44:40 | DEBUG    | src.api.client:generate_image:86 - CRITICAL DEBUG - Constructed payload: {
  "num_images": 1,
  "aspect_ratio": "16:9",
  "output_format": "png",
  "resolution": "2K",
  "safety_filter_level": "block_only_high",
  "image_input": [
    "https://f003.backblazeb2.com/file/wbt-bucket/generic_israel/frame_2258.png"
  ],
  "prompt": "Create an exact, photorealistic version of the provided drawing. The the drawing is suppose to depict scenes from the 1982 war in Lebanon. The drawing depicts  an attack of on a Israeli unit moving through a olive tree grove. At the center of the a fired RPG-7 warhead is flying towards an armored vehicle in the back. The created image should look like it was shot on 35mm film by Roger Deakins."
}
2026-01-03 15:44:40 | DEBUG    | src.api.client:generate_image:89 - Original prompt: Create an exact, photorealistic version of the provided drawing. The the drawing is suppose to depict scenes from the 1982 war in Lebanon. The drawing depicts  an attack of on a Israeli unit moving through a olive tree grove. At the center of the a fired RPG-7 warhead is flying towards an armored vehicle in the back. The created image should look like it was shot on 35mm film by Roger Deakins.
2026-01-03 15:44:40 | DEBUG    | src.api.client:generate_image:90 - Clean prompt being sent: Create an exact, photorealistic version of the provided drawing. The the drawing is suppose to depict scenes from the 1982 war in Lebanon. The drawing depicts  an attack of on a Israeli unit moving through a olive tree grove. At the center of the a fired RPG-7 warhead is flying towards an armored vehicle in the back. The created image should look like it was shot on 35mm film by Roger Deakins.
2026-01-03 15:44:40 | DEBUG    | src.api.client:generate_image:91 - Clean prompt repr: 'Create an exact, photorealistic version of the provided drawing. The the drawing is suppose to depict scenes from the 1982 war in Lebanon. The drawing depicts  an attack of on a Israeli unit moving through a olive tree grove. At the center of the a fired RPG-7 warhead is flying towards an armored vehicle in the back. The created image should look like it was shot on 35mm film by Roger Deakins.'
2026-01-03 15:44:40 | DEBUG    | src.api.client:_call_with_retry:152 - API call attempt 1/3
2026-01-03 15:44:40 | DEBUG    | src.api.client:_call_with_retry:155 - CRITICAL DEBUG - Payload sent to replicate.run: {
  "num_images": 1,
  "aspect_ratio": "16:9",
  "output_format": "png",
  "resolution": "2K",
  "safety_filter_level": "block_only_high",
  "image_input": [
    "https://f003.backblazeb2.com/file/wbt-bucket/generic_israel/frame_2258.png"
  ],
  "prompt": "Create an exact, photorealistic version of the provided drawing. The the drawing is suppose to depict scenes from the 1982 war in Lebanon. The drawing depicts  an attack of on a Israeli unit moving through a olive tree grove. At the center of the a fired RPG-7 warhead is flying towards an armored vehicle in the back. The created image should look like it was shot on 35mm film by Roger Deakins."
}
2026-01-03 15:51:33 | WARNING  | __main__:main:350 - Interrupted by user
