2025-10-15 17:25:47 | INFO     | src.utils.logging:setup_logging:39 - Logging configured (verbose=False, debug=False)
2025-10-15 17:25:47 | INFO     | __main__:setup_environment:79 - Environment initialized
2025-10-15 17:25:47 | INFO     | __main__:load_and_validate_config:84 - Loading configuration...
2025-10-15 17:25:47 | INFO     | src.config.loader:load_config:42 - Loaded configuration from USER-FILES/01.CONFIG/config.yaml
2025-10-15 17:25:47 | INFO     | __main__:authenticate_for_mode:273 - Authenticating with 1Password...
2025-10-15 17:25:52 | INFO     | src.auth.session_manager:ensure_op_auth:42 - 🔐 1Password authentication required...
2025-10-15 17:25:52 | SUCCESS  | src.auth.session_manager:ensure_op_auth:68 - ✅ 1Password authentication successful
2025-10-15 17:25:53 | DEBUG    | src.auth.session_manager:ensure_op_auth:39 - 1Password session is active
2025-10-15 17:25:54 | DEBUG    | src.auth.auth:get_api_key:70 - Retrieved API key: r8_V...
2025-10-15 17:25:54 | INFO     | __main__:discover_inputs_and_profiles:92 - Discovering inputs...
2025-10-15 17:25:54 | DEBUG    | src.processing.discovery:discover_prompt_files:40 - Found prompt file: line_0009.txt
2025-10-15 17:25:54 | INFO     | src.processing.discovery:discover_prompt_files:45 - Discovered 1 prompt files
2025-10-15 17:25:54 | DEBUG    | src.processing.discovery:discover_profiles:93 - Loaded profile: USER-FILES/03.PROFILES/nano-banano_9x16_barkbus.yaml
2025-10-15 17:25:54 | INFO     | src.processing.discovery:discover_profiles:97 - Loaded 1 profiles
2025-10-15 17:25:54 | INFO     | src.processing.discovery:get_active_models:135 - Found profile: nano-banano_9x16_barkbus
2025-10-15 17:25:54 | INFO     | src.processing.discovery:get_active_models:140 - Total profiles to process: 1
2025-10-15 17:25:54 | INFO     | src.config.validator:validate_all:26 - All configuration validation passed
2025-10-15 17:25:54 | INFO     | __main__:initialize_services:186 - Output directory: USER-FILES/05.OUTPUT/251015_172554
2025-10-15 17:25:54 | INFO     | __main__:execute_processing:221 - Starting matrix processing...
2025-10-15 17:25:54 | DEBUG    | src.processing.validator:validate_operational_requirements:23 - Profile 'nano-banano_9x16_barkbus' operational validation passed
2025-10-15 17:25:54 | INFO     | src.processing.processor:process_all:60 - Processing 1 combinations (1 files × 1 profiles)
2025-10-15 17:25:54 | INFO     | src.processing.discovery:load_prompts:63 - Loaded prompt from line_0009.txt
2025-10-15 17:25:54 | INFO     | src.processing.processor:_process_single_combination:124 - Processing combination 1/1: line_0009.txt + nano-banano_9x16_barkbus
2025-10-15 17:25:54 | DEBUG    | src.processing.processor:_apply_prompt_fixes:204 - Added suffix to prompt: Provided image is a reference that shows you what the forementions actually look like.
2025-10-15 17:25:54 | DEBUG    | src.processing.processor:_process_with_context:182 - Processing line_0009.txt: Inside Barkbus interior, Close-up of Barkbus Groom...
2025-10-15 17:25:54 | DEBUG    | src.api.client:generate_image:85 - Original prompt: Inside Barkbus interior, Close-up of Barkbus Groomer's hands using electric clippers with a #10 blade to carefully shave around a dense mat on a dog's leg, the blade number visible, bright clean lighting, shallow depth of field, professional technique demonstration. Provided image is a reference that shows you what the forementions actually look like.
2025-10-15 17:25:54 | DEBUG    | src.api.client:generate_image:86 - Clean prompt being sent: Inside Barkbus interior, Close-up of Barkbus Groomer's hands using electric clippers with a #10 blade to carefully shave around a dense mat on a dog's leg, the blade number visible, bright clean lighting, shallow depth of field, professional technique demonstration. Provided image is a reference that shows you what the forementions actually look like.
2025-10-15 17:25:54 | DEBUG    | src.api.client:generate_image:87 - Clean prompt repr: "Inside Barkbus interior, Close-up of Barkbus Groomer's hands using electric clippers with a #10 blade to carefully shave around a dense mat on a dog's leg, the blade number visible, bright clean lighting, shallow depth of field, professional technique demonstration. Provided image is a reference that shows you what the forementions actually look like."
2025-10-15 17:25:54 | DEBUG    | src.api.client:_call_with_retry:134 - API call attempt 1/3
2025-10-15 17:26:02 | DEBUG    | src.api.client:_call_with_retry:149 - API call successful
2025-10-15 17:26:03 | INFO     | src.output.writer:_save_to_disk:201 - Saved valid image: USER-FILES/05.OUTPUT/251015_172554/nano-banano_9x16_barkbus/line_0009_172602_nano-banano_9x16_barkbus_unknownxunknown.png
2025-10-15 17:26:03 | DEBUG    | src.output.writer:_save_payload:230 - Saved payload to USER-FILES/05.OUTPUT/251015_172554/nano-banano_9x16_barkbus/line_0009_172602_nano-banano_9x16_barkbus_unknownxunknown.md
2025-10-15 17:26:03 | INFO     | src.processing.processor:_generate_and_save_image:255 - Saved image: USER-FILES/05.OUTPUT/251015_172554/nano-banano_9x16_barkbus/line_0009_172602_nano-banano_9x16_barkbus_unknownxunknown.png
2025-10-15 17:26:03 | INFO     | src.processing.discovery:load_prompts:63 - Loaded prompt from line_0009.txt
2025-10-15 17:26:03 | INFO     | src.output.writer:write_report:266 - Report saved: USER-FILES/05.OUTPUT/251015_172554/SUCCESS.md
2025-10-15 17:26:03 | INFO     | src.output.writer:write_report:266 - Report saved: USER-FILES/05.OUTPUT/251015_172554/COST-REPORT.md
2025-10-15 17:26:03 | INFO     | src.output.writer:write_report:266 - Report saved: USER-FILES/05.OUTPUT/251015_172554/PROFILES-WITH-FIXES.md
2025-10-15 17:26:03 | INFO     | src.output.reporter:_save_success_reports:62 - Reports saved successfully
2025-10-15 17:26:03 | SUCCESS  | __main__:generate_final_reports:264 - ✅ Completed successfully! Generated 1 images
