2026-01-01 01:43:25 | INFO     | src.utils.logging:setup_logging:39 - Logging configured (verbose=False, debug=False)
2026-01-01 01:43:25 | INFO     | __main__:setup_environment:79 - Environment initialized
2026-01-01 01:43:25 | INFO     | __main__:load_and_validate_config:84 - Loading configuration...
2026-01-01 01:43:25 | INFO     | src.config.loader:load_config:42 - Loaded configuration from USER-FILES/01.CONFIG/config.yaml
2026-01-01 01:43:25 | INFO     | __main__:authenticate_for_mode:273 - Authenticating with 1Password...
2026-01-01 01:43:26 | DEBUG    | src.auth.session_manager:ensure_op_auth:39 - 1Password session is active
2026-01-01 01:43:27 | DEBUG    | src.auth.session_manager:ensure_op_auth:39 - 1Password session is active
2026-01-01 01:43:27 | DEBUG    | src.auth.auth:load_auth_config:28 - Using auth config: auth_ruben.yaml
2026-01-01 01:43:29 | DEBUG    | src.auth.auth:get_api_key:77 - Retrieved API key: r8_K...
2026-01-01 01:43:29 | INFO     | __main__:discover_inputs_and_profiles:92 - Discovering inputs...
2026-01-01 01:43:29 | DEBUG    | src.processing.discovery:discover_prompt_files:42 - Found markdown file: frame_0462.md
2026-01-01 01:43:29 | DEBUG    | src.processing.discovery:discover_prompt_files:42 - Found markdown file: frame_1222.md
2026-01-01 01:43:29 | DEBUG    | src.processing.discovery:discover_prompt_files:42 - Found markdown file: frame_2100.md
2026-01-01 01:43:29 | DEBUG    | src.processing.discovery:discover_prompt_files:42 - Found markdown file: frame_1239.md
2026-01-01 01:43:29 | DEBUG    | src.processing.discovery:discover_prompt_files:42 - Found markdown file: frame_2052.md
2026-01-01 01:43:29 | DEBUG    | src.processing.discovery:discover_prompt_files:42 - Found markdown file: frame_1053.md
2026-01-01 01:43:29 | DEBUG    | src.processing.discovery:discover_prompt_files:42 - Found markdown file: frame_1191.md
2026-01-01 01:43:29 | INFO     | src.processing.discovery:discover_prompt_files:47 - Discovered 7 markdown files
2026-01-01 01:43:29 | ERROR    | __main__:handle_error:294 - Fatal error: Invalid YAML in USER-FILES/03.PROFILES/nano-banano-pro-2k_16x9_wbt_ari_young_israel.yaml: while parsing a block mapping
  in "USER-FILES/03.PROFILES/nano-banano-pro-2k_16x9_wbt_ari_young_israel.yaml", line 4, column 1
expected <block end>, but found '<scalar>'
  in "USER-FILES/03.PROFILES/nano-banano-pro-2k_16x9_wbt_ari_young_israel.yaml", line 25, column 141
