2025-11-05 18:32:36 | INFO     | src.utils.logging:setup_logging:39 - Logging configured (verbose=True, debug=False)
2025-11-05 18:32:36 | INFO     | __main__:setup_environment:79 - Environment initialized
2025-11-05 18:32:36 | INFO     | __main__:load_and_validate_config:84 - Loading configuration...
2025-11-05 18:32:36 | INFO     | src.config.loader:load_config:42 - Loaded configuration from USER-FILES/01.CONFIG/config.yaml
2025-11-05 18:32:36 | INFO     | __main__:authenticate_for_mode:273 - Authenticating with 1Password...
2025-11-05 18:32:39 | DEBUG    | src.auth.session_manager:ensure_op_auth:39 - 1Password session is active
2025-11-05 18:32:40 | DEBUG    | src.auth.session_manager:ensure_op_auth:39 - 1Password session is active
2025-11-05 18:32:40 | DEBUG    | src.auth.auth:load_auth_config:28 - Using auth config: auth_ruben.yaml
2025-11-05 18:32:41 | DEBUG    | src.auth.auth:get_api_key:77 - Retrieved API key: r8_K...
2025-11-05 18:32:41 | INFO     | __main__:discover_inputs_and_profiles:92 - Discovering inputs...
2025-11-05 18:32:41 | DEBUG    | src.processing.discovery:discover_prompt_files:40 - Found prompt file: AaronsFriends_001.txt
2025-11-05 18:32:41 | DEBUG    | src.processing.discovery:discover_prompt_files:40 - Found prompt file: temp_test/AaronsFriends_001.txt
2025-11-05 18:32:41 | INFO     | src.processing.discovery:discover_prompt_files:45 - Discovered 2 prompt files
2025-11-05 18:32:42 | DEBUG    | src.processing.discovery:discover_profiles:93 - Loaded profile: USER-FILES/03.PROFILES/nano-banano16x9_deakins.yaml
2025-11-05 18:32:42 | INFO     | src.processing.discovery:discover_profiles:97 - Loaded 1 profiles
2025-11-05 18:32:42 | INFO     | src.processing.discovery:get_active_models:135 - Found profile: nano-banano16x9_deakins
2025-11-05 18:32:42 | INFO     | src.processing.discovery:get_active_models:140 - Total profiles to process: 1
2025-11-05 18:32:42 | INFO     | src.config.validator:validate_all:26 - All configuration validation passed
2025-11-05 18:32:42 | INFO     | __main__:initialize_services:186 - Output directory: USER-FILES/05.OUTPUT/251105_183242_IMAGE
2025-11-05 18:32:42 | INFO     | __main__:execute_processing:221 - Starting matrix processing...
2025-11-05 18:32:42 | DEBUG    | src.processing.validator:validate_operational_requirements:23 - Profile 'nano-banano16x9_deakins' operational validation passed
2025-11-05 18:32:42 | INFO     | src.processing.processor:process_all:60 - Processing 2 combinations (2 files × 1 profiles)
2025-11-05 18:32:42 | INFO     | src.processing.discovery:load_prompts:63 - Loaded prompt from AaronsFriends_001.txt
2025-11-05 18:32:42 | INFO     | src.processing.processor:_process_single_combination:124 - Processing combination 1/2: AaronsFriends_001.txt + nano-banano16x9_deakins
2025-11-05 18:32:42 | DEBUG    | src.processing.processor:_apply_prompt_fixes:209 - Added prefix to prompt: A cinematic scene from the 
2025-11-05 18:32:42 | DEBUG    | src.processing.processor:_apply_prompt_fixes:213 - Added suffix to prompt: Make the aspect ratio of the generated image the same as attached image called "aspect_ratio_reference_16x9.png"
2025-11-05 18:32:42 | DEBUG    | src.processing.processor:_process_with_context:191 - Processing AaronsFriends_001.txt: A cinematic scene from the  Late 1700s Stockholm, ...
2025-11-05 18:32:42 | DEBUG    | src.api.client:generate_image:85 - CRITICAL DEBUG - Received params: {
  "num_images": 1,
  "image_input": [
    "https://f003.backblazeb2.com/file/aspect-ratio-reference/aspect_ratio_reference_16x9.png"
  ],
  "output_format": "png"
}
2025-11-05 18:32:42 | DEBUG    | src.api.client:generate_image:86 - CRITICAL DEBUG - Constructed payload: {
  "num_images": 1,
  "image_input": [
    "https://f003.backblazeb2.com/file/aspect-ratio-reference/aspect_ratio_reference_16x9.png"
  ],
  "output_format": "png",
  "prompt": "A cinematic scene from the  Late 1700s Stockholm, Leyb and Moishe standing side by side on the deck of a wooden sailing ship, fog hanging low over the water as faint church spires of Stockholm emerge in the distance. Make the aspect ratio of the generated image the same as attached image called \"aspect_ratio_reference_16x9.png\""
}
2025-11-05 18:32:42 | DEBUG    | src.api.client:generate_image:89 - Original prompt: A cinematic scene from the  Late 1700s Stockholm, Leyb and Moishe standing side by side on the deck of a wooden sailing ship, fog hanging low over the water as faint church spires of Stockholm emerge in the distance. Make the aspect ratio of the generated image the same as attached image called "aspect_ratio_reference_16x9.png"
2025-11-05 18:32:42 | DEBUG    | src.api.client:generate_image:90 - Clean prompt being sent: A cinematic scene from the  Late 1700s Stockholm, Leyb and Moishe standing side by side on the deck of a wooden sailing ship, fog hanging low over the water as faint church spires of Stockholm emerge in the distance. Make the aspect ratio of the generated image the same as attached image called "aspect_ratio_reference_16x9.png"
2025-11-05 18:32:42 | DEBUG    | src.api.client:generate_image:91 - Clean prompt repr: 'A cinematic scene from the  Late 1700s Stockholm, Leyb and Moishe standing side by side on the deck of a wooden sailing ship, fog hanging low over the water as faint church spires of Stockholm emerge in the distance. Make the aspect ratio of the generated image the same as attached image called "aspect_ratio_reference_16x9.png"'
2025-11-05 18:32:42 | DEBUG    | src.api.client:_call_with_retry:152 - API call attempt 1/3
2025-11-05 18:32:42 | DEBUG    | src.api.client:_call_with_retry:155 - CRITICAL DEBUG - Payload sent to replicate.run: {
  "num_images": 1,
  "image_input": [
    "https://f003.backblazeb2.com/file/aspect-ratio-reference/aspect_ratio_reference_16x9.png"
  ],
  "output_format": "png",
  "prompt": "A cinematic scene from the  Late 1700s Stockholm, Leyb and Moishe standing side by side on the deck of a wooden sailing ship, fog hanging low over the water as faint church spires of Stockholm emerge in the distance. Make the aspect ratio of the generated image the same as attached image called \"aspect_ratio_reference_16x9.png\""
}
2025-11-05 18:32:51 | DEBUG    | src.api.client:_call_with_retry:170 - API call successful
2025-11-05 18:32:51 | WARNING  | src.api.client:generate_image:117 - API PARAMETER FILTERING DETECTED:
2025-11-05 18:32:51 | WARNING  | src.api.client:generate_image:118 -   Model: google/nano-banana
2025-11-05 18:32:51 | WARNING  | src.api.client:generate_image:119 -   Filtered parameters: ['image_input']
2025-11-05 18:32:51 | WARNING  | src.api.client:generate_image:120 -   This means the model doesn't support these parameters
2025-11-05 18:32:52 | INFO     | src.output.writer:_save_to_disk:192 - Saved valid image: USER-FILES/05.OUTPUT/251105_183242_IMAGE/nano-banano16x9_deakins/AaronsFriends_001_183251_nano-banano16x9_deakins.png
2025-11-05 18:32:52 | DEBUG    | src.output.writer:_save_payload:257 - Saved payload to USER-FILES/05.OUTPUT/251105_183242_IMAGE/nano-banano16x9_deakins/AaronsFriends_001_183251_nano-banano16x9_deakins.md
2025-11-05 18:32:52 | INFO     | src.processing.processor:_generate_and_save_image:253 - Saved image: USER-FILES/05.OUTPUT/251105_183242_IMAGE/nano-banano16x9_deakins/AaronsFriends_001_183251_nano-banano16x9_deakins.png
2025-11-05 18:32:52 | INFO     | src.processing.discovery:load_prompts:63 - Loaded prompt from AaronsFriends_001.txt
2025-11-05 18:32:52 | INFO     | src.processing.processor:_process_single_combination:124 - Processing combination 2/2: temp_test/AaronsFriends_001.txt + nano-banano16x9_deakins
2025-11-05 18:32:52 | DEBUG    | src.processing.processor:_apply_prompt_fixes:209 - Added prefix to prompt: A cinematic scene from the 
2025-11-05 18:32:52 | DEBUG    | src.processing.processor:_apply_prompt_fixes:213 - Added suffix to prompt: Make the aspect ratio of the generated image the same as attached image called "aspect_ratio_reference_16x9.png"
2025-11-05 18:32:52 | DEBUG    | src.processing.processor:_process_with_context:191 - Processing temp_test/AaronsFriends_001.txt: A cinematic scene from the  Late 1700s Stockholm, ...
2025-11-05 18:32:52 | DEBUG    | src.api.client:generate_image:85 - CRITICAL DEBUG - Received params: {
  "num_images": 1,
  "image_input": [
    "https://f003.backblazeb2.com/file/aspect-ratio-reference/aspect_ratio_reference_16x9.png"
  ],
  "output_format": "png"
}
2025-11-05 18:32:52 | DEBUG    | src.api.client:generate_image:86 - CRITICAL DEBUG - Constructed payload: {
  "num_images": 1,
  "image_input": [
    "https://f003.backblazeb2.com/file/aspect-ratio-reference/aspect_ratio_reference_16x9.png"
  ],
  "output_format": "png",
  "prompt": "A cinematic scene from the  Late 1700s Stockholm, Leyb and Moishe standing side by side on the deck of a wooden sailing ship, fog hanging low over the water as faint church spires of Stockholm emerge in the distance. Make the aspect ratio of the generated image the same as attached image called \"aspect_ratio_reference_16x9.png\""
}
2025-11-05 18:32:52 | DEBUG    | src.api.client:generate_image:89 - Original prompt: A cinematic scene from the  Late 1700s Stockholm, Leyb and Moishe standing side by side on the deck of a wooden sailing ship, fog hanging low over the water as faint church spires of Stockholm emerge in the distance. Make the aspect ratio of the generated image the same as attached image called "aspect_ratio_reference_16x9.png"
2025-11-05 18:32:52 | DEBUG    | src.api.client:generate_image:90 - Clean prompt being sent: A cinematic scene from the  Late 1700s Stockholm, Leyb and Moishe standing side by side on the deck of a wooden sailing ship, fog hanging low over the water as faint church spires of Stockholm emerge in the distance. Make the aspect ratio of the generated image the same as attached image called "aspect_ratio_reference_16x9.png"
2025-11-05 18:32:52 | DEBUG    | src.api.client:generate_image:91 - Clean prompt repr: 'A cinematic scene from the  Late 1700s Stockholm, Leyb and Moishe standing side by side on the deck of a wooden sailing ship, fog hanging low over the water as faint church spires of Stockholm emerge in the distance. Make the aspect ratio of the generated image the same as attached image called "aspect_ratio_reference_16x9.png"'
2025-11-05 18:32:52 | DEBUG    | src.api.client:_call_with_retry:152 - API call attempt 1/3
2025-11-05 18:32:52 | DEBUG    | src.api.client:_call_with_retry:155 - CRITICAL DEBUG - Payload sent to replicate.run: {
  "num_images": 1,
  "image_input": [
    "https://f003.backblazeb2.com/file/aspect-ratio-reference/aspect_ratio_reference_16x9.png"
  ],
  "output_format": "png",
  "prompt": "A cinematic scene from the  Late 1700s Stockholm, Leyb and Moishe standing side by side on the deck of a wooden sailing ship, fog hanging low over the water as faint church spires of Stockholm emerge in the distance. Make the aspect ratio of the generated image the same as attached image called \"aspect_ratio_reference_16x9.png\""
}
2025-11-05 18:33:00 | DEBUG    | src.api.client:_call_with_retry:170 - API call successful
2025-11-05 18:33:00 | WARNING  | src.api.client:generate_image:117 - API PARAMETER FILTERING DETECTED:
2025-11-05 18:33:00 | WARNING  | src.api.client:generate_image:118 -   Model: google/nano-banana
2025-11-05 18:33:00 | WARNING  | src.api.client:generate_image:119 -   Filtered parameters: ['image_input']
2025-11-05 18:33:00 | WARNING  | src.api.client:generate_image:120 -   This means the model doesn't support these parameters
2025-11-05 18:33:01 | INFO     | src.output.writer:_save_to_disk:192 - Saved valid image: USER-FILES/05.OUTPUT/251105_183242_IMAGE/nano-banano16x9_deakins/temp_test/AaronsFriends_001_183300_nano-banano16x9_deakins.png
2025-11-05 18:33:01 | DEBUG    | src.output.writer:_save_payload:257 - Saved payload to USER-FILES/05.OUTPUT/251105_183242_IMAGE/nano-banano16x9_deakins/temp_test/AaronsFriends_001_183300_nano-banano16x9_deakins.md
2025-11-05 18:33:01 | INFO     | src.processing.processor:_generate_and_save_image:253 - Saved image: USER-FILES/05.OUTPUT/251105_183242_IMAGE/nano-banano16x9_deakins/temp_test/AaronsFriends_001_183300_nano-banano16x9_deakins.png
2025-11-05 18:33:01 | INFO     | src.processing.discovery:load_prompts:63 - Loaded prompt from AaronsFriends_001.txt
2025-11-05 18:33:01 | INFO     | src.processing.discovery:load_prompts:63 - Loaded prompt from AaronsFriends_001.txt
2025-11-05 18:33:01 | INFO     | src.output.writer:write_report:293 - Report saved: USER-FILES/05.OUTPUT/251105_183242_IMAGE/SUCCESS.md
2025-11-05 18:33:01 | INFO     | src.output.writer:write_report:293 - Report saved: USER-FILES/05.OUTPUT/251105_183242_IMAGE/COST-REPORT.md
2025-11-05 18:33:01 | INFO     | src.output.writer:write_report:293 - Report saved: USER-FILES/05.OUTPUT/251105_183242_IMAGE/PROFILES-WITH-FIXES.md
2025-11-05 18:33:01 | INFO     | src.output.reporter:_save_success_reports:62 - Reports saved successfully
2025-11-05 18:33:01 | SUCCESS  | __main__:generate_final_reports:264 - ✅ Completed successfully! Generated 2 images
